number of threads 160
reads 4359256
long reads 0
extra reads 0
read_length 101
kmer 60
kmers 21358992 21002905
merge bubble 63
contigs: 46968 n50: 266 max: 8310 mean: 118 total length: 5562158 n80: 60
aligned 179620 reads
confirmed bases: 2090898 correct reads: 85085 bases: 3807
kmer 20
kmers 49539227 49523114
merge bubble 12737
contigs: 285138 n50: 349 max: 6768 mean: 121 total length: 34637364 n80: 223
aligned 871356 reads
confirmed bases: 8060191 correct reads: 101674 bases: 1174
distance mean -nan sd -nan
invalid insert distance
kmer 40
kmers 36545492 36836415
merge bubble 91
contigs: 188497 n50: 390 max: 9579 mean: 174 total length: 32803091 n80: 246
aligned 873090 reads
confirmed bases: 8438912 correct reads: 113868 bases: 225
distance mean -nan sd -nan
invalid insert distance
kmer 60
kmers 33123552 33111973
merge bubble 14
contigs: 100623 n50: 444 max: 20308 mean: 282 total length: 28442584 n80: 287
aligned 842222 reads
confirmed bases: 8292092 correct reads: 115266 bases: 47
distance mean -nan sd -nan
invalid insert distance
kmer 80
kmers 24350644 24211739
merge bubble 2
contigs: 53399 n50: 503 max: 20328 mean: 451 total length: 24118062 n80: 339
aligned 802319 reads
confirmed bases: 8036639 correct reads: 114957 bases: 24
distance mean -nan sd -nan
invalid insert distance
kmer 100
kmers 19083842 18977185
merge bubble 1
contigs: 40923 n50: 539 max: 20328 mean: 536 total length: 21945149 n80: 370
reads 4359256
aligned 763214 reads
distance mean -nan sd -nan
invalid insert distance
