503.0Gb memory in total.
Using: 453.403Gb.
MEGAHIT v1.1.1
--- [Wed Jan 10 02:54:32 2018] Start assembly. Number of CPU threads 160 ---
--- [Wed Jan 10 02:54:32 2018] Available memory: 540930650112, used: 486837585100
--- [Wed Jan 10 02:54:32 2018] Converting reads to binaries ---
    [read_lib_functions-inl.h  : 209]     Lib 0 (/scratch/shofmeyr/hipmer_metagenome_data/SYNTHbbqc_25perc.fq): interleaved, 36327152 reads, 101 max length
    [utils.h                   : 126]     Real: 58.2913	user: 33.3440	sys: 4.0360	maxrss: 156644
--- [Wed Jan 10 02:55:31 2018] k-max reset to: 119 ---
--- [Wed Jan 10 02:55:31 2018] k list: 21,29,39,59,79,99,119 ---
--- [Wed Jan 10 02:55:31 2018] Extracting solid (k+1)-mers for k = 21 ---
--- [Wed Jan 10 02:56:07 2018] Building graph for k = 21 ---
--- [Wed Jan 10 02:56:33 2018] Assembling contigs from SdBG for k = 21 ---
--- [Wed Jan 10 02:57:34 2018] Local assembling k = 21 ---
--- [Wed Jan 10 02:58:25 2018] Extracting iterative edges from k = 21 to 29 ---
--- [Wed Jan 10 03:02:48 2018] Building graph for k = 29 ---
--- [Wed Jan 10 03:03:05 2018] Assembling contigs from SdBG for k = 29 ---
--- [Wed Jan 10 03:04:20 2018] Local assembling k = 29 ---
--- [Wed Jan 10 03:05:11 2018] Extracting iterative edges from k = 29 to 39 ---
--- [Wed Jan 10 03:05:44 2018] Building graph for k = 39 ---
--- [Wed Jan 10 03:06:00 2018] Assembling contigs from SdBG for k = 39 ---
--- [Wed Jan 10 03:06:55 2018] Local assembling k = 39 ---
--- [Wed Jan 10 03:07:49 2018] Extracting iterative edges from k = 39 to 59 ---
--- [Wed Jan 10 03:08:12 2018] Building graph for k = 59 ---
--- [Wed Jan 10 03:08:30 2018] Assembling contigs from SdBG for k = 59 ---
--- [Wed Jan 10 03:09:12 2018] Local assembling k = 59 ---
--- [Wed Jan 10 03:09:56 2018] Extracting iterative edges from k = 59 to 79 ---
--- [Wed Jan 10 03:10:10 2018] Building graph for k = 79 ---
--- [Wed Jan 10 03:10:25 2018] Assembling contigs from SdBG for k = 79 ---
--- [Wed Jan 10 03:11:17 2018] Local assembling k = 79 ---
--- [Wed Jan 10 03:12:04 2018] Extracting iterative edges from k = 79 to 99 ---
--- [Wed Jan 10 03:12:12 2018] Building graph for k = 99 ---
--- [Wed Jan 10 03:12:24 2018] Assembling contigs from SdBG for k = 99 ---
--- [Wed Jan 10 03:12:57 2018] Local assembling k = 99 ---
--- [Wed Jan 10 03:13:42 2018] Extracting iterative edges from k = 99 to 119 ---
--- [Wed Jan 10 03:13:46 2018] Building graph for k = 119 ---
--- [Wed Jan 10 03:13:58 2018] Assembling contigs from SdBG for k = 119 ---
--- [Wed Jan 10 03:14:32 2018] Merging to output final contigs ---
--- [STAT] 57832 contigs, total 191914086 bp, min 200 bp, max 708009 bp, avg 3318 bp, N50 15348 bp
--- [Wed Jan 10 03:14:33 2018] ALL DONE. Time elapsed: 1200.573273 seconds ---
