number of threads 160
reads 4359256
long reads 0
extra reads 0
read_length 101
kmer 60
kmers 21358992 21002905
merge bubble 63
contigs: 46968 n50: 266 max: 8310 mean: 118 total length: 5562158 n80: 60
aligned 179621 reads
confirmed bases: 2090925 correct reads: 85073 bases: 3796
kmer 20
kmers 49539227 49523114
merge bubble 12737
contigs: 285138 n50: 349 max: 6768 mean: 121 total length: 34637364 n80: 223
aligned 871359 reads
confirmed bases: 8060249 correct reads: 101676 bases: 1169
distance mean -nan sd -nan
invalid insert distance
kmer 40
kmers 36545597 36836522
merge bubble 92
contigs: 188503 n50: 390 max: 9579 mean: 174 total length: 32803929 n80: 246
aligned 873103 reads
confirmed bases: 8439056 correct reads: 113889 bases: 235
distance mean -nan sd -nan
invalid insert distance
kmer 60
kmers 33124011 33112425
merge bubble 14
contigs: 100627 n50: 444 max: 20308 mean: 282 total length: 28442804 n80: 287
aligned 842210 reads
confirmed bases: 8292052 correct reads: 115277 bases: 49
distance mean -nan sd -nan
invalid insert distance
kmer 80
kmers 24350488 24211578
merge bubble 2
contigs: 53400 n50: 503 max: 20328 mean: 451 total length: 24117605 n80: 339
aligned 802281 reads
confirmed bases: 8036246 correct reads: 114941 bases: 25
distance mean -nan sd -nan
invalid insert distance
kmer 100
kmers 19083286 18976628
merge bubble 1
contigs: 40923 n50: 539 max: 20328 mean: 536 total length: 21944413 n80: 370
reads 4359256
aligned 763184 reads
distance mean -nan sd -nan
invalid insert distance
