number of threads 160
reads 4359256
long reads 0
extra reads 0
read_length 101
kmer 60
kmers 21358992 21002905
merge bubble 63
contigs: 46968 n50: 266 max: 8310 mean: 118 total length: 5562158 n80: 60
aligned 179629 reads
confirmed bases: 2090898 correct reads: 85083 bases: 3800
kmer 20
kmers 49539227 49523114
merge bubble 12737
contigs: 285138 n50: 349 max: 6768 mean: 121 total length: 34637364 n80: 223
aligned 871352 reads
confirmed bases: 8060178 correct reads: 101675 bases: 1171
distance mean -nan sd -nan
invalid insert distance
kmer 40
kmers 36545405 36836318
merge bubble 91
contigs: 188493 n50: 390 max: 9579 mean: 174 total length: 32802172 n80: 246
aligned 873065 reads
confirmed bases: 8438642 correct reads: 113856 bases: 228
distance mean -nan sd -nan
invalid insert distance
kmer 60
kmers 33122643 33111063
merge bubble 14
contigs: 100623 n50: 444 max: 20308 mean: 282 total length: 28441914 n80: 287
aligned 842191 reads
confirmed bases: 8291879 correct reads: 115276 bases: 50
distance mean -nan sd -nan
invalid insert distance
kmer 80
kmers 24349915 24211009
merge bubble 2
contigs: 53401 n50: 503 max: 20328 mean: 451 total length: 24117673 n80: 339
aligned 802274 reads
confirmed bases: 8036191 correct reads: 114948 bases: 26
distance mean -nan sd -nan
invalid insert distance
kmer 100
kmers 19083157 18976496
merge bubble 0
contigs: 40926 n50: 539 max: 20328 mean: 536 total length: 21945052 n80: 370
reads 4359256
aligned 763191 reads
distance mean -nan sd -nan
invalid insert distance
