number of threads 160
reads 4359256
long reads 0
extra reads 0
read_length 101
kmer 60
kmers 21358992 21002905
merge bubble 63
contigs: 46968 n50: 266 max: 8310 mean: 118 total length: 5562158 n80: 60
aligned 179624 reads
confirmed bases: 2090908 correct reads: 85084 bases: 3805
kmer 20
kmers 49539226 49523113
merge bubble 12737
contigs: 285138 n50: 349 max: 6768 mean: 121 total length: 34637364 n80: 223
aligned 871356 reads
confirmed bases: 8060161 correct reads: 101680 bases: 1169
distance mean -nan sd -nan
invalid insert distance
kmer 40
kmers 36545593 36836522
merge bubble 92
contigs: 188501 n50: 390 max: 9579 mean: 174 total length: 32803287 n80: 246
aligned 873073 reads
confirmed bases: 8438866 correct reads: 113885 bases: 232
distance mean -nan sd -nan
invalid insert distance
kmer 60
kmers 33123622 33112042
merge bubble 15
contigs: 100627 n50: 444 max: 20308 mean: 282 total length: 28442680 n80: 287
aligned 842203 reads
confirmed bases: 8291967 correct reads: 115271 bases: 56
distance mean -nan sd -nan
invalid insert distance
kmer 80
kmers 24350456 24211549
merge bubble 2
contigs: 53401 n50: 503 max: 20328 mean: 451 total length: 24117912 n80: 339
aligned 802296 reads
confirmed bases: 8036495 correct reads: 114957 bases: 24
distance mean -nan sd -nan
invalid insert distance
kmer 100
kmers 19083398 18976736
merge bubble 0
contigs: 40927 n50: 539 max: 20328 mean: 536 total length: 21945604 n80: 370
reads 4359256
aligned 763221 reads
distance mean -nan sd -nan
invalid insert distance
