Date Time Prediction All_Predictions EXEC IPC FREQ AFREQ L3MISS_Rate L2MISS_Rate L3HIT L2HIT L3MPI L2MPI READ_Rate WRITE_Rate INST_Rate POWER_Total POWER_Proc POWER_DRAM
2018-01-12 10:12:19.761988 2100000 2100000 -1.12182093011 4.84865641449 -2.3044824993 2.40228626272 -0.985315666619 -0.586213216281 1.05744999164 1.68425028755 -0.68559754866 -0.557948339231 -1.07616785547 -0.878878010957 -1.1211209851 -0.33594325182 -0.169384265135 -0.783024160261
2018-01-12 10:12:24.759349 2100000 2100000 -1.14357398713 5.70785136708 -2.31815220004 2.29407442728 -0.988192153855 -0.589811132761 0.561528776908 1.64523226606 -0.662086507766 -0.569301011179 -1.08036310117 -0.891185474351 -1.14287675726 -0.352483921042 -0.183143757185 -0.803582761585
2018-01-12 10:12:29.771239 2100000 2100000 -1.13884506169 6.0202858953 -2.31660823935 0.936015892474 -0.98656952003 -0.589263984172 0.459065716013 1.7288423121 -0.656877474753 -0.570436278374 -1.07999829719 -0.889028496231 -1.13823226658 -0.448115606314 -0.302392688291 -0.790638457048
2018-01-12 10:12:34.779173 2100000 2100000 -1.14028429987 6.05934021132 -2.3173613909 0.941426484246 -0.987085812611 -0.589512688076 0.467262760884 1.67867628448 -0.659270814245 -0.572139179167 -1.08045430216 -0.88966290156 -1.13945450097 -0.344118525114 -0.17626401116 -0.792922746084
2018-01-12 10:12:39.787140 2100000 2100000 -1.1370357337 6.09839452735 -2.31593040295 0.941426484246 -0.986126983532 -0.589263984172 0.39348935704 1.80687835506 -0.658707675541 -0.575544980751 -1.07945109123 -0.887886566637 -1.13603224467 -0.441081068828 -0.29321969359 -0.792922746084
2018-01-12 10:12:44.794306 2100000 2100000 -1.14242259659 6.0202858953 -2.31822751519 0.941426484246 -0.987675861274 -0.589827713022 0.450868671141 1.77900833971 -0.658989244893 -0.572706812764 -1.08036310117 -0.890804831154 -1.14165452287 -0.399444211821 -0.238181725388 -0.808912769336
2018-01-12 10:12:49.806651 2100000 2100000 -1.15623928309 5.74690568311 -2.32410209733 0.941426484246 -0.991194026432 -0.591469158789 0.459065716013 1.72326830903 -0.654906489289 -0.568733377582 -1.08072790514 -0.898925219372 -1.15551466087 -0.37168630715 -0.187730254535 -0.865258565558
2018-01-12 10:12:54.823595 2100000 2100000 -1.13621331188 6.0202858953 -2.31551616959 0.941426484246 -0.986274495698 -0.589081601309 0.483656850628 1.82917436733 -0.661664153738 -0.573274446362 -1.07972469421 -0.887125280242 -1.13554335092 -0.383283787869 -0.229008730687 -0.774648433795
2018-01-12 10:12:59.832124 2100000 2100000 -1.13921515151 5.98123157927 -2.3166835545 0.941426484246 -0.987085812611 -0.589380045994 0.52054355255 1.84032237347 -0.663072000498 -0.572139179167 -1.08072790514 -0.889282258363 -1.13847671345 -0.448876096852 -0.302392688291 -0.793684175762
2018-01-12 10:13:04.849051 2100000 2100000 -1.13851609296 6.05934021132 -2.31653292419 0.941426484246 -0.986864544362 -0.589363465734 0.487755373063 1.80687835506 -0.66194572309 -0.573274446362 -1.08045430216 -0.888774734099 -1.13774337282 -0.449826710026 -0.306979185641 -0.782262730582
2018-01-12 10:13:09.865299 2100000 2100000 -1.13991421005 6.13744884338 -2.31732373333 0.941426484246 -0.986790788279 -0.589579009117 0.385292312168 1.639658263 -0.657159044105 -0.574409713556 -1.07908628726 -0.888647853033 -1.13921005409 -0.424920644876 -0.272580455514 -0.796729894477
2018-01-12 10:13:15.415053 2100000 2100000 -1.13127878099 6.68420926775 -2.31476301804 0.941426484246 -0.987675861274 -0.590606985255 0.0369179051251 1.41112413718 -0.688976380885 -0.611873530988 -1.07479984057 -0.889155377297 -1.13040996647 -0.448495851583 -0.311565682991 -0.761704129258
2018-01-12 10:13:20.432632 2100000 2100000 -0.926084537975 4.02851577793 -2.1827732079 0.941426484246 -0.979857716479 -0.500045603626 2.24602149802 0.60289369221 -0.754159685881 -0.381981924023 -1.06248770647 -0.869108168882 -0.911385563532 -0.0085520748068 0.165430041431 -0.583529584447
2018-01-12 10:13:25.442789 1700000 1700000 1.05430719417 1.25175390842 0.196055980727 0.941426484246 0.883368451621 0.284366510042 0.446770148705 0.212713477398 -0.411771353808 -0.366088183295 0.419893239605 -0.102365887541 1.17619077698 0.896051421261 0.940548093618 0.465720512771
2018-01-12 10:13:30.452844 1900000 1900000 1.09131617588 0.63079028359 0.870126623064 0.941426484246 1.42916346563 0.566230934738 0.491853895499 -0.0325426576264 -0.286472992153 -0.250858563014 0.839417809061 0.00167658651181 1.09552330715 1.23142774893 1.25930965946 0.750495212596
2018-01-12 10:13:35.465188 1800000 1800000 0.610199413708 0.345693776594 0.501082360779 -0.0811753606866 1.54717319839 0.682292756671 0.582021389087 -0.277798792651 -0.123162767973 -0.0822713845733 0.939738901757 0.0397409062871 0.611518488153 0.462191568796 0.325957448689 0.768769524884
2018-01-12 10:13:40.483616 1900000 1900000 0.840477522097 0.736236936862 0.395641142983 0.422009674122 0.927622101406 0.451827138832 0.721371151904 -0.233206768101 -0.339971169039 -0.244614593442 0.456373636949 -0.0681079997429 0.843743022519 0.195449512264 0.0828730891272 0.507599145098
2018-01-12 10:13:45.490854 1800000 1800000 0.120858433381 0.986184559434 -0.730320432765 0.167711860831 0.898119668216 -0.0157362009575 -0.60245159486 0.11795542523 -0.106268606851 -0.306486655563 0.429013338941 -0.378966611241 0.122624731593 -0.270541065471 -0.451453852173 0.415466153978
2018-01-12 10:13:50.524833 1700000 1700000 -1.00668187591 -0.0721874048939 -2.00013395565 0.422009674122 -0.579952234592 -0.487278803213 -1.17214621344 0.352063554117 0.347058049923 -0.157199019436 -0.754775554872 -0.777373158223 -1.00574205855 -1.40424233639 -1.46048326922 -0.774648433795
2018-01-12 10:13:55.544271 1500000 1500000 -1.06712987936 -1.56054738868 -1.18597712395 0.167711860831 -0.888252661425 -0.558905527606 -0.413919562813 -1.43886363187 -0.330116241718 -0.412634138285 -0.991898137607 -0.855024370565 -1.06587599061 -1.36964001687 -1.36646007354 -0.948254400534
2018-01-12 10:14:00.558730 1800000 1800000 -1.01984062496 -1.68552119996 0.214884769619 -0.0865859524587 -0.78720682775 -0.522760560204 -0.286865367303 -1.52135887729 -0.169621711059 -0.301945586784 -0.902521164115 -0.863271639849 -1.0186977431 -1.01525142573 -0.965141555397 -0.861451417165
2018-01-12 10:14:05.568977 1800000 1800000 -0.224558729203 0.638601146795 -0.993923477255 -0.600592170811 -0.461942501833 -0.358947588675 0.31561743076 0.368785563323 -0.524399094621 -0.473370933212 -0.737447366133 -0.698706897354 -0.219600897999 -0.864484176383 -0.871118359718 -0.569823850231
2018-01-12 10:14:10.582621 1600000 1600000 0.330575996378 0.310544892169 0.0981462784876 0.162301269059 0.249066138041 -0.159984465361 -0.233584575638 0.301897526498 -0.399100732966 -0.43817765017 -0.367171333092 -0.514729351773 0.335293515696 0.246782623642 0.325957448689 -0.0939303010575
2018-01-12 10:14:15.597355 1600000 1600000 0.059176797205 -0.107336289318 0.120740825158 0.167711860831 0.219563704851 -0.203093142079 -0.4467077423 0.173695455917 -0.325892701437 -0.41376940548 -0.411859819838 -0.55025605023 0.0590685432399 0.164649645437 0.252573491085 -0.179210425069
2018-01-12 10:14:20.617586 2100000 2100000 -1.12346577374 8.05111032869 -2.31480067561 -0.340883765749 -0.985758203117 -0.591270195666 -1.02869792818 0.11795542523 -0.686160687364 -0.630946019862 -1.07735346839 -0.891566117549 -1.12283211324 -1.75539884275 -1.79071107844 -1.08455031302
2018-01-12 10:14:25.628245 1700000 1700000 0.556741995689 3.67702693369 -1.22363470174 -0.346294357521 -0.84326145081 -0.55310243651 -1.02459940575 -1.06373322534 -0.743319265827 -0.658362722618 -0.966361859467 -0.864286688377 0.557740174931 -1.2958724346 -1.28160987256 -0.934548666318
2018-01-12 10:14:30.646002 1600000 1600000 1.16944624837 0.494100177496 1.160089972 0.930605300702 2.04871456262 0.246231911407 -0.918037822417 -1.42102682205 -0.18088448514 -0.379143756036 1.3319031732 -0.404342824425 1.17130183941 1.15062562917 1.12859448498 0.860902516004
2018-01-12 10:14:35.718657 1800000 1800000 -0.134092329479 -0.486163154779 0.290199925187 -0.0811753606866 0.499836820154 -0.171590647554 -0.831968851265 -1.42604342481 -0.118939227692 -0.339409404215 0.109809862181 -0.731695974493 -0.131600021819 -0.551922564879 -0.657846232933 -0.0261630596552
2018-01-12 10:14:40.714852 1800000 1800000 -0.51240636469 -0.896233473061 0.0265968806976 -0.346294357521 0.492461211857 -0.15335236125 -0.700816133319 -1.19137789562 0.252732316992 -0.128249705966 0.109809862181 -0.753265755699 -0.505603745587 -0.656680136618 -0.781681661388 -0.0345387861207
2018-01-12 10:14:45.724525 1800000 1800000 -0.467173164828 -1.103221348 0.824937529723 0.156890677287 0.411329520585 -0.171590647554 -0.647535341654 -1.43161742788 0.135881035898 -0.181607264126 0.0368490674931 -0.849822246862 -0.46404777628 -0.464656275535 -0.543183799177 -0.057381676481
2018-01-12 10:14:50.822483 1800000 1800000 -0.843842356407 -1.3961287182 0.00776809180553 0.167711860831 -0.119714276831 -0.335735224289 -0.713111700627 -1.43217482819 0.439975936095 -0.0311843608034 -0.380851482096 -0.850583533258 -0.842940437614 -0.828360875783 -0.880291354418 -0.394695024135
2018-01-12 10:14:55.835924 1800000 1800000 -1.02559757767 -1.73746344028 0.881423896399 0.167711860831 -0.427277142835 -0.426926655808 -0.709013178191 -1.32125216712 0.932722302154 0.22992709402 -0.623446124433 -0.802749371407 -1.02334223378 -0.656680136618 -0.618861005456 -0.575153857982
2018-01-12 10:15:00.850523 1800000 1800000 -0.520630582846 -1.16180282204 0.817406014166 0.167711860831 0.898119668216 -0.0538707995928 -0.80737771665 -1.47230765028 0.545564443107 0.00287365504318 0.419893239605 -0.839925523721 -0.512937151936 -0.327197610622 -0.40100238132 0.0210455804228
2018-01-12 10:15:05.875700 1500000 1500000 -1.09632585382 -1.75191353721 -0.444122841605 0.167711860831 -0.811546335131 -0.544812306372 -1.02869792818 -1.3680737929 0.265402937834 -0.174795660957 -0.93170548199 -0.838149188798 -1.09545406288 -1.20746540944 -1.19905292026 -0.854598550057
2018-01-12 10:15:10.884644 1500000 1500000 -1.01408367225 -0.993869263128 -1.69058866626 0.167711860831 -0.900053634701 -0.569019486375 -1.10656985446 -1.28948034963 -0.508912780259 -0.548866201671 -1.00101823694 -0.854897489499 -1.0130754649 -1.54778492562 -1.57743895165 -0.961198705072
2018-01-12 10:15:15.898528 1900000 1900000 -0.598760655336 -1.06807246358 0.135803856272 -0.595181579039 1.28165129968 -0.0207102790404 -1.24182109485 -1.61667432976 1.04535004297 0.150458390378 0.711736418357 -0.584513938028 -0.598493559334 0.0452526308231 -0.070774572105 0.416227583657
2018-01-12 10:15:20.911811 1900000 1900000 -0.389043092338 -0.521312039203 -0.297258288247 -0.606002762583 0.861241626729 -0.120191840698 -1.19673734805 -1.17242628518 0.311861880919 -0.176498561749 0.383412842261 -0.759609808995 -0.38582477523 -0.420167579008 -0.531717555802 0.0827213843957
2018-01-12 10:15:25.928325 2100000 2100000 -0.0724106933032 4.38000462217 -1.70565169738 0.416599082349 -0.985389422702 -0.571838130622 1.92633674803 3.01643702097 -0.779782496916 -0.661314417325 -1.08045430216 -0.900320911097 -0.0680438334658 -1.34530431963 -1.28619636991 -1.1172917892
2018-01-12 10:15:30.938085 1700000 1700000 2.56345122594 3.4036467215 0.177227191834 0.427420265894 -0.92903977531 -0.51529944308 1.62304608778 3.03873303325 -0.776333272353 -0.660633257008 -1.02555130416 -0.88128875121 2.56220457683 -0.363511033857 -0.134985535008 -1.00764591547
2018-01-12 10:15:35.954924 1800000 1800000 0.3264638873 1.26347020322 -0.636176488304 0.936015892474 -0.720088792243 -0.454118282661 0.594316956394 1.32194008808 -0.698831308206 -0.600520859039 -0.851448607833 -0.81848262358 0.327960109348 -0.161981041038 0.014075628874 -0.695459747213
2018-01-12 10:15:40.962845 1600000 1600000 -0.339697783398 -0.900138904663 0.644181156359 -0.0811753606866 1.2226464333 0.46011726897 0.479558328192 -1.48457045703 0.445607323135 0.371835493381 0.529334431637 -0.609890151212 -0.336935399574 0.0944943932194 -0.0272028472779 0.468766231485
2018-01-12 10:15:45.976501 1900000 1900000 -0.479509492063 -0.861084588637 0.0529571851466 0.167711860831 0.809612368647 0.2578380936 0.467262760884 -1.48345565642 0.418858234692 0.343453813509 0.201010855541 -0.665717820216 -0.478714588976 -0.177380974451 -0.256527714789 0.141351469654
2018-01-12 10:15:50.993475 1600000 1600000 -0.315025128928 -0.806408546199 0.467190540773 -0.340883765749 1.26690008309 0.483329633357 0.483656850628 -1.48512785734 0.438568089334 0.366159157407 0.574934928317 -0.613696583189 -0.314935180529 0.00475650962463 -0.141865281033 0.490086262488
2018-01-12 10:15:56.012174 1600000 1600000 -0.335585674319 -0.896233473061 0.651712671916 0.422009674122 1.21527082501 0.456801216915 0.475459805756 -1.48066865489 0.437160242574 0.360482821432 0.474613835621 -0.622578257803 -0.332046462008 0.213130917294 0.140204306005 0.388054685546
2018-01-12 10:16:01.029228 2100000 2100000 -0.961037465141 1.24003761361 -2.08712296033 -0.346294357521 -0.858750228235 -0.4745120028 1.35254360702 0.898315854853 -0.487795078857 -0.21850344796 -0.986426078006 -0.842716907171 -0.959541598553 -1.61527846095 -1.65770265528 -0.965005853465
2018-01-12 10:16:06.048280 1800000 1800000 -0.463061055749 -0.0878091313046 -0.926139837243 -0.346294357521 -0.112338668534 -0.136772100974 0.643499225624 0.257305501948 -0.210449267103 -0.143575813097 -0.574197588019 -0.745652891744 -0.459158838714 -0.61542352488 -0.59822176738 -0.47845228879
2018-01-12 10:16:11.058470 1800000 1800000 -0.368482546946 -0.712678187734 0.083083247374 0.941426484246 0.167934446769 -0.0339744872614 0.504149462807 0.190417465123 -0.113307840652 -0.0993003924966 -0.470228455588 -0.75199694504 -0.36871349375 0.53462829263 0.715809723457 -0.235556221292
2018-01-12 10:16:16.074236 1800000 1800000 -0.863169269075 -0.411959954328 -1.58138169069 0.205586003236 -0.602079059484 -0.405372317449 0.495952417935 0.106807419092 -0.200594339782 -0.175363294554 -0.887929005177 -0.84677710128 -0.862496187876 -1.13845089304 -1.13484195735 -0.791399886726
2018-01-12 10:16:21.092987 2100000 2100000 -0.245119274595 4.02851577793 -1.77343533739 0.167711860831 -0.943274699324 -0.579979038418 -1.04509201793 -0.673553010532 -0.757820087457 -0.665401379227 -1.03895785018 -0.881923156539 -0.241601117045 -1.47610869232 -1.4719495126 -1.0243973684
2018-01-12 10:16:26.100388 1800000 1800000 1.44084544754 1.42749833054 0.47472205633 0.167711860831 0.942373318001 -0.062160929731 -0.938530434596 -1.43440442941 -0.439928289011 -0.508564216253 0.456373636949 -0.538836754298 1.43774893674 -0.180232813972 -0.295512942266 0.259373069849
2018-01-12 10:16:31.116398 1600000 1600000 0.429266614259 -0.0917145629073 0.836234803058 0.936015892474 1.67255853945 0.145092323722 -0.901643732674 -1.49070186041 -0.0119428739196 -0.293431082822 1.03093989512 -0.588320370006 0.433072267009 0.867723148686 0.851111395288 0.649225065332
2018-01-12 10:16:36.171532 1700000 1700000 -0.483621601141 -0.486163154779 -0.587221637185 0.173122452604 0.344949045908 -0.198119063996 -0.692619088448 -1.3363019754 0.114763334496 -0.200906806439 -0.0269916278589 -0.833581470425 -0.483603526542 -0.793758556261 -0.910103587194 -0.157128964388
2018-01-12 10:16:41.177437 1900000 1900000 -0.483621601141 -0.689245598118 -0.297258288247 -0.346294357521 0.706353852483 -0.108585658504 -0.811476239086 -1.53529388496 0.355505130484 -0.0936240565221 0.264851550893 -0.86263723452 -0.481159057759 -0.75915623674 -0.928449576595 0.0423656114258
2018-01-12 10:16:46.304761 1900000 1900000 -0.672778618747 -1.31020922295 0.681838734143 -0.0919965442308 0.433456345477 -0.184854855775 -0.811476239086 -1.46394664568 0.527262435225 -0.00847901690569 0.0550892661651 -0.826349249667 -0.669383154035 -0.57245580943 -0.632620497506 -0.192154729607
2018-01-12 10:16:51.281512 1500000 1500000 -0.999691290478 -1.59725844574 -0.274663741576 0.422009674122 -0.422114217026 -0.435382588549 -0.913939299981 -1.52971988189 0.707466820527 0.0596370147875 -0.613414015164 -0.846903982346 -0.997430864687 -0.952130710995 -0.965141555397 -0.608656763844
2018-01-12 10:16:56.299261 1500000 1500000 -1.13127878099 -1.77768938579 -1.03158105504 0.427420265894 -0.840311207491 -0.55194181829 -0.995909748697 -1.43161742788 0.749702223332 0.0653133507619 -0.946297640927 -0.852613630312 -1.13016551959 -1.28997863292 -1.28848961859 -0.888101455918
2018-01-12 10:17:01.307566 1700000 1700000 -0.813001538319 -1.11103221121 -0.692662854981 -0.606002762583 -0.0533338021541 -0.358947588675 -1.25001813972 -1.59660791872 0.413226847651 -0.13846711072 -0.33889902515 -0.707588571968 -0.811162343437 -0.942244333989 -1.0201795236 -0.38631929767
2018-01-12 10:17:06.318664 1800000 1800000 -0.553527455474 -1.07978875839 0.35421780742 -0.606002762583 1.66518293115 0.0704811524788 -1.2733797176 -1.62057613191 1.20021318659 0.212898086097 1.01269969644 -0.579438695391 -0.554493121243 0.211990181485 0.0668203484015 0.62714360465
2018-01-12 10:17:11.336980 1700000 1700000 0.273006469281 1.25565934002 -0.696428612759 -0.097407136003 -0.104963060236 -0.352315484565 -0.979515658954 0.396655578667 -0.499057852938 -0.539216430515 -0.382675501963 -0.826729892865 0.274181796126 -0.752882189793 -0.756455925962 -0.503579468186
2018-01-12 10:17:16.352880 2100000 2100000 0.0632889062834 3.91135282985 -1.57385017513 0.167711860831 -0.985536934868 -0.569019486375 1.98781458457 2.99971501177 -0.780387871023 -0.661200890605 -1.08036310117 -0.900828435361 0.0664019495883 -1.37173136585 -1.32059510004 -1.10891606274
2018-01-12 10:17:21.364291 1700000 1700000 0.819916976705 3.28648377342 -0.960031657249 -0.0865859524587 -0.929187287476 -0.54713354281 1.09023817113 2.93282697494 -0.768942076862 -0.658476249338 -1.02573370614 -0.874564054716 0.824187272257 -1.08692765902 -1.0018335342 -1.02668165744
2018-01-12 10:17:26.378345 1800000 1800000 -0.458948946671 -0.947004083896 0.339154776307 0.941426484246 0.403953912287 0.22301954702 0.840228302542 -1.4739798512 0.121802568296 0.269661445841 -0.0452318265309 -0.598470855279 -0.459158838714 0.391846193945 0.46125912052 0.0377970333537
2018-01-12 10:17:31.395560 1800000 1800000 -0.483621601141 -0.947004083896 0.26007386296 -0.0865859524587 0.470334386964 0.259496119628 0.836129780107 -1.47899645396 0.196418446585 0.349130149483 0.0733294648371 -0.611158961871 -0.481159057759 -0.532530056136 -0.687658465709 0.150488625798
2018-01-12 10:17:36.406341 1800000 1800000 -0.372594656025 -0.997774694731 0.840000560837 0.167711860831 0.74323189397 0.418666618279 0.832031257671 -1.47788165335 0.220351841508 0.371835493381 0.283091749565 -0.560406535504 -0.36871349375 -0.276815112418 -0.442280857472 0.359881787434
2018-01-12 10:17:41.421366 1800000 1800000 -0.40960363773 -1.00558555794 0.71196479637 0.167711860831 0.639973377806 0.349029525119 0.819735690363 -1.47788165335 0.207681220667 0.349130149483 0.191890756205 -0.590857991324 -0.407824994275 -0.324535893736 -0.469799841574 0.260134499528
2018-01-12 10:17:46.434891 1800000 1800000 -0.822048178292 1.29080822444 -1.93536292186 0.167711860831 -0.752541468752 -0.408688369504 1.20089827689 0.942907879403 -0.465269530694 -0.24291169265 -0.915289303185 -0.820258958503 -0.820940218569 -1.42591631675 -1.45819002055 -0.869065713952
2018-01-12 10:17:51.453467 1800000 1800000 -0.36025832879 -0.392432796314 -0.402699506042 0.167711860831 0.234314921446 0.0157662935673 0.565627299344 0.0789374037484 -0.0865587522086 -0.0538897047011 -0.37446741256 -0.72027667856 -0.358935618619 -0.180993304511 -0.130399037658 -0.291902017514
2018-01-12 10:17:56.467701 1800000 1800000 -0.500070037455 -0.439297975546 -0.685131339424 0.167711860831 -0.0459581938567 -0.123507892753 0.5492332096 0.318619535704 -0.128794155014 -0.0993003924966 -0.583317687355 -0.78244840086 -0.500714808022 -0.414273777331 -0.350550910468 -0.495203741721
2018-01-12 10:18:01.569817 1800000 1800000 -0.986121330519 -0.716583619337 -1.7546065485 0.167711860831 -0.684685872415 -0.467714096087 0.143479488456 0.190417465123 -0.0288370350417 -0.128817339564 -0.92167337272 -0.862256591322 -0.984964073895 -1.35880302669 -1.36187357619 -0.920081502423
2018-01-12 10:18:06.587916 2100000 2100000 -0.269791929065 4.10662440998 -1.79226412628 0.167711860831 -0.946741235224 -0.580857792212 -1.03279645062 -0.729293041219 -0.759227934217 -0.666025776184 -1.04743954256 -0.885095183187 -0.253823460959 -1.48276298454 -1.4811225073 -1.02059022001
2018-01-12 10:18:11.597232 1700000 1700000 1.73691730118 1.85709580683 0.437064478546 0.167711860831 0.691602635888 -0.136772100974 -0.975417136518 -1.41489541867 -0.51595201406 -0.547730934477 0.255731451557 -0.578169884732 1.7555298785 -0.181183427146 -0.254234466114 0.118508579294
2018-01-12 10:18:16.609798 1600000 1600000 0.536181450297 0.119178743638 0.693136007478 0.936015892474 1.98970969624 0.218045468937 -0.967220091647 -1.5146700736 0.0274768353651 -0.282078410873 1.28630267652 -0.48935313859 0.538184424669 0.933695702939 0.88321687674 0.806841008818
2018-01-12 10:18:21.672419 1700000 1700000 -0.668666509668 -0.259648121823 -1.22740045952 -0.0703541771423 0.116305188687 -0.269414183184 -0.754096924985 -1.47453725151 0.23443030911 -0.146413981084 -0.207569594712 -0.863906045179 -0.666938685252 -1.11639666741 -1.22886515303 -0.390887875742
2018-01-12 10:18:26.865036 1800000 1800000 -0.413715746809 -0.759543366967 0.0529571851466 -0.346294357521 0.868617235027 -0.0605029037033 -0.803279194214 -1.52749028066 0.345650203163 -0.0993003924966 0.401653040933 -0.836499734941 -0.407824994275 -0.6045865347 -0.742696433912 0.0446499004618
2018-01-12 10:18:31.838353 1700000 1700000 -0.681002836903 -0.896233473061 -0.572158606071 -0.097407136003 0.271192962933 -0.232937610576 -0.823771806393 -1.54086788803 0.379438525407 -0.0822713845733 -0.0817122238749 -0.863398520915 -0.669383154035 -0.884256930395 -0.967434804072 -0.329212071769
2018-01-12 10:18:36.853955 1500000 1500000 -1.12387698464 -1.82650728082 0.083083247374 0.156890677287 -0.812283895961 -0.546138727194 -1.11476689934 -1.42102682205 0.763780690933 0.0426080068642 -0.934441511791 -0.842209382907 -1.12209877261 -1.07114748034 -1.03393901565 -0.856882839093
2018-01-12 10:18:41.870007 1500000 1500000 -1.0009249232 -1.11493764281 -1.53242683957 -0.0865859524587 -0.853587302427 -0.557413304182 -1.15575212369 -1.41155101683 -0.407547813527 -0.504023147473 -0.9672738694 -0.847538387676 -0.99987533347 -1.54018002023 -1.582025449 -0.915512924351
2018-01-12 10:18:46.881751 1900000 1900000 -0.586424328101 -1.0993159164 0.275136894073 -0.606002762583 1.54717319839 0.038978657954 -1.27665853555 -1.61778913038 1.21429165419 0.218574422072 0.921498703085 -0.528686269024 -0.58627121542 0.163699032263 0.0163688775491 0.601254995575
2018-01-12 10:18:51.893504 1900000 1900000 -0.25745560183 -0.341662185479 -0.229474648235 -0.606002762583 0.853866018432 -0.125165918781 -1.22132848267 -0.99127118545 0.15277519702 -0.252561463806 0.374292742925 -0.744384081085 -0.256267929741 -0.446404502601 -0.570702783278 0.107087134113
2018-01-12 10:18:56.906584 2100000 2100000 -0.0847470205383 4.61433051833 -1.7357777596 0.416599082349 -0.988487178187 -0.575485787883 1.98371606213 3.10004706701 -0.781049559 -0.663868768513 -1.08319033196 -0.903683259344 -0.0827106461626 -1.39302510095 -1.33894108944 -1.13328181245
2018-01-12 10:19:01.917719 1700000 1700000 1.39972435676 4.38000462217 -0.869653470567 0.427420265894 -0.949543966377 -0.545143911577 1.52058302689 3.04988103939 -0.776206566145 -0.6623361578 -1.04543312071 -0.888520971967 1.41330424891 -0.789956103567 -0.639500243532 -1.04038739165
2018-01-12 10:19:06.932139 1700000 1700000 -0.0682985842248 1.86881210164 -1.28388682619 0.936015892474 -0.745165860454 -0.442843705673 0.885312049336 0.708799750516 -0.678839884212 -0.564192308802 -0.883368955509 -0.813407380944 -0.0680438334658 -0.33233092176 -0.183143757185 -0.722871215645
2018-01-12 10:19:11.944434 1800000 1800000 -0.310913019849 -0.786881388186 0.429532962989 -0.0811753606866 0.499836820154 0.344055447036 0.950888408309 -1.45335603985 0.0190297548041 0.224250758046 0.100689762845 -0.595933233961 -0.310046242963 -0.446214379966 -0.59822176738 0.199220125233
2018-01-12 10:19:16.958181 1800000 1800000 -0.380818874182 -0.798597682994 0.237479316289 -0.0865859524587 0.344949045908 0.247889937434 0.950888408309 -1.45112643862 -0.00068009983828 0.207221750123 -0.0178715285229 -0.62765350044 -0.380935837664 -0.599643346197 -0.747282931262 0.079675665681
2018-01-12 10:19:21.970974 1800000 1800000 -0.23278294736 -0.845462862226 0.840000560837 0.167711860831 0.698978244185 0.465091347053 0.942691363438 -1.45112643862 0.051410230288 0.258308773893 0.255731451557 -0.559137724845 -0.231823241913 -0.26046456583 -0.419348370721 0.349221771933
2018-01-12 10:19:26.988734 1800000 1800000 -0.841786301868 -0.486163154779 -1.48723774623 0.167711860831 -0.557825409699 -0.28599444346 1.10663226087 -0.428296875507 -0.176660944859 0.0880186946596 -0.748391485336 -0.801480560748 -0.840495968831 -1.35157836657 -1.41003179837 -0.731246942111
2018-01-12 10:19:31.998571 2101000 2101000 -0.442500510357 0.990089991037 -1.42321986399 0.167711860831 -0.245099617888 -0.11190171056 0.987775110231 0.184843462054 -0.311814233836 -0.131655507551 -0.518564982069 -0.688556412081 -0.439603088452 -1.06715490501 -1.14172170338 -0.483020866862
2018-01-12 10:19:37.008921 1800000 1800000 -0.438388401279 0.115273312035 -1.02404953948 0.167711860831 -0.0754606270465 -0.0555288256205 0.848425347414 0.229435486604 -0.206225726823 -0.0709187126244 -0.493028703928 -0.739308838448 -0.437158619669 -0.680825711229 -0.683071968359 -0.458655117144
2018-01-12 10:19:42.022884 1800000 1800000 -0.582312219022 -0.782975956583 -0.440357083827 2.07765075639 -0.178719143211 -0.189828933858 0.561528776908 0.441247603217 -0.147096162896 -0.110653064445 -0.644422352906 -0.792598886133 -0.581382277854 0.113506656693 0.280092475186 -0.475406570075
2018-01-12 10:19:47.042548 2100000 2100000 -1.11524155558 8.28543622486 -2.3122776179 0.183943636148 -0.982070398968 -0.590291960309 -1.02869792818 -0.210910755826 -0.672363789115 -0.624361470131 -1.0729758207 -0.889028496231 -1.1142764725 -1.71604345736 -1.80447057049 -0.88124858881
2018-01-12 10:19:52.047949 1700000 1700000 1.7533657375 3.16932082534 -0.270897983798 0.167711860831 -0.486282009214 -0.453786677455 -0.930333389724 -1.22649411495 -0.703617987191 -0.638211729909 -0.678166720449 -0.814676191603 1.7555298785 -0.735771152667 -0.696831460409 -0.633022513561
2018-01-12 10:19:57.062513 1600000 1600000 1.06253141233 0.306639460567 1.28059422091 0.936015892474 2.47649984387 0.350687551147 -0.963121569211 -1.52080147698 -0.0626253572857 -0.325218564279 1.66934684864 -0.321870131578 1.06374521297 1.35177537672 1.29829488693 1.10303715382
2018-01-12 10:20:02.127320 1700000 1700000 -0.759132909392 0.119178743638 -1.59267896402 -0.0811753606866 -0.0238313689643 -0.317496937985 -0.836067373701 -1.57041010429 0.300599106838 -0.127114438771 -0.311538727142 -0.873422125123 -0.757384030216 -1.23674429519 -1.36875332222 -0.408400758351
2018-01-12 10:20:07.139399 1700000 1700000 -0.884963447191 0.466762156277 -1.8939395863 -0.346294357521 -0.70091221067 -0.499382393215 -0.459003309607 -1.38200880057 -0.317445620876 -0.409795970298 -0.855096647567 -0.892200522879 -0.882051938139 -1.54607382191 -1.59349169238 -0.901045760456
2018-01-12 10:20:12.155396 1900000 1900000 -0.323249347084 -0.130768878934 -0.613581941634 -0.0919965442308 0.662100202698 -0.115217762615 -0.770491014728 -1.55591769631 0.117579028016 -0.210556577595 0.228371153549 -0.855531894828 -0.319824118094 -0.749459982368 -0.859652116342 -0.147230378565
2018-01-12 10:20:17.296517 1700000 1700000 -0.639881746119 -0.751732503761 -0.666302550532 -0.0919965442308 -0.001704544072 -0.300916677708 -0.713111700627 -1.57319710583 0.0753436252108 -0.224179783934 -0.298770588072 -0.890170425824 -0.637605059859 -1.02817976489 -1.0752174918 -0.547742389549
2018-01-12 10:20:22.275048 1500000 1500000 -1.1111294465 -1.75152299405 -0.794338314998 0.427420265894 -0.811546335131 -0.542988477741 -0.909840777545 -1.41433801837 0.4892505727 -0.0482133687267 -0.925321412455 -0.847157744478 -1.1098764287 -1.24682079483 -1.24950439111 -0.844699964234
2018-01-12 10:20:27.288506 1500000 1500000 -1.13539089006 -1.6507628587 -1.73201200183 -0.00542707587674 -0.90152875636 -0.568190473361 -0.950826001903 -1.32348176835 0.23865384939 -0.176498561749 -1.00411907072 -0.863271639849 -1.13407666965 -1.59322423532 -1.63018367118 -0.96805157218
2018-01-12 10:20:32.299896 1900000 1900000 -0.750908691236 -1.12274850602 -0.395167990486 -0.606002762583 0.212188096554 -0.290968521543 -1.26231370702 -1.60050972086 0.538525209306 -0.0822713845733 -0.127312720555 -0.672061873511 -0.750050623867 -0.725504530392 -0.816080391515 -0.195961878
2018-01-12 10:20:37.310569 1800000 1800000 -0.56175167363 -1.08759962159 0.35421780742 -0.606002762583 1.67993414775 0.0721391785064 -1.28157676247 -1.61890393099 1.24244858939 0.224250758046 1.03093989512 -0.603546097916 -0.559382058809 0.0732006581291 -0.107466550907 0.649986495011
2018-01-12 10:20:42.324171 1700000 1700000 0.877486503802 2.19296292466 -0.545798301622 0.416599082349 -0.315167896713 -0.398740213338 -0.795082149343 1.28849606967 -0.629987601634 -0.598817958246 -0.545013270144 -0.845762052753 0.882854523044 -0.580631082724 -0.511078317726 -0.628453935489
2018-01-12 10:20:47.326302 1700000 1700000 0.153755306008 6.13744884338 -1.74330927516 0.167711860831 -0.94688874739 -0.56570343432 0.795144555749 3.27841516521 -0.767111876074 -0.66029267685 -1.04497711574 -0.878624248825 0.156847294552 -1.30480819843 -1.25179763979 -1.06932171944
2018-01-12 10:20:52.338238 1800000 1800000 -0.557639564552 -0.568177218435 -0.681365581646 -0.0919965442308 -0.0312069772618 0.0356626058987 1.00416919997 -1.38869760425 -0.056993970245 0.173163734276 -0.29329852847 -0.686018790762 -0.559382058809 -0.922661702611 -1.05457825373 -0.193677588964
2018-01-12 10:20:57.352397 1800000 1800000 -0.25745560183 -0.759543366967 0.534974180784 -0.0865859524587 0.639973377806 0.395454253893 0.889410571772 -1.39427160732 0.0457788432473 0.218574422072 0.219251054213 -0.565481778141 -0.256267929741 -0.372636920324 -0.545477047852 0.318764584786
2018-01-12 10:21:02.367309 1800000 1800000 -0.668666509668 -0.693151029721 -0.835761650561 0.167711860831 -0.178719143211 -0.0654769817862 0.995972155103 -0.90208713635 -0.0386919623628 0.190192742199 -0.447428207248 -0.732964785152 -0.666938685252 -1.04167847196 -1.13025546 -0.419060773853
2018-01-12 10:21:07.384894 1800000 1800000 -0.327361456163 0.935413948599 -1.2650580373 0.167711860831 -0.186094751508 -0.0455806694547 1.0533514692 0.274027511154 -0.341379015799 -0.14073764511 -0.48573262446 -0.660642577579 -0.32471305566 -0.888249505724 -0.944502317321 -0.421345062889
2018-01-12 10:21:12.396789 1800000 1800000 -0.421939964965 -0.275269848234 -0.673834066089 0.167711860831 0.00567106422544 -0.0190522530128 0.815637167928 0.274027511154 -0.168213864298 -0.0425370327523 -0.487556644327 -0.75072813438 -0.420047338189 -0.420357701642 -0.38265639192 -0.412969336424
2018-01-12 10:21:17.411320 1800000 1800000 -0.829038763725 -0.646285850489 -1.34413895065 0.167711860831 -0.507671273277 -0.373869822924 0.372996744861 0.485839627766 -0.133017695294 -0.151522683461 -0.834120419095 -0.83840295093 -0.828273624917 -1.00498480345 -0.974314550097 -0.789877027369
2018-01-12 10:21:22.427068 2100000 2100000 -0.426052074044 4.30189599011 -1.90147110185 0.167711860831 -0.955149428683 -0.582897164226 -0.971318614082 -0.712571032013 -0.758664795513 -0.665514905946 -1.04862515548 -0.885475826385 -0.424936275755 -1.55653056682 -1.5636794596 -1.04191025101
2018-01-12 10:21:27.433919 1700000 1700000 1.96719540957 2.58350608493 0.180992949613 0.167711860831 0.0130466725229 -0.314180885929 -0.922136344853 -1.36417199075 -0.634211141914 -0.603926660623 -0.282354409267 -0.740577649107 1.97553206896 -0.441461314098 -0.449160603498 -0.27667342394
2018-01-12 10:21:32.450107 1600000 1600000 0.659544722648 0.169949354473 0.828703287501 0.936015892474 2.18147551197 0.267786249766 -0.98361418139 -1.54198268864 0.0218454483244 -0.286051846055 1.4322242659 -0.36500969399 0.662852332592 1.06469019827 1.00017255917 0.943136921302
2018-01-12 10:21:37.468045 1900000 1900000 -0.327361456163 -0.0799982680993 -0.67006830831 -0.0865859524587 0.957124534596 -0.035632513289 -0.803279194214 -1.56595090184 0.283704945716 -0.129384973161 0.465493736285 -0.831170730172 -0.32471305566 -0.664665287276 -0.832133132241 0.100995696684
2018-01-12 10:21:42.664691 1700000 1700000 -0.734460254922 -0.556460923627 -1.15585106173 -0.346294357521 -0.112338668534 -0.340709302371 -0.799180671779 -1.57709890797 0.140104576179 -0.202609707231 -0.389059571498 -0.891439236483 -0.732939342388 -1.25822815292 -1.33664784076 -0.601042467057
2018-01-12 10:21:47.651004 1500000 1500000 -1.11688639921 -1.82494510818 0.324091745193 0.427420265894 -0.817446821769 -0.548459963632 -1.18444178074 -1.37420519627 0.554011523668 -0.06524237665 -0.928057442255 -0.843097550369 -1.11525426002 -0.88406680776 -0.820666888865 -0.815765636444
2018-01-12 10:21:52.663606 1500000 1500000 -1.13966748351 -1.71520248014 -1.61150775292 -0.0108376676489 -0.933612652454 -0.577309616513 -1.02050088331 -1.22036271158 -0.031652728562 -0.316704060317 -1.03111456475 -0.870503860607 -1.13823226658 -1.55101701041 -1.56826595695 -1.00460019676
2018-01-12 10:21:57.678898 1700000 1700000 -0.821225756476 -1.15399195884 -0.643708003861 -0.606002762583 -0.001704544072 -0.345683380454 -1.26231370702 -1.59660791872 0.511776120863 -0.0936240565221 -0.296034558271 -0.698706897354 -0.820940218569 -0.89528404321 -0.978901047448 -0.335303509198
2018-01-12 10:22:02.686806 1900000 1900000 -0.565863782709 -1.0915050532 0.35421780742 -0.606002762583 1.67255853945 0.0704811524788 -1.28116691023 -1.62057613191 1.24244858939 0.224250758046 1.02181979578 -0.58197631671 -0.564270996374 0.118830090465 -0.0524285827041 0.649986495011
2018-01-12 10:22:07.747568 1700000 1700000 0.519733013983 1.63058077388 -0.617347699412 -0.097407136003 -0.119714276831 -0.35563153662 -0.971318614082 0.714373753585 -0.544108949263 -0.560786507218 -0.393619621166 -0.827871822458 0.521073143189 -0.71257619123 -0.70600445511 -0.509670905616
2018-01-12 10:22:12.762496 2100000 2100000 -0.475397382984 3.28648377342 -1.84875049296 0.416599082349 -0.9585422085 -0.499879801023 2.0369968538 0.536005655385 -0.759227934217 -0.56703047679 -1.05054037634 -0.863652283047 -0.468936713845 -1.44892115556 -1.42837778777 -1.0601845633
2018-01-12 10:22:17.775113 1800000 1800000 0.0715131244401 -0.162012331756 0.226182042954 -0.0865859524587 0.344949045908 0.267786249766 0.983676587796 -1.3034153573 -0.287880838913 -0.104976728471 0.000368670149081 -0.620040636485 0.0786242935023 -0.517320245357 -0.662432730283 0.127645735438
2018-01-12 10:22:22.798013 1800000 1800000 -0.504182146533 -0.603326102859 -0.489311934946 0.930605300702 -0.149216710021 -0.14672025714 0.668090360239 0.0789374037484 -0.194962952742 -0.121438102797 -0.595173816492 -0.726620731856 -0.505603745587 0.0642648942966 0.192949025532 -0.383273578955
2018-01-12 10:22:27.805822 1600000 1600000 -0.504182146533 -0.927476925882 0.132038098493 0.173122452604 0.0868027554973 -0.0986375023386 0.397587879476 0.156973446711 -0.0358762688425 -0.06524237665 -0.583317687355 -0.768491483609 -0.500714808022 0.12301278843 0.282385723862 -0.444949382928
2018-01-12 10:22:32.824165 1800000 1800000 -0.901823094412 -1.00949098954 -1.2311662173 0.167711860831 -0.538648828126 -0.416978499642 0.0410164275609 -0.0158206484202 -0.0133507206798 -0.141305278707 -0.882456945575 -0.84956848473 -0.901607688401 -0.937111022851 -0.875704857068 -0.845461393913
2018-01-12 10:22:37.837511 2100000 2100000 -0.648105964276 4.4190589382 -2.03402577565 -0.346294357521 -0.962451280897 -0.585135499363 -1.06558463011 -0.500758915401 -0.754159685881 -0.663698478434 -1.05956927468 -0.887379042374 -0.644938466207 -1.72535946646 -1.76089884566 -1.06323028201
2018-01-12 10:22:42.844132 1700000 1700000 2.07822235469 2.73972334904 0.177227191834 0.167711860831 -0.0902118436413 -0.340709302371 -0.872954075623 -1.32125216712 -0.655188058641 -0.613008798183 -0.368083343025 -0.78244840086 2.07331082027 -0.478535227871 -0.469799841574 -0.356623540201
2018-01-12 10:22:47.859462 1600000 1600000 0.692441595275 0.205098238897 0.83246904528 0.936015892474 2.23310477005 0.282708484014 -0.971318614082 -1.55090109355 0.0190297548041 -0.286051846055 1.47782476258 -0.391654717833 0.694630426768 1.10461595157 1.04603753267 0.950751218088
2018-01-12 10:22:52.873470 1700000 1700000 -0.413715746809 -0.0604711100858 -0.854590439453 -0.0919965442308 0.558841686534 -0.145062231112 -0.770491014728 -1.57486930675 0.164037971101 -0.186715966503 0.146290259525 -0.859972732136 -0.412713931841 -0.844521299735 -0.960555058047 -0.192916159286
2018-01-12 10:22:58.068699 1700000 1700000 -0.83561813825 0.10746244883 -1.72448048627 -0.346294357521 -0.532748341488 -0.448812599372 -0.52457966858 -1.57654150767 -0.154135396697 -0.324083297084 -0.719207167461 -0.902477889218 -0.833162562483 -1.45880753256 -1.50634824272 -0.84089281584
2018-01-12 10:23:03.053654 1500000 1500000 -1.05561597394 -1.41175044462 -1.44581441067 -0.0919965442308 -0.680260507437 -0.503195853078 -0.786885104471 -1.50184986655 0.39914838005 -0.06524237665 -0.831384389294 -0.877989843496 -1.05292030606 -1.41622006238 -1.46965626392 -0.792161316405
2018-01-12 10:23:08.071027 1500000 1500000 -1.13168999189 -1.81518152917 -0.523203754952 -0.0865859524587 -0.858750228235 -0.557744909387 -1.05738758523 -1.3847958021 0.56949783803 -0.0368606967778 -0.972745929002 -0.850456652192 -1.13016551959 -1.26165036034 -1.25179763979 -0.896477182384
2018-01-12 10:23:13.087515 1500000 1500000 -1.05273749759 -1.28287120173 -1.61527351069 -0.606002762583 -0.810071213472 -0.538180202261 -0.655732386526 -1.50742386962 -0.0907822924891 -0.304783754771 -0.927145432322 -0.844493242094 -1.05169807167 -1.63980428083 -1.70815412613 -0.895715752705
2018-01-12 10:23:18.098097 1900000 1900000 -0.582312219022 -1.10712677961 0.320325987414 -0.606002762583 1.58405123988 0.0489268141197 -1.27870779677 -1.61388732823 1.22837012179 0.224250758046 0.948859001093 -0.490621949249 -0.581382277854 0.21218030412 0.0622338510513 0.643133627903
2018-01-12 10:23:23.110666 1800000 1800000 -0.183437638419 -0.173728626564 -0.282195257133 -0.606002762583 0.77273432716 -0.14672025714 -1.21722996023 -0.801755081113 0.042963149727 -0.301945586784 0.310452047573 -0.736771217129 -0.182933866257 -0.480056208949 -0.59822176738 0.0636856424288
2018-01-12 10:23:28.124711 2100000 2100000 -0.491845819298 4.69243915038 -1.96322952942 0.405777898805 -0.962230012648 -0.574490972266 0.786947510877 2.65970082458 -0.760917350329 -0.654105470637 -1.05619483793 -0.873675887255 -0.49093693289 -1.52763192634 -1.51322798875 -1.09368746916
2018-01-12 10:23:33.145459 1800000 1800000 -0.969672894206 -0.103430857715 -1.92029989075 0.167711860831 -0.795319996877 -0.485786579788 0.704977062161 0.625189704485 -0.334339781998 -0.244046959845 -0.969097889267 -0.820639601701 -0.96858613305 -1.42648668466 -1.44672377717 -0.909421486921
2018-01-12 10:23:38.154378 1500000 1500000 -0.520630582846 -1.14618109563 0.76091964749 0.941426484246 0.160558838472 -0.115217762615 0.196760280121 -0.0994306944513 0.0331082224058 -0.0709187126244 -0.60246989596 -0.730427163834 -0.520270558284 0.811256726169 1.06897001942 -0.300277743979
2018-01-12 10:23:43.171128 1600000 1600000 -0.738572364001 -1.04854530557 -0.500609208281 0.178533044376 -0.283452781034 -0.294284573598 0.221351414736 -0.288946798788 -0.0302448818018 -0.110653064445 -0.826824339626 -0.816198764394 -0.737828279953 -0.423970031702 -0.290926444915 -0.73200837179
2018-01-12 10:23:48.190997 2100000 2100000 -1.12428819555 8.36354485691 -2.31559148475 -0.600592170811 -0.983988057126 -0.590739627337 -0.975417136518 -0.0938566913825 -0.670111234299 -0.62237475254 -1.07662386044 -0.892073641813 -1.123321007 -1.89152664922 -1.95582498304 -1.0815045943
2018-01-12 10:23:53.196543 1700000 1700000 1.63000246515 3.32553808944 -0.410231021599 -0.346294357521 -0.601341498654 -0.484791764172 -0.909840777545 -1.21646090943 -0.719104301552 -0.645704493395 -0.776663793278 -0.837641664534 1.63330643936 -0.969812116026 -0.949088814671 -0.732769801468
2018-01-12 10:23:58.208479 1600000 1600000 1.20234312099 0.509721903906 1.18645027645 0.930605300702 2.29210963643 0.302604796346 -0.963121569211 -1.53417908435 -0.140056929095 -0.363250015308 1.5325453586 -0.373891368605 1.20552440237 1.23009689049 1.18592570185 0.988822702022
2018-01-12 10:24:03.225176 1700000 1700000 -0.331473565241 -0.0917145629073 -0.662536792753 -0.0811753606866 -0.193470359806 -0.358947588675 -0.72950579037 -1.52916248158 -0.344194709319 -0.446692154132 -0.446516197315 -0.838149188798 -0.329601993226 -0.982930577822 -1.01559302625 -0.56449384248
2018-01-12 10:24:03.920650 1700000 1700000 -0.803543687439 0.169949354473 -1.68682290848 -0.346294357521 0.0573003223076 -0.297600625653 -0.840165896137 -1.55034369324 0.520223201424 -0.0141553528801 -0.258642150993 -0.883572610396 -0.801384468306 -1.35024750813 -1.48570900465 -0.474645140396
 -0.394342740394 -0.902375052853 -0.795622676907 -0.871245403719 -2.86882296604 -3.14165029973 -1.02240706723
2018-01-12 10:21:57.674845 0xFFFFFFFFFFFFFFFFFFFFFFFFFFFFFFFFFFFFFFFF 0xFFFFFFFFFFFFFFFFFFFFFFFFFFFFFFFFFFFFFFFF -0.548945288578 -1.24116079578 0.266959445693 -58.9322793295 0.208861515423 -0.301681544591 -1.40561826572 -1.62059042607 0.403735454322 -0.193252121884 -0.134928761216 -0.611203503408 -0.550089547116 -2.05403604513 -2.39619173596 -0.337832254116
2018-01-12 10:22:02.686635 0x000000000000000FFFFF000000000000000FFFFF 0x000000000000000FFFFF000000000000000FFFFF -0.290494748809 -1.20418617456 1.09163035956 -58.9322793295 2.11270326413 0.213673359475 -1.42042029191 -1.64152661504 1.06005775456 0.0932892174685 1.24095199736 -0.485896531755 -0.290294747861 -0.793939368957 -1.22434247617 0.669949097614
2018-01-12 10:22:07.746686 0xFFFFFFFFFFFFFFFFFFFFFFFFFFFFFFFFFFFFFFFF 0xFFFFFFFFFFFFFFFFFFFFFFFFFFFFFFFFFFFFFFFF 0.808232183542 0.406520762193 0.288743205681 -48.3794678859 0.0746700265271 -0.314000785326 -1.1771522093 0.398047701711 -0.54470717608 -0.61436555454 -0.236810589014 -0.749858391608 0.808266117562 -1.82701075345 -2.05101831538 -0.516179958557
2018-01-12 10:22:12.761213 0xFFFFFFFFFFFFFFFFFFFFFFFFFFFFFFFFFFFFFFFF 0xFFFFFFFFFFFFFFFFFFFFFFFFFFFFFFFFFFFFFFFF -0.198934171113 1.38634822443 -0.72886958237 -37.7143924907 -0.879179850478 -0.492629775978 1.18473631765 0.24224350468 -0.737936554648 -0.619994045134 -0.922656201751 -0.788267702484 -0.193799536709 -2.74196283947 -2.96471266397 -1.07926026559
2018-01-12 10:22:17.774231 0xFFFFFFFFFFFFFFFFFFFFFFFFFFFFFFFFFFFFFFFF 0xFFFFFFFFFFFFFFFFFFFFFFFFFFFFFFFFFFFFFFFF 0.354591139503 -0.654188683961 0.985823525325 -48.1549399828 0.603049014053 0.458004967379 0.357753550041 -1.3644872772 -0.314551764436 -0.203485741147 0.174525388638 -0.526757500772 0.36042936837 -1.58439371438 -1.99590659276 0.135684795228
2018-01-12 10:22:22.792798 0xFFFFFFFFFFFFFFFFFFFFFFFFFFFFFFFFFFFFFFFF 0xFFFFFFFFFFFFFFFFFFFFFFFFFFFFFFFFFFFFFFFF -0.228067082198 -0.915321946304 0.394550039913 -27.0493170955 0.0411221543033 -0.055296729898 0.109980502935 -0.15700475021 -0.23108881296 -0.218324489077 -0.447239410915 -0.641168214021 -0.230913079459 -0.861739846284 -0.913976459352 -0.386897343111
2018-01-12 10:22:27.805075 0xFFFFFFFFFFFFFFFFFFFFFFFFFFFFFFFFFFFFFFFF 0xFFFFFFFFFFFFFFFFFFFFFFFFFFFFFFFFFFFFFFFF -0.228067082198 -1.10712779387 0.908024382508 -42.7662703094 0.309505132094 0.00424626698616 -0.102396394584 -0.0888404140093 -0.0881901233131 -0.167668073728 -0.43486124492 -0.68611527994 -0.225964607093 -0.788742119824 -0.800852397145 -0.449981028961
2018-01-12 10:22:32.820512 0xFFFFFFFFFFFFFFFFFFFFFFFFFFFFFFFFFFFFFFFF 0xFFFFFFFFFFFFFFFFFFFFFFFFFFFFFFFFFFFFFFFF -0.630517439616 -1.15565698421 -0.218507205488 -42.878534261 -0.401709759052 -0.389969436523 -0.382347759495 -0.239775729883 -0.0679566805312 -0.236233322787 -0.747171894619 -0.773149143948 -0.631739341168 -2.10600853646 -2.26566397187 -0.859635581519
2018-01-12 10:22:37.833107 0xFFFFFFFFFFFFFFFFFFFFFFFFFFFFFFFFFFFFFFFF 0xFFFFFFFFFFFFFFFFFFFFFFFFFFFFFFFFFFFFFFFF -0.373731637623 2.05651323399 -0.881978295435 -53.5436096562 -0.883624943548 -0.598205669074 -1.25116234025 -0.663368390559 -0.733384030022 -0.707133313155 -0.932082651239 -0.813737706505 -0.371944541912 -3.08545375945 -3.38530212602 -1.08237550934
2018-01-12 10:22:42.843606 0xFFFFFFFFFFFFFFFFFFFFFFFFFFFFFFFFFFFFFFFF 0xFFFFFFFFFFFFFFFFFFFFFFFFFFFFFFFFFFFFFFFF 2.38557122658 1.06282028879 0.94536797106 -42.878534261 0.108217898751 -0.295521924224 -1.09992424657 -1.3800676969 -0.644483340799 -0.661440203148 -0.210149923796 -0.701097635247 2.37940609401 -1.5362010406 -1.75225476647 -0.359638960336
2018-01-12 10:22:47.858829 0x000000000000000000000000000000FFFFFFFFFF 0x000000000000000000000000000000FFFFFFFFFF 0.983029650052 -0.436962784313 1.48685000507 -26.9370531439 2.75011283638 0.476483828481 -1.1771522093 -1.58066560058 -0.0388711065322 -0.366711968385 1.71703530483 -0.281591686667 0.983936886582 0.43095775627 0.16505305708 0.9775794175
2018-01-12 10:22:52.872901 0xFFFFFFFFFFFFFFFFFFFFFFFFFFFFFFFFFFFFFFFF 0xFFFFFFFFFFFFFFFFFFFFFFFFFFFFFFFFFFFFFFFF -0.136506504502 -0.594104924484 0.0926893657815 -48.2672039343 0.846271087676 -0.0532435231089 -1.01947845205 -1.60160178955 0.0913816813765 -0.277167799837 0.326872047027 -0.784317808813 -0.136892104491 -1.99096033974 -2.37298680012 -0.192194609006
2018-01-12 10:22:58.066635 0xFFFFFFFFFFFFFFFFFFFFFFFFFFFFFFFFFFFFFFFF 0xFFFFFFFFFFFFFFFFFFFFFFFFFFFFFFFFFFFFFFFF -0.56351174412 -0.494735629964 -0.626174713851 -53.5436096562 -0.395000184607 -0.429391006874 -0.826408545217 -1.6030624539 -0.194415697918 -0.400994592915 -0.576734070546 -0.829945890882 -0.562460728033 -2.75424724651 -3.06333364128 -0.854962715901
2018-01-12 10:23:03.053054 0xFFFFFFFFFFFFFFFFFFFFFFFFFFFFFFFFFFFFFFFF 0xFFFFFFFFFFFFFFFFFFFFFFFFFFFFFFFFFFFFFFFF -0.786170421699 -1.39368110829 -0.395889251112 -48.2672039343 -0.562739545726 -0.496736189557 -1.03234977917 -1.53781944639 0.302568240413 -0.167668073728 -0.693850564183 -0.803658667481 -0.784894560919 -2.7013298008 -3.0169237696 -0.80511881597
2018-01-12 10:23:08.070486 0xFFFFFFFFFFFFFFFFFFFFFFFFFFFFFFFFFFFFFFFF 0xFFFFFFFFFFFFFFFFFFFFFFFFFFFFFFFFFFFFFFFF -0.863164543852 -1.63239850652 0.366542348499 -48.1549399828 -0.765704172681 -0.564286692918 -1.24472667669 -1.43557294209 0.455583651451 -0.142084025571 -0.841436389497 -0.774102566558 -0.863080424314 -2.50926782147 -2.74136515653 -0.911815914259
2018-01-12 10:23:13.083886 0xFFFFFFFFFFFFFFFFFFFFFFFFFFFFFFFFFFFFFFFF 0xFFFFFFFFFFFFFFFFFFFFFFFFFFFFFFFFFFFFFFFF -0.78325713059 -1.31742095204 -0.535927708183 -58.9322793295 -0.710350183512 -0.540058852807 -0.929379162196 -1.54268832755 -0.137509140094 -0.383597440168 -0.793828058751 -0.767701014745 -0.783657442827 -2.97914639082 -3.31858793549 -0.911037103323
2018-01-12 10:23:18.097789 0x000000000000000FFFFF000000000000000FFFFF 0x000000000000000FFFFF000000000000000FFFFF -0.307142126572 -1.21342982986 1.06362266814 -58.9322793295 2.01205964746 0.186981671217 -1.41848959285 -1.63568395765 1.04741185282 0.0932892174685 1.16477866817 -0.387830206112 -0.307614401144 -0.677946217851 -1.07931162719 0.662939799186
2018-01-12 10:23:23.110175 0xFFFFFFFFFFFFFFFFFFFFFFFFFFFFFFFFFFFFFFFF 0xFFFFFFFFFFFFFFFFFFFFFFFFFFFFFFFFFFFFFFFF 0.0965567841782 -0.661121425439 0.565708154111 -58.9322793295 1.0894931613 -0.055296729898 -1.37022211614 -0.926287973048 -0.0173730735764 -0.381039035353 0.498262037715 -0.652064472426 0.0956860967474 -1.53809094937 -1.91468931733 0.0702646765687
2018-01-12 10:23:28.124154 0xFFFFFFFFFFFFFFFFFFFFFFFFFFFFFFFFFFFFFFFF 0xFFFFFFFFFFFFFFFFFFFFFFFFFFFFFFFFFFFFFFFF -0.215581548876 2.21827720181 -0.823473340036 -37.9389203937 -0.883373334506 -0.585024081488 0.203297624572 2.09728722557 -0.739454062856 -0.698485904878 -0.928559634764 -0.799027757659 -0.216067662359 -2.83976561861 -3.07203549221 -1.11352794679
2018-01-12 10:23:33.140705 0xFFFFFFFFFFFFFFFFFFFFFFFFFFFFFFFFFFFFFFFF 0xFFFFFFFFFFFFFFFFFFFFFFFFFFFFFFFFFFFFFFFF -0.699187872888 -0.61952497657 -0.787996930912 -42.878534261 -0.6935762474 -0.475177518271 0.138940988961 0.320145603196 -0.356283240174 -0.328847577113 -0.837627723038 -0.742094807494 -0.699533412592 -2.71408668503 -2.9879175998 -0.925055700178
2018-01-12 10:23:38.154327 0x000000000000000FFFFF000000000000000FFFFF 0x000000000000000FFFFF000000000000000FFFFF -0.244714459961 -1.23653896812 1.42772265653 -26.8247891924 0.393374812654 -0.0162858009049 -0.260070151833 -0.312808947241 -0.0262252047935 -0.172784883359 -0.454856743834 -0.645254310923 -0.24575849656 0.0664416011637 0.194059226876 -0.302006951041
2018-01-12 10:23:43.170953 0xFFFFFFFFFFFFFFFFFFFFFFFFFFFFFFFFFFFFFFFF 0xFFFFFFFFFFFFFFFFFFFFFFFFFFFFFFFFFFFFFFFF -0.465292215319 -1.17876612247 0.385214142775 -42.6540063579 -0.111520664315 -0.238032134129 -0.240763161149 -0.478350906585 -0.0831317626176 -0.208602550778 -0.689089731108 -0.737327694442 -0.465965516881 -1.46840056327 -1.52600664206 -0.743592751992
2018-01-12 10:23:48.190223 0xFFFFFFFFFFFFFFFFFFFFFFFFFFFFFFFFFFFFFFFF 0xFFFFFFFFFFFFFFFFFFFFFFFFFFFFFFFFFFFFFFFF -0.855673223859 4.39053619829 -1.11465997177 -58.820015378 -0.908114890271 -0.605145508022 -1.18037004108 -0.307940066083 -0.657887996642 -0.669882939039 -0.949888166938 -0.818777226017 -0.856152563001 -3.29192629319 -3.63185456929 -1.10106697181
2018-01-12 10:23:53.199355 0xFFFFFFFFFFFFFFFFFFFFFFFFFFFFFFFFFFFFFFFF 0xFFFFFFFFFFFFFFFFFFFFFFFFFFFFFFFFFFFFFFFF 1.93193018254 1.4094573627 0.45990131988 -53.5436096562 -0.472998987528 -0.473945594197 -1.12888473259 -1.28853273114 -0.701895734692 -0.690913026624 -0.636720567286 -0.760346040322 1.934043581 -2.14664157514 -2.35848371522 -0.744371562929
2018-01-12 10:23:58.207566 0xFFFFFFFFFFFFFFFFFFFFFFFFFFFFFFFFFFFFFFFF 0xFFFFFFFFFFFFFFFFFFFFFFFFFFFFFFFFFFFFFFFF 1.4990983607 -0.256711505881 1.77937478206 -27.0493170955 2.81720858083 0.501122309951 -1.17071654574 -1.5660589571 -0.18176979618 -0.436300579371 1.77416530173 -0.262523234459 1.50105224891 0.586875230262 0.341990692839 1.01651996432
2018-01-12 10:24:03.224540 0xFFFFFFFFFFFFFFFFFFFFFFFFFFFFFFFFFFFFFFFF 0xFFFFFFFFFFFFFFFFFFFFFFFFFFFFFFFFFFFFFFFF -0.0532696156878 -0.612592235092 0.251399617129 -48.0426760313 -0.00919965403255 -0.318107198904 -0.987300134246 -1.56167696406 -0.365135371391 -0.511517680951 -0.29203625268 -0.760890853243 -0.0527680742557 -2.16294203833 -2.44260160763 -0.572254345979
2018-01-12 10:24:03.920512 0xFFFFFFFFFFFFFFFFFFFFFFFFFFFFFFFFFFFFFFFF 0xFFFFFFFFFFFFFFFFFFFFFFFFFFFFFFFFFFFFFFFF -0.531049357483 -0.457761008747 -0.595055056724 -53.5436096562 0.27595725987 -0.242138547707 -1.07418159232 -1.58017871246 0.411322995366 -0.121616787046 -0.0958899300038 -0.809651609603 -0.530295657649 -2.61935500765 -3.03722808846 -0.480354655482
