503.0Gb memory in total.
Using: 453.403Gb.
MEGAHIT v1.1.1
--- [Fri Jan 12 10:12:09 2018] Start assembly. Number of CPU threads 160 ---
--- [Fri Jan 12 10:12:09 2018] Available memory: 540930650112, used: 486837585100
--- [Fri Jan 12 10:12:09 2018] Converting reads to binaries ---
    [read_lib_functions-inl.h  : 209]     Lib 0 (/scratch/shofmeyr/hipmer_metagenome_data/SYNTHbbqc_25perc.fq): interleaved, 36327152 reads, 101 max length
    [utils.h                   : 126]     Real: 57.3668	user: 27.5880	sys: 3.1760	maxrss: 158564
--- [Fri Jan 12 10:13:07 2018] k-max reset to: 119 ---
--- [Fri Jan 12 10:13:07 2018] k list: 21,29,39,59,79,99,119 ---
--- [Fri Jan 12 10:13:07 2018] Extracting solid (k+1)-mers for k = 21 ---
--- [Fri Jan 12 10:13:41 2018] Building graph for k = 21 ---
--- [Fri Jan 12 10:14:10 2018] Assembling contigs from SdBG for k = 21 ---
--- [Fri Jan 12 10:14:56 2018] Local assembling k = 21 ---
--- [Fri Jan 12 10:15:27 2018] Extracting iterative edges from k = 21 to 29 ---
--- [Fri Jan 12 10:15:50 2018] Building graph for k = 29 ---
--- [Fri Jan 12 10:16:08 2018] Assembling contigs from SdBG for k = 29 ---
--- [Fri Jan 12 10:16:42 2018] Local assembling k = 29 ---
--- [Fri Jan 12 10:17:14 2018] Extracting iterative edges from k = 29 to 39 ---
--- [Fri Jan 12 10:17:36 2018] Building graph for k = 39 ---
--- [Fri Jan 12 10:17:52 2018] Assembling contigs from SdBG for k = 39 ---
--- [Fri Jan 12 10:18:25 2018] Local assembling k = 39 ---
--- [Fri Jan 12 10:18:58 2018] Extracting iterative edges from k = 39 to 59 ---
--- [Fri Jan 12 10:19:18 2018] Building graph for k = 59 ---
--- [Fri Jan 12 10:19:36 2018] Assembling contigs from SdBG for k = 59 ---
--- [Fri Jan 12 10:20:13 2018] Local assembling k = 59 ---
--- [Fri Jan 12 10:20:41 2018] Extracting iterative edges from k = 59 to 79 ---
--- [Fri Jan 12 10:20:54 2018] Building graph for k = 79 ---
--- [Fri Jan 12 10:21:09 2018] Assembling contigs from SdBG for k = 79 ---
--- [Fri Jan 12 10:21:37 2018] Local assembling k = 79 ---
--- [Fri Jan 12 10:22:05 2018] Extracting iterative edges from k = 79 to 99 ---
--- [Fri Jan 12 10:22:13 2018] Building graph for k = 99 ---
--- [Fri Jan 12 10:22:25 2018] Assembling contigs from SdBG for k = 99 ---
--- [Fri Jan 12 10:22:55 2018] Local assembling k = 99 ---
--- [Fri Jan 12 10:23:21 2018] Extracting iterative edges from k = 99 to 119 ---
--- [Fri Jan 12 10:23:25 2018] Building graph for k = 119 ---
--- [Fri Jan 12 10:23:36 2018] Assembling contigs from SdBG for k = 119 ---
--- [Fri Jan 12 10:24:02 2018] Merging to output final contigs ---
--- [STAT] 57797 contigs, total 191898726 bp, min 200 bp, max 708009 bp, avg 3320 bp, N50 15253 bp
--- [Fri Jan 12 10:24:03 2018] ALL DONE. Time elapsed: 714.139452 seconds ---
