number of threads 160
reads 4359256
long reads 0
extra reads 0
read_length 101
kmer 60
kmers 21358992 21002905
merge bubble 63
contigs: 46968 n50: 266 max: 8310 mean: 118 total length: 5562158 n80: 60
aligned 179632 reads
confirmed bases: 2090900 correct reads: 85068 bases: 3800
kmer 20
kmers 49539227 49523114
merge bubble 12737
contigs: 285138 n50: 349 max: 6768 mean: 121 total length: 34637364 n80: 223
aligned 871358 reads
confirmed bases: 8060178 correct reads: 101661 bases: 1174
distance mean -nan sd -nan
invalid insert distance
kmer 40
kmers 36545515 36836438
merge bubble 92
contigs: 188494 n50: 390 max: 9579 mean: 174 total length: 32802525 n80: 246
aligned 873084 reads
confirmed bases: 8438474 correct reads: 113890 bases: 231
distance mean -nan sd -nan
invalid insert distance
kmer 60
kmers 33123108 33111533
merge bubble 15
contigs: 100623 n50: 444 max: 20308 mean: 282 total length: 28442312 n80: 287
aligned 842223 reads
confirmed bases: 8291908 correct reads: 115261 bases: 52
distance mean -nan sd -nan
invalid insert distance
kmer 80
kmers 24350358 24211454
merge bubble 2
contigs: 53400 n50: 503 max: 20328 mean: 451 total length: 24118008 n80: 339
aligned 802317 reads
confirmed bases: 8036354 correct reads: 114945 bases: 25
distance mean -nan sd -nan
invalid insert distance
kmer 100
kmers 19083600 18976936
merge bubble 0
contigs: 40924 n50: 539 max: 20328 mean: 536 total length: 21945085 n80: 370
reads 4359256
aligned 763209 reads
distance mean -nan sd -nan
invalid insert distance
