Date Time Prediction All_Predictions EXEC IPC FREQ AFREQ L3MISS_Rate L2MISS_Rate L3HIT L2HIT L3MPI L2MPI READ_Rate WRITE_Rate INST_Rate POWER_Total POWER_Proc POWER_DRAM
2018-01-12 10:37:08.226395 1700000 1700000 -1.13127878099 5.0048736786 -2.3099051905 2.40228626272 -0.985536934868 -0.587390414761 0.85252386985 1.55604821696 -0.667999464158 -0.555110171243 -1.07598545349 -0.879512416287 -1.13040996647 -0.342977789305 -0.183143757185 -0.765511277651
2018-01-12 10:37:13.227112 1700000 1700000 -1.1432450184 5.70785136708 -2.31796391215 2.29407442728 -0.988413422104 -0.589844293282 0.590218433959 1.68425028755 -0.666028478694 -0.571003911972 -1.08054550315 -0.891819879681 -1.14238786351 -0.377960354096 -0.215249238637 -0.799014183513
2018-01-12 10:37:18.243901 1700000 1700000 -1.1397086046 5.74690568311 -2.31638229388 -0.0703541771423 -0.987085812611 -0.58913134209 0.602514001266 1.62851025686 -0.660537876329 -0.565327575997 -1.08054550315 -0.890043544758 -1.13896560721 -1.61356735724 -1.62101067648 -1.07998173495
2018-01-12 10:37:23.254345 1700000 1700000 -1.13917403042 5.39541683887 -2.31521490897 -0.0919965442308 -0.987012056528 -0.589081601309 0.614809568573 1.5671962231 -0.662086507766 -0.565895209595 -1.08008949819 -0.888901615165 -1.13847671345 -1.56869841544 -1.56138621092 -1.09825604723
2018-01-12 10:37:28.265277 1700000 1700000 -1.13785815551 5.90312294722 -2.31593040295 -0.0919965442308 -0.98656952003 -0.589098181569 0.524642074986 1.60064024151 -0.660678661005 -0.569868644777 -1.07945109123 -0.888394090901 -1.13701003218 -1.62478459269 -1.63018367118 -1.09444889884
2018-01-12 10:37:33.276999 1700000 1700000 -1.13868057733 5.35636252284 -2.31487599077 -0.0919965442308 -0.987085812611 -0.589031860528 0.643499225624 1.60621424458 -0.664339062582 -0.565895209595 -1.08036310117 -0.889409139428 -1.1379878197 -1.61603895149 -1.61642417913 -1.10510891434
2018-01-12 10:37:38.292815 1700000 1700000 -1.13859833515 5.74690568311 -2.31585508779 -0.0865859524587 -0.987012056528 -0.588915798706 0.663991837803 1.7288423121 -0.66335356985 -0.564192308802 -1.08008949819 -0.888013447703 -1.13774337282 -1.60158963125 -1.6003714384 -1.10054033627
2018-01-12 10:37:43.305198 1700000 1700000 -1.13876281951 5.66879705106 -2.31574211506 -0.0919965442308 -0.986938300445 -0.588998700008 0.631203658317 1.72326830903 -0.66264964647 -0.565327575997 -1.08018069918 -0.889028496231 -1.1379878197 -1.63124876227 -1.63477016853 -1.10510891434
2018-01-12 10:37:48.317539 1700000 1700000 -1.16582049724 4.18473304203 -2.32707704597 -0.097407136003 -0.993598474737 -0.592248431022 0.77465194357 1.18816401443 -0.645614700672 -0.53808116332 -1.07981589521 -0.904317664674 -1.16507253381 -1.80254925616 -1.80676381916 -1.22008479582
2018-01-12 10:37:53.329949 1700000 1700000 -1.1378992766 5.20014525873 -2.31400986648 -0.0865859524587 -0.986938300445 -0.589015280268 0.623006613445 1.75113832437 -0.66476141661 -0.567598110387 -1.08027190017 -0.888647853033 -1.13701003218 -1.68429297736 -1.69898113143 -1.10434748466
2018-01-12 10:37:58.348307 1700000 1700000 -1.1397086046 5.62974273503 -2.31611869084 -0.0865859524587 -0.98730708086 -0.589098181569 0.663991837803 1.72326830903 -0.66405749323 -0.564192308802 -1.08063670415 -0.889409139428 -1.13896560721 -1.68752506215 -1.70127438011 -1.10967749241
2018-01-12 10:38:03.363912 1700000 1700000 -1.13415725734 6.21555747543 -2.3149889635 -0.0919965442308 -0.987528349108 -0.590010095885 0.34430708781 1.51145619241 -0.68137400838 -0.595979790259 -1.07926868925 -0.889409139428 -1.13334332901 -1.67820905305 -1.69210138541 -1.10282462531
2018-01-12 10:38:08.378408 1700000 1700000 -1.126755461 7.27002400816 -2.31423581195 -0.0919965442308 -0.989962299847 -0.592231850762 -0.770491014728 0.201565471261 -0.717837239468 -0.643547485725 -1.07954229223 -0.890424187956 -1.12576547578 -1.69798180706 -1.71732712083 -1.09825604723
2018-01-12 10:38:13.394354 1700000 1700000 0.182540069556 3.59891830163 -1.45334592622 -0.0919965442308 -0.831460477535 -0.297600625653 1.90174561342 0.876019842578 -0.727973736141 -0.496076277109 -0.934441511791 -0.769760294268 0.186180919946 -1.18845314597 -1.17382718483 -0.862212846843
2018-01-12 10:38:18.407547 1700000 1700000 0.848701740254 0.884643337764 0.263839620738 -0.0865859524587 1.34803177436 0.36229373334 0.159873578199 0.0510673884047 -0.245645436108 -0.283781311666 0.775577113709 0.0181711250811 0.85352089765 0.376826505801 0.264039734461 0.632473612401
2018-01-12 10:38:23.417850 1900000 1900000 0.499172468592 0.412086113839 0.248776589624 -0.0865859524587 1.5176707652 0.576179090903 0.438573103834 -0.272224789582 -0.0865587522086 -0.0936240565221 0.912378603749 0.0181711250811 0.501517392927 0.358954978135 0.215881512283 0.720799455128
2018-01-12 10:38:28.433292 1700000 1700000 1.02141032155 0.927603085394 0.440830236324 -0.0865859524587 0.986626967786 0.528096336102 0.786947510877 -0.121726706726 -0.363904563962 -0.251993830209 0.492854034293 -0.140430207316 1.02463371245 0.172444673461 0.0805798404521 0.423080450765
2018-01-12 10:38:33.442210 1900000 1900000 0.462163486886 0.0723135644055 0.632883883023 0.427420265894 1.61355367307 0.620945793649 0.438573103834 -0.344686829476 -0.0429155026433 -0.0595660406756 0.994459497773 0.0917621433134 0.464850361185 0.422455938137 0.247986993735 0.868516812791
2018-01-12 10:38:38.454291 1800000 1800000 -0.00250483897072 0.818251000519 -0.79057255722 -0.0811753606866 0.315446612718 -0.141746179057 -0.249978665381 0.112381422161 -0.26394744399 -0.355870778541 -0.0452318265309 -0.507116487818 0.000401292452673 -0.717899625002 -0.820666888865 -0.15027609728
2018-01-12 10:38:43.481188 1700000 1700000 -1.11688639921 6.87948084789 -2.30945329957 0.416599082349 -0.968573035784 -0.587290933199 -1.33321814516 -0.684701016669 -0.566634497426 -0.581788950323 -1.05774525481 -0.86263723452 -1.11623204753 -1.57021939652 -1.58890519503 -1.01297592322
2018-01-12 10:38:48.490661 1800000 1800000 -1.01079398499 -1.68903608841 0.40317265854 0.167711860831 -0.891202904744 -0.548625766235 0.291026296145 -1.42827302604 -0.490610772377 -0.450097955716 -0.981866028338 -0.870757622739 -1.00989765548 -0.988254011595 -0.91239683587 -0.928457228888
2018-01-12 10:38:53.507574 1800000 1800000 -0.999691290478 -1.5289133927 -0.64747376164 -0.0865859524587 -0.872026323171 -0.532045505959 0.569725821779 -0.562072949157 -0.458230296893 -0.3870906264 -0.973657938935 -0.872407076596 -0.998653099078 -1.13597929878 -1.09127023253 -0.926172939852
2018-01-12 10:38:58.522039 1800000 1800000 0.293567014673 0.400369819031 -0.0562497904276 0.167711860831 0.0941783637948 -0.194803011941 -0.0983333352563 0.33534154491 -0.439928289011 -0.451233222911 -0.451988256916 -0.531223890343 0.296182015172 0.0444921402842 0.110392073229 -0.188347581214
2018-01-12 10:39:03.531788 1900000 1900000 0.367584978083 0.162138491267 0.339154776307 0.167711860831 0.322822221016 -0.138430127002 -0.254077187817 0.251731498879 -0.387837958885 -0.432501314196 -0.342547064884 -0.502041245182 0.371960547439 0.347927865321 0.438326633769 -0.0619502545531
2018-01-12 10:39:08.545367 1700000 1700000 -0.56175167363 0.00201579555714 -1.18221136618 0.167711860831 -0.428752264494 -0.410346395532 -0.426215130121 0.0789374037484 -0.355457483401 -0.428527879014 -0.767543693942 -0.713932625264 -0.559382058809 -0.80573628225 -0.774801915363 -0.654342544564
2018-01-12 10:39:13.558245 1700000 1700000 -0.450724728514 4.26284167409 -1.91276837519 0.427420265894 -0.949101429879 -0.581637064445 -1.07378167498 -0.701423025875 -0.753878116529 -0.663641715074 -1.04917236144 -0.883318848264 -0.449380963583 -1.37933627124 -1.35040733282 -1.04038739165
2018-01-12 10:39:18.573183 1900000 1900000 1.47785442925 1.67744595311 0.316560229636 -0.0865859524587 0.625222161211 -0.14672025714 -0.926234867288 -1.38591060272 -0.499057852938 -0.537513529723 0.201010855541 -0.595933233961 1.4866383124 -0.361799930144 -0.460626846873 0.0804370953597
2018-01-12 10:39:23.584767 1900000 1900000 0.421042396102 0.177760217678 0.410704174097 -0.0865859524587 1.78319266391 0.173278766191 -0.926234867288 -1.44332283432 0.0260689886049 -0.278104975691 1.12214088848 -0.524879837047 0.42573886066 -0.17091680487 -0.423934868072 0.723083744164
2018-01-12 10:39:28.600903 1500000 1500000 -0.582312219022 -1.16570825365 0.542505696341 0.422009674122 0.153183230174 -0.252833922907 -0.692619088448 -1.26049553367 0.116171181256 -0.199771539244 -0.154673018563 -0.801988085011 -0.581382277854 -0.520172084878 -0.561529788578 -0.218804768361
2018-01-12 10:39:33.697864 1500000 1500000 -0.352034110633 -1.00949098954 0.956739051968 0.427420265894 0.669475810995 -0.106927632477 -0.741801357677 -1.32292436804 0.15418304378 -0.186715966503 0.237491252885 -0.793487053595 -0.349157743488 -0.257992971579 -0.329911672392 0.0621627830714
2018-01-12 10:39:38.720440 1500000 1500000 -0.738572364001 -1.08369418999 -0.429059810491 -0.595181579039 0.0277978891178 -0.295942599626 -0.745899880113 -1.47509465182 0.296375566557 -0.113491232433 -0.27049828013 -0.872407076596 -0.735383811171 -0.982740455188 -1.1027364759 -0.274389134904
2018-01-12 10:39:43.913601 1500000 1500000 -1.05027023214 -1.73707289712 0.346686291863 -0.606002762583 -0.478906400917 -0.441683087454 -0.713111700627 -1.31512076374 1.08758544577 0.309395797662 -0.661750541644 -0.814041786273 -1.04852026225 -0.95232083363 -0.953675312021 -0.647489677456
2018-01-12 10:39:48.851710 1500000 1500000 -1.0638401921 -1.75464733933 0.346686291863 -0.606002762583 -0.55487516638 -0.463569031018 -0.696717610884 -1.35692578676 0.98903617256 0.263985109867 -0.727415256864 -0.833962113622 -1.06172039367 -0.966009663331 -0.960555058047 -0.679469723961
2018-01-12 10:39:53.870654 1900000 1900000 -0.471285273906 -0.392432796314 -0.662536792753 -0.606002762583 0.654724594401 -0.130139996863 -0.852461463444 -1.48457045703 0.287928485996 -0.13619657633 0.219251054213 -0.878751129891 -0.461603307497 -0.939582617103 -1.12337571398 -0.0330159267633
2018-01-12 10:39:58.885563 1900000 1900000 -1.10825097015 -1.77573666999 -0.425294052713 -0.606002762583 -0.831460477535 -0.549952187057 -1.03279645062 -1.37141819474 0.31467757444 -0.152090317059 -0.943561611127 -0.840179285852 -1.10718751303 -1.33180561256 -1.34811408414 -0.857644268771
2018-01-12 10:40:03.892169 1800000 1800000 -1.00051371229 -1.13837023243 -1.50606653512 0.427420265894 -0.773193171985 -0.530387479931 -0.811476239086 -1.49348886194 -0.197778646262 -0.378008488841 -0.897961114447 -0.834723400018 -0.999630886591 -1.38408933711 -1.40544530102 -0.876680010738
2018-01-12 10:40:08.907597 1300000 1300000 -0.508294255611 -1.20476256967 1.06971178532 0.427420265894 1.74631462242 0.0953515428931 -1.24182109485 -1.60887072547 1.12982084858 0.184516406225 1.0765403918 -0.53503032232 -0.50804821437 0.575884904368 0.488778104621 0.683489400872
2018-01-12 10:40:13.927191 1800000 1800000 -0.109419675009 0.119178743638 -0.451654357162 0.173122452604 0.300695396123 -0.252833922907 -1.09427428716 -0.484036906194 -0.217488500904 -0.41149887109 -0.0634720252029 -0.798054771968 -0.107155333991 -0.47568338835 -0.495025577 -0.261444830367
2018-01-12 10:40:18.939177 1700000 1700000 1.22290366639 3.75513556574 -0.820698619447 -1.11459838916 -0.945929918311 -0.541827859522 1.51648450445 2.99971501177 -0.774855033255 -0.660008860051 -1.04087307104 -0.888267209835 1.22752462142 -1.1918753534 -1.12796221133 -1.0282045168
2018-01-12 10:40:23.952806 1700000 1700000 2.2098098452 2.93499492917 0.158398402942 0.156890677287 -0.919230216274 -0.515133640477 1.51238598201 2.95512298722 -0.774137031407 -0.658760066136 -1.01779921972 -0.870503860607 2.21997894724 -0.55078182907 -0.364310402519 -0.996224470291
2018-01-12 10:40:28.965164 1800000 1800000 -0.763245018471 -0.947004083896 -0.794338314998 -0.0865859524587 -0.156592318318 -0.191486959885 0.491853895499 -1.47119284967 0.165445817862 0.13910571843 -0.431924038377 -0.753265755699 -0.764717436564 -1.01011811459 -1.08897698385 -0.429720789354
2018-01-12 10:40:33.977145 1500000 1500000 -0.294464583536 -0.83765199902 0.614055094131 -0.0865859524587 1.30377812458 0.508200023771 0.491853895499 -1.48568525765 0.431528855534 0.366159157407 0.584055027653 -0.598470855279 -0.295379430266 0.136131250226 0.0117823801989 0.506076285741
2018-01-12 10:40:38.990940 1500000 1500000 -0.475397382984 -0.861084588637 0.0680202162603 0.167711860831 0.77273432716 0.252864015517 0.495952417935 -1.48680005826 0.385069912448 0.326424805586 0.173650557533 -0.666986630875 -0.473825651411 -0.184035266667 -0.263407460814 0.137544321261
2018-01-12 10:40:44.006423 1500000 1500000 -0.356146219711 -0.771259661775 0.26007386296 -0.600592170811 1.08988548395 0.413692540197 0.508247985242 -1.48735745857 0.397740533289 0.343453813509 0.492854034293 -0.623847068463 -0.354046681054 -0.200956181158 -0.373483397219 0.435263325624
2018-01-12 10:40:49.021677 1500000 1500000 -0.545303237317 -0.794692251391 -0.297258288247 -0.606002762583 0.676851419293 0.196491130578 0.47136128332 -1.48011125458 0.441383782855 0.360482821432 0.164530458197 -0.675868305489 -0.542270777329 -0.529297971345 -0.673898973658 0.117747149615
2018-01-12 10:40:54.041082 2101000 2101000 -0.868515010877 0.662033736411 -1.90147110185 -0.606002762583 -0.720826353073 -0.412004421559 1.02466181215 0.664207725966 -0.369535951002 -0.185580699308 -0.912553273384 -0.819878315306 -0.867385125442 -1.40728429855 -1.43755078247 -0.862974276522
2018-01-12 10:40:59.047383 1700000 1700000 -0.541191128238 0.103557017227 -1.20104015507 -0.606002762583 -0.23772400959 -0.194803011941 0.663991837803 0.33534154491 -0.231566968506 -0.156063752241 -0.642598333039 -0.76722267295 -0.537381839764 -0.830832470035 -0.836719629591 -0.549265248907
2018-01-12 10:41:04.061477 1800000 1800000 -0.315025128928 -0.88061174665 0.674307218586 2.02354483867 0.219563704851 -0.00247199273657 0.528740597421 0.179269458986 -0.130202001774 -0.104976728471 -0.458372326452 -0.745652891744 -0.312490711746 0.943201834675 1.20197844258 -0.21347476061
2018-01-12 10:41:09.075433 2101000 2101000 -0.936776021578 -0.384621933109 -1.76590382183 -0.0865859524587 -0.681735629096 -0.448315191564 0.426277536526 0.0900854098859 -0.175253098099 -0.173092760164 -0.917113323052 -0.857181348685 -0.93583025136 -1.25176398334 -1.24950439111 -0.864497135879
2018-01-12 10:41:14.084653 1700000 1700000 0.0674010153617 3.87229851382 -1.5625529018 0.167711860831 -0.917017533785 -0.573164551444 -1.06148610767 -0.824051093388 -0.754863609261 -0.664039058593 -1.02290647535 -0.878370486694 0.0712908871539 -1.34891664969 -1.32518159739 -1.00231590772
2018-01-12 10:41:19.098662 1700000 1700000 1.65056301054 0.58783053596 1.73248515432 1.96943892095 1.94545604645 0.213071390854 -0.938530434596 -1.46171704445 -0.299143612994 -0.439312917365 1.25894237852 -0.389117096515 1.65775112719 1.61870755589 1.7156661458 0.786282407494
2018-01-12 10:41:24.101373 1900000 1900000 0.00571937918604 -0.0799982680993 -0.0185922126434 -0.0649435853702 0.920246493109 -0.0571868516481 -0.868855553187 -1.49850546471 -0.0302448818018 -0.299107418797 0.429013338941 -0.736771217129 0.00773469880108 -0.508004236255 -0.676192222333 0.210641570414
2018-01-12 10:41:29.163430 1900000 1900000 -0.401379419574 -0.505690312792 -0.349978897144 -0.0919965442308 0.293319787826 -0.208067220162 -0.668027953833 -1.33128537264 -0.00912718039929 -0.26277886856 -0.0634720252029 -0.829267514183 -0.400491587927 -0.799272112669 -0.889464349118 -0.24773909615
2018-01-12 10:41:34.152895 1500000 1500000 -0.520630582846 -1.06026160037 0.440830236324 0.422009674122 0.647348986103 -0.121849866725 -0.782786582035 -1.5146700736 0.373807138367 -0.0822713845733 0.219251054213 -0.842843788237 -0.515381620718 -0.424350276972 -0.515664815076 0.0126698539574
2018-01-12 10:41:39.394278 1500000 1500000 -0.602872764414 -1.05635616877 0.0906147629308 0.427420265894 0.625222161211 -0.133456048919 -0.827870328829 -1.50240726685 0.524446741705 -0.0141553528801 0.201010855541 -0.846650220214 -0.598493559334 -0.494125283919 -0.550063545202 -0.152560386316
2018-01-12 10:41:44.371929 1500000 1500000 -1.12881151554 -1.83041271242 -0.0298894859787 -0.606002762583 -0.803433166004 -0.54348588555 -1.10247133203 -1.42381382358 1.00311464016 0.161811062327 -0.911641263451 -0.846142695951 -1.12698771018 -1.16696928825 -1.16694743881 -0.799014183513
2018-01-12 10:41:49.384946 1800000 1800000 -1.14197026459 -1.67458599148 -1.77343533739 -0.606002762583 -0.938185529599 -0.578171790047 -0.946727479468 -1.17521328672 -0.0457311961637 -0.315568793122 -1.0345802025 -0.880273702682 -1.14043228848 -1.69665094862 -1.74025960758 -1.01678307162
2018-01-12 10:41:54.395039 1500000 1500000 -0.785450407494 -1.12665393762 -0.534501028287 -0.606002762583 0.131056405282 -0.310864833874 -1.25001813972 -1.60273932209 0.555419370428 -0.0765950485989 -0.185681356305 -0.683481169444 -0.784273186827 -0.786343773507 -0.871118359718 -0.256876252295
2018-01-12 10:41:59.410759 1300000 1300000 -0.520630582846 -1.18132998006 0.888955411956 0.162301269059 1.7979438805 0.103641673031 -1.2705107519 -1.6200187316 1.20021318659 0.212898086097 1.12214088848 -0.589589180665 -0.520270558284 0.468085370473 0.36264942749 0.670545096335
2018-01-12 10:42:04.427214 1700000 1700000 0.643096286335 2.3882345048 -0.81316710389 -0.595181579039 -0.437602994451 -0.428584681835 -0.684422043576 1.39997613104 -0.641250375715 -0.601656126234 -0.642598333039 -0.85642006229 0.645741051112 -0.942244333989 -0.92615632792 -0.698505465928
2018-01-12 10:42:09.443059 1700000 1700000 1.50252708372 3.24742945739 -0.474248903832 -1.12000898094 -0.934202701118 -0.534698347603 1.44271110061 2.97741899949 -0.773869540523 -0.659668279892 -1.03330338859 -0.885856469583 1.51108300022 -1.09510293232 -1.0110065289 -1.02896594647
2018-01-12 10:42:14.457817 1800000 1800000 -0.82616028737 -0.88061174665 -1.10689621061 -0.0919965442308 -0.424326899516 -0.262782079073 0.827932735235 -1.44666723617 -0.0274291882815 0.110724038557 -0.619798084699 -0.753265755699 -0.825829156134 -1.24491956849 -1.32747484606 -0.578199576697
2018-01-12 10:42:19.467737 1500000 1500000 -0.467173164828 -0.950909515498 0.316560229636 -0.0865859524587 0.499836820154 0.277734405932 0.840228302542 -1.47732425304 0.196418446585 0.349130149483 0.0915696635091 -0.609890151212 -0.466492245062 -0.518841226435 -0.678485471009 0.174854375516
2018-01-12 10:42:24.483905 1500000 1500000 -0.372594656025 -0.986058399923 0.787279951939 0.167711860831 0.669475810995 0.382190045672 0.844326824978 -1.47620945243 0.180932132223 0.337777477535 0.228371153549 -0.576901074073 -0.371157962533 -0.302291545472 -0.460626846873 0.318764584786
2018-01-12 10:42:29.497526 1500000 1500000 -0.504182146533 -0.993869263128 0.305262956301 -0.600592170811 0.440831953775 0.246231911407 0.844326824978 -1.47620945243 0.206273373907 0.360482821432 0.0824495641731 -0.645416849669 -0.500714808022 -0.698316993624 -0.900930592494 0.194651547161
2018-01-12 10:42:34.512770 1500000 1500000 -0.685114945982 -0.993869263128 -0.395167990486 -0.606002762583 0.0720515389024 0.0174243195949 0.811538645492 -1.46840584813 0.220351841508 0.354806485458 -0.226721803317 -0.713932625264 -0.681605497949 -1.00859713351 -1.17153393616 -0.149514667601
2018-01-12 10:42:39.531025 2101000 2101000 -0.820814545568 0.697182620835 -1.84498473518 -0.606002762583 -0.669934655821 -0.382159953062 0.995972155103 0.764539781204 -0.358273176921 -0.183310164918 -0.870600816439 -0.803637538868 -0.818495749786 -1.39815841208 -1.43984403114 -0.818811355159
2018-01-12 10:42:44.543824 1800000 1800000 -0.397267310495 -0.0643765416885 -0.816932861669 -0.606002762583 0.131056405282 -0.00910409684706 0.639400703188 0.0566413914734 -0.111899993892 -0.0538897047011 -0.405475750303 -0.724083110538 -0.395602650361 -0.48652037853 -0.488145830975 -0.327689212412
2018-01-12 10:42:49.553898 1800000 1800000 -0.38493098326 -0.740016208953 0.0981462784876 2.02354483867 0.0868027554973 -0.0555288256205 0.569725821779 0.363211560254 -0.151319703176 -0.111220698043 -0.501236793331 -0.764685051631 -0.380935837664 0.550028226044 0.754794950934 -0.303323462694
2018-01-12 10:42:54.567890 2101000 2101000 -1.05931687211 -0.583798944846 -2.01256095632 0.335440205768 -0.841786329151 -0.535361558014 -0.00816584166869 0.0287713761297 -0.17806879162 -0.26504940295 -1.01068554224 -0.877101676034 -1.05829813738 -1.48903703149 -1.49717524802 -0.992417321897
2018-01-12 10:42:59.576697 1700000 1700000 0.770571667765 3.63797261766 -1.0730043906 0.167711860831 -0.81449657845 -0.544646503769 -0.971318614082 -0.985697182381 -0.741066711011 -0.656943638625 -0.938089551525 -0.860987780663 0.775297896601 -1.15251996801 -1.11878921663 -0.901045760456
2018-01-12 10:43:04.591722 1700000 1700000 1.60944191975 0.513627335509 1.77014273211 1.96943892095 2.24048037835 0.29265664018 -0.946727479468 -1.48122605519 -0.242829742587 -0.412066504688 1.49606496125 -0.371353747286 1.60886175154 1.70730470367 1.78217035738 0.920294030941
2018-01-12 10:43:09.606074 1900000 1900000 -0.146428656714 0.177760217678 -0.564627090514 -0.0649435853702 0.802236760349 -0.0886893461729 -0.85655998588 -1.52916248158 0.0274768353651 -0.268455204535 0.337812345581 -0.789807502683 -0.143822365733 -0.711245332786 -0.875704857068 0.0591170643567
2018-01-12 10:43:14.652532 1900000 1900000 -0.532966910082 -0.361189343493 -0.839527408339 -0.0919965442308 0.344949045908 -0.201435116051 -0.72950579037 -1.46896324844 0.185155672504 -0.169119324982 -0.0178715285229 -0.846650220214 -0.530048433415 -0.938822126564 -1.0476985077 -0.281242002012
2018-01-12 10:43:19.829645 1500000 1500000 -0.742684473079 -1.35707440218 0.493550845222 0.422009674122 0.0941783637948 -0.272730235239 -0.692619088448 -1.51857187575 0.376622831887 -0.0595660406756 -0.22489778345 -0.863398520915 -0.740272748736 -0.632724684641 -0.637206994857 -0.418299344174
2018-01-12 10:43:24.821790 1500000 1500000 -0.734460254922 -1.06026160037 -0.451654357162 0.427420265894 0.212188096554 -0.252833922907 -0.831968851265 -1.55034369324 0.456870097217 -0.0482133687267 -0.127312720555 -0.862764115586 -0.723161467257 -0.767711755303 -0.816080391515 -0.364999266667
2018-01-12 10:43:29.856012 1500000 1500000 -1.13888618278 -1.84603443883 -0.0298894859787 -0.557307436634 -0.854324863257 -0.556252685962 -1.04919054036 -1.37587739719 0.876408431747 0.110724038557 -0.961801809799 -0.858830802542 -1.13749892594 -1.20233209831 -1.18070693086 -0.894954323027
2018-01-12 10:43:34.858303 1700000 1700000 -1.11935366466 0.00592122715982 -2.22381996769 -0.606002762583 -0.97292464468 -0.587622538405 -0.922136344853 -0.645682995188 -0.591975739109 -0.582924217518 -1.06130209355 -0.872533957661 -1.11843206944 -1.83772194359 -1.90078701484 -1.04876311812
2018-01-12 10:43:39.871916 1500000 1500000 -0.660442291511 -1.14227566403 0.0981462784876 -0.606002762583 0.802236760349 -0.143404205084 -1.26641222946 -1.61054292639 0.834173028942 0.0426080068642 0.337812345581 -0.601008476597 -0.657160810121 -0.270541065471 -0.378069894569 0.171808656801
2018-01-12 10:43:44.887792 1500000 1500000 -0.557639564552 -1.15008652724 0.606523578574 -0.0919965442308 1.68730975604 0.073797204534 -1.2799373535 -1.61890393099 1.22837012179 0.218574422072 1.03093989512 -0.651760902965 -0.554493121243 0.157424985317 0.00490263417357 0.614199300113
2018-01-12 10:43:49.902942 1700000 1700000 0.684217377119 4.65338483436 -1.32154440398 -0.600592170811 -0.934645237616 -0.552936633907 1.02466181215 3.01086301791 -0.769082861538 -0.659668279892 -1.03275618263 -0.892073641813 0.68729702042 -1.25404545495 -1.20363941761 -1.02592022776
2018-01-12 10:43:54.919488 1700000 1700000 1.47785442925 4.26284167409 -0.798104072777 -0.606002762583 -0.943348455407 -0.541827859522 1.47140075766 3.02758502711 -0.775361858089 -0.661768524203 -1.03713383031 -0.888647853033 1.4866383124 -0.996049039619 -0.894050846469 -1.02059022001
2018-01-12 10:43:59.928864 2101000 2101000 -0.458948946671 1.0799149179 -1.47594047289 -0.097407136003 -0.753279029582 -0.449641612386 0.860720914721 0.106807419092 -0.625764061353 -0.510267117045 -0.881544935642 -0.815818121196 -0.459158838714 -1.37401283747 -1.39397905764 -0.874395721702
2018-01-12 10:44:04.937824 1500000 1500000 -0.306800910771 -0.786881388186 0.448361751881 -0.0865859524587 0.507212428452 0.349029525119 0.950888408309 -1.45948744322 0.0190297548041 0.22992709402 0.109809862181 -0.595933233961 -0.305157305398 -0.457241492781 -0.61198125943 0.200742984591
2018-01-12 10:44:09.954206 1500000 1500000 -0.1299802204 -0.935287789088 1.50653968762 2.02354483867 0.802236760349 0.534728440213 0.950888408309 -1.4578152423 0.0162140612837 0.224250758046 0.228371153549 -0.536299132979 -0.129155553036 1.11925539444 1.25930965946 0.301251702176
2018-01-12 10:44:14.968475 1500000 1500000 -0.376706765103 -0.818124841007 0.305262956301 -0.595181579039 0.448207562072 0.307578874429 0.946789885873 -1.457257842 0.0528180770481 0.258308773893 0.0824495641731 -0.630191121759 -0.373602431316 -0.641280203204 -0.836719629591 0.209880140735
2018-01-12 10:44:19.985117 2100000 2100000 -0.973373792376 -0.150296036948 -1.91653413297 -0.606002762583 -0.783519023601 -0.426926655808 1.24598202369 0.11795542523 -0.299143612994 0.00854999101761 -0.926233422388 -0.849314722598 -0.972252836224 -1.66109801592 -1.72650011553 -0.920081502423
2018-01-12 10:44:24.997262 2101000 2101000 -0.586424328101 1.52903955221 -1.72071472849 -0.606002762583 -0.457517136854 -0.239569714686 1.01646476728 0.340915547979 -0.359681023681 -0.177633828944 -0.674518680715 -0.732964785152 -0.58627121542 -1.34549444226 -1.43525753379 -0.623123927739
2018-01-12 10:44:30.008242 1700000 1700000 -0.25745560183 -0.0487548152778 -0.557095574958 0.941426484246 0.167934446769 0.0804293086445 0.827932735235 0.201565471261 -0.196370799502 -0.06524237665 -0.327042896013 -0.686018790762 -0.253823460959 0.273399792505 0.374115670866 -0.147230378565
2018-01-12 10:44:35.135786 1700000 1700000 -0.594648546257 -0.611136966065 -0.71902315943 2.23996850956 -0.252475226185 -0.2163573503 0.614809568573 0.480265624698 -0.193555105981 -0.136764209928 -0.676342700582 -0.794502102122 -0.593604621768 0.214081530468 0.387875162917 -0.430482219033
2018-01-12 10:44:40.150696 1700000 1700000 -1.08933526839 7.81678443253 -2.3017711537 -0.0757647689144 -0.981406594222 -0.589927194583 -0.88524964293 -0.294520801857 -0.701647001726 -0.636679119196 -1.06978378594 -0.890551069022 -1.08787620965 -1.68923616586 -1.76548534301 -0.903330049492
2018-01-12 10:44:45.165353 1700000 1700000 2.01242860944 3.09121219328 -0.0600155482061 -0.0919965442308 -0.384498614709 -0.426926655808 -0.946727479468 -1.22426451372 -0.696860322742 -0.635032981763 -0.601557886027 -0.802749371407 2.07331082027 -0.67968497542 -0.653259735582 -0.5530723973
2018-01-12 10:44:50.179065 1900000 1900000 0.589638868316 0.181665649281 0.693136007478 -0.0865859524587 2.30686085303 0.302604796346 -0.979515658954 -1.5308346825 0.0866063992922 -0.254264364599 1.54166545793 -0.300300350372 0.591962737891 0.123583156334 -0.178557259835 1.08780856025
2018-01-12 10:44:55.191527 2101000 2101000 -0.635769637041 0.240247123321 -1.43451713733 -0.0865859524587 0.0941783637948 -0.287652469488 -0.872954075623 -1.56818050306 0.156998737301 -0.206015508816 -0.219425723848 -0.850710414324 -0.635160591076 -1.16734953352 -1.29307611594 -0.381750719598
2018-01-12 10:45:00.204080 1700000 1700000 -0.578200109944 -0.212782942591 -1.06923863282 0.427420265894 0.249066138041 -0.229621558521 -0.72950579037 -1.53696608588 0.183747825744 -0.170254592177 -0.0999524225469 -0.85642006229 -0.578937809071 -0.935780164408 -1.0110065289 -0.390887875742
2018-01-12 10:45:05.387878 1500000 1500000 -0.401379419574 -0.693151029721 -0.0487182748708 1.86122708551 0.322822221016 -0.209725246189 -0.745899880113 -1.57431190644 0.00776698072273 -0.264481769353 -0.0452318265309 -0.87443717365 -0.400491587927 0.300207084002 0.419980644368 -0.192154729607
2018-01-12 10:45:10.366208 1800000 1800000 -1.00051371229 -1.34926353897 -1.19350863951 -0.0649435853702 -0.478906400917 -0.451133835811 -0.913939299981 -1.54198268864 0.554011523668 -0.0141553528801 -0.671782650914 -0.866443666497 -0.997430864687 -1.25765778501 -1.33435459209 -0.606372474808
2018-01-12 10:45:15.377694 1800000 1800000 -1.12593303918 -1.72887149075 -1.28012106841 -0.541075661318 -0.893415587233 -0.566864052539 -1.06558463011 -1.32292436804 0.124618261817 -0.246885127832 -1.00010622701 -0.856166300158 -1.12429879451 -1.55006639724 -1.582025449 -0.955107267642
2018-01-12 10:45:20.387945 1900000 1900000 -0.823281811015 -1.18523541166 -0.579690121628 0.167711860831 -0.222972792995 -0.398740213338 -1.25821518459 -1.56985270399 0.23443030911 -0.220206348752 -0.46566840592 -0.730427163834 -0.820940218569 -0.92019010836 -0.962848306722 -0.488350874613
2018-01-12 10:45:25.399963 1300000 1300000 -0.541191128238 -1.20085713807 0.892721169735 0.167711860831 1.78319266391 0.0970095689207 -1.2864949894 -1.61054292639 1.24244858939 0.22992709402 1.11302078914 -0.552793671549 -0.539826308546 0.457438502928 0.342010189414 0.69643370541
2018-01-12 10:45:30.419914 1800000 1800000 0.404593959789 1.0760094863 -0.436591326048 0.422009674122 0.0130466725229 -0.324129042095 -1.02869792818 0.391081575598 -0.486387232096 -0.535242995333 -0.285090439068 -0.814803072669 0.408627579181 -0.507243745716 -0.483559333624 -0.425913640961
2018-01-12 10:45:35.412436 1700000 1700000 0.667768940805 4.77054778244 -1.34790470843 -1.11459838916 -0.933833920703 -0.55194181829 1.0410559019 2.94954898415 -0.768801292186 -0.659043882935 -1.03211777568 -0.885095183187 0.67018573894 -1.34701542334 -1.30912885666 -1.04800168844
2018-01-12 10:45:40.425611 1800000 1800000 -0.648105964276 -0.736110777351 -0.711491643873 0.167711860831 -0.252475226185 -0.141746179057 0.90170613908 -1.37977919934 -0.128794155014 0.0369316708898 -0.487556644327 -0.716470246583 -0.64738293499 -1.0342636892 -1.11420271928 -0.442665093892
2018-01-12 10:45:45.438597 1500000 1500000 -0.241007165517 -0.767354230172 0.610289336353 -0.0865859524587 0.632597769508 0.380532019644 0.8812135269 -1.39873080977 0.0232532950846 0.190192742199 0.201010855541 -0.562944156822 -0.236712179479 -0.35362465685 -0.520251312426 0.311150287999
2018-01-12 10:45:50.455668 1800000 1800000 -0.500070037455 -0.794692251391 -0.154159492667 0.167711860831 0.160558838472 0.0936935168655 0.868917959593 -1.38925500456 0.0091748274829 0.167487398302 -0.182033316571 -0.663180198897 -0.498270339239 -0.731398332068 -0.845892624291 -0.120580339811
2018-01-12 10:45:55.468465 2101000 2101000 -0.582312219022 1.50170153099 -1.70941745515 -0.606002762583 -0.49734542166 -0.2163573503 1.20089827689 0.524857649248 -0.393469345925 -0.147549248279 -0.710087068125 -0.740577649107 -0.581382277854 -1.34910677232 -1.43067103644 -0.652819685207
2018-01-12 10:46:00.479866 1800000 1800000 -0.290352474457 -0.00579506764824 -0.67006830831 0.167711860831 0.0794271471999 0.0588749702854 0.90170613908 0.240583492742 -0.220304194425 -0.0595660406756 -0.395443641033 -0.715201435923 -0.290490492701 -0.427202116493 -0.417055122046 -0.326166353054
2018-01-12 10:46:05.493171 1700000 1700000 -0.652218073355 -0.743921640556 -0.722788917208 1.96943892095 -0.35425862069 -0.261124053046 0.635302180752 0.536005655385 -0.213264960624 -0.148116881877 -0.739271386 -0.808712781505 -0.652271872555 -0.0129248954057 0.144790803355 -0.532513795976
2018-01-12 10:46:10.511325 1700000 1700000 -0.356146219711 4.10662440998 -1.8412189774 0.167711860831 -0.952641721862 -0.582399756418 -1.02050088331 -0.612238976775 -0.759509503569 -0.666139302903 -1.05063157733 -0.885856469583 -0.351602212271 -1.49645181424 -1.52240098345 -0.938355814711
2018-01-12 10:46:15.521583 1900000 1900000 1.92196220971 2.54445176891 0.158398402942 -0.0865859524587 0.0794271471999 -0.297600625653 -0.922136344853 -1.35581098615 -0.622948367833 -0.598250324649 -0.228545823184 -0.725351921197 1.9266426933 -0.509144972063 -0.545477047852 -0.227941924505
2018-01-12 10:46:20.534520 1900000 1900000 0.610199413708 0.330072050183 0.527442665228 -0.0865859524587 2.107719429 0.246231911407 -0.98361418139 -1.53975308741 0.0218454483244 -0.286051846055 1.36838357055 -0.395461149811 0.616407425719 -0.00950268798048 -0.297806190941 0.950751218088
2018-01-12 10:46:25.546492 1700000 1700000 -0.491845819298 -0.224499237399 -0.877184986123 0.422009674122 -0.134465493426 -0.334077198261 -0.65163386409 -1.52358847851 -0.196370799502 -0.361547114515 -0.3945316311 -0.86263723452 -0.49093693289 -0.976656530876 -0.999540285524 -0.592666740591
2018-01-12 10:46:30.759651 1500000 1500000 -0.434276292201 -0.435392543944 -0.523203754952 0.427420265894 0.536714861641 -0.155010387278 -0.803279194214 -1.57431190644 0.175300745183 -0.185580699308 0.128050060853 -0.869996336343 -0.432269682103 -0.692613314582 -0.749576179937 -0.285049150406
2018-01-12 10:46:35.729939 1900000 1900000 -0.997224025031 -1.3844124234 -1.09559893727 -0.0811753606866 -0.492920056682 -0.453289269647 -0.877052598059 -1.54309748926 0.493474112981 -0.0368606967778 -0.684550789984 -0.870884503805 -0.993764161513 -1.26146023771 -1.31142210534 -0.697744036249
2018-01-12 10:46:40.740804 1900000 1900000 -1.13168999189 -1.80463686385 -0.703960128316 -0.562718028406 -0.869076079852 -0.560231948429 -1.0532890628 -1.37197559504 0.466725024538 -0.0822713845733 -0.980042008471 -0.854516846301 -1.12992107271 -1.38389921448 -1.39397905764 -0.913990064994
2018-01-12 10:46:45.753041 1900000 1900000 -0.952813246984 -1.21257343288 -1.17091409284 0.427420265894 -0.636744418482 -0.503195853078 -1.22952552754 -1.52080147698 -0.040099809123 -0.34054467141 -0.792167962149 -0.796151555979 -0.951963745327 -1.25309484178 -1.28390312124 -0.755612691829
2018-01-12 10:46:50.762248 1300000 1300000 -0.541191128238 -1.23600602249 1.0734775431 0.427420265894 1.78319266391 0.0970095689207 -1.28485558042 -1.61611692946 1.24244858939 0.224250758046 1.11302078914 -0.510922919796 -0.537381839764 0.576645394907 0.477311861246 0.724606603521
2018-01-12 10:46:55.781395 1900000 1900000 0.092073669832 0.236341691718 -0.214411617121 0.427420265894 0.39657830399 -0.234595636604 -1.15575212369 -0.355834835613 -0.273802371311 -0.441583451755 0.00948876948508 -0.781179590201 0.0932911061991 -0.372827042959 -0.389536137945 -0.199769026394
2018-01-12 10:47:00.793688 1700000 1700000 -0.113531784087 4.69243915038 -1.7546065485 -1.10918779739 -0.946962503473 -0.566698249936 0.741863764083 2.87151294119 -0.762747551118 -0.656603058466 -1.041420277 -0.874944697914 -0.109599802773 -1.60101926334 -1.60725118443 -1.07541315687
2018-01-12 10:47:05.808545 1900000 1900000 0.170203742321 -0.326040459069 0.715730554149 0.427420265894 0.39657830399 0.276076379904 0.942691363438 -1.3117763619 -0.304775000035 -0.139034744318 0.0277289681571 -0.590857991324 0.173958576032 -0.27491388607 -0.373483397219 0.139067180618
2018-01-12 10:47:10.828293 2101000 2101000 -0.56175167363 -0.29870243785 -0.963797415027 -0.0811753606866 -0.301891801778 -0.193144985913 0.819735690363 -0.272224789582 -0.259723903709 -0.135061309135 -0.607029945628 -0.744384081085 -0.559382058809 -0.899846986443 -0.92615632792 -0.528706647583
2018-01-12 10:47:15.832491 1800000 1800000 -0.504182146533 -0.947004083896 0.177227191834 0.422009674122 0.0941783637948 -0.103611580422 0.364799699989 0.145825440573 -0.0288370350417 -0.0709187126244 -0.562341458882 -0.754534566358 -0.503159276804 0.140504070825 0.296145215912 -0.42058363321
2018-01-12 10:47:20.846931 1800000 1800000 -0.676890727825 -1.13055936922 -0.0336552437571 1.75301525007 -0.260588395312 -0.264440105101 0.356602655118 0.134677434436 -0.10063721981 -0.129952606758 -0.762983644274 -0.808839662571 -0.676716560383 0.388994354424 0.621786527778 -0.506625186901
2018-01-12 10:47:25.859146 1700000 1700000 -0.315025128928 4.06757009395 -1.81485867295 0.167711860831 -0.946519966975 -0.580957273774 -1.07378167498 -0.63453498905 -0.757397733429 -0.665287852507 -1.04324429687 -0.880781226946 -0.312490711746 -1.46755317376 -1.49488199935 -0.913990064994
2018-01-12 10:47:30.873028 1900000 1900000 1.83972002814 2.50539745288 0.109443551823 0.167711860831 0.0868027554973 -0.294284573598 -0.909840777545 -1.35581098615 -0.617316980792 -0.595412156662 -0.225809793384 -0.743115270425 1.85330862982 -0.461424190745 -0.483559333624 -0.2424090884
2018-01-12 10:47:35.885173 1900000 1900000 0.585526759238 0.353504639799 0.459659025216 -0.0865859524587 2.06346577921 0.231309677158 -1.00000827113 -1.54198268864 0.0232532950846 -0.28718711325 1.34102327254 -0.385310664537 0.589518269108 -0.0142557538488 -0.297806190941 0.931715476121
2018-01-12 10:47:40.899652 1700000 1700000 -0.261567710909 -0.150296036948 -0.466717388276 0.422009674122 0.45558317037 -0.173248673582 -0.758195447421 -1.54588449079 -0.0457311961637 -0.293431082822 0.0642093655011 -0.855531894828 -0.261156867307 -0.657440627156 -0.685365217034 -0.35738496988
2018-01-12 10:47:46.047425 2101000 2101000 -0.821225756476 -0.25574269022 -1.5625529018 0.427420265894 -0.178719143211 -0.358947588675 -0.803279194214 -1.56706570245 0.285112792476 -0.129384973161 -0.441044137713 -0.894357500999 -0.820940218569 -1.2105073716 -1.27702337521 -0.607895334165
2018-01-12 10:47:51.034284 1900000 1900000 -1.12182093011 -1.82338293554 0.0680202162603 -0.0865859524587 -0.832935599194 -0.552439226099 -1.18444178074 -1.3680737929 0.552603676908 -0.06524237665 -0.94447362106 -0.85083729539 -1.12063209134 -1.09529305495 -1.06375124843 -0.854598550057
2018-01-12 10:47:56.043524 1500000 1500000 -1.08810163566 -1.61678560376 -1.22363470174 1.26606199057 -0.893415587233 -0.566864052539 -1.06968315254 -1.26997133889 -0.254092516669 -0.426824978221 -0.992810147541 -0.847538387676 -1.08640952838 -0.437278616134 -0.309272434316 -0.724394075003
2018-01-12 10:48:01.059655 1500000 1500000 -0.598760655336 -1.25553318051 0.847532076393 0.438241449438 1.09726109225 -0.0721090858967 -1.27706838779 -1.61611692946 0.90456536695 0.0766660227108 0.574934928317 -0.538836754298 -0.598493559334 0.210088955138 0.140204306005 0.375871810687
2018-01-12 10:48:06.075930 1500000 1500000 -0.569975891787 -1.00168012633 0.0717859740387 -0.595181579039 1.35540738266 -0.00578804479181 -1.27378956984 -1.5302772822 1.01719310776 0.127753046481 0.775577113709 -0.668255441534 -0.56915993394 -0.19981544535 -0.378069894569 0.455060497269
2018-01-12 10:48:11.093181 1700000 1700000 0.0468404699698 4.84865641449 -1.68682290848 -0.606002762583 -0.942610894577 -0.564211210895 0.745962286519 2.98299300256 -0.764014613202 -0.657738325661 -1.03822824223 -0.872914600859 0.0517351368915 -1.48048151292 -1.4627765179 -1.07236743816
2018-01-12 10:48:16.109966 1700000 1700000 -1.11729761012 1.91958271248 -2.27729372814 -0.611413354355 -0.968868060116 -0.586329278103 -0.844264418572 -0.394852857095 -0.566634497426 -0.568165743985 -1.06458532932 -0.873422125123 -1.11672094129 -1.86205764084 -1.92601275027 -1.06246885234
2018-01-12 10:48:21.159269 1800000 1800000 -0.56175167363 -0.900138904663 -0.154159492667 -0.0919965442308 -0.0238313689643 -0.166616569471 0.319715953196 0.123529428298 -0.048546889684 -0.0993003924966 -0.646246372773 -0.719007867901 -0.561826527592 -0.0948677509764 0.0278351209246 -0.47236085136
2018-01-12 10:48:26.139353 1500000 1500000 -0.557639564552 -1.06026160037 0.286434167409 -0.0919965442308 0.0941783637948 -0.141746179057 0.200858802557 -0.249928777307 0.0331082224058 -0.0709187126244 -0.677254710516 -0.769760294268 -0.556937590026 0.176057003521 0.374115670866 -0.537082374048
2018-01-12 10:48:31.155896 2101000 2101000 -1.11853124284 0.740142368465 -2.25319287836 0.0378576583003 -0.963336353893 -0.582681620843 -0.266372755124 -0.539776936882 -0.520175554341 -0.515375819422 -1.06558854024 -0.889409139428 -1.1176987288 -1.75007540898 -1.78383133241 -1.08607317237
2018-01-12 10:48:36.164401 1700000 1700000 0.379921305319 3.75513556574 -1.3516704662 -0.606002762583 -0.905954121339 -0.570345907197 -1.08607724228 -0.851921108731 -0.757397733429 -0.665401379227 -1.01688720979 -0.880019940551 0.38173842257 -1.45804704202 -1.45589677187 -1.00536162643
2018-01-12 10:48:41.257945 1700000 1700000 1.99598017312 0.884643337764 1.73248515432 1.91533300323 1.86432435518 0.186542974412 -0.954924524339 -1.51021087115 -0.365312410722 -0.472803299614 1.18598158383 -0.42718141629 1.99997675678 1.65483085649 1.76841086533 0.755825220347
2018-01-12 10:48:46.273833 1700000 1700000 -0.121756002244 0.193381944089 -0.534501028287 -0.0595329935981 0.116305188687 -0.281020365377 -0.868855553187 -1.52080147698 -0.296327919474 -0.432501314196 -0.203009545044 -0.732964785152 -0.112044271556 -0.821136215663 -0.891757597794 -0.327689212412
2018-01-12 10:48:47.274229 2101000 2101000 -0.627545418884 -0.103430857715 -1.23869773285 -0.0919965442308 0.485085603559 -0.174906699609 -0.844264418572 -1.57263970552 0.454054403696 -0.0482133687267 0.0824495641731 -0.871772671266 -0.618049309596 -1.03084148178 -1.16924068748 -0.246216236793
708546259853
2018-01-12 10:46:40.743077 0xFFFFFFFFFFFFFFFFFFFFFFFFFFFFFFFFFFFFFFFF 0xFFFFFFFFFFFFFFFFFFFFFFFFFFFFFFFFFFFFFFFF -0.863164543852 -1.62615903919 0.217167994289 -58.0341677173 -0.777445927959 -0.567366503102 -1.24150884491 -1.42437451543 0.363268568759 -0.183018502621 -0.849053722417 -0.77846106992 -0.862833000696 -2.66116923931 -2.92120340927 -0.929728565797
2018-01-12 10:46:45.750291 0xFFFFFFFFFFFFFFFFFFFFFFFFFFFFFFFFFFFFFFFF 0xFFFFFFFFFFFFFFFFFFFFFFFFFFFFFFFFFFFFFFFF -0.682124310681 -1.27582450317 -0.168715754085 -37.4898645876 -0.513256434196 -0.496736189557 -1.37987561148 -1.55437364233 -0.0919838938347 -0.415833340845 -0.65290739974 -0.715807584093 -0.682708606545 -2.49863708461 -2.78197379425 -0.767735891021
2018-01-12 10:46:50.762204 0xFFFFFFFFFFFFFFFFFFFFFFFFFFFFFFFFFFFFFFFF 0xFFFFFFFFFFFFFFFFFFFFFFFFFFFFFFFFFFFFFFFF -0.265523682165 -1.28968998612 1.68601581068 -37.4898645876 2.23850778497 0.246524668101 -1.42331634052 -1.63763151012 1.06005775456 0.0932892174685 1.33616865886 -0.409622722922 -0.263078149843 -0.225076827482 -0.554299953874 0.746272569383
2018-01-12 10:46:55.781348 0xFFFFFFFFFFFFFFFFFFFFFFFFFFFFFFFFFFFFFFFF 0xFFFFFFFFFFFFFFFFFFFFFFFFFFFFFFFFFFFFFFFF 0.375400361707 -0.418475473704 0.62172353694 -37.4898645876 0.661757790445 -0.164116689721 -1.32195463943 -0.536777480472 -0.301905862697 -0.506912552282 0.184047054787 -0.699735602946 0.37527478547 -1.40485238069 -1.65073317218 -0.199203907433
2018-01-12 10:47:00.795176 0xFFFFFFFFFFFFFFFFFFFFFFFFFFFFFFFFFFFFFFFF 0xFFFFFFFFFFFFFFFFFFFFFFFFFFFFFFFFFFFFFFFF 0.16730813967 2.21827720181 -0.651070439553 -69.3728268217 -0.86601231063 -0.575374009579 0.167901474986 2.28230470955 -0.741098030082 -0.700737301116 -0.913134535602 -0.800389789959 0.169913182249 -2.93095371704 -3.19096078838 -1.09483648432
2018-01-12 10:47:05.811588 0xFFFFFFFFFFFFFFFFFFFFFFFFFFFFFFFFFFFFFFFF 0xFFFFFFFFFFFFFFFFFFFFFFFFFFFFFFFFFFFFFFFF 0.45447540608 -0.751247064655 1.39037906798 -37.4898645876 0.661757790445 0.468271001325 0.325575232235 -1.37179059893 -0.329726846522 -0.234186598934 0.203090387086 -0.495430757859 0.456924579522 -1.28318950326 -1.63042885333 0.147366959274
2018-01-12 10:47:10.824811 0xFFFFFFFFFFFFFFFFFFFFFFFFFFFFFFFFFFFFFFFF 0xFFFFFFFFFFFFFFFFFFFFFFFFFFFFFFFFFFFFFFFF -0.286332904368 -0.735070667872 0.00244236011332 -48.0426760313 -0.132488084455 -0.112786519993 0.229040278817 -0.463744263114 -0.289259960959 -0.230604832192 -0.459617576909 -0.660236666229 -0.285346275494 -2.05970577146 -2.32947754542 -0.535650231968
2018-01-12 10:47:15.832441 0xFFFFFFFFFFFFFFFFFFFFFFFFFFFFFFFFFFFFFFFF 0xFFFFFFFFFFFFFFFFFFFFFFFFFFFFFFFFFFFFFFFF -0.228067082198 -1.118682363 0.94536797106 -37.6021285391 0.31789210015 -0.00191335338117 -0.128139048828 -0.0985781763237 -0.0818671724438 -0.172784883359 -0.412961412777 -0.671132924634 -0.228438843276 -0.767008168904 -0.783448695267 -0.425059078996
2018-01-12 10:47:20.849709 0xFFFFFFFFFFFFFFFFFFFFFFFFFFFFFFFFFFFFFFFF 0xFFFFFFFFFFFFFFFFFFFFFFFFFFFFFFFFFFFFFFFF -0.402864548708 -1.22729531282 0.771097891149 -9.98519646313 -0.0855210633419 -0.201074411925 -0.13457471239 -0.108315938638 -0.146361271311 -0.225999703524 -0.622438068062 -0.729427907099 -0.404109612296 -0.45824432268 -0.371561084156 -0.513064714811
2018-01-12 10:47:25.862816 0xFFFFFFFFFFFFFFFFFFFFFFFFFFFFFFFFFFFFFFFF 0xFFFFFFFFFFFFFFFFFFFFFFFFFFFFFFFFFFFFFFFF -0.0366222379249 1.84853098964 -0.700861890956 -42.878534261 -0.865509092547 -0.593031587966 -1.25759800382 -0.780221538332 -0.736292587422 -0.708566019852 -0.915038868832 -0.806655138542 -0.035448420972 -2.76511422197 -3.04883055638 -0.929728565797
2018-01-12 10:47:30.873018 0xFFFFFFFFFFFFFFFFFFFFFFFFFFFFFFFFFFFFFFFF 0xFFFFFFFFFFFFFFFFFFFFFFFFFFFFFFFFFFFFFFFF 2.14418424901 0.924165459226 0.889352588232 -42.878534261 0.309505132094 -0.238032134129 -1.12888473259 -1.41025476007 -0.610465865122 -0.645578093291 -0.0616119318662 -0.658874633929 2.15672483751 -1.51493956687 -1.76965846835 -0.242817319873
2018-01-12 10:47:35.885170 0xFFFFFFFFFFFFFFFFFFFFFFFFFFFFFFFFFFFFFFFF 0xFFFFFFFFFFFFFFFFFFFFFFFFFFFFFFFFFFFFFFFF 0.874821694593 -0.349148058923 1.17876539951 -48.1549399828 2.55721257109 0.412834418019 -1.19967703177 -1.57287539072 -0.0350773360106 -0.367735330311 1.57421031259 -0.274781525164 0.877544730697 -0.959306386828 -1.534708493 0.95810914409
2018-01-12 10:47:40.899606 0xFFFFFFFFFFFFFFFFFFFFFFFFFFFFFFFFFFFFFFFF 0xFFFFFFFFFFFFFFFFFFFFFFFFFFFFFFFFFFFFFFFF 0.0174817398045 -0.647255942483 0.413221834189 -37.6021285391 0.728853534893 -0.0881480385238 -1.00982495671 -1.57628360753 -0.0970422545302 -0.373363820906 0.241177051683 -0.779550695761 0.0165105388791 -1.75850156034 -2.02491276256 -0.360417771273
2018-01-12 10:47:46.051962 0xFFFFFFFFFFFFFFFFFFFFFFFFFFFFFFFFFFFFFFFF 0xFFFFFFFFFFFFFFFFFFFFFFFFFFFFFFFFFFFFFFFF -0.548945288578 -0.709650615786 -0.492360188205 -37.4898645876 0.00757428207939 -0.318107198904 -1.0452211063 -1.59478535593 0.200136436329 -0.225488022561 -0.286323252991 -0.821228884158 -0.550089547116 -2.44571963889 -2.77327194331 -0.616646569355
2018-01-12 10:47:51.033371 0xFFFFFFFFFFFFFFFFFFFFFFFFFFFFFFFFFFFFFFFF 0xFFFFFFFFFFFFFFFFFFFFFFFFFFFFFFFFFFFFFFFF -0.853176117195 -1.63725142556 0.855120965392 -48.1549399828 -0.736349784485 -0.557716431193 -1.34447946189 -1.42096629862 0.440408569365 -0.167668073728 -0.811919224434 -0.774511176248 -0.853430903199 -2.30255904913 -2.5035145642 -0.868981312756
2018-01-12 10:47:56.043381 0xFFFFFFFFFFFFFFFFFFFFFFFFFFFFFFFFFFFFFFFF 0xFFFFFFFFFFFFFFFFFFFFFFFFFFFFFFFFFFFFFFFF -0.819048992781 -1.51500408416 -0.212283274063 -20.0889521007 -0.805122922544 -0.575579330258 -1.25438017204 -1.33527399025 -0.284201600263 -0.493608847241 -0.862384055026 -0.770969892267 -0.818791596632 -1.48493726506 -1.5492115779 -0.735804642628
2018-01-12 10:48:01.059660 0xFFFFFFFFFFFFFFFFFFFFFFFFFFFFFFFFFFFFFFFF 0xFFFFFFFFFFFFFFFFFFFFFFFFFFFFFFFFFFFFFFFF -0.323789504335 -1.30124455525 1.49929786792 -37.2653366846 1.45851975576 0.0370975756119 -1.41720246013 -1.63763151012 0.756556112832 -0.0397478329451 0.774390356046 -0.439587433535 -0.324934054428 -0.680544842417 -0.980690649884 0.389577160502
2018-01-12 10:48:06.075609 0xFFFFFFFFFFFFFFFFFFFFFFFFFFFFFFFFFFFFFFFF 0xFFFFFFFFFFFFFFFFFFFFFFFFFFFFFFFFFFFFFFFF -0.29465659325 -1.15103515656 0.858232931105 -58.7077514265 1.75206363772 0.119225847176 -1.41462819471 -1.56265074029 0.857723326742 0.00630345373651 0.983867011332 -0.578514728194 -0.295243220227 -1.18987525746 -1.63623008729 0.47057349789
2018-01-12 10:48:11.103883 0xFFFFFFFFFFFFFFFFFFFFFFFFFFFFFFFFFFFFFFFF 0xFFFFFFFFFFFFFFFFFFFFFFFFFFFFFFFFFFFFFFFF 0.329620072859 2.31071375485 -0.595055056724 -58.9322793295 -0.861063999477 -0.572294199396 0.171119306767 2.37968233269 -0.742236161239 -0.701760663042 -0.90980195245 -0.798210538279 0.333212770352 -2.78117844657 -3.00822191866 -1.09172124057
2018-01-12 10:48:16.112392 0xFFFFFFFFFFFFFFFFFFFFFFFFFFFFFFFFFFFFFFFF 0xFFFFFFFFFFFFFFFFFFFFFFFFFFFFFFFFFFFFFFFF -0.84859808831 0.57752838532 -1.08301128048 -59.0445432811 -0.890921605757 -0.599683977963 -1.0773994241 -0.570859648572 -0.564940618862 -0.62101740706 -0.937319567621 -0.798755351199 -0.849472125305 -3.25530931066 -3.59414654855 -1.0815966984
2018-01-12 10:48:21.126859 0xFFFFFFFFFFFFFFFFFFFFFFFFFFFFFFFFFFFFFFFF 0xFFFFFFFFFFFFFFFFFFFFFFFFFFFFFFFFFFFFFFFF -0.286332904368 -1.09095139708 0.671514988343 -48.2672039343 0.183700611255 -0.0799352113673 -0.163535198415 -0.118053700952 -0.099571434878 -0.198368931515 -0.500560741351 -0.632996020218 -0.287820511677 -1.05947155194 -1.12282088189 -0.478018222672
2018-01-12 10:48:26.139124 0xFFFFFFFFFFFFFFFFFFFFFFFFFFFFFFFFFFFFFFFF 0xFFFFFFFFFFFFFFFFFFFFFFFFFFFFFFFFFFFFFFFF -0.282171059928 -1.18569886395 1.03561497673 -48.2672039343 0.31789210015 -0.0491371095307 -0.256852320052 -0.444268738485 -0.0262252047935 -0.172784883359 -0.532934406259 -0.687477312241 -0.28287203931 -0.722831551273 -0.684827717959 -0.544217152268
2018-01-12 10:48:31.158970 0xFFFFFFFFFFFFFFFFFFFFFFFFFFFFFFFFFFFFFFFF 0xFFFFFFFFFFFFFFFFFFFFFFFFFFFFFFFFFFFFFFFF -0.849846641642 -0.120367590145 -1.06309469991 -45.5728690977 -0.884631379715 -0.595166923026 -0.62368514304 -0.69745055866 -0.523209143125 -0.573431077489 -0.938366950898 -0.815916958186 -0.850461819779 -3.11616477705 -3.41430829581 -1.10573983743
2018-01-12 10:48:36.166760 0xFFFFFFFFFFFFFFFFFFFFFFFFFFFFFFFFFFFFFFFF 0xFFFFFFFFFFFFFFFFFFFFFFFFFFFFFFFFFFFFFFFF 0.666729472557 1.66365788356 -0.318090108294 -58.9322793295 -0.819380768239 -0.579891064516 -1.26725149916 -0.970107903463 -0.736292587422 -0.708668356044 -0.88752125366 -0.805837919162 0.667234655109 -2.75330229213 -2.99952006772 -1.02318587817
2018-01-12 10:48:41.269448 0xFFFFFFFFFFFFFFFFFFFFFFFFFFFFFFFFFFFFFFFF 0xFFFFFFFFFFFFFFFFFFFFFFFFFFFFFFFFFFFFFFFF 2.30233433776 -0.0348637785814 2.2306098104 -6.61727791727 2.33076443358 0.357397834713 -1.16428088218 -1.54512276813 -0.384104223999 -0.535055005255 1.41234198805 -0.319728591083 2.30517900851 1.11463225587 1.07874740567 0.778203817776
2018-01-12 10:48:46.273151 0xFFFFFFFFFFFFFFFFFFFFFFFFFFFFFFFFFFFFFFFF 0xFFFFFFFFFFFFFFFFFFFFFFFFFFFFFFFFFFFFFFFF 0.158984450789 -0.443895525791 0.357206451361 -47.5936202252 0.343053004318 -0.221606479816 -1.09670641479 -1.55437364233 -0.322139305479 -0.498725656872 -0.0378077664928 -0.647978375524 0.167438946066 -1.96190299232 -2.28596829073 -0.330044144752
2018-01-12 10:48:47.274145 0xFFFFFFFFFFFFFFFFFFFFFFFFFFFFFFFFFFFFFFFF 0xFFFFFFFFFFFFFFFFFFFFFFFFFFFFFFFFFFFFFFFF -0.35292241542 -0.61952497657 -0.224731136914 -48.2672039343 0.762401407117 -0.0902012453129 -1.0773994241 -1.59965423709 0.351887257194 -0.152317644834 0.260220383982 -0.796984709208 -0.344727943895 -2.22247416476 -2.63694294527 -0.246711374555
