number of threads 160
reads 4359256
long reads 0
extra reads 0
read_length 101
kmer 60
kmers 21358992 21002905
merge bubble 63
contigs: 46968 n50: 266 max: 8310 mean: 118 total length: 5562158 n80: 60
aligned 179622 reads
confirmed bases: 2090927 correct reads: 85082 bases: 3795
kmer 20
kmers 49539227 49523114
merge bubble 12737
contigs: 285138 n50: 349 max: 6768 mean: 121 total length: 34637364 n80: 223
aligned 871351 reads
confirmed bases: 8060009 correct reads: 101684 bases: 1171
distance mean -nan sd -nan
invalid insert distance
kmer 40
kmers 36545621 36836549
merge bubble 92
contigs: 188497 n50: 390 max: 9579 mean: 174 total length: 32803231 n80: 246
aligned 873084 reads
confirmed bases: 8438499 correct reads: 113878 bases: 230
distance mean -nan sd -nan
invalid insert distance
kmer 60
kmers 33123588 33112007
merge bubble 14
contigs: 100623 n50: 444 max: 20308 mean: 282 total length: 28442233 n80: 287
aligned 842198 reads
confirmed bases: 8291621 correct reads: 115278 bases: 52
distance mean -nan sd -nan
invalid insert distance
kmer 80
kmers 24350258 24211354
merge bubble 2
contigs: 53398 n50: 503 max: 20328 mean: 451 total length: 24117469 n80: 339
aligned 802279 reads
confirmed bases: 8036005 correct reads: 114951 bases: 24
distance mean -nan sd -nan
invalid insert distance
kmer 100
kmers 19083353 18976695
merge bubble 1
contigs: 40922 n50: 539 max: 20328 mean: 536 total length: 21944579 n80: 370
reads 4359256
aligned 763191 reads
distance mean -nan sd -nan
invalid insert distance
