503.0Gb memory in total.
Using: 453.403Gb.
MEGAHIT v1.1.1
--- [Sun Jan  7 11:44:01 2018] Start assembly. Number of CPU threads 160 ---
--- [Sun Jan  7 11:44:01 2018] Available memory: 540930650112, used: 486837585100
--- [Sun Jan  7 11:44:01 2018] Converting reads to binaries ---
    [read_lib_functions-inl.h  : 209]     Lib 0 (/scratch/shofmeyr/hipmer_metagenome_data/SYNTHbbqc_25perc.fq): interleaved, 36327152 reads, 101 max length
    [utils.h                   : 126]     Real: 58.3105	user: 33.3560	sys: 3.8720	maxrss: 157796
--- [Sun Jan  7 11:44:59 2018] k-max reset to: 119 ---
--- [Sun Jan  7 11:44:59 2018] k list: 21,29,39,59,79,99,119 ---
--- [Sun Jan  7 11:44:59 2018] Extracting solid (k+1)-mers for k = 21 ---
--- [Sun Jan  7 11:45:39 2018] Building graph for k = 21 ---
--- [Sun Jan  7 11:46:11 2018] Assembling contigs from SdBG for k = 21 ---
--- [Sun Jan  7 11:47:04 2018] Local assembling k = 21 ---
--- [Sun Jan  7 11:47:41 2018] Extracting iterative edges from k = 21 to 29 ---
--- [Sun Jan  7 11:50:48 2018] Building graph for k = 29 ---
--- [Sun Jan  7 11:51:08 2018] Assembling contigs from SdBG for k = 29 ---
--- [Sun Jan  7 11:51:46 2018] Local assembling k = 29 ---
--- [Sun Jan  7 11:52:12 2018] Extracting iterative edges from k = 29 to 39 ---
--- [Sun Jan  7 11:52:40 2018] Building graph for k = 39 ---
--- [Sun Jan  7 11:52:59 2018] Assembling contigs from SdBG for k = 39 ---
--- [Sun Jan  7 11:53:40 2018] Local assembling k = 39 ---
--- [Sun Jan  7 11:54:21 2018] Extracting iterative edges from k = 39 to 59 ---
--- [Sun Jan  7 11:55:07 2018] Building graph for k = 59 ---
--- [Sun Jan  7 11:55:25 2018] Assembling contigs from SdBG for k = 59 ---
--- [Sun Jan  7 11:55:56 2018] Local assembling k = 59 ---
--- [Sun Jan  7 11:56:30 2018] Extracting iterative edges from k = 59 to 79 ---
--- [Sun Jan  7 11:56:44 2018] Building graph for k = 79 ---
--- [Sun Jan  7 11:57:01 2018] Assembling contigs from SdBG for k = 79 ---
--- [Sun Jan  7 11:57:32 2018] Local assembling k = 79 ---
--- [Sun Jan  7 11:58:05 2018] Extracting iterative edges from k = 79 to 99 ---
--- [Sun Jan  7 11:58:14 2018] Building graph for k = 99 ---
--- [Sun Jan  7 11:58:28 2018] Assembling contigs from SdBG for k = 99 ---
--- [Sun Jan  7 11:58:58 2018] Local assembling k = 99 ---
--- [Sun Jan  7 11:59:28 2018] Extracting iterative edges from k = 99 to 119 ---
--- [Sun Jan  7 11:59:32 2018] Building graph for k = 119 ---
--- [Sun Jan  7 11:59:44 2018] Assembling contigs from SdBG for k = 119 ---
--- [Sun Jan  7 12:00:11 2018] Merging to output final contigs ---
--- [STAT] 57781 contigs, total 191892182 bp, min 200 bp, max 708009 bp, avg 3321 bp, N50 15328 bp
--- [Sun Jan  7 12:00:12 2018] ALL DONE. Time elapsed: 970.971488 seconds ---
