number of threads 160
reads 4359256
long reads 0
extra reads 0
read_length 101
kmer 60
kmers 21358992 21002905
merge bubble 63
contigs: 46968 n50: 266 max: 8310 mean: 118 total length: 5562158 n80: 60
aligned 179618 reads
confirmed bases: 2090912 correct reads: 85088 bases: 3804
kmer 20
kmers 49539227 49523114
merge bubble 12737
contigs: 285138 n50: 349 max: 6768 mean: 121 total length: 34637364 n80: 223
aligned 871357 reads
confirmed bases: 8060229 correct reads: 101696 bases: 1174
distance mean -nan sd -nan
invalid insert distance
kmer 40
kmers 36545639 36836575
merge bubble 91
contigs: 188500 n50: 390 max: 9579 mean: 174 total length: 32803406 n80: 246
aligned 873077 reads
confirmed bases: 8438646 correct reads: 113862 bases: 229
distance mean -nan sd -nan
invalid insert distance
kmer 60
kmers 33123580 33111995
merge bubble 14
contigs: 100623 n50: 444 max: 20308 mean: 282 total length: 28442069 n80: 287
aligned 842192 reads
confirmed bases: 8291657 correct reads: 115265 bases: 50
distance mean -nan sd -nan
invalid insert distance
kmer 80
kmers 24350071 24211165
merge bubble 2
contigs: 53396 n50: 503 max: 20328 mean: 451 total length: 24116781 n80: 339
aligned 802251 reads
confirmed bases: 8035919 correct reads: 114955 bases: 24
distance mean -nan sd -nan
invalid insert distance
kmer 100
kmers 19082758 18976103
merge bubble 0
contigs: 40921 n50: 539 max: 20328 mean: 536 total length: 21944168 n80: 370
reads 4359256
aligned 763160 reads
distance mean -nan sd -nan
invalid insert distance
