503.0Gb memory in total.
Using: 453.403Gb.
MEGAHIT v1.1.1
--- [Mon Jan  8 10:37:39 2018] Start assembly. Number of CPU threads 160 ---
--- [Mon Jan  8 10:37:39 2018] Available memory: 540930650112, used: 486837585100
--- [Mon Jan  8 10:37:39 2018] Converting reads to binaries ---
    [read_lib_functions-inl.h  : 209]     Lib 0 (/scratch/shofmeyr/hipmer_metagenome_data/SYNTHbbqc_25perc.fq): interleaved, 36327152 reads, 101 max length
    [utils.h                   : 126]     Real: 58.8535	user: 33.3440	sys: 3.9240	maxrss: 156756
--- [Mon Jan  8 10:38:38 2018] k-max reset to: 119 ---
--- [Mon Jan  8 10:38:38 2018] k list: 21,29,39,59,79,99,119 ---
--- [Mon Jan  8 10:38:38 2018] Extracting solid (k+1)-mers for k = 21 ---
--- [Mon Jan  8 10:39:17 2018] Building graph for k = 21 ---
--- [Mon Jan  8 10:39:45 2018] Assembling contigs from SdBG for k = 21 ---
--- [Mon Jan  8 10:40:44 2018] Local assembling k = 21 ---
--- [Mon Jan  8 10:41:33 2018] Extracting iterative edges from k = 21 to 29 ---
--- [Mon Jan  8 10:42:05 2018] Building graph for k = 29 ---
--- [Mon Jan  8 10:42:24 2018] Assembling contigs from SdBG for k = 29 ---
--- [Mon Jan  8 10:43:04 2018] Local assembling k = 29 ---
--- [Mon Jan  8 10:43:32 2018] Extracting iterative edges from k = 29 to 39 ---
--- [Mon Jan  8 10:44:00 2018] Building graph for k = 39 ---
--- [Mon Jan  8 10:44:17 2018] Assembling contigs from SdBG for k = 39 ---
--- [Mon Jan  8 10:44:55 2018] Local assembling k = 39 ---
--- [Mon Jan  8 10:45:36 2018] Extracting iterative edges from k = 39 to 59 ---
--- [Mon Jan  8 10:46:05 2018] Building graph for k = 59 ---
--- [Mon Jan  8 10:46:25 2018] Assembling contigs from SdBG for k = 59 ---
--- [Mon Jan  8 10:47:08 2018] Local assembling k = 59 ---
--- [Mon Jan  8 10:47:45 2018] Extracting iterative edges from k = 59 to 79 ---
--- [Mon Jan  8 10:48:05 2018] Building graph for k = 79 ---
--- [Mon Jan  8 10:48:21 2018] Assembling contigs from SdBG for k = 79 ---
--- [Mon Jan  8 10:48:52 2018] Local assembling k = 79 ---
--- [Mon Jan  8 10:49:26 2018] Extracting iterative edges from k = 79 to 99 ---
--- [Mon Jan  8 10:49:34 2018] Building graph for k = 99 ---
--- [Mon Jan  8 10:49:47 2018] Assembling contigs from SdBG for k = 99 ---
--- [Mon Jan  8 10:50:15 2018] Local assembling k = 99 ---
--- [Mon Jan  8 10:50:40 2018] Extracting iterative edges from k = 99 to 119 ---
--- [Mon Jan  8 10:50:45 2018] Building graph for k = 119 ---
--- [Mon Jan  8 10:50:56 2018] Assembling contigs from SdBG for k = 119 ---
--- [Mon Jan  8 10:51:25 2018] Merging to output final contigs ---
--- [STAT] 57771 contigs, total 191895554 bp, min 200 bp, max 708009 bp, avg 3322 bp, N50 15369 bp
--- [Mon Jan  8 10:51:26 2018] ALL DONE. Time elapsed: 827.283089 seconds ---
