number of threads 160
reads 4359256
long reads 0
extra reads 0
read_length 101
kmer 60
kmers 21358992 21002905
merge bubble 63
contigs: 46968 n50: 266 max: 8310 mean: 118 total length: 5562158 n80: 60
aligned 179629 reads
confirmed bases: 2090934 correct reads: 85083 bases: 3800
kmer 20
kmers 49539227 49523114
merge bubble 12737
contigs: 285138 n50: 349 max: 6768 mean: 121 total length: 34637364 n80: 223
aligned 871351 reads
confirmed bases: 8059972 correct reads: 101693 bases: 1171
distance mean -nan sd -nan
invalid insert distance
kmer 40
kmers 36545569 36836496
merge bubble 92
contigs: 188498 n50: 390 max: 9579 mean: 174 total length: 32802777 n80: 246
aligned 873073 reads
confirmed bases: 8438473 correct reads: 113894 bases: 232
distance mean -nan sd -nan
invalid insert distance
kmer 60
kmers 33123089 33111503
merge bubble 14
contigs: 100624 n50: 444 max: 20308 mean: 282 total length: 28442137 n80: 287
aligned 842176 reads
confirmed bases: 8291678 correct reads: 115260 bases: 48
distance mean -nan sd -nan
invalid insert distance
kmer 80
kmers 24350026 24211120
merge bubble 2
contigs: 53404 n50: 503 max: 20328 mean: 451 total length: 24117788 n80: 339
aligned 802260 reads
confirmed bases: 8035890 correct reads: 114934 bases: 25
distance mean -nan sd -nan
invalid insert distance
kmer 100
kmers 19082965 18976303
merge bubble 0
contigs: 40926 n50: 539 max: 20328 mean: 536 total length: 21944468 n80: 370
reads 4359256
aligned 763134 reads
distance mean -nan sd -nan
invalid insert distance
