Date Time Prediction All_Predictions EXEC IPC FREQ AFREQ L3MISS_Rate L2MISS_Rate L3HIT L2HIT L3MPI L2MPI READ_Rate WRITE_Rate INST_Rate POWER_Total POWER_Proc POWER_DRAM
2018-01-20 19:46:39.761986 1700000 1700000 -1.13086757008 4.88771073052 -2.30949095715 2.348180345 -0.984430593624 -0.587075389816 0.786947510877 1.53932620776 -0.658003752161 -0.550001468866 -1.07525584554 -0.879385535221 -1.13016551959 -0.299249583316 -0.128105788983 -0.773125574438
2018-01-20 19:46:44.764967 1700000 1700000 -1.14365622931 5.74690568311 -2.31826517277 2.23996850956 -0.988339666021 -0.589894034063 0.561528776908 1.75113832437 -0.66405749323 -0.570436278374 -1.08072790514 -0.890677950088 -1.14287675726 -0.297918724873 -0.118932794282 -0.798252753834
2018-01-20 19:46:49.779346 1700000 1700000 -1.13987308896 5.74690568311 -2.31645760904 -0.0757647689144 -0.987085812611 -0.58914792235 0.59841547883 1.73441631516 -0.660115522301 -0.5647599424 -1.08081910613 -0.890170425824 -1.13921005409 -1.58847116945 -1.59349169238 -1.0708445788
2018-01-20 19:46:54.792029 1700000 1700000 -1.14032542096 5.86406863119 -2.31690949997 -0.0865859524587 -0.987454593026 -0.589346885474 0.59841547883 1.71212030289 -0.663635139202 -0.568165743985 -1.08081910613 -0.88966290156 -1.13945450097 -1.59360448059 -1.58661194635 -1.11424607049
2018-01-20 19:46:59.802956 1700000 1700000 -1.13822824533 5.94217726324 -2.31615634841 -0.0919965442308 -0.98656952003 -0.589280564432 0.463164238449 1.68982429061 -0.659552383597 -0.572706812764 -1.07972469421 -0.888140328769 -1.13749892594 -1.6040612255 -1.6003714384 -1.11043892209
2018-01-20 19:47:04.814149 1700000 1700000 -1.13983196787 5.78595999914 -2.31653292419 -0.0865859524587 -0.98730708086 -0.589263984172 0.606612523702 1.75671232744 -0.663494354526 -0.567598110387 -1.08072790514 -0.88966290156 -1.13896560721 -1.60634269712 -1.6003714384 -1.11957607824
2018-01-20 19:47:09.828691 1700000 1700000 -1.14377959258 5.55163410297 -2.31785093941 -0.0865859524587 -0.988265909938 -0.589612169638 0.64759774806 1.67867628448 -0.662086507766 -0.563624675205 -1.08027190017 -0.891312355417 -1.14312120414 -1.66433010071 -1.66687564998 -1.13099752342
2018-01-20 19:47:14.843814 1700000 1700000 -1.15500565037 5.08298231065 -2.32248282148 -0.0919965442308 -0.991083392308 -0.591004911501 0.696780017289 1.54490021083 -0.659693168273 -0.557948339231 -1.0799070962 -0.897529527647 -1.1542435371 -1.75368773904 -1.75860559698 -1.18429760092
2018-01-20 19:47:19.866892 1700000 1700000 -1.13962636241 5.70785136708 -2.31623166357 -0.0919965442308 -0.987380836943 -0.589214243391 0.631203658317 1.73999031823 -0.664902201286 -0.567598110387 -1.08081910613 -0.889282258363 -1.13872116033 -1.70729781616 -1.72420686686 -1.11272321113
2018-01-20 19:47:24.887002 1700000 1700000 -1.13814600315 5.39541683887 -2.31476301804 -0.0865859524587 -0.986938300445 -0.588998700008 0.627105135881 1.73441631516 -0.664339062582 -0.56703047679 -1.08027190017 -0.888520971967 -1.13725447906 -1.68277199628 -1.69668788276 -1.10587034402
2018-01-20 19:47:29.901682 1700000 1700000 -1.13884506169 5.74690568311 -2.31596806052 -0.0865859524587 -0.987159568694 -0.589065021049 0.643499225624 1.73441631516 -0.664479847258 -0.566462843192 -1.08045430216 -0.888774734099 -1.1379878197 -1.6812510152 -1.69439463408 -1.10739320338
2018-01-20 19:47:34.917423 1700000 1700000 -1.1321012028 6.44988337159 -2.31472536046 -0.0919965442308 -0.987528349108 -0.590391441871 0.13938096602 1.43899415252 -0.68559754866 -0.606197195013 -1.07899508627 -0.889536020494 -1.13138775398 -1.68334236419 -1.69668788276 -1.10815463306
2018-01-20 19:47:39.931353 1700000 1700000 -1.126755461 7.27002400816 -2.31423581195 -0.0919965442308 -0.989888543764 -0.592099208679 -0.614747162167 0.000901360786043 -0.717555670116 -0.641617531494 -1.07945109123 -0.892581166076 -1.12576547578 -1.69988303341 -1.71503387216 -1.11348464081
2018-01-20 19:47:44.944708 1700000 1700000 0.24833381481 2.93499492917 -1.27635531064 -0.0865859524587 -0.537911267296 -0.198119063996 1.35254360702 0.608467695279 -0.635618988674 -0.446124520534 -0.698230938988 -0.651760902965 0.252181577081 -0.993387322733 -1.00642003155 -0.636829661955
2018-01-20 19:47:49.961579 1800000 1800000 0.906271267351 1.02133344386 0.214884769619 -0.0865859524587 1.13413913373 0.29265664018 0.200858802557 0.16254744978 -0.307590693555 -0.322948029889 0.611415325661 -0.0947530235857 0.912188148438 0.209518587234 0.108098824553 0.480187676666
2018-01-20 19:47:54.971924 1900000 1900000 0.499172468592 0.26758514454 0.42576720521 -0.0865859524587 1.70943658094 0.695556964892 0.487755373063 -0.311242811063 -0.0330605753222 -0.0368606967778 1.06742029246 0.0486225809014 0.501517392927 0.484245794426 0.328250697364 0.849481070824
2018-01-20 19:47:59.981426 1800000 1800000 0.0879615607536 0.958846538215 -0.756680737214 0.162301269059 0.780109935457 0.105299699059 0.0779031294832 -0.0715606791076 -0.130202001774 -0.21623291357 0.319572146909 -0.386579475196 0.0884021686335 -0.284800263076 -0.453747100848 0.365973224864
2018-01-20 19:48:04.997551 1800000 1800000 0.092073669832 0.89245420097 -0.711491643873 0.422009674122 0.77273432716 0.0936935168655 0.0492134724325 -0.0381166606951 -0.135833388814 -0.224747417531 0.319572146909 -0.394192339152 0.0932911061991 -0.21787709565 -0.371190148544 0.359881787434
2018-01-20 19:48:10.007000 1900000 1900000 0.601975195551 0.517532767112 0.290199925187 0.167711860831 1.37015859925 0.400428331976 0.225449937172 -0.155170725139 -0.163990324018 -0.210556577595 0.793817312381 -0.0846025383123 0.604185081805 0.120541194178 -0.0616015774046 0.687296549266
2018-01-20 19:48:15.048786 1700000 1700000 -0.569975891787 2.07579997658 -1.78473261072 0.167711860831 -0.558562970529 -0.467548293484 -0.770491014728 0.296323523429 -0.449783216332 -0.504590781071 -0.735623346266 -0.76722267295 -0.566715465157 -1.30689954741 -1.36646007354 -0.69698260657
2018-01-20 19:48:20.069932 1800000 1800000 -1.03998995945 -0.439297975546 -1.99636819787 0.427420265894 -0.909641925487 -0.564045408292 -0.245880142945 -1.14790067168 -0.492018619137 -0.496076277109 -1.00585188959 -0.842082501841 -1.03849794024 -1.4409360049 -1.45819002055 -0.929218658567
2018-01-20 19:48:25.087857 1700000 1700000 -0.315025128928 -0.204972079385 -0.519437997173 -0.0865859524587 -0.697961967351 -0.435879996357 0.67628740511 0.274027511154 -0.622948367833 -0.525025590579 -0.836856448895 -0.768491483609 -0.312490711746 -0.930836975905 -0.91698333322 -0.683276872354
2018-01-20 19:48:30.096488 1800000 1800000 0.359360759927 0.181665649281 0.297731440744 0.167711860831 0.308071004421 -0.140088153029 -0.233584575638 0.262879505017 -0.389245805645 -0.431366047001 -0.323394856279 -0.479202653316 0.362182672307 0.29488365023 0.364942676165 -0.0307316377273
2018-01-20 19:48:35.108297 1800000 1800000 0.3264638873 0.2090036705 0.21111901184 -0.0865859524587 0.285944179528 -0.150036309195 -0.241781620509 0.195991468192 -0.387837958885 -0.431933680598 -0.365347313224 -0.495697191886 0.330404578131 0.216933369989 0.282385723862 -0.0688031216612
2018-01-20 19:48:40.420517 1700000 1700000 -0.992700705044 -0.404149091122 -1.8939395863 0.151480085515 -0.777618536963 -0.532377111164 -0.852461463444 0.023197373061 -0.232974815266 -0.399578565544 -0.966361859467 -0.841448096512 -0.991564139608 -1.41869165663 -1.43067103644 -0.931502947603
2018-01-20 19:48:45.433877 1700000 1700000 0.347024432692 6.56704631967 -1.69058866626 0.167711860831 -0.861700471554 -0.549620581852 -0.381131383327 -1.15681907659 -0.745149466616 -0.654786630954 -0.971833919068 -0.861622185993 0.418405454312 -1.05574754693 -1.01559302625 -0.856121409414
2018-01-20 19:48:50.446888 1800000 1800000 0.926831812743 0.915886790586 0.33162326075 -0.0865859524587 1.38490981585 0.0671651004235 -0.893446687802 -1.41601021929 -0.26535529075 -0.419445741454 0.793817312381 -0.5045788665 0.961077524094 -0.230805434812 -0.433107862772 0.513690582527
2018-01-20 19:48:55.485903 1900000 1900000 0.0674010153617 0.0605972695974 -0.0713128215413 -0.0865859524587 1.00137818438 -0.0372905393166 -0.88524964293 -1.43050262727 -0.0358762688425 -0.303648487576 0.501974133629 -0.651760902965 0.0688464183711 -0.50819435889 -0.692244963059 0.263180218242
2018-01-20 19:49:00.488283 2101000 2101000 -0.718011818609 -0.0370385204697 -1.45334592622 0.167711860831 -0.119714276831 -0.325787068123 -0.586057505117 -1.18022988948 0.0992770201337 -0.19182466888 -0.385411531764 -0.819878315306 -0.715828060908 -0.958785003211 -1.0476985077 -0.361192118273
2018-01-20 19:49:05.498774 1500000 1500000 -0.668666509668 -0.900138904663 -0.523203754952 0.422009674122 0.322822221016 -0.203093142079 -0.676224998705 -1.24265872385 0.416042541172 -0.0368606967778 -0.0361117271949 -0.772297915586 -0.666938685252 -0.633295052545 -0.722057195836 -0.1388546521
2018-01-20 19:49:10.570616 1500000 1500000 -0.71389970953 -0.646285850489 -1.02404953948 2.02354483867 0.285944179528 -0.213041298245 -0.676224998705 -1.48066865489 0.503329040302 0.00854999101761 -0.0725921245389 -0.860860899597 -0.713383592125 0.465043408317 0.557575564875 0.0111469946
2018-01-20 19:49:15.684899 1500000 1500000 -1.06178413756 -1.73980669924 0.150866887386 -0.600592170811 -0.485544448384 -0.441848890056 -0.672126476269 -1.29616915331 1.25652705699 0.411569845202 -0.671782650914 -0.811631046021 -1.06074260616 -0.950419607283 -0.960555058047 -0.617032490309
2018-01-20 19:49:20.669832 1500000 1500000 -1.06589624664 -1.74917973509 0.199821738505 -0.606002762583 -0.503983469128 -0.446988770742 -0.668027953833 -1.30787455975 1.22837012179 0.400217173253 -0.684550789984 -0.818101980383 -1.0636759687 -0.962017088002 -0.972021301422 -0.625408216775
2018-01-20 19:49:25.840534 1500000 1500000 -0.446612619436 -0.747827072159 -0.0713128215413 -0.606002762583 0.669475810995 -0.120191840698 -0.819673283958 -1.4979480644 0.263995091073 -0.142440545902 0.228371153549 -0.881923156539 -0.437158619669 -0.792237575183 -0.969728052747 0.0469341894979
2018-01-20 19:49:30.833263 1900000 1900000 -1.11400792286 -1.76987852258 -0.662536792753 -0.606002762583 -0.841048768321 -0.55310243651 -1.06148610767 -1.31679296466 0.328756042041 -0.149252149072 -0.951769700529 -0.844493242094 -1.11256534436 -1.36906964897 -1.39397905764 -0.854598550057
2018-01-20 19:49:35.843799 1800000 1800000 -1.1370357337 -0.646285850489 -2.21704160369 -0.606002762583 -0.973367181177 -0.587821501528 -0.950826001903 -0.645682995188 -0.51876770758 -0.547730934477 -1.06422052534 -0.880527464814 -1.13578779779 -1.81034428419 -1.86409503604 -1.06094599298
2018-01-20 19:49:40.863911 1500000 1500000 -0.606984873492 -1.23210059089 0.6893702497 0.427420265894 0.934997709704 -0.108585658504 -1.24182109485 -1.61444472854 0.791937626137 0.0312553349153 0.447253537613 -0.59720204462 -0.603382496899 0.0475341024399 -0.0134433552273 0.235007320131
2018-01-20 19:49:45.883943 1900000 1900000 -0.520630582846 -1.02901814755 0.339154776307 0.173122452604 1.28902690798 -0.0173942269852 -1.23362404997 -1.51021087115 0.834173028942 0.0539606788131 0.720856517693 -0.715201435923 -0.517826089501 0.0549488851946 -0.0363758419784 0.340846045467
2018-01-20 19:49:50.892041 1700000 1700000 1.00084977615 4.30189599011 -1.07677014838 -0.600592170811 -0.941652065498 -0.546304529797 1.34844508458 2.98299300256 -0.772940361661 -0.659838569972 -1.03795463925 -0.88687151811 1.00752243097 -1.14909776058 -1.07751074048 -1.0243973684
2018-01-20 19:49:55.907165 1700000 1700000 2.65802973474 3.79418988177 0.0717859740387 0.416599082349 -0.921442898763 -0.51529944308 1.53287859419 3.04988103939 -0.775615270506 -0.661087363886 -1.01898483264 -0.879512416287 2.65998332814 -0.317311233616 -0.0845340641556 -0.990133032861
2018-01-20 19:50:00.919720 1700000 1700000 -0.590536437179 0.775291252889 -1.55125562846 -0.0757647689144 -0.864650714873 -0.533206124178 0.413981969219 0.959629888609 -0.679684592268 -0.59143872148 -0.969097889267 -0.841574977578 -0.588715684202 -1.45576557041 -1.46736301525 -0.958152986357
2018-01-20 19:50:05.932180 1900000 1900000 -0.306800910771 -0.857179157034 0.636649640802 -0.0865859524587 1.2447732582 0.483329633357 0.504149462807 -1.48345565642 0.411819000891 0.354806485458 0.556694729645 -0.59720204462 -0.305157305398 0.0794747050754 -0.050135334029 0.484756254738
2018-01-20 19:50:10.943410 1500000 1500000 -0.495957928376 -0.829841135815 -0.0788443370982 -0.0865859524587 0.74323189397 0.237941781269 0.491853895499 -1.4817834555 0.40477976709 0.343453813509 0.173650557533 -0.666986630875 -0.495825870456 -0.319972950502 -0.423934868072 0.12612287608
2018-01-20 19:50:15.956862 1800000 1800000 -0.40960363773 -0.369000206698 -0.553329817179 0.422009674122 -0.605766863633 -0.373869822924 0.778750466005 -1.48234085581 -0.546924642784 -0.43817765017 -0.773015753544 -0.867585596091 -0.410269463058 -0.649455476498 -0.540890550502 -0.805105620943
2018-01-20 19:50:20.971403 1500000 1500000 -0.36025832879 -0.747827072159 0.192290222948 -0.600592170811 0.986626967786 0.365609785395 0.516445030114 -1.48011125458 0.344242356403 0.303719461688 0.410773140269 -0.639072796373 -0.358935618619 -0.214835133494 -0.362017153844 0.341607475146
2018-01-20 19:50:25.988332 1500000 1500000 -0.368482546946 -0.884517178253 0.508613876336 0.162301269059 1.11938791714 0.417008592252 0.491853895499 -1.47955385427 0.430121008773 0.360482821432 0.419893239605 -0.625115879122 -0.363824556185 0.0899314499858 0.00260938549846 0.351506060969
2018-01-20 19:50:31.001427 1700000 1700000 -0.984476486888 1.96644789171 -2.15528317612 -0.606002762583 -0.90300387802 -0.496563748968 1.53287859419 1.13799798681 -0.559595263625 -0.257670166183 -1.01086794423 -0.853882440972 -0.983252945747 -1.7086286746 -1.76089884566 -0.996224470291
2018-01-20 19:50:36.013039 1700000 1700000 -0.594648546257 0.259774281334 -1.3704992551 -0.606002762583 -0.0975874519388 -0.227963532493 0.159873578199 0.435673600148 -0.0696645910865 -0.154928485046 -0.600645876093 -0.754534566358 -0.591160152985 -0.549070725358 -0.520251312426 -0.471599421682
2018-01-20 19:50:41.028325 1700000 1700000 -0.479509492063 -0.41586538593 -0.662536792753 -0.0919965442308 0.0130466725229 -0.120191840698 0.454967193577 0.229435486604 -0.110492147131 -0.110653064445 -0.564165478749 -0.769760294268 -0.478714588976 -0.336703742359 -0.270287206839 -0.451040820357
2018-01-20 19:50:46.043785 1700000 1700000 -0.623433309806 -0.478352291573 -0.944968626135 -0.0919965442308 -0.230348401293 -0.219673402355 0.536937642293 0.179269458986 -0.142872622615 -0.11405886603 -0.699142948922 -0.806428922318 -0.622938247162 -0.664285042007 -0.616567756781 -0.613225341916
2018-01-20 19:50:51.061044 1700000 1700000 -1.11894245375 7.97300169664 -2.31303076946 -0.0919965442308 -0.982217911134 -0.590109577446 -0.85655998588 -0.0827086852451 -0.665606124666 -0.61811750056 -1.07416143362 -0.888267209835 -1.11818762256 -1.76946791772 -1.81135031651 -1.07236743816
2018-01-20 19:50:56.057649 1700000 1700000 1.12832515758 3.44270103752 -0.798104072777 -0.0919965442308 -0.748116103773 -0.52607661226 -0.942628957032 -1.09717724376 -0.734449831238 -0.65348107368 -0.893401064779 -0.856927586554 1.13219033889 -1.05993024489 -1.02247277227 -0.850029971985
2018-01-20 19:51:01.072973 1900000 1900000 0.659544722648 0.376937229415 0.54627145412 -0.0865859524587 1.91595361326 0.208097312771 -0.926234867288 -1.47509465182 -0.0443233494035 -0.312162991538 1.23158208051 -0.42718141629 0.657963395026 -0.0634975162451 -0.323031926367 0.818262453998
2018-01-20 19:51:06.097467 1700000 1700000 -0.101195456852 -0.130768878934 -0.161691008223 -0.0919965442308 0.816987976944 -0.0721090858967 -0.782786582035 -1.49683326378 -0.00208794659845 -0.274131540509 0.356052544253 -0.762147430313 -0.0973774588594 -0.595080402963 -0.754162677287 0.12079286833
2018-01-20 19:51:11.156531 1700000 1700000 -0.454836837592 0.212909102102 -1.11066196839 0.427420265894 -0.320330822522 -0.380501927034 -0.491791489093 -1.18580389255 -0.35123394312 -0.431933680598 -0.548661309878 -0.850964176455 -0.449380963583 -0.868286629077 -0.861945365017 -0.615509630952
2018-01-20 19:51:16.169244 1500000 1500000 -0.323249347084 -0.673623871708 0.147101129607 -0.0865859524587 0.971875751191 -0.0107621228747 -0.684422043576 -1.48847225918 0.283704945716 -0.110653064445 0.474613835621 -0.835104043216 -0.319824118094 -0.488231482243 -0.630327248831 0.137544321261
2018-01-20 19:51:21.350006 1500000 1500000 -0.685114945982 -1.32192551775 0.685604491921 -0.0865859524587 0.42608073718 -0.186512881803 -0.803279194214 -1.46115964414 0.549787983388 0.00854999101761 0.0459691668291 -0.821527769163 -0.679161029166 -0.528157235537 -0.577582529304 -0.197484737358
2018-01-20 19:51:26.314484 1500000 1500000 -1.00298097774 -1.44689932904 -0.975094688362 -0.595181579039 -0.4685805493 -0.44566234992 -0.85655998588 -1.5224736779 0.601878313514 0.0199026629665 -0.659014511844 -0.858703921476 -0.99987533347 -1.32134886765 -1.39627230632 -0.655865403922
2018-01-20 19:51:31.498472 1900000 1900000 -1.13127878099 -1.734339095 -1.36296773954 -0.606002762583 -0.863175593214 -0.557247501579 -0.913939299981 -1.39761600916 0.525854588465 -0.0311843608034 -0.969097889267 -0.853248035642 -1.12992107271 -1.58485883939 -1.6370634172 -0.911705775957
2018-01-20 19:51:36.663570 2101000 2101000 -0.924028483436 0.373031797812 -1.93536292186 -0.606002762583 -0.708287818967 -0.514138824861 -0.905742255109 -1.57208230521 -0.270986677791 -0.422851543039 -0.846888558165 -0.778641968882 -0.916274501098 -1.50995052131 -1.60266468708 -0.72591693436
2018-01-20 19:51:41.676639 1500000 1500000 -1.0165509377 -1.23210059089 -1.47970623067 0.405777898805 -0.307792288416 -0.408688369504 -1.00000827113 -1.66305003529 1.14389931618 0.252632437918 -0.545013270144 -0.666986630875 -1.01063099611 -0.965059050157 -1.07292424313 -0.302562033015
2018-01-20 19:51:46.689132 1900000 1900000 -0.532966910082 -1.38050699179 2.0337457766 2.18586259184 1.75369023072 0.0953515428931 -1.26231370702 -1.61611692946 1.20021318659 0.212898086097 1.08566049113 -0.494428381227 -0.530048433415 1.37497033816 1.43130331009 0.75430236099
2018-01-20 19:51:51.702490 1700000 1700000 0.170203742321 1.49779609939 -0.918608321686 -0.589770987267 -0.23772400959 -0.385476005117 -0.926234867288 0.614041698348 -0.521583401101 -0.548298568074 -0.483908604592 -0.850076008994 0.171514107249 -1.01886375579 -1.07063099445 -0.525660928868
2018-01-20 19:51:56.721959 1700000 1700000 2.02476493667 3.95040714587 -0.380104959372 0.422009674122 -0.929261043559 -0.527734638287 1.47549928009 3.02201102404 -0.774939504061 -0.660860310447 -1.02445689224 -0.88128875121 2.02442144461 -0.515989386914 -0.323031926367 -0.993940181255
2018-01-20 19:52:01.735519 2101000 2101000 -0.870982276324 -0.857179157034 -1.28388682619 -0.0919965442308 -0.496607860831 -0.310864833874 0.786947510877 -1.43942103218 -0.0260213415213 0.0880186946596 -0.679078730383 -0.76722267295 -0.869829594225 -1.32914389567 -1.40544530102 -0.6566268336
2018-01-20 19:52:06.745322 1500000 1500000 -0.475397382984 -0.966531241909 0.346686291863 -0.0865859524587 0.551466078236 0.304262822373 0.827932735235 -1.48122605519 0.241469542911 0.388864501304 0.137170160189 -0.593395612642 -0.471381182628 -0.498117859249 -0.669312476308 0.227393023344
2018-01-20 19:52:11.761410 1900000 1900000 -0.175213420263 -1.08369418999 2.0337457766 2.07765075639 1.06038305076 0.612655663511 0.848425347414 -1.47843905366 0.169669358142 0.326424805586 0.401653040933 -0.505847677159 -0.173155991126 1.44455522247 1.60100371205 0.469527661164
2018-01-20 19:52:16.772650 1500000 1500000 -0.487733710219 -0.978247536717 0.316560229636 -0.589770987267 0.485085603559 0.269444275793 0.836129780107 -1.47899645396 0.218943994748 0.371835493381 0.109809862181 -0.633997553736 -0.488492464108 -0.643751797456 -0.845892624291 0.230438742059
2018-01-20 19:52:21.788612 2101000 2101000 -0.789151305665 -0.872800883445 -0.986391961698 0.411188490577 -0.308529849246 -0.151694335223 0.983676587796 -0.868643117938 0.0387396094464 0.269661445841 -0.549573319812 -0.758340998335 -0.786717655609 -1.08502643267 -1.15089469808 -0.52413806951
2018-01-20 19:52:26.800960 1700000 1700000 -0.405491528652 0.158233059665 -0.993923477255 -0.600592170811 0.0351734974152 -0.0704510598691 0.602514001266 0.156973446711 -0.163990324018 -0.112355965238 -0.443780167514 -0.696169276036 -0.40293605671 -0.580440960089 -0.59822176738 -0.338349227913
2018-01-20 19:52:31.827025 1900000 1900000 -0.278016147222 -0.669718440105 0.267605378517 2.02354483867 0.212188096554 0.025714449733 0.623006613445 0.346489551048 -0.161174630498 -0.104976728471 -0.400003690701 -0.736771217129 -0.275823680004 0.675319042334 0.876337130714 -0.205099034144
2018-01-20 19:52:36.839553 2101000 2101000 -0.89277645444 -0.396338227917 -1.66046260404 -0.0270694429653 -0.616092715249 -0.420294551697 0.397587879476 0.307471529567 -0.163990324018 -0.170254592177 -0.889753025044 -0.854389965235 -0.89182981327 -1.23902576681 -1.24262464509 -0.836324237768
2018-01-20 19:52:41.849382 1700000 1700000 -0.734460254922 4.53622188628 -2.08825268766 0.422009674122 -0.968794304033 -0.586793525391 -1.0532890628 -0.562072949157 -0.754863609261 -0.663982295233 -1.06230530448 -0.887379042374 -0.732939342388 -1.60177975388 -1.6095444331 -1.0708445788
2018-01-20 19:52:46.864145 1700000 1700000 2.43597584451 1.49779609939 1.46888210983 2.07765075639 1.10463670054 -0.0157362009575 -0.93443191216 -1.45001163801 -0.51313632054 -0.544325132892 0.593175126989 -0.546449618253 2.43998113769 1.59228050966 1.80739609281 0.375871810687
2018-01-20 19:52:51.878160 1900000 1900000 0.215436942183 0.337882913388 -0.112736157104 -0.0595329935981 1.2226464333 0.0157662935673 -0.930333389724 -1.50853867023 -0.0443233494035 -0.312730625135 0.675256021013 -0.614965393848 0.217959014122 -0.436898370864 -0.637206994857 0.365973224864
2018-01-20 19:52:56.891747 1500000 1500000 -0.668666509668 -0.228404669001 -1.25376076397 -0.0919965442308 0.219563704851 -0.242885766742 -0.770491014728 -1.51578487422 0.330163888801 -0.0993003924966 -0.127312720555 -0.880400583748 -0.669383154035 -1.15328045854 -1.28619636991 -0.348247813736
2018-01-20 19:53:01.941053 1700000 1700000 -0.286240365379 0.0176375219679 -0.677599823867 0.427420265894 -0.0533338021541 -0.302574703736 -0.573761937809 -1.43719143095 -0.290696532433 -0.405254901518 -0.335250985416 -0.860607137465 -0.283157086352 -0.603635921527 -0.570702783278 -0.522615210153
2018-01-20 19:53:06.997998 1500000 1500000 -0.66455440059 -1.01730185274 -0.278429499354 -0.600592170811 0.123680796985 -0.266098131128 -0.72950579037 -1.52135887729 0.23443030911 -0.1430081795 -0.194801455641 -0.869488812079 -0.664494216469 -0.936730777582 -1.0201795236 -0.364237836988
2018-01-20 19:53:12.001835 1500000 1500000 -0.697451273217 -0.814219409404 -0.760446494992 -0.113638911319 0.212188096554 -0.246201818797 -0.786885104471 -1.54532709048 0.383662065688 -0.0765950485989 -0.127312720555 -0.872153314464 -0.693827841863 -0.99205646429 -1.07751074048 -0.395456453814
2018-01-20 19:53:17.036957 1500000 1500000 -1.12223214101 -1.80229360488 -0.417762537156 -0.589770987267 -0.821134625918 -0.548625766235 -1.12706246664 -1.41656761959 0.665231417722 -0.00280268093125 -0.940825581326 -0.842082501841 -1.1211209851 -1.32534144298 -1.34352758679 -0.84698425327
2018-01-20 19:53:22.038359 1800000 1800000 -1.00791550863 -0.716583619337 -1.82239018851 -0.606002762583 -0.913329729636 -0.572501341033 -1.12706246664 -1.26495473612 -0.555371723345 -0.571571545569 -1.01478958694 -0.861495304927 -1.00696429294 -1.71528296682 -1.77236508903 -0.984803025111
2018-01-20 19:53:27.050492 1300000 1300000 -0.623433309806 -1.11493764281 0.184758707391 -0.606002762583 1.15626595863 -0.0555288256205 -1.27133045638 -1.61444472854 1.01719310776 0.127753046481 0.620535424997 -0.557868914185 -0.620493778379 -0.040682800077 -0.164797767784 0.384247537152
2018-01-20 19:53:32.067375 1900000 1900000 -0.40960363773 -0.904044336266 0.406938416318 0.162301269059 1.28902690798 -0.0207102790404 -1.25411666215 -1.32626876988 0.600470466754 -0.0538897047011 0.720856517693 -0.694900465377 -0.407824994275 0.0180650940561 -0.0868273128307 0.360643217113
2018-01-20 19:53:37.079533 1700000 1700000 0.671881049883 4.84865641449 -1.3516704662 -1.11459838916 -0.954928160434 -0.557744909387 1.34844508458 3.07217705166 -0.774165188343 -0.661768524203 -1.04707473859 -0.892581166076 0.677519145289 -1.35785241352 -1.32288834871 -1.0457173994
2018-01-20 19:53:42.098420 1700000 1700000 1.56832082897 4.38000462217 -0.771743768328 0.416599082349 -0.93523528628 -0.539340820481 1.37713474163 3.05545504246 -0.774305973019 -0.661541470764 -1.02983775085 -0.883572610396 1.58441706371 -0.696605889912 -0.536304053152 -1.00916877483
2018-01-20 19:53:47.113096 2101000 2101000 -0.668666509668 -0.146390605345 -1.30271561509 -0.0865859524587 -0.560038092189 -0.329103120178 0.893509094208 -1.01914120079 -0.383614418604 -0.243479326247 -0.727415256864 -0.774835536905 -0.669383154035 -1.32153899028 -1.38021956559 -0.709926911108
2018-01-20 19:53:52.122767 1500000 1500000 -0.315025128928 -0.794692251391 0.440830236324 -0.0865859524587 0.485085603559 0.335765316898 0.946789885873 -1.45224123923 0.0148062145236 0.218574422072 0.0915696635091 -0.599739665938 -0.312490711746 -0.464656275535 -0.616567756781 0.186275820696
2018-01-20 19:53:57.138606 1900000 1900000 -0.121756002244 -0.943098652293 1.58185484319 2.07765075639 0.846490410134 0.5579408046 0.946789885873 -1.45112643862 0.0260689886049 0.235603429995 0.246611352221 -0.528686269024 -0.119377677905 1.17439095851 1.31893412501 0.324094592537
2018-01-20 19:54:02.151596 1500000 1500000 -0.393155201417 -0.825935704212 0.263839620738 -0.589770987267 0.433456345477 0.28602453607 0.918100228823 -1.44889683739 0.0640808511295 0.258308773893 0.0550892661651 -0.635266364395 -0.390713712796 -0.642040693743 -0.829839883566 0.18399153166
2018-01-20 19:54:07.168895 1700000 1700000 -0.925262116159 2.07579997658 -2.10745805233 0.422009674122 -0.829247795045 -0.439361851015 1.41811996599 0.714373753585 -0.476532304775 -0.166848790592 -0.947209650861 -0.8377685456 -0.923607907446 -1.55577007628 -1.60495793575 -0.901807190135
2018-01-20 19:54:12.185726 1700000 1700000 -0.471285273906 1.14630725514 -1.50606653512 -0.600592170811 -0.259850834483 -0.115217762615 1.00007067754 0.179269458986 -0.297735766234 -0.111220698043 -0.545925280077 -0.719007867901 -0.471381182628 -1.14054224202 -1.22427865568 -0.502818038507
2018-01-20 19:54:17.201389 1700000 1700000 -0.528854801003 -0.0526602468805 -1.08430166394 -0.0919965442308 -0.104963060236 -0.106927632477 0.729568196776 0.235009489673 -0.144280469375 -0.0538897047011 -0.546837290011 -0.76722267295 -0.527603964632 -0.710484842247 -0.70600445511 -0.50129517915
2018-01-20 19:54:22.217567 1700000 1700000 -0.619321200728 -0.25574269022 -1.12195924172 -0.0919965442308 -0.23772400959 -0.206409194134 0.602514001266 0.441247603217 -0.151319703176 -0.0993003924966 -0.669958631047 -0.803130014604 -0.615604840813 -0.787484509315 -0.763335671988 -0.619316779345
2018-01-20 19:54:27.231129 1700000 1700000 -1.13662452279 7.1919153761 -2.31796391215 -0.113638911319 -0.988265909938 -0.591502319309 -0.495890011529 0.16254744978 -0.683626563196 -0.620955668547 -1.07370542865 -0.895626311658 -1.13578779779 -1.84646758479 -1.88932077147 -1.12186036727
2018-01-20 19:54:32.244590 1700000 1700000 -0.195773965655 4.14567872601 -1.75084079072 -0.0919965442308 -0.939734407341 -0.579050543842 -1.04509201793 -0.729293041219 -0.757538518105 -0.665287852507 -1.04187628197 -0.883699491462 -0.192711741389 -1.51109125712 -1.51093474007 -1.0350573839
2018-01-20 19:54:37.299441 1700000 1700000 1.63000246515 1.92739357568 0.28266840963 -0.0919965442308 0.573592903129 -0.161642491388 -0.926234867288 -1.43551923003 -0.524399094621 -0.549433835269 0.164530458197 -0.623847068463 1.63330643936 -0.349251836251 -0.435401111447 0.0469341894979
2018-01-20 19:54:42.314545 1900000 1900000 0.322351778221 0.388653524223 0.00776809180553 -0.0865859524587 1.38490981585 0.0588749702854 -0.938530434596 -1.52135887729 -0.0513625832044 -0.316704060317 0.802937411717 -0.552793671549 0.335293515696 -0.348111100443 -0.568409534603 0.493131981203
2018-01-20 19:54:47.357095 2101000 2101000 -0.850010520025 0.142611333254 -1.76213806405 -0.0919965442308 -0.119714276831 -0.339051276344 -0.770491014728 -1.56483610122 0.459685790737 -0.0311843608034 -0.392707611232 -0.888394090901 -0.847829375179 -1.31070200011 -1.42608453909 -0.514239483688
2018-01-20 19:54:52.366232 1800000 1800000 -0.574088000865 0.255868849732 -1.33660743509 0.427420265894 -0.61388003276 -0.462905820607 -0.27047127756 -1.38089399995 -0.490610772377 -0.497211544304 -0.78487188268 -0.885729588517 -0.56915993394 -1.08122397998 -1.03623226433 -0.889624315276
2018-01-20 19:54:57.379980 1500000 1500000 -0.458948946671 0.32616661858 -1.18221136618 1.91533300323 0.330197829313 -0.208067220162 -0.745899880113 -1.58323031135 0.0739357784507 -0.229856119908 -0.0361117271949 -0.869108168882 -0.456714369931 0.315987262685 0.394754908942 -0.0451988016221
2018-01-20 19:55:02.604738 2101000 2101000 -0.685114945982 -0.747827072159 -0.816932861669 0.173122452604 -0.119714276831 -0.329103120178 -0.643436819218 -1.54978629294 0.0485945367676 -0.228720852714 -0.390883591365 -0.887252161308 -0.684049966732 -1.03673528345 -1.07063099445 -0.597235318664
2018-01-20 19:55:07.389655 2101000 2101000 -1.02148546859 -1.29068206493 -1.42321986399 -0.595181579039 -0.554137605551 -0.470035332526 -0.868855553187 -1.54142528833 0.510368274103 -0.025508024829 -0.731063296598 -0.878624248825 -1.01796440246 -1.44663968394 -1.52240098345 -0.738861238898
2018-01-20 19:55:12.398225 1500000 1500000 -1.12428819555 -1.83197488506 0.233713558511 1.5906974969 -0.75917951622 -0.532874518973 -1.15165360126 -1.49125926072 1.2987624598 0.286690453765 -0.881544935642 -0.837261021336 -1.12454324139 -0.0899245624733 0.101219078528 -0.696221176892
2018-01-20 19:55:17.411360 1500000 1500000 -0.994756759584 -1.07197789518 -1.54748987068 2.23996850956 -0.491444935022 -0.461413597182 -1.08607724228 -1.59437831749 0.499105500022 -0.0709187126244 -0.682726770117 -0.698706897354 -0.994008608391 -0.0615962898978 0.0255418722495 -0.331496360805
2018-01-20 19:55:22.426508 1900000 1900000 -0.615209091649 -1.11493764281 0.196055980727 -0.600592170811 1.44391468223 0.0141082675396 -1.27092060414 -1.61500212884 1.24244858939 0.22992709402 0.839417809061 -0.476665031998 -0.615604840813 0.174916267712 0.0255418722495 0.61572215947
2018-01-20 19:55:27.440014 1800000 1800000 -0.269791929065 -0.193255784577 -0.436591326048 -0.606002762583 0.603095336318 -0.18817090783 -1.20903291536 -0.918809145556 0.0359239159261 -0.304783754771 0.173650557533 -0.732964785152 -0.266045804873 -0.562189187154 -0.669312476308 -0.0292087783699
2018-01-20 19:55:32.453865 1700000 1700000 1.46963021109 4.69243915038 -0.896013775016 0.422009674122 -0.941873333747 -0.545143911577 1.37713474163 3.11119507314 -0.775080288737 -0.662733501319 -1.03813704124 -0.88687151811 1.4866383124 -0.746608142847 -0.591342021354 -1.02668165744
2018-01-20 19:55:37.467450 2101000 2101000 -0.705675491374 -0.693151029721 -0.941202868357 0.167711860831 -0.335082039117 -0.199777090024 0.873016482029 -1.36695899228 -0.131609848534 0.0199026629665 -0.55413336948 -0.729158353174 -0.703605716994 -1.11753740321 -1.18758667688 -0.532513795976
2018-01-20 19:55:42.477604 1500000 1500000 -0.241007165517 -0.771259661775 0.621586609688 -0.0865859524587 0.603095336318 0.365609785395 0.885312049336 -1.40151781131 0.0091748274829 0.178840070251 0.182770656869 -0.570557020777 -0.236712179479 -0.370735693976 -0.531717555802 0.280693100852
2018-01-20 19:55:47.494858 1500000 1500000 -0.372594656025 -0.853273725431 0.391875385204 1.75301525007 0.285944179528 0.213071390854 0.954986930745 -1.05815922227 -0.0415076558832 0.161811062327 -0.145552919227 -0.628922311099 -0.373602431316 0.512193821732 0.614906781752 0.00962413524265
2018-01-20 19:55:52.509214 1700000 1700000 -0.36025832879 1.04867146508 -1.34790470843 -0.600592170811 -0.171343534913 -0.0505547475376 1.01236624485 0.207139474329 -0.311814233836 -0.122005736394 -0.486644634393 -0.678405926807 -0.358935618619 -0.934449305965 -1.01788627492 -0.362714977631
2018-01-20 19:55:57.526978 1700000 1700000 -0.701563382295 1.69306767952 -1.86004776629 -0.606002762583 -0.571839065464 -0.28599444346 1.14351896279 0.42452559401 -0.369535951002 -0.13846711072 -0.747479475403 -0.778641968882 -0.701161248211 -1.49987402167 -1.6278904225 -0.601803896736
2018-01-20 19:56:02.543955 1700000 1700000 -0.545303237317 -0.35728391189 -0.873419228345 -0.0919965442308 -0.141841101723 -0.155010387278 0.623006613445 0.491413630835 -0.155543243457 -0.0993003924966 -0.601557886027 -0.781179590201 -0.542270777329 -0.592418686077 -0.554650042553 -0.530990936619
2018-01-20 19:56:07.561726 1700000 1700000 -1.1214097192 7.97300169664 -2.31385923617 -0.113638911319 -0.985168154453 -0.590888849679 -0.803279194214 -0.461740893919 -0.685175194632 -0.627142874759 -1.07525584554 -0.890170425824 -1.12063209134 -1.79570484131 -1.84116254929 -1.07845887559
2018-01-20 19:56:12.575322 1700000 1700000 1.05841930325 3.5598639856 -0.869653470567 -0.0919965442308 -0.801220483515 -0.541827859522 -1.02869792818 -1.09160324069 -0.744023189207 -0.658703302777 -0.932617491923 -0.858957683608 1.06374521297 -1.12666328968 -1.09127023253 -0.888862885597
2018-01-20 19:56:17.590135 1800000 1800000 1.05019508509 1.23613218201 0.199821738505 -0.0865859524587 1.14151474203 -0.00910409684706 -0.950826001903 -1.48234085581 -0.337155475519 -0.459180093275 0.611415325661 -0.546449618253 1.05396733784 -0.272442291819 -0.444574106148 0.385008966831
2018-01-20 19:56:22.603825 1800000 1800000 0.161979524164 0.42770784025 -0.285961014911 -0.0865859524587 1.09726109225 -0.022368305068 -0.959023046775 -1.53306428373 -0.0555861234849 -0.321812762694 0.574934928317 -0.613696583189 0.1641807009 -0.527206622363 -0.728936941861 0.308865998963
2018-01-20 19:56:27.615774 1700000 1700000 -0.417827855887 0.134800470048 -1.00145499281 0.167711860831 -0.134465493426 -0.332419172233 -0.606550117296 -1.52693288036 -0.258316056949 -0.389928794387 -0.402739720502 -0.870376979541 -0.415158400624 -0.847753384526 -0.843599375616 -0.594189599949
2018-01-20 19:56:32.805383 1500000 1500000 -0.364370437868 -0.376811069903 -0.429059810491 0.167711860831 0.691602635888 -0.115217762615 -0.827870328829 -1.5787711089 0.178116438703 -0.187851233698 0.246611352221 -0.869235049948 -0.361380087402 -0.656680136618 -0.747282931262 -0.148753237922
2018-01-20 19:56:37.797869 1500000 1500000 -1.11441913376 -1.74996082141 -0.877184986123 -0.0865859524587 -0.795319996877 -0.538346004864 -0.897545210238 -1.44666723617 0.65115295012 0.0426080068642 -0.916201313119 -0.869869455277 -1.11256534436 -1.32553156561 -1.33894108944 -0.862974276522
2018-01-20 19:56:42.833868 1500000 1500000 -1.14345062386 -1.8315843419 -0.681365581646 -0.568128620178 -0.858750228235 -0.556750093771 -0.967220091647 -1.42938782665 1.03127157537 0.207221750123 -0.966361859467 -0.859718970004 -1.14214341663 -1.34929689496 -1.35270058149 -0.912467205636
2018-01-20 19:56:47.835400 1800000 1800000 -1.0531487085 -0.896233473061 -1.89017382852 -0.606002762583 -0.917017533785 -0.57349615665 -1.13116098908 -1.26885653827 -0.484979385336 -0.538648796917 -1.01743441575 -0.867458715025 -1.05218696542 -1.73771743772 -1.79759082446 -0.99089446254
2018-01-20 19:56:52.849463 2101000 2101000 -0.859057159997 -0.587704376449 -1.46840895734 -0.606002762583 -0.465630305981 -0.44748617855 -0.913939299981 -1.6361833405 -0.0105350271595 -0.294566350017 -0.66813461118 -0.758340998335 -0.857607250311 -1.34302284801 -1.46048326922 -0.529468077261
2018-01-20 19:56:57.856662 1900000 1900000 -0.582312219022 -1.20866800128 0.708199038592 0.167711860831 1.59880245647 0.0522428661749 -1.27624868331 -1.61611692946 1.24244858939 0.22992709402 0.957979100429 -0.528686269024 -0.581382277854 0.345646393704 0.225054506984 0.637042190473
2018-01-20 19:57:02.868947 1900000 1900000 0.408706068867 0.376937229415 0.147101129607 1.75301525007 0.352324654205 -0.242885766742 -1.13116098908 -0.0325426576264 -0.387837958885 -0.493238109122 -0.0178715285229 -0.781179590201 0.411072047963 0.660679599459 0.816712665162 -0.0657574029464
2018-01-20 19:57:07.885253 1700000 1700000 -0.0230653843626 3.79418988177 -1.60774199514 0.432830857666 -0.726726839711 -0.365579692786 1.3279524724 0.764539781204 -0.675742621339 -0.512537651435 -0.850536597899 -0.830790086975 -0.0191544578097 -1.03407356657 -1.05916475108 -0.624646787096
2018-01-20 19:57:12.896357 1900000 1900000 0.00571937918604 1.16192898156 -0.95626589947 0.427420265894 -0.112338668534 0.130170089473 1.29516429292 -1.34299077909 -0.437112595491 -0.166281156995 -0.337987015216 -0.773566726246 0.00529023001828 -0.494315406554 -0.534010804477 -0.206621893502
2018-01-20 19:57:17.908865 1700000 1700000 -0.697451273217 -0.322135027466 -1.24999500619 -0.0865859524587 -0.414738608729 -0.28599444346 0.680385927546 0.352063554117 -0.221712041185 -0.1430081795 -0.758423594606 -0.772297915586 -0.696272310646 -0.884827298299 -0.868825111042 -0.658911122636
2018-01-20 19:57:22.925389 1900000 1900000 -0.528854801003 -1.03292357915 0.33162326075 0.422009674122 0.138432013579 -0.0986375023386 0.299223341017 0.0789374037484 0.0288846821253 -0.0425370327523 -0.564165478749 -0.765953862291 -0.52515949585 0.270357830349 0.449792877144 -0.410685047387
2018-01-20 19:57:27.942456 1700000 1700000 -0.817113647398 -0.911855199471 -1.03534681282 -0.0865859524587 -0.432440068643 -0.353973510592 0.250041071787 0.0789374037484 -0.056993970245 -0.123141003589 -0.835944438962 -0.831932016568 -0.816051281003 -0.776647519135 -0.708297703785 -0.758658410543
2018-01-20 19:57:32.958623 1700000 1700000 -1.12017608647 7.93394738061 -2.3132943725 0.411188490577 -0.983250496296 -0.59034170109 -0.811476239086 -0.188614743551 -0.671800650411 -0.620388034949 -1.07078699686 -0.892327403945 -1.11940985695 -1.75501859748 -1.78612458109 -1.09825604723
2018-01-20 19:57:37.972756 1700000 1700000 1.98775595496 3.16932082534 -0.108970399326 -0.0865859524587 -0.425802021175 -0.437040614576 -0.926234867288 -1.2710861395 -0.70080229367 -0.636735882556 -0.638038283371 -0.813153618812 1.99997675678 -0.715237908116 -0.687658465709 -0.581245295411
2018-01-20 19:57:42.985791 1900000 1900000 0.68010526804 0.478478451085 0.448361751881 -0.0865859524587 1.96020726305 0.208097312771 -0.975417136518 -1.52860508128 -0.0443233494035 -0.317839327512 1.25894237852 -0.430987848268 0.682408082854 -0.0653987425925 -0.329911672392 0.833491047572
2018-01-20 19:57:47.996970 1800000 1800000 0.00983148826442 0.330072050183 -0.436591326048 -0.0919965442308 1.03088061757 -0.0256843571233 -0.864757030751 -1.55647509662 0.0105826742431 -0.278104975691 0.520214332301 -0.76722267295 0.0126236363667 -0.56922372464 -0.724350444511 0.125361446402
2018-01-20 19:57:53.154567 2101000 2101000 -0.806010952886 -0.337756753877 -1.48347198845 0.422009674122 -0.396299587985 -0.413662447587 -0.639338296782 -1.5709675046 -0.0330605753222 -0.271861006119 -0.610677985363 -0.897656408713 -0.803828937089 -1.1338879498 -1.14630820073 -0.735054090504
2018-01-20 19:57:58.147653 1500000 1500000 -1.03176574129 -1.38050699179 -1.33660743509 0.167711860831 -0.582164917081 -0.475009410609 -0.786885104471 -1.51857187575 0.517407507904 -0.00847901690569 -0.752039525071 -0.870884503805 -1.02896451199 -1.33788953687 -1.38480606294 -0.760181269901
2018-01-20 19:58:03.159446 1900000 1900000 -1.07041956663 -1.64217090917 -0.880950743902 1.37427382602 -0.842523889981 -0.553268239113 -1.0532890628 -1.3847958021 -0.124570614733 -0.364385282502 -0.952681710463 -0.82533420114 -1.06832045939 -0.354575270024 -0.224422233337 -0.674901145889
2018-01-20 19:58:08.172231 1500000 1500000 -0.643993855198 -1.13837023243 0.147101129607 -0.578949803723 0.905495276514 -0.11853381467 -1.27256001311 -1.61110032669 0.876408431747 0.0653133507619 0.419893239605 -0.574363452755 -0.642493997424 -0.168825455888 -0.286339947565 0.274601663423
2018-01-20 19:58:13.189934 1900000 1900000 -0.53707901916 -1.16180282204 0.734559343041 0.422009674122 1.54717319839 0.0406366839816 -1.27378956984 -1.5626065 1.05942851057 0.150458390378 0.921498703085 -0.64414803901 -0.537381839764 0.239748086157 0.126444813954 0.540340621281
2018-01-20 19:58:18.203806 1700000 1700000 0.0427283608915 4.84865641449 -1.69058866626 -0.600592170811 -0.94194708983 -0.563548000484 0.766454898698 2.95512298722 -0.76373304385 -0.657113928704 -1.03740743329 -0.87507157898 0.0444017305431 -1.48466421089 -1.46965626392 -1.06627600073
2018-01-20 19:58:23.221210 1700000 1700000 -1.02683121039 0.927603085394 -2.14323275123 0.422009674122 -0.916279972955 -0.534698347603 1.17220861984 0.803557802685 -0.537069715463 -0.349059175372 -1.02017044555 -0.838783594127 -1.02603114945 -1.60387110287 -1.63935666588 -0.980234447038
2018-01-20 19:58:28.235545 1900000 1900000 -0.545303237317 -1.02901814755 0.237479316289 -0.0865859524587 0.138432013579 -0.135114074946 0.13938096602 -0.0938566913825 0.0528180770481 -0.0709187126244 -0.606117935695 -0.734233595811 -0.544715246112 0.188034729509 0.35347643279 -0.42058363321
2018-01-20 19:58:33.249333 1900000 1900000 -0.643993855198 -1.01730185274 -0.195582828229 -0.0919965442308 -0.104963060236 -0.213041298245 0.258238116658 -0.255502780376 -0.00208794659845 -0.0822713845733 -0.755687564805 -0.786254832837 -0.644938466207 -0.155136626187 -0.00197711185175 -0.614748201273
2018-01-20 19:58:38.264068 1700000 1700000 -1.10989581378 8.6369250691 -2.3112608633 0.416599082349 -0.981627862471 -0.590192478748 -1.04509201793 -0.138448715932 -0.677572822127 -0.627142874759 -1.07233741375 -0.888013447703 -1.10914308806 -1.71033977832 -1.74025960758 -1.07160600848
2018-01-20 19:58:43.277620 1700000 1700000 2.04121337298 3.13026650931 -0.0524840326492 0.427420265894 -0.384498614709 -0.423610603753 -0.877052598059 -1.26997133889 -0.696156399362 -0.633784187849 -0.59973386616 -0.820005196371 2.04886613244 -0.548120112184 -0.49043907965 -0.566778131516
2018-01-20 19:58:48.290845 1900000 1900000 0.737674795138 0.451140429866 0.576397516347 -0.0865859524587 2.02658773773 0.226335599075 -0.98361418139 -1.54198268864 -0.0499547364442 -0.320677495499 1.31366297453 -0.395461149811 0.743519802424 -0.00170765995635 -0.272580455514 0.89821257026
2018-01-20 19:58:53.304516 1700000 1700000 -0.298576692614 -0.0526602468805 -0.636176488304 -0.0919965442308 -0.0459581938567 -0.322471016068 -0.795082149343 -1.5386382868 -0.282249451872 -0.419445741454 -0.331602945681 -0.823177223019 -0.295379430266 -0.963918314349 -1.00642003155 -0.51880806176
2018-01-20 19:58:54.077946 2101000 2101000 -0.770646814812 0.435518703455 -1.71318321293 0.416599082349 -0.001704544072 -0.310864833874 -0.815574761522 -1.55201589417 0.354097283724 -0.0936240565221 -0.301506617872 -0.884207015726 -0.76960637413 -1.15537180753 -1.26785038051 -0.417537914496
