503.0Gb memory in total.
Using: 453.403Gb.
MEGAHIT v1.1.1
--- [Sat Jan 20 19:46:29 2018] Start assembly. Number of CPU threads 160 ---
--- [Sat Jan 20 19:46:29 2018] Available memory: 540930650112, used: 486837585100
--- [Sat Jan 20 19:46:29 2018] Converting reads to binaries ---
    [read_lib_functions-inl.h  : 209]     Lib 0 (/scratch/shofmeyr/hipmer_metagenome_data/SYNTHbbqc_25perc.fq): interleaved, 36327152 reads, 101 max length
    [utils.h                   : 126]     Real: 57.9261	user: 33.6120	sys: 3.8560	maxrss: 158088
--- [Sat Jan 20 19:47:27 2018] k-max reset to: 119 ---
--- [Sat Jan 20 19:47:27 2018] k list: 21,29,39,59,79,99,119 ---
--- [Sat Jan 20 19:47:27 2018] Extracting solid (k+1)-mers for k = 21 ---
--- [Sat Jan 20 19:48:06 2018] Building graph for k = 21 ---
--- [Sat Jan 20 19:48:31 2018] Assembling contigs from SdBG for k = 21 ---
--- [Sat Jan 20 19:49:20 2018] Local assembling k = 21 ---
--- [Sat Jan 20 19:49:51 2018] Extracting iterative edges from k = 21 to 29 ---
--- [Sat Jan 20 19:50:20 2018] Building graph for k = 29 ---
--- [Sat Jan 20 19:50:40 2018] Assembling contigs from SdBG for k = 29 ---
--- [Sat Jan 20 19:51:17 2018] Local assembling k = 29 ---
--- [Sat Jan 20 19:51:52 2018] Extracting iterative edges from k = 29 to 39 ---
--- [Sat Jan 20 19:52:13 2018] Building graph for k = 39 ---
--- [Sat Jan 20 19:52:28 2018] Assembling contigs from SdBG for k = 39 ---
--- [Sat Jan 20 19:53:05 2018] Local assembling k = 39 ---
--- [Sat Jan 20 19:53:37 2018] Extracting iterative edges from k = 39 to 59 ---
--- [Sat Jan 20 19:53:57 2018] Building graph for k = 59 ---
--- [Sat Jan 20 19:54:17 2018] Assembling contigs from SdBG for k = 59 ---
--- [Sat Jan 20 19:54:59 2018] Local assembling k = 59 ---
--- [Sat Jan 20 19:55:27 2018] Extracting iterative edges from k = 59 to 79 ---
--- [Sat Jan 20 19:55:40 2018] Building graph for k = 79 ---
--- [Sat Jan 20 19:55:57 2018] Assembling contigs from SdBG for k = 79 ---
--- [Sat Jan 20 19:56:29 2018] Local assembling k = 79 ---
--- [Sat Jan 20 19:56:59 2018] Extracting iterative edges from k = 79 to 99 ---
--- [Sat Jan 20 19:57:08 2018] Building graph for k = 99 ---
--- [Sat Jan 20 19:57:20 2018] Assembling contigs from SdBG for k = 99 ---
--- [Sat Jan 20 19:57:50 2018] Local assembling k = 99 ---
--- [Sat Jan 20 19:58:11 2018] Extracting iterative edges from k = 99 to 119 ---
--- [Sat Jan 20 19:58:16 2018] Building graph for k = 119 ---
--- [Sat Jan 20 19:58:27 2018] Assembling contigs from SdBG for k = 119 ---
--- [Sat Jan 20 19:58:52 2018] Merging to output final contigs ---
--- [STAT] 57763 contigs, total 191886595 bp, min 200 bp, max 708009 bp, avg 3322 bp, N50 15358 bp
--- [Sat Jan 20 19:58:54 2018] ALL DONE. Time elapsed: 744.308810 seconds ---
