number of threads 160
reads 4359256
long reads 0
extra reads 0
read_length 101
kmer 60
kmers 21358992 21002905
merge bubble 63
contigs: 46968 n50: 266 max: 8310 mean: 118 total length: 5562158 n80: 60
aligned 179632 reads
confirmed bases: 2090923 correct reads: 85069 bases: 3799
kmer 20
kmers 49539227 49523114
merge bubble 12737
contigs: 285138 n50: 349 max: 6768 mean: 121 total length: 34637364 n80: 223
aligned 871359 reads
confirmed bases: 8060220 correct reads: 101666 bases: 1167
distance mean -nan sd -nan
invalid insert distance
kmer 40
kmers 36545571 36836500
merge bubble 92
contigs: 188500 n50: 390 max: 9579 mean: 174 total length: 32803369 n80: 246
aligned 873099 reads
confirmed bases: 8438799 correct reads: 113863 bases: 229
distance mean -nan sd -nan
invalid insert distance
kmer 60
kmers 33123635 33112048
merge bubble 14
contigs: 100622 n50: 444 max: 20308 mean: 282 total length: 28441693 n80: 287
aligned 842190 reads
confirmed bases: 8291945 correct reads: 115249 bases: 56
distance mean -nan sd -nan
invalid insert distance
kmer 80
kmers 24349721 24210814
merge bubble 2
contigs: 53400 n50: 503 max: 20328 mean: 451 total length: 24117604 n80: 339
aligned 802274 reads
confirmed bases: 8036181 correct reads: 114927 bases: 25
distance mean -nan sd -nan
invalid insert distance
kmer 100
kmers 19083179 18976520
merge bubble 0
contigs: 40925 n50: 539 max: 20328 mean: 536 total length: 21944970 n80: 370
reads 4359256
aligned 763181 reads
distance mean -nan sd -nan
invalid insert distance
