503.0Gb memory in total.
Using: 453.403Gb.
MEGAHIT v1.1.1
--- [Tue Jan 16 15:58:53 2018] Start assembly. Number of CPU threads 160 ---
--- [Tue Jan 16 15:58:53 2018] Available memory: 540930650112, used: 486837585100
--- [Tue Jan 16 15:58:53 2018] Converting reads to binaries ---
    [read_lib_functions-inl.h  : 209]     Lib 0 (/scratch/shofmeyr/hipmer_metagenome_data/SYNTHbbqc_25perc.fq): interleaved, 36327152 reads, 101 max length
    [utils.h                   : 126]     Real: 57.6301	user: 31.4600	sys: 3.7320	maxrss: 156840
--- [Tue Jan 16 15:59:51 2018] k-max reset to: 119 ---
--- [Tue Jan 16 15:59:51 2018] k list: 21,29,39,59,79,99,119 ---
--- [Tue Jan 16 15:59:51 2018] Extracting solid (k+1)-mers for k = 21 ---
--- [Tue Jan 16 16:00:33 2018] Building graph for k = 21 ---
--- [Tue Jan 16 16:00:59 2018] Assembling contigs from SdBG for k = 21 ---
--- [Tue Jan 16 16:02:02 2018] Local assembling k = 21 ---
--- [Tue Jan 16 16:02:40 2018] Extracting iterative edges from k = 21 to 29 ---
--- [Tue Jan 16 16:04:59 2018] Building graph for k = 29 ---
--- [Tue Jan 16 16:05:18 2018] Assembling contigs from SdBG for k = 29 ---
--- [Tue Jan 16 16:06:03 2018] Local assembling k = 29 ---
--- [Tue Jan 16 16:06:39 2018] Extracting iterative edges from k = 29 to 39 ---
--- [Tue Jan 16 16:08:37 2018] Building graph for k = 39 ---
--- [Tue Jan 16 16:08:56 2018] Assembling contigs from SdBG for k = 39 ---
--- [Tue Jan 16 16:09:39 2018] Local assembling k = 39 ---
--- [Tue Jan 16 16:10:18 2018] Extracting iterative edges from k = 39 to 59 ---
--- [Tue Jan 16 16:10:47 2018] Building graph for k = 59 ---
--- [Tue Jan 16 16:11:05 2018] Assembling contigs from SdBG for k = 59 ---
--- [Tue Jan 16 16:11:47 2018] Local assembling k = 59 ---
--- [Tue Jan 16 16:12:32 2018] Extracting iterative edges from k = 59 to 79 ---
--- [Tue Jan 16 16:12:51 2018] Building graph for k = 79 ---
--- [Tue Jan 16 16:13:09 2018] Assembling contigs from SdBG for k = 79 ---
--- [Tue Jan 16 16:13:41 2018] Local assembling k = 79 ---
--- [Tue Jan 16 16:14:11 2018] Extracting iterative edges from k = 79 to 99 ---
--- [Tue Jan 16 16:14:20 2018] Building graph for k = 99 ---
--- [Tue Jan 16 16:14:32 2018] Assembling contigs from SdBG for k = 99 ---
--- [Tue Jan 16 16:15:01 2018] Local assembling k = 99 ---
--- [Tue Jan 16 16:15:55 2018] Extracting iterative edges from k = 99 to 119 ---
--- [Tue Jan 16 16:15:59 2018] Building graph for k = 119 ---
--- [Tue Jan 16 16:16:10 2018] Assembling contigs from SdBG for k = 119 ---
--- [Tue Jan 16 16:16:43 2018] Merging to output final contigs ---
--- [STAT] 57766 contigs, total 191887179 bp, min 200 bp, max 708009 bp, avg 3322 bp, N50 15348 bp
--- [Tue Jan 16 16:16:44 2018] ALL DONE. Time elapsed: 1070.986988 seconds ---
