Date Time Prediction All_Predictions EXEC IPC FREQ AFREQ L3MISS_Rate L2MISS_Rate L3HIT L2HIT L3MPI L2MPI READ_Rate WRITE_Rate INST_Rate POWER_Total POWER_Proc POWER_DRAM
2018-01-12 10:49:41.649378 1700000 1700000 -1.12387698464 3.36459240547 -2.29751584741 2.348180345 -0.984946886204 -0.586959327994 0.877115004465 1.95737643791 -0.678839884212 -0.5647599424 -1.07589425249 -0.878751129891 -1.12307656012 -0.327577855892 -0.162504519109 -0.772364144759
2018-01-12 10:49:46.650123 1700000 1700000 -1.14308053404 5.66879705106 -2.31781328184 2.23996850956 -0.988339666021 -0.589877453802 0.565627299344 1.82360036426 -0.665606124666 -0.571571545569 -1.08063670415 -0.891566117549 -1.14238786351 -0.360469071701 -0.194610000561 -0.797491324156
2018-01-12 10:49:51.665208 1700000 1700000 -1.13662452279 3.13026650931 -2.30463312961 -0.0757647689144 -0.986938300445 -0.589098181569 0.59841547883 1.77343433665 -0.669125741566 -0.573274446362 -1.08072790514 -0.889789782626 -1.13578779779 -1.55519970837 -1.54762671887 -1.08988032077
2018-01-12 10:49:56.676485 1700000 1700000 -1.13995533114 5.70785136708 -2.31638229388 -0.0865859524587 -0.98730708086 -0.589247403912 0.606612523702 1.75671232744 -0.66264964647 -0.56703047679 -1.08063670415 -0.889409139428 -1.13921005409 -1.56603669855 -1.5545064649 -1.11043892209
2018-01-12 10:50:01.687572 1700000 1700000 -1.13987308896 5.66879705106 -2.31623166357 -0.0919965442308 -0.986790788279 -0.589230823652 0.512346507678 1.76228633051 -0.656595905401 -0.56703047679 -1.07899508627 -0.889028496231 -1.13921005409 -1.63486109233 -1.63935666588 -1.10434748466
2018-01-12 10:50:06.697560 1700000 1700000 -1.15368977546 5.16109094271 -2.32195561539 -0.0865859524587 -0.9910760167 -0.590673306296 0.848425347414 1.63408425993 -0.66616926337 -0.553407270451 -1.08145751309 -0.897529527647 -1.15289907927 -1.7217471364 -1.72191361818 -1.17820616349
2018-01-12 10:50:11.713106 1700000 1700000 -1.13415725734 3.28648377342 -2.30399295079 -0.0865859524587 -0.986274495698 -0.589031860528 0.508247985242 1.61736225072 -0.66828103351 -0.577247881544 -1.07935989024 -0.887759685572 -1.13334332901 -1.58124650933 -1.57514570298 -1.10282462531
2018-01-12 10:50:16.723503 1700000 1700000 -1.13456846825 2.77877766507 -2.30090502941 -0.0919965442308 -0.986938300445 -0.589015280268 0.623006613445 1.75113832437 -0.674616343931 -0.576680247946 -1.08036310117 -0.889155377297 -1.13358777589 -1.58447859412 -1.57743895165 -1.10815463306
2018-01-12 10:50:21.736042 1700000 1700000 -1.1388039406 4.38000462217 -2.3119386997 -0.0919965442308 -0.987380836943 -0.58913134209 0.663991837803 1.72326830903 -0.667717894806 -0.568165743985 -1.08081910613 -0.890043544758 -1.1379878197 -1.66509059125 -1.67604864468 -1.10358605498
2018-01-12 10:50:26.747957 1700000 1700000 -1.13863945624 5.70785136708 -2.31574211506 -0.0919965442308 -0.987012056528 -0.589065021049 0.627105135881 1.75671232744 -0.663775923878 -0.566462843192 -1.08045430216 -0.889155377297 -1.1379878197 -1.65140176155 -1.65999590395 -1.10206319563
2018-01-12 10:50:31.763792 1700000 1700000 -1.14308053404 5.66879705106 -2.31781328184 -0.0865859524587 -0.987897129523 -0.589579009117 0.602514001266 1.61178824765 -0.660115522301 -0.5647599424 -1.08018069918 -0.890804831154 -1.14238786351 -1.68429297736 -1.69210138541 -1.12719037502
2018-01-12 10:50:36.777638 1700000 1700000 -1.15056457256 4.80960209846 -2.31962084557 -0.0919965442308 -0.990286826612 -0.591004911501 0.479558328192 1.45571616173 -0.666310048046 -0.577247881544 -1.0785390813 -0.896387598054 -1.14972126986 -1.72954216443 -1.73796635891 -1.15612470281
2018-01-12 10:50:42.173384 1700000 1700000 -1.126755461 7.27002400816 -2.31427346952 -0.0919965442308 -0.989814787681 -0.592215270501 -0.803279194214 0.168121452848 -0.716992531412 -0.643433959005 -1.07963349322 -0.891566117549 -1.12576547578 -1.70102376922 -1.71962036951 -1.10282462531
2018-01-12 10:50:47.208846 1700000 1700000 -0.504182146533 5.74690568311 -2.01933932032 -0.0919965442308 -0.96525401205 -0.416978499642 2.25012002046 1.62851025686 -0.764014613202 -0.471668032419 -1.0483515525 -0.84398571783 -0.459158838714 -1.26735403939 -1.25179763979 -0.919320072744
2018-01-12 10:50:52.222729 1700000 1700000 0.392257632554 3.13026650931 -1.21610318618 -0.0865859524587 -0.001704544072 -0.22298945441 -0.0532495884625 0.519283646179 -0.494834312658 -0.484155971563 -0.290562498669 -0.496966002545 0.420849923095 -0.68367755075 -0.788561407414 -0.119818910133
2018-01-12 10:50:57.235716 2100000 2100000 -0.594648546257 -0.033133088867 -1.21986894396 -0.0919965442308 0.654724594401 0.000844059318673 -0.139318559614 -0.623386982913 0.534301669026 0.173163734276 0.228371153549 -0.352321587399 -0.593604621768 -0.643181429551 -0.894050846469 0.392623263618
2018-01-12 10:51:02.244720 1700000 1700000 -0.216334511046 1.19317243438 -1.22740045952 -0.0865859524587 0.308071004421 -0.096979476311 3.12032029165e-05 -0.0269686545577 -0.151319703176 -0.245749860637 -0.0452318265309 -0.465245736065 -0.214711960434 -0.719800851349 -0.903223841169 0.116224290258
2018-01-12 10:51:07.257075 2101000 2101000 -0.0107290571275 1.11506380232 -0.95626589947 0.936015892474 0.507212428452 -0.00578804479181 0.0574105173042 0.0120493669235 -0.1822923319 -0.255967265391 0.109809862181 -0.39672996047 -0.0118210514613 0.464853285683 0.468138866545 0.307343139606
2018-01-12 10:51:12.265003 1700000 1700000 -0.0970833477734 1.57199929984 -1.22363470174 -0.0865859524587 0.167934446769 -0.103611580422 0.225449937172 0.0733634006797 -0.280841605112 -0.298539785199 -0.163793117899 -0.503310055841 -0.0973774588594 -0.711245332786 -0.864238613692 0.0210455804228
2018-01-12 10:51:17.278027 2101000 2101000 -0.0436259297545 0.513627335509 -0.658771034975 1.96943892095 0.728480677375 0.0854033867274 0.082001651919 -0.216484758895 -0.0767038248874 -0.177066195346 0.283091749565 -0.343439912784 -0.041154676855 0.978184399466 1.043744284 0.452014778554
2018-01-12 10:51:22.288377 2100000 2100000 -0.631657527963 -0.146390605345 -1.22363470174 -0.0811753606866 0.558841686534 -0.0638189557586 -0.282766844867 -0.383704850957 0.541340902827 0.133429382455 0.146290259525 -0.456364061451 -0.63027165351 -0.691852824043 -0.93074282527 0.319526014465
2018-01-12 10:51:27.299528 1800000 1800000 1.11598883035 0.302734028964 1.37850392315 2.18586259184 1.5250463735 0.473381477191 0.241844026915 -0.0827086852451 -0.272394524551 -0.28945764764 0.921498703085 0.0143646931036 1.11996799498 1.71528985433 1.82115558486 0.822831032071
2018-01-12 10:51:32.340009 1700000 1700000 -1.06836351209 0.130895038446 -2.14097329656 0.995532401967 -0.789419510239 -0.540335636097 -1.12706246664 0.352063554117 0.0950534798532 -0.268455204535 -0.913465283318 -0.827491179261 -1.06734267188 -0.677783749073 -0.616567756781 -0.667286849102
2018-01-12 10:51:37.353994 2101000 2101000 -0.963504730588 -0.685340166516 -1.70565169738 0.167711860831 -0.862438032384 -0.544646503769 -0.0819392455131 -1.24600312569 -0.493426465897 -0.485858872355 -0.971833919068 -0.833835232557 -0.961741620458 -1.31184273591 -1.32747484606 -0.846222823591
2018-01-12 10:51:42.362193 1700000 1700000 -0.38493098326 0.900265064175 -1.32154440398 -0.0865859524587 -0.592490768697 -0.413662447587 0.352504132682 0.446821606285 -0.548332489544 -0.488697040343 -0.776663793278 -0.721545489219 -0.380935837664 -0.957834390037 -0.974314550097 -0.601042467057
2018-01-12 10:51:47.375137 1700000 1700000 0.256558032967 1.30252451925 -0.734086190543 1.96943892095 0.182685663364 -0.229621558521 -0.569663415374 0.536005655385 -0.401916426486 -0.465991696445 -0.404563740369 -0.513460541114 0.25951498343 0.919246382699 1.11942149028 -0.0353002157993
2018-01-12 10:51:52.390984 1700000 1700000 0.0550646881266 2.11485429261 -1.23869773285 -0.0811753606866 0.0720515389024 -0.247859844825 -0.418018085249 0.229435486604 -0.380798725084 -0.44271871895 -0.444692177448 -0.522342215728 0.0566240744571 -0.0718629121735 -0.050135334029 -0.12134176949
2018-01-12 10:51:57.403118 1700000 1700000 -0.742684473079 0.751858663273 -1.75084079072 -0.0919965442308 -0.507671273277 -0.435216785946 -0.418018085249 -0.294520801857 -0.261131750469 -0.372899786464 -0.825912329692 -0.763416240972 -0.742717217519 -1.015631671 -1.00412678287 -0.733531231147
2018-01-12 10:52:02.415740 1700000 1700000 -1.03135453038 8.51976212102 -2.28407209214 -0.0865859524587 -0.976759960994 -0.588716835583 -0.938530434596 -0.199762749689 -0.71952665558 -0.646101836913 -1.06659175117 -0.888774734099 -1.03043119325 -1.73182363604 -1.76777859168 -1.06627600073
2018-01-12 10:52:07.427591 1700000 1700000 1.14066148482 6.05934021132 -1.29518409953 -0.0865859524587 -0.697224406521 -0.493745104721 -0.331949114097 -1.26551213643 -0.724454119241 -0.642014875012 -0.849624587966 -0.831424492304 1.14685715159 -0.932548079618 -0.896344095144 -0.758658410543
2018-01-12 10:52:12.440414 2101000 2101000 -0.20811029289 1.19707786598 -1.21610318618 -0.0865859524587 0.433456345477 -0.184854855775 -0.795082149343 -1.42437122389 -0.0992293730501 -0.326353831474 0.0459691668291 -0.590857991324 -0.204934085303 -0.705921899014 -0.896344095144 0.148965766441
2018-01-12 10:52:17.448233 2101000 2101000 -0.364370437868 0.63079028359 -1.18974288173 -0.0865859524587 0.71372946078 -0.110243684532 -0.836067373701 -1.46227444476 0.195010599825 -0.180471996931 0.264851550893 -0.632728743077 -0.363824556185 -0.661433202486 -0.889464349118 0.304297420891
2018-01-12 10:52:22.456746 2101000 2101000 -0.315025128928 0.376937229415 -0.982626203919 1.86122708551 0.315446612718 -0.218015376327 -0.786885104471 -1.42827302604 -0.0767038248874 -0.313298258733 -0.0452318265309 -0.743115270425 -0.314935180529 0.608776120177 0.711223226107 0.0766299469663
2018-01-12 10:52:27.464916 2101000 2101000 -0.594648546257 -0.454919701957 -0.896013775016 2.23996850956 0.234314921446 -0.232937610576 -0.733604312806 -1.1250472591 0.200641986866 -0.161740088215 -0.0999524225469 -0.73550240647 -0.593604621768 0.78559017048 0.938254844942 0.0309441662456
2018-01-12 10:52:32.520974 2101000 2101000 -0.56175167363 -0.376811069903 -0.892248017237 2.23996850956 0.588344119724 -0.131798022891 -0.737702835242 -1.38535320241 0.409003307371 -0.0538897047011 0.173650557533 -0.812519213482 -0.559382058809 0.919626627968 1.05521052737 0.179422953588
2018-01-12 10:52:37.555640 1500000 1500000 -0.951168403353 -1.46642648705 -0.493077692724 2.23996850956 -0.298941558459 -0.373869822924 -0.499988533965 -1.40764921468 0.637074482518 0.127753046481 -0.524949051604 -0.832312659766 -0.949763723422 0.803081452876 1.05521052737 -0.287333439442
2018-01-12 10:52:42.556117 1500000 1500000 -1.0691859339 -1.73160529288 -0.112736157104 2.23996850956 -0.522422489872 -0.440688271837 -0.426215130121 -1.34187597847 1.22837012179 0.491038548844 -0.695494909188 -0.810996640691 -1.06807601251 0.913162458387 1.22491092933 -0.409923617709
2018-01-12 10:52:47.571870 1300000 1300000 -1.00832671954 -1.18132998006 -1.49853501956 -0.508612110685 -0.512834199085 -0.437538022385 -0.430313652556 -1.25380672999 0.537117362546 0.0880186946596 -0.697318929055 -0.855658775894 -1.00671984606 -1.27457869951 -1.36875332222 -0.559925264408
2018-01-12 10:52:52.664568 2101000 2101000 -0.656330182433 0.869021611354 -1.66422836181 -0.606002762583 -0.163967926616 -0.35563153662 -0.790983626907 -1.53752348619 -0.040099809123 -0.295133983614 -0.43010001851 -0.901589721757 -0.654716341338 -1.37933627124 -1.5361604755 -0.423629351925
2018-01-12 10:52:57.703837 2101000 2101000 -0.738572364001 1.54075584702 -1.87511079741 -1.11459838916 -0.3247561875 -0.397082187311 -0.713111700627 -1.50742386962 -0.0795195184077 -0.306486655563 -0.55413336948 -0.882303799737 -0.732939342388 -1.50139500274 -1.6370634172 -0.577438147018
2018-01-12 10:53:03.015911 1200000 1200000 -1.15656825182 -1.86126562208 -0.632410730526 1.96943892095 -0.821872186748 -0.536190571028 -0.368835816019 -1.49404626225 2.90370776639 1.50710268827 -0.928969452189 -0.856166300158 -1.15553910556 0.325683517057 0.589681046326 -0.653581114886
2018-01-12 10:53:08.034854 2101000 2101000 -0.987354963243 -1.02511271595 -1.55878714402 2.23996850956 -0.833673160024 -0.546636135002 -0.741801357677 -1.43050262727 -0.404732120007 -0.479614902783 -0.925321412455 -0.828252465656 -0.976408433155 0.0199663204034 0.188362528182 -0.545458100513
2018-01-12 10:53:13.040577 1500000 1500000 -0.594648546257 -0.864990020239 -0.331150108252 -1.33643265182 1.25214886649 -0.0290004091785 -1.24591961728 -1.61277252761 0.98903617256 0.122076710506 0.675256021013 -0.538836754298 -0.58627121542 -0.0690110726525 -0.219835735987 0.453537637912
2018-01-12 10:53:18.056980 2101000 2101000 -0.924850905251 -1.22428972769 -1.00898650837 1.69890933234 0.0277978891178 -0.325787068123 -1.10247133203 -1.64833466719 1.10166391337 0.207221750123 -0.282354409267 -0.786254832837 -0.923607907446 0.0994375817225 0.176896284807 -0.189109010892
2018-01-12 10:53:23.117248 2101000 2101000 -0.96309351968 -1.04854530557 -1.43828289511 -0.595181579039 -0.134465493426 -0.363921666758 -1.01230383844 -1.65396441029 1.07350697817 0.218574422072 -0.410947809904 -0.82190841236 -0.961986067336 -1.16753965615 -1.30683560799 -0.336826368556
2018-01-12 10:53:28.126256 1700000 1700000 2.22214617243 6.56704631967 -0.896013775016 2.13175667411 -0.933465140288 -0.544978108974 1.22548941151 3.46793126954 -0.77617840921 -0.666252829623 -1.0318441727 -0.880400583748 2.26886832289 0.741671841856 1.12171473895 -0.754089832471
2018-01-12 10:53:33.145641 1700000 1700000 3.26250976926 7.30907832418 -0.609816183856 2.23996850956 -0.947921332551 -0.544480701166 1.50418893714 3.42891324806 -0.779655790707 -0.668863944171 -1.0455243217 -0.888394090901 3.27110052384 1.1683070342 1.6331091935 -0.74342981697
2018-01-12 10:53:38.157512 1700000 1700000 -0.203998183811 2.31012587274 -1.51359805068 -0.0811753606866 -0.921442898763 -0.555921080757 0.594316956394 2.39772268034 -0.748387514164 -0.645250386517 -1.01634000383 -0.855405013763 -0.204934085303 -1.39074362933 -1.38251281427 -0.97947301736
2018-01-12 10:53:43.166750 1900000 1900000 -0.454836837592 -1.03682901076 0.636649640802 -0.0865859524587 0.787485543755 0.271102301821 0.52054355255 -1.48457045703 0.362544364285 0.320748469611 0.283091749565 -0.654298524283 -0.451825432366 -0.234607887506 -0.362017153844 0.262418788564
2018-01-12 10:53:48.177435 2100000 2100000 -0.615209091649 -0.29870243785 -1.08053590616 -0.0865859524587 -0.705337575648 -0.428584681835 0.80334160062 -1.46840584813 -0.544108949263 -0.431933680598 -0.858744687302 -0.875705984309 -0.610715903248 -1.08274496106 -1.038525513 -0.888101455918
2018-01-12 10:53:53.187574 2100000 2100000 -0.578200109944 -0.228404669001 -1.05794135949 0.422009674122 -0.784256584431 -0.462740018004 0.926297273694 -1.48401305673 -0.618724827552 -0.494941009914 -0.916201313119 -0.890043544758 -0.576493340288 -0.965629418061 -0.875704857068 -0.959675845714
2018-01-12 10:53:58.186339 2100000 2100000 -0.508294255611 -0.212782942591 -0.926139837243 0.941426484246 -0.738527812987 -0.437040614576 0.905804661515 -1.48401305673 -0.604646359951 -0.481317803576 -0.879720915775 -0.885729588517 -0.50804821437 -0.0226211497772 0.176896284807 -0.677946864603
2018-01-12 10:54:03.196188 2100000 2100000 -0.508294255611 -0.193255784577 -0.9336713528 0.941426484246 -0.711975623116 -0.42526862978 0.860720914721 -1.4817834555 -0.586344352068 -0.46712696364 -0.857832677368 -0.879893059485 -0.50804821437 0.147348485676 0.360356178815 -0.606372474808
2018-01-12 10:54:08.217547 2100000 2100000 -0.504182146533 -0.201066647783 -0.926139837243 0.941426484246 -0.723776596392 -0.430574313069 0.8812135269 -1.48512785734 -0.594791432629 -0.474506200406 -0.867864786638 -0.883191967199 -0.505603745587 0.185943380527 0.399341406292 -0.581245295411
2018-01-12 10:54:13.227665 2100000 2100000 -0.504182146533 -0.19716121618 -0.926139837243 0.941426484246 -0.73041464386 -0.43488518074 0.877115004465 -1.48457045703 -0.60042281967 -0.480182536381 -0.872424836306 -0.883953253594 -0.503159276804 0.197160615976 0.413100898343 -0.58200672509
2018-01-12 10:54:18.237429 2100000 2100000 -0.635769637041 -0.181539489769 -1.20857167062 0.941426484246 -0.751066347092 -0.4504706254 0.840228302542 -1.47955385427 -0.573673731227 -0.456341925288 -0.889753025044 -0.87228019553 -0.635160591076 -0.00969281061521 0.170016538781 -0.603326756093
2018-01-12 10:54:23.247311 2100000 2100000 -0.500070037455 -0.204972079385 -0.911076806129 0.941426484246 -0.740740495476 -0.437040614576 0.918100228823 -1.48345565642 -0.608869900231 -0.484155971563 -0.881544935642 -0.885602707451 -0.500714808022 0.189935955856 0.408514400993 -0.595712459306
2018-01-12 10:54:28.257190 2100000 2100000 -0.500070037455 -0.189350352974 -0.926139837243 0.941426484246 -0.738527812987 -0.434553575535 0.926297273694 -1.48401305673 -0.607462053471 -0.480750169978 -0.878808905841 -0.885602707451 -0.500714808022 0.194689021725 0.413100898343 -0.591905310913
2018-01-12 10:54:33.266953 2100000 2100000 -0.504182146533 -0.181539489769 -0.941202868357 0.941426484246 -0.719351231413 -0.42526862978 0.897607616644 -1.47955385427 -0.591975739109 -0.469397498029 -0.86330473697 -0.882557561869 -0.503159276804 0.189555710587 0.406221152317 -0.589621021877
2018-01-12 10:54:38.276692 2100000 2100000 -0.504182146533 -0.193255784577 -0.922374079465 0.941426484246 -0.717138548924 -0.423610603753 0.909903183951 -1.48680005826 -0.591975739109 -0.466559330042 -0.862392727036 -0.883699491462 -0.500714808022 0.198681597054 0.417687395693 -0.591143881234
2018-01-12 10:54:43.286185 2100000 2100000 -0.500070037455 -0.193255784577 -0.922374079465 0.941426484246 -0.731152204689 -0.43007690526 0.926297273694 -1.48568525765 -0.60183066643 -0.475073834004 -0.873336846239 -0.885095183187 -0.500714808022 0.195639634898 0.415394147018 -0.595712459306
2018-01-12 10:54:48.298868 2100000 2100000 -0.504182146533 -0.181539489769 -0.937437110578 0.941426484246 -0.723039035562 -0.426926655808 0.905804661515 -1.47899645396 -0.594791432629 -0.471100398822 -0.866040766771 -0.882050037605 -0.503159276804 0.197540861246 0.413100898343 -0.580483865733
2018-01-12 10:54:53.308669 2100000 2100000 -0.500070037455 -0.189350352974 -0.926139837243 0.941426484246 -0.740740495476 -0.434056167727 0.942691363438 -1.48457045703 -0.607462053471 -0.480182536381 -0.880632925708 -0.886237112781 -0.500714808022 0.20134331394 0.424567141718 -0.603326756093
2018-01-12 10:54:58.320307 2100000 2100000 -0.508294255611 -0.185444921372 -0.937437110578 0.941426484246 -0.734102448008 -0.431734931288 0.922198751259 -1.48512785734 -0.60183066643 -0.476209101199 -0.875160866107 -0.885095183187 -0.505603745587 0.191266814299 0.410807649668 -0.597996748342
2018-01-12 10:55:03.330111 2100000 2100000 -0.500070037455 -0.185444921372 -0.922374079465 0.941426484246 -0.72820196137 -0.429082089644 0.918100228823 -1.48401305673 -0.60042281967 -0.475073834004 -0.870600816439 -0.88344572933 -0.498270339239 0.199251964958 0.419980644368 -0.596473888985
2018-01-12 10:55:08.339940 2100000 2100000 -0.500070037455 -0.189350352974 -0.922374079465 0.941426484246 -0.731889765519 -0.430574313069 0.926297273694 -1.48512785734 -0.60183066643 -0.476209101199 -0.873336846239 -0.88471453999 -0.500714808022 0.200963068671 0.419980644368 -0.589621021877
2018-01-12 10:55:13.358198 2100000 2100000 -0.508294255611 -0.185444921372 -0.937437110578 0.941426484246 -0.715663427265 -0.423610603753 0.90170613908 -1.48234085581 -0.589160045589 -0.465424062847 -0.860568707169 -0.883826372528 -0.505603745587 0.211039568312 0.429153639068 -0.579722436054
2018-01-12 10:55:18.369882 2100000 2100000 -0.500070037455 -0.189350352974 -0.926139837243 0.941426484246 -0.737052691327 -0.432398141699 0.938592841002 -1.48345565642 -0.606054206711 -0.478479635589 -0.877896895907 -0.885729588517 -0.498270339239 0.214651898372 0.436033385094 -0.588098162519
2018-01-12 10:55:23.442074 2101000 2101000 -0.726236036765 -0.158106900153 -1.41192259066 0.941426484246 -0.766555124517 -0.47268817417 0.672188882675 -1.41879722082 -0.545516796024 -0.452368490106 -0.913465283318 -0.872787719793 -0.725605936039 -0.13517374954 0.0278351209246 -0.63378394324
2018-01-12 10:55:28.451610 1700000 1700000 -0.520630582846 1.76336544837 -1.69435442404 0.941426484246 -0.532010780658 -0.300916677708 0.959085453181 1.12684998067 -0.459638143653 -0.309324823551 -0.75933560454 -0.743115270425 -0.510492683153 -0.102852901635 -0.00197711185175 -0.405355039637
2018-01-12 10:55:33.463481 1600000 1600000 -0.458948946671 -0.09561999451 -0.911076806129 2.23996850956 0.0720515389024 -0.148378283167 0.213154369865 0.457969612423 -0.0935979860094 -0.16060482102 -0.487556644327 -0.726620731856 -0.456714369931 0.83939487611 1.0712632681 -0.195200448322
2018-01-12 10:55:38.480315 2101000 2101000 -0.594648546257 0.603452262371 -1.50606653512 -0.0811753606866 -0.186094751508 -0.211383272217 0.467262760884 0.151399443642 -0.135833388814 -0.128817339564 -0.60246989596 -0.763416240972 -0.593604621768 -0.568273111466 -0.545477047852 -0.464746554574
2018-01-12 10:55:43.593970 1700000 1700000 -1.07823257387 0.853399884943 -2.20461460302 -0.346294357521 -0.899316073871 -0.551278607879 0.332011520503 -0.461740893919 -0.331524088478 -0.318974594707 -1.02874333892 -0.880146821617 -1.07736499388 -1.6949398449 -1.73567311023 -1.02515879808
2018-01-12 10:55:48.910341 1700000 1700000 1.09954039403 6.05934021132 -1.31401288842 2.23996850956 -0.763604881198 -0.518947100341 -0.438510697428 -1.190263095 -0.737828663463 -0.651097012571 -0.902521164115 -0.843478193566 1.14685715159 0.392226439214 0.649305511879 -0.585052443805
2018-01-12 10:55:54.034352 2101000 2101000 -0.150540765792 1.48217437298 -1.24999500619 -0.0811753606866 0.411329520585 -0.186512881803 -0.770491014728 -1.47453725151 -0.175253098099 -0.36268238171 0.0733294648371 -0.578169884732 -0.0973774588594 -0.561238573981 -0.763335671988 0.286784538281
2018-01-12 10:55:59.043840 1900000 1900000 0.305903341908 0.302734028964 0.0680202162603 -0.0865859524587 1.45866589882 0.0787712826169 -0.950826001903 -1.47732425304 -0.0330605753222 -0.309324823551 0.821177610389 -0.536299132979 0.34751585961 -0.273583027627 -0.495025577 0.547954918068
2018-01-12 10:56:04.056145 2101000 2101000 -0.335585674319 0.361315503004 -1.00898650837 1.86122708551 0.381827087395 -0.18817090783 -0.713111700627 -1.40820661499 -0.0260213415213 -0.277537342094 0.00948876948508 -0.848807198335 -0.329601993226 0.38443141119 0.47043211522 -0.0223559112618
2018-01-12 10:56:09.063945 2101000 2101000 -0.454836837592 0.173854786075 -1.09183317949 0.432830857666 -0.178719143211 -0.340709302371 -0.561466370502 -1.32459656896 -0.255500363429 -0.38482009201 -0.438308107912 -0.848553436203 -0.454269901148 -0.786914141411 -0.806907396815 -0.47236085136
2018-01-12 10:56:14.072657 2101000 2101000 -0.434276292201 0.0488809747894 -0.971328930584 1.91533300323 0.39657830399 -0.189828933858 -0.745899880113 -1.56595090184 0.085198552532 -0.223612150337 0.0186088688211 -0.862383472388 -0.432269682103 0.385001779094 0.472725363896 -0.0276859190126
2018-01-12 10:56:19.085492 1300000 1300000 -0.722123927687 -0.966531241909 -0.594753152742 2.23996850956 -0.689111237394 -0.482636330336 -0.127022992307 -1.38256620088 -0.469493070974 -0.473938566809 -0.835032429028 -0.85020289006 -0.720716998474 0.614669921854 0.906149363491 -0.546980959871
2018-01-12 10:56:24.102700 1300000 1300000 -0.290352474457 -0.497879449587 -0.0788443370982 2.23996850956 0.0277978891178 -0.277704313322 -0.573761937809 -1.47119284967 -0.247053282868 -0.380846656828 -0.265026220528 -0.853501797774 -0.288046023918 1.12248747923 1.41295732069 -0.195961878
2018-01-12 10:56:29.283664 2101000 2101000 -0.935131177947 0.650317441603 -1.9941087432 -1.06049247144 -0.448666406897 -0.432232339096 -0.700816133319 -1.54086788803 0.266810784594 -0.121438102797 -0.657190491976 -0.900447792163 -0.934119123212 -1.62972778119 -1.76089884566 -0.680231153639
2018-01-12 10:56:34.266680 1500000 1500000 -1.15739067363 -1.8296316261 -1.36296773954 -1.12000898094 -0.886777539765 -0.550781200071 0.082001651919 -1.36417199075 1.60848874703 1.01326145849 -0.99007411774 -0.87507157898 -1.15627244619 -1.41146699651 -1.42379129042 -0.925411510174
2018-01-12 10:56:39.434101 1300000 1300000 -1.14813842821 -1.84408172303 -0.624879214969 1.69890933234 -0.792369753558 -0.52607661226 -0.34834320384 -1.43942103218 2.31241212712 1.17219886578 -0.910729253517 -0.844112598896 -1.14703235419 0.303058923523 0.557575564875 -0.637591091633
2018-01-12 10:56:44.451623 1700000 1700000 -0.778048611153 4.30189599011 -2.10444544611 -0.600592170811 -0.930883677384 -0.57349615665 -0.508185578837 -1.36249978983 -0.709530943583 -0.63571414208 -1.0249128972 -0.865936142234 -0.767161905347 -1.65957703484 -1.73567311023 -0.883532877846
2018-01-12 10:56:49.461123 1500000 1500000 -0.516518473768 -0.759543366967 -0.270897983798 -1.11459838916 0.861241626729 -0.126823944808 -1.24182109485 -1.61221512731 0.517407507904 -0.0879477205477 0.374292742925 -0.570557020777 -0.512937151936 -0.289743451579 -0.407882127346 0.193890117483
2018-01-12 10:56:54.473655 1200000 1200000 -0.89853340715 -1.13446480082 -1.0391125706 -0.102817727775 0.167934446769 -0.28599444346 -1.04919054036 -1.65284960968 1.15797778378 0.246956101944 -0.172913217235 -0.75199694504 -0.896718750835 -0.839958356502 -0.969728052747 -0.14418465985
2018-01-12 10:56:59.490953 1300000 1300000 -0.945411450643 -1.08759962159 -1.3177786462 -0.600592170811 -0.0312069772618 -0.334077198261 -0.995909748697 -1.66973883898 1.14389931618 0.252632437918 -0.327042896013 -0.792345124001 -0.944141445222 -1.10460906405 -1.25409088846 -0.259921971009
2018-01-12 10:57:04.507267 1700000 1700000 -0.545303237317 1.72821656394 -1.70941745515 -1.37430679423 -0.565938578827 -0.475341015814 -0.926234867288 1.05438794078 -0.468085224214 -0.521619788994 -0.748391485336 -0.857181348685 -0.542270777329 -1.47173587173 -1.56138621092 -0.709926911108
2018-01-12 10:57:09.522200 1700000 1700000 0.799356431313 6.37177473954 -1.48347198845 -1.12000898094 -0.959943574076 -0.562055777059 1.35254360702 3.40104323272 -0.776023546066 -0.66460669219 -1.05546522998 -0.893596214604 0.802187053212 -1.3287636504 -1.28160987256 -1.06627600073
2018-01-12 10:57:14.633609 1700000 1700000 1.52719973819 7.11380674405 -1.2650580373 -0.0919965442308 -0.947921332551 -0.555423672948 1.25008054612 3.21710113145 -0.776333272353 -0.666252829623 -1.04780434654 -0.889155377297 1.53552768805 -0.997950265966 -0.875704857068 -1.08911889109
2018-01-12 10:57:19.776536 2100000 2100000 -0.933075123408 -0.0409439520724 -1.86381352407 -0.0919965442308 -0.703124893159 -0.350657458537 1.29926281535 -1.44388023463 -0.235790508786 0.133429382455 -0.823176299891 -0.826603011799 -0.928496845012 -1.39587694047 -1.4627765179 -0.733531231147
2018-01-12 10:57:24.948517 2100000 2100000 -0.611096982571 0.130895038446 -1.34037319287 -0.0865859524587 -0.245099617888 0.0290305017882 1.30745986022 -1.48791485887 -0.1822923319 0.218574422072 -0.449252227116 -0.804271944198 -0.596049090551 -0.880074232431 -0.976607798773 -0.282003431691
2018-01-12 10:57:30.053908 2100000 2100000 -0.491845819298 0.248057986526 -1.19727439729 0.919784117158 -0.0902118436413 0.161672583998 1.31155838266 -1.4895870598 -0.186515872181 0.218574422072 -0.321570836412 -0.771029104927 -0.468936713845 0.280814575259 0.355769681465 -0.0566202468023
2018-01-12 10:57:35.070061 2100000 2100000 -0.413715746809 0.302734028964 -1.09559893727 0.941426484246 -0.0164557606669 0.237941781269 1.3279524724 -1.48735745857 -0.197778646262 0.212898086097 -0.267762250329 -0.771029104927 -0.395602650361 0.525312283528 0.630959522478 0.00886270556397
2018-01-12 10:57:40.404384 2100000 2100000 -0.639881746119 0.318355755375 -1.46840895734 0.941426484246 -0.321068383351 -0.035632513289 1.30336133779 -1.47620945243 -0.200594339782 0.184516406225 -0.53406915094 -0.812011689219 -0.637605059859 0.0197761977687 0.117271819254 -0.310176329802
2018-01-12 10:57:45.704308 1700000 1700000 -0.401379419574 1.90005555446 -1.60397623736 0.941426484246 -0.335082039117 -0.198119063996 0.877115004465 1.00422191316 -0.407547813527 -0.272996273314 -0.582405677421 -0.691094033399 -0.358935618619 0.199251964958 0.300731713262 -0.200530456072
2018-01-12 10:57:50.722005 1700000 1700000 -0.438388401279 0.771385821286 -1.34790470843 0.941426484246 0.0277978891178 -0.131798022891 0.377095267297 0.703225747447 -0.175253098099 -0.18501306571 -0.525861061538 -0.727889542515 -0.393158181578 0.449833597539 0.585094548976 -0.141138941136
2018-01-12 10:57:55.738464 1700000 1700000 -0.759132909392 0.673750031219 -1.75084079072 -0.0270694429653 -0.372697641433 -0.332419172233 0.229548459608 0.301897526498 -0.0992293730501 -0.16060482102 -0.753863544938 -0.816833169724 -0.75249509265 -0.906501278659 -0.891757597794 -0.669571138138
2018-01-12 10:58:00.925654 1700000 1700000 -1.1160639774 7.23096969213 -2.31005582081 -0.102817727775 -0.983176740213 -0.590524083953 -0.987712703826 -0.272224789582 -0.678839884212 -0.6268022946 -1.07397903163 -0.893215571406 -1.11525426002 -1.81319612371 -1.85950853869 -1.08759603173
2018-01-12 10:58:05.939277 1700000 1700000 1.07897984864 6.33272042351 -1.35543622398 -0.0919965442308 -0.72820196137 -0.506014497325 -0.393426950634 -1.24154392324 -0.730930214338 -0.646555943791 -0.857832677368 -0.839417999457 1.15174608915 -0.926844400576 -0.896344095144 -0.735815520183
2018-01-12 10:58:10.937676 1700000 1700000 0.133194760616 2.42728882083 -1.25376076397 -0.0919965442308 0.145807621877 -0.262782079073 -0.758195447421 -1.45893004292 -0.380798725084 -0.467694597237 -0.193889445708 -0.660642577579 0.139736013072 -0.810869593387 -0.951382063346 -0.0886002933068
2018-01-12 10:58:15.954720 2101000 2101000 -0.347922001555 0.665939168014 -1.18221136618 -0.0919965442308 0.721105069078 -0.108585658504 -0.840165896137 -1.53919568711 0.183747825744 -0.186715966503 0.273971650229 -0.599739665938 -0.349157743488 -0.683867673385 -0.923863079245 0.328663170609
2018-01-12 10:58:20.963611 2101000 2101000 -0.364370437868 1.40016030932 -1.45334592622 -0.0919965442308 0.0941783637948 -0.282678391405 -0.811476239086 -1.53808088649 -0.162582477258 -0.359276580125 -0.221249743716 -0.731695974493 -0.361380087402 -0.987683643691 -1.14401495206 -0.157128964388
2018-01-12 10:58:25.972824 2101000 2101000 -0.590536437179 0.388653524223 -1.41945410622 1.96943892095 0.160558838472 -0.246201818797 -0.655732386526 -1.53139208281 0.135881035898 -0.182742531321 -0.172913217235 -0.864540450509 -0.591160152985 0.143736155616 0.211295014933 -0.125910347562
2018-01-12 10:58:30.994012 2101000 2101000 -0.249231383673 0.349599208196 -0.86212195501 2.23996850956 0.625222161211 -0.103611580422 -0.635239774346 -1.47899645396 0.0302925288854 -0.237235356675 0.201010855541 -0.827998703524 -0.248934523393 0.852133092637 0.972653575069 0.183230101981
2018-01-12 10:58:36.083657 1300000 1300000 -0.977897112362 -1.49376450827 -0.606050426077 2.23996850956 -0.465630305981 -0.41863652567 -0.368835816019 -1.42883042635 0.448423016656 0.0539606788131 -0.659014511844 -0.865809261168 -0.976897326911 0.604213176943 0.860284389989 -0.436573656463
2018-01-12 10:58:41.112914 2101000 2101000 -0.705675491374 -0.708772756132 -0.926139837243 2.23996850956 0.249066138041 -0.234595636604 -0.770491014728 -1.55647509662 0.437160242574 -0.0425370327523 -0.0908323232109 -0.864413569443 -0.703605716994 0.533677679457 0.685997490681 -0.140377511457
2018-01-12 10:58:46.121409 1500000 1500000 -1.14945430311 -1.80776120913 -1.29518409953 -0.995565370177 -0.913329729636 -0.559568738017 0.196760280121 -1.22370711342 0.546972289867 0.309395797662 -1.01606640085 -0.85921144574 -1.14825458859 -1.42135337352 -1.45360352319 -0.866019995237
2018-01-12 10:58:51.136926 1700000 1700000 -0.897710985334 0.232436260116 -1.86381352407 2.18586259184 -0.770980489496 -0.534864150206 -1.08607724228 -1.47788165335 -0.408955660287 -0.501184979486 -0.900697144247 -0.872026433398 -0.896718750835 -0.753642680332 -0.685365217034 -0.742668387291
2018-01-12 10:58:56.153560 1300000 1300000 -0.973785003284 -1.16570825365 -1.34790470843 -0.600592170811 -0.141841101723 -0.363921666758 -0.979515658954 -1.65195776919 1.15797778378 0.263985109867 -0.414595849639 -0.683481169444 -0.972741729981 -1.12362132753 -1.28619636991 -0.229464783862
2018-01-12 10:59:01.165726 1200000 1200000 -0.871393487232 -1.18523541166 -0.81316710389 -0.0919965442308 0.293319787826 -0.25117589688 -1.04509201793 -1.6594269333 1.17205625138 0.258308773893 -0.0634720252029 -0.694900465377 -0.869829594225 -0.689381229792 -0.82296013754 -0.0284473486912
2018-01-12 10:59:06.180235 1300000 1300000 -0.958981410602 -1.04073444236 -1.43075137955 -1.10918779739 -0.0828362353439 -0.345683380454 -0.98361418139 -1.65658419173 1.15797778378 0.263985109867 -0.367171333092 -0.774835536905 -0.958074917284 -1.21868264489 -1.38709931162 -0.275150564583
2018-01-12 10:59:11.195807 1300000 1300000 -0.967205628758 -0.978247536717 -1.52112956623 -1.37430679423 -0.112338668534 -0.35563153662 -0.991811226261 -1.66745349772 1.15797778378 0.263985109867 -0.390883591365 -0.790315026947 -0.966141664267 -1.27533919004 -1.44672377717 -0.304084892373
2018-01-12 10:59:16.211844 1700000 1700000 -0.405491528652 2.19296292466 -1.66046260404 -1.12000898094 -0.603554181144 -0.484294356363 -0.881151120495 1.44456815559 -0.546924642784 -0.559651240023 -0.777575803212 -0.855658775894 -0.40293605671 -1.42933852418 -1.50176174537 -0.738099809219
2018-01-12 10:59:21.224053 1700000 1700000 0.733562686059 6.25461179146 -1.49853501956 -1.12000898094 -0.959574793661 -0.562055777059 1.34024803971 3.40104323272 -0.775629348973 -0.664152585312 -1.05482682303 -0.893215571406 0.736186396076 -1.33218585783 -1.28848961859 -1.05713884458
2018-01-12 10:59:26.269668 1700000 1700000 1.32981850242 6.29366610748 -1.23869773285 -0.0919965442308 -0.953305526608 -0.555589475551 1.3730362192 3.44563525727 -0.776671155576 -0.665344615867 -1.04871635647 -0.889916663692 1.33997018543 -0.94870850357 -0.829839883566 -1.04419454005
2018-01-12 10:59:31.351544 2101000 2101000 -0.82616028737 1.00180628584 -1.90147110185 -0.0919965442308 -0.716400988094 -0.358947588675 1.3156569051 -1.19918149991 -0.415994894088 -0.124276270784 -0.837768458829 -0.822796579822 -0.823384687351 -1.42401509041 -1.4811225073 -0.785308449297
2018-01-12 10:59:36.402344 2100000 2100000 -0.578200109944 0.361315503004 -1.39309380177 -0.0865859524587 -0.343932769073 -0.00578804479181 1.39762735381 -1.48735745857 -0.282249451872 0.133429382455 -0.530421111206 -0.815818121196 -0.571604402723 -0.964488682253 -1.04999175638 -0.376420711847
2018-01-12 10:59:41.453737 2100000 2100000 -0.372594656025 0.263679712937 -1.00522075059 1.91533300323 -0.127089885129 0.19483310455 1.39762735381 -1.4895870598 -0.285065145392 0.133429382455 -0.356227213888 -0.774835536905 -0.361380087402 0.528354245684 0.67223799863 -0.116011761739
2018-01-12 10:59:46.467220 2100000 2100000 -0.335585674319 0.517532767112 -1.08806742172 0.941426484246 -0.0902118436413 0.231309677158 1.40582439868 -1.4901444601 -0.286472992153 0.133429382455 -0.324306866212 -0.78244840086 -0.327157524443 0.449643474904 0.55986881355 -0.0581431061597
2018-01-12 10:59:51.478916 2100000 2100000 -0.726236036765 -0.240120963809 -1.36296773954 0.941426484246 -0.442765920259 -0.194803011941 1.13942044036 -0.495184912332 -0.214672807384 0.0596370147875 -0.673606670781 -0.777373158223 -0.723161467257 -0.297348356969 -0.212955989962 -0.483782296541
2018-01-12 10:59:56.491108 1700000 1700000 -0.319137238006 2.3882345048 -1.61903926847 0.941426484246 -0.32549374833 -0.161642491388 0.987775110231 0.792409796547 -0.420218434369 -0.257102532586 -0.55686939928 -0.687287601422 -0.317379649312 -0.0431543943285 0.0301283695998 -0.272866275547
2018-01-12 11:00:01.506818 1700000 1700000 -0.491845819298 0.970562833023 -1.48347198845 0.941426484246 -0.171343534913 -0.194803011941 0.512346507678 0.814705808822 -0.221712041185 -0.190121768087 -0.570549548284 -0.743115270425 -0.49093693289 0.0880302236384 0.197535522883 -0.303323462694
2018-01-12 11:00:06.523013 1700000 1700000 -0.676890727825 0.64641201 -1.63410229959 -0.0865859524587 -0.245099617888 -0.287652469488 0.159873578199 0.658633722897 -0.0837430586882 -0.165713523397 -0.617062054898 -0.779910779541 -0.676716560383 -0.753452557698 -0.751869428612 -0.521092350796
2018-01-12 11:00:11.734368 1700000 1700000 -1.12963393735 7.27002400816 -2.31536553928 -0.097407136003 -0.986643276113 -0.591137553583 -0.631141251911 0.0566413914734 -0.682922639816 -0.622999149498 -1.07507344355 -0.89372309567 -1.12869883832 -1.8301170382 -1.87785452809 -1.09444889884
2018-01-12 11:00:17.062962 1700000 1700000 0.355248650848 6.87948084789 -1.70941745515 -0.0919965442308 -0.886039978936 -0.555092067743 -0.19259935128 -1.14734327137 -0.752188700416 -0.657568035582 -0.994634167408 -0.871772671266 0.408627579181 -1.21430982429 -1.18987992556 -0.912467205636
2018-01-12 11:00:22.338611 1700000 1700000 0.536181450297 4.02851577793 -1.30271561509 -0.0919965442308 -0.215597184698 -0.360605614703 -0.65163386409 -1.39538640793 -0.584936505308 -0.571003911972 -0.436484088045 -0.722814299879 0.643296582329 -0.719610728715 -0.797734402114 -0.233271932256
2018-01-12 11:00:27.352365 2101000 2101000 -0.389043092338 0.540965356728 -1.1784456084 -0.0865859524587 0.809612368647 -0.08371526809 -0.848362941008 -1.56706570245 0.225983228549 -0.166281156995 0.337812345581 -0.533761511661 -0.344268805922 -0.523974537573 -0.779388412713 0.48932483281
2018-01-12 11:00:32.363319 2101000 2101000 -0.187549747498 1.20879416079 -1.19727439729 -0.0865859524587 0.507212428452 -0.169932621526 -0.840165896137 -1.56762310276 -0.0837430586882 -0.322948029889 0.0642093655011 -0.661911388238 -0.178044928692 -0.725504530392 -0.92156983057 0.154295774191
2018-01-12 11:00:37.448636 2101000 2101000 -0.804777320163 0.0605972695974 -1.65669684626 2.02354483867 -0.193470359806 -0.353973510592 -0.647535341654 -1.56372130061 0.214720454468 -0.140170011512 -0.451076246983 -0.869869455277 -0.803828937089 -0.196583360559 -0.128105788983 -0.361953547952
2018-01-12 11:00:42.459804 2101000 2101000 -0.586424328101 0.150422196459 -1.30271561509 2.23996850956 0.234314921446 -0.226305506466 -0.663929431397 -1.51132567176 0.169669358142 -0.166281156995 -0.109072521883 -0.843478193566 -0.574048871506 0.432912683047 0.527763332098 -0.0185487628684
2018-01-12 11:00:47.544592 2101000 2101000 -0.705675491374 -0.61894782927 -1.02781529726 2.23996850956 0.0573003223076 -0.271072209211 -0.598353072424 -1.55034369324 0.261179397553 -0.104976728471 -0.251346071524 -0.876213508573 -0.706050185777 0.438616362089 0.591974295001 -0.208906182538
2018-01-12 11:00:52.521426 2101000 2101000 -0.982420432348 -1.23210059089 -1.29518409953 2.23996850956 -0.395562027156 -0.423610603753 -0.815574761522 -1.55145849386 0.637074482518 0.0482843428386 -0.607029945628 -0.865682380102 -0.980808476964 0.0680673469913 0.218174760959 -0.451802250036
2018-01-12 11:00:57.530240 2101000 2101000 -1.0272424213 -1.27896577012 -1.47217471511 2.23996850956 -0.872763884 -0.554760462537 -0.47539739935 -1.2627251349 -0.403324273247 -0.46031536047 -0.976393968736 -0.835104043216 -1.02578670257 -0.228904208464 -0.0822408154805 -0.643682529063
2018-01-12 11:01:02.539562 2101000 2101000 -0.930196647053 -1.12274850602 -1.20104015507 2.23996850956 -0.284190341864 -0.412004421559 -1.18034325831 -1.61054292639 0.552603676908 -0.06524237665 -0.525861061538 -0.904660243552 -0.928496845012 -0.128139212055 -0.0570150800543 -0.323882064018
2018-01-12 11:01:07.550782 2101000 2101000 -0.993111915952 -1.33364181256 -1.17467985062 2.23996850956 -0.215597184698 -0.387134031145 -1.0532890628 -1.64114420323 1.18613471898 0.258308773893 -0.470228455588 -0.650492092305 -0.992297480243 0.247162868911 0.34430343809 -0.153321815994
2018-01-12 11:01:12.561160 2101000 2101000 -0.982831643256 -1.31802008615 -1.14831954617 2.23996850956 -0.163967926616 -0.380501927034 -1.14755507882 -1.60496892332 1.20021318659 0.235603429995 -0.432836048311 -0.890551069022 -0.981786264477 -0.0520901581611 0.00490263417357 -0.22489620579
2018-01-12 11:01:17.570372 2101000 2101000 -0.988177385058 -1.32583094936 -1.16714833506 2.23996850956 -0.171343534913 -0.385476005117 -1.22132848267 -1.61611692946 1.22837012179 0.235603429995 -0.44013212778 -0.907045607591 -0.987164095799 -0.102282533731 -0.0409623393286 -0.273627705225
2018-01-12 11:01:22.580947 2101000 2101000 -0.98776617415 -1.32192551775 -1.16714833506 2.23996850956 -0.171343534913 -0.385476005117 -1.21722996023 -1.61611692946 1.22837012179 0.235603429995 -0.438308107912 -0.907121736231 -0.986919648921 -0.0707221763651 -0.00885685787708 -0.25383053358
2018-01-12 11:01:27.593861 1700000 1700000 -0.746796582157 -0.19716121618 -1.43075137955 2.23996850956 -0.466367866811 -0.452626059236 -1.03279645062 -0.623386982913 -0.211857113864 -0.404119634323 -0.671782650914 -0.90779420588 -0.745161686302 -0.186316738284 -0.091413810181 -0.442665093892
2018-01-12 11:01:32.609676 1700000 1700000 0.194876396791 4.80960209846 -1.60021047958 2.23996850956 -0.991466923939 -0.57349615665 2.15585400444 3.13349108542 -0.782837524385 -0.665571669306 -1.08616348434 -0.905383465628 0.19840326386 -0.166353861637 0.0461811103255 -0.819572784837
2018-01-12 11:01:37.623642 1700000 1700000 0.404593959789 5.70785136708 -1.58891320625 -0.0865859524587 -0.939439383009 -0.560563553634 0.836129780107 3.31185918362 -0.767815799454 -0.660406203569 -1.03485380548 -0.871265147002 0.406183110398 -1.20670491891 -1.16006769278 -0.980995876717
2018-01-12 11:01:42.642797 1800000 1800000 -0.413715746809 -0.681434734913 -0.0939073682118 -0.0865859524587 0.300695396123 0.211413364827 0.934494318566 -1.3847958021 0.00354344044223 0.201545414148 -0.0452318265309 -0.61242777253 -0.410269463058 -0.637477750509 -0.790854656089 0.0728227985729
2018-01-12 11:01:47.657056 2100000 2100000 -0.500070037455 0.318355755375 -1.24622924841 -0.0919965442308 -0.259850834483 0.025714449733 1.31975542753 -1.43440442941 -0.276618064831 0.0880186946596 -0.463844386053 -0.79703972344 -0.498270339239 -0.90935311818 -0.999540285524 -0.32312063434
2018-01-12 11:01:52.917111 2100000 2100000 -0.631657527963 0.447234998263 -1.50606653512 0.167711860831 -0.442028359429 -0.108585658504 1.36074065189 -1.43273222849 -0.310406387075 0.0653133507619 -0.618886074765 -0.832947065095 -0.632716122293 -1.0561277922 -1.11649596795 -0.522615210153
2018-01-12 11:01:58.360017 1700000 1700000 -0.421939964965 2.70066903301 -1.74707503294 0.941426484246 -0.462680062662 -0.193144985913 1.19270123202 0.926185870197 -0.468085224214 -0.251426196611 -0.623446124433 -0.701244518672 -0.390713712796 -0.163882267385 -0.100586804881 -0.322359204661
2018-01-12 11:02:03.375731 1700000 1700000 -0.343809892476 1.49389066778 -1.457111684 0.941426484246 -0.119714276831 -0.120191840698 0.721371151904 1.02651792543 -0.331524088478 -0.237235356675 -0.493940713862 -0.721545489219 -0.278268148787 0.443179305323 0.55986881355 -0.0840317152347
2018-01-12 11:02:08.575116 1700000 1700000 -0.85083294184 1.20098329758 -1.95795746853 0.0703212089331 -0.629368810185 -0.428584681835 0.377095267297 0.809131805753 -0.270986677791 -0.262211234963 -0.896137094579 -0.843605074632 -0.842940437614 -1.31982788657 -1.33894108944 -0.840131386162
2018-01-12 11:02:13.842524 1700000 1700000 -0.569975891787 7.69962148445 -2.10858777967 -0.0919965442308 -0.959279769329 -0.581852607829 -0.389328428198 -0.729293041219 -0.756412240697 -0.661598234124 -1.05282040117 -0.887379042374 -0.549604183678 -1.58333785831 -1.60725118443 -1.00460019676
2018-01-12 11:02:18.972702 1700000 1700000 1.04197086694 5.66879705106 -1.28765258397 -0.0919965442308 -0.575526869613 -0.454284085264 -0.360638771148 -1.33853157663 -0.700239154966 -0.627937561795 -0.742919425735 -0.820766482767 1.14930162037 -0.814101678178 -0.80920064549 -0.573630998625
2018-01-12 11:02:23.854178 1700000 1700000 0.0139435973428 2.15390860864 -1.28388682619 -0.0919965442308 0.226939313149 -0.236253662631 -0.745899880113 -1.50519426839 -0.320261314397 -0.435339482183 -0.127312720555 -0.673330684171 0.0541796056743 -0.784442547159 -0.949088814671 0.00962413524265
2018-01-12 11:02:28.868930 2101000 2101000 -0.335585674319 0.701088052438 -1.1784456084 -0.0919965442308 0.68422702759 -0.116875788642 -0.819673283958 -1.58991911503 0.168261511382 -0.19182466888 0.237491252885 -0.614965393848 -0.356491149836 -0.743185935422 -0.974314550097 0.25861164017
2018-01-12 11:02:33.877738 2101000 2101000 -0.380818874182 1.38063315131 -1.46464319956 -0.0919965442308 0.064675930605 -0.28599444346 -0.762293969856 -1.57542670705 -0.163990324018 -0.355870778541 -0.242225972188 -0.755803377017 -0.376046900099 -1.00346382237 -1.15548119543 -0.182256143784
2018-01-12 11:02:38.926492 2101000 2101000 -0.528854801003 0.248057986526 -1.25752652174 2.13175667411 0.39657830399 -0.176564725637 -0.663929431397 -1.56093429908 0.216128301228 -0.141305278707 0.0186088688211 -0.848045911939 -0.527603964632 0.308572479931 0.371822422191 0.0012484087772
2018-01-12 11:02:43.975618 2101000 2101000 -0.718011818609 -0.310418732658 -1.30271561509 2.23996850956 0.182685663364 -0.25117589688 -0.741801357677 -1.58490251227 0.40196407357 -0.0595660406756 -0.154673018563 -0.860860899597 -0.713383592125 0.313895913703 0.410807649668 -0.106874605595
2018-01-12 11:02:48.973922 1200000 1200000 -1.15109914674 -1.86595214001 0.00776809180553 2.23996850956 -0.723039035562 -0.502366840065 -0.327850591661 -1.46896324844 3.8469650957 2.10879430156 -0.834120419095 -0.836880378139 -1.15021016361 0.932174721861 1.27077590283 -0.486066585577
2018-01-12 11:02:53.989509 2101000 2101000 -1.0009249232 -1.08759962159 -1.55878714402 2.23996850956 -0.803433166004 -0.538346004864 -0.770491014728 -1.39148460579 -0.276618064831 -0.415472306272 -0.919849352853 -0.85083729539 -0.999386439713 -0.254380641519 -0.123519291632 -0.608656763844
2018-01-12 11:02:58.998956 1500000 1500000 -0.660442291511 -0.974342105114 -0.342447381588 -1.379717386 1.25214886649 -0.0323164612338 -1.27174030863 -1.61054292639 1.24244858939 0.224250758046 0.693496219685 -0.521073405069 -0.657160810121 -0.22871408583 -0.426228116747 0.499223418632
2018-01-12 11:03:04.013094 2101000 2101000 -0.945822661551 -1.27115490692 -1.02781529726 1.69890933234 0.00567106422544 -0.340709302371 -1.22132848267 -1.60441152301 1.22837012179 0.235603429995 -0.297858578138 -0.877355438166 -0.944874785857 -0.352864166311 -0.341377915768 -0.279719142655
2018-01-12 11:03:09.026215 1300000 1300000 -0.947467505182 -1.0915050532 -1.32154440398 -0.600592170811 -0.0238313689643 -0.332419172233 -0.991811226261 -1.65335126995 1.17205625138 0.269661445841 -0.321570836412 -0.804906349527 -0.946341467126 -1.0971942813 -1.24950439111 -0.245454807114
2018-01-12 11:03:14.146827 1700000 1700000 0.951504467213 4.96581936257 -1.2311662173 1.91533300323 -0.772455611155 -0.516128456094 -0.229486053202 3.04430703632 -0.735716893322 -0.647577684267 -0.907081213783 -0.860860899597 0.953744117745 0.213701285198 0.46125912052 -0.675662575567
2018-01-12 11:03:19.163159 2101000 2101000 -0.697451273217 1.57981016304 -1.8412189774 -1.12000898094 -0.681735629096 -0.310864833874 1.39352883138 -1.3279409708 -0.484979385336 -0.19409520327 -0.808584140954 -0.842209382907 -0.686494435515 -1.44892115556 -1.55679971357 -0.63378394324
2018-01-12 11:03:24.400155 1800000 1800000 -0.0765228023815 -0.142485173742 -0.0976731259903 -0.097407136003 0.190061271662 0.163330610026 0.97957806536 -1.30954676067 -0.286472992153 -0.104976728471 -0.127312720555 -0.660642577579 -0.0680438334658 -0.683867673385 -0.816080391515 -0.0292087783699
2018-01-12 11:03:29.661490 1600000 1600000 -0.483621601141 0.103557017227 -1.09559893727 2.18586259184 -0.112338668534 -0.178222751664 0.463164238449 0.669781729035 -0.214672807384 -0.196365737659 -0.620710094632 -0.696169276036 -0.454269901148 0.554020801373 0.757088199609 -0.294947736228
2018-01-12 11:03:34.678403 2100000 2100000 -0.545303237317 0.193381944089 -1.25752652174 0.227228370325 -0.0459581938567 -0.179880777692 0.303321863452 0.368785563323 -0.117531380932 -0.156063752241 -0.55686939928 -0.731695974493 -0.512937151936 -0.134983626905 -0.0638948260797 -0.32845064209
2018-01-12 11:03:39.827039 1700000 1700000 -1.07823257387 0.490194745893 -2.18465608679 -0.254314297395 -0.880877053127 -0.547962555824 0.106592786534 -0.389278854026 -0.248461129628 -0.295133983614 -1.0483515525 -0.883699491462 -1.07663165325 -1.70292499556 -1.74025960758 -1.04191025101
2018-01-12 11:03:44.960101 1700000 1700000 0.622535740943 6.64515495173 -1.58138169069 0.941426484246 -0.8454741333 -0.543154280344 -0.307357979482 -1.13953966708 -0.746557313376 -0.655070447753 -0.965449849533 -0.859718970004 0.67018573894 -0.13194166475 0.0393013643002 -0.658911122636
2018-01-12 11:03:49.973060 1700000 1700000 0.610199413708 4.18473304203 -1.28388682619 -0.0865859524587 -0.302629362608 -0.382159953062 -0.590156027553 -1.38256620088 -0.608869900231 -0.581221316726 -0.539541210542 -0.802368728209 0.657963395026 -0.81980535722 -0.877998105743 -0.368044985382
2018-01-12 11:03:54.985532 2101000 2101000 -0.347922001555 0.744047800068 -1.2123374284 -0.0919965442308 0.617846552913 -0.136772100974 -0.823771806393 -1.58100071012 0.117579028016 -0.217935814362 0.191890756205 -0.584513938028 -0.344268805922 -0.723983549314 -0.951382063346 0.259373069849
2018-01-12 11:03:59.995014 2101000 2101000 -0.23278294736 1.02914430706 -1.18221136618 -0.0919965442308 0.625222161211 -0.136772100974 -0.844264418572 -1.59326351687 0.0133983677634 -0.274131540509 0.191890756205 -0.64414803901 -0.229378773131 -0.696415767277 -0.91698333322 0.255565921456
2018-01-12 11:04:05.004526 2101000 2101000 -0.364370437868 0.392558955826 -1.06923863282 1.96943892095 -0.23772400959 -0.365579692786 -0.627042729475 -1.55591769631 -0.34982609636 -0.442151085352 -0.483908604592 -0.849441603664 -0.363824556185 0.0851783841174 0.225054506984 -0.406116469315
2018-01-12 11:04:10.088368 2101000 2101000 -0.532966910082 0.00592122715982 -1.1257249995 2.23996850956 0.263817354636 -0.229621558521 -0.766392492292 -1.59605051841 0.124618261817 -0.206583142413 -0.0908323232109 -0.873549006189 -0.530048433415 0.418653485442 0.539229575474 -0.113727472703
2018-01-12 11:04:15.090812 2101000 2101000 -0.992289494137 -1.388317855 -1.05417560171 2.23996850956 -0.462680062662 -0.435050983343 -0.672126476269 -1.50853867023 0.545564443107 0.0312553349153 -0.659014511844 -0.865682380102 -0.990341905217 0.196780370707 0.380995416891 -0.476929429432
2018-01-12 11:04:20.102075 1300000 1300000 -1.13950299914 -1.82494510818 -0.651239519418 2.23996850956 -0.865388275703 -0.549123174043 -0.27047127756 -1.32069476681 0.777859158535 0.286690453765 -0.969097889267 -0.846142695951 -1.13847671345 0.393747420292 0.669944749955 -0.647489677456
2018-01-12 11:04:25.119405 2101000 2101000 -0.961859886957 -0.904044336266 -1.5625529018 2.23996850956 -0.529798098169 -0.474346200198 -1.17214621344 -1.52860508128 0.220351841508 -0.215665279972 -0.712823097926 -0.879512416287 -0.960763832945 -0.420737946912 -0.355137407818 -0.505863757222
2018-01-12 11:04:30.128658 1300000 1300000 -1.06096171575 -1.19304627486 -1.74707503294 -1.10918779739 -0.495870300001 -0.465061254443 -1.15575212369 -1.61611692946 1.20021318659 0.241279765969 -0.694582899254 -0.908441299316 -1.0602537124 -1.64645857305 -1.79529757579 -0.633022513561
2018-01-12 11:04:35.145618 1500000 1500000 -0.541191128238 -1.3844124234 2.0337457766 2.13175667411 1.76844144731 0.0953515428931 -1.2733797176 -1.61778913038 1.24244858939 0.22992709402 1.09478059047 -0.461439304088 -0.539826308546 1.37097776283 1.41525056936 0.791612415245
2018-01-12 11:04:40.165163 1700000 1700000 -0.516518473768 0.669844599617 -1.41568834844 -1.07131365499 -0.230348401293 -0.3904500832 -1.03689497306 0.279601514223 -0.245645436108 -0.420013375052 -0.483908604592 -0.81975143424 -0.515381620718 -1.22590730501 -1.33894108944 -0.463985124895
2018-01-12 11:04:45.176134 1700000 1700000 -0.372594656025 4.49716757025 -1.88264231296 -0.611413354355 -0.943569723656 -0.567858868156 0.545134687165 2.69314484299 -0.753737331853 -0.650869959132 -1.03713383031 -0.860987780663 -0.36871349375 -1.61470809305 -1.6278904225 -1.06170742266
2018-01-12 11:04:50.190450 1700000 1700000 -0.954869301523 1.00961714905 -2.0603860801 -0.097407136003 -0.81523413928 -0.499050788009 0.655794792931 0.965203891678 -0.404732120007 -0.321812762694 -0.962713819732 -0.822669698756 -0.953919320353 -1.52401959628 -1.5636794596 -0.911705775957
2018-01-12 11:04:55.205696 2100000 2100000 -0.574088000865 0.103557017227 -1.26129227952 -0.0919965442308 0.00567106422544 -0.196461037968 0.0983957416622 0.129103431367 -0.0105350271595 -0.127114438771 -0.586965727089 -0.693631654717 -0.571604402723 -0.122245410378 -0.0203231012526 -0.422106492568
2018-01-12 11:05:00.328772 2101000 2101000 -0.68922705506 -0.0487548152778 -1.39685955955 -0.0919965442308 -0.178719143211 -0.261124053046 0.143479488456 -0.344686829476 0.000727746921889 -0.110653064445 -0.700054958856 -0.763416240972 -0.688938904297 -0.346209874096 -0.233595228038 -0.61094105288
2018-01-12 11:05:05.772139 1700000 1700000 -1.03998995945 9.84760886593 -2.29235675925 0.892731158297 -0.978087570488 -0.588982119748 -0.88524964293 -0.132874712864 -0.720934502341 -0.646328890352 -1.07051339388 -0.886490874912 -1.03654236521 -0.9844515589 -0.92156983057 -0.882771448168
2018-01-12 11:05:11.065959 1700000 1700000 1.85616846446 5.23919957476 -0.820698619447 2.23996850956 -0.428752264494 -0.413662447587 -0.491791489093 -1.31623556436 -0.703617987191 -0.632138050416 -0.61250200523 -0.801226798616 2.0977555081 1.31698293456 1.6422821882 -0.178448995391
2018-01-12 11:05:16.082865 2101000 2101000 -0.216334511046 1.06819862309 -1.1784456084 0.00539410766752 0.691602635888 -0.115217762615 -0.831968851265 -1.58490251227 -0.0133507206798 -0.285484212458 0.264851550893 -0.564212967481 -0.156044709647 -0.52948809398 -0.770215418013 0.436786184981
2018-01-12 11:05:21.092360 2101000 2101000 -0.0559622569896 1.20098329758 -1.04287832837 -0.0865859524587 0.750607502267 -0.0986375023386 -0.827870328829 -1.58657471319 -0.0668488975662 -0.312730625135 0.264851550893 -0.650492092305 -0.041154676855 -0.604016166796 -0.795441153439 0.222063015594
2018-01-12 11:05:23.563261 2101000 2101000 -0.611096982571 -0.115147152523 -1.20104015507 2.18586259184 0.403953912287 -0.179880777692 -0.696717610884 -1.56595090184 0.365360057806 -0.0709187126244 0.0277289681571 -0.859465207872 -0.608271434465 0.337280997776 0.413100898343 -0.0208330519045
 11:02:23.854173 0x0000000000000000000000000FFFFFFFFFFFFFFF 0x0000000000000000000000000FFFFFFFFFFFFFFF 0.296325317333 0.716183214883 -0.262074725466 -48.2672039343 0.468857525158 -0.16616989651 -1.00017146137 -1.54074077509 -0.343637338435 -0.501284061688 0.0412220625467 -0.583962857397 0.335687006536 -1.9163089431 -2.35848371522 0.0149691000827
2018-01-12 11:02:28.868880 0x0000000000000000000000000FFFFFFFFFFFFFFF 0x0000000000000000000000000FFFFFFFFFFFFFFF -0.0574314601285 -0.143476728405 -0.17493968551 -48.2672039343 0.988849544628 -0.018339007694 -1.05809243342 -1.61474776868 0.0951754518981 -0.281772928505 0.42208870852 -0.52130937157 -0.0799846722729 -1.86504516756 -2.390390502 0.269640276293
2018-01-12 11:02:33.877628 0x0000000000000000000000000FFFFFFFFFFFFFFF 0x0000000000000000000000000FFFFFFFFFFFFFFF -0.103211748976 0.258622277326 -0.411449079675 -48.2672039343 0.284344227926 -0.227766100183 -1.01304278849 -1.60208867767 -0.203267829135 -0.42964872685 -0.078750930935 -0.672494956935 -0.09977856174 -2.1884558068 -2.61953924339 -0.181291255896
2018-01-12 11:02:38.926443 0x00000000000000000000FFFFFFFFFFFFFFFFFFFF 0x00000000000000000000FFFFFFFFFFFFFFFFFFFF -0.253038148842 -0.411542732226 -0.240290965477 -2.12671985613 0.661757790445 -0.092254452102 -0.935814825757 -1.58942958666 0.13817151781 -0.236233322787 0.193568720936 -0.771514705187 -0.25318120511 -0.558173249193 -0.687728334939 0.00640217978208
2018-01-12 11:02:43.974312 0x000000000000000FFFFF000000000000000FFFFF 0x000000000000000FFFFF000000000000000FFFFF -0.444482993116 -0.74200340935 -0.277634554029 0.118559174435 0.418535716822 -0.184648757612 -0.996953629588 -1.61036577563 0.305097420761 -0.162551264096 0.0126570640987 -0.785271231423 -0.441223155047 -0.551558568478 -0.638417846284 -0.10418897319
2018-01-12 11:02:48.973892 0xFFFFFFFFFFFFFFFFFFFFFFFFFFFFFFFFFFFFFFFF 0xFFFFFFFFFFFFFFFFFFFFFFFFFFFFFFFFFFFFFFFF -0.882808449613 -1.66244038626 0.805329513989 0.118559174435 -0.611383960451 -0.495709586162 -0.671952619748 -1.50909304757 3.39954957622 1.79207001506 -0.696707064027 -0.759528820942 -0.883369161018 0.216689348829 0.449313521086 -0.492036819528
2018-01-12 11:02:53.989509 0x000000000000000FFFFF000000000000000FFFFF 0x000000000000000FFFFF000000000000000FFFFF -0.730817890637 -1.20187526073 -0.489248222493 0.118559174435 -0.702801912261 -0.540264173486 -1.01947845205 -1.44141559948 -0.304435043045 -0.483375227978 -0.786210725831 -0.774511176248 -0.730708788503 -1.25767573479 -1.31426160254 -0.617425380292
2018-01-12 11:02:58.998956 0x0000000000000000000000000FFFFFFFFFFFFFFF 0x0000000000000000000000000FFFFFFFFFFFFFFF -0.386217170946 -1.13485875978 0.515916702708 -74.9860243981 1.63464608494 0.0863745385505 -1.41301927882 -1.63276262896 1.06005775456 0.0932892174685 0.898172015988 -0.420518981326 -0.384315722829 -1.2257835242 -1.69714304386 0.515744532202
2018-01-12 11:03:04.012957 0x0000000000000000000000000FFFFFFFFFFFFFFF 0x0000000000000000000000000FFFFFFFFFFFFFFF -0.675049175132 -1.31048821056 -0.0504610570025 -11.1078359784 0.217248483479 -0.295521924224 -1.37343994792 -1.62740685969 1.04741185282 0.103522836731 -0.136833094446 -0.802977651331 -0.675533321614 -1.38004732801 -1.58982021561 -0.280979055758
2018-01-12 11:03:09.026176 0x0000000000000000000000000FFFFFFFFFFFFFFF 0x0000000000000000000000000FFFFFFFFFFFFFFF -0.676713912908 -1.20418617456 -0.293194382593 -58.820015378 0.183700611255 -0.285255890278 -1.1932413682 -1.67015563625 0.996828245868 0.134223694519 -0.161589426434 -0.725205606967 -0.677017863324 -2.3049214351 -2.73846453955 -0.245932563619
2018-01-12 11:03:14.146798 0xFFFFFFFFFFFFFFFFFFFFFFFFFFFFFFFFFFFFFFFF 0xFFFFFFFFFFFFFFFFFFFFFFFFFFFFFFFFFFFFFFFF 1.24522584982 2.38004116963 -0.218507205488 -6.61727791727 -0.667576646426 -0.512751202512 -0.594724657014 2.43324002542 -0.716817898744 -0.692601573802 -0.772880393222 -0.785271231423 1.24620592202 -0.676056309075 -0.574604272732 -0.685960742697
2018-01-12 11:03:19.163149 0x0000000000000000000000000FFFFFFFFFFFFFFF 0x0000000000000000000000000FFFFFFFFFFFFFFF -0.423673770912 0.376478882454 -0.722645650945 -69.5973547248 -0.564416939338 -0.25856420202 0.6795367281 -1.38591035429 -0.491594388778 -0.283819652358 -0.670046398809 -0.765249356604 -0.41400655703 -2.74196283947 -3.12714721483 -0.643126141194
2018-01-12 11:03:24.400071 0x0000000000000000000000000FFFFFFFFFFFFFFF 0x0000000000000000000000000FFFFFFFFFFFFFFF 0.204764739637 -0.642634114831 0.718194474034 -48.3794678859 0.426922684878 0.328652939665 0.35453571826 -1.36984304647 -0.313287174262 -0.203485741147 0.0412220625467 -0.570342534391 0.211975197366 -1.79133872531 -2.1902479304 -0.0247502576748
2018-01-12 11:03:29.661432 0xFFFFFFFFFFFFFFFFFFFFFFFFFFFFFFFFFFFFFFFF 0xFFFFFFFFFFFFFFFFFFFFFFFFFFFFFFFFFFFFFFFF -0.207257859995 -0.49704654379 -0.106476439831 -1.00408034085 0.0830569945831 -0.0943076588911 -0.0509110860943 0.359096652453 -0.248793075395 -0.28586637621 -0.473900076133 -0.608479438807 -0.178954119608 -0.25318922052 -0.200424682357 -0.296555274486
2018-01-12 11:03:34.678401 0x0000000000000000000000000FFFFFFFFFFFFFFF 0x0000000000000000000000000FFFFFFFFFFFFFFF -0.269685526605 -0.443895525791 -0.240290965477 -41.6436307942 0.158539707087 -0.0963608656802 -0.176406525537 0.0961770699644 -0.161536353398 -0.249537027828 -0.407248413087 -0.646616343223 -0.23833578801 -1.1093178959 -1.23884556107 -0.330822955689
2018-01-12 11:03:39.826974 0x0000000000000000000000000FFFFFFFFFFFFFFF 0x0000000000000000000000000FFFFFFFFFFFFFFF -0.809060566123 -0.268266075012 -1.00645692394 -51.6351224802 -0.790865076849 -0.552172772863 -0.330862451006 -0.565990767415 -0.279143239568 -0.374898863795 -0.920371001875 -0.809787812833 -0.808894651898 -3.05757760501 -3.3591965732 -1.06056880312
2018-01-12 11:03:44.959995 0x0000000000000000000000000FFFFFFFFFFFFFFF 0x0000000000000000000000000FFFFFFFFFFFFFFF 0.91227829456 3.37373411483 -0.507920016769 -26.8247891924 -0.75060763018 -0.546218473174 -0.655863460845 -1.22134217117 -0.726555243083 -0.699355762515 -0.833819056578 -0.784045402352 0.959194524749 -1.10553807834 -1.10831779699 -0.668826902096
2018-01-12 11:03:49.972962 0x0000000000000000000000000FFFFFFFFFFFFFFF 0x0000000000000000000000000FFFFFFFFFFFFFFF 0.899792761238 1.91785840442 -0.262074725466 -48.1549399828 -0.133326781261 -0.346852093952 -0.877893853706 -1.43362538963 -0.602878324078 -0.632786069212 -0.389157247404 -0.722481542366 0.946823343832 -1.96024932214 -2.26856458885 -0.371321124383
2018-01-12 11:03:54.985389 0x0000000000000000000000000FFFFFFFFFFFFFFF 0x0000000000000000000000000FFFFFFFFFFFFFFF -0.0699169934507 -0.118056676319 -0.202947376925 -48.2672039343 0.913366832124 -0.0429774891634 -1.0613102652 -1.60695755882 0.0496502056387 -0.305310252809 0.374480377774 -0.488620596356 -0.067613491356 -1.84118506927 -2.3613843322 0.270419087229
2018-01-12 11:03:59.994954 0x0000000000000000000000000FFFFFFFFFFFFFFF 0x0000000000000000000000000FFFFFFFFFFFFFFF 0.0466146508895 0.0506400329822 -0.178051651223 -48.2672039343 0.92175380018 -0.0429774891634 -1.0773994241 -1.61766909737 -0.0439294672277 -0.355966668159 0.374480377774 -0.552636114483 0.0486756092631 -1.80693047271 -2.3178750775 0.266525032547
2018-01-12 11:04:05.004413 0x00000000000000000000FFFFFFFFFFFFFFFFFFFF 0x00000000000000000000FFFFFFFFFFFFFFFFFFFF -0.0865643712136 -0.326038920663 -0.0846926798422 -5.49463840199 -0.0595214623684 -0.32632002606 -0.906854339732 -1.58504759362 -0.370193732086 -0.507424233246 -0.331075083893 -0.773012940718 -0.0874073808231 -0.835753600619 -0.873367821636 -0.410261671204
2018-01-12 11:04:10.088368 0x00000000000000000000FFFFFFFFFFFFFFFFFFFF 0x00000000000000000000FFFFFFFFFFFFFFFFFFFF -0.257199993283 -0.554819389441 -0.131372165533 0.118559174435 0.510792365438 -0.157957069353 -1.01626062027 -1.62010353795 0.0559731565081 -0.295076633547 0.0793087271441 -0.798891554429 -0.255655441293 -0.421391101554 -0.475983295424 -0.111198271618
2018-01-12 11:04:15.090747 0x000000000000000FFFFF000000000000000FFFFF 0x000000000000000FFFFF000000000000000FFFFF -0.722078017312 -1.37981562534 -0.0722448169914 0.118559174435 -0.315323988075 -0.412349390524 -0.942250489318 -1.54366210378 0.434085618495 -0.0806823099955 -0.51389107396 -0.790446954165 -0.721554114625 -0.697081544204 -0.67612586702 -0.482691088291
2018-01-12 11:04:20.102037 0x000000000000000FFFFF000000000000000FFFFF 0x000000000000000FFFFF000000000000000FFFFF -0.87107204829 -1.63817579109 0.260735514267 0.118559174435 -0.773252443931 -0.553610017615 -0.62690297482 -1.37958080878 0.642742997184 0.149574123413 -0.837627723038 -0.769471656736 -0.871492827338 -0.452338357756 -0.310648127583 -0.657144738049
2018-01-12 11:04:25.119250 0xFFFFFFFFFFFFFFFFFFFFFFFFFFFFFFFFFFFFFFFF 0xFFFFFFFFFFFFFFFFFFFFFFFFFFFFFFFFFFFFFFFF -0.69128036845 -1.09326231091 -0.492360188205 0.118559174435 -0.391645397385 -0.461010391426 -1.33482596655 -1.56119007595 0.141965288331 -0.303263528957 -0.570068904241 -0.805293106242 -0.691615856806 -1.46438450712 -1.60722391749 -0.512285903875
2018-01-12 11:04:30.129850 0x0000000000000000000000000FFFFFFFFFFFFFFF 0x0000000000000000000000000FFFFFFFFFFFFFFF -0.791580819472 -1.26426993404 -0.644846508128 -69.3728268217 -0.353065344327 -0.449512433407 -1.32195463943 -1.63763151012 1.02212004935 0.108639646362 -0.551025571942 -0.836347442695 -0.792317269469 -2.98741474171 -3.42881138071 -0.642347330257
2018-01-12 11:04:35.145546 0xFFFFFFFFFFFFFFFFFFFFFFFFFFFFFFFFFFFFFFFF 0xFFFFFFFFFFFFFFFFFFFFFFFFFFFFFFFFFFFFFFFF -0.265523682165 -1.37750471151 2.47956706742 -2.12671985613 2.22173384886 0.244471461312 -1.41430641153 -1.63909217446 1.06005775456 0.0984060270998 1.31712532656 -0.356503463199 -0.265552386027 0.761928030608 0.632052390804 0.814807931788
2018-01-12 11:04:40.162908 0x0000000000000000000000000FFFFFFFFFFFFFFF 0x0000000000000000000000000FFFFFFFFFFFFFFF -0.24055261552 -0.161964039014 -0.37099352541 -68.586979161 -0.0511344943124 -0.357118127897 -1.22863751779 0.0182749714492 -0.27661405922 -0.487468675683 -0.331075083893 -0.741141384884 -0.240810024193 -2.46485496524 -2.85158860176 -0.469451302372
2018-01-12 11:04:45.176083 0x0000000000000000000000000FFFFFFFFFFFFFFF 0x0000000000000000000000000FFFFFFFFFFFFFFF -0.094888060095 2.10273151051 -0.756877273785 -59.0445432811 -0.862154305325 -0.576811254332 0.0134455495175 2.12650051252 -0.73300465297 -0.695569323388 -0.908659352512 -0.785407434653 -0.0923558531898 -2.94796289602 -3.2170663412 -1.08081788746
2018-01-12 11:04:50.190437 0x0000000000000000000000000FFFFFFFFFFFFFFF 0x0000000000000000000000000FFFFFFFFFFFFFFF -0.684205232901 0.039085463852 -0.903762055424 -48.3794678859 -0.716221061151 -0.491603172584 0.100327007593 0.617147353785 -0.419512748867 -0.398947869062 -0.830962556733 -0.744274059175 -0.684687995492 -2.83527708527 -3.13584906577 -0.927392132988
2018-01-12 11:04:55.205612 0x0000000000000000000000000FFFFFFFFFFFFFFF 0x0000000000000000000000000FFFFFFFFFFFFFFF -0.29881843769 -0.49704654379 -0.24340293119 -48.2672039343 0.217248483479 -0.116892933571 -0.337298114567 -0.113184819795 -0.0654275001835 -0.223441298709 -0.43866991138 -0.605755374206 -0.297717456411 -1.0934899099 -1.18373383846 -0.426616700868
2018-01-12 11:05:00.328703 0x0000000000000000000000000FFFFFFFFFFFFFFF 0x0000000000000000000000000FFFFFFFFFFFFFFF -0.415350082031 -0.587172183006 -0.355433696847 -48.2672039343 0.00757428207939 -0.196967998347 -0.30190196498 -0.527039718157 -0.0553107787925 -0.208602550778 -0.556738571632 -0.680667150738 -0.416480793213 -1.37177897712 -1.45349121757 -0.619761813101
2018-01-12 11:05:05.772033 0x0000000000000000000000000FFFFFFFFFFFFFFF 0x0000000000000000000000000FFFFFFFFFFFFFFF -0.770355412824 5.26868345219 -1.09545914333 -27.8351647562 -0.901405315827 -0.602969108825 -1.10957774191 -0.342022234184 -0.703539701918 -0.691475875683 -0.943508650618 -0.812784283895 -0.76831717849 -2.1648319471 -2.32367631146 -0.897797317404
2018-01-12 11:05:11.065879 0x00000000000000000000FFFFFFFFFFFFFFFFFFFF 0x00000000000000000000FFFFFFFFFFFFFFFFFFFF 2.16083162678 2.54180513746 0.120697057196 0.118559174435 -0.276743935018 -0.385863022945 -0.800665890972 -1.37568570386 -0.68798524278 -0.678683851605 -0.465330576598 -0.721255713296 2.40414845585 0.694836269072 0.91921347179 -0.177397201213
2018-01-12 11:05:16.082858 0x0000000000000000000000000FFFFFFFFFFFFFFF 0x0000000000000000000000000FFFFFFFFFFFFFFF 0.0632620286524 0.0737491712427 -0.17493968551 -46.2464528068 0.997236512684 -0.0162858009049 -1.06774592876 -1.61036577563 -0.0679566805312 -0.366200287422 0.450653706968 -0.466828079546 0.122902694765 -1.59951298458 -2.13223559081 0.451882035415
2018-01-12 11:05:21.092332 0x0000000000000000000000000FFFFFFFFFFFFFFF 0x0000000000000000000000000FFFFFFFFFFFFFFF 0.225573961841 0.152320241328 -0.0629089198533 -48.1549399828 1.06433225713 0.00424626698616 -1.06452809698 -1.61182643998 -0.116011107138 -0.390760973652 0.450653706968 -0.559446275986 0.239191795384 -1.69211851459 -2.16414237758 0.232257351344
2018-01-12 11:05:23.563234 0xFFFFFFFFFFFFFFFFFFFFFFFFFFFFFFFFFFFFFFFF 0xFFFFFFFFFFFFFFFFFFFFFFFFFFFFFFFFFFFFFFFF -0.336275037657 -0.626457718048 -0.193611479787 -1.00408034085 0.670144758501 -0.0963608656802 -0.961557480002 -1.5938115797 0.27221807624 -0.172784883359 0.203090387086 -0.783772995892 -0.334830999162 -0.522501221052 -0.635517229305 -0.0161833373742
