503.0Gb memory in total.
Using: 453.403Gb.
MEGAHIT v1.1.1
--- [Fri Jan 12 10:49:31 2018] Start assembly. Number of CPU threads 160 ---
--- [Fri Jan 12 10:49:31 2018] Available memory: 540930650112, used: 486837585100
--- [Fri Jan 12 10:49:31 2018] Converting reads to binaries ---
    [read_lib_functions-inl.h  : 209]     Lib 0 (/scratch/shofmeyr/hipmer_metagenome_data/SYNTHbbqc_25perc.fq): interleaved, 36327152 reads, 101 max length
    [utils.h                   : 126]     Real: 59.3286	user: 33.3920	sys: 4.1240	maxrss: 156692
--- [Fri Jan 12 10:50:30 2018] k-max reset to: 119 ---
--- [Fri Jan 12 10:50:30 2018] k list: 21,29,39,59,79,99,119 ---
--- [Fri Jan 12 10:50:30 2018] Extracting solid (k+1)-mers for k = 21 ---
--- [Fri Jan 12 10:51:23 2018] Building graph for k = 21 ---
--- [Fri Jan 12 10:51:49 2018] Assembling contigs from SdBG for k = 21 ---
--- [Fri Jan 12 10:52:50 2018] Local assembling k = 21 ---
--- [Fri Jan 12 10:53:29 2018] Extracting iterative edges from k = 21 to 29 ---
--- [Fri Jan 12 10:55:16 2018] Building graph for k = 29 ---
--- [Fri Jan 12 10:55:33 2018] Assembling contigs from SdBG for k = 29 ---
--- [Fri Jan 12 10:56:23 2018] Local assembling k = 29 ---
--- [Fri Jan 12 10:57:09 2018] Extracting iterative edges from k = 29 to 39 ---
--- [Fri Jan 12 10:57:33 2018] Building graph for k = 39 ---
--- [Fri Jan 12 10:57:48 2018] Assembling contigs from SdBG for k = 39 ---
--- [Fri Jan 12 10:58:34 2018] Local assembling k = 39 ---
--- [Fri Jan 12 10:59:21 2018] Extracting iterative edges from k = 39 to 59 ---
--- [Fri Jan 12 10:59:43 2018] Building graph for k = 59 ---
--- [Fri Jan 12 11:00:00 2018] Assembling contigs from SdBG for k = 59 ---
--- [Fri Jan 12 11:00:45 2018] Local assembling k = 59 ---
--- [Fri Jan 12 11:01:30 2018] Extracting iterative edges from k = 59 to 79 ---
--- [Fri Jan 12 11:01:46 2018] Building graph for k = 79 ---
--- [Fri Jan 12 11:02:00 2018] Assembling contigs from SdBG for k = 79 ---
--- [Fri Jan 12 11:02:37 2018] Local assembling k = 79 ---
--- [Fri Jan 12 11:03:08 2018] Extracting iterative edges from k = 79 to 99 ---
--- [Fri Jan 12 11:03:18 2018] Building graph for k = 99 ---
--- [Fri Jan 12 11:03:30 2018] Assembling contigs from SdBG for k = 99 ---
--- [Fri Jan 12 11:04:07 2018] Local assembling k = 99 ---
--- [Fri Jan 12 11:04:37 2018] Extracting iterative edges from k = 99 to 119 ---
--- [Fri Jan 12 11:04:42 2018] Building graph for k = 119 ---
--- [Fri Jan 12 11:04:54 2018] Assembling contigs from SdBG for k = 119 ---
--- [Fri Jan 12 11:05:22 2018] Merging to output final contigs ---
--- [STAT] 57781 contigs, total 191905663 bp, min 200 bp, max 708009 bp, avg 3321 bp, N50 15328 bp
--- [Fri Jan 12 11:05:23 2018] ALL DONE. Time elapsed: 951.941575 seconds ---
