503.0Gb memory in total.
Using: 453.403Gb.
MEGAHIT v1.1.1
--- [Sat Jan  6 15:22:52 2018] Start assembly. Number of CPU threads 160 ---
--- [Sat Jan  6 15:22:52 2018] Available memory: 540930650112, used: 486837585100
--- [Sat Jan  6 15:22:52 2018] Converting reads to binaries ---
    [read_lib_functions-inl.h  : 209]     Lib 0 (/scratch/shofmeyr/hipmer_metagenome_data/SYNTHbbqc_25perc.fq): interleaved, 36327152 reads, 101 max length
    [utils.h                   : 126]     Real: 57.4840	user: 26.5760	sys: 3.2960	maxrss: 155808
--- [Sat Jan  6 15:23:49 2018] k-max reset to: 119 ---
--- [Sat Jan  6 15:23:49 2018] k list: 21,29,39,59,79,99,119 ---
--- [Sat Jan  6 15:23:49 2018] Extracting solid (k+1)-mers for k = 21 ---
--- [Sat Jan  6 15:24:40 2018] Building graph for k = 21 ---
--- [Sat Jan  6 15:25:08 2018] Assembling contigs from SdBG for k = 21 ---
--- [Sat Jan  6 15:26:07 2018] Local assembling k = 21 ---
--- [Sat Jan  6 15:26:42 2018] Extracting iterative edges from k = 21 to 29 ---
--- [Sat Jan  6 15:27:30 2018] Building graph for k = 29 ---
--- [Sat Jan  6 15:27:48 2018] Assembling contigs from SdBG for k = 29 ---
--- [Sat Jan  6 15:28:31 2018] Local assembling k = 29 ---
--- [Sat Jan  6 15:29:00 2018] Extracting iterative edges from k = 29 to 39 ---
--- [Sat Jan  6 15:29:36 2018] Building graph for k = 39 ---
--- [Sat Jan  6 15:29:54 2018] Assembling contigs from SdBG for k = 39 ---
--- [Sat Jan  6 15:30:41 2018] Local assembling k = 39 ---
--- [Sat Jan  6 15:31:41 2018] Extracting iterative edges from k = 39 to 59 ---
--- [Sat Jan  6 15:32:14 2018] Building graph for k = 59 ---
--- [Sat Jan  6 15:32:35 2018] Assembling contigs from SdBG for k = 59 ---
--- [Sat Jan  6 15:33:22 2018] Local assembling k = 59 ---
--- [Sat Jan  6 15:34:24 2018] Extracting iterative edges from k = 59 to 79 ---
--- [Sat Jan  6 15:34:38 2018] Building graph for k = 79 ---
--- [Sat Jan  6 15:34:55 2018] Assembling contigs from SdBG for k = 79 ---
--- [Sat Jan  6 15:35:30 2018] Local assembling k = 79 ---
--- [Sat Jan  6 15:36:16 2018] Extracting iterative edges from k = 79 to 99 ---
--- [Sat Jan  6 15:36:24 2018] Building graph for k = 99 ---
--- [Sat Jan  6 15:36:36 2018] Assembling contigs from SdBG for k = 99 ---
--- [Sat Jan  6 15:37:14 2018] Local assembling k = 99 ---
--- [Sat Jan  6 15:37:46 2018] Extracting iterative edges from k = 99 to 119 ---
--- [Sat Jan  6 15:37:51 2018] Building graph for k = 119 ---
--- [Sat Jan  6 15:38:02 2018] Assembling contigs from SdBG for k = 119 ---
--- [Sat Jan  6 15:38:35 2018] Merging to output final contigs ---
--- [STAT] 57806 contigs, total 191903060 bp, min 200 bp, max 708009 bp, avg 3320 bp, N50 15315 bp
--- [Sat Jan  6 15:38:36 2018] ALL DONE. Time elapsed: 944.812261 seconds ---
