number of threads 160
reads 4359256
long reads 0
extra reads 0
read_length 101
kmer 60
kmers 21358992 21002905
merge bubble 63
contigs: 46968 n50: 266 max: 8310 mean: 118 total length: 5562158 n80: 60
aligned 179616 reads
confirmed bases: 2090881 correct reads: 85063 bases: 3784
kmer 20
kmers 49539282 49523170
merge bubble 12737
contigs: 285138 n50: 349 max: 6768 mean: 121 total length: 34637364 n80: 223
aligned 871357 reads
confirmed bases: 8059919 correct reads: 101692 bases: 1176
distance mean -nan sd -nan
invalid insert distance
kmer 40
kmers 36545614 36836544
merge bubble 91
contigs: 188500 n50: 390 max: 9579 mean: 174 total length: 32802910 n80: 246
aligned 873061 reads
confirmed bases: 8438526 correct reads: 113919 bases: 230
distance mean -nan sd -nan
invalid insert distance
kmer 60
kmers 33123150 33111564
merge bubble 14
contigs: 100624 n50: 444 max: 20308 mean: 282 total length: 28441835 n80: 287
aligned 842182 reads
confirmed bases: 8291537 correct reads: 115296 bases: 47
distance mean -nan sd -nan
invalid insert distance
kmer 80
kmers 24349772 24210867
merge bubble 2
contigs: 53400 n50: 503 max: 20328 mean: 451 total length: 24117084 n80: 339
aligned 802255 reads
confirmed bases: 8035801 correct reads: 114951 bases: 25
distance mean -nan sd -nan
invalid insert distance
kmer 100
kmers 19082767 18976108
merge bubble 1
contigs: 40925 n50: 539 max: 20328 mean: 536 total length: 21944476 n80: 370
reads 4359256
aligned 763170 reads
distance mean -nan sd -nan
invalid insert distance
