Date Time Prediction All_Predictions EXEC IPC FREQ AFREQ L3MISS_Rate L2MISS_Rate L3HIT L2HIT L3MPI L2MPI READ_Rate WRITE_Rate INST_Rate POWER_Total POWER_Proc POWER_DRAM
2018-01-12 08:03:59.550951 1700000 1700000 -1.0901576902 5.74690568311 -2.29348648659 2.29407442728 -0.992846162691 -0.590175898487 1.42221848843 2.62068280309 -0.760776565653 -0.638382019988 -1.08455834686 -0.896133835922 -1.08934289092 -0.342027176132 -0.17626401116 -0.784547019618
2018-01-12 08:04:04.550878 1700000 1700000 -1.10537249379 6.41082905557 -2.30301385377 2.29407442728 -0.993583723521 -0.592901693277 0.0451149499967 3.17808310997 -0.760494996301 -0.661314417325 -1.08437594487 -0.898925219372 -1.10474304425 -0.349822204156 -0.190023503211 -0.770079855723
2018-01-12 08:04:09.564577 2100000 2100000 -1.14053102641 5.27825389079 -2.31562914232 -0.0703541771423 -0.994631059899 -0.593137132973 0.364799699989 2.85479093198 -0.75064006898 -0.650756432413 -1.082643126 -0.904799812724 -1.13994339472 -1.59379460323 -1.59349169238 -1.0921646098
2018-01-12 08:04:14.573942 2100000 2100000 -1.12840030463 5.90312294722 -2.31163743908 -0.0865859524587 -0.994697440374 -0.593269775055 0.180366190378 3.12234307928 -0.759509503569 -0.659611516533 -1.08705725408 -0.903061542121 -1.12772105081 -1.55748117999 -1.5361604755 -1.13708896085
2018-01-12 08:04:19.586217 2100000 2100000 -1.11688639921 6.21555747543 -2.30741979037 0.92519470893 -0.994188523401 -0.593032677333 0.225449937172 3.12791708235 -0.760494996301 -0.659895333331 -1.08655564862 -0.901716602823 -1.11623204753 -0.704781163205 -0.595928518705 -0.843938534555
2018-01-12 08:04:24.597278 1700000 1700000 -1.11524155558 4.77054778244 -2.30067908394 0.941426484246 -0.994210650226 -0.593090708244 0.143479488456 3.13906508849 -0.761339704357 -0.661200890605 -1.08632764613 -0.901335959625 -1.11452091938 -0.513898037932 -0.38724288927 -0.772364144759
2018-01-12 08:04:29.612497 1700000 1700000 -1.11729761012 6.44988337159 -2.30836122981 0.941426484246 -0.994277030701 -0.593147081129 0.0861001743548 3.16693510383 -0.760917350329 -0.661371180685 -1.08631852603 -0.901335959625 -1.11647649441 -0.500779576135 -0.373483397219 -0.765511277651
2018-01-12 08:04:34.634444 1700000 1700000 -1.12511061737 3.5598639856 -2.29981295966 -0.0865859524587 -0.994785947673 -0.593311225706 0.172169145507 3.12791708235 -0.761902843062 -0.661371180685 -1.08745853845 -0.903505625852 -1.12454324139 -1.62516483796 -1.62559717383 -1.11120035177
2018-01-12 08:04:39.649802 2100000 2100000 -1.14785058057 5.90312294722 -2.32048696986 -0.0919965442308 -0.994741694023 -0.593102314426 0.504149462807 2.60396079389 -0.744445543235 -0.643377195646 -1.07963349322 -0.905053574856 -1.14703235419 -1.73258412658 -1.73108661288 -1.19115046803
2018-01-12 08:04:44.662673 2100000 2100000 -1.14250483877 6.13744884338 -2.31852877581 -0.0865859524587 -0.995125225655 -0.593171951519 0.684484449982 2.77675488902 -0.755285963289 -0.650132035455 -1.08273432699 -0.905053574856 -1.14165452287 -1.73942854143 -1.74484610493 -1.17287615574
2018-01-12 08:04:49.678107 1700000 1700000 -1.11770882103 6.84042653186 -2.30967924503 0.92519470893 -0.994306533134 -0.593112262582 0.176267667942 3.15578709769 -0.761198919681 -0.660803547087 -1.08668333001 -0.901716602823 -1.11672094129 -0.760487095183 -0.662432730283 -0.846222823591
2018-01-12 08:04:54.694226 2100000 2100000 -1.11812003194 7.15286106008 -2.31065834206 0.941426484246 -0.991430045898 -0.592231850762 -0.14341708205 2.00754246553 -0.738673371519 -0.648542661382 -1.08100150812 -0.892073641813 -1.11745428192 -0.631203703563 -0.529424307127 -0.770079855723
2018-01-12 08:04:59.711498 2101000 2101000 -1.12963393735 6.64515495173 -2.31412283921 -0.0865859524587 -0.983766788877 -0.590640145775 -0.93443191216 0.307471529567 -0.655047273965 -0.614144065377 -1.07899508627 -0.894991906329 -1.1289432852 -1.69912254287 -1.72650011553 -1.07236743816
2018-01-12 08:05:04.722088 2101000 2101000 -1.11853124284 6.76231789981 -2.30971690261 0.92519470893 -0.980595277309 -0.589811132761 -0.963121569211 0.251731498879 -0.654906489289 -0.614711698975 -1.07653265945 -0.891566117549 -1.1176987288 -0.872659449676 -0.797734402114 -0.846222823591
2018-01-12 08:05:09.736652 2101000 2101000 -1.10372765016 6.64515495173 -2.30320214166 2.348180345 -0.976759960994 -0.588667094802 -0.905742255109 0.246157495811 -0.656595905401 -0.614711698975 -1.0729758207 -0.886617755978 -1.10278746923 -0.57968046955 -0.465213344224 -0.776932722832
2018-01-12 08:05:14.746554 1700000 1700000 -1.10167159562 2.77877766507 -2.27541084925 2.23996850956 -0.975727375833 -0.588434971158 -0.942628957032 0.129103431367 -0.653639427205 -0.61357643178 -1.06768616309 -0.885983350649 -1.10058744732 -0.552873178052 -0.439987608797 -0.753328402792
2018-01-12 08:05:19.759943 2101000 2101000 -1.12099850829 3.20837514136 -2.29423963814 2.348180345 -0.975284839335 -0.58793756335 -0.741801357677 0.184843462054 -0.606054206711 -0.58462711831 -1.07206381077 -0.88687151811 -1.12014319758 -0.619606222844 -0.520251312426 -0.754089832471
2018-01-12 08:05:24.770303 1500000 1500000 -1.17457106536 -1.2438168857 -2.31299311188 -0.0757647689144 -0.988118397772 -0.591701282433 -0.774589537164 -0.406000863232 0.299191260078 -0.116897034017 -1.03795463925 -0.759609808995 -1.17382373205 -1.66528071389 -1.74484610493 -0.87591858106
2018-01-12 08:05:29.789985 1500000 1500000 -1.17441480522 -1.50157537148 -2.29811836866 1.96943892095 -0.988782202519 -0.591983146858 -0.889348165366 -0.740441047356 0.182339978984 -0.195230470464 -1.013968778 -0.70505095065 -1.17367706393 -0.696796012547 -0.648673238232 -0.636829661955
2018-01-12 08:05:35.109206 1500000 1500000 -1.17729328157 -1.66208861035 -2.31596806052 -0.584360395495 -0.991186650824 -0.592662937529 -0.901643732674 -0.785033071906 1.48178253862 0.451304197023 -1.03932265415 -0.759609808995 -1.17655420368 -1.7168039479 -1.80676381916 -0.876680010738
2018-01-12 08:05:40.124935 1900000 1900000 -0.953224457892 -0.564271786832 -1.7357777596 -0.606002762583 -0.813021456791 -0.524750191437 -0.0204614089761 -0.411574866301 -0.415994894088 -0.427960245416 -0.565989498616 0.134901705725 -0.944874785857 -0.921901212072 -1.07751074048 -0.114488902382
2018-01-12 08:05:45.137826 1700000 1700000 -0.171101311184 1.88833925965 -1.38556228621 -0.606002762583 -0.632319053504 -0.446325560331 0.147578010892 0.274027511154 -0.620132674313 -0.558515972828 -0.808584140954 -0.359934451354 -0.14137789695 -1.13236696872 -1.24950439111 -0.38631929767
2018-01-12 08:05:50.152033 1700000 1700000 -0.788740094757 2.19296292466 -1.99373216743 0.411188490577 -0.938111773516 -0.574656774869 -0.356540248712 1.45014215866 -0.714036053216 -0.636054722239 -1.0359482174 -0.8377685456 -0.786717655609 -1.40880527963 -1.39168580897 -1.02135164969
2018-01-12 08:05:55.168912 2100000 2100000 -1.12058729738 3.63797261766 -2.29695098374 -0.0919965442308 -0.975801131916 -0.585334462487 0.221351414736 0.636337710622 -0.611685593752 -0.548298568074 -1.05409721508 -0.82469979581 -1.11965430383 -1.70615708035 -1.75172585096 -1.01678307162
2018-01-12 08:06:00.182025 2100000 2100000 -1.037522694 3.52080966958 -2.24151902925 -0.0919965442308 -0.952862990111 -0.574656774869 0.336110042939 0.491413630835 -0.638434682195 -0.561921774413 -0.976393968736 -0.650492092305 -1.03629791833 -1.58010577352 -1.68063514203 -0.747998395042
2018-01-12 08:06:05.193826 1700000 1700000 -1.16898682123 -0.540839197216 -2.30945329957 0.919784117158 -0.976243668413 -0.588219427775 -0.745899880113 0.129103431367 0.242877389671 -0.141305278707 -0.997370197209 -0.665717820216 -1.16822589854 -0.79090671674 -0.767922169338 -0.617793919988
2018-01-12 08:06:10.336561 1500000 1500000 -1.17737963586 -1.73746344028 -2.30960392988 0.941426484246 -0.989814787681 -0.592248431022 -0.85655998588 -1.01914120079 2.19978438631 0.825942371336 -0.971833919068 -0.593395612642 -1.17664464903 -0.592798931347 -0.575289280629 -0.463985124895
2018-01-12 08:06:15.354541 1700000 1700000 -0.611096982571 0.185571080883 -1.36673349732 -0.0865859524587 -0.318118140032 -0.400398239366 -0.819673283958 -0.595516967569 -0.234382662026 -0.397308031154 -0.6225341145 -0.109978751496 -0.603382496899 -0.516179509549 -0.563823037253 -0.195200448322
2018-01-12 08:06:20.367477 1700000 1700000 -0.763245018471 3.01310356123 -2.03214289677 -0.584360395495 -0.923729337336 -0.572667143636 -0.700816133319 1.49473418321 -0.70291406381 -0.634919455044 -1.01551919489 -0.79209136187 -0.757384030216 -1.57592307556 -1.6187174278 -0.936832955354
2018-01-12 08:06:25.381163 2101000 2101000 -0.991878283229 4.14567872601 -2.22457311924 -0.0919965442308 -0.907429242998 -0.567195657745 -0.627042729475 0.742243768929 -0.561003110385 -0.556813072036 -0.981866028338 -0.754534566358 -0.990830798973 -1.61147600826 -1.67375539601 -0.896477182384
2018-01-12 08:06:30.390798 2101000 2101000 -0.676890727825 4.49716757025 -2.05511401921 -0.0919965442308 -0.837360964173 -0.415320473614 1.59435643073 -1.40319001223 -0.635618988674 -0.379711389633 -0.949945680662 -0.732964785152 -0.676716560383 -1.41583981711 -1.47653600995 -0.767795566687
2018-01-12 08:06:35.422517 2101000 2101000 -1.0848119484 2.81783198109 -2.26373700014 1.91533300323 -0.954043087438 -0.517289074313 1.89764709098 -0.584368961432 -0.569450190946 0.00854999101761 -1.03540101144 -0.869996336343 -1.0839650596 -0.578539733742 -0.474386338924 -0.741906957612
2018-01-12 08:06:40.431098 2101000 2101000 -0.553527455474 0.115273312035 -1.23493197507 2.23996850956 -0.119714276831 -0.307548781819 -0.401623995506 -0.81290308725 -0.131609848534 -0.295701617212 -0.381763492029 -0.462708114747 -0.55204865246 0.291461442805 0.369529173516 -0.059665965517
2018-01-12 08:06:45.440835 2101000 2101000 0.231885378497 0.513627335509 -0.248303437127 2.23996850956 0.662100202698 0.0107922154844 -0.114727425 -0.824051093388 -0.235790508786 -0.320109861902 0.219251054213 -0.726620731856 0.235070295602 1.11450232857 1.26618940548 0.259373069849
2018-01-12 08:06:50.450246 2101000 2101000 0.293567014673 0.611263125576 -0.244537679349 2.23996850956 0.676851419293 0.0107922154844 -0.135220037179 -0.718145035082 -0.254092516669 -0.334868335435 0.237491252885 -0.806555803384 0.296182015172 1.21925990031 1.39919782864 0.237291609167
2018-01-12 08:06:55.458761 2101000 2101000 -0.467173164828 0.490194745893 -1.27258955286 2.23996850956 -0.380810810561 -0.329103120178 0.270533683966 -0.439444881644 -0.380798725084 -0.36722345049 -0.603381905894 -0.711395003946 -0.466492245062 0.168832343401 0.273212729161 -0.23098764322
2018-01-12 08:07:00.467369 2100000 2100000 -1.10660612652 0.365220934607 -2.22156051302 2.29407442728 -0.947183771721 -0.568522078567 0.627105135881 -1.11947325603 -0.458230296893 -0.377440855244 -0.985514068072 -0.626384689781 -1.10596527864 -0.436137880325 -0.368896899869 -0.521853780474
2018-01-12 08:07:05.481209 1800000 1800000 -1.09920433017 -1.11103221121 -1.97866913631 2.23996850956 -0.953895575272 -0.580244322582 -0.418018085249 0.446821606285 -0.528622634902 -0.529566659358 -0.793991982016 -0.0668391890838 -1.09838742542 -0.211603048704 -0.194610000561 -0.201291885751
2018-01-12 08:07:10.494643 1700000 1700000 -0.859057159997 2.62256040096 -2.08185089944 0.941426484246 -0.939513139092 -0.574822577472 -0.299160934611 1.70097229675 -0.700379939642 -0.62691582132 -1.03193537369 -0.812392332416 -0.857607250311 -0.514658528471 -0.417055122046 -0.676424005246
2018-01-12 08:07:15.507439 2101000 2101000 -0.824515443739 4.14567872601 -2.12591026545 0.167711860831 -0.832935599194 -0.501372024448 0.791046033313 -0.785033071906 -0.569450190946 -0.458612459678 -0.924409402521 -0.655567334942 -0.823384687351 -1.40291147795 -1.49717524802 -0.647489677456
2018-01-12 08:07:20.519630 2101000 2101000 -0.875505596311 4.45811325422 -2.16469757057 -0.0865859524587 -0.910379486317 -0.444501731701 1.88125300124 -0.957827167037 -0.651105303036 -0.26504940295 -1.00767590946 -0.857815754015 -0.87471853179 -1.54455284083 -1.57743895165 -0.948254400534
2018-01-12 08:07:25.836574 1700000 1700000 -1.17375686777 0.2090036705 -2.32643686715 1.75301525007 -0.99380499177 -0.592381073104 0.766454898698 -0.478462903126 -0.43429690197 -0.327489098669 -1.06951018296 -0.892327403945 -1.17304150204 -0.754213048236 -0.648673238232 -0.866781424915
2018-01-12 08:07:31.118387 2101000 2101000 -0.401379419574 0.310544892169 -1.08430166394 2.23996850956 0.00567106422544 -0.29262654757 -0.639338296782 -0.550924943019 -0.200594339782 -0.362114748113 -0.22489778345 -0.229246953458 -0.376046900099 0.605353912752 0.653892009229 0.25328163242
2018-01-12 08:07:36.127781 2101000 2101000 0.211324833105 1.28690279284 -0.779275283884 -0.016248259421 0.507212428452 -0.158326439333 -0.758195447421 -0.433870878576 -0.308998540315 -0.430798413403 0.0824495641731 -0.217827657526 0.298626483954 -0.392599796971 -0.628034000156 0.512929152849
2018-01-12 08:07:41.138044 2101000 2101000 -0.306800910771 0.708898915643 -1.14078803061 2.07765075639 -0.0975874519388 -0.32081299004 -0.614747162167 -0.428296875507 -0.313222080596 -0.421716275844 -0.401827710568 -0.556600103526 -0.285601555135 0.137271986035 0.174603036132 -0.0299702080486
2018-01-12 08:07:46.146832 2101000 2101000 -0.91744910891 0.966657401421 -2.00954835009 2.23996850956 -0.720088792243 -0.511485983216 -0.663929431397 -0.511906921538 -0.289288685673 -0.412634138285 -0.872424836306 -0.764685051631 -0.916274501098 -0.290313819484 -0.190023503211 -0.531752366297
2018-01-12 08:07:51.158472 1500000 1500000 -1.17445592631 -1.45471019224 -2.30203475674 2.45639218044 -0.958173428085 -0.581438101322 -0.368835816019 -1.36751639259 3.64986654928 1.94985689427 -1.05984287766 -0.864032926245 -1.17370150861 -0.578539733742 -0.478972836274 -0.726678364039
2018-01-12 08:07:56.175452 1500000 1500000 -1.17507274267 -1.50548080308 -2.30342808712 2.348180345 -0.958837232831 -0.581802867048 -0.409821040377 -1.66566981674 4.35378992936 2.33017140456 -1.06039008362 -0.864286688377 -1.1743370705 -0.56523114931 -0.462920095548 -0.726678364039
2018-01-12 08:08:01.191717 1500000 1500000 -1.17587871605 -1.3844124234 -2.31608103326 -0.584360395495 -0.970121913527 -0.585417363788 -0.381131383327 -1.6439869448 3.94551436891 2.10879430156 -1.06960138395 -0.878624248825 -1.1751437452 -1.77041853089 -1.82740305724 -1.02287450904
2018-01-12 08:08:06.208744 1500000 1500000 -1.17527012391 -1.34535810737 -2.31355797555 -0.606002762583 -0.970416937858 -0.58551684535 -0.389328428198 -1.6574202922 3.03041397481 1.56954238399 -1.06951018296 -0.87849736776 -1.174532628 -1.78886042646 -1.84345579796 -1.04343311037
2018-01-12 08:08:11.224174 1500000 1500000 -1.17558675631 -1.36488526538 -2.31483833319 -0.606002762583 -0.970343181775 -0.585483684829 -0.381131383327 -1.65474477072 3.43868953525 1.81930116686 -1.06969258494 -0.878751129891 -1.17485040894 -1.80806281257 -1.86638828471 -1.04419454005
2018-01-12 08:08:16.224410 1500000 1500000 -1.1760390883 -1.41565587622 -2.31619400599 -0.606002762583 -0.970416937858 -0.58551684535 -0.389328428198 -1.65831213269 4.18484831814 2.25070270092 -1.06960138395 -0.87849736776 -1.17529041332 -1.79855668083 -1.85492204134 -1.04419454005
2018-01-12 08:08:21.239871 1500000 1500000 -1.17592394925 -1.3922232866 -2.31611869084 -0.606002762583 -0.970343181775 -0.58550026509 -0.385229905763 -1.64677394633 4.00182823932 2.1428523174 -1.06951018296 -0.87849736776 -1.17519263457 -1.82251213281 -1.88244102544 -1.04876311812
2018-01-12 08:08:26.256133 1500000 1500000 -1.17603497619 -1.41175044462 -2.31623166357 -0.606002762583 -0.970416937858 -0.58551684535 -0.389328428198 -1.6574202922 4.18484831814 2.25070270092 -1.06969258494 -0.878624248825 -1.17529041332 -1.81376649161 -1.87326803074 -1.04419454005
2018-01-12 08:08:31.274033 1500000 1500000 -1.17059054378 -0.35728391189 -2.31611869084 -0.606002762583 -0.974399766339 -0.587423575282 -0.631141251911 -1.58936171473 0.559642910709 0.0482843428386 -1.07279341872 -0.890551069022 -1.16983924794 -1.82441335916 -1.87785452809 -1.07160600848
2018-01-12 08:08:36.289224 1700000 1700000 -1.15475892382 0.306639460567 -2.29612251703 -0.606002762583 -0.962672549146 -0.585218400665 -1.06968315254 -1.13619526524 -0.106268606851 -0.356438412138 -1.06330851541 -0.901970364954 -1.15397464554 -1.82802568922 -1.87556127941 -1.09368746916
2018-01-12 08:08:41.329153 1700000 1700000 -1.13962636241 -0.00579506764824 -2.26110096969 -0.606002762583 -0.940545724254 -0.573993564458 -0.159811171793 -0.617812979844 -0.104860760091 -0.242344059052 -1.0456155227 -0.889155377297 -1.13872116033 -1.78486785113 -1.83198955459 -1.06551457105
2018-01-12 08:08:46.344830 2100000 2100000 -1.11770882103 1.17364527636 -2.26373700014 -0.097407136003 -0.981480350305 -0.578669197856 1.4877948474 1.36095810956 -0.663916708554 -0.463721162055 -1.07790067435 -0.897783289779 -1.11647649441 -1.74836430526 -1.77695158639 -1.10206319563
2018-01-12 08:08:51.356133 2100000 2100000 -1.11894245375 1.19317243438 -2.26599645481 -0.097407136003 -0.981849130719 -0.578669197856 1.50418893714 1.36095810956 -0.663072000498 -0.457477192483 -1.07890388527 -0.898417695109 -1.11818762256 -1.75406798431 -1.78153808374 -1.10967749241
2018-01-12 08:08:56.367843 2100000 2100000 -1.09797069745 1.33767340368 -2.24603793858 0.930605300702 -0.977940058322 -0.573330354047 1.56976529612 1.3888281249 -0.672223004439 -0.459180093275 -1.07525584554 -0.894103738867 -1.09716519103 -0.883496439856 -0.806907396815 -0.859167128129
2018-01-12 08:09:01.379816 2100000 2100000 -1.07658773024 1.13849639194 -2.21478214902 0.936015892474 -0.973072156846 -0.56570343432 1.63534165509 1.41669814025 -0.673630851199 -0.443286352547 -1.07106059984 -0.889789782626 -1.07589831261 -0.719610728715 -0.630327248831 -0.78911559769
2018-01-12 08:09:06.394598 2100000 2100000 -1.06178413756 1.00180628584 -2.19105787501 0.936015892474 -0.974326010256 -0.563713803087 1.72141062624 1.41669814025 -0.692636782461 -0.459180093275 -1.07224621276 -0.89093171222 -1.06098705304 -0.71219594596 -0.61198125943 -0.820334214516
2018-01-12 08:09:11.731818 2100000 2100000 -1.11935366466 1.09944207591 -2.26411357592 0.936015892474 -0.973293425094 -0.576314800896 1.19270123202 0.892741851785 -0.594791432629 -0.422283909442 -1.07188140878 -0.898417695109 -1.11867651631 -0.686339267636 -0.589048772679 -0.792922746084
2018-01-12 08:09:16.750947 1800000 1800000 -1.06260655938 -1.49766993987 -1.32531016176 0.941426484246 -0.949027673796 -0.562884790073 1.00416919997 -0.0771346821763 -0.59760712615 -0.459747726873 -1.04433870879 -0.896387598054 -1.05707590299 -0.0477173375622 0.14249755468 -0.664241130387
2018-01-12 08:09:21.802011 1800000 1800000 -1.10701733742 -1.72926203391 -0.903545290572 0.941426484246 -0.943053431075 -0.560563553634 0.938592841002 -1.26439733582 -0.439928289011 -0.292295815627 -1.03932265415 -0.898290814043 -1.10449859737 -0.0110236690584 0.209001766258 -0.738099809219
2018-01-12 08:09:26.947036 1800000 1800000 -1.04122359217 -1.11884307441 -1.70941745515 0.167711860831 -0.958689720665 -0.557579106784 1.44680962304 -0.132874712864 -0.653920996557 -0.455774291691 -1.05902206872 -0.902985413482 -1.03972017463 -1.50842954023 -1.5269874808 -0.971097290894
2018-01-12 08:09:31.965750 1800000 1800000 -1.04327964671 -1.20866800128 -1.64163381514 0.167711860831 -0.964885231635 -0.558242317195 1.58615938586 -0.333538823338 -0.675461051987 -0.46031536047 -1.06586214322 -0.905345401308 -1.03898683399 -1.48352347508 -1.45819002055 -1.09977890659
2018-01-12 08:09:36.979806 1800000 1800000 -1.10701733742 -1.73082420655 -0.88471650168 0.167711860831 -0.954116843521 -0.568522078567 0.877115004465 -1.25436413029 -0.504689239979 -0.378008488841 -1.04771314554 -0.900447792163 -1.10547638489 -1.26146023771 -1.19905292026 -1.0708445788
2018-01-12 08:09:41.996321 2100000 2100000 -1.1455066784 2.3882345048 -2.30708087217 0.167711860831 -0.978161326571 -0.588119946213 -0.409821040377 0.123529428298 -0.5145441673 -0.519916888202 -1.07379662964 -0.902604770284 -1.14483233229 -1.68163126047 -1.69668788276 -1.10130176595
2018-01-12 08:09:47.010296 2100000 2100000 -1.13292362462 5.04392799463 -2.31114789057 0.167711860831 -0.991990592128 -0.592215270501 0.114789831405 1.87934039495 -0.729381582902 -0.638438783348 -1.08391993991 -0.906994855165 -1.1323655415 -1.69189788275 -1.70127438011 -1.12719037502
2018-01-12 08:09:52.022031 2100000 2100000 -1.12593303918 5.62974273503 -2.3095662723 0.919784117158 -0.991363665423 -0.592099208679 -0.0245599314119 2.06328249622 -0.731352568366 -0.642128401731 -1.08455834686 -0.906906038419 -1.12503213515 -0.900797599617 -0.820666888865 -0.882771448168
2018-01-12 08:09:57.035348 2100000 2100000 -1.12922272645 4.73149346641 -2.30805996919 0.92519470893 -0.985905715283 -0.590739627337 -0.487692966658 1.69539829368 -0.676024190691 -0.616414599767 -1.07954229223 -0.903467561532 -1.12869883832 -0.703450304762 -0.61198125943 -0.785308449297
2018-01-12 08:10:02.048006 2100000 2100000 -1.12840030463 5.35636252284 -2.3099051905 0.936015892474 -0.990161441271 -0.591651541652 -0.0204614089761 1.85704438268 -0.71741488544 -0.632592157294 -1.08191351805 -0.90388626905 -1.12772105081 -0.681776324403 -0.589048772679 -0.774648433795
2018-01-12 08:10:07.058564 2100000 2100000 -1.13045635917 5.20014525873 -2.31039473901 0.941426484246 -0.992101226253 -0.592265011282 0.106592786534 1.7455643213 -0.73332355383 -0.641390478055 -1.08200471905 -0.904863253257 -1.12967662584 -0.69451454093 -0.60280826473 -0.779978441546
2018-01-12 08:10:12.072366 2100000 2100000 -1.13251241371 4.65338483436 -2.3095662723 0.936015892474 -0.990751489934 -0.591601800871 0.2172528923 2.02983847781 -0.717133316088 -0.627426691558 -1.08109270911 -0.904749060298 -1.13187664774 -0.724744039853 -0.637206994857 -0.786831308654
2018-01-12 08:10:17.084368 1800000 1800000 -1.16820552051 -0.646285850489 -2.30508502055 0.936015892474 -0.985610690951 -0.588236008035 0.651696270496 -0.746015050425 -0.255500363429 -0.183310164918 -1.04333549786 -0.75072813438 -1.16744366853 -0.702119446319 -0.650966486907 -0.650535396171
2018-01-12 08:10:22.101361 1500000 1500000 -1.17718636674 -1.70934433274 -2.30960392988 0.936015892474 -0.987970885606 -0.591916825816 -1.10247133203 -0.879791124075 2.39688293273 0.820266035361 -1.01013833628 -0.602277287257 -1.17644664706 -0.655539400809 -0.637206994857 -0.509670905616
2018-01-12 08:10:27.117997 1500000 1500000 -1.17724804837 -1.69020771789 -2.31284248157 0.167711860831 -0.989814787681 -0.592281591542 -0.926234867288 -0.90208713635 1.90413656667 0.649975956128 -1.02509529919 -0.665717820216 -1.17651020325 -1.64360673353 -1.72650011553 -0.850029971985
2018-01-12 08:10:32.133946 1500000 1500000 -1.17743309328 -1.68825500209 -2.31608103326 -0.600592170811 -0.99128990934 -0.592596616488 -0.741801357677 -0.840773102594 1.72111648785 0.632946948205 -1.03859304621 -0.740577649107 -1.17669598287 -1.79513447341 -1.88014777676 -0.946731541177
2018-01-12 08:10:37.149984 1500000 1500000 -1.17710412456 -1.64334253865 -2.31472536046 -0.606002762583 -0.991363665423 -0.592696098049 -0.889348165366 -0.863069114869 1.14389931618 0.28101411779 -1.03850184521 -0.744384081085 -1.17636597959 -1.78676907748 -1.87097478206 -0.943685822462
2018-01-12 08:10:42.400092 1500000 1500000 -1.17737963586 -1.68083468204 -2.31577977264 -0.606002762583 -0.990751489934 -0.592546875707 -0.922136344853 -0.890939130212 1.81966576106 0.610241604307 -1.03275618263 -0.68982522274 -1.17663976009 -1.77289012515 -1.86868153339 -0.895715752705
2018-01-12 08:10:47.412600 1500000 1500000 -1.16705412997 -1.80932338177 -1.91653413297 -0.606002762583 -0.96252503698 -0.584522029733 -0.836067373701 -0.824051093388 0.575129225071 0.014226326992 -0.704615008524 0.147589812317 -1.16587920851 -1.24035662525 -1.40315205234 -0.308653470445
2018-01-12 08:10:52.428149 1900000 1900000 -0.335585674319 1.40797117252 -1.42321986399 -0.606002762583 -0.709762940627 -0.453289269647 0.541036164729 0.173695455917 -0.627171908113 -0.54035169771 -0.601557886027 0.14378338034 -0.322268586877 -0.769993226919 -0.900930592494 -0.0924074417002
2018-01-12 08:10:57.442438 1700000 1700000 -0.51240636469 2.42728882083 -1.7884983685 -0.606002762583 -0.836623403343 -0.547465148016 -0.737702835242 2.02983847781 -0.672645358467 -0.619252767754 -0.928057442255 -0.683481169444 -0.510492683153 -1.36792891316 -1.43525753379 -0.712972629823
2018-01-12 08:11:02.456965 1700000 1700000 -1.0745316757 2.54445176891 -2.25093342369 0.384135531717 -0.975948644082 -0.585118919103 0.286927773709 1.56162222003 -0.688835596209 -0.603926660623 -1.06923657998 -0.883572610396 -1.07369829071 -1.62174263053 -1.6278904225 -1.08988032077
2018-01-12 08:11:07.472970 2101000 2101000 -1.14213474895 3.83324419779 -2.31182572697 -0.097407136003 -0.990117187621 -0.58855103298 1.26647463587 0.156973446711 -0.691651289729 -0.544892766489 -1.07525584554 -0.898798338306 -1.14141007599 -1.73182363604 -1.76089884566 -1.08911889109
2018-01-12 08:11:12.487182 2101000 2101000 -1.14266932313 3.91135282985 -2.31239059064 -0.0919965442308 -0.99033845587 -0.588716835583 1.2705731583 0.151399443642 -0.693199921165 -0.546028033684 -1.07616785547 -0.89867145724 -1.14189896975 -1.72878167389 -1.75631234831 -1.0921646098
2018-01-12 08:11:17.499778 2100000 2100000 -0.917860319818 0.853399884943 -1.99674477365 2.23996850956 -0.963926402557 -0.579067124102 0.401686401912 1.3721061157 -0.725017257945 -0.62918635571 -1.05318520515 -0.851091057521 -0.916274501098 -0.639188854222 -0.531717555802 -0.794445605441
2018-01-12 08:11:22.513899 2100000 2100000 -0.986943752335 0.462856724674 -2.04569962477 2.29407442728 -0.973662205509 -0.581869188089 0.672188882675 0.547153661523 -0.727129028085 -0.623623546455 -1.0661357462 -0.869108168882 -0.985941861408 -0.483478416374 -0.359723905169 -0.741906957612
2018-01-12 08:11:27.528341 2100000 2100000 -1.13826936642 3.79418988177 -2.3092273541 0.941426484246 -0.979783960396 -0.587224612158 0.155775055763 0.731095762791 -0.582120811788 -0.529566659358 -1.07388783064 -0.87228019553 -1.13749892594 -0.760296972548 -0.687658465709 -0.761704129258
2018-01-12 08:11:32.540142 2100000 2100000 -1.09961554108 3.67702693369 -2.28407209214 0.92519470893 -0.956550794259 -0.580343804144 -0.262274232688 0.441247603217 -0.542701102503 -0.529566659358 -1.03540101144 -0.815437477998 -1.09887631917 -0.705541653744 -0.644086740882 -0.687084020748
2018-01-12 08:11:37.551305 2101000 2101000 -0.934308756131 3.83324419779 -2.18239663212 0.919784117158 -0.863175593214 -0.549288976646 -0.336047636533 0.207139474329 -0.528622634902 -0.524457956981 -0.887016995243 -0.594664423302 -0.933385782577 -0.550211461166 -0.524837809776 -0.46093940618
2018-01-12 08:11:42.563328 1700000 1700000 -1.12798909372 2.19296292466 -2.29085045614 0.92519470893 -0.944528552734 -0.578022567705 -0.557367848066 0.201565471261 -0.296327919474 -0.406957802311 -1.01570159687 -0.731695974493 -1.12747660393 -0.64394192009 -0.591342021354 -0.615509630952
2018-01-12 08:11:47.721979 1500000 1500000 -1.17711234877 -1.74527430348 -2.30248664768 2.45639218044 -0.987970885606 -0.591850504775 -1.01640236088 -1.01914120079 2.24201978911 0.78053168354 -1.00813191443 -0.609890151212 -1.17637575746 -0.631393826198 -0.60739476208 -0.511955194652
2018-01-12 08:11:52.738551 1700000 1700000 -0.635769637041 -0.0253222256617 -1.29894985731 -0.0865859524587 -0.312955214224 -0.403714291421 -0.889348165366 -0.729293041219 -0.211857113864 -0.392199328777 -0.712823097926 -0.0947530235857 -0.620493778379 -0.46484639817 -0.483559333624 -0.256114822616
2018-01-12 08:11:57.758204 1700000 1700000 -0.652218073355 2.93499492917 -1.94289443742 -0.589770987267 -0.809333652642 -0.543154280344 -0.963121569211 1.639658263 -0.620132674313 -0.597682691052 -0.892489054845 -0.554062482208 -0.644938466207 -1.42990889208 -1.54991996755 -0.580483865733
2018-01-12 08:12:02.773565 2100000 2100000 -1.10825097015 3.48175535355 -2.28783784992 -0.113638911319 -0.964368939055 -0.583494053596 -0.377032860891 1.00422191316 -0.566634497426 -0.548866201671 -1.05254679819 -0.84741150661 -1.10743195991 -1.6949398449 -1.72879336421 -1.04800168844
2018-01-12 08:12:07.785238 1700000 1700000 -1.00421461046 3.32553808944 -2.2151587248 -0.097407136003 -0.838098525002 -0.548128358427 -0.749998402549 0.246157495811 -0.359681023681 -0.456909558886 -0.893401064779 -0.636535175054 -1.00329758977 -1.53352572801 -1.63247691985 -0.721348356288
2018-01-12 08:12:12.799231 2101000 2101000 -0.639881746119 4.10662440998 -2.01331410787 0.941426484246 -0.706812697308 -0.325787068123 1.42221848843 -1.17744288795 -0.534254021942 -0.262211234963 -0.847800568099 -0.65937376692 -0.637605059859 -0.477584614697 -0.439987608797 -0.451802250036
2018-01-12 08:12:17.811352 2101000 2101000 -1.15081129911 0.501911040701 -2.29348648659 -0.0811753606866 -0.957878403753 -0.577475419116 0.262336639094 0.0176233699923 -0.120347074453 -0.169119324982 -1.02509529919 -0.851344819653 -1.14996571673 -1.63657219604 -1.73337986156 -0.799014183513
2018-01-12 08:12:22.821321 1700000 1700000 -1.17276996159 -0.111241720921 -2.32297236999 2.07765075639 -0.992337245718 -0.592364492844 0.114789831405 -0.28337279572 -0.377983031564 -0.386522992803 -1.07224621276 -0.903670571238 -1.17201482515 -0.889390241533 -0.811493894165 -0.867542854594
2018-01-12 08:12:27.824205 2100000 2100000 -1.17473966184 0.376937229415 -2.3285456915 2.23996850956 -0.995604640194 -0.592414233625 1.57386381855 -0.556498946088 -0.563818803906 -0.246885127832 -1.07653265945 -0.909481724057 -1.17399484487 -0.668657862606 -0.556943291228 -0.828709940982
2018-01-12 08:12:32.834206 2101000 2101000 -0.99352312686 0.443329566661 -2.05323114032 -0.0865859524587 -0.751066347092 -0.512812404039 -0.368835816019 -0.807329084181 -0.162582477258 -0.309324823551 -0.880632925708 -0.778641968882 -0.992786374 -1.67459672299 -1.76089884566 -0.859928557807
2018-01-12 08:12:37.843939 2101000 2101000 0.0139435973428 0.638601146795 -0.662536792753 0.936015892474 0.433456345477 -0.0820572420624 -0.151614126922 -0.863069114869 -0.225935581465 -0.31840696111 0.0277289681571 -0.434794280245 0.0150681051495 0.463902672509 0.472725363896 0.288307397639
2018-01-12 08:12:42.854785 2101000 2101000 0.334688105456 0.548776219933 -0.131564945996 2.23996850956 0.883368451621 0.0505848401473 -0.27047127756 -0.907661139419 -0.204817880063 -0.321812762694 0.401653040933 -0.833327708293 0.335293515696 1.26603006845 1.42901006142 0.325617451894
2018-01-12 08:12:47.867684 2101000 2101000 0.268894360202 1.00571171745 -0.557095574958 2.23996850956 0.315446612718 -0.0704510598691 0.11069130897 -0.556498946088 -0.362496717202 -0.376305588049 -0.0634720252029 -0.584513938028 0.271737327344 1.05632480234 1.22949742668 0.148204336762
2018-01-12 08:12:52.909037 1500000 1500000 -1.17668468943 -1.69801858109 -2.3024489901 2.23996850956 -0.987380836943 -0.591402837748 -0.68032352114 -0.19418874662 1.69295955264 0.644299620154 -1.00694630151 -0.611158961871 -1.17594553096 -0.541655942603 -0.5041985717 -0.495203741721
2018-01-12 08:12:57.927714 1700000 1700000 -0.933075123408 0.0723135644055 -1.89017382852 2.23996850956 -0.899316073871 -0.562884790073 -0.4467077423 0.970777894747 -0.59901497291 -0.571571545569 -0.755687564805 -0.0465382185369 -0.930941313795 -0.169395823792 -0.160211270434 -0.146468948886
2018-01-12 08:13:02.942093 1700000 1700000 -1.00956035227 2.89594061315 -2.2083803608 -0.584360395495 -0.952567965779 -0.579083704363 -0.282766844867 1.89048840109 -0.661241799709 -0.602791393429 -1.03895785018 -0.823177223019 -1.00843097421 -1.71946566478 -1.79300432711 -0.93302580696
2018-01-12 08:13:07.957571 1700000 1700000 -0.988588595966 2.73972334904 -2.18879842035 -0.097407136003 -0.840311207491 -0.548459963632 -0.733604312806 0.123529428298 -0.400508579726 -0.476776734796 -0.879720915775 -0.632728743077 -0.987408542677 -1.54531333137 -1.64164991455 -0.738099809219
2018-01-12 08:13:12.970502 2101000 2101000 -0.92896301433 3.71608124971 -2.17524169235 -0.0919965442308 -0.813759017621 -0.48230472513 0.905804661515 -1.21200170697 -0.441336135771 -0.303080853979 -0.939001561459 -0.697438086695 -0.928496845012 -1.55519970837 -1.65082290925 -0.747236965363
2018-01-12 08:13:17.979728 2101000 2101000 -0.961037465141 3.95040714587 -2.20160199679 -0.0919965442308 -0.885302418106 -0.461413597182 1.64353869996 -0.879791124075 -0.545516796024 -0.16741642419 -0.986426078006 -0.846523339148 -0.96003049231 -1.6046315934 -1.65770265528 -0.922365791459
2018-01-12 08:13:22.989535 1700000 1700000 -1.16948027432 0.583925104357 -2.32150372446 1.5906974969 -0.978456350903 -0.588866057926 -0.745899880113 -0.0046726422827 0.189379212785 -0.16968695858 -1.0579276568 -0.885856469583 -1.16873923699 -0.875511289197 -0.806907396815 -0.827187081624
2018-01-12 08:13:28.012413 1700000 1700000 -1.17506863056 0.318355755375 -2.32892226728 2.45639218044 -0.994070513668 -0.592580036227 0.709075584597 -0.623386982913 -0.339971169039 -0.247452761429 -1.07516464455 -0.90891075926 -1.1743370705 -0.653257929192 -0.545477047852 -0.805105620943
2018-01-12 08:13:33.026101 1700000 1700000 -1.0325881631 0.185571080883 -2.08561665722 -0.0865859524587 -0.774668293644 -0.523921178424 -0.495890011529 -0.640108992119 -0.0724802846069 -0.274131540509 -0.879720915775 -0.669524252193 -1.03189787452 -1.56033301951 -1.66687564998 -0.71449548918
2018-01-12 08:13:38.030354 2101000 2101000 -0.199886074733 1.39625487772 -1.27635531064 -0.0865859524587 -0.0828362353439 -0.319154964012 -0.655732386526 -0.523054927676 -0.3484182496 -0.443853986145 -0.366259323158 -0.413224499039 -0.197600678954 -0.94908874884 -1.11649596795 -0.0939303010575
2018-01-12 08:13:43.039802 2101000 2101000 0.532069341219 2.07579997658 -0.805635588333 -0.0865859524587 0.344949045908 -0.203093142079 -0.737702835242 -0.478462903126 -0.418810587608 -0.486426505953 -0.0269916278589 -0.264773651915 0.533295487103 -0.499638840327 -0.70141795776 0.32790174093
2018-01-12 08:13:48.048518 2101000 2101000 -0.294464583536 1.99769134453 -1.52489532401 1.53659157918 -0.298203997629 -0.388792057172 -0.709013178191 -0.506332918469 -0.417402740848 -0.484155971563 -0.538629200608 -0.5667505888 -0.290490492701 0.140884316095 0.227347755659 -0.19063187025
2018-01-12 08:13:53.061263 1500000 1500000 -1.17499872471 -1.49376450827 -2.30361637501 2.29407442728 -0.966212841129 -0.5813220395 0.2172528923 -1.66037451382 3.28382639164 2.38125842833 -1.06640934918 -0.874690935782 -1.17426373643 -0.569033602005 -0.458333598198 -0.757135551186
2018-01-12 08:13:58.078947 1500000 1500000 -1.17420919976 -1.45861562385 -2.29996358997 2.56460401589 -0.966065328963 -0.581239138199 0.221351414736 -1.65998433361 2.57990301155 1.84768284673 -1.0661357462 -0.874183411518 -1.17348150642 -0.537092999369 -0.426228116747 -0.735815520183
2018-01-12 08:14:03.093990 1500000 1500000 -1.17588282816 -1.3922232866 -2.31596806052 -0.578949803723 -0.97565361975 -0.585168659884 0.245942549351 -1.6390818221 2.988178572 2.19393934117 -1.07388783064 -0.885983350649 -1.1751437452 -1.78771969065 -1.84574904664 -1.03125023551
2018-01-12 08:14:08.110336 1500000 1500000 -1.17591161292 -1.3961287182 -2.3160057181 -0.606002762583 -0.975801131916 -0.585218400665 0.245942549351 -1.64604932593 3.0022570396 2.20529201312 -1.07379662964 -0.885983350649 -1.17516818988 -1.79475422814 -1.84574904664 -1.05942313362
2018-01-12 08:14:13.125824 1500000 1500000 -1.17596918245 -1.40393958141 -2.31608103326 -0.606002762583 -0.975874887999 -0.585234980925 0.245942549351 -1.64983964802 3.07264937761 2.26205537287 -1.07388783064 -0.885983350649 -1.17521707926 -1.81148502 -1.86638828471 -1.05790027426
2018-01-12 08:14:18.142843 1500000 1500000 -1.1759486219 -1.40003414981 -2.31608103326 -0.606002762583 -0.975874887999 -0.585284721706 0.237745504479 -1.64827892716 3.04449244241 2.22232102105 -1.07388783064 -0.885983350649 -1.17521707926 -1.80045790718 -1.85262879266 -1.05942313362
2018-01-12 08:14:23.158266 1500000 1500000 -1.17223538741 -1.18132998006 -2.30335277197 -0.606002762583 -0.97565361975 -0.585218400665 0.233646982044 -1.64354102455 0.82009456134 0.530772900665 -1.07388783064 -0.885983350649 -1.17150148671 -1.79475422814 -1.84574904664 -1.05942313362
2018-01-12 08:14:28.174172 1500000 1500000 -1.1759486219 -1.40003414981 -2.31615634841 -0.606002762583 -0.975874887999 -0.585284721706 0.237745504479 -1.64972816796 3.04449244241 2.22232102105 -1.07397903163 -0.886110231715 -1.17521707926 -1.83487010407 -1.89390726882 -1.0601845633
2018-01-12 08:14:33.190175 1500000 1500000 -1.17063166487 -0.857179157034 -2.3075327631 -0.606002762583 -0.976022400164 -0.586030833418 0.06150903974 -1.62336313345 0.469540718058 0.201545414148 -1.07416143362 -0.889282258363 -1.16988813731 -1.81433685952 -1.86638828471 -1.06932171944
2018-01-12 08:14:38.205882 2100000 2100000 -1.15377201764 0.544870788331 -2.2983819717 -0.606002762583 -0.963483866059 -0.582731361623 -0.262274232688 -0.99127118545 -0.148504009656 -0.285484212458 -1.06194050051 -0.896133835922 -1.15289907927 -1.81928004802 -1.86868153339 -1.0815045943
2018-01-12 08:14:43.217369 2100000 2100000 -1.13896842496 0.751858663273 -2.2814360617 -0.606002762583 -0.968794304033 -0.581670224966 0.34430708781 0.0956594129546 -0.448375369572 -0.409795970298 -1.06996618792 -0.899432743636 -1.13823226658 -1.86605021617 -1.91913300424 -1.10130176595
2018-01-12 08:14:48.230209 2100000 2100000 -1.12182093011 2.07579997658 -2.28369551636 0.919784117158 -0.987159568694 -0.584422548172 1.46730223522 1.1045539684 -0.700239154966 -0.530701926553 -1.08319033196 -0.903378744786 -1.1211209851 -0.972093587642 -0.900930592494 -0.901807190135
2018-01-12 08:14:53.254081 2100000 2100000 -1.10331643925 1.32205167727 -2.25130999947 0.936015892474 -0.97344093726 -0.579962458157 0.885312049336 0.552727664591 -0.635618988674 -0.517646353812 -1.07206381077 -0.898544576175 -1.10254302235 -0.800602971112 -0.726643693186 -0.793684175762
2018-01-12 08:14:58.273960 1800000 1800000 -1.10084917381 -1.75620951197 -0.496843450503 0.941426484246 -0.945266113564 -0.558076514593 1.098435216 -1.55926209815 -0.473716611255 -0.288322380445 -1.03613061939 -0.899559624702 -1.09985410669 0.201533436575 0.463552369195 -0.73200837179
2018-01-12 08:15:03.287111 1800000 1800000 -1.08974647929 -1.70192401269 -0.79057255722 0.941426484246 -0.938038017433 -0.558573922401 0.889410571772 -1.31010416098 -0.473716611255 -0.341679938605 -1.03266498164 -0.898163932977 -1.08885399716 0.0566599889072 0.289265469887 -0.733531231147
2018-01-12 08:15:08.298825 1800000 1800000 -1.05890566121 -1.36488526538 -1.54748987068 0.178533044376 -0.96400015864 -0.559071330209 1.5451741615 -1.18022988948 -0.655328843317 -0.432501314196 -1.06394692236 -0.908593556595 -1.05756479674 -1.48390372035 -1.47424276127 -1.04800168844
2018-01-12 08:15:13.311630 1800000 1800000 -1.06548503573 -1.3961287182 -1.54748987068 0.167711860831 -0.984725617955 -0.562884790073 2.0492924211 -1.29059515024 -0.732478845774 -0.444989253339 -1.08091030713 -0.91066171797 -1.06489820309 -1.55253799149 -1.52240098345 -1.16297756992
2018-01-12 08:15:18.324768 2100000 2100000 -1.13580210097 1.3689168565 -2.2882144257 0.167711860831 -0.97616991233 -0.586909587213 -0.196697873716 0.37993356946 -0.552556029824 -0.531269560151 -1.07133420282 -0.901589721757 -1.13529890404 -1.70558671245 -1.72650011553 -1.09825604723
2018-01-12 08:15:23.335660 2101000 2101000 -1.12757788282 6.37177473954 -2.31246590579 0.167711860831 -0.992447879843 -0.592331332323 0.196760280121 1.87934039495 -0.739518079575 -0.6445692262 -1.082643126 -0.905078951069 -1.1267432633 -1.72631007964 -1.74484610493 -1.12033750792
2018-01-12 08:15:28.346957 2100000 2100000 -1.12387698464 5.90312294722 -2.30945329957 0.908962933613 -0.989593519432 -0.591717862693 -0.290963889739 2.1023005177 -0.718259593496 -0.637644096312 -1.08236952302 -0.902858532416 -1.12283211324 -0.926844400576 -0.848185872966 -0.895715752705
2018-01-12 08:15:33.359384 2101000 2101000 -1.11688639921 5.55163410297 -2.30504736297 2.40228626272 -0.987454593026 -0.591038072022 -0.323752069225 1.66752827834 -0.709390158907 -0.632819210733 -1.07935989024 -0.8999402679 -1.11623204753 -0.71219594596 -0.60739476208 -0.83556280809
2018-01-12 08:15:38.372780 2100000 2100000 -1.12881151554 5.94217726324 -2.31190104212 0.941426484246 -0.991363665423 -0.592016307378 0.0656075621758 2.06328249622 -0.727973736141 -0.638325256628 -1.07963349322 -0.902604770284 -1.12820994457 -0.752692067159 -0.664725978958 -0.807389909979
2018-01-12 08:15:43.384190 1700000 1700000 -1.15989906017 0.392558955826 -2.30553691148 2.40228626272 -0.9858319592 -0.589197663131 0.360701177554 -0.0269686545577 -0.494834312658 -0.446124520534 -1.04497711574 -0.776104347564 -1.15913247467 -0.668657862606 -0.595928518705 -0.699266895606
2018-01-12 08:15:48.398764 1500000 1500000 -1.17706711557 -1.69450369265 -2.30941564199 0.936015892474 -0.987970885606 -0.591883665296 -1.04509201793 -0.701423025875 2.1434705159 0.723768323796 -1.00977353231 -0.599739665938 -1.17633175703 -0.668277617336 -0.637206994857 -0.560686694087
2018-01-12 08:15:53.415841 1500000 1500000 -1.17728916946 -1.68591174312 -2.31389689375 -0.097407136003 -0.989962299847 -0.592314752063 -0.897545210238 -0.606664973707 1.93229350187 0.678357636 -1.02591610813 -0.669524252193 -1.17655175922 -1.662618997 -1.75172585096 -0.842415675198
2018-01-12 08:15:58.432235 1500000 1500000 -1.17735496321 -1.67380490516 -2.31596806052 -0.606002762583 -0.990648231418 -0.592513715186 -0.913939299981 -0.534202933813 1.80558729346 0.610241604307 -1.03147936873 -0.691094033399 -1.17661775987 -1.77460122886 -1.87097478206 -0.894954323027
2018-01-12 08:16:03.448405 1500000 1500000 -1.17746599015 -1.69411314949 -2.31604337568 -0.606002762583 -0.990655607027 -0.592513715186 -0.897545210238 -0.595516967569 2.07307817789 0.746473667694 -1.03166177071 -0.691094033399 -1.17672776097 -1.78657895485 -1.88473427412 -0.897238612063
2018-01-12 08:16:08.510364 1500000 1500000 -1.17741664485 -1.68434957048 -2.31608103326 -0.611413354355 -0.990670358243 -0.592513715186 -0.893446687802 -0.222058761964 1.94637196948 0.684033971975 -1.03166177071 -0.692362844058 -1.17667887159 -1.78829005856 -1.88702752279 -0.896477182384
2018-01-12 08:16:13.493410 1500000 1500000 -1.13086757008 -1.64217090917 -1.69058866626 -0.606002762583 -0.942832162826 -0.577309616513 -0.520481146144 -0.489610909263 -0.254092516669 -0.379711389633 -0.603381905894 0.46733009843 -1.12992107271 -1.12932500657 -1.30912885666 -0.176164706355
2018-01-12 08:16:18.508678 1700000 1700000 -0.421939964965 1.99769134453 -1.64539957292 -0.606002762583 -0.795319996877 -0.500045603626 0.44267162627 0.630763707554 -0.660397091653 -0.574409713556 -0.790343942282 -0.198795497638 -0.420047338189 -1.11886826166 -1.23115840171 -0.393172164778
2018-01-12 08:16:23.522626 1700000 1700000 -0.7805158766 2.31012587274 -1.99561504631 -0.606002762583 -0.914804851296 -0.567693065553 -0.434412174992 1.96295044098 -0.688131672829 -0.622204462461 -1.00831431641 -0.804652587395 -0.779384249261 -1.59797730119 -1.64394316323 -0.941401533426
2018-01-12 08:16:28.538152 2101000 2101000 -1.1428338075 3.32553808944 -2.31009347839 -0.113638911319 -0.990699860676 -0.589098181569 1.25008054612 0.101233416023 -0.69728267677 -0.554542537646 -1.08163991507 -0.900194030032 -1.14214341663 -1.76053215389 -1.79071107844 -1.10510891434
2018-01-12 08:16:33.558309 2101000 2101000 -1.14456089331 4.06757009395 -2.31416049679 -0.097407136003 -0.991142397174 -0.589346885474 1.2705731583 0.023197373061 -0.698972092882 -0.554542537646 -1.08623644514 -0.900447792163 -1.14385454478 -1.74779393736 -1.77236508903 -1.11500750016
2018-01-12 08:16:38.549444 2100000 2100000 -1.04369085762 1.20488872918 -2.17976060168 2.18586259184 -0.97838259482 -0.583974881144 0.737765241647 1.03766593157 -0.719104301552 -0.61357643178 -1.07151660481 -0.877355438166 -1.04265353717 -0.759536482009 -0.660139481608 -0.850029971985
2018-01-12 08:16:43.561633 1700000 1700000 -1.01490609407 1.36501142489 -2.1556597519 2.348180345 -0.973514693343 -0.582018410431 0.635302180752 1.21603402977 -0.716429392708 -0.614711698975 -1.06531493726 -0.870376979541 -1.01454214617 -0.569984215178 -0.460626846873 -0.753328402792
2018-01-12 08:16:48.575385 1600000 1600000 -0.996812814123 0.462856724674 -2.0603860801 0.941426484246 -0.971080742605 -0.582946905007 0.295124818581 0.837001821097 -0.717274100764 -0.625667027406 -1.06412932435 -0.865047974772 -0.995719736539 -0.642040693743 -0.531717555802 -0.805867050621
2018-01-12 08:16:53.592112 2100000 2100000 -1.14443753004 3.59891830163 -2.31242824821 -0.119049503091 -0.982660447632 -0.588501292199 0.11069130897 0.803557802685 -0.583528658548 -0.534107728138 -1.06987498693 -0.881415632276 -1.1436100979 -1.72459897592 -1.76548534301 -1.04495596973
2018-01-12 08:16:58.606658 2100000 2100000 -1.11853124284 3.36459240547 -2.29386306237 -0.384168499926 -0.966360353295 -0.583046386569 -0.102431857692 0.474691621629 -0.544108949263 -0.520484521799 -1.03804584025 -0.839164237325 -1.1176987288 -1.77212963461 -1.83428280326 -1.00688448579
2018-01-12 08:17:03.621207 2101000 2101000 -0.95939262151 3.71608124971 -2.19482363279 0.914373525386 -0.897840952212 -0.559237132812 -0.196697873716 0.195991468192 -0.572265884467 -0.544325132892 -0.917113323052 -0.632728743077 -0.958074917284 -0.731588454703 -0.70600445511 -0.585813873483
2018-01-12 08:17:08.630677 1700000 1700000 -1.10167159562 2.23201724069 -2.26825590947 0.930605300702 -0.931473726048 -0.573827761855 -0.532776713451 0.106807419092 -0.385022265364 -0.454071390898 -0.996458187275 -0.708857382628 -1.1008318942 -0.689951597696 -0.641793492207 -0.632261083883
2018-01-12 08:17:13.791719 1500000 1500000 -1.17720692728 -1.75191353721 -2.30323979923 2.23996850956 -0.987897129523 -0.591900245556 -1.09837280959 -1.00799319466 2.46727527074 0.848647715233 -1.0084967184 -0.607352529893 -1.17646864728 -0.645272778533 -0.59822176738 -0.597996748342
2018-01-12 08:17:18.845070 1700000 1700000 -0.660442291511 0.193381944089 -1.45334592622 -0.0865859524587 -0.369009837285 -0.423610603753 -0.971318614082 -0.667979007463 -0.230159121746 -0.408093069506 -0.727415256864 -0.097290644904 -0.649827403773 -0.638428363683 -0.683071968359 -0.288856298799
2018-01-12 08:17:23.887246 1700000 1700000 -0.672778618747 3.01310356123 -1.96737186298 -0.589770987267 -0.835885842513 -0.549123174043 -0.864757030751 1.84589637654 -0.638434682195 -0.604494294221 -0.911641263451 -0.592126801983 -0.662049747687 -1.46032851364 -1.57743895165 -0.61094105288
2018-01-12 08:17:28.903268 2101000 2101000 -1.1164751883 3.75513556574 -2.2949927897 -0.108228319547 -0.961123671404 -0.582648460322 -0.430313652556 0.435673600148 -0.5145441673 -0.521619788994 -1.04506831674 -0.83840295093 -1.11500981314 -1.72726069281 -1.77236508903 -1.03277309487
2018-01-12 08:17:33.915801 2100000 2100000 -1.02313031222 3.09121219328 -2.22381996769 -0.0919965442308 -0.856537545746 -0.552605028701 -0.684422043576 0.33534154491 -0.363904563962 -0.454071390898 -0.912553273384 -0.65810495626 -1.02211999939 -1.61128588562 -1.71503387216 -0.758658410543
2018-01-12 08:17:38.925696 2101000 2101000 -0.660442291511 3.71608124971 -2.00728889543 2.23996850956 -0.731889765519 -0.335735224289 1.47140075766 -1.05815922227 -0.545516796024 -0.259940700573 -0.871512826372 -0.683481169444 -0.659605278904 -0.434997144517 -0.371190148544 -0.509670905616
2018-01-12 08:17:43.934777 1700000 1700000 -1.17318117249 0.869021611354 -2.32760425206 0.77369813931 -0.989519763349 -0.59153547983 -0.122924469871 0.179269458986 -0.10204506657 -0.234964822285 -1.06795976607 -0.898163932977 -1.17245482954 -0.938061636025 -0.873411608393 -0.856882839093
2018-01-12 08:17:48.948605 1700000 1700000 -1.16269529434 0.216814533705 -2.30783402372 2.72692176905 -0.965917816797 -0.585317882226 -0.786885104471 0.0677893976109 0.141512422939 -0.200339172841 -1.03804584025 -0.863906045179 -1.16196805846 -0.671889947396 -0.582169026654 -0.757896980865
2018-01-12 08:17:54.130592 2100000 2100000 -1.17124848123 -0.505690312792 -2.31581743021 -0.0865859524587 -0.995398123162 -0.592397653364 1.48369632496 -0.601090970638 -0.656736690077 -0.451800856509 -1.07671506143 -0.909608605123 -1.17049925451 -1.7983665582 -1.82052331121 -1.15764756217
2018-01-12 08:17:59.140361 2101000 2101000 -0.985298908703 0.47066758788 -2.04419332166 -0.0919965442308 -0.731889765519 -0.506180299928 -0.356540248712 -0.818477090319 -0.161174630498 -0.307054289161 -0.854184637634 -0.763416240972 -0.979097348816 -1.61965128155 -1.71044737481 -0.807389909979
2018-01-12 08:18:04.152400 2101000 2101000 0.092073669832 0.626884851987 -0.542032543844 0.92519470893 0.558841686534 -0.0571868516481 -0.245880142945 -0.801755081113 -0.217488500904 -0.326921465071 0.137170160189 -0.518535783751 0.100624512548 0.526072774067 0.534643078123 0.331708889323
2018-01-12 08:18:09.160946 2101000 2101000 0.0468404699698 0.95103567501 -0.798104072777 2.23996850956 -0.00908015236945 -0.178222751664 0.2172528923 -0.439444881644 -0.407547813527 -0.395605130362 -0.301506617872 -0.584513938028 0.0517351368915 0.559534357781 0.683704242005 -0.0292087783699
2018-01-12 08:18:14.171218 1500000 1500000 -1.17580058598 -1.59061921202 -2.30331511439 2.29407442728 -0.986495763947 -0.591435998268 -0.98361418139 -1.05258521921 1.05942851057 0.212898086097 -1.00813191443 -0.617503015167 -1.17507041113 -0.562189187154 -0.527131058451 -0.50129517915
2018-01-12 08:18:19.189001 1700000 1700000 -0.961448676049 -0.119052584126 -1.90147110185 2.23996850956 -0.90300387802 -0.564874421306 -0.528678191016 0.809131805753 -0.582120811788 -0.564192308802 -0.75933560454 -0.0478070291961 -0.960519386067 -0.246965858764 -0.249647968763 -0.160174683102
2018-01-12 08:18:24.203369 1700000 1700000 -0.973373792376 2.85688629712 -2.18051375324 -0.589770987267 -0.944823577066 -0.576314800896 -0.27047127756 1.97409844712 -0.66546533999 -0.605061927818 -1.02974654985 -0.8094740679 -0.972252836224 -1.68923616586 -1.76548534301 -0.903330049492
2018-01-12 08:18:29.263792 1700000 1700000 -0.98982222869 2.54445176891 -2.18314978368 -0.097407136003 -0.848424376619 -0.550615397468 -0.725407267934 0.207139474329 -0.417402740848 -0.485291238758 -0.893401064779 -0.647954470987 -0.988630777069 -1.56774780227 -1.65999590395 -0.767034137009
2018-01-12 08:18:34.278119 2101000 2101000 -0.993934337768 3.67702693369 -2.21591187635 -0.0919965442308 -0.857275106576 -0.511320180614 0.860720914721 -1.11947325603 -0.43148120845 -0.304216121174 -0.971833919068 -0.727889542515 -0.992053033365 -1.56812804754 -1.65082290925 -0.799014183513
2018-01-12 08:18:39.286336 2101000 2101000 -0.899355828965 4.30189599011 -2.17335881346 -0.0865859524587 -0.867600958192 -0.436709009371 1.6599327897 -0.968975173175 -0.569450190946 -0.208853676803 -0.97730597867 -0.851344819653 -0.896718750835 -1.58809092418 -1.64164991455 -0.909421486921
2018-01-12 08:18:44.296316 1700000 1700000 -1.16795879396 0.720615210451 -2.3200727365 1.5906974969 -0.977128741409 -0.588053625172 -0.52457966858 0.207139474329 0.103500560414 -0.179336729736 -1.05665084289 -0.879385535221 -1.16719922165 -0.93787151339 -0.875704857068 -0.848507112627
2018-01-12 08:18:49.565414 2100000 2100000 -1.1748136798 0.52924906192 -2.32903524002 2.348180345 -0.996312698591 -0.592629777008 1.84026777688 -0.277798792651 -0.648430394192 -0.28718711325 -1.0771710664 -0.909913119681 -1.17406817893 -0.704210795301 -0.60739476208 -0.803582761585
2018-01-12 08:18:54.576411 2101000 2101000 -1.09385858837 0.283206870951 -2.1963299359 -0.0865859524587 -0.867600958192 -0.553434041715 -0.508185578837 -0.690275019738 -0.0950058327696 -0.288890014043 -0.929881462123 -0.712663814605 -1.08983178468 -1.57117000969 -1.66687564998 -0.757896980865
2018-01-12 08:18:59.587348 2101000 2101000 -0.639881746119 0.888548769367 -1.6491653307 0.881909974753 -0.445716163578 -0.41863652567 -0.479495921786 -0.595516967569 -0.311814233836 -0.408660703103 -0.677254710516 -0.59720204462 -0.632716122293 -0.414083654696 -0.412468624696 -0.288856298799
2018-01-12 08:19:04.597062 1700000 1700000 1.50252708372 2.34918018877 -0.0826100948766 2.23996850956 0.485085603559 -0.161642491388 -0.737702835242 -0.450592887782 -0.527214788141 -0.543189865697 0.0824495641731 -0.194989065661 1.51108300022 1.27648681337 1.40378432599 0.451253348876
2018-01-12 08:19:09.611199 1700000 1700000 -0.862758058168 2.19296292466 -2.05812662544 2.29407442728 -0.804908287664 -0.536853781439 -0.668027953833 -0.612238976775 -0.500465699698 -0.526160857774 -0.939001561459 -0.800338631154 -0.862496187876 -0.437658861403 -0.345964413118 -0.604088185772
2018-01-12 08:19:14.627445 1500000 1500000 -1.17532358132 -1.37269612859 -2.31288013915 -0.102817727775 -0.969310596614 -0.584886795459 -0.307357979482 -1.44666723617 3.25566945643 1.76821414309 -1.06923657998 -0.878243605628 -1.17458151738 -1.72098664586 -1.77924483506 -0.984803025111
2018-01-12 08:19:19.642749 1500000 1500000 -1.17596918245 -1.45471019224 -2.31400986648 -0.102817727775 -0.970121913527 -0.585317882226 -0.352441726276 -1.65507921091 4.10037751253 2.23935002897 -1.06960138395 -0.878370486694 -1.17521707926 -1.74266062622 -1.78841782976 -1.04114882133
2018-01-12 08:19:24.660067 1500000 1500000 -1.17550451412 -1.34535810737 -2.31506427866 -0.616823946128 -0.971965815601 -0.585715808473 -0.282766844867 -1.41823982052 3.07264937761 1.68874543945 -1.07124300183 -0.881161870144 -1.17475263019 -1.82897630239 -1.88932077147 -1.05180883683
2018-01-12 08:19:29.677818 1500000 1500000 -1.17615833947 -1.44299389744 -2.31604337568 -0.616823946128 -0.972408352099 -0.586047413679 -0.34834320384 -1.65284960968 4.05814210973 2.2109683491 -1.07133420282 -0.881034989078 -1.1754175257 -1.8126257558 -1.87097478206 -1.04724025876
2018-01-12 08:19:34.696661 1500000 1500000 -1.17620357267 -1.45080476064 -2.31604337568 -0.611413354355 -0.972408352099 -0.586047413679 -0.34834320384 -1.65574809127 4.14261291534 2.26205537287 -1.07133420282 -0.881034989078 -1.17546397061 -1.80958379365 -1.86638828471 -1.05028597748
2018-01-12 08:19:39.712472 1500000 1500000 -1.17616245158 -1.43908846583 -2.31611869084 -0.611413354355 -0.972408352099 -0.586063993939 -0.34834320384 -1.6545218106 4.05814210973 2.2109683491 -1.07142540382 -0.881161870144 -1.17541997017 -1.83962316994 -1.90308026352 -1.04876311812
2018-01-12 08:19:44.728388 1500000 1500000 -1.17620357267 -1.44689932904 -2.31611869084 -0.611413354355 -0.972408352099 -0.586063993939 -0.34834320384 -1.6566956718 4.14261291534 2.26773170884 -1.07151660481 -0.88128875121 -1.17546397061 -1.84703795269 -1.91225325822 -1.04800168844
2018-01-12 08:19:49.745942 1500000 1500000 -1.17309893031 -1.22819515929 -2.30564988421 -0.606002762583 -0.972260839933 -0.585997672898 -0.340146158969 -1.6537971902 1.3550763302 0.598888932358 -1.07124300183 -0.880908108012 -1.1723326061 -1.82042078383 -1.88014777676 -1.04800168844
2018-01-12 08:19:54.764838 1500000 1500000 -1.17621179689 -1.45080476064 -2.31611869084 -0.611413354355 -0.972408352099 -0.586063993939 -0.34834320384 -1.65641697164 4.15669138294 2.26773170884 -1.07142540382 -0.881161870144 -1.17547130401 -1.83810218886 -1.90078701484 -1.05028597748
2018-01-12 08:19:59.780554 1500000 1500000 -1.17557853209 -1.32583094936 -2.31611869084 -0.611413354355 -0.972555864265 -0.586213216281 -0.385229905763 -1.64242622394 3.08672784521 1.60360039983 -1.0716990068 -0.882176918671 -1.17482596425 -1.85559347125 -1.92142625292 -1.05180883683
2018-01-12 08:20:04.796332 1700000 1700000 -1.16577937615 0.552681651536 -2.31596806052 -0.611413354355 -0.976096156247 -0.589214243391 -1.37502307401 -1.49962026532 -0.00771933363912 -0.339409404215 -1.07425263461 -0.908669685235 -1.16502364444 -1.85464285808 -1.90308026352 -1.10891606274
2018-01-12 08:20:09.812940 1500000 1500000 -1.17108399686 -0.454919701957 -2.31608103326 -0.611413354355 -0.97690747316 -0.588368650117 -0.717210223063 -1.40987881591 0.490658419461 -0.00847901690569 -1.07324942368 -0.89588007379 -1.17032814169 -1.8394330473 -1.89161402014 -1.08607317237
2018-01-12 08:20:14.828662 2100000 2100000 -0.861935636352 3.36459240547 -2.119885053 -0.0919965442308 -0.861700471554 -0.553434041715 -0.627042729475 -0.400426860163 -0.584936505308 -0.570436278374 -0.978217988603 -0.840306166918 -0.860051719093 -1.62364385688 -1.67604864468 -0.937594385033
2018-01-12 08:20:19.840950 2100000 2100000 -1.16631395033 0.455045861469 -2.31596806052 -0.600592170811 -0.978751375235 -0.584886795459 0.610711046138 -0.562072949157 -0.0752959781272 -0.0311843608034 -1.07552944852 -0.891312355417 -1.16556142757 -1.85369224491 -1.90996000954 -1.08226602398
2018-01-12 08:20:24.853712 1800000 1800000 -1.16125605617 0.560492514741 -2.30949095715 0.914373525386 -0.982291667217 -0.58433964687 1.02876033459 -0.339112826407 -0.376575184803 -0.193527569672 -1.07817427733 -0.8999402679 -1.16050137719 -0.965439295427 -0.905517089844 -0.859928557807
2018-01-12 08:20:29.872223 2101000 2101000 -1.14571228385 2.50539745288 -2.30790933888 0.941426484246 -0.974768546754 -0.587075389816 -0.430313652556 -0.450592887782 -0.463861683934 -0.492102841927 -1.0729758207 -0.903086918334 -1.14483233229 -0.741284709074 -0.662432730283 -0.769318426045
2018-01-12 08:20:34.884236 2101000 2101000 -1.14887860784 2.9740492452 -2.31284248157 0.156890677287 -0.983766788877 -0.588733415843 0.200858802557 0.435673600148 -0.570858037707 -0.519349254604 -1.08063670415 -0.90839054689 -1.14801014171 -1.6713646382 -1.71732712083 -0.991655892219
2018-01-12 08:20:39.896098 2101000 2101000 -1.13917403042 2.73972334904 -2.30425655383 2.07765075639 -0.97963644823 -0.587058809555 0.180366190378 0.480265624698 -0.575081577987 -0.522755056189 -1.0771710664 -0.906817221672 -1.13847671345 -0.895093920575 -0.81837364019 -0.867542854594
2018-01-12 08:20:44.908831 2101000 2101000 -1.13757030788 2.77877766507 -2.30320214166 2.348180345 -0.9788988874 -0.586810105651 0.163972100635 0.491413630835 -0.575081577987 -0.523890323384 -1.07653265945 -0.906322385515 -1.13676558531 -0.639949344761 -0.534010804477 -0.789877027369
2018-01-12 08:20:49.910300 1700000 1700000 -1.13621331188 2.31012587274 -2.29875854748 2.348180345 -0.978972643483 -0.586859846432 0.163972100635 0.502561636973 -0.582120811788 -0.529566659358 -1.07662386044 -0.906246256876 -1.13554335092 -0.59412978979 -0.476679587599 -0.796729894477
2018-01-12 08:20:54.924792 2101000 2101000 -1.13086757008 1.04086060187 -2.27654057658 2.29407442728 -0.955739477347 -0.57891790176 -0.0614466333341 -0.277798792651 -0.377983031564 -0.406957802311 -1.05774525481 -0.89093171222 -1.13016551959 -0.683107182846 -0.589048772679 -0.779978441546
2018-01-12 08:20:59.936299 2100000 2100000 -1.15138699438 0.833872726929 -2.2990598081 -0.0865859524587 -0.969384352697 -0.580310643623 0.582021389087 0.0956594129546 -0.304775000035 -0.245749860637 -1.06914537898 -0.893342452472 -1.15069905737 -1.71813480634 -1.76089884566 -1.03429595422
2018-01-12 08:21:04.949225 1700000 1700000 -1.14419080349 2.23201724069 -2.30478375992 1.91533300323 -0.982144155051 -0.582466077459 1.24188350125 0.842575824166 -0.577897271507 -0.388793527193 -1.07935989024 -0.897529527647 -1.14336565102 -0.888819873629 -0.80920064549 -0.872872862345
2018-01-12 08:21:09.965194 1700000 1700000 -1.13806376097 1.14240182354 -2.28708469836 0.930605300702 -0.966065328963 -0.57954795165 0.47136128332 0.246157495811 -0.424441974649 -0.372332152867 -1.06640934918 -0.893976857802 -1.13725447906 -0.788244999854 -0.71059095246 -0.797491324156
2018-01-12 08:21:14.978572 2100000 2100000 -1.12922272645 1.99378591293 -2.28896757725 -0.097407136003 -0.979931472562 -0.585052598062 0.692681494854 -0.344686829476 -0.620132674313 -0.521052155397 -1.07726226739 -0.901843483888 -1.12820994457 -1.75083589952 -1.78383133241 -1.08911889109
2018-01-12 08:21:19.990736 1500000 1500000 -1.1731400514 -1.18132998006 -2.30779636615 -0.108228319547 -0.987454593026 -0.59151889957 -0.774589537164 -0.924383148625 0.06830439141 -0.236667723078 -1.02865213793 -0.692362844058 -1.17238149547 -1.68486334526 -1.76777859168 -0.878202870096
2018-01-12 08:21:25.006122 1700000 1700000 -1.08686800294 -1.17351911685 -1.88640807074 0.941426484246 -0.947921332551 -0.581719965747 -1.18034325831 -0.467314896988 -0.534254021942 -0.563057041608 -0.820440270091 -0.115053994133 -1.08592063462 -0.483858661644 -0.49043907965 -0.309414900123
2018-01-12 08:21:30.022290 1700000 1700000 -0.931430279777 2.77877766507 -2.14624535745 -0.57353921195 -0.937669237018 -0.574159367061 -0.303259457046 1.86261838575 -0.672363789115 -0.610170630195 -1.02454809323 -0.799704225825 -0.930941313795 -1.63638207341 -1.74025960758 -0.775409863474
2018-01-12 08:21:35.036375 2100000 2100000 -1.01449488316 3.44270103752 -2.22457311924 -0.097407136003 -0.883827296446 -0.559568738017 -0.60245159486 0.46911761856 -0.462453837174 -0.501752613084 -0.949945680662 -0.738040027789 -1.01331991178 -1.630868517 -1.70586087746 -0.867542854594
2018-01-12 08:21:40.047489 2101000 2101000 -0.916626687094 4.06757009395 -2.17787772279 -0.0919965442308 -0.84326145081 -0.479154475678 1.18860270959 -1.190263095 -0.510320627019 -0.310460090745 -0.962713819732 -0.765953862291 -0.916274501098 -1.56983915125 -1.6462364119 -0.821095644195
2018-01-12 08:21:45.057052 2101000 2101000 -1.04656933397 3.4036467215 -2.2456613628 0.92519470893 -0.919230216274 -0.505848694723 1.6025534756 -0.612238976775 -0.507504933499 -0.117464667615 -1.00758470847 -0.847665268742 -1.04583134659 -0.688430616618 -0.625740751481 -0.679469723961
2018-01-12 08:21:50.070451 2100000 2100000 -1.17503573369 0.412086113839 -2.32907289759 2.07765075639 -0.995951293784 -0.592785631455 1.57796234099 -0.422722872438 -0.591975739109 -0.299107418797 -1.07735346839 -0.910141505599 -1.17428818112 -0.8487039977 -0.767922169338 -0.849268542306
2018-01-12 08:21:55.081014 2101000 2101000 -0.933486334316 -0.09561999451 -1.85251625073 2.23996850956 -0.655183439226 -0.478159660061 -0.295062412175 -0.623386982913 -0.133017695294 -0.281510777276 -0.786695902548 -0.58197631671 -0.933385782577 -0.329288959604 -0.277166952865 -0.398502172529
2018-01-12 08:22:00.090634 2101000 2101000 -0.718011818609 0.931508516997 -1.75084079072 0.941426484246 -0.534223463148 -0.434221970329 -0.249978665381 -0.244354774239 -0.317445620876 -0.388793527193 -0.719207167461 -0.783717211519 -0.715828060908 -0.421308314816 -0.364310402519 -0.477690859111
2018-01-12 08:22:05.103465 2101000 2101000 -1.14612349476 1.45874178336 -2.30003890512 2.51049809816 -0.97565361975 -0.582316855116 0.758257853826 -0.445018884713 -0.472308764495 -0.36722345049 -1.07379662964 -0.893596214604 -1.14532122605 -0.784252424525 -0.703711206435 -0.804344191264
2018-01-12 08:22:10.116935 2101000 2101000 -1.13497967916 2.46634313685 -2.29879620506 2.348180345 -0.978161326571 -0.584621511295 0.602514001266 -0.23878077117 -0.579305118268 -0.49153520833 -1.07562064951 -0.901335959625 -1.13407666965 -0.690712088235 -0.60280826473 -0.764749847973
2018-01-12 08:22:15.129447 1700000 1700000 -1.14217587004 2.15390860864 -2.30248664768 2.45639218044 -0.977423765741 -0.58672720435 0.00822824807452 0.112381422161 -0.528622634902 -0.502320246681 -1.07516464455 -0.901335959625 -1.14141007599 -0.691852824043 -0.595928518705 -0.792161316405
2018-01-12 08:22:20.143471 1700000 1700000 -0.619321200728 -0.0995254261127 -1.2311662173 2.23996850956 -0.619780519398 -0.458429150333 -0.139318559614 0.0399193822672 -0.469493070974 -0.474506200406 -0.774839773411 -0.820132077437 -0.620493778379 0.0551390078293 0.204415268908 -0.457893687466
2018-01-12 08:22:25.156392 2100000 2100000 -1.04698054488 1.46264721496 -2.19520020857 0.0162152912118 -0.922180459593 -0.569682696786 -0.405722517942 0.0845114068172 -0.51735986082 -0.521619788994 -1.03074976078 -0.874056530452 -1.04632024034 -1.65311286526 -1.70815412613 -0.949015830213
2018-01-12 08:22:30.169523 1800000 1800000 -0.569975891787 0.0605972695974 -1.23493197507 -0.0865859524587 -0.562250774678 -0.44267790307 -0.22128900833 -0.0994306944513 -0.451191063092 -0.469397498029 -0.735623346266 -0.853755559906 -0.571604402723 -1.17324333519 -1.19446642291 -0.732769801468
2018-01-12 08:22:35.183022 1700000 1700000 -0.528854801003 0.154327628062 -1.20857167062 0.936015892474 -0.459729819343 -0.408688369504 -0.258175710253 -0.121726706726 -0.399100732966 -0.439880550962 -0.654454462176 -0.808966543637 -0.527603964632 -0.04923831864 0.0553541050259 -0.380989289919
2018-01-12 08:22:40.196312 1800000 1800000 -1.07494288661 -0.654096713694 -2.03854468499 0.135248310199 -0.941283285084 -0.568687881169 0.409883446783 0.457969612423 -0.532846175182 -0.470532765224 -1.04324429687 -0.891692998615 -1.07394273759 -1.57497246239 -1.59807818973 -1.00155447804
2018-01-12 08:22:45.210381 2101000 2101000 -1.14620573694 3.67702693369 -2.31382157859 -0.0919965442308 -0.99068510946 -0.591087812803 0.541036164729 0.563875670729 -0.687990888153 -0.593141622272 -1.08495963123 -0.907680012921 -1.14532122605 -1.77916417209 -1.80676381916 -1.12642894534
2018-01-12 08:22:50.223679 2101000 2101000 -1.12963393735 6.29366610748 -2.31314374219 0.162301269059 -0.979857716479 -0.589612169638 -0.979515658954 0.770113784272 -0.617316980792 -0.597115057454 -1.07279341872 -0.894230619933 -1.12869883832 -1.73790756035 -1.76548534301 -1.09825604723
2018-01-12 08:22:55.235156 2101000 2101000 -1.11565276649 5.04392799463 -2.30218538706 2.40228626272 -0.960902403155 -0.584621511295 -1.02459940575 -0.227632765032 -0.5145441673 -0.548866201671 -1.05774525481 -0.88750592344 -1.11476536626 -0.90612103339 -0.836719629591 -0.850791401663
2018-01-12 08:23:00.245488 2100000 2100000 -1.13456846825 2.89594061315 -2.30188412643 2.61870993361 -0.966950401959 -0.585616326911 -0.782786582035 -0.350260832545 -0.461045990413 -0.51140238424 -1.05865726475 -0.880908108012 -1.13383222277 -0.701168833145 -0.618861005456 -0.753328402792
2018-01-12 08:23:05.256455 2101000 2101000 -1.1111294465 5.23919957476 -2.3007543991 2.72692176905 -0.99241837741 -0.591800763994 0.639400703188 1.71769430596 -0.750358499628 -0.646272126993 -1.08173111607 -0.892708047142 -1.11036532245 -0.702119446319 -0.61198125943 -0.779978441546
2018-01-12 08:23:10.266395 2100000 2100000 -1.126755461 5.23919957476 -2.30851186012 0.919784117158 -0.993008426073 -0.592066048159 0.668090360239 1.81245235813 -0.745431035968 -0.641049897896 -1.08391993991 -0.897402646581 -1.12576547578 -0.818284376142 -0.740403185236 -0.818811355159
2018-01-12 08:23:15.277661 2101000 2101000 -1.12223214101 3.9894614619 -2.30026485059 2.56460401589 -0.979120155649 -0.588269168556 -0.336047636533 1.39997613104 -0.634211141914 -0.587465286298 -1.07370542865 -0.895626311658 -1.12136543197 -0.729116860451 -0.630327248831 -0.827187081624
2018-01-12 08:23:20.287132 1700000 1700000 -1.1548822871 1.32595710887 -2.30836122981 0.936015892474 -0.954559380019 -0.581073335596 -0.549170803195 -1.03028920693 0.059857310849 -0.207718409608 -1.05117878329 -0.898163932977 -1.15414575835 -0.801363461651 -0.726643693186 -0.796729894477
2018-01-12 08:23:25.300966 2100000 2100000 -1.14941318202 1.26737563483 -2.30169583854 2.67281585133 -0.955665721264 -0.582117891993 -0.713111700627 -0.467314896988 -0.117531380932 -0.326353831474 -1.05154358726 -0.880273702682 -1.14874348234 -0.711625578056 -0.621154254131 -0.787592738333
2018-01-12 08:23:30.311767 2100000 2100000 -1.1321012028 6.13744884338 -2.31389689375 -0.0757647689144 -0.992315118894 -0.592331332323 0.127085398713 2.04656048701 -0.733745907858 -0.641390478055 -1.08512379302 -0.905078951069 -1.13138775398 -1.75520872011 -1.78383133241 -1.1066317737
2018-01-12 08:23:35.322633 2101000 2101000 -1.13872169842 3.5598639856 -2.30851186012 0.876499382981 -0.963336353893 -0.584389387651 -0.721308745498 -0.378130847888 -0.386430112125 -0.468262230835 -1.06184929951 -0.895499430593 -1.1379878197 -0.915246919857 -0.857358867667 -0.818811355159
2018-01-12 08:23:40.337994 2101000 2101000 -1.13662452279 3.83324419779 -2.30836122981 0.92519470893 -0.968130499286 -0.585566586131 -0.639338296782 0.11795542523 -0.459638143653 -0.502320246681 -1.06458532932 -0.893596214604 -1.13578779779 -0.765240161051 -0.692244963059 -0.76627270733
2018-01-12 08:23:45.352652 2101000 2101000 -1.1321012028 1.63839163708 -2.28746127414 2.40228626272 -0.972113327767 -0.582913744486 0.385292312168 -0.177466737414 -0.531438328422 -0.472803299614 -1.06996618792 -0.893849976736 -1.13114330711 -0.778358622848 -0.685365217034 -0.841654245519
2018-01-12 08:23:50.367332 1800000 1800000 -1.09838190836 -1.69645640845 -0.978860446141 2.23996850956 -0.949175185962 -0.567693065553 0.750060808955 -1.32292436804 -0.504689239979 -0.400713832739 -1.04525071872 -0.896641360186 -1.09765408478 -0.037830960556 0.186069279507 -0.769318426045
2018-01-12 08:23:55.705933 1800000 1800000 -1.08686800294 -1.67497653464 -0.926139837243 2.23996850956 -0.940250699922 -0.564045408292 0.684484449982 -1.38981240486 -0.494834312658 -0.401849099934 -1.03768103627 -0.897148884449 -1.08592063462 -0.00208790522582 0.227347755659 -0.763226988615
2018-01-12 08:24:00.715426 1800000 1800000 -1.09673706473 -1.7136403075 -0.824464377226 0.173122452604 -0.949691478543 -0.563879605689 0.97957806536 -1.51188307207 -0.521583401101 -0.376305588049 -1.03521860945 -0.900828435361 -1.09325404097 -0.950419607283 -0.866531862367 -0.929218658567
2018-01-12 08:24:05.731934 1800000 1800000 -1.11565276649 -1.70192401269 -1.24246349063 0.167711860831 -0.963188841727 -0.571672328019 1.03285885703 -1.34131857817 -0.539885408983 -0.385387725608 -1.05510042601 -0.901716602823 -1.11280979124 -1.28104286909 -1.21969215833 -1.08074316462
2018-01-12 08:24:10.746603 2101000 2101000 -1.1321012028 5.74690568311 -2.31276716641 0.167711860831 -0.988929714685 -0.591386257488 -0.19259935128 1.60064024151 -0.699816800938 -0.624418233491 -1.08054550315 -0.902351008152 -1.13138775398 -1.71072002359 -1.72879336421 -1.11120035177
2018-01-12 08:24:15.758979 2101000 2101000 -1.13415725734 6.09839452735 -2.31472536046 0.156890677287 -0.992388874977 -0.592049467899 0.430376058962 1.80687835506 -0.732056491746 -0.634351821446 -1.07863028229 -0.904279600354 -1.13334332901 -1.75330749377 -1.77695158639 -1.12186036727
2018-01-12 08:24:20.770711 2101000 2101000 -1.1432450184 2.23201724069 -2.30418123868 2.07765075639 -0.98509439837 -0.587970723871 0.64759774806 0.508135640041 -0.621540521073 -0.526728491371 -1.06996618792 -0.88065434588 -1.14238786351 -0.928935749558 -0.864238613692 -0.850791401663
2018-01-12 08:24:25.789457 1500000 1500000 -1.17683683747 -1.71988899807 -2.30158286581 2.348180345 -0.98782337344 -0.591817344255 -1.02459940575 -1.10275124682 1.79150882586 0.559154580537 -1.00703750251 -0.599739665938 -1.17609953249 -0.567322498292 -0.538597301827 -0.483782296541
2018-01-12 08:24:30.804703 1800000 1800000 -0.862758058168 -0.290891574644 -1.63410229959 2.23996850956 -0.90152875636 -0.566864052539 -0.786885104471 1.52260419855 -0.644066069235 -0.605629561416 -0.801288061485 -0.150580692589 -0.862496187876 -0.0211001686993 0.0484743590006 -0.245454807114
2018-01-12 08:24:35.818370 2100000 2100000 -1.1164751883 2.70066903301 -2.28670812259 -0.57353921195 -0.955739477347 -0.581869188089 -0.647535341654 0.636337710622 -0.472308764495 -0.509699483448 -1.04269709091 -0.842590026105 -1.11574315377 -1.74931491844 -1.85262879266 -0.854598550057
2018-01-12 08:24:40.829163 2101000 2101000 -0.921561217988 2.50539745288 -2.12515711389 0.151480085515 -0.783519023601 -0.499216590612 0.348405610246 -0.528628930744 -0.397692886206 -0.368926351282 -0.879720915775 -0.635266364395 -0.921163438663 -1.45918777783 -1.55221321622 -0.690129739462
2018-01-12 08:24:45.840211 2101000 2101000 -0.952402036076 3.9894614619 -2.19745966324 0.930605300702 -0.877926809808 -0.464563846635 1.56976529612 -0.818477090319 -0.538477562223 -0.198636272049 -0.974569948869 -0.83155137337 -0.951230404692 -0.620176590748 -0.552356793878 -0.649773966492
2018-01-12 08:24:51.092882 2100000 2100000 -1.1745875138 0.572208809549 -2.32877163697 2.13175667411 -0.995722649927 -0.592679517789 1.50828745958 -0.339112826407 -0.586344352068 -0.318974594707 -1.0771710664 -0.910052688853 -1.17384817674 -0.861252091592 -0.770215418013 -0.891908604312
2018-01-12 08:24:56.104923 2101000 2101000 -1.01737335951 -0.0643765416885 -2.02122219921 2.23996850956 -0.774668293644 -0.517289074313 -0.245880142945 -0.612238976775 -0.159766783737 -0.290025281237 -0.852360617767 -0.639072796373 -1.01160878363 -0.289743451579 -0.219835735987 -0.430482219033
2018-01-12 08:25:01.105658 1700000 1700000 -1.07083077753 0.275396007745 -2.15829578234 1.26606199057 -0.863175593214 -0.547630950619 -0.233584575638 -0.662405004394 -0.213264960624 -0.321812762694 -1.00557828661 -0.803003133539 -1.06807601251 -0.69774662572 -0.632620497506 -0.693936887856
2018-01-12 08:25:06.142597 1700000 1700000 -0.471285273906 0.0605972695974 -1.04664408615 2.23996850956 -0.390399101347 -0.397082187311 -0.418018085249 -0.171892734345 -0.383614418604 -0.444989253339 -0.601557886027 -0.786254832837 -0.471381182628 0.292602178613 0.445206379794 -0.306369181409
2018-01-12 08:25:11.154366 1700000 1700000 -0.746796582157 0.103557017227 -1.57008441735 -0.0865859524587 -0.596178572846 -0.46307162321 -0.39752547307 -0.244354774239 -0.35264178988 -0.424554443831 -0.765719674075 -0.864667331575 -0.745161686302 -1.31488469807 -1.34582083546 -0.797491324156
2018-01-12 08:25:16.167786 1700000 1700000 -0.343809892476 0.126989606843 -0.869653470567 -0.0865859524587 -0.156592318318 -0.32081299004 -0.422116607685 -0.32796482027 -0.313222080596 -0.404119634323 -0.408211780104 -0.797420366638 -0.344268805922 -0.795469659974 -0.871118359718 -0.293424876871
2018-01-12 08:25:21.180396 2100000 2100000 -1.12182093011 3.28648377342 -2.29536936548 -0.0919965442308 -0.969089328365 -0.584687832336 -0.27047127756 -0.227632765032 -0.552556029824 -0.535242995333 -1.06905417799 -0.906969478952 -1.1211209851 -1.74817418263 -1.77465833771 -1.10891606274
2018-01-12 08:25:26.193663 2101000 2101000 -1.14386183477 4.14567872601 -2.31400986648 -0.0865859524587 -0.983029228047 -0.589313724953 -0.19259935128 -0.389278854026 -0.591975739109 -0.556245438438 -1.07926868925 -0.909278714351 -1.14312120414 -1.75977166335 -1.78612458109 -1.1172917892
2018-01-12 08:25:31.203323 1800000 1800000 -1.08645679203 -0.361189343493 -2.12176793189 0.876499382981 -0.946593723058 -0.571672328019 0.360701177554 0.106807419092 -0.527214788141 -0.471100398822 -1.04789554753 -0.892200522879 -1.08592063462 -0.773985802249 -0.683071968359 -0.831755659696
2018-01-12 08:25:36.218043 2100000 2100000 -1.12469940646 4.06757009395 -2.30222304463 2.51049809816 -0.989446007266 -0.590474343172 0.5492332096 1.4612901648 -0.716288608032 -0.617549866962 -1.08227832203 -0.905180455922 -1.12380990076 -0.705731776379 -0.605101513405 -0.817288495801
2018-01-12 08:25:41.231917 2101000 2101000 -1.1164751883 8.2073275928 -2.31265419368 0.173122452604 -0.95433811177 -0.584207004788 -1.4840437708 -0.294520801857 -0.461045990413 -0.540919331307 -1.05327640614 -0.878878010957 -1.11574315377 -1.70178425975 -1.74255285626 -1.02972737615
2018-01-12 08:25:46.243611 2101000 2101000 -1.15052345147 2.07579997658 -2.30941564199 0.919784117158 -0.979562692147 -0.588667094802 -0.454904787171 -0.294520801857 -0.489202925617 -0.507996582656 -1.07106059984 -0.891819879681 -1.14972126986 -0.905170420216 -0.839012878266 -0.839369956483
2018-01-12 08:25:51.256253 2101000 2101000 -1.13292362462 2.9740492452 -2.30090502941 2.29407442728 -0.970490693941 -0.585433944048 -0.352441726276 -0.183040740482 -0.510320627019 -0.514808185825 -1.06832457004 -0.903949709583 -1.13187664774 -0.637667873144 -0.527131058451 -0.803582761585
2018-01-12 08:25:56.267780 2101000 2101000 -1.11236307923 5.35636252284 -2.3021100719 2.40228626272 -0.993391957705 -0.591369677227 1.19270123202 1.39997613104 -0.756553025373 -0.640084920781 -1.08218712103 -0.900447792163 -1.11183200372 -0.673030683205 -0.577582529304 -0.77769415251
2018-01-12 08:26:01.279483 2101000 2101000 -1.11277429013 5.20014525873 -2.30139457792 2.40228626272 -0.993119060198 -0.591154133844 1.19679975446 1.31079208194 -0.754441255233 -0.637189989434 -1.07516464455 -0.898290814043 -1.11183200372 -0.69090221087 -0.59363527003 -0.795968464798
2018-01-12 08:26:06.291564 2100000 2100000 -1.14044878423 2.50539745288 -2.30376700532 2.23996850956 -0.967466694539 -0.585914771596 -0.836067373701 -0.261076783445 -0.418810587608 -0.492670475525 -1.06440292733 -0.894230619933 -1.13969894785 -0.644512287995 -0.550063545202 -0.75485126215
2018-01-12 08:26:11.304127 1700000 1700000 -1.15574583 0.64641201 -2.30259962041 2.45639218044 -0.953748063106 -0.581438101322 -0.688520566012 -1.08602923762 0.107724100695 -0.203177340829 -1.05619483793 -0.900067148966 -1.15500132243 -0.689381229792 -0.59822176738 -0.774648433795
2018-01-12 08:26:16.318696 1700000 1700000 -1.15422434964 1.49389066778 -2.30892609348 0.936015892474 -0.958394696334 -0.582913744486 -0.717210223063 -0.506332918469 -0.0386919623628 -0.28491657886 -1.05373241111 -0.882430680803 -1.15343686241 -0.809918980214 -0.735816687886 -0.800537042871
2018-01-12 08:26:21.334119 2101000 2101000 -1.13456846825 5.74690568311 -2.31393455132 -0.0865859524587 -0.989372251183 -0.591369677227 -0.0368554987193 1.49473418321 -0.70009837029 -0.620955668547 -1.08154871408 -0.903163046974 -1.13358777589 -1.74532234311 -1.78841782976 -1.05180883683
2018-01-12 08:26:26.343433 2100000 2100000 -1.14834403366 3.95040714587 -2.31611869084 -0.0865859524587 -0.97764503399 -0.588484711939 -0.663929431397 -0.166318731276 -0.480755845056 -0.515375819422 -1.07087819786 -0.898544576175 -1.14752124795 -1.76908767245 -1.80217732181 -1.10130176595
2018-01-12 08:26:31.356040 2101000 2101000 -1.13539089006 3.20837514136 -2.30440718415 2.02354483867 -0.961713720067 -0.5837427575 -0.672126476269 -0.366982841751 -0.397692886206 -0.471668032419 -1.05947807369 -0.892454285011 -1.13481001028 -0.856499025724 -0.781681661388 -0.834801378411
2018-01-12 08:26:36.366380 2100000 2100000 -1.15299071692 2.23201724069 -2.31235293306 0.930605300702 -0.978308838737 -0.584787313898 0.590218433959 -0.0827086852451 -0.437112595491 -0.364385282502 -1.07197260978 -0.894991906329 -1.15216573864 -0.825509036262 -0.744989682587 -0.832517089375
2018-01-12 08:26:37.660768 1700000 1700000 -1.13415725734 2.23201724069 -2.29612251703 2.40228626272 -0.970859474356 -0.583477473336 0.176267667942 1.26062605432 -0.506097086739 -0.472803299614 -1.05719804885 -0.855405013763 -1.13334332901 -0.68329730548 -0.595928518705 -0.757896980865
7998433148 -1.92049055129 -0.777081622258
2018-01-12 08:22:15.128506 0xFFFFFFFFFFFFFFFFFFFFFFFFFFFFFFFFFFFFFFFF 0xFFFFFFFFFFFFFFFFFFFFFFFFFFFFFFFFFFFFFFFF -0.873777247176 0.716183214883 -1.10383033109 4.60911723557 -0.900650488701 -0.600176747592 -0.40809041374 -0.127791463267 -0.530796684168 -0.561662415337 -0.948364700354 -0.828720061812 -0.874461910758 -1.80126074639 -1.91178870035 -0.80511881597
2018-01-12 08:22:20.142708 0xFFFFFFFFFFFFFFFFFFFFFFFFFFFFFFFFFFFFFFFF 0xFFFFFFFFFFFFFFFFFFFFFFFFFFFFFFFFFFFFFFFF -0.344598726538 -0.617214062744 -0.218507205488 0.118559174435 -0.493966407668 -0.441299606251 -0.523932357841 -0.191086918311 -0.477683896865 -0.536590048144 -0.634816234057 -0.741549994574 -0.347202180078 -0.873079298938 -0.899473374453 -0.46322081488
2018-01-12 08:22:25.155592 0xFFFFFFFFFFFFFFFFFFFFFFFFFFFFFFFFFFFFFFFF 0xFFFFFFFFFFFFFFFFFFFFFFFFFFFFFFFFFFFFFFFF -0.777430548373 0.307151467673 -1.01517042794 -46.0219249038 -0.837832097962 -0.5790697818 -0.73309142358 -0.152135869053 -0.520679962777 -0.579059568084 -0.901994186207 -0.799436367349 -0.778214123224 -2.99568309261 -3.31858793549 -0.965553868872
2018-01-12 08:22:30.168894 0xFFFFFFFFFFFFFFFFFFFFFFFFFFFFFFFFFFFFFFFF 0xFFFFFFFFFFFFFFFFFFFFFFFFFFFFFFFFFFFFFFFF -0.29465659325 -0.522466595876 -0.221619171201 -48.1549399828 -0.428548056831 -0.421794141754 -0.588288993453 -0.312808947241 -0.461244224605 -0.531984919476 -0.593873069614 -0.77764385054 -0.297717456411 -2.39941687388 -2.66884973204 -0.744371562929
2018-01-12 08:22:35.182193 0xFFFFFFFFFFFFFFFFFFFFFFFFFFFFFFFFFFFFFFFF 0xFFFFFFFFFFFFFFFFFFFFFFFFFFFFFFFFFFFFFFFF -0.253038148842 -0.467004664051 -0.199835411212 -26.9370531439 -0.311969200853 -0.379703402577 -0.617249479478 -0.332284471869 -0.414454388172 -0.505377509393 -0.509130240885 -0.729564110329 -0.25318120511 -1.00277428867 -1.08801347813 -0.384560910302
2018-01-12 08:22:40.196205 0xFFFFFFFFFFFFFFFFFFFFFFFFFFFFFFFFFFFFFFFF 0xFFFFFFFFFFFFFFFFFFFFFFFFFFFFFFFFFFFFFFFF -0.80573109057 -0.945363826042 -0.88571265429 -43.5521179701 -0.859554345227 -0.577837857726 -0.092742899242 0.17407916848 -0.534590454689 -0.533008281402 -0.915038868832 -0.818368616327 -0.806172992096 -2.89858902926 -3.17935832046 -1.01929182349
2018-01-12 08:22:45.210086 0xFFFFFFFFFFFFFFFFFFFFFFFFFFFFFFFFFFFFFFFF 0xFFFFFFFFFFFFFFFFFFFFFFFFFFFFFFFFFFFFFFFF -0.877855854728 1.61743960704 -1.11319734789 -48.2672039343 -0.915730257266 -0.605576681447 0.0102277177369 0.266587910466 -0.67394829185 -0.643531369438 -0.958590969799 -0.835530223315 -0.878420688651 -3.15230928239 -3.44331446561 -1.14701681706
2018-01-12 08:22:50.223446 0xFFFFFFFFFFFFFFFFFFFFFFFFFFFFFFFFFFFFFFFF 0xFFFFFFFFFFFFFFFFFFFFFFFFFFFFFFFFFFFFFFFF -0.861083621632 3.16575187049 -1.11263719406 -42.9907982125 -0.90341818816 -0.603749327405 -1.18358787286 0.446736513283 -0.610465865122 -0.64711313618 -0.945889067156 -0.821092680928 -0.861595882604 -3.10104550685 -3.39110335998 -1.11820081241
2018-01-12 08:22:55.234958 0x000000000000000000000000000000FFFFFFFFFF 0x000000000000000000000000000000FFFFFFFFFF -0.846933350533 2.42625944615 -1.10358137384 3.48647772029 -0.881863680256 -0.59756917497 -1.21898402245 -0.424793213856 -0.518150782429 -0.603620254314 -0.930178318009 -0.813873909735 -0.847492736359 -2.06750164516 -2.21635348322 -0.865087258074
2018-01-12 08:23:00.245369 0x00000000000000000000FFFFFFFFFFFFFFFFFFFF 0x00000000000000000000FFFFFFFFFFFFFFFFFFFF -0.866077834961 1.15525684183 -1.10333241658 7.97703578143 -0.888740994062 -0.598801099043 -1.02913194739 -0.531908599315 -0.470096355822 -0.569849310747 -0.931130484624 -0.806791341772 -0.866791778589 -1.81283643764 -1.94079487015 -0.765399458212
2018-01-12 08:23:05.256255 0xFFFFFFFFFFFFFFFFFFFFFFFFFFFFFFFFFFFFFFFF 0xFFFFFFFFFFFFFFFFFFFFFFFFFFFFFFFFFFFFFFFF -0.842355321649 2.54180513746 -1.10239882687 10.222314812 -0.917701194759 -0.606459560367 0.0874556804711 1.27444631001 -0.729969636552 -0.691424707587 -0.955220299982 -0.819458242168 -0.843039111229 -1.81401763062 -1.93209301921 -0.792657840987
2018-01-12 08:23:10.266481 0xFFFFFFFFFFFFFFFFFFFFFFFFFFFFFFFFFFFFFFFF 0xFFFFFFFFFFFFFFFFFFFFFFFFFFFFFFFFFFFFFFFF -0.858170330523 2.54180513746 -1.10880947623 -27.2738449985 -0.918372152204 -0.606788073453 0.109980502935 1.35721728968 -0.725543570944 -0.686717242726 -0.957505499858 -0.82449776168 -0.858626799184 -1.95835941336 -2.09452757007 -0.832377198744
2018-01-12 08:23:15.277612 0xFFFFFFFFFFFFFFFFFFFFFFFFFFFFFFFFFFFFFFFF 0xFFFFFFFFFFFFFFFFFFFFFFFFFFFFFFFFFFFFFFFF -0.853592301639 1.80231271312 -1.10199427132 6.85439626614 -0.902579491354 -0.602086229906 -0.67838828331 0.996920084047 -0.625640947208 -0.638414559807 -0.946841233771 -0.822590916459 -0.854173174054 -1.84756351139 -1.95529795505 -0.840944119045
2018-01-12 08:23:20.287098 0xFFFFFFFFFFFFFFFFFFFFFFFFFFFFFFFFFFFFFFFF 0xFFFFFFFFFFFFFFFFFFFFFFFFFFFFFFFFFFFFFFFF -0.886637346498 0.226269483761 -1.1086849976 -26.9370531439 -0.874650887728 -0.593175312441 -0.8457155359 -1.12591210049 -0.00219799148994 -0.296099995473 -0.923322718382 -0.82531498106 -0.887352681273 -1.93733417823 -2.07712386819 -0.809791681588
2018-01-12 08:23:25.301029 0x00000000000000000000FFFFFFFFFFFFFFFFFFFF 0x00000000000000000000FFFFFFFFFFFFFFFFFFFF -0.881102093392 0.191605776371 -1.10317681829 9.09967529671 -0.875908932936 -0.594468832718 -0.974428807124 -0.634155103616 -0.161536353398 -0.403041316767 -0.923703585028 -0.806110325622 -0.881884619308 -1.82582956047 -1.94369548713 -0.800445950351
2018-01-12 08:23:30.311724 0xFFFFFFFFFFFFFFFFFFFFFFFFFFFFFFFFFFFFFFFF 0xFFFFFFFFFFFFFFFFFFFFFFFFFFFFFFFFFFFFFFFF -0.863580728296 3.07331531745 -1.1132595872 -47.9304120798 -0.917583777206 -0.607116586539 -0.314773292103 1.56171029828 -0.715047472501 -0.687024251304 -0.95876235979 -0.832738057098 -0.864317542406 -3.12254321917 -3.41430829581 -1.12676773271
2018-01-12 08:23:35.322742 0xFFFFFFFFFFFFFFFFFFFFFFFFFFFFFFFFFFFFFFFF 0xFFFFFFFFFFFFFFFFFFFFFFFFFFFFFFFFFFFFFFFF -0.870281297846 1.54811219226 -1.10880947623 -28.1719566107 -0.884631379715 -0.597281726019 -0.980864470685 -0.556253005101 -0.403073076607 -0.530961557549 -0.934463067776 -0.822454713229 -0.870997980101 -2.07884109781 -2.24245903603 -0.832377198744
2018-01-12 08:23:40.337541 0xFFFFFFFFFFFFFFFFFFFFFFFFFFFFFFFFFFFFFFFF 0xFFFFFFFFFFFFFFFFFFFFFFFFFFFFFFFFFFFFFFFF -0.868158757181 1.70987616008 -1.1086849976 -27.161581047 -0.890082908951 -0.59873950284 -0.916507835073 -0.12292258211 -0.468831765648 -0.561662415337 -0.937319567621 -0.820411664778 -0.868771167536 -1.89244884481 -2.0336146135 -0.778639244131
2018-01-12 08:23:45.352228 0xFFFFFFFFFFFFFFFFFFFFFFFFFFFFFFFFFFFFFFFF 0xFFFFFFFFFFFFFFFFFFFFFFFFFFFFFFFFFFFFFFFF -0.863580728296 0.411142589845 -1.0914135879 3.48647772029 -0.894611871701 -0.595454371977 -0.112049889926 -0.380973283441 -0.533325864516 -0.535055005255 -0.942937350649 -0.820684071238 -0.864070118787 -1.908749308 -2.02491276256 -0.855741526837
2018-01-12 08:23:50.367212 0xFFFFFFFFFFFFFFFFFFFFFFFFFFFFFFFFFFFFFFFF 0xFFFFFFFFFFFFFFFFFFFFFFFFFFFFFFFFFFFFFFFF -0.829453603882 -1.56214672621 -0.0100055027375 0.118559174435 -0.868528401047 -0.576605933653 0.174337138547 -1.38152836125 -0.509298651212 -0.470071522937 -0.917133635385 -0.823680542299 -0.830173083075 -0.988599972851 -0.922678310291 -0.781754487877
2018-01-12 08:23:55.705813 0xFFFFFFFFFFFFFFFFFFFFFFFFFFFFFFFFFFFFFFFF 0xFFFFFFFFFFFFFFFFFFFFFFFFFFFFFFFFFFFFFFFF -0.817800439448 -1.54943670017 0.0335620172403 0.118559174435 -0.858380169699 -0.572088878717 0.122851830058 -1.43995493513 -0.500446519995 -0.471094884863 -0.909230652481 -0.82422535522 -0.818296749395 -0.944187116622 -0.870467204657 -0.775524000385
2018-01-12 08:24:00.714667 0xFFFFFFFFFFFFFFFFFFFFFFFFFFFFFFFFFFFFFFFF 0xFFFFFFFFFFFFFFFFFFFFFFFFFFFFFFFFFFFFFFFF -0.827788866106 -1.57231474705 0.117585091483 -42.7662703094 -0.869115488811 -0.571883558038 0.35453571826 -1.54658343248 -0.524473733298 -0.448069241523 -0.90665980262 -0.828175248891 -0.825719457945 -2.12254523825 -2.25406150395 -0.945304784525
2018-01-12 08:24:05.731832 0xFFFFFFFFFFFFFFFFFFFFFFFFFFFFFFFFFFFFFFFF 0xFFFFFFFFFFFFFFFFFFFFFFFFFFFFFFFFFFFFFFFF -0.846933350533 -1.56538200557 -0.227843102626 -42.878534261 -0.884463640353 -0.581533629947 0.396367531408 -1.39759566907 -0.540913405559 -0.456256136933 -0.927417034826 -0.829128671502 -0.845513347412 -2.53336415836 -2.70075651882 -1.10028816087
2018-01-12 08:24:10.746487 0xFFFFFFFFFFFFFFFFFFFFFFFFFFFFFFFFFFFFFFFF 0xFFFFFFFFFFFFFFFFFFFFFFFFFFFFFFFFFFFFFFFF -0.863580728296 2.84222393484 -1.11232599749 -42.878534261 -0.913734158869 -0.605946258669 -0.565764170989 1.17219980571 -0.68457084931 -0.671724990506 -0.953982483383 -0.829809687652 -0.864317542406 -3.06726338748 -3.3446934883 -1.13144059833
2018-01-12 08:24:15.758882 0xFFFFFFFFFFFFFFFFFFFFFFFFFFFFFFFFFFFFFFFF 0xFFFFFFFFFFFFFFFFFFFFFFFFFFFFFFFFFFFFFFFF -0.865661650517 3.05020617919 -1.11394421966 -43.103062164 -0.917667646887 -0.606767541385 -0.076653740339 1.35234840852 -0.713529964292 -0.680679407361 -0.951982933491 -0.831879976749 -0.866296931353 -3.1201808332 -3.40560644487 -1.14234395144
2018-01-12 08:24:20.770556 0xFFFFFFFFFFFFFFFFFFFFFFFFFFFFFFFFFFFFFFFF 0xFFFFFFFFFFFFFFFFFFFFFFFFFFFFFFFFFFFFFFFF -0.874859326731 0.762401491403 -1.10523071566 -3.24935937142 -0.90937293548 -0.601716652684 0.0938913440323 0.217899098894 -0.614259635643 -0.583664696752 -0.942937350649 -0.806518935312 -0.875451605231 -2.09585027679 -2.25116088697 -0.865087258074
2018-01-12 08:24:25.788757 0xFFFFFFFFFFFFFFFFFFFFFFFFFFFFFFFFFFFFFFFF 0xFFFFFFFFFFFFFFFFFFFFFFFFFFFFFFFFFFFFFFFF -0.908857433967 -1.57601220917 -1.10308345932 2.363838205 -0.91247611366 -0.606480092434 -1.21898402245 -1.18920755554 1.55324792237 0.395180985715 -0.877237854219 -0.504964983963 -0.909573796436 -1.64652446538 -1.83927327586 -0.489700386719
2018-01-12 08:24:30.803955 0xFFFFFFFFFFFFFFFFFFFFFFFFFFFFFFFFFFFFFFFF 0xFFFFFFFFFFFFFFFFFFFFFFFFFFFFFFFFFFFFFFFF -0.590979917429 -0.73044884022 -0.551487536747 0.118559174435 -0.814348587406 -0.575579330258 -1.03234977917 1.10403546951 -0.634493078425 -0.654788350627 -0.66242906589 -0.0228055495559 -0.592151562234 -0.967810976318 -1.09671532907 -0.245932563619
2018-01-12 08:24:35.817473 0xFFFFFFFFFFFFFFFFFFFFFFFFFFFFFFFFFFFFFFFF 0xFFFFFFFFFFFFFFFFFFFFFFFFFFFFFFFFFFFFFFFF -0.847765719422 1.03971115053 -1.09079119476 -58.2586956204 -0.875992802617 -0.5941608517 -0.922943498635 0.32988336551 -0.480213077213 -0.568314267858 -0.914467568863 -0.765657966295 -0.848482430832 -3.11521982267 -3.5013268052 -0.868981312756
2018-01-12 08:24:40.828392 0xFFFFFFFFFFFFFFFFFFFFFFFFFFFFFFFFFFFFFFFF 0xFFFFFFFFFFFFFFFFFFFFFFFFFFFFFFFFFFFFFFFF -0.650494292931 0.924165459226 -0.957287865682 -43.2153261156 -0.68015709851 -0.491808493263 -0.141010375951 -0.687712796345 -0.413189797998 -0.441417389002 -0.744315394774 -0.543101888379 -0.651533230635 -2.75471972371 -3.12134598087 -0.700758150489
2018-01-12 08:24:45.840182 0xFFFFFFFFFFFFFFFFFFFFFFFFFFFFFFFFFFFFFFFF 0xFFFFFFFFFFFFFFFFFFFFFFFFFFFFFFFFFFFFFFFF -0.681708126237 1.80231271312 -1.01703760737 -27.0493170955 -0.787510289626 -0.44889647137 0.817903494665 -0.94089461652 -0.539648815385 -0.287913100063 -0.843340722727 -0.753808285279 -0.68196633569 -1.71219879533 -1.85667697774 -0.659481170859
2018-01-12 08:24:51.092339 0xFFFFFFFFFFFFFFFFFFFFFFFFFFFFFFFFFFFFFFFF 0xFFFFFFFFFFFFFFFFFFFFFFFFFFFFFFFFFFFFFFFF -0.906580905058 -0.219736884665 -1.12555185177 -2.12671985613 -0.921458556448 -0.607547759965 0.769636017956 -0.522170837 -0.582644881296 -0.396389464246 -0.950459466907 -0.838077223717 -0.907295024911 -2.01174933628 -2.13223559081 -0.907143048641
2018-01-12 08:24:56.104338 0xFFFFFFFFFFFFFFFFFFFFFFFFFFFFFFFFFFFFFFFF 0xFFFFFFFFFFFFFFFFFFFFFFFFFFFFFFFFFFFFFFFF -0.7474652684 -0.59641583831 -0.871397612012 0.118559174435 -0.670092736843 -0.514188447264 -0.607595984137 -0.760746013703 -0.199474058614 -0.370293735127 -0.715750396326 -0.547187985281 -0.74307996942 -1.30161611382 -1.43608751569 -0.435183621169
2018-01-12 08:25:01.105003 0xFFFFFFFFFFFFFFFFFFFFFFFFFFFFFFFFFFFFFFFF 0xFFFFFFFFFFFFFFFFFFFFFFFFFFFFFFFFFFFFFFFF -0.80156924613 -0.395366335444 -0.984673163954 -20.0889521007 -0.770736353515 -0.551762131505 -0.597942488795 -0.804565944118 -0.247528485221 -0.398947869062 -0.875714387635 -0.723162558516 -0.800234825256 -1.80858414289 -1.95819857203 -0.704652205171
2018-01-12 08:25:06.142170 0xFFFFFFFFFFFFFFFFFFFFFFFFFFFFFFFFFFFFFFFF 0xFFFFFFFFFFFFFFFFFFFFFFFFFFFFFFFFFFFFFFFF -0.194772326672 -0.522466595876 -0.066020885566 0.118559174435 -0.233131701127 -0.365330955054 -0.742744918921 -0.376104402284 -0.400543896259 -0.509982638061 -0.453904577219 -0.705183732149 -0.196273772892 -0.578017291338 -0.59490859159 -0.308237438532
2018-01-12 08:25:11.153750 0xFFFFFFFFFFFFFFFFFFFFFFFFFFFFFFFFFFFFFFFF 0xFFFFFFFFFFFFFFFFFFFFFFFFFFFFFFFFFFFFFFFF -0.473615904201 -0.49704654379 -0.498584119631 -48.1549399828 -0.467128109888 -0.44704858526 -0.726655760018 -0.439399857328 -0.372722912434 -0.491562123389 -0.625294567907 -0.789357328325 -0.473388225431 -2.57541462862 -2.8602904527 -0.810570492524
2018-01-12 08:25:16.167445 0xFFFFFFFFFFFFFFFFFFFFFFFFFFFFFFFFFFFFFFFF 0xFFFFFFFFFFFFFFFFFFFFFFFFFFFFFFFFFFFFFFFF -0.06575514901 -0.483181060834 0.0802415029307 -48.1549399828 0.0327351862473 -0.270883442755 -0.745962750702 -0.512433074686 -0.337314387566 -0.473141608716 -0.252045254853 -0.717169616394 -0.067613491356 -1.93001078173 -2.25986273791 -0.294997652613
2018-01-12 08:25:21.180183 0xFFFFFFFFFFFFFFFFFFFFFFFFFFFFFFFFFFFFFFFF 0xFFFFFFFFFFFFFFFFFFFFFFFFFFFFFFFFFFFFFFFF -0.853176117195 1.38634822443 -1.0979487159 -48.2672039343 -0.891173214798 -0.597651303241 -0.62690297482 -0.424793213856 -0.552294717124 -0.591339911199 -0.941985184034 -0.834767485226 -0.853925750436 -3.11380239108 -3.4027058279 -1.12910416552
2018-01-12 08:25:26.193256 0xFFFFFFFFFFFFFFFFFFFFFFFFFFFFFFFFFFFFFFFF 0xFFFFFFFFFFFFFFFFFFFFFFFFFFFFFFFFFFFFFFFF -0.875483603397 1.89474926616 -1.11335294617 -48.1549399828 -0.907024584424 -0.603379750183 -0.565764170989 -0.565990767415 -0.587703241992 -0.610272106835 -0.952649450122 -0.837246384013 -0.876193876086 -3.1282129455 -3.41720891279 -1.13767108582
2018-01-12 08:25:31.203159 0xFFFFFFFFFFFFFFFFFFFFFFFFFFFFFFFFFFFFFFFF 0xFFFFFFFFFFFFFFFFFFFFFFFFFFFFFFFFFFFFFFFF -0.817384255004 -0.772045289089 -0.954487096541 -28.1719566107 -0.865592962228 -0.581533629947 -0.131356880609 -0.132660344424 -0.529532093994 -0.533519962365 -0.919894918568 -0.818913429247 -0.818296749395 -1.90331582027 -2.02201214558 -0.845616984663
2018-01-12 08:25:36.218051 0xFFFFFFFFFFFFFFFFFFFFFFFFFFFFFFFFFFFFFFFF 0xFFFFFFFFFFFFFFFFFFFFFFFFFFFFFFFFFFFFFFFF -0.856089408303 1.84853098964 -1.10361249349 5.73175675086 -0.914321246633 -0.604816994935 0.0166633812981 1.05047777678 -0.699366554345 -0.665533650853 -0.955791599951 -0.832847019682 -0.856647410237 -1.81850616396 -1.92339116827 -0.830819576871
2018-01-12 08:25:41.231789 0xFFFFFFFFFFFFFFFFFFFFFFFFFFFFFFFFFFFFFFFF 0xFFFFFFFFFFFFFFFFFFFFFFFFFFFFFFFFFFFFFFFF -0.847765719422 4.29809964525 -1.11223263852 -42.7662703094 -0.874399278686 -0.597055873272 -1.57970296505 -0.483219787743 -0.470096355822 -0.59645672083 -0.925512701596 -0.804612090091 -0.848482430832 -3.05616017343 -3.36209719018 -1.04810782813
2018-01-12 08:25:46.243404 0xFFFFFFFFFFFFFFFFFFFFFFFFFFFFFFFFFFFFFFFF 0xFFFFFFFFFFFFFFFFFFFFFFFFFFFFFFFFFFFFFFFF -0.882225791391 0.669964938362 -1.109556348 -27.2738449985 -0.903082709438 -0.602578999535 -0.771705404947 -0.483219787743 -0.495388159299 -0.566779224969 -0.944079950587 -0.818504819557 -0.882874313781 -2.06632045217 -2.2192541002 -0.853405094028
2018-01-12 08:25:51.256246 0xFFFFFFFFFFFFFFFFFFFFFFFFFFFFFFFFFFFFFFFF 0xFFFFFFFFFFFFFFFFFFFFFFFFFFFFFFFFFFFFFFFF -0.864413097185 1.20147511835 -1.10252330549 1.24119868972 -0.892766738729 -0.598575246296 -0.691259610432 -0.385842164599 -0.514357011907 -0.572919396526 -0.941223450742 -0.831525848351 -0.864812389642 -1.73393274625 -1.82477019096 -0.816800980016
2018-01-12 08:25:56.267769 0xFFFFFFFFFFFFFFFFFFFFFFFFFFFFFFFFFFFFFFFF 0xFFFFFFFFFFFFFFFFFFFFFFFFFFFFFFFFFFFFFFFF -0.843603874981 2.61113255224 -1.10351913452 3.48647772029 -0.918808274543 -0.605925726601 0.521862970851 0.996920084047 -0.735533833317 -0.685847385089 -0.955696383289 -0.827766639201 -0.844523652939 -1.77787312529 -1.88858376452 -0.790321408178
2018-01-12 08:26:01.279472 0xFFFFFFFFFFFFFFFFFFFFFFFFFFFFFFFFFFFFFFFF 0xFFFFFFFFFFFFFFFFFFFFFFFFFFFFFFFFFFFFFFFF -0.844020059425 2.5186959992 -1.10292786104 3.48647772029 -0.918497956725 -0.605658809719 0.525080802632 0.919017985532 -0.733636948057 -0.683237812177 -0.948364700354 -0.82545118429 -0.844523652939 -1.8000795534 -1.90888808337 -0.809012870652
2018-01-12 08:26:06.291492 0xFFFFFFFFFFFFFFFFFFFFFFFFFFFFFFFFFFFFFFFF 0xFFFFFFFFFFFFFFFFFFFFFFFFFFFFFFFFFFFFFFFF -0.872029272511 0.924165459226 -1.10488839944 0.118559174435 -0.889328081826 -0.599170676265 -1.07096376054 -0.454006500799 -0.432158650606 -0.552963838964 -0.937129134298 -0.821092680928 -0.872729945429 -1.74243733574 -1.85377636076 -0.766957080085
2018-01-12 08:26:11.303870 0xFFFFFFFFFFFFFFFFFFFFFFFFFFFFFFFFFFFFFFFF 0xFFFFFFFFFFFFFFFFFFFFFFFFFFFFFFFFFFFFFFFF -0.887511333831 -0.17582952197 -1.10392369006 4.60911723557 -0.873728321242 -0.593627017935 -0.95512181644 -1.17460091207 0.0407980744217 -0.292006547768 -0.928559634764 -0.827358029511 -0.888218663937 -1.79818964463 -1.91468931733 -0.787206164432
2018-01-12 08:26:16.318403 0xFFFFFFFFFFFFFFFFFFFFFFFFFFFFFFFFFFFFFFFF 0xFFFFFFFFFFFFFFFFFFFFFFFFFFFFFFFFFFFFFFFF -0.885971451387 0.325638778281 -1.10915179246 -26.9370531439 -0.879012111117 -0.595454371977 -0.977646638905 -0.668237271716 -0.0907193036609 -0.365688606459 -0.925988784904 -0.808425780533 -0.88663515278 -1.9479649151 -2.08872633611 -0.81368573627
2018-01-12 08:26:21.333911 0xFFFFFFFFFFFFFFFFFFFFFFFFFFFFFFFFFFFFFFFF 0xFFFFFFFFFFFFFFFFFFFFFFFFFFFFFFFFFFFFFFFF -0.866077834961 2.84222393484 -1.11329070686 -48.1549399828 -0.914237376952 -0.605925726601 -0.443486563326 1.07969106372 -0.684823767345 -0.668603736631 -0.955029866659 -0.830681388324 -0.866544354971 -3.11025881213 -3.42010952977 -1.07069334529
2018-01-12 08:26:26.343259 0xFFFFFFFFFFFFFFFFFFFFFFFFFFFFFFFFFFFFFFFF 0xFFFFFFFFFFFFFFFFFFFFFFFFFFFFFFFFFFFFFFFF -0.880020013837 1.77920357486 -1.11509564697 -48.1549399828 -0.900902097743 -0.602353146788 -0.935814825757 -0.371235521127 -0.487800618256 -0.573431077489 -0.943889517264 -0.82572359075 -0.880647501216 -3.13978863675 -3.43751323165 -1.12131605616
2018-01-12 08:26:31.355808 0x000000000000000000000000000000FFFFFFFFFF 0x000000000000000000000000000000FFFFFFFFFF -0.866910203849 1.34012994791 -1.10541743361 -4.3719988867 -0.882786246742 -0.596480975372 -0.942250489318 -0.546515242786 -0.413189797998 -0.534031643328 -0.931987434578 -0.819185835708 -0.867781473063 -2.00584337135 -2.1467386757 -0.848732228409
2018-01-12 08:26:36.366132 0xFFFFFFFFFFFFFFFFFFFFFFFFFFFFFFFFFFFFFFFF 0xFFFFFFFFFFFFFFFFFFFFFFFFFFFFFFFFFFFFFFFF -0.884722898055 0.762401491403 -1.11198368126 -27.0493170955 -0.901656924868 -0.597774495649 0.048841699104 -0.298202303769 -0.448598322866 -0.437323941297 -0.945032117202 -0.821909900309 -0.885348549965 -1.96733648005 -2.10032880403 -0.8463957956
2018-01-12 08:26:37.660651 0xFFFFFFFFFFFFFFFFFFFFFFFFFFFFFFFFFFFFFFFF 0xFFFFFFFFFFFFFFFFFFFFFFFFFFFFFFFFFFFFFFFF -0.865661650517 0.762401491403 -1.09857110904 3.48647772029 -0.893186087132 -0.596152462285 -0.276159310736 0.875198055117 -0.510563241386 -0.535055005255 -0.92960701804 -0.77941449253 -0.866296931353 -1.79063000952 -1.91178870035 -0.770072323831
