503.0Gb memory in total.
Using: 453.403Gb.
MEGAHIT v1.1.1
--- [Wed Jan 10 16:53:47 2018] Start assembly. Number of CPU threads 160 ---
--- [Wed Jan 10 16:53:47 2018] Available memory: 540930650112, used: 486837585100
--- [Wed Jan 10 16:53:47 2018] Converting reads to binaries ---
    [read_lib_functions-inl.h  : 209]     Lib 0 (/scratch/shofmeyr/hipmer_metagenome_data/SYNTHbbqc_25perc.fq): interleaved, 36327152 reads, 101 max length
    [utils.h                   : 126]     Real: 59.3910	user: 31.0800	sys: 3.8960	maxrss: 155852
--- [Wed Jan 10 16:54:46 2018] k-max reset to: 119 ---
--- [Wed Jan 10 16:54:46 2018] k list: 21,29,39,59,79,99,119 ---
--- [Wed Jan 10 16:54:46 2018] Extracting solid (k+1)-mers for k = 21 ---
--- [Wed Jan 10 16:55:28 2018] Building graph for k = 21 ---
--- [Wed Jan 10 16:56:03 2018] Assembling contigs from SdBG for k = 21 ---
--- [Wed Jan 10 16:56:57 2018] Local assembling k = 21 ---
--- [Wed Jan 10 16:57:29 2018] Extracting iterative edges from k = 21 to 29 ---
--- [Wed Jan 10 16:58:05 2018] Building graph for k = 29 ---
--- [Wed Jan 10 16:58:21 2018] Assembling contigs from SdBG for k = 29 ---
--- [Wed Jan 10 16:59:05 2018] Local assembling k = 29 ---
--- [Wed Jan 10 16:59:38 2018] Extracting iterative edges from k = 29 to 39 ---
--- [Wed Jan 10 17:00:03 2018] Building graph for k = 39 ---
--- [Wed Jan 10 17:00:21 2018] Assembling contigs from SdBG for k = 39 ---
--- [Wed Jan 10 17:01:01 2018] Local assembling k = 39 ---
--- [Wed Jan 10 17:01:33 2018] Extracting iterative edges from k = 39 to 59 ---
--- [Wed Jan 10 17:01:53 2018] Building graph for k = 59 ---
--- [Wed Jan 10 17:02:17 2018] Assembling contigs from SdBG for k = 59 ---
--- [Wed Jan 10 17:02:56 2018] Local assembling k = 59 ---
--- [Wed Jan 10 17:03:31 2018] Extracting iterative edges from k = 59 to 79 ---
--- [Wed Jan 10 17:03:44 2018] Building graph for k = 79 ---
--- [Wed Jan 10 17:03:59 2018] Assembling contigs from SdBG for k = 79 ---
--- [Wed Jan 10 17:04:32 2018] Local assembling k = 79 ---
--- [Wed Jan 10 17:05:02 2018] Extracting iterative edges from k = 79 to 99 ---
--- [Wed Jan 10 17:05:13 2018] Building graph for k = 99 ---
--- [Wed Jan 10 17:05:25 2018] Assembling contigs from SdBG for k = 99 ---
--- [Wed Jan 10 17:05:57 2018] Local assembling k = 99 ---
--- [Wed Jan 10 17:06:19 2018] Extracting iterative edges from k = 99 to 119 ---
--- [Wed Jan 10 17:06:24 2018] Building graph for k = 119 ---
--- [Wed Jan 10 17:06:36 2018] Assembling contigs from SdBG for k = 119 ---
--- [Wed Jan 10 17:07:08 2018] Merging to output final contigs ---
--- [STAT] 57825 contigs, total 191917767 bp, min 200 bp, max 708009 bp, avg 3319 bp, N50 15328 bp
--- [Wed Jan 10 17:07:09 2018] ALL DONE. Time elapsed: 801.680827 seconds ---
