Date Time Prediction All_Predictions EXEC IPC FREQ AFREQ L3MISS_Rate L2MISS_Rate L3HIT L2HIT L3MPI L2MPI READ_Rate WRITE_Rate INST_Rate POWER_Total POWER_Proc POWER_DRAM
2018-01-20 19:59:48.542182 1700000 1700000 -1.09920433017 6.44988337159 -2.3004154809 2.348180345 -0.992595392009 -0.591435998268 0.914001706387 2.7265888614 -0.756693810049 -0.647293867468 -1.08410234189 -0.897402646581 -1.09814297854 -0.27529413134 -0.0937070588561 -0.791399886726
2018-01-20 19:59:53.541061 1700000 1700000 -1.11071823559 6.95758947994 -2.30715618732 2.29407442728 -0.993841869811 -0.593040967463 -0.0245599314119 3.12234307928 -0.760354211625 -0.661711760843 -1.08355513593 -0.899686505768 -1.1098764287 -0.293355781639 -0.116639545607 -0.787592738333
2018-01-20 19:59:58.553698 1700000 1700000 -1.13374604643 6.68420926775 -2.31577977264 -0.0703541771423 -0.994468796516 -0.593059205749 0.377095267297 2.86593893812 -0.754300470557 -0.6535946004 -1.0840111409 -0.904076590649 -1.13285443525 -1.57820454718 -1.56826595695 -1.11348464081
2018-01-20 20:00:03.565129 1700000 1700000 -1.12922272645 7.035698112 -2.31472536046 -0.0919965442308 -0.994741694023 -0.593341070174 0.06150903974 3.10004706701 -0.759650288245 -0.660633257008 -1.08714845507 -0.903442185319 -1.12820994457 -1.52497020945 -1.4994684967 -1.12871323438
2018-01-20 20:00:08.576477 1700000 1700000 -1.12881151554 7.035698112 -2.3146500453 -0.0919965442308 -0.994771196457 -0.593314541758 0.151676533328 3.0833250578 -0.760072642273 -0.66017915013 -1.08724877617 -0.903492937745 -1.12820994457 -1.55767130263 -1.53845372417 -1.13023609374
2018-01-20 20:00:13.588828 1700000 1700000 -1.12881151554 7.035698112 -2.31468770288 -0.0865859524587 -0.99480069889 -0.593304593602 0.196760280121 3.0833250578 -0.760354211625 -0.660065623411 -1.08715757517 -0.903124982654 -1.12820994457 -1.56147375532 -1.54304022152 -1.13023609374
2018-01-20 20:00:18.603436 1700000 1700000 -1.12881151554 6.99664379597 -2.31461238772 -0.0865859524587 -0.994785947673 -0.593278065185 0.237745504479 3.06102904552 -0.760213426949 -0.659611516533 -1.08715757517 -0.903581754492 -1.12820994457 -1.58029589616 -1.56597270828 -1.12947466406
2018-01-20 20:00:23.613618 1700000 1700000 -1.13127878099 6.80137221583 -2.31517725139 -0.0865859524587 -0.994424542867 -0.593110604556 0.258238116658 2.91610496574 -0.755285963289 -0.65569484471 -1.08580780047 -0.903391432893 -1.13065441335 -1.58409834885 -1.56826595695 -1.13708896085
2018-01-20 20:00:28.625261 1700000 1700000 -1.1446020144 6.1765031594 -2.31950787284 -0.0919965442308 -0.994771196457 -0.592893403147 0.791046033313 2.40887068648 -0.748669083516 -0.641560768134 -1.07954229223 -0.905434218054 -1.14385454478 -1.65368323317 -1.63935666588 -1.17972902285
2018-01-20 20:00:33.637477 1700000 1700000 -1.13662452279 6.72326358378 -2.31713544544 -0.0865859524587 -0.995051469572 -0.593239930586 0.52054355255 2.88266094732 -0.758664795513 -0.655411027912 -1.08504171213 -0.904558738699 -1.13578779779 -1.62858704538 -1.61413093045 -1.16297756992
2018-01-20 20:00:38.652048 1700000 1700000 -1.12881151554 6.99664379597 -2.31457473015 -0.0865859524587 -0.994785947673 -0.593301277549 0.18856323525 3.08889906087 -0.760213426949 -0.660008860051 -1.08714845507 -0.903543690172 -1.12796549769 -1.6034908576 -1.59349169238 -1.13099752342
2018-01-20 20:00:43.664205 1700000 1700000 -1.12881151554 6.99664379597 -2.31453707257 -0.0865859524587 -0.99480069889 -0.593283039263 0.241844026915 3.07775105473 -0.760354211625 -0.659725043252 -1.08716669527 -0.903150358867 -1.12796549769 -1.61432784778 -1.60725118443 -1.12871323438
2018-01-20 20:00:48.678352 1700000 1700000 -1.12881151554 7.15286106008 -2.31487599077 -0.0919965442308 -0.991540680022 -0.592231850762 -0.0942348128205 1.08783195919 -0.729944721606 -0.642128401731 -1.08118391011 -0.894230619933 -1.12796549769 -1.66433010071 -1.66687564998 -1.13099752342
2018-01-20 20:00:53.690721 1700000 1700000 -1.13004514826 6.68420926775 -2.31434878468 -0.0865859524587 -0.982734203715 -0.59034170109 -0.918037822417 0.190417465123 -0.644066069235 -0.608467729403 -1.07817427733 -0.894230619933 -1.12943217896 -1.65026102574 -1.65999590395 -1.09749461755
2018-01-20 20:00:58.704536 1700000 1700000 -1.13004514826 6.64515495173 -2.31419815437 -0.0865859524587 -0.982660447632 -0.590258799789 -0.872954075623 0.140251437505 -0.644066069235 -0.607332462208 -1.07817427733 -0.894230619933 -1.12918773208 -1.67554733616 -1.68980813673 -1.09977890659
2018-01-20 20:01:03.719376 1700000 1700000 -1.13374604643 6.29366610748 -2.31491364835 -0.0919965442308 -0.982955471964 -0.590059836665 -0.663929431397 0.023197373061 -0.635618988674 -0.597682691052 -1.0730670217 -0.894738144197 -1.13285443525 -1.69741143916 -1.71503387216 -1.10358605498
2018-01-20 20:01:08.735063 1700000 1700000 -1.13004514826 6.6061006357 -2.31419815437 -0.0919965442308 -0.982734203715 -0.590291960309 -0.88524964293 0.207139474329 -0.644066069235 -0.607332462208 -1.07826547832 -0.894230619933 -1.12918773208 -1.67934978886 -1.69439463408 -1.09977890659
2018-01-20 20:01:13.751917 1700000 1700000 -1.12716667191 7.15286106008 -2.31423581195 -0.0865859524587 -0.98384054496 -0.590474343172 -0.7786880596 0.16254744978 -0.661523369061 -0.614711698975 -1.07926868925 -0.894991906329 -1.12649881642 -1.69151763748 -1.70815412613 -1.10282462531
2018-01-20 20:01:18.768905 1700000 1700000 -1.12922272645 6.72326358378 -2.31416049679 -0.0865859524587 -0.98310298413 -0.59030854057 -0.815574761522 0.207139474329 -0.649415886924 -0.609035363 -1.0785390813 -0.894865025263 -1.12845439145 -1.67155476083 -1.68522163938 -1.09901747691
2018-01-20 20:01:23.782930 1800000 1800000 -1.16302426307 0.798723842505 -2.31400986648 -0.0919965442308 -0.980300252977 -0.589230823652 -0.643436819218 -0.472888900057 -0.270986677791 -0.400713832739 -1.05719804885 -0.840052404786 -1.16226139471 -1.67554733616 -1.71503387216 -1.01602164194
2018-01-20 20:01:28.798243 1900000 1900000 -1.17715346986 -1.66013589455 -2.31412283921 -0.0919965442308 -0.989962299847 -0.592265011282 -0.827870328829 -0.907661139419 1.67888108504 0.570507252486 -1.02819613296 -0.684749980103 -1.17641731343 -1.61242662143 -1.68751488806 -0.854598550057
2018-01-20 20:01:33.935899 1900000 1900000 -1.17710001245 -1.66365078299 -2.31299311188 0.162301269059 -0.989814787681 -0.592265011282 -0.889348165366 -0.851921108731 1.63664568224 0.530772900665 -1.0262809121 -0.675868305489 -1.17636109065 -1.56907866071 -1.63477016853 -0.856121409414
2018-01-20 20:01:38.947330 1500000 1500000 -1.17371574667 -1.83509923035 -2.09540762744 0.427420265894 -0.973145912928 -0.587838081788 -0.995909748697 -0.896513133281 1.50993947382 0.428598853125 -0.833208409161 -0.292687486417 -1.17289483392 -1.18598155172 -1.26555713184 -0.547742389549
2018-01-20 20:01:43.962319 1700000 1700000 -0.0477380388329 1.46264721496 -1.13325651506 0.427420265894 -0.598391255335 -0.42526862978 0.254139594223 0.313045532636 -0.621540521073 -0.553407270451 -0.634390243636 -0.00720508810243 -0.041154676855 -0.546218885837 -0.630327248831 -0.0946917307362
2018-01-20 20:01:48.975015 1700000 1700000 -0.668666509668 2.15390860864 -1.88640807074 -0.595181579039 -0.922180459593 -0.570345907197 -0.479495921786 1.44456815559 -0.715725469328 -0.638836126866 -1.01871122966 -0.82190841236 -0.666938685252 -1.52059738885 -1.54304022152 -0.966528712822
2018-01-20 20:01:53.988575 1700000 1700000 -1.14604125258 3.63797261766 -2.31359563312 -0.102817727775 -0.983398008462 -0.588368650117 0.274632206402 0.719947756654 -0.584936505308 -0.523890323384 -1.07525584554 -0.88065434588 -1.14532122605 -1.70216450502 -1.72420686686 -1.0921646098
2018-01-20 20:01:59.003396 1700000 1700000 -1.10331643925 3.67702693369 -2.28633154681 -0.108228319547 -0.97491605892 -0.58435622713 0.352504132682 0.586171683004 -0.64533313132 -0.566462843192 -1.03722503131 -0.813914905207 -1.10254302235 -1.71927554215 -1.76319209433 -1.03125023551
2018-01-20 20:02:04.018749 1700000 1700000 -1.06836351209 3.44270103752 -2.26072439392 -0.097407136003 -0.953010502276 -0.576646406102 0.11069130897 0.474691621629 -0.59760712615 -0.543757499294 -1.01059434125 -0.734233595811 -1.06734267188 -1.60824392346 -1.68063514203 -0.860689987486
2018-01-20 20:02:09.030782 1800000 1800000 -1.17445592631 -1.18132998006 -2.31427346952 -0.0865859524587 -0.985463178785 -0.590888849679 -0.737702835242 -0.249928777307 0.56808999127 0.0312553349153 -1.02846973594 -0.697438086695 -1.17370150861 -1.58086626406 -1.64164991455 -0.880487159132
2018-01-20 20:02:14.044843 1900000 1900000 -1.17749888703 -1.71793628227 -2.31438644226 -0.0865859524587 -0.990257324179 -0.592347912584 -0.823771806393 -0.996845188519 2.32649059472 0.911087410952 -1.02418328926 -0.675868305489 -1.17676198353 -1.57706381137 -1.64164991455 -0.865258565558
2018-01-20 20:02:19.057560 1700000 1700000 -0.36025832879 0.775291252889 -1.24246349063 0.167711860831 -0.41178836541 -0.428916287041 -0.840165896137 -0.183040740482 -0.452598909852 -0.509699483448 -0.607941955562 -0.0516134611736 -0.356491149836 -0.640899957935 -0.71059095246 -0.207383323181
2018-01-20 20:02:24.070879 1700000 1700000 -0.962271097864 3.32553808944 -2.18691554146 0.422009674122 -0.950355283289 -0.579730334513 -0.540973758323 1.41669814025 -0.68348577852 -0.621693592223 -1.0386842472 -0.823177223019 -0.961252726701 -1.48067163556 -1.48341575597 -1.00460019676
2018-01-20 20:02:29.083997 1700000 1700000 -0.877150439942 4.18473304203 -2.15716605501 -0.0865859524587 -0.838098525002 -0.517952284724 0.495952417935 -0.656831001325 -0.538477562223 -0.465991696445 -0.933529501857 -0.650492092305 -0.87471853179 -1.47743955077 -1.5728524543 -0.694698317534
2018-01-20 20:02:34.097226 1700000 1700000 -0.750908691236 4.92676504654 -2.11009408278 -0.0865859524587 -0.90300387802 -0.400398239366 1.97142049482 -1.08602923762 -0.682641070464 -0.299675052394 -1.0056694876 -0.863906045179 -0.747606155085 -1.47610869232 -1.49258875067 -0.955868697321
2018-01-20 20:02:39.119132 1700000 1700000 -1.17198866086 1.15411811835 -2.3268511005 -0.0865859524587 -0.987159568694 -0.59095517072 -0.331949114097 0.0120493669235 -0.0555861234849 -0.24064115826 -1.0648589323 -0.896387598054 -1.17125703983 -1.76186301233 -1.77924483506 -1.14851040603
2018-01-20 20:02:44.132976 2100000 2100000 -1.16972700087 1.2283213188 -2.32444101553 -0.0919965442308 -0.991496426373 -0.591452578529 0.565627299344 -0.640108992119 -0.473716611255 -0.401281466336 -1.07115180084 -0.900955316427 -1.16895923918 -1.80521097305 -1.81823006254 -1.19267332739
2018-01-20 20:02:49.143923 1800000 1800000 -0.171101311184 0.634695715192 -0.918608321686 -0.0865859524587 0.278568571231 -0.150036309195 -0.225387530766 -0.762737059631 -0.193555105981 -0.308757189953 -0.0725921245389 -0.391654717833 -0.170711522343 -0.670368966318 -0.871118359718 0.207595851699
2018-01-20 20:02:54.158120 1900000 1900000 0.124970542459 0.818251000519 -0.624879214969 0.936015892474 0.566217294831 -0.0306584352061 -0.147515604486 -0.879791124075 -0.224527734705 -0.317839327512 0.137170160189 -0.798435415165 0.127513669158 0.559724480415 0.621786527778 0.177138664552
2018-01-20 20:02:59.173800 1700000 1700000 -0.121756002244 0.861210748148 -0.971328930584 0.167711860831 0.197436879959 -0.155010387278 -0.0860377679489 -0.773885065769 -0.258316056949 -0.330894900253 -0.145552919227 -0.870123217409 -0.119377677905 -0.672270192666 -0.770215418013 -0.135047503706
2018-01-20 20:03:04.189863 1700000 1700000 -0.269791929065 1.24784847681 -1.30271561509 0.427420265894 -0.272389368588 -0.282678391405 0.274632206402 -0.305668807995 -0.413179200568 -0.39163169518 -0.510356892667 -0.594664423302 -0.268490273655 -0.831022592669 -0.91239683587 -0.298754884622
2018-01-20 20:03:09.202012 1900000 1900000 -1.17747832648 -1.7155930233 -2.31427346952 -0.0865859524587 -0.991216153257 -0.592530295447 -0.659830908961 -0.952253163969 1.86190116386 0.746473667694 -0.994634167408 -0.651760902965 -1.17674242778 -1.59056251843 -1.67146214733 -0.820334214516
2018-01-20 20:03:14.215646 1900000 1900000 -1.17761402608 -1.73785398344 -2.31446175741 -0.0865859524587 -0.99133416299 -0.592530295447 -0.590156027553 -0.996845188519 2.1857059187 0.950821762773 -0.994634167408 -0.653029713624 -1.17687687356 -1.55272811412 -1.6278904225 -0.813481347408
2018-01-20 20:03:19.227908 1700000 1700000 -0.811767905596 0.263679712937 -1.73201200183 0.427420265894 -0.910379486317 -0.568853683772 -0.717210223063 1.16586800215 -0.674193989903 -0.619820401352 -0.803112081352 -0.19625787632 -0.811162343437 -1.08027336681 -1.14860144941 -0.51271662433
2018-01-20 20:03:24.262032 1700000 1700000 -0.993111915952 3.67702693369 -2.21553530057 0.422009674122 -0.914067290466 -0.569516894183 -0.659830908961 0.391081575598 -0.576489424747 -0.565895209595 -0.986426078006 -0.757072187676 -0.992053033365 -1.48181237137 -1.51093474007 -0.917797213387
2018-01-20 20:03:29.276802 1700000 1700000 -0.722123927687 4.77054778244 -2.09088871811 -0.0865859524587 -0.871288762341 -0.416978499642 1.76649437303 -1.23931432201 -0.656455120725 -0.352464976956 -0.986426078006 -0.809347186834 -0.720716998474 -1.43542244849 -1.46965626392 -0.869065713952
2018-01-20 20:03:34.290123 2100000 2100000 -1.13921515151 2.42728882083 -2.30207241432 -0.0919965442308 -0.967392938456 -0.553765646921 1.73780471598 -0.361408838682 -0.43007336169 0.184516406225 -1.04944596442 -0.874817816848 -1.13847671345 -1.71395210838 -1.74484610493 -1.0708445788
2018-01-20 20:03:39.614732 2100000 2100000 -1.17244099286 -0.162012331756 -2.32191795781 -0.0865859524587 -0.994092640493 -0.592662937529 0.639400703188 -0.7683110627 -0.532846175182 -0.444421619742 -1.05446201905 -0.826222368601 -1.17167259952 -1.69018677904 -1.72420686686 -1.04419454005
2018-01-20 20:03:44.624646 1900000 1900000 -0.0970833477734 0.732331505259 -0.869653470567 0.941426484246 0.33757343761 -0.196461037968 -0.676224998705 -0.517480924607 -0.231566968506 -0.382549557621 0.00948876948508 -0.140430207316 -0.053377020769 0.570181225326 0.550695818849 0.455060497269
2018-01-20 20:03:49.636266 1800000 1800000 0.532069341219 1.31424081406 -0.436591326048 0.941426484246 0.780109935457 -0.0803992160348 -0.766392492292 -0.433870878576 -0.311814233836 -0.432501314196 0.273971650229 -0.0909465916081 0.574851456411 0.88635516689 0.88780337409 0.602016425254
2018-01-20 20:03:54.648726 1700000 1700000 -0.643993855198 1.40016030932 -1.7546065485 0.432830857666 -0.442765920259 -0.432398141699 -0.733604312806 -0.467314896988 -0.303367153275 -0.425689711026 -0.653542452242 -0.641610417691 -0.640049528641 -1.06202159387 -1.14401495206 -0.454847968751
2018-01-20 20:03:59.660761 1900000 1900000 -1.17527012391 -1.38050699179 -2.31212698759 0.146069493743 -0.969531864863 -0.584886795459 -0.286865367303 -1.44332283432 3.15712018322 1.72847979127 -1.06923657998 -0.87849736776 -1.174532628 -1.61622907412 -1.63477016853 -1.04495596973
2018-01-20 20:04:04.659251 1900000 1900000 -1.1754017114 -1.37269612859 -2.31344500281 -0.108228319547 -0.970490693941 -0.585102338843 -0.254077187817 -1.42994522696 3.18527711842 1.77389047907 -1.06987498693 -0.879512416287 -1.17465485144 -1.65539433688 -1.68063514203 -1.0495245478
2018-01-20 20:04:09.669634 1900000 1900000 -1.1757676891 -1.46252105545 -2.31201401486 0.416599082349 -0.969236840531 -0.584853634939 -0.303259457046 -1.63729814112 3.91735743371 2.17691033325 -1.06905417799 -0.877989843496 -1.17504596645 -1.55557995364 -1.56138621092 -1.0457173994
2018-01-20 20:04:14.683392 1900000 1900000 -1.17591161292 -1.48204821346 -2.31216464517 0.427420265894 -0.969163084448 -0.584853634939 -0.311456501918 -1.64911502762 4.17076985054 2.31881873261 -1.06859817302 -0.877355438166 -1.17516818988 -1.52230849256 -1.52240098345 -1.04191025101
2018-01-20 20:04:19.697164 1900000 1900000 -1.17584581918 -1.47423735026 -2.31212698759 0.427420265894 -0.969236840531 -0.584837054678 -0.299160934611 -1.64493452532 4.04406364213 2.25637903689 -1.06868937402 -0.877355438166 -1.17511930051 -1.51470358718 -1.51322798875 -1.04191025101
2018-01-20 20:04:24.707585 1900000 1900000 -1.1758540434 -1.47423735026 -2.31208933001 0.422009674122 -0.969089328365 -0.584803894158 -0.303259457046 -1.6403638428 4.07222057733 2.27340804482 -1.06859817302 -0.877355438166 -1.17511930051 -1.52592082262 -1.5269874808 -1.04114882133
2018-01-20 20:04:29.717616 1900000 1900000 -1.17586226761 -1.47423735026 -2.31216464517 0.427420265894 -0.969236840531 -0.584853634939 -0.299160934611 -1.64554766566 4.05814210973 2.26773170884 -1.06868937402 -0.877355438166 -1.17511930051 -1.51337272873 -1.51093474007 -1.04419454005
2018-01-20 20:04:34.731624 1900000 1900000 -1.17590750081 -1.48204821346 -2.31216464517 0.427420265894 -0.969236840531 -0.584853634939 -0.307357979482 -1.64811170707 4.15669138294 2.31881873261 -1.06859817302 -0.877355438166 -1.17516818988 -1.51907640777 -1.5178144861 -1.04419454005
2018-01-20 20:04:39.745253 1900000 1900000 -1.17583759496 -1.47033191866 -2.31212698759 0.427420265894 -0.969236840531 -0.584803894158 -0.290963889739 -1.64331806443 4.02998517452 2.25637903689 -1.06868937402 -0.877355438166 -1.17509485582 -1.5131826061 -1.51093474007 -1.04343311037
2018-01-20 20:04:44.759818 2101000 2101000 -1.17087839141 -0.67752930331 -2.31220230275 0.422009674122 -0.971818303435 -0.586362438624 -0.520481146144 -1.59103391565 0.763780690933 0.190192742199 -1.07078699686 -0.887632804506 -1.17013258419 -1.52554057736 -1.52010773477 -1.06246885234
2018-01-20 20:04:49.772481 1800000 1800000 -1.15212717401 0.302734028964 -2.2916036077 0.427420265894 -0.95979606191 -0.583228769432 -0.684422043576 -1.11389925296 -0.121754921213 -0.325218564279 -1.06084608859 -0.898037051911 -1.151432398 -1.55519970837 -1.54991996755 -1.08226602398
2018-01-20 20:04:54.789462 1800000 1800000 -1.09920433017 0.255868849732 -2.20310829991 2.07765075639 -0.933538896371 -0.56570343432 0.364799699989 0.363211560254 -0.410363507047 -0.377440855244 -1.03968745813 -0.880908108012 -1.09814297854 -0.598692733023 -0.495025577 -0.754089832471
2018-01-20 20:04:59.806870 1700000 1700000 -1.11524155558 1.36110599329 -2.26524330325 0.173122452604 -0.981627862471 -0.578072308486 1.52878007176 1.33866209728 -0.669266526242 -0.463721162055 -1.07799187534 -0.897529527647 -1.1142764725 -1.66071777065 -1.68751488806 -1.04800168844
2018-01-20 20:05:04.822296 1700000 1700000 -1.11688639921 1.43140376214 -2.26863248525 0.167711860831 -0.981922886802 -0.578884741239 1.49599189227 1.31636608501 -0.667717894806 -0.468262230835 -1.07808307633 -0.897402646581 -1.11623204753 -1.66965353448 -1.68292839071 -1.09901747691
2018-01-20 20:05:09.837208 1700000 1700000 -1.10126038471 1.36501142489 -2.25018027214 -0.0865859524587 -0.980669033392 -0.573164551444 1.69272096919 1.41669814025 -0.6841897019 -0.448962688521 -1.07698866441 -0.896133835922 -1.10034300044 -1.69988303341 -1.71732712083 -1.10587034402
2018-01-20 20:05:14.854461 1700000 1700000 -1.09879311927 1.19317243438 -2.24264875658 -0.0865859524587 -0.979046399566 -0.57233553843 1.6476372224 1.3721061157 -0.677291252775 -0.447827421327 -1.07552944852 -0.894991906329 -1.09814297854 -1.68201150574 -1.69898113143 -1.09521032852
2018-01-20 20:05:19.867348 1700000 1700000 -1.08357831568 1.02914430706 -2.2185479068 -0.0919965442308 -0.980005228645 -0.570345907197 1.75419880573 1.39997613104 -0.699816800938 -0.466559330042 -1.07635025746 -0.89588007379 -1.08249837833 -1.6763078267 -1.68751488806 -1.11043892209
2018-01-20 20:05:24.896931 1800000 1800000 -1.1517570842 1.70478397433 -2.30798465403 -0.0919965442308 -0.984799374038 -0.584439128432 1.24598202369 0.435673600148 -0.565226650666 -0.368358717685 -1.08091030713 -0.902604770284 -1.15094350425 -1.65406347844 -1.65311615793 -1.13556610149
2018-01-20 20:05:29.927037 1700000 1700000 -1.06466261392 0.193381944089 -2.14059672078 -0.0865859524587 -0.960681134906 -0.571009117608 0.971381020488 0.954055885541 -0.634211141914 -0.506861315461 -1.06111969157 -0.896641360186 -1.0636759687 -1.65007090311 -1.65082290925 -1.12719037502
2018-01-20 20:05:34.934816 2100000 2100000 -1.11318550104 -1.7628487457 -0.715257401651 0.167711860831 -0.958320940251 -0.566532447334 1.12712487305 -1.54922889263 -0.507504933499 -0.323515663487 -1.04889875846 -0.90273165135 -1.1120764506 -1.03540442501 -0.92615632792 -1.07160600848
2018-01-20 20:05:40.074304 1800000 1800000 -1.11277429013 -1.65583991978 -1.40062531732 -0.0865859524587 -0.959132257163 -0.570677512403 0.93039579613 -0.6791270136 -0.5145441673 -0.377440855244 -1.05400601409 -0.901462840691 -1.11183200372 -1.34701542334 -1.29766261329 -1.08607317237
2018-01-20 20:05:45.112493 1900000 1900000 -1.07000835572 -1.67224273251 -0.688897097202 0.941426484246 -0.939586895175 -0.555257870346 1.05744999164 -0.757163056563 -0.541293255743 -0.381414290426 -1.03339458959 -0.89651447912 -1.06734267188 0.0828969125006 0.323664200014 -0.742668387291
2018-01-20 20:05:50.106953 1800000 1800000 -1.08193347205 -1.64021819337 -1.0391125706 0.178533044376 -0.941430797249 -0.562055777059 0.827932735235 -0.785033071906 -0.51735986082 -0.401281466336 -1.03786343826 -0.898037051911 -1.08005390955 -1.08464618741 -1.03393901565 -0.910944346279
2018-01-20 20:05:55.141366 2100000 2100000 -1.10866218105 -1.75699059829 -0.677599823867 0.422009674122 -0.957657135504 -0.565537631717 1.15171600766 -1.56650830214 -0.520175554341 -0.333165434643 -1.04844275349 -0.902858532416 -1.10767640679 -0.939202371833 -0.80920064549 -1.07465172719
2018-01-20 20:06:00.142729 2100000 2100000 -1.09755948654 -1.71988899807 -0.79057255722 0.167711860831 -0.953453038774 -0.565206026511 1.03285885703 -1.40374741254 -0.532846175182 -0.377440855244 -1.04570672369 -0.902604770284 -1.09643185039 -1.05327595267 -0.949088814671 -1.06703743041
2018-01-20 20:06:05.155915 1800000 1800000 -1.12469940646 -1.67575762096 -1.50230077734 0.92519470893 -0.957509623338 -0.573164551444 0.692681494854 -1.16796708273 -0.439928289011 -0.347923908177 -1.05272920018 -0.898925219372 -1.12380990076 -0.284420017807 -0.107466550907 -0.782262730582
2018-01-20 20:06:10.169379 1700000 1700000 -1.12922272645 5.20014525873 -2.30975456019 0.941426484246 -0.987454593026 -0.590971750981 -0.274569799996 1.45014215866 -0.690525012321 -0.620388034949 -1.0799070962 -0.904533362486 -1.12869883832 -0.555725017573 -0.439987608797 -0.764749847973
2018-01-20 20:06:15.183247 1700000 1700000 -1.1321012028 5.86406863119 -2.31318139977 0.178533044376 -0.992499509101 -0.592347912584 0.204957324993 1.62851025686 -0.73543532397 -0.641447241414 -1.08524235431 -0.907045607591 -1.13138775398 -1.57459221712 -1.57973220033 -1.06094599298
2018-01-20 20:06:20.197026 1700000 1700000 -1.13798151878 5.27825389079 -2.3143111271 -0.0919965442308 -0.991489050764 -0.591949986337 0.176267667942 1.99082045633 -0.716851746736 -0.628164615234 -1.08483194984 -0.907172488657 -1.13725447906 -1.64607832778 -1.6462364119 -1.12642894534
2018-01-20 20:06:25.209465 1700000 1700000 -1.1405721475 4.84865641449 -2.31446175741 -0.0865859524587 -0.986495763947 -0.590988331241 -0.545072280759 1.25505205125 -0.65096451836 -0.603359027026 -1.08036310117 -0.903404120999 -1.13969894785 -1.61794017784 -1.61642417913 -1.11272321113
2018-01-20 20:06:30.222087 1700000 1700000 -1.1370357337 5.62974273503 -2.31480067561 -0.0865859524587 -0.992174982336 -0.592182109981 0.229548459608 1.73999031823 -0.726284320029 -0.634068004648 -1.08373753792 -0.905078951069 -1.13603224467 -1.62041177209 -1.61642417913 -1.12262179695
2018-01-20 20:06:35.233997 1700000 1700000 -1.13933851478 5.86406863119 -2.31649526661 -0.0865859524587 -0.993104308981 -0.592480554666 0.34430708781 1.48358617707 -0.733605123182 -0.637473806232 -1.08437594487 -0.906144752023 -1.13847671345 -1.62877716802 -1.62330392515 -1.13328181245
2018-01-20 20:06:40.249732 1700000 1700000 -1.14061326859 5.16109094271 -2.31529022412 -0.0919965442308 -0.99168081658 -0.592016307378 0.192661757686 1.96852444405 -0.714458407244 -0.626007607564 -1.08209592004 -0.905548411013 -1.13994339472 -1.66128813856 -1.6645824013 -1.12642894534
2018-01-20 20:06:45.261556 2100000 2100000 -1.15858318527 2.03674566056 -2.31649526661 -0.0865859524587 -0.987602105191 -0.588318909336 0.934494318566 -0.0269686545577 -0.556779570105 -0.424554443831 -1.07479984057 -0.883065086133 -1.15781246153 -1.62953765856 -1.63477016853 -1.09825604723
2018-01-20 20:06:50.270427 1900000 1900000 -1.17733029055 -1.68786445893 -2.31442409984 -0.0865859524587 -0.989814787681 -0.59214894946 -0.700816133319 -0.807329084181 2.05899971029 0.83161870731 -1.02418328926 -0.664449009556 -1.17659331518 -1.56850829281 -1.63477016853 -0.853837120378
2018-01-20 20:06:55.285372 1500000 1500000 -1.17714935776 -1.70075238321 -2.30998050566 0.92519470893 -0.988265909938 -0.591833924515 -0.897545210238 -0.573220955294 2.22794132151 0.820266035361 -1.01077674323 -0.609890151212 -1.17641242449 -0.605727270509 -0.556943291228 -0.576676717339
2018-01-20 20:07:00.302109 1500000 1500000 -1.17725627259 -1.69840912425 -2.31212698759 0.416599082349 -0.989962299847 -0.592231850762 -0.766392492292 -0.394852857095 1.86190116386 0.695386643924 -1.0250040982 -0.693631654717 -1.17651998112 -1.46603219268 -1.51093474007 -0.854598550057
2018-01-20 20:07:05.317939 1700000 1700000 -1.17748243859 -1.69684695161 -2.31611869084 -0.600592170811 -0.991466923939 -0.592596616488 -0.647535341654 -0.28337279572 1.76335189065 0.695386643924 -1.03822824223 -0.764685051631 -1.17674487225 -1.70159413712 -1.75860559698 -0.975665868966
2018-01-20 20:07:10.329796 1700000 1700000 -1.17748243859 -1.69684695161 -2.31611869084 -0.606002762583 -0.991415294681 -0.592546875707 -0.594254549988 -0.355834835613 1.77743035825 0.72944465977 -1.03758983528 -0.759609808995 -1.17674487225 -1.67896954359 -1.73337986156 -0.968813001858
2018-01-20 20:07:15.343368 1900000 1900000 -1.17738786008 -1.69762803793 -2.31446175741 -0.097407136003 -0.990847372842 -0.592430813885 -0.676224998705 -0.205336752757 1.80558729346 0.706739315873 -1.03239137866 -0.740577649107 -1.17664953797 -1.60006865017 -1.6462364119 -0.942162963105
2018-01-20 20:07:20.354591 1700000 1700000 -0.906757625306 -0.997774694731 -1.26882379508 -0.0865859524587 -0.825559990897 -0.525413401848 0.118888353841 -0.37255684482 -0.489202925617 -0.466559330042 -0.358963243689 0.847973296183 -0.906496625967 -0.51142644368 -0.673898973658 0.189321539411
2018-01-20 20:07:25.366733 1700000 1700000 -0.166989202106 2.27107155672 -1.47217471511 0.422009674122 -0.7289395222 -0.473351384581 0.372996744861 0.725521759722 -0.661101015033 -0.578383148739 -0.845976548231 -0.47412741068 -0.165822584778 -0.889580364168 -0.92615632792 -0.487589444934
2018-01-20 20:07:30.379507 1700000 1700000 -0.832328450988 2.54445176891 -2.0569968981 -0.0811753606866 -0.918492655444 -0.569848499389 -0.540973758323 1.88491439802 -0.67855831486 -0.619252767754 -1.01323917005 -0.809220305768 -0.8307180937 -1.44835078765 -1.45819002055 -0.958914416035
2018-01-20 20:07:35.394745 1700000 1700000 -1.14250483877 4.10662440998 -2.31310608461 -0.0865859524587 -0.99003605593 -0.588650514542 1.22958793394 0.106807419092 -0.689257950237 -0.545460400087 -1.07653265945 -0.898417695109 -1.14165452287 -1.59056251843 -1.58890519503 -1.09444889884
2018-01-20 20:07:40.414820 1700000 1700000 -1.14213474895 3.95040714587 -2.31235293306 -0.0919965442308 -0.989814787681 -0.588501292199 1.22548941151 0.112381422161 -0.687568534125 -0.543189865697 -1.07261101673 -0.898037051911 -1.14141007599 -1.6128068667 -1.6187174278 -1.08455031302
2018-01-20 20:07:45.427095 1800000 1800000 -1.11236307923 1.63448620548 -2.26750275792 -0.0865859524587 -0.986790788279 -0.587672279186 0.963183975617 0.179269458986 -0.710516436315 -0.593709255869 -1.07689746342 -0.892581166076 -1.11134310997 -1.57250086813 -1.56826595695 -1.09064175045
2018-01-20 20:07:50.442423 1700000 1700000 -0.96885047239 0.997900854242 -2.07620226277 -0.0865859524587 -0.968499279701 -0.581769706527 0.307420385888 1.23833004205 -0.720652932989 -0.627994325155 -1.05874846574 -0.861241542795 -0.967608345537 -1.49036788993 -1.48570900465 -1.03581881358
2018-01-20 20:07:55.456920 1800000 1800000 -1.00462582137 0.283206870951 -2.05059510988 0.167711860831 -0.978677619152 -0.584024621925 0.754159331391 0.346489551048 -0.73473140059 -0.628448432033 -1.07151660481 -0.880400583748 -1.00378648352 -1.47363709807 -1.45360352319 -1.07541315687
2018-01-20 20:08:00.467281 1700000 1700000 -1.14628797912 3.79418988177 -2.31423581195 -0.0919965442308 -0.983250496296 -0.588617354021 0.159873578199 0.731095762791 -0.580712965028 -0.528999025761 -1.07771827236 -0.882303799737 -1.14556567292 -1.62573520586 -1.63018367118 -1.09825604723
2018-01-20 20:08:05.479448 1700000 1700000 -1.14345062386 3.79418988177 -2.31246590579 0.162301269059 -0.982144155051 -0.588401810638 0.06150903974 0.803557802685 -0.582120811788 -0.53581062893 -1.0716078058 -0.879766178419 -1.14263231039 -1.55577007628 -1.54991996755 -1.08455031302
2018-01-20 20:08:10.502013 1700000 1700000 -1.06877472299 3.63797261766 -2.26373700014 -0.0919965442308 -0.93575157886 -0.573330354047 -0.286865367303 0.190417465123 -0.522991247861 -0.518781621007 -0.998282207143 -0.757072187676 -1.06783156563 -1.55234786885 -1.60266468708 -0.895715752705
2018-01-20 20:08:15.494044 1700000 1700000 -0.966794417851 3.63797261766 -2.19783623902 -0.0919965442308 -0.871288762341 -0.552273423496 -0.34834320384 0.0287713761297 -0.507504933499 -0.512537651435 -0.901609154181 -0.607352529893 -0.96565277051 -1.43295085424 -1.53386722682 -0.645966818099
2018-01-20 20:08:20.504852 1700000 1700000 -1.14234035441 2.11485429261 -2.30233601737 -0.0919965442308 -0.953305526608 -0.58072515013 -0.55326932563 0.262879505017 -0.216080654144 -0.362114748113 -1.03740743329 -0.793360172529 -1.14165452287 -1.55653056682 -1.58890519503 -0.958152986357
2018-01-20 20:08:25.845031 1900000 1900000 -1.17747010226 -1.71207813486 -2.31446175741 -0.0865859524587 -0.989741031598 -0.592182109981 -0.803279194214 -1.02471520386 2.48135373834 0.996232450569 -1.02527770118 -0.67459949483 -1.17673509437 -1.50234561592 -1.55909296225 -0.840131386162
2018-01-20 20:08:30.858191 1700000 1700000 -1.0741204648 -0.798597682994 -1.99712134943 -0.0865859524587 -0.920705337934 -0.573164551444 -0.918037822417 -0.0882826883138 -0.455414603373 -0.514808185825 -0.793991982016 -0.0998282662224 -1.06905380002 -1.0610709807 -1.16924068748 -0.367283555703
2018-01-20 20:08:35.870763 1700000 1700000 -0.339697783398 1.74383829036 -1.5098322929 0.389546123489 -0.350570816541 -0.41863652567 -0.963121569211 -0.0158206484202 -0.43570474873 -0.507428949058 -0.804024091286 -0.455095250792 -0.314935180529 -0.711815700691 -0.733523439211 -0.41525362546
2018-01-20 20:08:40.883416 1700000 1700000 -1.01408367225 3.28648377342 -2.22080736146 -0.0811753606866 -0.945782406145 -0.578752099157 -0.627042729475 1.60621424458 -0.638434682195 -0.598817958246 -1.02007924456 -0.79424833999 -1.01331991178 -1.53390597328 -1.5636794596 -0.951300119249
2018-01-20 20:08:45.961429 1700000 1700000 -0.986121330519 3.75513556574 -2.21327584591 -0.0919965442308 -0.840311207491 -0.547299345413 -0.663929431397 0.257305501948 -0.403324273247 -0.473938566809 -0.879720915775 -0.647954470987 -0.985208520773 -1.47800991867 -1.56597270828 -0.719825496931
2018-01-20 20:08:50.978719 1700000 1700000 -0.966383206943 3.36459240547 -2.19030472346 -0.0865859524587 -0.825559990897 -0.504024866092 0.668090360239 -1.26049553367 -0.410363507047 -0.324083297084 -0.947209650861 -0.670793062852 -0.964186089241 -1.42002251508 -1.49717524802 -0.716018348537
2018-01-20 20:08:55.990639 1900000 1900000 -0.83561813825 4.34095030614 -2.13871384189 -0.0865859524587 -0.853587302427 -0.405372317449 1.71321358137 -1.06930722841 -0.590567892349 -0.223044516739 -0.968185879334 -0.850076008994 -0.8307180937 -1.46508157951 -1.49717524802 -0.896477182384
2018-01-20 20:09:01.001522 1700000 1700000 -1.16614946597 0.966657401421 -2.3190559819 -0.0919965442308 -0.969900645278 -0.586428759665 -0.770491014728 0.223861483536 0.247100929951 -0.1430081795 -1.0497195674 -0.867204952893 -1.16539031475 -1.64360673353 -1.66687564998 -1.04800168844
2018-01-20 20:09:06.014282 2100000 2100000 -1.17552096256 0.685466326027 -2.33031559766 0.351671981084 -0.995921791351 -0.592905009329 1.49189336984 -0.534202933813 -0.556779570105 -0.271861006119 -1.07707986541 -0.909925807787 -1.17477707488 -1.74646307892 -1.74484610493 -1.20104905386
2018-01-20 20:09:11.024135 2101000 2101000 -1.00174734502 0.638601146795 -2.085993233 -0.0865859524587 -0.75917951622 -0.515796850888 -0.377032860891 -0.81290308725 -0.156951090217 -0.307621922758 -0.88610498531 -0.783717211519 -1.0006086741 -1.56546633065 -1.61183768178 -0.917797213387
2018-01-20 20:09:16.032630 1900000 1900000 -0.00250483897072 0.775291252889 -0.764212252771 0.936015892474 0.462958778667 -0.0803992160348 -0.204894918587 -0.890939130212 -0.204817880063 -0.313298258733 0.0550892661651 -0.42718141629 0.000401292452673 0.551549207122 0.57821480295 0.289068827317
2018-01-20 20:09:21.044014 1900000 1900000 0.359360759927 0.58783053596 -0.131564945996 2.23996850956 0.949748926298 0.0655070743959 -0.299160934611 -0.924383148625 -0.193555105981 -0.318974594707 0.447253537613 -0.811377283889 0.359738203524 1.41375535564 1.5964172147 0.361404646792
2018-01-20 20:09:26.054483 1800000 1800000 0.211324833105 1.32986254047 -0.798104072777 0.432830857666 0.300695396123 -0.0870313201453 0.0656075621758 -0.550924943019 -0.34982609636 -0.372899786464 -0.0634720252029 -0.622578257803 0.213070076556 -0.342217298766 -0.446867354823 0.113178571543
2018-01-20 20:09:31.064961 2101000 2101000 -1.11976487557 0.509721903906 -2.24754424169 0.427420265894 -0.935530310612 -0.568522078567 0.209055847429 -1.1250472591 -0.294920072714 -0.312162991538 -0.976393968736 -0.678405926807 -1.11892096319 -1.43390146741 -1.48570900465 -0.809674199015
2018-01-20 20:09:36.075140 1800000 1800000 -1.17688618277 -1.63904656389 -2.31216464517 0.146069493743 -0.990449089994 -0.591983146858 -0.249978665381 -0.461740893919 1.14389931618 0.519420228716 -0.990986127674 -0.654298524283 -1.17615086634 -1.51660481352 -1.58661194635 -0.805867050621
2018-01-20 20:09:41.087071 1900000 1900000 -0.869748643601 -0.25574269022 -1.66799411959 2.23996850956 -0.895628269722 -0.565206026511 -0.803279194214 1.2996440758 -0.631395448394 -0.599385591844 -0.785783892614 -0.13408615402 -0.869829594225 -0.149052701876 -0.091413810181 -0.293424876871
2018-01-20 20:09:46.097956 1700000 1700000 -1.06219534847 3.09121219328 -2.25093342369 0.194764819692 -0.966360353295 -0.583510633856 -0.213091963459 1.90163640723 -0.660537876329 -0.599953225441 -1.05473562203 -0.843097550369 -1.06123149992 -1.53865903915 -1.58431869768 -0.901807190135
2018-01-20 20:09:51.111511 1700000 1700000 -0.992700705044 2.89594061315 -2.19557678435 0.416599082349 -0.840311207491 -0.547630950619 -0.68032352114 0.223861483536 -0.390653652405 -0.468262230835 -0.88610498531 -0.618771825826 -0.991564139608 -1.4272471752 -1.51093474007 -0.699266895606
2018-01-20 20:09:56.123233 1700000 1700000 -0.738572364001 4.18473304203 -2.07695541433 -0.0865859524587 -0.762867320368 -0.373869822924 1.44271110061 -1.15514687567 -0.537069715463 -0.258237799781 -0.900697144247 -0.741846459766 -0.737828279953 -1.38123749759 -1.44901702584 -0.720586926609
2018-01-20 20:10:01.134485 2101000 2101000 -1.15323744346 1.43530919374 -2.30741979037 -0.0865859524587 -0.956993330757 -0.573330354047 0.64759774806 -0.0492646668326 -0.0415076558832 0.014226326992 -1.03631302137 -0.84956848473 -1.15241018552 -1.60292048969 -1.6370634172 -0.984041595432
2018-01-20 20:10:06.145076 2100000 2100000 -1.1746779802 0.271490576143 -2.32816911573 -0.0865859524587 -0.993332952839 -0.5921323692 0.750060808955 -0.617812979844 -0.296327919474 -0.19409520327 -1.0744350366 -0.908403234996 -1.17394595549 -1.75216675796 -1.75631234831 -1.18582046028
2018-01-20 20:10:11.156794 1800000 1800000 -1.17452583216 -0.0682819732912 -2.32666281262 1.86122708551 -0.991894709221 -0.592066048159 0.233646982044 -0.72371903815 -0.148504009656 -0.196933371257 -1.06905417799 -0.897529527647 -1.17377484268 -0.674361541648 -0.554650042553 -0.859167128129
2018-01-20 20:10:16.168858 1700000 1700000 -0.778048611153 0.404275250634 -1.71318321293 0.941426484246 -0.432440068643 -0.41863652567 -0.540973758323 -0.72371903815 -0.127386308253 -0.311027724343 -0.617062054898 -0.461439304088 -0.776939780478 -0.187077228823 -0.153331524409 -0.240124799364
2018-01-20 20:10:21.180903 1800000 1800000 0.581414650159 1.98597504972 -0.715257401651 0.173122452604 0.381827087395 -0.191486959885 -0.737702835242 -0.511906921538 -0.420218434369 -0.487561773148 0.000368670149081 -0.240666249391 0.584629331542 -0.349822204156 -0.534010804477 0.372064662293
2018-01-20 20:10:26.192084 1800000 1800000 0.342912323613 2.23201724069 -1.01651802393 -0.0865859524587 0.190061271662 -0.246201818797 -0.733604312806 -0.523054927676 -0.420218434369 -0.48699413955 -0.145552919227 -0.338364670148 0.345071390828 -0.59374954452 -0.777095164038 0.202265843948
2018-01-20 20:10:31.201798 1800000 1800000 -1.14262820204 0.986184559434 -2.29009730459 0.162301269059 -0.953674307023 -0.578669197856 -0.147515604486 -1.03586321 -0.217488500904 -0.312730625135 -1.05646844091 -0.878116724562 -1.14189896975 -1.56337498167 -1.57514570298 -1.03125023551
2018-01-20 20:10:36.214969 1900000 1900000 -1.17571011958 -1.42346673942 -2.31336968766 0.167711860831 -0.973367181177 -0.584074362706 0.270533683966 -1.63785554142 3.12896324802 2.33584774053 -1.07206381077 -0.882938205067 -1.17497263238 -1.57193050023 -1.57743895165 -1.05790027426
2018-01-20 20:10:41.226689 1900000 1900000 -1.17563610161 -1.41175044462 -2.31340734524 0.167711860831 -0.97344093726 -0.584041202185 0.282829251273 -1.63228153835 3.0163355072 2.26773170884 -1.07197260978 -0.882811324001 -1.17489929832 -1.54322198239 -1.54304022152 -1.05713884458
2018-01-20 20:10:46.238693 1900000 1900000 -1.17557030787 -1.42737217103 -2.31223996032 0.422009674122 -0.972777132514 -0.583809078541 0.270533683966 -1.63172413805 3.04449244241 2.27340804482 -1.07151660481 -0.882176918671 -1.17482596425 -1.53485658646 -1.53386722682 -1.05409312587
2018-01-20 20:10:51.250858 1900000 1900000 -1.17555797154 -1.42346673942 -2.3122776179 0.427420265894 -0.972703376431 -0.58372617724 0.282829251273 -1.63506853989 3.04449244241 2.28476071676 -1.07133420282 -0.881923156539 -1.17482596425 -1.50063451221 -1.49258875067 -1.05409312587
2018-01-20 20:10:56.262433 1900000 1900000 -1.17563610161 -1.43518303423 -2.3122776179 0.427420265894 -0.972703376431 -0.583792498281 0.270533683966 -1.63885886198 3.14304171562 2.34152407651 -1.07142540382 -0.882050037605 -1.17489929832 -1.52763192634 -1.52469423212 -1.05561598523
2018-01-20 20:11:01.274229 1900000 1900000 -1.17556208365 -1.42346673942 -2.3122776179 0.427420265894 -0.972703376431 -0.5837427575 0.278730728837 -1.6356259402 3.04449244241 2.27908438079 -1.07133420282 -0.881923156539 -1.17482596425 -1.49892340849 -1.490295502 -1.05485455555
2018-01-20 20:11:06.286451 1900000 1900000 -1.1756278774 -1.43518303423 -2.31231527548 0.427420265894 -0.972777132514 -0.583775918021 0.274632206402 -1.63729814112 3.12896324802 2.34152407651 -1.07142540382 -0.882050037605 -1.17489929832 -1.48960739939 -1.47882925862 -1.05561598523
2018-01-20 20:11:11.298390 1900000 1900000 -1.17557853209 -1.42737217103 -2.3122776179 0.427420265894 -0.972703376431 -0.583775918021 0.274632206402 -1.6356259402 3.05857091001 2.29043705274 -1.07142540382 -0.881923156539 -1.17485040894 -1.49683205951 -1.48800225332 -1.05409312587
2018-01-20 20:11:16.310690 1800000 1800000 -1.15348417001 0.498005609098 -2.29725224437 0.427420265894 -0.962893817395 -0.583245349692 -0.434412174992 -1.06373322534 -0.144280469375 -0.307054289161 -1.0633997164 -0.896006954856 -1.15265463239 -1.56166387795 -1.55909296225 -1.07769744591
2018-01-20 20:11:21.322729 1800000 1800000 -1.13127878099 0.708898915643 -2.26976221258 0.427420265894 -0.962008744399 -0.578536555773 0.360701177554 0.0845114068172 -0.437112595491 -0.398443298349 -1.06257890746 -0.893849976736 -1.13040996647 -1.59835754646 -1.6003714384 -1.08759603173
2018-01-20 20:11:26.333902 1700000 1700000 -1.13004514826 2.03674566056 -2.29047388036 0.178533044376 -0.988782202519 -0.585798709774 1.49189336984 1.09897996533 -0.702069355754 -0.530701926553 -1.08410234189 -0.90433035278 -1.12918773208 -1.67516709089 -1.68292839071 -1.12109893759
2018-01-20 20:11:31.366160 1700000 1700000 -1.12881151554 1.48998523618 -2.28218921325 0.167711860831 -0.986864544362 -0.584770733637 1.40992292112 0.859297833372 -0.686160687364 -0.516511086617 -1.08246072401 -0.903010789695 -1.12820994457 -1.63505121496 -1.63247691985 -1.1279518047
2018-01-20 20:11:36.390559 2100000 2100000 -1.10249401744 -1.64060873653 -1.31401288842 -0.0919965442308 -0.955223184766 -0.569682696786 0.844326824978 -1.04701121614 -0.527214788141 -0.407525435908 -1.05026677336 -0.899686505768 -1.10156523483 -1.32933401831 -1.27702337521 -1.08378888334
2018-01-20 20:11:41.396325 2100000 2100000 -1.10208280653 -1.67380490516 -1.16714833506 -0.0865859524587 -0.949396454211 -0.566864052539 0.811538645492 -1.21646090943 -0.493426465897 -0.378008488841 -1.0441563068 -0.900574673229 -1.10107634108 -1.25404545495 -1.18987992556 -1.07160600848
2018-01-20 20:11:46.418160 1900000 1900000 -1.10701733742 -1.77144069522 -0.459185872719 0.936015892474 -0.948953917713 -0.558905527606 1.15991305254 -1.59437831749 -0.469493070974 -0.264481769353 -1.03886664919 -0.900320911097 -1.10620972552 0.184992767353 0.458965871845 -0.783024160261
2018-01-20 20:11:51.442945 1900000 1900000 -1.09262495565 -1.72926203391 -0.613581941634 0.941426484246 -0.937005432271 -0.557081698976 0.926297273694 -1.49906286501 -0.456822450133 -0.315568793122 -1.03038495681 -0.898925219372 -1.0917873597 0.170543447113 0.424567141718 -0.726678364039
2018-01-20 20:11:56.466237 2100000 2100000 -1.10331643925 -1.74058778556 -0.722788917208 0.427420265894 -0.953748063106 -0.5645428161 1.06564703651 -1.54086788803 -0.51595201406 -0.349059175372 -1.04506831674 -0.902351008152 -1.10205412859 -0.922091334707 -0.81837364019 -0.975665868966
2018-01-20 20:12:01.474206 2100000 2100000 -1.10331643925 -1.73980669924 -0.734086190543 0.427420265894 -0.953821819189 -0.564708618703 1.06564703651 -1.54476969018 -0.51595201406 -0.349626808969 -1.04525071872 -0.902477889218 -1.10229857547 -0.965629418061 -0.841306126941 -1.07389029752
2018-01-20 20:12:06.484924 1800000 1800000 -1.11729761012 -1.73902561292 -1.03158105504 0.936015892474 -0.950650307621 -0.565537631717 0.926297273694 -1.43050262727 -0.43148120845 -0.286619479653 -1.0441563068 -0.8999402679 -1.11623204753 -0.102092411096 0.117271819254 -0.798252753834
2018-01-20 20:12:11.498325 1700000 1700000 -1.12346577374 6.0202858953 -2.30971690261 0.941426484246 -0.98730708086 -0.590988331241 -0.331949114097 1.56162222003 -0.698972092882 -0.626688767881 -1.07890388527 -0.902224127086 -1.12283211324 -0.564470658771 -0.451453852173 -0.761704129258
2018-01-20 20:12:16.510145 1700000 1700000 -1.12881151554 6.25461179146 -2.31265419368 0.173122452604 -0.991607060497 -0.591966566597 0.209055847429 1.89606240416 -0.730648644986 -0.637757623031 -1.08109270911 -0.904254224141 -1.12796549769 -1.57040951915 -1.58661194635 -1.02135164969
2018-01-20 20:12:21.521675 1700000 1700000 -1.13621331188 5.51257978695 -2.31408518164 -0.0865859524587 -0.987454593026 -0.591087812803 -0.352441726276 1.48358617707 -0.675742621339 -0.613008798183 -1.07917748825 -0.901462840691 -1.13529890404 -1.6221228758 -1.62330392515 -1.1066317737
2018-01-20 20:12:26.523655 1700000 1700000 -1.1321012028 6.37177473954 -2.31442409984 -0.0865859524587 -0.992174982336 -0.592082628419 0.323814475631 1.78458234278 -0.732478845774 -0.636962935995 -1.08328153295 -0.902858532416 -1.13114330711 -1.60235012179 -1.59578494105 -1.11881464856
2018-01-20 20:12:31.537062 1700000 1700000 -1.13822824533 6.09839452735 -2.31653292419 -0.0865859524587 -0.992588016401 -0.592182109981 0.405784924347 1.75671232744 -0.728959228874 -0.632421867215 -1.08227832203 -0.903835516623 -1.13749892594 -1.62611545113 -1.62101067648 -1.13023609374
2018-01-20 20:12:36.548972 1700000 1700000 -1.14916645548 3.83324419779 -2.31619400599 -0.0919965442308 -0.988708446436 -0.589562428857 0.754159331391 0.608467695279 -0.647022547432 -0.541486964905 -1.07881268428 -0.901589721757 -1.14825458859 -1.61984140418 -1.61642417913 -1.12033750792
2018-01-20 20:12:41.561037 2101000 2101000 -1.17648730819 -1.54765946439 -2.31385923617 -0.0865859524587 -0.989962299847 -0.591916825816 -0.356540248712 -0.740441047356 0.890486899349 0.315072133637 -1.027740128 -0.702513329332 -1.17574997345 -1.56565645328 -1.6187174278 -0.895715752705
2018-01-20 20:12:46.572383 1500000 1500000 -1.17734673899 -1.68981717473 -2.31446175741 -0.0865859524587 -0.990183568096 -0.59214894946 -0.549170803195 -0.628960985982 1.97452890468 0.860000387182 -1.02381848528 -0.673330684171 -1.176607982 -1.52325910574 -1.57743895165 -0.862974276522
2018-01-20 20:12:51.585311 1500000 1500000 -1.17700132183 -1.71481193698 -2.30546159632 1.91533300323 -0.988487178187 -0.591717862693 -0.659830908961 -0.456166890851 1.87597963147 0.746473667694 -1.00931752734 -0.614965393848 -1.1762633119 -0.473592039368 -0.398709132645 -0.572869568946
2018-01-20 20:12:56.597278 1700000 1700000 -1.17732206634 -1.66794675775 -2.31596806052 -0.57353921195 -0.990721987501 -0.592314752063 -0.545072280759 -0.511906921538 1.72111648785 0.718091987821 -1.02947294687 -0.694900465377 -1.17658598178 -1.6221228758 -1.69898113143 -0.855359979735
2018-01-20 20:13:01.608999 2101000 2101000 -1.17731795423 -1.66599404195 -2.31604337568 -0.606002762583 -0.990788367976 -0.592231850762 -0.405722517942 -0.272224789582 1.67888108504 0.769179011591 -1.02983775085 -0.696169276036 -1.17658109284 -1.62288336634 -1.68522163938 -0.904091479171
2018-01-20 20:13:06.620136 1900000 1900000 -1.17727272103 -1.6773197936 -2.31442409984 -0.097407136003 -0.990264699787 -0.592182109981 -0.573761937809 -0.188614743551 1.77743035825 0.740797331719 -1.02454809323 -0.678405926807 -1.17653464793 -1.57573295293 -1.6370634172 -0.875157151381
2018-01-20 20:13:11.631637 1900000 1900000 -0.635769637041 -0.771259661775 -0.617347699412 2.23996850956 -0.741478056306 -0.480149291294 0.352504132682 -0.41714886937 -0.565226650666 -0.502887880279 -0.392707611232 0.962166255509 -0.632716122293 0.494512416701 0.495657850647 0.334754608038
2018-01-20 20:13:16.641487 1700000 1700000 -0.516518473768 2.07579997658 -1.74330927516 0.427420265894 -0.865388275703 -0.553599844318 -0.569663415374 1.91835841643 -0.691651289729 -0.6268022946 -0.956329750197 -0.725351921197 -0.515381620718 -1.12133985591 -1.13713520603 -0.715256918859
2018-01-20 20:13:21.654519 1700000 1700000 -1.14077775296 3.71608124971 -2.31043239659 0.427420265894 -0.989667275515 -0.588352069857 1.23778497882 0.274027511154 -0.689680304265 -0.544892766489 -1.08455834686 -0.898798338306 -1.13994339472 -1.52344922837 -1.50405499405 -1.10739320338
2018-01-20 20:13:26.668224 1700000 1700000 -1.14361510822 4.06757009395 -2.31359563312 -0.0865859524587 -0.990589226552 -0.588749996104 1.30336133779 0.0956594129546 -0.693903844545 -0.543189865697 -1.08548859699 -0.899686505768 -1.14287675726 -1.67801893041 -1.68980813673 -1.10967749241
2018-01-20 20:13:31.683527 1700000 1700000 -1.1441496824 4.22378735806 -2.31442409984 -0.0919965442308 -0.991017011833 -0.588965539487 1.33205099484 -0.0213946514889 -0.698268169502 -0.546595667282 -1.08580780047 -0.8999402679 -1.14336565102 -1.61565870622 -1.61413093045 -1.11120035177
2018-01-20 20:13:36.694795 1700000 1700000 -0.925262116159 0.826061863724 -2.00352313765 -0.0865859524587 -0.964221426889 -0.580211162061 0.262336639094 1.22160803284 -0.723750195861 -0.631513653459 -1.05291160217 -0.857435110817 -0.923607907446 -1.50025426694 -1.50176174537 -1.02211307937
2018-01-20 20:13:41.706557 1700000 1700000 -1.14209362786 4.06757009395 -2.31276716641 -0.0865859524587 -0.99003605593 -0.58855103298 1.25417906856 0.0733634006797 -0.690665796997 -0.544325132892 -1.07452623759 -0.898290814043 -1.14141007599 -1.61071551772 -1.61413093045 -1.09140318013
2018-01-20 20:13:46.719921 1700000 1700000 -0.988999806874 0.26758514454 -2.02272850232 -0.0865859524587 -0.972703376431 -0.58312928787 0.397587879476 0.580597679935 -0.724172549889 -0.628675485472 -1.05272920018 -0.866697428629 -0.987897436434 -1.48960739939 -1.48341575597 -1.04038739165
2018-01-20 20:13:51.734737 1700000 1700000 -1.14365622931 3.83324419779 -2.31276716641 -0.0919965442308 -0.982660447632 -0.588236008035 0.204957324993 0.764539781204 -0.587752198829 -0.530701926553 -1.06495013329 -0.877989843496 -1.14287675726 -1.57535270766 -1.57743895165 -1.07160600848
2018-01-20 20:13:56.746972 1700000 1700000 -1.14464313549 3.83324419779 -2.31333203008 -0.0865859524587 -0.983029228047 -0.588716835583 0.0779031294832 0.837001821097 -0.587752198829 -0.538648796917 -1.07069579587 -0.87849736776 -1.14385454478 -1.59873779173 -1.60266468708 -1.0815045943
2018-01-20 20:14:01.764434 1700000 1700000 -0.985710119611 3.48175535355 -2.20649748191 -0.0919965442308 -0.883827296446 -0.556252685962 -0.31965354679 0.0510673884047 -0.510320627019 -0.513105285033 -0.913465283318 -0.622578257803 -0.984719627016 -1.48333335244 -1.58661194635 -0.672616856853
2018-01-20 20:14:06.779497 1700000 1700000 -1.05397113031 3.32553808944 -2.24942712058 -0.0919965442308 -0.910379486317 -0.566532447334 -0.454904787171 0.129103431367 -0.461045990413 -0.492102841927 -0.979129998537 -0.719007867901 -1.05292030606 -1.50158512538 -1.56597270828 -0.814242777087
2018-01-20 20:14:11.793540 1800000 1800000 -1.17128960232 -0.630664124078 -2.31423581195 -0.0919965442308 -0.979931472562 -0.58913134209 -0.639338296782 0.0566413914734 0.335795275842 -0.0709187126244 -1.03375939356 -0.722814299879 -1.17057258857 -1.56565645328 -1.62101067648 -0.888101455918
2018-01-20 20:14:16.836359 1900000 1900000 -1.17737141165 -1.69606586529 -2.3143111271 -0.0919965442308 -0.989667275515 -0.592016307378 -0.598353072424 -1.01914120079 2.24201978911 0.979203442645 -1.02482169621 -0.670793062852 -1.17663487115 -1.54683431245 -1.61413093045 -0.83556280809
2018-01-20 20:14:21.846353 1700000 1700000 -0.53707901916 0.626884851987 -1.42698562177 0.167711860831 -0.428752264494 -0.440190864029 -0.979515658954 -0.333538823338 -0.375167338043 -0.478479635589 -0.669046621113 0.00548301848934 -0.532492902198 -0.624359288713 -0.685365217034 -0.22489620579
2018-01-20 20:14:26.862509 1700000 1700000 -0.767357127549 3.16932082534 -2.0434401701 0.422009674122 -0.869076079852 -0.558739725004 -0.901643732674 1.72326830903 -0.639842528955 -0.606197195013 -0.941737591259 -0.626384689781 -0.764717436564 -1.27419845424 -1.32059510004 -0.718302637573
2018-01-20 20:14:31.907668 1700000 1700000 -0.989411017782 2.66161471699 -2.18691554146 -0.0919965442308 -0.842523889981 -0.549123174043 -0.737702835242 0.357637557185 -0.403324273247 -0.478479635589 -0.887016995243 -0.64414803901 -0.988630777069 -1.44036563699 -1.51322798875 -0.744191246648
2018-01-20 20:14:36.920547 2101000 2101000 -1.00956035227 3.09121219328 -2.21402899746 -0.0919965442308 -0.8454741333 -0.520770928971 0.516445030114 -1.06930722841 -0.368128104242 -0.31613642672 -0.955417740263 -0.687287601422 -1.00769763357 -1.45785691939 -1.53157397815 -0.753328402792
2018-01-20 20:14:41.927699 1900000 1900000 -0.818347280121 4.65338483436 -2.13796069034 -0.0865859524587 -0.857275106576 -0.407030343476 1.73370619355 -1.10275124682 -0.604646359951 -0.24291169265 -0.963625829666 -0.85984585107 -0.816051281003 -1.50253573855 -1.53386722682 -0.924650080495
2018-01-20 20:14:46.941239 1800000 1800000 -1.16236632562 0.755764094876 -2.31272950884 1.86122708551 -0.960902403155 -0.583958300884 -0.80737771665 0.268453508086 0.263995091073 -0.14073764511 -1.03412419753 -0.854770608433 -1.16160138814 -0.606487761048 -0.497318825675 -0.77769415251
2018-01-20 20:14:52.291066 2100000 2100000 -1.17520844227 0.767480389684 -2.33005199462 0.454473224754 -0.9960545523 -0.592782315403 1.63944017752 -0.506332918469 -0.59760712615 -0.279240242886 -1.07698866441 -0.909760862402 -1.17445929394 -1.73771743772 -1.74484610493 -1.16602328864
2018-01-20 20:14:57.363386 2101000 2101000 -0.82040333466 0.412086113839 -1.78473261072 0.167711860831 -0.489969813363 -0.426926655808 -0.372934338455 -0.835199099525 -0.151319703176 -0.303080853979 -0.633478233703 -0.632728743077 -0.803828937089 -1.18845314597 -1.28848961859 -0.481498007505
2018-01-20 20:15:02.374098 1900000 1900000 0.124970542459 0.704993484041 -0.545798301622 0.914373525386 0.588344119724 -0.0339744872614 -0.19259935128 -0.801755081113 -0.237198355547 -0.332030167448 0.128050060853 -0.635266364395 0.176403044814 0.625126666764 0.663065003929 0.302013131855
2018-01-20 20:15:07.387833 1900000 1900000 -0.199886074733 1.2322267504 -1.21986894396 2.23996850956 -0.263538638631 -0.279362339349 0.270533683966 -0.333538823338 -0.43570474873 -0.4092283367 -0.49850076353 -0.538836754298 -0.197600678954 0.43063121143 0.557575564875 -0.126671777241
2018-01-20 20:15:12.458841 1500000 1500000 -1.17723571205 -1.69762803793 -2.31190104212 0.438241449438 -0.989446007266 -0.591850504775 -0.491791489093 -0.99127118545 2.01676430748 0.911087410952 -1.02117365648 -0.665717820216 -1.17650042537 -1.45633593831 -1.54074697285 -0.716779778216
2018-01-20 20:15:17.476993 1900000 1900000 -0.972962581468 -0.384621933109 -1.85251625073 0.427420265894 -0.910379486317 -0.571506525416 -1.07788019741 0.11795542523 -0.589160045589 -0.585762385505 -0.800376051552 -0.142967828634 -0.970297261198 -1.10841151675 -1.20134616893 -0.450279390679
2018-01-20 20:15:22.489927 1700000 1700000 -0.967205628758 2.89594061315 -2.17712457123 -0.595181579039 -0.947183771721 -0.57714381391 -0.27047127756 1.9072104103 -0.674475559255 -0.610738263793 -1.03257378065 -0.808332138307 -0.965408323632 -1.65349311053 -1.70586087746 -0.958152986357
2018-01-20 20:15:27.521248 1700000 1700000 -0.985710119611 1.86881210164 -2.15189399412 0.422009674122 -0.840311207491 -0.549454779249 -0.795082149343 0.184843462054 -0.406139966767 -0.483020704368 -0.880632925708 -0.630191121759 -0.984719627016 -1.39074362933 -1.45131027452 -0.751044113756
2018-01-20 20:15:32.533147 1700000 1700000 -0.930607857961 3.83324419779 -2.17976060168 -0.0919965442308 -0.824084869237 -0.48346534335 0.97957806536 -1.18078728979 -0.461045990413 -0.305351388368 -0.947209650861 -0.715201435923 -0.928496845012 -1.45633593831 -1.5269874808 -0.762465558937
2018-01-20 20:15:37.545469 1900000 1900000 -0.962271097864 4.02851577793 -2.20423802724 -0.0865859524587 -0.888990222255 -0.463237425813 1.65583426727 -0.846347105663 -0.551148183064 -0.171957492969 -0.990986127674 -0.848807198335 -0.961252726701 -1.51033076658 -1.54304022152 -0.925411510174
2018-01-20 20:15:42.558312 1700000 1700000 -1.16980924305 0.775291252889 -2.32282173968 -0.0865859524587 -0.978013814405 -0.588617354021 -0.676224998705 0.301897526498 0.245693083191 -0.128249705966 -1.05883966673 -0.885983350649 -1.16905701793 -1.6894262885 -1.70586087746 -1.10206319563
2018-01-20 20:15:47.760741 2100000 2100000 -1.17503162158 0.232436260116 -2.32862100666 0.405777898805 -0.995235859779 -0.592381073104 1.41402144355 -0.573220955294 -0.497650006178 -0.205447875218 -1.07616785547 -0.909215273818 -1.17428818112 -1.75007540898 -1.74943260228 -1.20028762418
2018-01-20 20:15:52.770687 1800000 1800000 -1.12058729738 0.205098238897 -2.23662354413 -0.0865859524587 -0.912592168806 -0.567361460347 -0.463101832043 -0.662405004394 -0.123162767973 -0.298539785199 -0.974569948869 -0.749459323721 -1.11843206944 -1.50823941759 -1.55909296225 -0.863735706201
2018-01-20 20:15:57.783425 1800000 1800000 0.347024432692 1.84147408042 -0.880950743902 0.919784117158 0.123680796985 -0.256149974963 -0.643436819218 -0.506332918469 -0.445559676052 -0.494941009914 -0.216689694048 -0.291418675758 0.36462714109 0.426638636101 0.458965871845 0.184752961339
2018-01-20 20:16:02.796355 1700000 1700000 0.787020104078 2.93499492917 -0.880950743902 0.173122452604 0.0794271471999 -0.277704313322 -0.725407267934 -0.450592887782 -0.528622634902 -0.543757499294 -0.23766592252 -0.385310664537 0.789964709298 -0.496787000806 -0.641793492207 0.141351469654
2018-01-20 20:16:07.809628 1800000 1800000 -1.12305456283 1.82194692241 -2.2814360617 0.167711860831 -0.947331283887 -0.578072308486 -0.409821040377 -0.890939130212 -0.363904563962 -0.432501314196 -1.05163478826 -0.87228019553 -1.12234321949 -1.54949602933 -1.56138621092 -1.02135164969
2018-01-20 20:16:12.822070 1900000 1900000 -1.17542227194 -1.36879069699 -2.3136332907 -0.0919965442308 -0.971670791269 -0.585351042747 -0.204894918587 -1.4171250199 3.03041397481 1.7228034553 -1.07051339388 -0.880781226946 -1.17467929613 -1.62801667748 -1.6462364119 -1.05409312587
2018-01-20 20:16:17.833175 1900000 1900000 -1.17593217347 -1.46252105545 -2.3132943725 0.167711860831 -0.971375766937 -0.585351042747 -0.237683098074 -1.62447793406 3.8188081605 2.18258666922 -1.0703309919 -0.880146821617 -1.17519263457 -1.59550570694 -1.60725118443 -1.05333169619
2018-01-20 20:16:22.845624 1900000 1900000 -1.17578002543 -1.46252105545 -2.31208933001 0.422009674122 -0.970490693941 -0.585102338843 -0.249978665381 -1.6194613313 3.70618041969 2.10879430156 -1.06969258494 -0.879131773089 -1.17504596645 -1.54303185975 -1.5453334702 -1.04876311812
2018-01-20 20:16:27.856946 1900000 1900000 -1.17590750081 -1.48204821346 -2.31216464517 0.427420265894 -0.970564450024 -0.585085758583 -0.241781620509 -1.62893713651 3.91735743371 2.24502636494 -1.06969258494 -0.879131773089 -1.17516818988 -1.50310610646 -1.49717524802 -1.04876311812
2018-01-20 20:16:32.868961 1900000 1900000 -1.17591572503 -1.48204821346 -2.31223996032 0.427420265894 -0.970638206107 -0.585118919103 -0.245880142945 -1.63339633897 3.91735743371 2.23935002897 -1.06969258494 -0.879131773089 -1.17516818988 -1.51109125712 -1.50634824272 -1.05028597748
2018-01-20 20:16:37.868937 1900000 1900000 -1.17593217347 -1.48595364507 -2.31223996032 0.427420265894 -0.970564450024 -0.585118919103 -0.249978665381 -1.63172413805 3.95959283652 2.26205537287 -1.06969258494 -0.879131773089 -1.17519263457 -1.48808641831 -1.47882925862 -1.0495245478
2018-01-20 20:16:42.881728 1900000 1900000 -1.17591572503 -1.48204821346 -2.31223996032 0.427420265894 -0.97071196219 -0.585152079624 -0.249978665381 -1.63339633897 3.91735743371 2.23367369299 -1.06978378594 -0.879258654155 -1.17519263457 -1.50976039867 -1.50405499405 -1.05257026651
2018-01-20 20:16:47.893289 1900000 1900000 -1.17595273401 -1.48985907667 -2.31223996032 0.427420265894 -0.970564450024 -0.585135499363 -0.249978665381 -1.63674074081 3.98774977172 2.27908438079 -1.06969258494 -0.879131773089 -1.17521707926 -1.51888628514 -1.51552123742 -1.05104740716
2018-01-20 20:16:52.905164 1900000 1900000 -1.17591572503 -1.48204821346 -2.31223996032 0.427420265894 -0.970638206107 -0.585135499363 -0.249978665381 -1.6361833405 3.91735743371 2.23935002897 -1.06978378594 -0.879131773089 -1.17516818988 -1.53143437903 -1.53157397815 -1.04800168844
2018-01-20 20:16:57.917092 2101000 2101000 -1.17215314522 -0.872800883445 -2.3122776179 0.427420265894 -0.971302010854 -0.586246376802 -0.532776713451 -1.58657471319 1.10166391337 0.377511829356 -1.0702397909 -0.887125280242 -1.17140370796 -1.5219282473 -1.51552123742 -1.06323028201
2018-01-20 20:17:02.928301 1800000 1800000 -1.16532704415 0.2090036705 -2.31220230275 0.427420265894 -0.973662205509 -0.587738600227 -0.877052598059 -1.43496182972 0.0528180770481 -0.258237799781 -1.07133420282 -0.904634867339 -1.16458364005 -1.51660481352 -1.4994684967 -1.09521032852
2018-01-20 20:17:07.941458 1700000 1700000 -0.861524425444 2.77877766507 -2.092771597 2.18586259184 -0.858012667405 -0.552936633907 -0.684422043576 -0.472888900057 -0.579305118268 -0.568733377582 -0.972745929002 -0.836119091743 -0.860051719093 -0.440130455655 -0.316152180342 -0.712972629823
2018-01-20 20:17:12.953914 2100000 2100000 -1.16372332161 0.564397946344 -2.31310608461 0.18935422792 -0.97616991233 -0.583062966829 0.684484449982 -0.545350939951 -0.116123534172 -0.0425370327523 -1.07288461971 -0.888140328769 -1.16299473535 -1.55177750095 -1.60495793575 -0.885817166882
2018-01-20 20:17:17.964300 2100000 2100000 -1.16725973542 0.103557017227 -2.31446175741 -0.0865859524587 -0.986864544362 -0.585583166391 1.3156569051 -0.350260832545 -0.35123394312 -0.025508024829 -1.08154871408 -0.901462840691 -1.16651477039 -1.63048827173 -1.63247691985 -1.10967749241
2018-01-20 20:17:22.976993 1700000 1700000 -1.14838515475 2.46634313685 -2.30994284808 0.930605300702 -0.977276253575 -0.587456735802 -0.266372755124 -0.41714886937 -0.473716611255 -0.486426505953 -1.07489104157 -0.90384820473 -1.14752124795 -0.655729523444 -0.543183799177 -0.822618503552
2018-01-20 20:17:27.989975 1700000 1700000 -1.14336838168 2.89594061315 -2.30832357223 0.941426484246 -0.978677619152 -0.587091970076 0.0574105173042 0.251731498879 -0.537069715463 -0.505158414668 -1.07598545349 -0.903632506918 -1.14263231039 -0.562759555059 -0.449160603498 -0.762465558937
2018-01-20 20:17:33.001996 1700000 1700000 -1.1508524202 3.01310356123 -2.31438644226 -0.0811753606866 -0.98509439837 -0.588965539487 0.332011520503 0.496987633904 -0.577897271507 -0.514240552227 -1.08118391011 -0.90775614156 -1.15021016361 -1.62193275317 -1.64394316323 -1.03734167294
2018-01-20 20:17:38.013884 1700000 1700000 -1.15097578347 3.01310356123 -2.31453707257 -0.0865859524587 -0.985241910536 -0.588982119748 0.340208565375 0.496987633904 -0.579305118268 -0.514808185825 -1.0812751111 -0.907730765347 -1.15021016361 -1.63048827173 -1.63018367118 -1.1172917892
2018-01-20 20:17:43.026845 1700000 1700000 -1.1508524202 3.05215787726 -2.31449941499 -0.0865859524587 -0.985241910536 -0.588998700008 0.332011520503 0.51370964311 -0.579305118268 -0.515375819422 -1.0812751111 -0.907654636707 -1.15021016361 -1.63029814909 -1.63018367118 -1.11653035952
2018-01-20 20:17:48.042284 1700000 1700000 -1.15077017802 3.05215787726 -2.31442409984 -0.0865859524587 -0.985168154453 -0.588932378967 0.352504132682 0.496987633904 -0.580712965028 -0.514240552227 -1.0812751111 -0.907565819961 -1.14996571673 -1.64436722406 -1.6462364119 -1.11957607824
2018-01-20 20:17:53.055026 1700000 1700000 -1.15081129911 3.05215787726 -2.31449941499 -0.0865859524587 -0.98509439837 -0.589048440789 0.299223341017 0.536005655385 -0.579305118268 -0.517646353812 -1.08118391011 -0.907451627002 -1.14996571673 -1.64208575245 -1.64394316323 -1.11805321888
2018-01-20 20:17:58.067108 1800000 1800000 -1.14488986204 1.04086060187 -2.29386306237 -0.0865859524587 -0.961861232233 -0.581222557938 -0.0696436782057 -0.461740893919 -0.293512225953 -0.351897343359 -1.06239650547 -0.892708047142 -1.14409899165 -1.64303636562 -1.6554094066 -1.08378888334
2018-01-20 20:18:03.082438 2101000 2101000 -1.15208605292 0.826061863724 -2.29985061723 -0.0865859524587 -0.96945810878 -0.580592508048 0.5492332096 0.0677893976109 -0.292104379193 -0.24291169265 -1.06859817302 -0.892834928208 -1.151432398 -1.62744630957 -1.63477016853 -1.08988032077
2018-01-20 20:18:08.091651 1700000 1700000 -1.15373089655 2.27107155672 -2.31325671492 0.162301269059 -0.985758203117 -0.585152079624 1.25417906856 0.831427818028 -0.566634497426 -0.367791084087 -1.08173111607 -0.900574673229 -1.15289907927 -1.58999215053 -1.58431869768 -1.10739320338
2018-01-20 20:18:13.106099 1800000 1800000 -1.1374469446 0.904170495778 -2.28181263747 2.07765075639 -0.964368939055 -0.578503395253 0.504149462807 0.368785563323 -0.411771353808 -0.357006045736 -1.0648589323 -0.892581166076 -1.13652113843 -0.737292133745 -0.641793492207 -0.821857073873
2018-01-20 20:18:18.118160 1700000 1700000 -1.1388039406 3.52080966958 -2.30839888739 -0.0757647689144 -0.985979471366 -0.586428759665 1.09433669356 -0.0938566913825 -0.651105303036 -0.510834750643 -1.08182231706 -0.901970364954 -1.1379878197 -1.61109576299 -1.63477016853 -1.0243973684
2018-01-20 20:18:23.134965 1800000 1800000 -1.15426547073 -0.0175113624563 -2.28859100148 0.167711860831 -0.981480350305 -0.588236008035 0.0410164275609 -0.712571032013 -0.480755845056 -0.466559330042 -1.01989684257 -0.760878619654 -1.15348575178 -1.57021939652 -1.61183768178 -0.936832955354
2018-01-20 20:18:28.150372 1900000 1900000 -1.17733851477 -1.69020771789 -2.31427346952 -0.0865859524587 -0.991430045898 -0.592463974406 -0.442609219864 -0.851921108731 1.48178253862 0.632946948205 -0.996458187275 -0.655567334942 -1.17660064859 -1.5536787273 -1.62559717383 -0.824902792588
2018-01-20 20:18:33.166720 1900000 1900000 -1.03670027218 -0.712678187734 -1.90900261741 0.167711860831 -0.936046603192 -0.578171790047 -1.06558463011 -0.0604126729701 -0.583528658548 -0.582924217518 -0.800376051552 -0.142967828634 -1.03580902458 -1.20689504154 -1.31142210534 -0.479213718468
2018-01-20 20:18:38.178491 1700000 1700000 -0.972140159653 2.73972334904 -2.17524169235 0.422009674122 -0.945782406145 -0.576978011308 -0.323752069225 1.96295044098 -0.66828103351 -0.607900095806 -1.03074976078 -0.809727830032 -0.971275048711 -1.54398247292 -1.5728524543 -0.961198705072
2018-01-20 20:18:43.190648 1700000 1700000 -1.01531730498 2.23201724069 -2.19369390546 0.422009674122 -0.856537545746 -0.553434041715 -0.749998402549 0.385507572529 -0.383614418604 -0.468829864432 -0.923497392587 -0.693631654717 -1.01454214617 -1.46241986262 -1.5178144861 -0.817288495801
2018-01-20 20:18:48.202191 1700000 1700000 -0.806010952886 3.91135282985 -2.106328325 -0.0919965442308 -0.790157071069 -0.402056265393 1.42631701086 -1.06930722841 -0.525806941381 -0.246317494234 -0.918937342919 -0.75199694504 -0.803828937089 -1.44378784442 -1.51322798875 -0.757896980865
2018-01-20 20:18:53.214398 1700000 1700000 -1.16668404015 0.954941106613 -2.31969616073 -0.0865859524587 -0.972113327767 -0.586859846432 -0.676224998705 0.290749520361 0.207681220667 -0.148116881877 -1.05163478826 -0.871772671266 -1.16595254257 -1.67801893041 -1.70356762878 -1.06399171169
2018-01-20 20:18:58.228865 2100000 2100000 -1.17496993994 0.622979420384 -2.32944947337 -0.0865859524587 -0.995951293784 -0.592513715186 1.70091801406 -0.550924943019 -0.59619927939 -0.241776425455 -1.07644145845 -0.909659357549 -1.17423929175 -1.78790981329 -1.79759082446 -1.19191189771
2018-01-20 20:19:03.237399 2101000 2101000 -0.950345981537 0.232436260116 -1.95419171075 -0.0865859524587 -0.685423433245 -0.48711300061 -0.262274232688 -0.601090970638 -0.147096162896 -0.28491657886 -0.814056200556 -0.599739665938 -0.949519276544 -1.41184724178 -1.50405499405 -0.660433981994
2018-01-20 20:19:08.245340 1700000 1700000 -0.701563382295 0.95103567501 -1.7357777596 0.92519470893 -0.506933712447 -0.426926655808 -0.27047127756 -0.322390817201 -0.306182846795 -0.384252458413 -0.698230938988 -0.764685051631 -0.698716779429 -0.418076230025 -0.359723905169 -0.479975148147
2018-01-20 20:19:13.257235 1800000 1800000 -1.14735712748 1.5173232574 -2.30192178401 2.29407442728 -0.975358595418 -0.582051570952 0.770553421134 -0.461740893919 -0.455414603373 -0.347923908177 -1.07334062468 -0.893215571406 -1.14654346044 -0.46484639817 -0.327618423717 -0.773887004117
2018-01-20 20:19:18.268517 1700000 1700000 -1.14879636566 3.32553808944 -2.31419815437 -0.0703541771423 -0.986790788279 -0.58790440283 0.909903183951 -0.222058761964 -0.618724827552 -0.496076277109 -1.08273432699 -0.906220880663 -1.14801014171 -1.61641919676 -1.63018367118 -1.06094599298
2018-01-20 20:19:23.281679 1700000 1700000 -1.14669919003 2.62256040096 -2.30934032683 0.167711860831 -0.979931472562 -0.58734067398 0.135282443584 0.0399193822672 -0.528622634902 -0.493238109122 -1.07726226739 -0.903429497212 -1.14605456668 -1.60330073496 -1.6003714384 -1.10739320338
2018-01-20 20:19:28.296438 1800000 1800000 -1.15611591982 2.03674566056 -2.31416049679 -0.0919965442308 -0.982881715881 -0.588053625172 0.307420385888 -0.205336752757 -0.483571538576 -0.44271871895 -1.07945109123 -0.9043684171 -1.15534354806 -1.65539433688 -1.66228915263 -1.11043892209
2018-01-20 20:19:33.307695 1700000 1700000 -0.907168836214 0.0293538167759 -1.83368746184 -0.0865859524587 -0.809333652642 -0.52607661226 -0.118825947435 0.0287713761297 -0.461045990413 -0.467694597237 -0.928057442255 -0.840306166918 -0.906496625967 -1.38275847867 -1.39856555499 -0.894192893348
2018-01-20 20:19:38.321269 1700000 1700000 -0.7805158766 0.255868849732 -1.67552563515 0.167711860831 -0.731152204689 -0.502201037462 -0.241781620509 0.045493385336 -0.473716611255 -0.48472360516 -0.87607287604 -0.856673824422 -0.779384249261 -1.27628980322 -1.29536936461 -0.810435628693
2018-01-20 20:19:43.333503 1700000 1700000 -0.833562083711 0.0527864063921 -1.70565169738 -0.0865859524587 -0.761392198709 -0.512480798833 -0.233584575638 -0.121726706726 -0.466677377454 -0.479614902783 -0.897961114447 -0.873295244057 -0.833162562483 -1.40994601544 -1.38939256029 -1.03353452455
2018-01-20 20:19:48.349212 1700000 1700000 -0.364370437868 0.0566918379947 -0.854590439453 -0.0865859524587 -0.365322033136 -0.378843901007 -0.286865367303 -0.205336752757 -0.423034127889 -0.456909558886 -0.576021607886 -0.815056834801 -0.361380087402 -0.857639761532 -0.900930592494 -0.443426523571
2018-01-20 20:19:53.359896 1800000 1800000 -0.994345548676 -0.279175279836 -1.93159716408 -0.0919965442308 -0.849161937448 -0.542988477741 -0.245880142945 -0.0436906637639 -0.408955660287 -0.445556886937 -0.968185879334 -0.87507157898 -0.993275267756 -1.46527170214 -1.4811225073 -0.95053868957
2018-01-20 20:19:58.379925 1800000 1800000 -1.10249401744 -0.408054522725 -2.15264714567 -0.108228319547 -0.955296940849 -0.573827761855 0.532839119857 0.318619535704 -0.527214788141 -0.452936123704 -1.05555643097 -0.897402646581 -1.10156523483 -1.59645632011 -1.60266468708 -1.07236743816
2018-01-20 20:20:03.393933 1700000 1700000 -1.13456846825 5.51257978695 -2.31321905735 0.167711860831 -0.992514260318 -0.592530295447 -0.00816584166869 1.7455643213 -0.733182769154 -0.643150142207 -1.08474074885 -0.9043684171 -1.13358777589 -1.61908091364 -1.61413093045 -1.12490608599
2018-01-20 20:20:08.406645 1700000 1700000 -1.12264335192 7.38718695624 -2.31299311188 0.162301269059 -0.96599157288 -0.586544821487 -1.27296986536 0.168121452848 -0.522991247861 -0.560786507218 -1.06139329455 -0.888394090901 -1.12185432573 -1.61185625352 -1.62330392515 -1.06551457105
2018-01-20 20:20:13.425901 1700000 1700000 -1.13991421005 4.84865641449 -2.31408518164 -0.0919965442308 -0.97690747316 -0.588252588295 -0.663929431397 -0.227632765032 -0.537069715463 -0.545460400087 -1.0716990068 -0.8999402679 -1.13921005409 -1.6675621855 -1.68063514203 -1.09825604723
2018-01-20 20:20:18.440432 1700000 1700000 -1.15632152527 2.03674566056 -2.3143111271 -0.0865859524587 -0.966507865461 -0.585483684829 -0.7786880596 -0.846347105663 -0.138649082335 -0.344518106592 -1.05956927468 -0.885856469583 -1.15553910556 -1.64208575245 -1.65770265528 -1.07236743816
2018-01-20 20:20:23.455114 1700000 1700000 -1.13539089006 5.74690568311 -2.31438644226 -0.0865859524587 -0.994513050166 -0.592314752063 1.12712487305 1.25505205125 -0.753455762501 -0.63809820319 -1.08570747938 -0.900701554295 -1.13481001028 -1.6576758085 -1.65999590395 -1.12719037502
2018-01-20 20:20:28.470813 1700000 1700000 -1.13621331188 5.590688419 -2.31434878468 -0.0919965442308 -0.994232777051 -0.592298171803 1.02056328972 1.18816401443 -0.749795360924 -0.636906172635 -1.08510555282 -0.89930586257 -1.13554335092 -1.68391273209 -1.69210138541 -1.12566751567
2018-01-20 20:20:33.482844 1700000 1700000 -1.13662452279 5.43447115489 -2.31423581195 -0.0865859524587 -0.994026260019 -0.592298171803 0.93039579613 1.38325412183 -0.74712045208 -0.636338539037 -1.08319033196 -0.89930586257 -1.13603224467 -1.67668807197 -1.68522163938 -1.11957607824
2018-01-20 20:20:38.496191 1700000 1700000 -1.13621331188 5.27825389079 -2.31344500281 -0.0865859524587 -0.993959879544 -0.591949986337 1.11073078331 1.80687835506 -0.746979667404 -0.630378386264 -1.08081910613 -0.902351008152 -1.13529890404 -1.67326586454 -1.68063514203 -1.12109893759
2018-01-20 20:20:43.511506 1700000 1700000 -1.14661694785 3.75513556574 -2.31438644226 -0.0865859524587 -0.978530106986 -0.588584193501 -0.581958982681 0.714373753585 -0.508912780259 -0.526728491371 -1.07425263461 -0.898163932977 -1.1458101198 -1.66889304395 -1.67834189336 -1.11120035177
2018-01-20 20:20:48.510947 2101000 2101000 -1.15891215399 1.55637757343 -2.31427346952 -0.0919965442308 -0.968278011452 -0.584671252076 -0.344244681405 -0.963401170106 -0.0935979860094 -0.26504940295 -1.06768616309 -0.902224127086 -1.15815468716 -1.69988303341 -1.71962036951 -1.09825604723
2018-01-20 20:20:53.524619 2101000 2101000 -1.16499807543 0.494100177496 -2.31434878468 -0.0865859524587 -0.953231770525 -0.581471261842 -0.733604312806 -0.974549176244 0.73562375573 0.122076710506 -1.05017557236 -0.881161870144 -1.1642903038 -1.68087076993 -1.71044737481 -1.05257026651
2018-01-20 20:20:58.538019 1700000 1700000 -1.11976487557 5.12203662668 -2.30463312961 2.07765075639 -0.984651861872 -0.589860873542 -0.172106739101 1.34981010342 -0.683767347872 -0.61357643178 -1.07762707137 -0.899178981504 -1.11892096319 -0.77322531171 -0.680778719684 -0.836324237768
2018-01-20 20:21:03.555235 1700000 1700000 -1.13004514826 3.5598639856 -2.3027879083 2.51049809816 -0.96178747615 -0.583908560103 -0.713111700627 -0.450592887782 -0.442743982531 -0.498346811499 -1.05829246077 -0.891819879681 -1.12918773208 -0.55439415913 -0.446867354823 -0.736576949862
2018-01-20 20:21:08.569559 1700000 1700000 -1.14423192458 3.87229851382 -2.3132943725 -0.0703541771423 -0.973662205509 -0.586810105651 -0.467200354479 -0.0436906637639 -0.462453837174 -0.493805742719 -1.06412932435 -0.891692998615 -1.14336565102 -1.68258187365 -1.71274062348 -1.05180883683
2018-01-20 20:21:13.603690 1700000 1700000 -1.14760385403 1.90396098607 -2.3054992539 -0.0919965442308 -0.97144952302 -0.585384203268 -0.241781620509 -0.144022719001 -0.394877192686 -0.43590711578 -1.06878057501 -0.895499430593 -1.14678790732 -1.6937991091 -1.71503387216 -1.08911889109
2018-01-20 20:21:18.603812 2100000 2100000 -1.13374604643 -0.591609808051 -2.21252269435 -0.0919965442308 -0.97417849809 -0.582897164226 0.553331732036 -0.790607074975 -0.544108949263 -0.46485642925 -1.07151660481 -0.901082197493 -1.13285443525 -1.68220162838 -1.69668788276 -1.10358605498
2018-01-20 20:21:23.622840 2100000 2100000 -1.12017608647 -1.71949845491 -1.22363470174 -0.0865859524587 -0.96525401205 -0.572998748841 1.03285885703 -1.39092720548 -0.528622634902 -0.372899786464 -1.05756285283 -0.901209078559 -1.11916541007 -1.36013388514 -1.31371535401 -1.0853117427
2018-01-20 20:21:28.631334 1800000 1800000 -1.1057837047 -1.66013589455 -1.28012106841 0.941426484246 -0.950429039372 -0.567693065553 0.795144555749 -1.36751639259 -0.484979385336 -0.372899786464 -1.04625392965 -0.897656408713 -1.10474304425 -0.368834467629 -0.206076243936 -0.792922746084
2018-01-20 20:21:33.645625 1900000 1900000 -1.08933526839 -1.71637410962 -0.666302550532 0.941426484246 -0.943053431075 -0.558408119798 1.02876033459 -1.54532709048 -0.500465699698 -0.341112305007 -1.0345802025 -0.899686505768 -1.08836510341 0.0695883280692 0.303024961938 -0.727439793717
2018-01-20 20:21:38.659990 2100000 2100000 -1.10537249379 -1.72223225703 -0.926139837243 0.167711860831 -0.956993330757 -0.566698249936 1.07384408138 -1.52024407667 -0.527214788141 -0.361547114515 -1.04607152766 -0.902477889218 -1.10474304425 -1.09491280968 -1.03393901565 -0.952061548927
2018-01-20 20:21:43.673262 1700000 1700000 -1.13127878099 5.590688419 -2.3119386997 0.416599082349 -0.987380836943 -0.59090542994 -0.229486053202 1.45014215866 -0.686583041392 -0.616982233365 -1.07890388527 -0.900067148966 -1.13040996647 -1.58200699987 -1.57514570298 -1.10587034402
2018-01-20 20:21:48.686619 1700000 1700000 -1.12593303918 6.6061006357 -2.31239059064 0.930605300702 -0.991872582396 -0.591966566597 0.303321863452 1.90163640723 -0.735857677998 -0.640028157421 -1.08100150812 -0.902604770284 -1.12503213515 -0.801933829555 -0.712884201135 -0.844699964234
2018-01-20 20:21:53.702764 1700000 1700000 -1.14649358458 3.75513556574 -2.3143111271 -0.0757647689144 -0.988044641689 -0.589429786775 0.67628740511 0.664207725966 -0.648711963544 -0.548866201671 -1.08045430216 -0.903695947451 -1.1458101198 -1.65748568586 -1.67834189336 -1.06551457105
2018-01-20 20:21:58.719544 2101000 2101000 -1.17482601613 -1.2477223173 -2.3143111271 -0.0865859524587 -0.990176192487 -0.591601800871 0.0287208602535 -0.757163056563 0.116171181256 -0.0538897047011 -1.00949992933 -0.706319761309 -1.17409262362 -1.62231299844 -1.69210138541 -0.878964299774
2018-01-20 20:22:03.730243 1900000 1900000 -1.17754412023 -1.72691877495 -2.3143111271 -0.0919965442308 -0.991216153257 -0.592530295447 -0.659830908961 -0.996845188519 2.03084277509 0.837295043284 -0.992810147541 -0.645416849669 -1.17680842844 -1.61832042311 -1.70815412613 -0.809674199015
2018-01-20 20:22:08.743732 1900000 1900000 -0.893598876255 -0.329945890671 -1.69058866626 2.23996850956 -0.906691682168 -0.567195657745 -0.65163386409 1.41112413718 -0.637026835435 -0.598817958246 -0.803112081352 -0.170881663136 -0.89182981327 -0.31103718667 -0.277166952865 -0.325404923376
2018-01-20 20:22:13.756274 1700000 1700000 -1.03546663946 2.85688629712 -2.22683257391 0.438241449438 -0.914067290466 -0.568853683772 -0.577860460245 0.725521759722 -0.5145441673 -0.528999025761 -0.988250097873 -0.778641968882 -1.03434234331 -1.51888628514 -1.59578494105 -0.784547019618
2018-01-20 20:22:18.773135 1700000 1700000 -0.904290359859 2.93499492917 -2.13155890212 0.422009674122 -0.799745361856 -0.483133738144 0.782848988441 -0.924383148625 -0.448375369572 -0.338841770618 -0.907081213783 -0.67459949483 -0.904052157184 -1.41450895867 -1.48800225332 -0.724394075003
2018-01-20 20:22:23.786421 1900000 1900000 -1.02107425769 3.75513556574 -2.23511724102 -0.0811753606866 -0.913329729636 -0.496729551571 1.62714461022 -0.673553010532 -0.537069715463 -0.160037187423 -1.00694630151 -0.845888933819 -1.02016442437 -1.62668581903 -1.67834189336 -0.942162963105
2018-01-20 20:22:28.800878 2100000 2100000 -1.17481779191 1.00961714905 -2.32993902188 -0.102817727775 -0.994114767318 -0.592580036227 0.741863764083 -0.0659866760388 -0.375167338043 -0.274699174106 -1.07452623759 -0.906969478952 -1.17406817893 -1.84969966958 -1.87326803074 -1.18810474932
2018-01-20 20:22:33.811295 2100000 2100000 -1.17264659831 -0.333851322274 -2.32112714868 0.411188490577 -0.992558513967 -0.592364492844 0.209055847429 -0.818477090319 -0.401916426486 -0.392199328777 -1.05510042601 -0.835357805348 -1.1719170464 -1.73866805089 -1.77924483506 -1.05561598523
2018-01-20 20:22:38.823842 1800000 1800000 -0.9116921562 0.189476512486 -1.87887655518 0.941426484246 -0.638219540142 -0.471361753348 -0.27047127756 -0.63453498905 -0.156951090217 -0.292863449225 -0.805848111153 -0.645416849669 -0.911385563532 -0.407049117211 -0.357430656493 -0.443426523571
2018-01-20 20:22:43.837753 1700000 1700000 -0.565863782709 0.2090036705 -1.29894985731 0.941426484246 -0.41105080458 -0.400398239366 -0.368835816019 -0.0213946514889 -0.338563322279 -0.41376940548 -0.610677985363 -0.774835536905 -0.564270996374 -0.0501889318137 0.0324216182749 -0.308653470445
2018-01-20 20:22:48.850753 1800000 1800000 -1.01367246134 0.412086113839 -2.08034459633 0.167711860831 -0.865388275703 -0.551776015688 -0.434412174992 -0.144022719001 -0.411771353808 -0.462018261263 -0.982778038271 -0.876086627507 -1.01283101802 -1.52230849256 -1.5545064649 -0.935310095996
2018-01-20 20:22:53.862229 1700000 1700000 -0.356146219711 0.0762189960082 -0.850824681674 -0.0865859524587 -0.215597184698 -0.337393250316 -0.39752547307 -0.249928777307 -0.339971169039 -0.417742840662 -0.456548306584 -0.823938509415 -0.354046681054 -0.845281790274 -0.914690084545 -0.348247813736
2018-01-20 20:22:58.875071 1700000 1700000 -0.81094548378 0.248057986526 -1.72448048627 0.167711860831 -0.644120026779 -0.480315093897 -0.438510697428 -0.339112826407 -0.337155475519 -0.419445741454 -0.805848111153 -0.862383472388 -0.808717874655 -1.27058612418 -1.29536936461 -0.787592738333
2018-01-20 20:23:03.890806 1700000 1700000 -1.14439640895 4.10662440998 -2.31427346952 -0.0919965442308 -0.981922886802 -0.588849477665 -0.155712649358 -0.534202933813 -0.573673731227 -0.543189865697 -1.07890388527 -0.91002731264 -1.1436100979 -1.7074879388 -1.72191361818 -1.12109893759
2018-01-20 20:23:08.903239 1800000 1800000 -1.1321012028 0.408180682237 -2.2626072728 -0.102817727775 -0.973883473758 -0.585019437541 0.102494264098 0.140251437505 -0.549740336304 -0.509699483448 -1.07042219289 -0.901082197493 -1.13114330711 -1.68220162838 -1.69898113143 -1.0959717582
2018-01-20 20:23:13.915855 1800000 1800000 -1.10372765016 -0.712678187734 -2.11009408278 -0.113638911319 -0.949912746792 -0.573827761855 0.295124818581 0.201565471261 -0.490610772377 -0.448962688521 -1.0509963813 -0.89930586257 -1.10278746923 -1.60177975388 -1.6095444331 -1.0708445788
2018-01-20 20:23:18.932136 1700000 1700000 -1.13374604643 5.47352547092 -2.31280482399 0.162301269059 -0.992595392009 -0.592480554666 0.0983957416622 1.82360036426 -0.734872185266 -0.642752798689 -1.08337273395 -0.905091639176 -1.13285443525 -1.66185850646 -1.66687564998 -1.12109893759
2018-01-20 20:23:23.956481 1700000 1700000 -1.11729761012 8.32449054088 -2.31303076946 0.167711860831 -0.95632952601 -0.584505449473 -1.41109007144 -0.19418874662 -0.473716611255 -0.544325132892 -1.05291160217 -0.877989843496 -1.11623204753 -1.63543146023 -1.65999590395 -1.03810310262
2018-01-20 20:23:28.972150 1700000 1700000 -1.15052345147 3.01310356123 -2.31419815437 -0.0865859524587 -0.986422007864 -0.590590404994 -0.245880142945 -0.177466737414 -0.603238513191 -0.565327575997 -1.08136631209 -0.906347761729 -1.14972126986 -1.71908541952 -1.73796635891 -1.11424607049
2018-01-20 20:23:33.988278 2101000 2101000 -1.16216072016 1.00961714905 -2.31438644226 -0.0865859524587 -0.962672549146 -0.584008041665 -0.668027953833 -0.968975173175 0.200641986866 -0.150955049864 -1.05774525481 -0.890170425824 -1.16138138595 -1.69037690167 -1.71732712083 -1.06779886009
2018-01-20 20:23:38.998384 1700000 1700000 -1.13539089006 5.74690568311 -2.31434878468 -0.0865859524587 -0.995553010936 -0.592182109981 1.64353869996 1.45571616173 -0.764859321258 -0.635543852001 -1.08785982282 -0.906335073622 -1.1345655634 -1.7086286746 -1.71503387216 -1.14851040603
2018-01-20 20:23:44.012572 1700000 1700000 -1.11688639921 5.590688419 -2.30504736297 1.91533300323 -0.99410739171 -0.591319936446 1.42631701086 1.23833004205 -0.759931857597 -0.636735882556 -1.08246072401 -0.901716602823 -1.11598760065 -0.717329257098 -0.61198125943 -0.84089281584
2018-01-20 20:23:49.028298 1700000 1700000 -1.13497967916 5.47352547092 -2.31348266039 -0.0703541771423 -0.994343411175 -0.591867085036 1.29516429292 1.08783195919 -0.751907131064 -0.629867516027 -1.08328153295 -0.90209724602 -1.13432111652 -1.69950278814 -1.72420686686 -1.0815045943
2018-01-20 20:23:54.044490 1700000 1700000 -1.13662452279 5.51257978695 -2.31419815437 -0.0865859524587 -0.994704815982 -0.592215270501 1.2705731583 1.18816401443 -0.755004393937 -0.635260035202 -1.08382873891 -0.902224127086 -1.13554335092 -1.69113739221 -1.70356762878 -1.11653035952
2018-01-20 20:23:59.061093 2101000 2101000 -1.16228408344 0.974468264626 -2.3143111271 -0.0865859524587 -0.960828647072 -0.583991461404 -0.819673283958 -0.829625096456 0.261179397553 -0.144711080292 -1.06084608859 -0.89930586257 -1.16152805408 -1.68600408107 -1.70815412613 -1.08074316462
2018-01-20 20:24:04.072281 2101000 2101000 -1.16092708744 1.21269959239 -2.3143111271 -0.0919965442308 -0.965327768133 -0.584654671815 -0.618845684603 -1.13062126217 0.0626730043693 -0.217368180765 -1.06513253528 -0.900574673229 -1.16015915156 -1.6949398449 -1.71732712083 -1.08607317237
2018-01-20 20:24:09.083910 1800000 1800000 -1.15385425983 1.10334750751 -2.30519799328 1.91533300323 -0.955149428683 -0.58195208939 -0.709013178191 -0.562072949157 0.0119905210032 -0.257102532586 -1.05081397932 -0.882176918671 -1.15314352615 -0.752501944524 -0.667019227633 -0.799014183513
2018-01-20 20:24:14.098452 1700000 1700000 -1.11071823559 5.98123157927 -2.30372934774 2.348180345 -0.98730708086 -0.590590404994 -0.0286584538477 1.65080626913 -0.715725469328 -0.631627180179 -1.07817427733 -0.898290814043 -1.10963198182 -0.573216299969 -0.462920095548 -0.758658410543
2018-01-20 20:24:19.112043 1800000 1800000 -1.15656825182 2.11485429261 -2.31495130592 0.183943636148 -0.962451280897 -0.583908560103 -0.655732386526 -0.985697182381 -0.0443233494035 -0.280375510081 -1.05874846574 -0.893849976736 -1.15580799712 -1.66870292131 -1.69439463408 -1.05713884458
2018-01-20 20:24:24.126551 1700000 1700000 -1.14201138568 4.49716757025 -2.31416049679 -0.0865859524587 -0.975801131916 -0.58795414361 -0.676224998705 0.201565471261 -0.508912780259 -0.531269560151 -1.0702397909 -0.89308869034 -1.14116562912 -1.72022615532 -1.74943260228 -1.08074316462
2018-01-20 20:24:29.143481 2100000 2100000 -1.16018690781 1.41187660413 -2.31472536046 0.162301269059 -0.981037813807 -0.585201820405 0.77465194357 -0.288946798788 -0.369535951002 -0.261075967768 -1.07516464455 -0.8999402679 -1.15942581092 -1.67288561927 -1.68522163938 -1.10434748466
2018-01-20 20:24:32.195053 1700000 1700000 -1.15800749 1.58762102625 -2.31352031797 -0.0919965442308 -0.974621034588 -0.585351042747 0.0983957416622 1.1212759776 -0.26817098427 -0.310460090745 -1.06248770647 -0.864159807311 -1.15725023371 -1.70425585401 -1.74025960758 -1.04724025876
