number of threads 160
reads 4359256
long reads 0
extra reads 0
read_length 101
kmer 60
kmers 21358992 21002905
merge bubble 63
contigs: 46968 n50: 266 max: 8310 mean: 118 total length: 5562158 n80: 60
aligned 179623 reads
confirmed bases: 2090890 correct reads: 85084 bases: 3806
kmer 20
kmers 49539227 49523114
merge bubble 12737
contigs: 285138 n50: 349 max: 6768 mean: 121 total length: 34637364 n80: 223
aligned 871348 reads
confirmed bases: 8060052 correct reads: 101679 bases: 1165
distance mean -nan sd -nan
invalid insert distance
kmer 40
kmers 36545550 36836474
merge bubble 91
contigs: 188499 n50: 390 max: 9579 mean: 174 total length: 32802767 n80: 246
aligned 873059 reads
confirmed bases: 8438457 correct reads: 113869 bases: 228
distance mean -nan sd -nan
invalid insert distance
kmer 60
kmers 33123105 33111523
merge bubble 14
contigs: 100630 n50: 444 max: 20308 mean: 282 total length: 28442761 n80: 287
aligned 842165 reads
confirmed bases: 8291661 correct reads: 115260 bases: 52
distance mean -nan sd -nan
invalid insert distance
kmer 80
kmers 24350257 24211344
merge bubble 2
contigs: 53402 n50: 503 max: 20328 mean: 451 total length: 24117367 n80: 339
aligned 802228 reads
confirmed bases: 8035743 correct reads: 114931 bases: 25
distance mean -nan sd -nan
invalid insert distance
kmer 100
kmers 19082744 18976083
merge bubble 0
contigs: 40925 n50: 539 max: 20328 mean: 536 total length: 21944183 n80: 370
reads 4359256
aligned 763124 reads
distance mean -nan sd -nan
invalid insert distance
