503.0Gb memory in total.
Using: 453.403Gb.
MEGAHIT v1.1.1
--- [Tue Jan 16 16:58:44 2018] Start assembly. Number of CPU threads 160 ---
--- [Tue Jan 16 16:58:44 2018] Available memory: 540930650112, used: 486837585100
--- [Tue Jan 16 16:58:44 2018] Converting reads to binaries ---
    [read_lib_functions-inl.h  : 209]     Lib 0 (/scratch/shofmeyr/hipmer_metagenome_data/SYNTHbbqc_25perc.fq): interleaved, 36327152 reads, 101 max length
    [utils.h                   : 126]     Real: 56.7533	user: 31.6360	sys: 3.7280	maxrss: 156760
--- [Tue Jan 16 16:59:41 2018] k-max reset to: 119 ---
--- [Tue Jan 16 16:59:41 2018] k list: 21,29,39,59,79,99,119 ---
--- [Tue Jan 16 16:59:41 2018] Extracting solid (k+1)-mers for k = 21 ---
--- [Tue Jan 16 17:00:25 2018] Building graph for k = 21 ---
--- [Tue Jan 16 17:00:52 2018] Assembling contigs from SdBG for k = 21 ---
--- [Tue Jan 16 17:01:43 2018] Local assembling k = 21 ---
--- [Tue Jan 16 17:02:12 2018] Extracting iterative edges from k = 21 to 29 ---
--- [Tue Jan 16 17:02:42 2018] Building graph for k = 29 ---
--- [Tue Jan 16 17:03:00 2018] Assembling contigs from SdBG for k = 29 ---
--- [Tue Jan 16 17:03:39 2018] Local assembling k = 29 ---
--- [Tue Jan 16 17:04:13 2018] Extracting iterative edges from k = 29 to 39 ---
--- [Tue Jan 16 17:04:36 2018] Building graph for k = 39 ---
--- [Tue Jan 16 17:04:52 2018] Assembling contigs from SdBG for k = 39 ---
--- [Tue Jan 16 17:05:34 2018] Local assembling k = 39 ---
--- [Tue Jan 16 17:06:10 2018] Extracting iterative edges from k = 39 to 59 ---
--- [Tue Jan 16 17:06:30 2018] Building graph for k = 59 ---
--- [Tue Jan 16 17:06:50 2018] Assembling contigs from SdBG for k = 59 ---
--- [Tue Jan 16 17:07:34 2018] Local assembling k = 59 ---
--- [Tue Jan 16 17:07:59 2018] Extracting iterative edges from k = 59 to 79 ---
--- [Tue Jan 16 17:08:15 2018] Building graph for k = 79 ---
--- [Tue Jan 16 17:08:30 2018] Assembling contigs from SdBG for k = 79 ---
--- [Tue Jan 16 17:09:00 2018] Local assembling k = 79 ---
--- [Tue Jan 16 17:09:31 2018] Extracting iterative edges from k = 79 to 99 ---
--- [Tue Jan 16 17:09:39 2018] Building graph for k = 99 ---
--- [Tue Jan 16 17:09:51 2018] Assembling contigs from SdBG for k = 99 ---
--- [Tue Jan 16 17:10:22 2018] Local assembling k = 99 ---
--- [Tue Jan 16 17:10:46 2018] Extracting iterative edges from k = 99 to 119 ---
--- [Tue Jan 16 17:10:51 2018] Building graph for k = 119 ---
--- [Tue Jan 16 17:11:02 2018] Assembling contigs from SdBG for k = 119 ---
--- [Tue Jan 16 17:11:30 2018] Merging to output final contigs ---
--- [STAT] 57779 contigs, total 191888541 bp, min 200 bp, max 708009 bp, avg 3321 bp, N50 15328 bp
--- [Tue Jan 16 17:11:32 2018] ALL DONE. Time elapsed: 767.615281 seconds ---
