number of threads 160
reads 4359256
long reads 0
extra reads 0
read_length 101
kmer 60
kmers 21358992 21002905
merge bubble 63
contigs: 46968 n50: 266 max: 8310 mean: 118 total length: 5562158 n80: 60
aligned 179616 reads
confirmed bases: 2090888 correct reads: 85093 bases: 3800
kmer 20
kmers 49539226 49523113
merge bubble 12737
contigs: 285138 n50: 349 max: 6768 mean: 121 total length: 34637364 n80: 223
aligned 871359 reads
confirmed bases: 8060006 correct reads: 101684 bases: 1172
distance mean -nan sd -nan
invalid insert distance
kmer 40
kmers 36545438 36836363
merge bubble 91
contigs: 188493 n50: 390 max: 9579 mean: 174 total length: 32802117 n80: 246
aligned 873073 reads
confirmed bases: 8438515 correct reads: 113898 bases: 234
distance mean -nan sd -nan
invalid insert distance
kmer 60
kmers 33122698 33111125
merge bubble 14
contigs: 100626 n50: 444 max: 20308 mean: 282 total length: 28442385 n80: 287
aligned 842207 reads
confirmed bases: 8291890 correct reads: 115283 bases: 54
distance mean -nan sd -nan
invalid insert distance
kmer 80
kmers 24350195 24211288
merge bubble 2
contigs: 53399 n50: 503 max: 20328 mean: 451 total length: 24117317 n80: 339
aligned 802282 reads
confirmed bases: 8036072 correct reads: 114949 bases: 24
distance mean -nan sd -nan
invalid insert distance
kmer 100
kmers 19082999 18976340
merge bubble 0
contigs: 40923 n50: 539 max: 20328 mean: 536 total length: 21944417 n80: 370
reads 4359256
aligned 763177 reads
distance mean -nan sd -nan
invalid insert distance
