503.0Gb memory in total.
Using: 453.403Gb.
MEGAHIT v1.1.1
--- [Tue Jan 23 09:47:46 2018] Start assembly. Number of CPU threads 160 ---
--- [Tue Jan 23 09:47:46 2018] Available memory: 540930650112, used: 486837585100
--- [Tue Jan 23 09:47:46 2018] Converting reads to binaries ---
    [read_lib_functions-inl.h  : 209]     Lib 0 (/scratch/shofmeyr/hipmer_metagenome_data/SYNTHbbqc_25perc.fq): interleaved, 36327152 reads, 101 max length
    [utils.h                   : 126]     Real: 57.8877	user: 31.4680	sys: 3.8920	maxrss: 156992
--- [Tue Jan 23 09:48:44 2018] k-max reset to: 119 ---
--- [Tue Jan 23 09:48:44 2018] k list: 21,29,39,59,79,99,119 ---
--- [Tue Jan 23 09:48:44 2018] Extracting solid (k+1)-mers for k = 21 ---
--- [Tue Jan 23 09:49:29 2018] Building graph for k = 21 ---
--- [Tue Jan 23 09:50:04 2018] Assembling contigs from SdBG for k = 21 ---
--- [Tue Jan 23 09:51:20 2018] Local assembling k = 21 ---
--- [Tue Jan 23 09:52:21 2018] Extracting iterative edges from k = 21 to 29 ---
--- [Tue Jan 23 09:55:33 2018] Building graph for k = 29 ---
--- [Tue Jan 23 09:55:53 2018] Assembling contigs from SdBG for k = 29 ---
--- [Tue Jan 23 09:56:50 2018] Local assembling k = 29 ---
--- [Tue Jan 23 09:57:28 2018] Extracting iterative edges from k = 29 to 39 ---
--- [Tue Jan 23 09:59:13 2018] Building graph for k = 39 ---
--- [Tue Jan 23 09:59:30 2018] Assembling contigs from SdBG for k = 39 ---
--- [Tue Jan 23 10:00:27 2018] Local assembling k = 39 ---
--- [Tue Jan 23 10:01:12 2018] Extracting iterative edges from k = 39 to 59 ---
--- [Tue Jan 23 10:02:55 2018] Building graph for k = 59 ---
--- [Tue Jan 23 10:03:16 2018] Assembling contigs from SdBG for k = 59 ---
--- [Tue Jan 23 10:04:03 2018] Local assembling k = 59 ---
--- [Tue Jan 23 10:04:48 2018] Extracting iterative edges from k = 59 to 79 ---
--- [Tue Jan 23 10:05:23 2018] Building graph for k = 79 ---
--- [Tue Jan 23 10:05:43 2018] Assembling contigs from SdBG for k = 79 ---
--- [Tue Jan 23 10:06:18 2018] Local assembling k = 79 ---
--- [Tue Jan 23 10:07:14 2018] Extracting iterative edges from k = 79 to 99 ---
--- [Tue Jan 23 10:07:22 2018] Building graph for k = 99 ---
--- [Tue Jan 23 10:07:34 2018] Assembling contigs from SdBG for k = 99 ---
--- [Tue Jan 23 10:08:09 2018] Local assembling k = 99 ---
--- [Tue Jan 23 10:09:04 2018] Extracting iterative edges from k = 99 to 119 ---
--- [Tue Jan 23 10:09:08 2018] Building graph for k = 119 ---
--- [Tue Jan 23 10:09:19 2018] Assembling contigs from SdBG for k = 119 ---
--- [Tue Jan 23 10:09:47 2018] Merging to output final contigs ---
--- [STAT] 57818 contigs, total 191907834 bp, min 200 bp, max 708009 bp, avg 3319 bp, N50 15328 bp
--- [Tue Jan 23 10:09:48 2018] ALL DONE. Time elapsed: 1322.331962 seconds ---
