number of threads 160
reads 4359256
long reads 0
extra reads 0
read_length 101
kmer 60
kmers 21358992 21002905
merge bubble 63
contigs: 46968 n50: 266 max: 8310 mean: 118 total length: 5562158 n80: 60
aligned 179631 reads
confirmed bases: 2090913 correct reads: 85072 bases: 3803
kmer 20
kmers 49539227 49523114
merge bubble 12737
contigs: 285138 n50: 349 max: 6768 mean: 121 total length: 34637364 n80: 223
aligned 871369 reads
confirmed bases: 8060303 correct reads: 101676 bases: 1171
distance mean -nan sd -nan
invalid insert distance
kmer 40
kmers 36545457 36836378
merge bubble 91
contigs: 188492 n50: 390 max: 9579 mean: 174 total length: 32802068 n80: 246
aligned 873086 reads
confirmed bases: 8438444 correct reads: 113872 bases: 236
distance mean -nan sd -nan
invalid insert distance
kmer 60
kmers 33122810 33111234
merge bubble 14
contigs: 100620 n50: 444 max: 20308 mean: 282 total length: 28441849 n80: 287
aligned 842207 reads
confirmed bases: 8291551 correct reads: 115268 bases: 55
distance mean -nan sd -nan
invalid insert distance
kmer 80
kmers 24350129 24211231
merge bubble 2
contigs: 53399 n50: 503 max: 20328 mean: 451 total length: 24117439 n80: 339
aligned 802295 reads
confirmed bases: 8036047 correct reads: 114975 bases: 23
distance mean -nan sd -nan
invalid insert distance
kmer 100
kmers 19083135 18976470
merge bubble 0
contigs: 40923 n50: 539 max: 20328 mean: 536 total length: 21944703 n80: 370
reads 4359256
aligned 763202 reads
distance mean -nan sd -nan
invalid insert distance
