503.0Gb memory in total.
Using: 453.403Gb.
MEGAHIT v1.1.1
--- [Tue Jan 16 16:17:09 2018] Start assembly. Number of CPU threads 160 ---
--- [Tue Jan 16 16:17:09 2018] Available memory: 540930650112, used: 486837585100
--- [Tue Jan 16 16:17:09 2018] Converting reads to binaries ---
    [read_lib_functions-inl.h  : 209]     Lib 0 (/scratch/shofmeyr/hipmer_metagenome_data/SYNTHbbqc_25perc.fq): interleaved, 36327152 reads, 101 max length
    [utils.h                   : 126]     Real: 57.7234	user: 33.0160	sys: 3.8200	maxrss: 156964
--- [Tue Jan 16 16:18:07 2018] k-max reset to: 119 ---
--- [Tue Jan 16 16:18:07 2018] k list: 21,29,39,59,79,99,119 ---
--- [Tue Jan 16 16:18:07 2018] Extracting solid (k+1)-mers for k = 21 ---
--- [Tue Jan 16 16:18:47 2018] Building graph for k = 21 ---
--- [Tue Jan 16 16:19:16 2018] Assembling contigs from SdBG for k = 21 ---
--- [Tue Jan 16 16:20:07 2018] Local assembling k = 21 ---
--- [Tue Jan 16 16:20:51 2018] Extracting iterative edges from k = 21 to 29 ---
--- [Tue Jan 16 16:23:17 2018] Building graph for k = 29 ---
--- [Tue Jan 16 16:23:37 2018] Assembling contigs from SdBG for k = 29 ---
--- [Tue Jan 16 16:24:39 2018] Local assembling k = 29 ---
--- [Tue Jan 16 16:25:40 2018] Extracting iterative edges from k = 29 to 39 ---
--- [Tue Jan 16 16:27:43 2018] Building graph for k = 39 ---
--- [Tue Jan 16 16:28:03 2018] Assembling contigs from SdBG for k = 39 ---
--- [Tue Jan 16 16:29:05 2018] Local assembling k = 39 ---
--- [Tue Jan 16 16:29:46 2018] Extracting iterative edges from k = 39 to 59 ---
--- [Tue Jan 16 16:31:21 2018] Building graph for k = 59 ---
--- [Tue Jan 16 16:31:42 2018] Assembling contigs from SdBG for k = 59 ---
--- [Tue Jan 16 16:32:22 2018] Local assembling k = 59 ---
--- [Tue Jan 16 16:33:20 2018] Extracting iterative edges from k = 59 to 79 ---
--- [Tue Jan 16 16:33:33 2018] Building graph for k = 79 ---
--- [Tue Jan 16 16:33:51 2018] Assembling contigs from SdBG for k = 79 ---
--- [Tue Jan 16 16:34:31 2018] Local assembling k = 79 ---
--- [Tue Jan 16 16:35:25 2018] Extracting iterative edges from k = 79 to 99 ---
--- [Tue Jan 16 16:35:32 2018] Building graph for k = 99 ---
--- [Tue Jan 16 16:35:45 2018] Assembling contigs from SdBG for k = 99 ---
--- [Tue Jan 16 16:36:15 2018] Local assembling k = 99 ---
--- [Tue Jan 16 16:36:35 2018] Extracting iterative edges from k = 99 to 119 ---
--- [Tue Jan 16 16:36:40 2018] Building graph for k = 119 ---
--- [Tue Jan 16 16:36:51 2018] Assembling contigs from SdBG for k = 119 ---
--- [Tue Jan 16 16:37:21 2018] Merging to output final contigs ---
--- [STAT] 57737 contigs, total 191887008 bp, min 200 bp, max 708009 bp, avg 3323 bp, N50 15340 bp
--- [Tue Jan 16 16:37:23 2018] ALL DONE. Time elapsed: 1213.717326 seconds ---
