number of threads 160
reads 4359256
long reads 0
extra reads 0
read_length 101
kmer 60
kmers 21358992 21002905
merge bubble 63
contigs: 46968 n50: 266 max: 8310 mean: 118 total length: 5562158 n80: 60
aligned 179636 reads
confirmed bases: 2090925 correct reads: 85072 bases: 3805
kmer 20
kmers 49539227 49523114
merge bubble 12737
contigs: 285138 n50: 349 max: 6768 mean: 121 total length: 34637364 n80: 223
aligned 871357 reads
confirmed bases: 8060173 correct reads: 101667 bases: 1167
distance mean -nan sd -nan
invalid insert distance
kmer 40
kmers 36545438 36836370
merge bubble 91
contigs: 188497 n50: 390 max: 9579 mean: 174 total length: 32802761 n80: 246
aligned 873085 reads
confirmed bases: 8438610 correct reads: 113878 bases: 231
distance mean -nan sd -nan
invalid insert distance
kmer 60
kmers 33123086 33111505
merge bubble 14
contigs: 100626 n50: 444 max: 20308 mean: 282 total length: 28442792 n80: 287
aligned 842200 reads
confirmed bases: 8291688 correct reads: 115256 bases: 49
distance mean -nan sd -nan
invalid insert distance
kmer 80
kmers 24350585 24211675
merge bubble 2
contigs: 53400 n50: 503 max: 20328 mean: 451 total length: 24117600 n80: 339
aligned 802283 reads
confirmed bases: 8036247 correct reads: 114966 bases: 26
distance mean -nan sd -nan
invalid insert distance
kmer 100
kmers 19083175 18976516
merge bubble 0
contigs: 40923 n50: 539 max: 20328 mean: 536 total length: 21944557 n80: 370
reads 4359256
aligned 763165 reads
distance mean -nan sd -nan
invalid insert distance
