503.0Gb memory in total.
Using: 453.403Gb.
MEGAHIT v1.1.1
--- [Fri Jan 12 10:24:48 2018] Start assembly. Number of CPU threads 160 ---
--- [Fri Jan 12 10:24:48 2018] Available memory: 540930650112, used: 486837585100
--- [Fri Jan 12 10:24:48 2018] Converting reads to binaries ---
    [read_lib_functions-inl.h  : 209]     Lib 0 (/scratch/shofmeyr/hipmer_metagenome_data/SYNTHbbqc_25perc.fq): interleaved, 36327152 reads, 101 max length
    [utils.h                   : 126]     Real: 58.0224	user: 33.1600	sys: 4.1480	maxrss: 157404
--- [Fri Jan 12 10:25:46 2018] k-max reset to: 119 ---
--- [Fri Jan 12 10:25:46 2018] k list: 21,29,39,59,79,99,119 ---
--- [Fri Jan 12 10:25:46 2018] Extracting solid (k+1)-mers for k = 21 ---
--- [Fri Jan 12 10:26:20 2018] Building graph for k = 21 ---
--- [Fri Jan 12 10:26:47 2018] Assembling contigs from SdBG for k = 21 ---
--- [Fri Jan 12 10:27:30 2018] Local assembling k = 21 ---
--- [Fri Jan 12 10:28:00 2018] Extracting iterative edges from k = 21 to 29 ---
--- [Fri Jan 12 10:28:25 2018] Building graph for k = 29 ---
--- [Fri Jan 12 10:28:42 2018] Assembling contigs from SdBG for k = 29 ---
--- [Fri Jan 12 10:29:15 2018] Local assembling k = 29 ---
--- [Fri Jan 12 10:29:45 2018] Extracting iterative edges from k = 29 to 39 ---
--- [Fri Jan 12 10:30:05 2018] Building graph for k = 39 ---
--- [Fri Jan 12 10:30:21 2018] Assembling contigs from SdBG for k = 39 ---
--- [Fri Jan 12 10:30:53 2018] Local assembling k = 39 ---
--- [Fri Jan 12 10:31:23 2018] Extracting iterative edges from k = 39 to 59 ---
--- [Fri Jan 12 10:31:43 2018] Building graph for k = 59 ---
--- [Fri Jan 12 10:32:01 2018] Assembling contigs from SdBG for k = 59 ---
--- [Fri Jan 12 10:32:34 2018] Local assembling k = 59 ---
--- [Fri Jan 12 10:33:00 2018] Extracting iterative edges from k = 59 to 79 ---
--- [Fri Jan 12 10:33:13 2018] Building graph for k = 79 ---
--- [Fri Jan 12 10:33:27 2018] Assembling contigs from SdBG for k = 79 ---
--- [Fri Jan 12 10:33:55 2018] Local assembling k = 79 ---
--- [Fri Jan 12 10:34:22 2018] Extracting iterative edges from k = 79 to 99 ---
--- [Fri Jan 12 10:34:29 2018] Building graph for k = 99 ---
--- [Fri Jan 12 10:34:41 2018] Assembling contigs from SdBG for k = 99 ---
--- [Fri Jan 12 10:35:09 2018] Local assembling k = 99 ---
--- [Fri Jan 12 10:35:31 2018] Extracting iterative edges from k = 99 to 119 ---
--- [Fri Jan 12 10:35:35 2018] Building graph for k = 119 ---
--- [Fri Jan 12 10:35:46 2018] Assembling contigs from SdBG for k = 119 ---
--- [Fri Jan 12 10:36:12 2018] Merging to output final contigs ---
--- [STAT] 57807 contigs, total 191903629 bp, min 200 bp, max 708009 bp, avg 3320 bp, N50 15250 bp
--- [Fri Jan 12 10:36:13 2018] ALL DONE. Time elapsed: 685.102354 seconds ---
