number of threads 160
reads 4359256
long reads 0
extra reads 0
read_length 101
kmer 60
kmers 21358992 21002905
merge bubble 63
contigs: 46968 n50: 266 max: 8310 mean: 118 total length: 5562158 n80: 60
aligned 179629 reads
confirmed bases: 2090904 correct reads: 85084 bases: 3807
kmer 20
kmers 49539226 49523113
merge bubble 12737
contigs: 285138 n50: 349 max: 6768 mean: 121 total length: 34637364 n80: 223
aligned 871362 reads
confirmed bases: 8060203 correct reads: 101678 bases: 1173
distance mean -nan sd -nan
invalid insert distance
kmer 40
kmers 36545473 36836397
merge bubble 91
contigs: 188495 n50: 390 max: 9579 mean: 174 total length: 32802445 n80: 246
aligned 873083 reads
confirmed bases: 8438462 correct reads: 113886 bases: 228
distance mean -nan sd -nan
invalid insert distance
kmer 60
kmers 33122937 33111356
merge bubble 14
contigs: 100625 n50: 444 max: 20308 mean: 282 total length: 28442093 n80: 287
aligned 842190 reads
confirmed bases: 8291555 correct reads: 115235 bases: 51
distance mean -nan sd -nan
invalid insert distance
kmer 80
kmers 24349932 24211023
merge bubble 2
contigs: 53397 n50: 503 max: 20328 mean: 451 total length: 24116677 n80: 339
aligned 802235 reads
confirmed bases: 8035479 correct reads: 114936 bases: 25
distance mean -nan sd -nan
invalid insert distance
kmer 100
kmers 19082545 18975891
merge bubble 0
contigs: 40921 n50: 539 max: 20328 mean: 536 total length: 21943767 n80: 370
reads 4359256
aligned 763135 reads
distance mean -nan sd -nan
invalid insert distance
