503.0Gb memory in total.
Using: 453.403Gb.
MEGAHIT v1.1.1
--- [Wed Jan 10 17:21:51 2018] Start assembly. Number of CPU threads 160 ---
--- [Wed Jan 10 17:21:51 2018] Available memory: 540930650112, used: 486837585100
--- [Wed Jan 10 17:21:51 2018] Converting reads to binaries ---
    [read_lib_functions-inl.h  : 209]     Lib 0 (/scratch/shofmeyr/hipmer_metagenome_data/SYNTHbbqc_25perc.fq): interleaved, 36327152 reads, 101 max length
    [utils.h                   : 126]     Real: 56.9470	user: 26.9320	sys: 3.4800	maxrss: 156892
--- [Wed Jan 10 17:22:48 2018] k-max reset to: 119 ---
--- [Wed Jan 10 17:22:48 2018] k list: 21,29,39,59,79,99,119 ---
--- [Wed Jan 10 17:22:48 2018] Extracting solid (k+1)-mers for k = 21 ---
--- [Wed Jan 10 17:23:27 2018] Building graph for k = 21 ---
--- [Wed Jan 10 17:23:50 2018] Assembling contigs from SdBG for k = 21 ---
--- [Wed Jan 10 17:24:43 2018] Local assembling k = 21 ---
--- [Wed Jan 10 17:25:14 2018] Extracting iterative edges from k = 21 to 29 ---
--- [Wed Jan 10 17:25:42 2018] Building graph for k = 29 ---
--- [Wed Jan 10 17:26:00 2018] Assembling contigs from SdBG for k = 29 ---
--- [Wed Jan 10 17:26:50 2018] Local assembling k = 29 ---
--- [Wed Jan 10 17:27:23 2018] Extracting iterative edges from k = 29 to 39 ---
--- [Wed Jan 10 17:27:54 2018] Building graph for k = 39 ---
--- [Wed Jan 10 17:28:11 2018] Assembling contigs from SdBG for k = 39 ---
--- [Wed Jan 10 17:28:47 2018] Local assembling k = 39 ---
--- [Wed Jan 10 17:29:17 2018] Extracting iterative edges from k = 39 to 59 ---
--- [Wed Jan 10 17:29:35 2018] Building graph for k = 59 ---
--- [Wed Jan 10 17:29:54 2018] Assembling contigs from SdBG for k = 59 ---
--- [Wed Jan 10 17:30:33 2018] Local assembling k = 59 ---
--- [Wed Jan 10 17:31:04 2018] Extracting iterative edges from k = 59 to 79 ---
--- [Wed Jan 10 17:31:18 2018] Building graph for k = 79 ---
--- [Wed Jan 10 17:31:34 2018] Assembling contigs from SdBG for k = 79 ---
--- [Wed Jan 10 17:32:05 2018] Local assembling k = 79 ---
--- [Wed Jan 10 17:32:37 2018] Extracting iterative edges from k = 79 to 99 ---
--- [Wed Jan 10 17:32:49 2018] Building graph for k = 99 ---
--- [Wed Jan 10 17:33:03 2018] Assembling contigs from SdBG for k = 99 ---
--- [Wed Jan 10 17:33:33 2018] Local assembling k = 99 ---
--- [Wed Jan 10 17:33:56 2018] Extracting iterative edges from k = 99 to 119 ---
--- [Wed Jan 10 17:34:00 2018] Building graph for k = 119 ---
--- [Wed Jan 10 17:34:12 2018] Assembling contigs from SdBG for k = 119 ---
--- [Wed Jan 10 17:34:48 2018] Merging to output final contigs ---
--- [STAT] 57791 contigs, total 191893444 bp, min 200 bp, max 708009 bp, avg 3320 bp, N50 15387 bp
--- [Wed Jan 10 17:34:49 2018] ALL DONE. Time elapsed: 777.482958 seconds ---
