503.0Gb memory in total.
Using: 453.403Gb.
MEGAHIT v1.1.1
--- [Wed Jan 10 01:53:20 2018] Start assembly. Number of CPU threads 160 ---
--- [Wed Jan 10 01:53:20 2018] Available memory: 540930650112, used: 486837585100
--- [Wed Jan 10 01:53:20 2018] Converting reads to binaries ---
    [read_lib_functions-inl.h  : 209]     Lib 0 (/scratch/shofmeyr/hipmer_metagenome_data/SYNTHbbqc_25perc.fq): interleaved, 36327152 reads, 101 max length
    [utils.h                   : 126]     Real: 56.9798	user: 34.2400	sys: 4.1920	maxrss: 156060
--- [Wed Jan 10 01:54:17 2018] k-max reset to: 119 ---
--- [Wed Jan 10 01:54:17 2018] k list: 21,29,39,59,79,99,119 ---
--- [Wed Jan 10 01:54:17 2018] Extracting solid (k+1)-mers for k = 21 ---
--- [Wed Jan 10 01:55:45 2018] Building graph for k = 21 ---
--- [Wed Jan 10 01:56:22 2018] Assembling contigs from SdBG for k = 21 ---
--- [Wed Jan 10 01:57:18 2018] Local assembling k = 21 ---
--- [Wed Jan 10 01:58:00 2018] Extracting iterative edges from k = 21 to 29 ---
--- [Wed Jan 10 01:58:50 2018] Building graph for k = 29 ---
--- [Wed Jan 10 01:59:11 2018] Assembling contigs from SdBG for k = 29 ---
--- [Wed Jan 10 02:00:02 2018] Local assembling k = 29 ---
--- [Wed Jan 10 02:00:42 2018] Extracting iterative edges from k = 29 to 39 ---
--- [Wed Jan 10 02:03:08 2018] Building graph for k = 39 ---
--- [Wed Jan 10 02:03:28 2018] Assembling contigs from SdBG for k = 39 ---
--- [Wed Jan 10 02:04:12 2018] Local assembling k = 39 ---
--- [Wed Jan 10 02:04:51 2018] Extracting iterative edges from k = 39 to 59 ---
--- [Wed Jan 10 02:05:23 2018] Building graph for k = 59 ---
--- [Wed Jan 10 02:05:46 2018] Assembling contigs from SdBG for k = 59 ---
--- [Wed Jan 10 02:06:29 2018] Local assembling k = 59 ---
--- [Wed Jan 10 02:07:06 2018] Extracting iterative edges from k = 59 to 79 ---
--- [Wed Jan 10 02:07:28 2018] Building graph for k = 79 ---
--- [Wed Jan 10 02:07:46 2018] Assembling contigs from SdBG for k = 79 ---
--- [Wed Jan 10 02:08:21 2018] Local assembling k = 79 ---
--- [Wed Jan 10 02:08:59 2018] Extracting iterative edges from k = 79 to 99 ---
--- [Wed Jan 10 02:09:13 2018] Building graph for k = 99 ---
--- [Wed Jan 10 02:09:25 2018] Assembling contigs from SdBG for k = 99 ---
--- [Wed Jan 10 02:10:00 2018] Local assembling k = 99 ---
--- [Wed Jan 10 02:10:29 2018] Extracting iterative edges from k = 99 to 119 ---
--- [Wed Jan 10 02:10:34 2018] Building graph for k = 119 ---
--- [Wed Jan 10 02:10:45 2018] Assembling contigs from SdBG for k = 119 ---
--- [Wed Jan 10 02:11:20 2018] Merging to output final contigs ---
--- [STAT] 57744 contigs, total 191867326 bp, min 200 bp, max 708009 bp, avg 3323 bp, N50 15295 bp
--- [Wed Jan 10 02:11:21 2018] ALL DONE. Time elapsed: 1081.059714 seconds ---
