number of threads 160
reads 4359256
long reads 0
extra reads 0
read_length 101
kmer 60
kmers 21358992 21002905
merge bubble 63
contigs: 46968 n50: 266 max: 8310 mean: 118 total length: 5562158 n80: 60
aligned 179624 reads
confirmed bases: 2090895 correct reads: 85089 bases: 3807
kmer 20
kmers 49539226 49523113
merge bubble 12737
contigs: 285138 n50: 349 max: 6768 mean: 121 total length: 34637364 n80: 223
aligned 871363 reads
confirmed bases: 8060268 correct reads: 101695 bases: 1173
distance mean -nan sd -nan
invalid insert distance
kmer 40
kmers 36545529 36836462
merge bubble 91
contigs: 188500 n50: 390 max: 9579 mean: 174 total length: 32803506 n80: 246
aligned 873097 reads
confirmed bases: 8438859 correct reads: 113862 bases: 231
distance mean -nan sd -nan
invalid insert distance
kmer 60
kmers 33123778 33112194
merge bubble 14
contigs: 100628 n50: 444 max: 20308 mean: 282 total length: 28442859 n80: 287
aligned 842207 reads
confirmed bases: 8291916 correct reads: 115251 bases: 48
distance mean -nan sd -nan
invalid insert distance
kmer 80
kmers 24350484 24211574
merge bubble 2
contigs: 53401 n50: 503 max: 20328 mean: 451 total length: 24117657 n80: 339
aligned 802272 reads
confirmed bases: 8036063 correct reads: 114968 bases: 26
distance mean -nan sd -nan
invalid insert distance
kmer 100
kmers 19083241 18976581
merge bubble 1
contigs: 40925 n50: 539 max: 20328 mean: 536 total length: 21944742 n80: 370
reads 4359256
aligned 763189 reads
distance mean -nan sd -nan
invalid insert distance
