number of threads 160
reads 4359256
long reads 0
extra reads 0
read_length 101
kmer 60
kmers 21358992 21002905
merge bubble 63
contigs: 46968 n50: 266 max: 8310 mean: 118 total length: 5562158 n80: 60
aligned 179629 reads
confirmed bases: 2090901 correct reads: 85080 bases: 3800
kmer 20
kmers 49539227 49523114
merge bubble 12737
contigs: 285138 n50: 349 max: 6768 mean: 121 total length: 34637364 n80: 223
aligned 871358 reads
confirmed bases: 8060095 correct reads: 101679 bases: 1172
distance mean -nan sd -nan
invalid insert distance
kmer 40
kmers 36545554 36836481
merge bubble 92
contigs: 188499 n50: 390 max: 9579 mean: 174 total length: 32803179 n80: 246
aligned 873090 reads
confirmed bases: 8438655 correct reads: 113865 bases: 235
distance mean -nan sd -nan
invalid insert distance
kmer 60
kmers 33123514 33111928
merge bubble 14
contigs: 100624 n50: 444 max: 20308 mean: 282 total length: 28442124 n80: 287
aligned 842200 reads
confirmed bases: 8291605 correct reads: 115265 bases: 51
distance mean -nan sd -nan
invalid insert distance
kmer 80
kmers 24350094 24211190
merge bubble 2
contigs: 53399 n50: 503 max: 20328 mean: 451 total length: 24117170 n80: 339
aligned 802264 reads
confirmed bases: 8035847 correct reads: 114954 bases: 25
distance mean -nan sd -nan
invalid insert distance
kmer 100
kmers 19082856 18976195
merge bubble 0
contigs: 40923 n50: 539 max: 20328 mean: 536 total length: 21944258 n80: 370
reads 4359256
aligned 763170 reads
distance mean -nan sd -nan
invalid insert distance
