number of threads 160
reads 4359256
long reads 0
extra reads 0
read_length 101
kmer 60
kmers 21358992 21002905
merge bubble 63
contigs: 46968 n50: 266 max: 8310 mean: 118 total length: 5562158 n80: 60
aligned 179626 reads
confirmed bases: 2090889 correct reads: 85074 bases: 3801
kmer 20
kmers 49539227 49523114
merge bubble 12737
contigs: 285138 n50: 349 max: 6768 mean: 121 total length: 34637364 n80: 223
aligned 871359 reads
confirmed bases: 8060363 correct reads: 101681 bases: 1177
distance mean -nan sd -nan
invalid insert distance
kmer 40
kmers 36545544 36836475
merge bubble 92
contigs: 188502 n50: 390 max: 9579 mean: 174 total length: 32803434 n80: 246
aligned 873085 reads
confirmed bases: 8438855 correct reads: 113886 bases: 230
distance mean -nan sd -nan
invalid insert distance
kmer 60
kmers 33123603 33112020
merge bubble 14
contigs: 100628 n50: 444 max: 20308 mean: 282 total length: 28442506 n80: 287
aligned 842209 reads
confirmed bases: 8291976 correct reads: 115292 bases: 47
distance mean -nan sd -nan
invalid insert distance
kmer 80
kmers 24350169 24211259
merge bubble 2
contigs: 53401 n50: 503 max: 20328 mean: 451 total length: 24117538 n80: 339
aligned 802289 reads
confirmed bases: 8036256 correct reads: 114938 bases: 26
distance mean -nan sd -nan
invalid insert distance
kmer 100
kmers 19083024 18976362
merge bubble 0
contigs: 40925 n50: 539 max: 20328 mean: 536 total length: 21944797 n80: 370
reads 4359256
aligned 763199 reads
distance mean -nan sd -nan
invalid insert distance
