Date Time Prediction All_Predictions EXEC IPC FREQ AFREQ L3MISS_Rate L2MISS_Rate L3HIT L2HIT L3MPI L2MPI READ_Rate WRITE_Rate INST_Rate POWER_Total POWER_Proc POWER_DRAM
2018-01-19 14:01:36.050798 1700000 1700000 -1.13374604643 5.31730820681 -2.31235293306 2.29407442728 -0.985684447034 -0.588318909336 0.635302180752 1.64523226606 -0.662508861794 -0.5647599424 -1.07662386044 -0.880400583748 -1.13285443525 -0.304573017089 -0.132692286333 -0.779217011868
2018-01-19 14:01:41.052651 1700000 1700000 -1.14291604968 5.78595999914 -2.31796391215 2.23996850956 -0.988413422104 -0.589860873542 0.586119911523 1.64523226606 -0.667013971426 -0.572139179167 -1.08081910613 -0.891692998615 -1.14214341663 -0.302481668107 -0.121226042957 -0.808912769336
2018-01-19 14:01:46.067748 1700000 1700000 -1.13929739369 5.86406863119 -2.31645760904 -0.0757647689144 -0.987454593026 -0.589263984172 0.623006613445 1.58949223538 -0.66616926337 -0.568733377582 -1.08118391011 -0.890424187956 -1.13847671345 -1.61014514981 -1.61183768178 -1.09673318788
2018-01-19 14:01:51.082292 1700000 1700000 -1.14497210422 5.70785136708 -2.31879237886 -0.0865859524587 -0.988708446436 -0.589927194583 0.614809568573 1.5671962231 -0.663916708554 -0.567598110387 -1.08109270911 -0.892581166076 -1.14409899165 -1.62174263053 -1.61413093045 -1.13556610149
2018-01-19 14:01:56.093008 1700000 1700000 -1.14859076021 5.55163410297 -2.32018570924 -0.0919965442308 -0.989446007266 -0.590275380049 0.639400703188 1.53932620776 -0.661523369061 -0.563624675205 -1.08145751309 -0.894865025263 -1.14776569483 -1.67060414766 -1.6645824013 -1.1637389996
2018-01-19 14:02:01.108872 1700000 1700000 -1.14065438968 5.74690568311 -2.31687184239 -0.0865859524587 -0.987602105191 -0.589330305213 0.627105135881 1.62293625379 -0.663775923878 -0.566462843192 -1.08100150812 -0.890424187956 -1.13994339472 -1.63505121496 -1.63247691985 -1.1279518047
2018-01-19 14:02:06.124012 1700000 1700000 -1.13831048751 5.86406863119 -2.31596806052 -0.0865859524587 -0.986717032196 -0.589263984172 0.500050940371 1.62293625379 -0.661382584385 -0.572139179167 -1.07972469421 -0.888647853033 -1.13749892594 -1.6401845261 -1.6462364119 -1.10282462531
2018-01-19 14:02:11.136725 1700000 1700000 -1.14172353804 5.590688419 -2.31698481513 -0.0865859524587 -0.98782337344 -0.589363465734 0.663991837803 1.58949223538 -0.663775923878 -0.564192308802 -1.08018069918 -0.890551069022 -1.14092118224 -1.68695469425 -1.69668788276 -1.12262179695
2018-01-19 14:02:16.148398 1700000 1700000 -1.15360753328 5.27825389079 -2.32206858813 -0.0919965442308 -0.990884250884 -0.590805948378 0.737765241647 1.51145619241 -0.663072000498 -0.558515972828 -1.08118391011 -0.897783289779 -1.15289907927 -1.74399148467 -1.74713935361 -1.18353617125
2018-01-19 14:02:21.162744 1700000 1700000 -1.13810488206 5.74690568311 -2.31562914232 -0.0865859524587 -0.986790788279 -0.588965539487 0.614809568573 1.59506623845 -0.662508861794 -0.566462843192 -1.07999829719 -0.888774734099 -1.13725447906 -1.66166838383 -1.67375539601 -1.09749461755
2018-01-19 14:02:26.176598 1700000 1700000 -1.13999645223 5.74690568311 -2.31649526661 -0.0865859524587 -0.987454593026 -0.589280564432 0.627105135881 1.639658263 -0.66476141661 -0.567598110387 -1.08072790514 -0.890043544758 -1.13921005409 -1.68353248682 -1.69668788276 -1.10891606274
2018-01-19 14:02:31.191524 1700000 1700000 -1.13859833515 5.82501431516 -2.31604337568 -0.0865859524587 -0.987085812611 -0.589446367035 0.495952417935 1.57277022617 -0.66476141661 -0.574977347154 -1.08008949819 -0.889155377297 -1.13774337282 -1.67973003413 -1.69210138541 -1.10891606274
2018-01-19 14:02:36.205608 1700000 1700000 -1.12716667191 7.27002400816 -2.31442409984 -0.0919965442308 -0.989962299847 -0.592265011282 -0.819673283958 0.207139474329 -0.717555670116 -0.643944829243 -1.07963349322 -0.89372309567 -1.12625436954 -1.67554733616 -1.68980813673 -1.09977890659
2018-01-19 14:02:41.218384 1700000 1700000 -0.545303237317 3.36459240547 -1.90147110185 -0.0865859524587 -0.970933230439 -0.332419172233 2.3238934243 0.586171683004 -0.765422459962 -0.334300701838 -1.05427961707 -0.858957683608 -0.542270777329 -1.47496795652 -1.46736301525 -1.0350573839
2018-01-19 14:02:46.232465 1800000 1800000 0.791132213156 1.24003761361 -0.0976731259903 -0.0865859524587 0.949748926298 0.145092323722 -0.00816584166869 0.0566413914734 -0.323077007917 -0.363817648905 0.474613835621 -0.108709940837 0.79240917808 0.0756722523807 -0.029496095953 0.400998990083
2018-01-19 14:02:51.244969 1700000 1700000 0.955616576292 1.10725293912 0.196055980727 -0.0865859524587 0.979251359488 0.383848071699 0.557430254472 0.0677893976109 -0.354049636641 -0.295133983614 0.483733934957 -0.142967828634 0.958633055311 0.173965654539 0.0920460838277 0.39110040426
2018-01-19 14:02:56.257113 1900000 1900000 0.523845123062 0.177760217678 0.583929031904 0.167711860831 1.65780732285 0.708821173113 0.541036164729 -0.322390817201 -0.056993970245 -0.0368606967778 1.03093989512 0.0435473382647 0.525962080755 0.509151859576 0.367235924841 0.819785313356
2018-01-19 14:03:01.271767 1900000 1900000 0.947392358135 0.89245420097 0.380578111869 -0.0865859524587 1.02350500927 0.516490153909 0.737765241647 -0.23878077117 -0.341379015799 -0.241776425455 0.520214332301 -0.0782584850164 0.94885518018 0.0768129881891 -0.0684813234299 0.53501061353
2018-01-19 14:03:06.287533 1900000 1900000 0.342912323613 0.283206870951 0.147101129607 0.422009674122 1.25952447479 0.214729416882 -0.155712649358 -0.0548386699014 -0.0921901392492 -0.233829555091 0.711736418357 -0.253354355983 0.345071390828 -0.0254729892982 -0.17626401116 0.48323339538
2018-01-19 14:03:11.318044 1700000 1700000 -1.12346577374 7.66056716843 -2.3139722089 0.422009674122 -0.979931472562 -0.589794552501 -1.09837280959 -0.216484758895 -0.637026835435 -0.608467729403 -1.06713895713 -0.876847913903 -1.12283211324 -1.62915741329 -1.64394316323 -1.06627600073
2018-01-19 14:03:16.344563 1800000 1800000 -1.08563437022 -1.59335301414 -1.28012106841 0.427420265894 -0.908166803828 -0.565206026511 -0.413919562813 -1.39705860885 -0.335747628758 -0.416607573467 -1.00010622701 -0.864413569443 -1.08469840023 -1.34226235747 -1.32059510004 -0.99089446254
2018-01-19 14:03:21.352824 1900000 1900000 -1.01984062496 -1.71520248014 0.61782085191 -0.0811753606866 -0.803433166004 -0.528397848698 -0.295062412175 -1.5141126733 -0.216080654144 -0.332030167448 -0.912553273384 -0.87228019553 -1.01845329622 -0.986352785248 -0.92156983057 -0.890385744954
2018-01-19 14:03:26.367816 1800000 1800000 -0.639881746119 -0.6619075769 -0.794338314998 0.167711860831 -0.797532679366 -0.474677805403 0.877115004465 0.296323523429 -0.611685593752 -0.492102841927 -0.907993223716 -0.82812558459 -0.640049528641 -1.06069073543 -1.02705926962 -0.837847097126
2018-01-19 14:03:31.383892 1900000 1900000 0.384033414397 0.0762189960082 0.482253571887 0.427420265894 0.359700262503 -0.121849866725 -0.225387530766 0.212713477398 -0.380798725084 -0.425689711026 -0.30606666754 -0.462708114747 0.386627360135 0.42378679658 0.516297088723 -0.0170259035111
2018-01-19 14:03:36.395190 1900000 1900000 0.338800214535 0.0684081328028 0.414469931875 0.167711860831 0.315446612718 -0.143404205084 -0.262274232688 0.179269458986 -0.382206571844 -0.430230779806 -0.35166716422 -0.491890759908 0.342626922045 0.336330384602 0.424567141718 -0.0627116842317
2018-01-19 14:03:41.407530 1800000 1800000 -0.991055861413 -0.61894782927 -1.81485867295 0.416599082349 -0.75770439456 -0.52972426952 -0.995909748697 -0.0659866760388 -0.189331565701 -0.389928794387 -0.959065779998 -0.841321215446 -0.990097458338 -1.26069974717 -1.24262464509 -0.923127221138
2018-01-19 14:03:46.421065 1700000 1700000 0.659544722648 3.63797261766 -1.14831954617 0.427420265894 -0.832198038364 -0.550283792263 -1.03689497306 -1.09160324069 -0.742896911799 -0.658192432539 -0.951769700529 -0.85921144574 0.660407863809 -1.06392282022 -1.0110065289 -0.904091479171
2018-01-19 14:03:51.441012 1800000 1800000 0.861038067489 0.572208809549 0.606523578574 0.167711860831 1.62092928137 0.128512063446 -0.918037822417 -1.42381382358 -0.186515872181 -0.381981924023 0.994459497773 -0.461439304088 0.865743241564 -0.0469568470232 -0.251941217438 0.648463635653
2018-01-19 14:03:56.488958 1900000 1900000 0.0303920336563 -0.302607869452 0.361749322977 -0.0865859524587 0.853866018432 -0.0803992160348 -0.897545210238 -1.43551923003 -0.0724802846069 -0.323515663487 0.383412842261 -0.675868305489 0.0346238554119 -0.455720511703 -0.60739476208 0.191605828447
2018-01-19 14:04:01.497838 1500000 1500000 -0.450724728514 -0.93919322069 0.342920534085 0.167711860831 0.551466078236 -0.138430127002 -0.704914655755 -1.20419810268 0.203457680386 -0.155496118643 0.146290259525 -0.75072813438 -0.4469364948 -0.474162407272 -0.568409534603 -0.0116958957603
2018-01-19 14:04:06.630973 1500000 1500000 -0.417827855887 -1.05635616877 0.870126623064 0.422009674122 0.492461211857 -0.156668413305 -0.709013178191 -1.43942103218 0.121802568296 -0.198636272049 0.100689762845 -0.848299674071 -0.412713931841 -0.370735693976 -0.442280857472 -0.0162644738324
2018-01-19 14:04:11.675943 1500000 1500000 -0.88331860356 -1.38050699179 -0.334915866031 -0.600592170811 -0.186094751508 -0.358947588675 -0.749998402549 -1.43719143095 0.479395645379 -0.0198316888545 -0.439220117846 -0.853501797774 -0.879607469356 -0.999851492314 -1.07980398915 -0.419060773853
2018-01-19 14:04:16.692643 1500000 1500000 -1.04656933397 -1.73199583604 0.350452049642 -0.606002762583 -0.459729819343 -0.436377404165 -0.717210223063 -1.31735036497 1.08758544577 0.303719461688 -0.64533436284 -0.810235354296 -1.0433868778 -0.926083910037 -0.937622571296 -0.595712459306
2018-01-19 14:04:21.911388 1500000 1500000 -0.738572364001 -1.31802008615 0.320325987414 -0.606002762583 0.182685663364 -0.25780800099 -0.80737771665 -1.4332896288 0.459685790737 -0.0425370327523 -0.145552919227 -0.841955620775 -0.737828279953 -0.798701744764 -0.873411608393 -0.298754884622
2018-01-19 14:04:26.896283 1500000 1500000 -0.822048178292 -1.04073444236 -0.86212195501 -0.606002762583 -0.171343534913 -0.362263640731 -0.860658508316 -1.50742386962 0.275257865155 -0.143575813097 -0.428275998643 -0.872153314464 -0.81360681222 -1.19092474022 -1.29995586196 -0.453325109393
2018-01-19 14:04:31.909123 1900000 1900000 -1.12305456283 -1.74371213084 -1.12949075728 -0.606002762583 -0.888990222255 -0.565869236922 -1.08607724228 -1.31679296466 0.110539794215 -0.256534898988 -0.997370197209 -0.857054467619 -1.12136543197 -1.53238499221 -1.56138621092 -0.952822978606
2018-01-19 14:04:36.918558 1700000 1700000 -0.928551803422 -1.12665393762 -1.18974288173 -0.606002762583 -0.47005567096 -0.457931742524 -1.14345655639 -1.56706570245 0.197826293346 -0.221909249544 -0.661750541644 -0.779910779541 -0.928496845012 -1.27971201064 -1.34582083546 -0.6566268336
2018-01-19 14:04:41.933774 1900000 1900000 -0.500070037455 -1.19695170647 1.06971178532 0.422009674122 1.77581705561 0.103641673031 -1.24591961728 -1.61890393099 1.12982084858 0.184516406225 1.1039006898 -0.575632263414 -0.500714808022 0.575504659098 0.486484855946 0.689580838302
2018-01-19 14:04:46.946004 1800000 1800000 0.367584978083 1.24003761361 -0.579690121628 -0.0865859524587 -0.0385825855592 -0.330761146206 -0.946727479468 0.536005655385 -0.494834312658 -0.53581062893 -0.325218876146 -0.827744941392 0.369516078656 -0.654398665001 -0.653259735582 -0.451802250036
2018-01-19 14:04:51.961044 1700000 1700000 2.56345122594 3.71608124971 0.0454256695897 0.427420265894 -0.925942019825 -0.516957469108 1.56976529612 3.03873303325 -0.775953153728 -0.660973837166 -1.02199446542 -0.881034989078 2.56220457683 -0.342407421401 -0.114346296932 -0.991655892219
2018-01-19 14:04:56.974280 1700000 1700000 0.289454905594 2.62256040096 -1.17467985062 0.167711860831 -0.933686408537 -0.552936633907 1.00416919997 2.77675488902 -0.764718536582 -0.654729867595 -1.02874333892 -0.864159807311 0.293737546389 -1.21297896585 -1.15548119543 -1.02135164969
2018-01-19 14:05:01.988961 1500000 1500000 -0.450724728514 -1.02901814755 0.625352367467 -0.0865859524587 0.839114801837 0.290998614152 0.508247985242 -1.48624265795 0.389293452728 0.337777477535 0.301331948237 -0.64287922835 -0.449380963583 -0.213694397686 -0.343671164443 0.285261678924
2018-01-19 14:05:07.003255 1500000 1500000 -0.38493098326 -0.841557430623 0.33162326075 -0.0865859524587 1.10463670054 0.402086358003 0.475459805756 -1.48401305673 0.448423016656 0.371835493381 0.419893239605 -0.630191121759 -0.383380306447 -0.0391618189991 -0.151038275734 0.344653193861
2018-01-19 14:05:12.016400 1500000 1500000 -0.479509492063 -0.763448798569 -0.150393734888 -0.606002762583 0.765358718862 0.252864015517 0.495952417935 -1.48345565642 0.393516993009 0.337777477535 0.246611352221 -0.665717820216 -0.478714588976 -0.46845872823 -0.621154254131 0.186275820696
2018-01-19 14:05:17.031519 1900000 1900000 -0.352034110633 -0.77907052498 0.286434167409 -0.606002762583 1.18576839182 0.450169112804 0.495952417935 -1.48401305673 0.442791629615 0.377511829356 0.556694729645 -0.616234204508 -0.349157743488 -0.160650182595 -0.334498169742 0.467243372128
2018-01-19 14:05:22.043768 2101000 2101000 -0.857823527274 -0.759543366967 -1.33284167731 -0.606002762583 -0.193470359806 -0.22298945441 0.418080491655 -1.45614304138 0.387885605968 0.292366789739 -0.490292674128 -0.793360172529 -0.857607250311 -1.20328271148 -1.29307611594 -0.525660928868
2018-01-19 14:05:27.057421 1700000 1700000 -0.520630582846 0.0449755431867 -1.12949075728 0.427420265894 -0.3247561875 -0.199777090024 0.848425347414 0.541579658454 -0.307590693555 -0.175930928151 -0.676342700582 -0.739308838448 -0.520270558284 -0.757445133027 -0.742696433912 -0.567539561195
2018-01-19 14:05:32.073714 1900000 1900000 -0.323249347084 -0.829841135815 0.508613876336 1.96943892095 0.153183230174 -0.0173942269852 0.577922866651 0.223861483536 -0.159766783737 -0.11632940042 -0.483908604592 -0.743115270425 -0.319824118094 0.854034318985 1.0987822522 -0.227941924505
2018-01-19 14:05:37.086432 1700000 1700000 -0.676890727825 -0.743921640556 -0.798104072777 -0.0865859524587 -0.163967926616 -0.232937610576 0.295124818581 0.045493385336 -0.00912718039929 -0.0765950485989 -0.684550789984 -0.8094740679 -0.676716560383 -0.545648517932 -0.478972836274 -0.594951029628
2018-01-19 14:05:42.101091 1700000 1700000 -1.13045635917 7.34813264021 -2.31593040295 0.400367307033 -0.985684447034 -0.590888849679 -0.672126476269 0.023197373061 -0.671378296383 -0.617549866962 -1.0716078058 -0.891946760747 -1.12943217896 -1.74456185257 -1.77007184036 -1.10967749241
2018-01-19 14:05:47.113994 1700000 1700000 0.976177121684 3.52080966958 -0.914842563908 -0.0919965442308 -0.769505367836 -0.532542913767 -0.98361418139 -1.09160324069 -0.735576108646 -0.654332524076 -0.909817243583 -0.85984585107 0.978188805573 -1.13198672345 -1.1027364759 -0.872111432666
2018-01-19 14:05:52.115613 1900000 1900000 0.754123231451 0.48628931429 0.553802969677 -0.0865859524587 1.87169996348 0.189859026468 -0.946727479468 -1.4734224509 -0.0935979860094 -0.338841770618 1.19510168316 -0.41195568838 0.758186615121 -0.0648283746883 -0.323031926367 0.812932446248
2018-01-19 14:05:57.128827 1800000 1800000 -0.0395138206761 0.0723135644055 -0.278429499354 -0.0919965442308 0.905495276514 -0.062160929731 -0.881151120495 -1.49627586348 -0.00490364011879 -0.28718711325 0.419893239605 -0.741846459766 -0.041154676855 -0.58291255434 -0.763335671988 0.199981554912
2018-01-19 14:06:02.172139 1500000 1500000 -0.475397382984 -0.56036635523 -0.466717388276 0.427420265894 0.278568571231 -0.218015376327 -0.709013178191 -1.31846516558 0.0626730043693 -0.230423753506 -0.0725921245389 -0.826856773931 -0.473825651411 -0.800983216381 -0.873411608393 -0.307892040766
2018-01-19 14:06:07.188597 1500000 1500000 -0.545303237317 -1.06026160037 0.33162326075 0.173122452604 0.625222161211 -0.131798022891 -0.819673283958 -1.50742386962 0.40477976709 -0.0709187126244 0.201010855541 -0.839417999457 -0.539826308546 -0.512947424758 -0.616567756781 -0.00712731768826
2018-01-19 14:06:12.313415 1500000 1500000 -0.611096982571 -1.01730185274 -0.0637813059845 -0.584360395495 0.617846552913 -0.138430127002 -0.852461463444 -1.50184986655 0.544156596347 -0.00847901690569 0.191890756205 -0.850076008994 -0.610715903248 -0.784632669794 -0.910103587194 -0.120580339811
2018-01-19 14:06:17.313279 1500000 1500000 -1.12017608647 -1.78159481739 -0.677599823867 -0.606002762583 -0.803433166004 -0.540169833494 -0.881151120495 -1.40374741254 0.749702223332 0.0880186946596 -0.914377293251 -0.842590026105 -1.11867651631 -1.3736325922 -1.40773854969 -0.827187081624
2018-01-19 14:06:22.325651 1800000 1800000 -1.13839272969 -1.62459646696 -1.82615594629 -0.606002762583 -0.916279972955 -0.571672328019 -0.893446687802 -1.29003774993 0.15136735026 -0.21169184479 -1.01378637601 -0.872533957661 -1.13725447906 -1.70349536347 -1.75860559698 -0.983280165753
2018-01-19 14:06:27.335573 1500000 1500000 -0.746796582157 -1.05635616877 -0.519437997173 -0.606002762583 0.145807621877 -0.307548781819 -1.25411666215 -1.59772271933 0.445607323135 -0.124276270784 -0.182033316571 -0.686018790762 -0.745161686302 -0.77683764177 -0.861945365017 -0.249261955508
2018-01-19 14:06:32.350618 1900000 1900000 -0.520630582846 -1.17742454845 0.888955411956 0.162301269059 1.8053194888 0.105299699059 -1.2705107519 -1.61611692946 1.20021318659 0.212898086097 1.12214088848 -0.603546097916 -0.520270558284 0.444129918497 0.330543946039 0.681205111836
2018-01-19 14:06:37.365320 1700000 1700000 0.523845123062 2.42728882083 -0.9336713528 -0.595181579039 -0.453091771876 -0.434553575535 -0.717210223063 1.37768011877 -0.635618988674 -0.599953225441 -0.653542452242 -0.860607137465 0.528406549538 -1.01030823722 -1.00642003155 -0.704596903357
2018-01-19 14:06:42.379863 1700000 1700000 1.91373799155 3.83324419779 -0.406465263821 0.422009674122 -0.917017533785 -0.532377111164 1.22139088907 2.96069699029 -0.772743263115 -0.661541470764 -1.01551919489 -0.879258654155 1.9266426933 -0.587855742844 -0.405588878671 -1.00764591547
2018-01-19 14:06:47.391975 2101000 2101000 -0.799842789268 -0.931382357485 -0.948734383913 -0.0919965442308 -0.293041071821 -0.189828933858 0.815637167928 -1.45391344016 0.0809750122515 0.212898086097 -0.518564982069 -0.729158353174 -0.798939999523 -1.14738665687 -1.24262464509 -0.469315132646
2018-01-19 14:06:52.402437 1500000 1500000 -0.471285273906 -0.93919322069 0.278902651852 -0.0865859524587 0.45558317037 0.256180067572 0.840228302542 -1.47676685274 0.173892898423 0.326424805586 0.0642093655011 -0.616234204508 -0.468936713845 -0.538994225717 -0.696831460409 0.15505720387
2018-01-19 14:06:57.419446 1900000 1900000 -0.175213420263 -1.0915050532 2.0337457766 2.02354483867 1.15626595863 0.659080392285 0.840228302542 -1.47453725151 0.214720454468 0.366159157407 0.465493736285 -0.488084327931 -0.173155991126 1.4939871075 1.63998893953 0.538056332245
2018-01-19 14:07:02.430898 1500000 1500000 -0.491845819298 -0.978247536717 0.309028714079 -0.595181579039 0.485085603559 0.269444275793 0.832031257671 -1.47453725151 0.221759688268 0.371835493381 0.109809862181 -0.635266364395 -0.488492464108 -0.637667873144 -0.843599375616 0.24719019499
2018-01-19 14:07:07.447975 2101000 2101000 -0.813823960135 -0.57598808164 -1.35543622398 0.400367307033 -0.502508347469 -0.267756157156 1.02056328972 -0.350260832545 -0.152727549937 0.0709896867363 -0.698230938988 -0.783717211519 -0.811162343437 -1.22837889926 -1.28390312124 -0.6566268336
2018-01-19 14:07:12.461787 1700000 1700000 -0.405491528652 0.345693776594 -1.10689621061 -0.600592170811 -0.0312069772618 -0.0737671119243 0.713174107033 0.201565471261 -0.204817880063 -0.116897034017 -0.468404435721 -0.711395003946 -0.40293605671 -0.722272445601 -0.758749174637 -0.373374993132
2018-01-19 14:07:17.476058 1900000 1900000 -0.323249347084 -0.857179157034 0.580163274126 2.13175667411 0.293319787826 0.0290305017882 0.512346507678 0.257305501948 -0.0823352119281 -0.0709187126244 -0.377203442361 -0.736771217129 -0.322268586877 0.870765110841 1.10107550088 -0.168550409568
2018-01-19 14:07:22.488665 2101000 2101000 -0.919505163449 -0.111241720921 -1.81862443073 -0.0811753606866 -0.683210750756 -0.445496547317 0.475459805756 0.318619535704 -0.218896347664 -0.197501004854 -0.920761362787 -0.858069516147 -0.918718969881 -1.31982788657 -1.33435459209 -0.855359979735
2018-01-19 14:07:27.498062 1700000 1700000 -0.298576692614 3.95040714587 -1.79602988406 0.427420265894 -0.947921332551 -0.581719965747 -1.18034325831 -0.63453498905 -0.758664795513 -0.666252829623 -1.04625392965 -0.882684442935 -0.295379430266 -1.43808416538 -1.42149804174 -1.03962596198
2018-01-19 14:07:32.511811 1700000 1700000 2.18924929981 1.12678009713 1.61951242097 1.96943892095 1.50291954861 0.0887194387826 -0.946727479468 -1.45948744322 -0.439928289011 -0.508564216253 0.903258504413 -0.450020008155 2.19553425941 1.61414461265 1.77070411401 0.585264972323
2018-01-19 14:07:37.524291 1900000 1900000 0.203100614948 0.201192807294 0.0115338495839 -0.0703541771423 1.30377812458 0.0406366839816 -0.913939299981 -1.50909607054 -0.0105350271595 -0.29399871642 0.739096716365 -0.655567334942 0.205736670208 -0.400965192899 -0.60280826473 0.395668982332
2018-01-19 14:07:42.582007 2101000 2101000 -0.722123927687 -0.372905638301 -1.27258955286 -0.0919965442308 -0.0238313689643 -0.309206807847 -0.725407267934 -1.45893004292 0.209089067427 -0.155496118643 -0.320658826478 -0.867839358222 -0.720716998474 -1.17305321256 -1.27473012654 -0.465507984252
2018-01-19 14:07:47.676260 1500000 1500000 -0.405491528652 -0.872800883445 0.327857502971 0.422009674122 0.831739193539 -0.0704510598691 -0.790983626907 -1.52749028066 0.313269727679 -0.112923598835 0.365172643589 -0.841828739709 -0.400491587927 -0.387276363198 -0.460626846873 -0.0215944815831
2018-01-19 14:07:52.679591 1500000 1500000 -0.639881746119 -1.23210059089 0.512379634114 1.80712116779 0.315446612718 -0.218015376327 -0.799180671779 -1.5386382868 0.342834509643 -0.0993003924966 -0.0361117271949 -0.852740511378 -0.635160591076 0.42017446652 0.571335056925 -0.214236190289
2018-01-19 14:07:57.705364 1500000 1500000 -1.14349174495 -1.85384530204 0.000236576248686 -0.530254477773 -0.804908287664 -0.543651688152 -1.08197871985 -1.4494542377 1.74927342305 0.519420228716 -0.920761362787 -0.853755559906 -1.14238786351 -1.14035211938 -1.13025546 -0.814242777087
2018-01-19 14:08:02.714017 1700000 1700000 -1.12593303918 0.169949354473 -2.24415505969 -0.606002762583 -0.97417849809 -0.58793756335 -0.897545210238 -0.640108992119 -0.579305118268 -0.575544980751 -1.06175809852 -0.876974794969 -1.12527658203 -1.84152439628 -1.90537351219 -1.04876311812
2018-01-19 14:08:07.729355 1500000 1500000 -0.639881746119 -1.12274850602 0.124506582937 -0.606002762583 0.831739193539 -0.138430127002 -1.26641222946 -1.60273932209 0.791937626137 0.0255789989409 0.356052544253 -0.585782748687 -0.637605059859 -0.228143717925 -0.334498169742 0.196935836197
2018-01-19 14:08:12.743586 1900000 1900000 -0.56175167363 -1.15789739044 0.602757820796 -0.0919965442308 1.65780732285 0.0688231264512 -1.27501912658 -1.60942812577 1.22837012179 0.218574422072 1.01269969644 -0.637803985714 -0.559382058809 0.20134331394 0.0599406023762 0.607346433005
2018-01-19 14:08:17.755235 1700000 1700000 0.667768940805 4.45811325422 -1.29518409953 -0.600592170811 -0.936931676188 -0.551278607879 1.12302635061 2.92167896881 -0.769646000242 -0.658816829496 -1.03339458959 -0.890043544758 0.67018573894 -1.25005287962 -1.20134616893 -1.01754450129
2018-01-19 14:08:22.769451 1700000 1700000 1.41617279307 4.53622188628 -0.892248017237 0.422009674122 -0.936562895773 -0.542656872536 1.33205099484 3.0833250578 -0.773911775926 -0.661654997483 -1.0318441727 -0.883953253594 1.41330424891 -0.75516366141 -0.60739476208 -1.00764591547
2018-01-19 14:08:27.782684 1700000 1700000 -0.38493098326 1.90786641767 -1.59267896402 -0.0865859524587 -0.841048768321 -0.50269844527 0.848425347414 0.970777894747 -0.693059136489 -0.581788950323 -0.949945680662 -0.837514783468 -0.383380306447 -1.41888177927 -1.42608453909 -0.947492970855
2018-01-19 14:08:32.797940 1500000 1500000 -0.327361456163 -0.814219409404 0.455893267438 -0.0865859524587 0.485085603559 0.337423342926 0.954986930745 -1.45391344016 0.0232532950846 0.235603429995 0.0915696635091 -0.593395612642 -0.32471305566 -0.491083321764 -0.653259735582 0.202265843948
2018-01-19 14:08:37.812974 1500000 1500000 -0.393155201417 -0.82203027261 0.252542347403 -0.0865859524587 0.33757343761 0.247889937434 0.959085453181 -1.45335603985 0.0049512872024 0.218574422072 -0.0178715285229 -0.632728743077 -0.390713712796 -0.618275364401 -0.770215418013 0.0811985250384
2018-01-19 14:08:42.830099 1500000 1500000 -0.372594656025 -0.82203027261 0.312794471858 -0.600592170811 0.448207562072 0.310894926484 0.950888408309 -1.45224123923 0.0500023835278 0.263985109867 0.0824495641731 -0.62765350044 -0.371157962533 -0.664094919372 -0.868825111042 0.225108734308
2018-01-19 14:08:47.845248 2101000 2101000 -0.746796582157 -0.794692251391 -0.952500141692 -0.606002762583 -0.245099617888 -0.138430127002 0.90170613908 -1.43551923003 0.0302925288854 0.207221750123 -0.490292674128 -0.762147430313 -0.747606155085 -1.24453932322 -1.37104657089 -0.43200507839
2018-01-19 14:08:52.856741 1700000 1700000 -0.803954898347 2.07579997658 -1.99862765254 -0.606002762583 -0.7289395222 -0.378843901007 1.27467168074 0.803557802685 -0.451191063092 -0.197501004854 -0.87607287604 -0.791837599738 -0.801384468306 -1.57497246239 -1.64852966058 -0.834039948732
2018-01-19 14:08:57.869307 1900000 1900000 -0.158764983949 0.0332592483786 -0.459185872719 2.07765075639 0.160558838472 0.128512063446 0.946789885873 0.184843462054 -0.256908210189 -0.0822713845733 -0.291474508603 -0.653029713624 -0.158489178429 0.482534690713 0.628666273803 -0.154844675352
2018-01-19 14:09:02.885503 1700000 1700000 -0.541191128238 -0.165917763358 -1.02404953948 -0.0541224018259 -0.127089885129 -0.138430127002 0.651696270496 0.33534154491 -0.147096162896 -0.0822713845733 -0.582405677421 -0.779910779541 -0.537381839764 -0.663904796737 -0.644086740882 -0.520330921117
2018-01-19 14:09:07.899516 1800000 1800000 -1.00380339956 -0.548650060422 -1.87511079741 0.416599082349 -0.749591225433 -0.495071525543 0.118888353841 0.374359566392 -0.124570614733 -0.203744974426 -0.959065779998 -0.865047974772 -1.00256424913 -1.364886951 -1.36416682487 -0.936832955354
2018-01-19 14:09:12.912166 1700000 1700000 0.606087304629 3.75513556574 -1.20480591285 -0.0919965442308 -0.871288762341 -0.560563553634 -1.01230383844 -0.974549176244 -0.751907131064 -0.66244968452 -0.983690048205 -0.873802768321 0.60907401937 -1.27001575627 -1.24491789376 -0.952822978606
2018-01-19 14:09:17.923520 1800000 1800000 1.23523999362 1.0877257811 0.54627145412 0.167711860831 1.34803177436 0.0522428661749 -0.918037822417 -1.48289825611 -0.332931935238 -0.454071390898 0.775577113709 -0.510922919796 1.23974696533 -0.0946776283416 -0.265700709489 0.503030567026
2018-01-19 14:09:22.951798 1900000 1900000 0.161979524164 0.357410071402 -0.2181773749 -0.0865859524587 1.2447732582 0.0306885278159 -0.897545210238 -1.53529388496 -0.00490364011879 -0.28945764764 0.693496219685 -0.670793062852 0.166625169683 -0.464466152901 -0.671605724983 0.369780373257
2018-01-19 14:09:27.963946 2101000 2101000 -1.09920433017 0.2090036705 -2.20047226946 0.156890677287 -0.767292685347 -0.528563651301 -0.80737771665 -1.58378771166 0.56668214451 0.014226326992 -0.907993223716 -0.906335073622 -1.09814297854 -1.62763643221 -1.68063514203 -0.938355814711
2018-01-19 14:09:33.077369 1500000 1500000 -0.183437638419 -0.240120963809 -0.203114343786 0.422009674122 0.942373318001 -0.0306584352061 -0.745899880113 -1.54755669171 0.123210415057 -0.204312608024 0.447253537613 -0.841701858643 -0.180489397475 -0.4688389735 -0.563823037253 -0.0056044583309
2018-01-19 14:09:38.081951 1500000 1500000 -0.598760655336 -1.15008652724 0.399406900761 1.96943892095 0.0425491057127 -0.289310495515 -0.717210223063 -1.55368809509 0.0457788432473 -0.24064115826 -0.251346071524 -0.861749067058 -0.593604621768 0.519988849756 0.708929977432 -0.271343416189
2018-01-19 14:09:43.096799 1500000 1500000 -1.14258708095 -1.8522831294 -0.014826454865 -0.519433294229 -0.846211694129 -0.554760462537 -1.09837280959 -1.39705860885 1.15797778378 0.235603429995 -0.956329750197 -0.85857704041 -1.14141007599 -1.14472493998 -1.1210824653 -0.862212846843
2018-01-19 14:09:48.110143 1700000 1700000 -1.1383516086 1.54856671022 -2.29273333503 -0.606002762583 -0.979931472562 -0.589396626254 -0.80737771665 -0.511906921538 -0.582120811788 -0.574409713556 -1.06677415316 -0.883191967199 -1.13749892594 -1.86662058407 -1.93059924762 -1.06551457105
2018-01-19 14:09:53.120591 1500000 1500000 -0.676890727825 -1.15399195884 0.0341283962545 -0.606002762583 0.603095336318 -0.193144985913 -1.2705107519 -1.60775592485 0.707466820527 -0.00847901690569 0.182770656869 -0.606083719234 -0.676716560383 -0.366362873378 -0.460626846873 0.0621627830714
2018-01-19 14:09:58.135083 1900000 1900000 -0.541191128238 -1.16180282204 0.71196479637 -0.0919965442308 1.76844144731 0.0953515428931 -1.2828063192 -1.61723173007 1.24244858939 0.224250758046 1.09478059047 -0.606083719234 -0.539826308546 0.292982423882 0.15167054938 0.669783666656
2018-01-19 14:10:03.138880 1700000 1700000 0.651320504492 3.95040714587 -1.21610318618 -0.595181579039 -0.799745361856 -0.521599941985 -0.0778407230773 2.40887068648 -0.734590615914 -0.644966569719 -0.928969452189 -0.887886566637 0.653074457461 -1.20917651316 -1.17841368218 -0.929980088246
2018-01-19 14:10:08.151843 1700000 1700000 0.297679123751 4.22378735806 -1.47594047289 0.416599082349 -0.936341627524 -0.557579106784 0.889410571772 2.86036493505 -0.765563244638 -0.657397745503 -1.03275618263 -0.873041481925 0.293737546389 -1.18427044801 -1.11420271928 -1.04343311037
2018-01-19 14:10:13.167838 1500000 1500000 -0.389043092338 -0.732205345748 0.0642544584818 -0.0865859524587 0.197436879959 0.128512063446 0.897607616644 -1.400960411 -0.0823352119281 0.0880186946596 -0.136432819891 -0.632728743077 -0.38582477523 -0.661243079851 -0.783974910063 -0.0451988016221
2018-01-19 14:10:18.183448 1500000 1500000 -0.236895056438 -0.775165093377 0.64041539858 -0.0865859524587 0.647348986103 0.388822149782 0.877115004465 -1.40151781131 0.0274768353651 0.190192742199 0.210130954877 -0.560406535504 -0.231823241913 -0.345829628826 -0.511078317726 0.311911717678
2018-01-19 14:10:23.195996 2101000 2101000 -0.746796582157 -0.716583619337 -1.03158105504 -0.595181579039 -0.303366923438 -0.168274595499 0.918100228823 -1.14511367015 -0.0386919623628 0.144782054404 -0.529509101272 -0.76722267295 -0.742717217519 -1.28598605759 -1.40544530102 -0.483782296541
2018-01-19 14:10:28.208361 1700000 1700000 -0.475397382984 1.20879416079 -1.52489532401 -0.606002762583 -0.32623130916 -0.128481970836 1.09023817113 0.352063554117 -0.341379015799 -0.126546805174 -0.586965727089 -0.699975708013 -0.471381182628 -1.17856676896 -1.27014362919 -0.502818038507
2018-01-19 14:10:33.224384 1900000 1900000 -0.203998183811 -0.513501175997 0.165929918499 2.02354483867 0.182685663364 0.111931803169 0.873016482029 0.352063554117 -0.220304194425 -0.0709187126244 -0.376291432428 -0.724083110538 -0.20248961652 0.746805152994 0.954307585668 -0.177687565712
2018-01-19 14:10:38.269357 2101000 2101000 -0.873860752679 -0.462730565163 -1.57761593291 -0.0487118100538 -0.604291741973 -0.413662447587 0.409883446783 0.541579658454 -0.18370017866 -0.184445432113 -0.885192975376 -0.85083729539 -0.872274063007 -1.18465069328 -1.17382718483 -0.84698425327
2018-01-19 14:10:43.279572 1700000 1700000 -0.705675491374 4.65338483436 -2.07695541433 0.422009674122 -0.968794304033 -0.586627722788 -0.98361418139 -0.37255684482 -0.756834594725 -0.66466345555 -1.06002527965 -0.889536020494 -0.701161248211 -1.62117226263 -1.6278904225 -1.08759603173
2018-01-19 14:10:48.292454 1700000 1700000 2.65802973474 1.73993285875 1.42745877427 2.07765075639 0.934997709704 -0.0671350078138 -0.963121569211 -1.45168383893 -0.549740336304 -0.563624675205 0.456373636949 -0.528686269024 2.65998332814 1.59722369816 1.82574208221 0.334754608038
2018-01-19 14:10:53.305523 1900000 1900000 0.305903341908 0.36912636621 0.000236576248686 -0.0703541771423 1.38490981585 0.0505848401473 -0.98361418139 -1.53139208281 -0.0358762688425 -0.314433525927 0.802937411717 -0.493159570567 0.308404359086 -0.314459394095 -0.534010804477 0.513690582527
2018-01-19 14:10:58.319129 1700000 1700000 -0.302688801692 -0.19716121618 -0.500609208281 -0.0919965442308 0.33757343761 -0.204751168106 -0.741801357677 -1.54532709048 -0.0738881313671 -0.306486655563 -0.0269916278589 -0.85020289006 -0.300268367832 -0.785012915063 -0.836719629591 -0.365760696345
2018-01-19 14:11:03.443272 1500000 1500000 -0.586424328101 -0.474446859971 -0.858356197231 0.422009674122 0.381827087395 -0.204751168106 -0.840165896137 -1.58211551074 0.302006953598 -0.127682072369 0.000368670149081 -0.876594151771 -0.58627121542 -0.810489348118 -0.889464349118 -0.292663447192
2018-01-19 14:11:08.450086 1900000 1900000 -1.12058729738 -1.81127609757 -0.180519797116 -0.0865859524587 -0.853587302427 -0.557081698976 -1.12296394421 -1.32348176835 0.355505130484 -0.145846347487 -0.961801809799 -0.856673824422 -1.11916541007 -1.17742603316 -1.14860144941 -0.901807190135
2018-01-19 14:11:13.460565 1900000 1900000 -1.14040766314 -1.79213948272 -1.15208530395 -0.568128620178 -0.909641925487 -0.571009117608 -1.04509201793 -1.32292436804 0.276665711915 -0.171389859372 -1.01214475813 -0.86885440675 -1.13921005409 -1.49436046526 -1.5086414914 -0.975665868966
2018-01-19 14:11:18.470711 1500000 1500000 -0.875094385403 -1.19695170647 -0.801869830555 0.427420265894 -0.329181552479 -0.41863652567 -1.09837280959 -1.5793285092 0.240061696151 -0.196365737659 -0.548661309878 -0.744384081085 -0.87471853179 -1.00232308657 -1.038525513 -0.566016701838
2018-01-19 14:11:23.485533 1900000 1900000 -0.53707901916 -1.23210059089 1.0734775431 0.427420265894 1.7979438805 0.101983647004 -1.28157676247 -1.61555952915 1.24244858939 0.224250758046 1.12214088848 -0.533761511661 -0.534937370981 0.555731905086 0.449792877144 0.732220900308
2018-01-19 14:11:28.496941 1800000 1800000 0.0427283608915 0.826061863724 -0.737851948322 -0.589770987267 0.101553972092 -0.305890755791 -1.10656985446 -0.0381166606951 -0.363904563962 -0.480750169978 -0.217601703981 -0.809727830032 0.0419572617603 -0.843380563927 -0.907810338519 -0.363476407309
2018-01-19 14:11:33.510647 1700000 1700000 0.120858433381 2.07579997658 -1.17091409284 0.422009674122 -0.75844195539 -0.445828152523 0.934494318566 0.937333876334 -0.699112877558 -0.582924217518 -0.883368955509 -0.820639601701 0.122624731593 -1.07590054621 -1.03623226433 -0.868304284273
2018-01-19 14:11:38.526256 1900000 1900000 0.190764287713 -0.318229595863 0.745856616376 0.167711860831 0.448207562072 0.305920848401 0.934494318566 -1.3195799662 -0.292104379193 -0.129384973161 0.0733294648371 -0.594664423302 0.193514326294 -0.315790252538 -0.439987608797 0.196174406519
2018-01-19 14:11:43.540878 1700000 1700000 -0.639881746119 -0.41586538593 -1.0391125706 -0.0865859524587 -0.345407890733 -0.246201818797 0.692681494854 0.195991468192 -0.221712041185 -0.139034744318 -0.702790988656 -0.760878619654 -0.637605059859 -0.815432536621 -0.800027650789 -0.609418193522
2018-01-19 14:11:48.554995 1900000 1900000 -0.471285273906 -0.849368293829 0.0604887007034 0.427420265894 0.064675930605 -0.0920053982281 0.47136128332 0.179269458986 -0.0879665989687 -0.0879477205477 -0.55686939928 -0.746921702403 -0.468936713845 0.0853685067522 0.225054506984 -0.405355039637
2018-01-19 14:11:53.568543 2101000 2101000 -0.863580479983 -0.876706315047 -1.23869773285 -0.0865859524587 -0.518734685723 -0.395424161283 0.209055847429 0.0677893976109 -0.0767038248874 -0.148684515474 -0.862392727036 -0.843224431434 -0.862496187876 -0.958404757942 -0.907810338519 -0.82414136291
2018-01-19 14:11:58.577786 1700000 1700000 -0.627545418884 4.53622188628 -2.02837713899 0.427420265894 -0.960017330159 -0.584439128432 -1.04919054036 -0.573220955294 -0.753174193148 -0.663187608197 -1.05728924985 -0.88344572933 -0.625382715945 -1.57763417927 -1.58661194635 -1.05028597748
2018-01-19 14:12:03.596120 1700000 1700000 2.57167544409 1.68916224792 1.39356695426 2.07765075639 0.971875751191 -0.0538707995928 -0.946727479468 -1.45056903831 -0.539885408983 -0.557948339231 0.483733934957 -0.574363452755 2.58664926466 1.56756456714 1.79363660076 0.322571733179
2018-01-19 14:12:08.610945 1800000 1800000 0.22366116034 0.423802408647 -0.180519797116 -0.0649435853702 1.19314400011 0.000844059318673 -0.975417136518 -1.54254008895 -0.056993970245 -0.324083297084 0.647895723005 -0.568019399459 0.227736889253 -0.455340266433 -0.660139481608 0.3682575139
2018-01-19 14:12:13.626403 1700000 1700000 -0.25745560183 -0.13857974214 -0.474248903832 -0.0919965442308 0.573592903129 -0.143404205084 -0.782786582035 -1.57208230521 0.0105826742431 -0.267887570937 0.155410358861 -0.866443666497 -0.256267929741 -0.759726604644 -0.845892624291 -0.234033361934
2018-01-19 14:12:18.822876 2101000 2101000 -0.750908691236 -0.326040459069 -1.3704992551 0.167711860831 -0.283452781034 -0.388792057172 -0.782786582035 -1.58490251227 -0.00490364011879 -0.275834441301 -0.523125031737 -0.899052100438 -0.750050623867 -1.27172685998 -1.31830185136 -0.716018348537
2018-01-19 14:12:23.784033 1500000 1500000 -1.12469940646 -1.80854229545 -0.402699506042 -0.0919965442308 -0.821134625918 -0.54713354281 -1.01230383844 -1.39650120855 0.721545288128 0.0482843428386 -0.93170548199 -0.857942635081 -1.123321007 -1.21507031483 -1.20363941761 -0.86982714363
2018-01-19 14:12:28.796978 1500000 1500000 -1.11894245375 -1.76441091834 -0.847058923896 1.37427382602 -0.832935599194 -0.549952187057 -0.987712703826 -1.43050262727 0.48643487918 -0.0595660406756 -0.939001561459 -0.842209382907 -1.11745428192 -0.316550743077 -0.17167751381 -0.697744036249
2018-01-19 14:12:33.808412 1500000 1500000 -0.742684473079 -1.103221348 -0.391402232707 -0.606002762583 0.182685663364 -0.299258651681 -1.26641222946 -1.59995232056 0.470948564818 -0.115194133225 -0.154673018563 -0.655567334942 -0.740272748736 -0.684057796019 -0.779388412713 -0.151798956637
2018-01-19 14:12:38.824478 1900000 1900000 -0.565863782709 -1.0954104848 0.35421780742 -0.606002762583 1.65780732285 0.0655070743959 -1.28567528491 -1.61555952915 1.24244858939 0.224250758046 1.01269969644 -0.569288210118 -0.566715465157 0.134039901244 -0.0363758419784 0.657600791797
2018-01-19 14:12:43.838758 1700000 1700000 0.235997487575 2.03674566056 -1.04664408615 -0.606002762583 -0.327706430819 -0.410346395532 -0.93443191216 0.898315854853 -0.563818803906 -0.569868644777 -0.55686939928 -0.844112598896 0.239959233167 -1.05897963172 -1.08209723783 -0.648251107135
2018-01-19 14:12:48.854754 1800000 1800000 -1.09344737746 0.701088052438 -2.21817133102 0.405777898805 -0.941578309415 -0.578868160979 -0.897545210238 -0.645682995188 -0.477940151535 -0.525593224176 -1.03749863429 -0.84956848473 -1.09276514722 -1.70140401448 -1.74255285626 -1.0282045168
2018-01-19 14:12:53.873081 1700000 1700000 -0.598760655336 -0.814219409404 -0.436591326048 -0.0919965442308 -0.127089885129 -0.201435116051 0.372996744861 0.156973446711 -0.0851509054484 -0.112923598835 -0.685462799918 -0.729158353174 -0.596049090551 -0.314079148826 -0.217542487312 -0.535559514691
2018-01-19 14:12:58.885280 1500000 1500000 -0.594648546257 -1.18523541166 0.56886600079 0.167711860831 0.131056405282 -0.136772100974 0.151676533328 -0.288946798788 0.110539794215 -0.025508024829 -0.669958631047 -0.773566726246 -0.591160152985 0.306291008314 0.527763332098 -0.525660928868
2018-01-19 14:13:04.145338 1800000 1800000 -1.0482141776 -0.404149091122 -2.02461138121 -0.0595329935981 -0.87350144483 -0.544646503769 0.127085398713 -0.361408838682 -0.342786862559 -0.359844213723 -1.03020255482 -0.879639297353 -1.04729802786 -1.58276749041 -1.59578494105 -1.04038739165
2018-01-19 14:13:09.158175 1700000 1700000 -0.364370437868 4.10662440998 -1.84875049296 -0.606002762583 -0.956182013844 -0.583261929952 -0.995909748697 -0.550924943019 -0.762184412414 -0.667274570098 -1.05218199422 -0.889028496231 -0.332046462008 -1.59360448059 -1.6187174278 -1.00764591547
2018-01-19 14:13:14.172960 1700000 1700000 1.83149580999 2.31012587274 0.214884769619 0.162301269059 0.212188096554 -0.261124053046 -0.938530434596 -1.43050262727 -0.59901497291 -0.5868976527 -0.127312720555 -0.696169276036 1.87775331764 -0.384234401043 -0.412468624696 -0.169311839247
2018-01-19 14:13:19.188157 1900000 1900000 0.462163486886 0.361315503004 0.248776589624 -0.0865859524587 1.79056827221 0.156698505915 -0.995909748697 -1.54978629294 0.00635913396256 -0.295133983614 1.12214088848 -0.39672996047 0.464850361185 -0.115591118162 -0.375776645894 0.784759548137
2018-01-19 14:13:22.183919 1500000 1500000 -0.413715746809 -0.279175279836 -0.655005277197 -0.0919965442308 0.544090469939 -0.156668413305 -0.823771806393 -1.57152490491 0.15136735026 -0.200906806439 0.137170160189 -0.847030863412 -0.410269463058 -0.791096839375 -0.889464349118 -0.214997619967
