number of threads 160
reads 4359256
long reads 0
extra reads 0
read_length 101
kmer 60
kmers 21358992 21002905
merge bubble 63
contigs: 46968 n50: 266 max: 8310 mean: 118 total length: 5562158 n80: 60
aligned 179627 reads
confirmed bases: 2090892 correct reads: 85062 bases: 3799
kmer 20
kmers 49539227 49523114
merge bubble 12737
contigs: 285138 n50: 349 max: 6768 mean: 121 total length: 34637364 n80: 223
aligned 871359 reads
confirmed bases: 8060150 correct reads: 101706 bases: 1175
distance mean -nan sd -nan
invalid insert distance
kmer 40
kmers 36545647 36836584
merge bubble 92
contigs: 188501 n50: 390 max: 9579 mean: 174 total length: 32803755 n80: 246
aligned 873099 reads
confirmed bases: 8438754 correct reads: 113868 bases: 230
distance mean -nan sd -nan
invalid insert distance
kmer 60
kmers 33124007 33112426
merge bubble 15
contigs: 100625 n50: 444 max: 20308 mean: 282 total length: 28442906 n80: 287
aligned 842225 reads
confirmed bases: 8291807 correct reads: 115274 bases: 55
distance mean -nan sd -nan
invalid insert distance
kmer 80
kmers 24350758 24211851
merge bubble 2
contigs: 53401 n50: 503 max: 20328 mean: 451 total length: 24118277 n80: 339
aligned 802303 reads
confirmed bases: 8036166 correct reads: 114950 bases: 26
distance mean -nan sd -nan
invalid insert distance
kmer 100
kmers 19083863 18977202
merge bubble 1
contigs: 40926 n50: 539 max: 20328 mean: 536 total length: 21945652 n80: 370
reads 4359256
aligned 763210 reads
distance mean -nan sd -nan
invalid insert distance
