503.0Gb memory in total.
Using: 453.403Gb.
MEGAHIT v1.1.1
--- [Tue Jan  9 10:14:22 2018] Start assembly. Number of CPU threads 160 ---
--- [Tue Jan  9 10:14:22 2018] Available memory: 540930650112, used: 486837585100
--- [Tue Jan  9 10:14:22 2018] Converting reads to binaries ---
    [read_lib_functions-inl.h  : 209]     Lib 0 (/scratch/shofmeyr/hipmer_metagenome_data/SYNTHbbqc_25perc.fq): interleaved, 36327152 reads, 101 max length
    [utils.h                   : 126]     Real: 58.8233	user: 30.5200	sys: 3.5680	maxrss: 156112
--- [Tue Jan  9 10:15:21 2018] k-max reset to: 119 ---
--- [Tue Jan  9 10:15:21 2018] k list: 21,29,39,59,79,99,119 ---
--- [Tue Jan  9 10:15:21 2018] Extracting solid (k+1)-mers for k = 21 ---
--- [Tue Jan  9 10:16:30 2018] Building graph for k = 21 ---
--- [Tue Jan  9 10:16:54 2018] Assembling contigs from SdBG for k = 21 ---
--- [Tue Jan  9 10:17:59 2018] Local assembling k = 21 ---
--- [Tue Jan  9 10:18:45 2018] Extracting iterative edges from k = 21 to 29 ---
--- [Tue Jan  9 10:20:00 2018] Building graph for k = 29 ---
--- [Tue Jan  9 10:20:22 2018] Assembling contigs from SdBG for k = 29 ---
--- [Tue Jan  9 10:21:17 2018] Local assembling k = 29 ---
--- [Tue Jan  9 10:21:48 2018] Extracting iterative edges from k = 29 to 39 ---
--- [Tue Jan  9 10:23:13 2018] Building graph for k = 39 ---
--- [Tue Jan  9 10:23:34 2018] Assembling contigs from SdBG for k = 39 ---
--- [Tue Jan  9 10:24:24 2018] Local assembling k = 39 ---
--- [Tue Jan  9 10:24:55 2018] Extracting iterative edges from k = 39 to 59 ---
--- [Tue Jan  9 10:25:20 2018] Building graph for k = 59 ---
--- [Tue Jan  9 10:25:45 2018] Assembling contigs from SdBG for k = 59 ---
--- [Tue Jan  9 10:26:32 2018] Local assembling k = 59 ---
--- [Tue Jan  9 10:27:01 2018] Extracting iterative edges from k = 59 to 79 ---
--- [Tue Jan  9 10:28:37 2018] Building graph for k = 79 ---
--- [Tue Jan  9 10:28:57 2018] Assembling contigs from SdBG for k = 79 ---
--- [Tue Jan  9 10:29:35 2018] Local assembling k = 79 ---
--- [Tue Jan  9 10:30:08 2018] Extracting iterative edges from k = 79 to 99 ---
--- [Tue Jan  9 10:30:19 2018] Building graph for k = 99 ---
--- [Tue Jan  9 10:30:32 2018] Assembling contigs from SdBG for k = 99 ---
--- [Tue Jan  9 10:31:12 2018] Local assembling k = 99 ---
--- [Tue Jan  9 10:31:37 2018] Extracting iterative edges from k = 99 to 119 ---
--- [Tue Jan  9 10:31:43 2018] Building graph for k = 119 ---
--- [Tue Jan  9 10:31:53 2018] Assembling contigs from SdBG for k = 119 ---
--- [Tue Jan  9 10:32:28 2018] Merging to output final contigs ---
--- [STAT] 57794 contigs, total 191899702 bp, min 200 bp, max 708009 bp, avg 3320 bp, N50 15348 bp
--- [Tue Jan  9 10:32:29 2018] ALL DONE. Time elapsed: 1087.067845 seconds ---
