number of threads 160
reads 4359256
long reads 0
extra reads 0
read_length 101
kmer 60
kmers 21358992 21002905
merge bubble 63
contigs: 46968 n50: 266 max: 8310 mean: 118 total length: 5562158 n80: 60
aligned 179628 reads
confirmed bases: 2090872 correct reads: 85066 bases: 3793
kmer 20
kmers 49539281 49523169
merge bubble 12737
contigs: 285138 n50: 349 max: 6768 mean: 121 total length: 34637364 n80: 223
aligned 871350 reads
confirmed bases: 8060245 correct reads: 101679 bases: 1170
distance mean -nan sd -nan
invalid insert distance
kmer 40
kmers 36545607 36836529
merge bubble 92
contigs: 188500 n50: 390 max: 9579 mean: 174 total length: 32802962 n80: 246
aligned 873075 reads
confirmed bases: 8438897 correct reads: 113869 bases: 232
distance mean -nan sd -nan
invalid insert distance
kmer 60
kmers 33123218 33111631
merge bubble 14
contigs: 100627 n50: 444 max: 20308 mean: 282 total length: 28442426 n80: 287
aligned 842174 reads
confirmed bases: 8291832 correct reads: 115287 bases: 50
distance mean -nan sd -nan
invalid insert distance
kmer 80
kmers 24350169 24211260
merge bubble 2
contigs: 53401 n50: 503 max: 20328 mean: 451 total length: 24117126 n80: 339
aligned 802233 reads
confirmed bases: 8035884 correct reads: 114942 bases: 25
distance mean -nan sd -nan
invalid insert distance
kmer 100
kmers 19082602 18975942
merge bubble 0
contigs: 40928 n50: 539 max: 20328 mean: 536 total length: 21945090 n80: 370
reads 4359256
aligned 763160 reads
distance mean -nan sd -nan
invalid insert distance
