Date Time Prediction All_Predictions EXEC IPC FREQ AFREQ L3MISS_Rate L2MISS_Rate L3HIT L2HIT L3MPI L2MPI READ_Rate WRITE_Rate INST_Rate POWER_Total POWER_Proc POWER_DRAM
2018-01-19 15:57:19.657611 1700000 1700000 -1.1004379629 6.80137221583 -2.30248664768 2.40228626272 -0.993207567498 -0.592397653364 0.47136128332 2.97184499642 -0.759650288245 -0.656943638625 -1.08483194984 -0.896895122318 -1.09985410669 -0.261985546908 -0.0822408154805 -0.776171293153
2018-01-19 15:57:24.658271 1700000 1700000 -1.10701733742 6.99664379597 -2.30572519937 2.348180345 -0.993694357645 -0.592977962474 -0.0122643641045 3.10562107007 -0.760635780977 -0.661825287563 -1.08364633693 -0.898037051911 -1.10620972552 -0.257802848944 -0.0776543181303 -0.774648433795
2018-01-19 15:57:29.670129 1700000 1700000 -1.13539089006 6.68420926775 -2.31649526661 -0.0703541771423 -0.994328659959 -0.593120552712 0.176267667942 2.8157729105 -0.751625561712 -0.653821653839 -1.08291672898 -0.90328992804 -1.1345655634 -1.57021939652 -1.55679971357 -1.11957607824
2018-01-19 15:57:34.680399 1700000 1700000 -1.12881151554 7.07475242802 -2.31476301804 -0.0865859524587 -0.994660562332 -0.593390810955 -0.127022992307 3.11676907621 -0.758946364865 -0.661484707404 -1.08702989378 -0.901970364954 -1.12820994457 -1.48998764466 -1.45819002055 -1.12566751567
2018-01-19 15:57:39.691129 1700000 1700000 -1.12922272645 7.07475242802 -2.31476301804 -0.0919965442308 -0.994682689157 -0.593339412148 0.0164252929461 3.07775105473 -0.759087149541 -0.660576493648 -1.08716669527 -0.902477889218 -1.12820994457 -1.51299248346 -1.48570900465 -1.12642894534
2018-01-19 15:57:44.703396 1700000 1700000 -1.12922272645 7.07475242802 -2.31483833319 -0.0865859524587 -0.99471219159 -0.593382520825 -0.0532495884625 3.10562107007 -0.759509503569 -0.661314417325 -1.08711197468 -0.901970364954 -1.12820994457 -1.49797279532 -1.46736301525 -1.12719037502
2018-01-19 15:57:49.719229 1700000 1700000 -1.13004514826 6.95758947994 -2.31506427866 -0.0865859524587 -0.994608933074 -0.593292987419 0.06150903974 3.05545504246 -0.757820087457 -0.659327699734 -1.08509643272 -0.902224127086 -1.12943217896 -1.50329622909 -1.47424276127 -1.12566751567
2018-01-19 15:57:54.732928 1700000 1700000 -1.13900954605 6.41082905557 -2.31754967879 -0.0919965442308 -0.994048386843 -0.59296304024 0.241844026915 2.63183080923 -0.745290251292 -0.648202081224 -1.07890388527 -0.902604770284 -1.13823226658 -1.55500958574 -1.52928072947 -1.15003326538
2018-01-19 15:57:59.748390 1700000 1700000 -1.12881151554 7.035698112 -2.31468770288 -0.0919965442308 -0.994719567199 -0.593346044252 0.0369179051251 3.08889906087 -0.759509503569 -0.660746783728 -1.08723053597 -0.902477889218 -1.12820994457 -1.55101701041 -1.53157397815 -1.12642894534
2018-01-19 15:58:04.780077 1700000 1700000 -1.12922272645 7.035698112 -2.31472536046 -0.0865859524587 -0.994763820848 -0.593352676356 0.06150903974 3.08889906087 -0.759931857597 -0.660803547087 -1.08715757517 -0.90209724602 -1.12820994457 -1.55634044418 -1.53845372417 -1.12490608599
2018-01-19 15:58:09.796666 1700000 1700000 -1.12881151554 6.99664379597 -2.31461238772 -0.0865859524587 -0.994763820848 -0.593321173862 0.131183921149 3.07775105473 -0.760072642273 -0.660349440209 -1.08713933497 -0.901970364954 -1.12796549769 -1.55557995364 -1.53845372417 -1.12186036727
2018-01-19 15:58:14.808426 1700000 1700000 -1.12963393735 6.87948084789 -2.3146500453 -0.0919965442308 -0.993266572364 -0.592739206726 0.102494264098 2.45346271103 -0.745431035968 -0.650188798815 -1.08227832203 -0.897275765515 -1.12869883832 -1.58752055628 -1.57743895165 -1.12033750792
2018-01-19 15:58:19.825953 1700000 1700000 -1.12922272645 6.56704631967 -2.31367094828 -0.0919965442308 -0.986348251781 -0.591004911501 -0.598353072424 0.463543615492 -0.680388515648 -0.620955668547 -1.07607665448 -0.89093171222 -1.12820994457 -1.5996884049 -1.6003714384 -1.09292603948
2018-01-19 15:58:24.838259 1700000 1700000 -1.11441913376 5.55163410297 -2.3038046629 -0.0865859524587 -0.981185325973 -0.587655698925 0.192661757686 0.402229581735 -0.66687318675 -0.590871087882 -1.07379662964 -0.888013447703 -1.11354313187 -1.62402410215 -1.63247691985 -1.08378888334
2018-01-19 15:58:30.104703 1700000 1700000 -1.10084917381 5.04392799463 -2.29461621392 -0.0865859524587 -0.980669033392 -0.585433944048 0.696780017289 0.64748571676 -0.684471271252 -0.581788950323 -1.07598545349 -0.891312355417 -1.09985410669 -1.63562158287 -1.64394316323 -1.0921646098
2018-01-19 15:58:35.334275 1700000 1700000 -0.405491528652 2.3882345048 -1.68682290848 -0.0865859524587 -0.817446821769 -0.431734931288 1.39762735381 1.34981010342 -0.678417530184 -0.506293681863 -0.911641263451 -0.675868305489 -0.388269244013 -1.03255258549 -1.03623226433 -0.694698317534
2018-01-19 15:58:40.573005 1700000 1700000 0.482724032278 1.94301530209 -0.79057255722 -0.0865859524587 0.300695396123 0.0787712826169 0.643499225624 0.954055885541 -0.437112595491 -0.354735511346 0.0277289681571 -0.302837971691 0.562629112497 -0.188598209901 -0.300099439616 0.241098757561
2018-01-19 15:58:45.804886 1800000 1800000 0.268894360202 1.43140376214 -0.786806799441 -0.0865859524587 1.49554394031 0.312552952512 -0.114727425 0.37993356946 -0.0133507206798 -0.175363294554 0.994459497773 -0.136623775339 0.332849046914 0.115027637771 -0.100586804881 0.794658133959
2018-01-19 15:58:51.029795 1900000 1900000 0.190764287713 1.25956477162 -0.79057255722 -0.0865859524587 1.65043171456 0.340739394981 -0.188500828844 0.168121452848 0.076751471971 -0.132223141148 1.1039006898 -0.032581301286 0.257070514647 0.179669333581 -0.050135334029 0.886029695401
2018-01-19 15:58:56.237535 1800000 1800000 0.194876396791 1.09553664431 -0.696428612759 0.162301269059 1.5176707652 0.256180067572 -0.307357979482 0.290749520361 0.0345160691659 -0.181607264126 1.08566049113 0.11206311386 0.254626045864 0.193738408551 -0.0363758419784 0.896689710902
2018-01-19 15:59:01.329701 1900000 1900000 0.240109596654 1.02914430706 -0.606050426077 0.416599082349 1.79056827221 0.32084308265 -0.385229905763 0.274027511154 0.093645633093 -0.16060482102 1.3319031732 0.178041268137 0.301070952737 0.34146369574 0.098925829853 1.03907706082
2018-01-19 15:59:06.404047 1900000 1900000 -0.146428656714 1.01742801226 -1.07677014838 0.178533044376 1.57667563158 0.267786249766 -0.331949114097 -0.14959672207 0.342834509643 -0.00280268093125 1.12214088848 0.147589812317 -0.112044271556 -0.0450556206759 -0.325325175042 0.899735429617
2018-01-19 15:59:11.425302 1300000 1300000 -0.631657527963 -0.275269848234 -1.13325651506 0.422009674122 0.285944179528 -0.189828933858 -0.495890011529 -0.361408838682 0.286520639236 -0.0709187126244 0.292211848901 0.543458737981 -0.620493778379 -0.233277029063 -0.476679587599 0.648463635653
2018-01-19 15:59:16.446250 1800000 1800000 0.256558032967 1.60714818426 -0.873419228345 0.427420265894 -0.186094751508 -0.282678391405 0.0164252929461 0.123529428298 -0.522991247861 -0.498346811499 -0.410947809904 -0.0947530235857 0.269292858561 -0.477014246793 -0.589048772679 0.0454113301405
2018-01-19 15:59:21.460315 1700000 1700000 -0.767768338457 2.19296292466 -1.97527995431 -1.10377720562 -0.932137530795 -0.569185288978 0.0410164275609 1.21603402977 -0.710938790343 -0.62691582132 -1.0290169419 -0.830536324843 -0.764717436564 -1.66014740275 -1.71044737481 -0.969574431537
2018-01-19 15:59:26.546451 1700000 1700000 -1.13621331188 2.73972334904 -2.30214772948 0.0324470665282 -0.977866302239 -0.584986277021 0.500050940371 0.91503786406 -0.569450190946 -0.492102841927 -1.07133420282 -0.872533957661 -1.13554335092 -1.69455959963 -1.71962036951 -1.07693601623
2018-01-19 15:59:31.505115 1700000 1700000 -1.11154065741 3.91135282985 -2.29310991081 -0.108228319547 -0.979267667815 -0.585931351857 0.44267162627 0.591745686073 -0.658848460217 -0.572706812764 -1.03886664919 -0.817721337185 -1.11085421621 -1.79095177544 -1.84574904664 -1.04419454005
2018-01-19 15:59:36.508395 1700000 1700000 -1.06342898119 3.4036467215 -2.25695863614 -0.097407136003 -0.954633136102 -0.576812208705 0.172169145507 0.446821606285 -0.611685593752 -0.551136736061 -0.997370197209 -0.724083110538 -1.06245373431 -1.65615482742 -1.74484610493 -0.839369956483
2018-01-19 15:59:41.524340 1800000 1800000 -1.17248211395 -0.845462862226 -2.31404752406 -0.0919965442308 -0.981849130719 -0.589910614323 -0.790983626907 0.0733634006797 0.407595460611 -0.06524237665 -1.03220897667 -0.711395003946 -1.17174593359 -1.65976715748 -1.73796635891 -0.876680010738
2018-01-19 15:59:46.540113 1900000 1900000 -1.17754000812 -1.72691877495 -2.31419815437 -0.0865859524587 -0.989814787681 -0.592430813885 -1.13116098908 -0.890939130212 2.63621688196 0.916763746926 -1.02509529919 -0.673330684171 -1.1768035395 -1.64170550718 -1.72879336421 -0.834801378411
2018-01-19 15:59:51.554085 1700000 1700000 -0.508294255611 0.251963418129 -1.21986894396 0.167711860831 -0.290828389332 -0.397082187311 -0.889348165366 -0.478462903126 -0.294920072714 -0.433636581391 -0.639862303238 -0.107441130177 -0.505603745587 -0.562759555059 -0.60280826473 -0.252307674223
2018-01-19 15:59:56.614237 1700000 1700000 -0.85288899638 2.93499492917 -2.09314817278 0.427420265894 -0.933170115956 -0.575983195691 -0.786885104471 1.31079208194 -0.692918351813 -0.630889256502 -1.02263287237 -0.791076313342 -0.852718312745 -1.47972102238 -1.490295502 -0.977950158002
2018-01-19 16:00:01.629193 1700000 1700000 -0.962682308772 3.71608124971 -2.19708308746 -0.0919965442308 -0.880877053127 -0.553765646921 -0.22128900833 0.402229581735 -0.535661868702 -0.522187422592 -0.94447362106 -0.706319761309 -0.960763832945 -1.54531333137 -1.62330392515 -0.799014183513
2018-01-19 16:00:06.642782 1700000 1700000 -0.631657527963 4.69243915038 -2.03779153343 -0.0919965442308 -0.84473657247 -0.358947588675 1.8197751647 -1.1819020904 -0.655188058641 -0.319542228304 -0.9672738694 -0.788792454156 -0.627827184727 -1.42173361879 -1.4627765179 -0.837085667447
2018-01-19 16:00:11.796737 1700000 1700000 -1.16799991506 0.865116179751 -2.32090120321 -0.102817727775 -0.978013814405 -0.588600773761 -0.676224998705 0.268453508086 0.0725279316905 -0.220773982349 -1.05601243594 -0.8772285571 -1.16727255572 -1.78829005856 -1.83428280326 -1.07160600848
2018-01-19 16:00:16.809302 1700000 1700000 -0.578200109944 0.540965356728 -1.46087744178 -0.0865859524587 -0.134465493426 -0.310864833874 -0.381131383327 -0.7683110627 -0.131609848534 -0.292295815627 -0.386323541697 -0.486815517271 -0.564270996374 -1.05764877327 -1.22427865568 -0.170834698604
2018-01-19 16:00:21.821555 1700000 1700000 -0.179325529341 0.888548769367 -1.05794135949 -0.0865859524587 0.167934446769 -0.164958543444 -0.0819392455131 -0.81290308725 -0.244237589347 -0.320677495499 -0.182033316571 -0.715201435923 -0.173155991126 -0.792998065722 -0.937622571296 -0.0627116842317
2018-01-19 16:00:26.833868 1800000 1800000 -0.0395138206761 0.923697653791 -0.896013775016 -0.0865859524587 0.448207562072 -0.0920053982281 -0.241781620509 -0.863069114869 -0.192147259221 -0.309892457148 0.0550892661651 -0.840686810116 -0.0387102080722 -0.616754383323 -0.754162677287 0.0339898849603
2018-01-19 16:00:31.851027 1800000 1800000 -0.0148411662059 1.24003761361 -1.01275226615 -0.0865859524587 0.197436879959 -0.164958543444 -0.151614126922 -0.222058761964 -0.306182846795 -0.370629252074 -0.145552919227 -0.661911388238 -0.0118210514613 -0.661813447755 -0.795441153439 -0.00941160672429
2018-01-19 16:00:36.869807 2101000 2101000 -0.811767905596 1.25175390842 -1.92029989075 0.167711860831 -0.720088792243 -0.445828152523 0.696780017289 -1.27052873919 -0.43288905521 -0.339977037812 -0.846888558165 -0.691094033399 -0.811162343437 -1.34720554597 -1.41920479307 -0.683276872354
2018-01-19 16:00:41.883553 1900000 1900000 -1.17728094525 -1.69333206317 -2.31306842704 0.167711860831 -0.989741031598 -0.5921323692 -0.709013178191 -0.90208713635 1.97452890468 0.78053168354 -1.02290647535 -0.661911388238 -1.17654442581 -1.59987852754 -1.67604864468 -0.842415675198
2018-01-19 16:00:46.896986 1900000 1900000 -0.805599741978 -0.146390605345 -1.57761593291 2.23996850956 -0.911117047147 -0.570345907197 -0.881151120495 1.17701600829 -0.677150468099 -0.624304706772 -0.818616250224 -0.187376201706 -0.803828937089 -0.182894530859 -0.112053048257 -0.360430688595
2018-01-19 16:00:51.914701 1700000 1700000 -0.997224025031 4.61433051833 -2.23511724102 0.422009674122 -0.928228458397 -0.572667143636 -0.528678191016 0.614041698348 -0.607462053471 -0.578383148739 -1.00193024688 -0.772297915586 -0.996208630295 -1.52211836993 -1.6003714384 -0.782262730582
2018-01-19 16:00:56.928287 1700000 1700000 -0.693339164138 4.34095030614 -2.05624374655 0.427420265894 -0.835148281683 -0.378843901007 1.72141062624 -1.08602923762 -0.629987601634 -0.308757189953 -0.956329750197 -0.754534566358 -0.69138337308 -1.35271910238 -1.39168580897 -0.796729894477
2018-01-19 16:01:02.254431 1700000 1700000 -1.16886345796 0.931508516997 -2.32233219117 -0.102817727775 -0.978972643483 -0.588816317145 -0.635239774346 0.391081575598 0.100684866894 -0.199203905647 -1.05765405382 -0.882938205067 -1.1681036751 -1.79741594503 -1.84345579796 -1.07769744591
2018-01-19 16:01:07.562858 2101000 2101000 -1.02600878858 0.115273312035 -2.06452841366 -0.0865859524587 -0.748116103773 -0.516625863902 -0.532776713451 -0.645682995188 -0.0499547364442 -0.266752303742 -0.821352280024 -0.621309447144 -1.01967553061 -1.4179311661 -1.53157397815 -0.59342817027
2018-01-19 16:01:12.572113 1800000 1800000 -0.109419675009 1.0799149179 -1.05417560171 -0.0865859524587 0.234314921446 -0.227963532493 -0.676224998705 -0.467314896988 -0.278025911592 -0.408093069506 -0.118192621219 -0.271117705211 -0.0435991456378 -0.603445798892 -0.816080391515 0.292875975711
2018-01-19 16:01:17.587513 1800000 1800000 0.684217377119 1.14240182354 -0.150393734888 1.91533300323 0.912870884811 -0.0372905393166 -0.737702835242 -0.422722872438 -0.318853467636 -0.434204214988 0.392532941597 -0.00466746678408 0.733741927293 1.36356298007 1.43818305612 0.685773689909
2018-01-19 16:01:22.601675 1700000 1700000 -0.963504730588 1.40406574092 -2.10218599144 0.200175411464 -0.774668293644 -0.527237230479 -0.639338296782 -0.484036906194 -0.301959306514 -0.417742840662 -0.915289303185 -0.795390269583 -0.962474961093 -1.42857803364 -1.52240098345 -0.666525419423
2018-01-19 16:01:27.618905 1900000 1900000 -1.17608020939 -1.49376450827 -2.31314374219 0.167711860831 -0.971302010854 -0.585384203268 -0.254077187817 -1.65552513115 4.10037751253 2.34152407651 -1.07051339388 -0.880146821617 -1.1753393027 -1.66585108179 -1.69439463408 -1.0457173994
2018-01-19 16:01:32.708059 1900000 1900000 -1.17595273401 -1.45080476064 -2.31408518164 -0.0865859524587 -0.972039571684 -0.58555000587 -0.229486053202 -1.64002940262 3.73433735489 2.1428523174 -1.07096939885 -0.880781226946 -1.17521707926 -1.73505572083 -1.77695158639 -1.04876311812
2018-01-19 16:01:37.651121 1700000 1700000 -1.12840030463 0.833872726929 -2.26938563681 0.422009674122 -0.967319182373 -0.583527214117 -0.139318559614 1.06553594692 -0.504689239979 -0.497211544304 -1.06531493726 -0.872407076596 -1.12772105081 -1.59208349951 -1.61413093045 -1.01678307162
2018-01-19 16:01:42.687684 1700000 1700000 -0.998457657754 3.28648377342 -2.21026323968 0.422009674122 -0.955665721264 -0.568687881169 0.926297273694 0.993073907022 -0.676587329395 -0.558515972828 -1.05546522998 -0.848807198335 -0.997919758443 -1.59113288634 -1.61413093045 -1.01297592322
2018-01-19 16:01:47.733190 1700000 1700000 -0.557639564552 3.79418988177 -1.94289443742 -0.0865859524587 -0.913329729636 -0.509164746778 1.50828745958 0.0287713761297 -0.721919995073 -0.564192308802 -1.01497198893 -0.809220305768 -0.55204865246 -1.39834853472 -1.41232504704 -0.910944346279
2018-01-19 16:01:52.877580 1700000 1700000 -0.639881746119 5.27825389079 -2.06603471677 -0.0865859524587 -0.937152944437 -0.546967740208 1.24598202369 -0.132874712864 -0.733041984478 -0.605061927818 -1.03822824223 -0.835484686413 -0.635160591076 -1.48884690885 -1.5086414914 -0.953584408285
2018-01-19 16:01:58.080818 1700000 1700000 1.81504737367 8.09016464472 -1.26129227952 -0.0865859524587 -0.921442898763 -0.526242414862 1.39352883138 0.0343453791985 -0.77317969561 -0.659497989813 -1.02235926939 -0.823938509415 1.85330862982 -0.671699824762 -0.536304053152 -0.909421486921
2018-01-19 16:02:03.297696 1700000 1700000 1.11598883035 3.4036467215 -0.79057255722 -0.0865859524587 -0.230348401293 -0.0140781749299 1.20499679933 -0.32796482027 -0.634211141914 -0.473938566809 -0.382675501963 -0.479202653316 1.19574652724 -0.232896783794 -0.226715482012 -0.179971854748
2018-01-19 16:02:08.466671 1700000 1700000 0.910383376429 2.93499492917 -0.786806799441 -0.0865859524587 0.0277978891178 -0.00413001876419 0.819735690363 -0.339112826407 -0.563818803906 -0.450665589314 -0.187505376172 -0.340902291466 0.987966680704 -0.16730447481 -0.212955989962 0.0370356036751
2018-01-19 16:02:13.693958 1700000 1700000 0.840477522097 2.81783198109 -0.809401346112 -0.0865859524587 -0.112338668534 -0.166616569471 0.516445030114 0.045493385336 -0.587752198829 -0.507428949058 -0.315186766876 -0.375160179264 0.919521554786 -0.25323990571 -0.27946020154 -0.0863160042707
2018-01-19 16:02:18.905459 1700000 1700000 0.83225330394 2.73972334904 -0.79057255722 -0.0865859524587 -0.807120970153 -0.500211406229 0.553331732036 0.719947756654 -0.742333773095 -0.640595791018 -0.933529501857 -0.830790086975 0.91463261722 -0.520362207513 -0.394122635295 -0.775409863474
2018-01-19 16:02:23.919367 1700000 1700000 1.07897984864 3.28648377342 -0.779275283884 -0.0865859524587 -0.821872186748 -0.512480798833 0.44267162627 1.25505205125 -0.749795360924 -0.64899676826 -0.946297640927 -0.848426555137 1.16396843307 -0.474542652542 -0.327618423717 -0.812719917729
2018-01-19 16:02:28.937119 1700000 1700000 1.62177824699 4.61433051833 -0.798104072777 -0.0865859524587 -0.692799041543 -0.480812501705 -0.0532495884625 1.66195427527 -0.735576108646 -0.645363913237 -0.816792230356 -0.754534566358 1.70664050285 -0.486710501165 -0.352844159143 -0.77769415251
2018-01-19 16:02:33.955162 1800000 1800000 -1.12922272645 -0.0526602468805 -2.23963615036 -0.0919965442308 -0.920705337934 -0.569848499389 -0.483594444222 -0.980123179312 -0.0555861234849 -0.26277886856 -1.02947294687 -0.876467270705 -1.12845439145 -1.72041627796 -1.76548534301 -1.0282045168
2018-01-19 16:02:38.969787 1700000 1700000 -1.12099850829 1.21269959239 -2.26863248525 -0.0919965442308 -0.982217911134 -0.579431889828 1.48369632496 1.2829220666 -0.661804938414 -0.460882994068 -1.07826547832 -0.898544576175 -1.12038764446 -1.76148276706 -1.79300432711 -1.10130176595
2018-01-19 16:02:43.985203 1700000 1700000 -1.11565276649 1.29080822444 -2.26411357592 0.162301269059 -0.9823654233 -0.57830443213 1.55337120637 1.37768011877 -0.673490066523 -0.465424062847 -1.07799187534 -0.897783289779 -1.11476536626 -1.72897179652 -1.75401909963 -1.10054033627
2018-01-19 16:02:49.000256 1700000 1700000 -1.12058729738 1.34938969848 -2.27089193992 -0.0919965442308 -0.982291667217 -0.57951479113 1.47959780253 1.31636608501 -0.663212785174 -0.464288795652 -1.07087819786 -0.897529527647 -1.11965430383 -1.76433460658 -1.79988407314 -1.08988032077
2018-01-19 16:02:54.016178 1700000 1700000 -1.09755948654 1.24003761361 -2.2422721808 -0.0919965442308 -0.980742789475 -0.572501341033 1.7173121038 1.45014215866 -0.689257950237 -0.452368490106 -1.07680626243 -0.895499430593 -1.09643185039 -1.74817418263 -1.77695158639 -1.10130176595
2018-01-19 16:02:59.030966 1700000 1700000 -1.09838190836 1.0760094863 -2.23850642302 -0.0919965442308 -0.979710204313 -0.571672328019 1.70091801406 1.39440212797 -0.68207793176 -0.441583451755 -1.07625905647 -0.895118787395 -1.0974096379 -1.75064577688 -1.78153808374 -1.0959717582
2018-01-19 16:03:04.045781 1700000 1700000 -1.08851284657 1.03304973867 -2.22494969502 -0.0919965442308 -0.982439179383 -0.572003933225 1.80338107496 1.42784614638 -0.707700742795 -0.471100398822 -1.07844788031 -0.897529527647 -1.08738731589 -1.74627295628 -1.77007184036 -1.11653035952
2018-01-19 16:03:09.075388 2100000 2100000 -1.14928981875 1.3689168565 -2.30259962041 -0.0919965442308 -0.980226496894 -0.58311270761 1.01646476728 0.296323523429 -0.51172847378 -0.356438412138 -1.07726226739 -0.900447792163 -1.14849903546 -1.73011253233 -1.74943260228 -1.12033750792
2018-01-19 16:03:14.091761 1800000 1800000 -1.06507382482 -0.337756753877 -2.07582568699 -0.0919965442308 -0.965180255967 -0.571672328019 1.11482930574 1.00422191316 -0.652935503824 -0.510834750643 -1.06431172634 -0.899052100438 -1.06392041558 -1.68714481688 -1.69439463408 -1.13099752342
2018-01-19 16:03:19.117474 1900000 1900000 -1.10496128288 -1.76792580678 -0.447888599383 0.936015892474 -0.945634893979 -0.558076514593 1.10253373843 -1.55981949846 -0.458230296893 -0.267887570937 -1.03658662435 -0.899813386834 -1.10400970362 0.183281663641 0.445206379794 -0.744191246648
2018-01-19 16:03:24.139177 1800000 1800000 -1.07370925389 -1.42737217103 -1.55502138624 0.178533044376 -0.947331283887 -0.564874421306 0.85252386985 -0.0158206484202 -0.562410957146 -0.443853986145 -1.04598032667 -0.896387598054 -1.07247605632 -1.34511419699 -1.32288834871 -0.994701610933
2018-01-19 16:03:29.164393 2100000 2100000 -1.10907339196 -1.76206765938 -0.624879214969 0.422009674122 -0.955739477347 -0.564211210895 1.14351896279 -1.56539350153 -0.506097086739 -0.316704060317 -1.04634513064 -0.902351008152 -1.10792085367 -0.924182683689 -0.793147904764 -1.06779886009
2018-01-19 16:03:34.181684 1800000 1800000 -1.08111105023 -1.63709384809 -1.04664408615 0.173122452604 -0.942094601996 -0.561724171853 0.860720914721 -0.7683110627 -0.520175554341 -0.398443298349 -1.03822824223 -0.898163932977 -1.08005390955 -1.16297671292 -1.0843904865 -1.05713884458
2018-01-19 16:03:39.205160 1900000 1900000 -1.09098011202 -1.73082420655 -0.560861332736 0.936015892474 -0.941062016835 -0.557413304182 1.01236624485 -1.43997843248 -0.484979385336 -0.326353831474 -1.03366819257 -0.899559624702 -1.09007623156 0.120351071543 0.383288665566 -0.790638457048
2018-01-19 16:03:44.213855 2100000 2100000 -1.11359671195 -1.76402037518 -0.711491643873 0.173122452604 -0.956919574674 -0.565206026511 1.13532191792 -1.56706570245 -0.496242159418 -0.304783754771 -1.04762194455 -0.902985413482 -1.11256534436 -0.991105851116 -0.900930592494 -0.977950158002
2018-01-19 16:03:49.226494 2100000 2100000 -1.1321012028 -1.64841959974 -1.69435442404 0.422009674122 -0.964590207303 -0.577475419116 0.631203658317 -1.06930722841 -0.455414603373 -0.374035053659 -1.06011648064 -0.900447792163 -1.13138775398 -1.40994601544 -1.37563306824 -1.07922030527
2018-01-19 16:03:54.238412 1700000 1700000 -1.13045635917 5.08298231065 -2.30986753292 0.936015892474 -0.987380836943 -0.590822528638 -0.168008216665 1.52260419855 -0.687990888153 -0.616414599767 -1.07935989024 -0.903492937745 -1.12967662584 -0.912775325605 -0.843599375616 -0.854598550057
2018-01-19 16:03:59.252172 1700000 1700000 -1.12387698464 5.98123157927 -2.30975456019 0.941426484246 -0.991754572663 -0.591966566597 0.258238116658 1.86819238881 -0.736561601378 -0.641390478055 -1.08437594487 -0.904495298166 -1.12307656012 -0.727025511469 -0.641793492207 -0.780739871225
2018-01-19 16:04:04.267910 1700000 1700000 -1.13773479224 5.31730820681 -2.3143111271 -0.0811753606866 -0.991732445838 -0.591867085036 0.336110042939 2.1914845668 -0.719949009608 -0.62685905796 -1.08483194984 -0.905320025095 -1.13701003218 -1.72802118335 -1.75631234831 -1.08911889109
2018-01-19 16:04:09.283207 1700000 1700000 -1.14028429987 4.84865641449 -2.3143111271 -0.0865859524587 -0.986717032196 -0.590888849679 -0.39752547307 1.25505205125 -0.654624919937 -0.601656126234 -1.08054550315 -0.903150358867 -1.13945450097 -1.72573971173 -1.74713935361 -1.11043892209
2018-01-19 16:04:14.299601 1700000 1700000 -1.13621331188 5.70785136708 -2.3146500453 -0.0865859524587 -0.992573265184 -0.592198690241 0.385292312168 1.67867628448 -0.731493353042 -0.634976218404 -1.08410234189 -0.905193144029 -1.13554335092 -1.71072002359 -1.72650011553 -1.11881464856
2018-01-19 16:04:19.315138 1700000 1700000 -1.13991421005 5.590688419 -2.31615634841 -0.0919965442308 -0.992846162691 -0.592314752063 0.397587879476 1.71212030289 -0.72980393693 -0.633330080971 -1.08291672898 -0.905649915866 -1.13921005409 -1.72726069281 -1.74484610493 -1.12414465631
2018-01-19 16:04:24.332278 1700000 1700000 -1.13859833515 5.16109094271 -2.31434878468 -0.0865859524587 -0.991481675156 -0.591817344255 0.299223341017 2.14689254225 -0.715725469328 -0.624418233491 -1.08300792997 -0.904507986273 -1.13774337282 -1.71395210838 -1.73108661288 -1.11653035952
2018-01-19 16:04:29.348228 2100000 2100000 -1.16799991506 0.0840298592136 -2.31555382717 -0.0865859524587 -0.987085812611 -0.588335489597 0.85252386985 -0.606664973707 -0.330116241718 -0.198636272049 -1.05947807369 -0.830282562711 -1.16724811103 -1.73961866407 -1.78841782976 -1.02896594647
2018-01-19 16:04:34.362254 1900000 1900000 -1.17740430852 -1.70192401269 -2.3143111271 -0.0919965442308 -0.989888543764 -0.592248431022 -0.823771806393 -0.790607074975 2.21386285391 0.848647715233 -1.02372728429 -0.664449009556 -1.17666664925 -1.67098439293 -1.75860559698 -0.853075690699
2018-01-19 16:04:39.375007 1500000 1500000 -1.17706300346 -1.69020771789 -2.30975456019 0.92519470893 -0.988265909938 -0.591833924515 -0.868855553187 -0.601090970638 2.04492124269 0.740797331719 -1.01068554224 -0.61242777253 -1.17632442362 -0.771704330632 -0.758749174637 -0.571346709588
2018-01-19 16:04:44.393005 1500000 1500000 -1.1772603847 -1.69997129689 -2.31201401486 0.422009674122 -0.989593519432 -0.592182109981 -0.852461463444 -0.389278854026 2.00268583988 0.735120995745 -1.02035284754 -0.651760902965 -1.17652242559 -1.57155025496 -1.64394316323 -0.83556280809
2018-01-19 16:04:49.409336 1700000 1700000 -1.17731795423 -1.66326023983 -2.31623166357 -0.600592170811 -0.990603977769 -0.592381073104 -0.717210223063 -0.361408838682 1.74927342305 0.655652292103 -1.02956414787 -0.688556412081 -1.17657864837 -1.76262350287 -1.85721529001 -0.892670033991
2018-01-19 16:04:54.657636 1700000 1700000 -1.17744954172 -1.68747391577 -2.31638229388 -0.606002762583 -0.990648231418 -0.592430813885 -0.770491014728 -0.23878077117 2.03084277509 0.78053168354 -1.02938174588 -0.688556412081 -1.17671064969 -1.74798405999 -1.84116254929 -0.88734002624
2018-01-19 16:04:59.669985 1900000 1900000 -1.11195186832 -1.53906751486 -1.68682290848 -0.0919965442308 -0.936046603192 -0.57349615665 -0.295062412175 -0.28337279572 -0.370943797763 -0.426257344624 -0.594261806558 0.492706311613 -1.1086541943 -0.947757890396 -1.11878921663 -0.08098599652
2018-01-19 16:05:04.685515 1700000 1700000 -0.265679819987 1.82975778561 -1.46087744178 -0.0865859524587 -0.727464400541 -0.462905820607 0.524642074986 0.547153661523 -0.648571178868 -0.559651240023 -0.737447366133 -0.0820649169939 -0.251378992176 -0.909543240815 -1.0201795236 -0.255353392937
2018-01-19 16:05:09.701957 1700000 1700000 -0.557639564552 2.42728882083 -1.82239018851 0.422009674122 -0.855062424086 -0.55194181829 -0.663929431397 2.20820657601 -0.678276745507 -0.620955668547 -0.947209650861 -0.707588571968 -0.554493121243 -1.21792215435 -1.22886515303 -0.797491324156
2018-01-19 16:05:14.717644 1700000 1700000 -1.14303941295 3.95040714587 -2.31288013915 -0.0865859524587 -0.990463841211 -0.588866057926 1.25827759099 0.168121452848 -0.693763059869 -0.548298568074 -1.07808307633 -0.899813386834 -1.14214341663 -1.73448535293 -1.76089884566 -1.09977890659
2018-01-19 16:05:19.733805 1700000 1700000 -1.14242259659 4.06757009395 -2.31284248157 -0.0919965442308 -0.990434338778 -0.588633934282 1.29926281535 0.11795542523 -0.694889337277 -0.545460400087 -1.07616785547 -0.898798338306 -1.14165452287 -1.72650020227 -1.75401909963 -1.09064175045
2018-01-19 16:05:24.746902 1700000 1700000 -1.14410856131 4.18473304203 -2.3143111271 -0.0865859524587 -0.991039138658 -0.58913134209 1.30336133779 0.0622153945422 -0.69869052353 -0.550569102464 -1.08578956027 -0.8999402679 -1.14336565102 -1.72726069281 -1.74943260228 -1.10891606274
2018-01-19 16:05:29.758984 1700000 1700000 -0.943355396104 0.974468264626 -2.04268701854 -0.0865859524587 -0.965106499884 -0.580227742322 0.31561743076 1.45571616173 -0.720793717665 -0.627994325155 -1.05437081806 -0.849187841533 -0.942185870196 -1.58352798095 -1.60266468708 -1.02059022001
2018-01-19 16:05:34.772555 1800000 1800000 -1.08316710477 0.548776219933 -2.19595336013 -0.0865859524587 -0.986422007864 -0.58735725424 0.975479542924 0.296323523429 -0.730930214338 -0.616414599767 -1.08018069918 -0.892200522879 -1.08249837833 -1.66090789329 -1.67375539601 -1.09444889884
2018-01-19 16:05:39.788779 1700000 1700000 -1.06466261392 0.498005609098 -2.16507414634 -0.0865859524587 -0.978161326571 -0.585765549254 0.356602655118 0.630763707554 -0.706011326683 -0.615279332572 -1.06777736408 -0.872787719793 -1.0636759687 -1.66851279868 -1.68980813673 -1.07160600848
2018-01-19 16:05:44.812993 1700000 1700000 -1.14225811223 3.67702693369 -2.3112608633 0.162301269059 -0.982144155051 -0.587887822569 0.254139594223 0.73666976586 -0.589160045589 -0.528431392164 -1.06321731441 -0.876847913903 -1.14141007599 -1.70159413712 -1.73108661288 -1.06703743041
2018-01-19 16:05:49.805245 1700000 1700000 -1.11565276649 3.75513556574 -2.29461621392 -0.0919965442308 -0.964442695137 -0.583046386569 -0.258175710253 0.402229581735 -0.541293255743 -0.527863758566 -1.05054037634 -0.837895426666 -1.11476536626 -1.70102376922 -1.74255285626 -1.02668165744
2018-01-19 16:05:54.818902 1700000 1700000 -0.974196214192 3.5598639856 -2.20084884524 -0.0919965442308 -0.877189248979 -0.553599844318 -0.295062412175 0.045493385336 -0.510320627019 -0.510834750643 -0.904345183982 -0.609890151212 -0.973963964372 -1.52325910574 -1.63935666588 -0.657388263279
2018-01-19 16:05:59.831485 1700000 1700000 -1.08316710477 3.20837514136 -2.26750275792 -0.0919965442308 -0.924024361667 -0.570843315005 -0.454904787171 0.140251437505 -0.425849821409 -0.472235666017 -0.992810147541 -0.738040027789 -1.08225393145 -1.66623132706 -1.75172585096 -0.856882839093
2018-01-19 16:06:04.847118 1800000 1800000 -1.17326341468 -0.978247536717 -2.31404752406 -0.0865859524587 -0.982881715881 -0.590175898487 -0.766392492292 -0.132874712864 0.4892505727 -0.0141553528801 -1.03129696674 -0.710126193287 -1.17250371891 -1.68353248682 -1.76777859168 -0.872872862345
2018-01-19 16:06:09.862315 1900000 1900000 -1.17722748783 -1.67419544832 -2.31400986648 -0.0919965442308 -0.989372251183 -0.59211578894 -0.840165896137 -1.03028920693 2.00268583988 0.735120995745 -1.02427449025 -0.672061873511 -1.1764906475 -1.66147826119 -1.75401909963 -0.830232800339
2018-01-19 16:06:14.874845 1700000 1700000 -0.458948946671 0.412086113839 -1.21986894396 0.167711860831 -0.280502537715 -0.395424161283 -0.893446687802 -0.450592887782 -0.321669161157 -0.447259787729 -0.688198829719 -0.0884089702898 -0.454269901148 -0.464656275535 -0.483559333624 -0.255353392937
2018-01-19 16:06:19.890856 1700000 1700000 -0.775992556614 3.24742945739 -2.05549059499 0.422009674122 -0.882352174787 -0.561392566648 -0.790983626907 1.87376639188 -0.651809226416 -0.609602996598 -0.938089551525 -0.656836145601 -0.774495311695 -1.34872652705 -1.40773854969 -0.727439793717
2018-01-19 16:06:24.904690 1700000 1700000 -0.979541955994 3.63797261766 -2.20612090613 -0.0919965442308 -0.841786329151 -0.547962555824 -0.668027953833 0.296323523429 -0.421626281129 -0.483588337966 -0.876984885974 -0.64287922835 -0.978364008181 -1.54417259556 -1.64852966058 -0.710688340787
2018-01-19 16:06:29.922811 2101000 2101000 -1.07165319935 2.31012587274 -2.24415505969 -0.0919965442308 -0.870551201511 -0.545807121988 0.0205238153819 -0.890939130212 -0.232974815266 -0.298539785199 -0.983690048205 -0.694900465377 -1.07076492817 -1.62611545113 -1.71962036951 -0.802821331907
2018-01-19 16:06:34.932329 1700000 1700000 -0.726236036765 4.53622188628 -2.08298062677 -0.0865859524587 -0.813021456791 -0.362263640731 1.68862244675 -1.13062126217 -0.59619927939 -0.250290929416 -0.939001561459 -0.839164237325 -0.723161467257 -1.47420746598 -1.52240098345 -0.849268542306
2018-01-19 16:06:39.946045 1800000 1800000 -1.16269529434 0.720615210451 -2.31291779672 1.80712116779 -0.963188841727 -0.584621511295 -0.811476239086 0.240583492742 0.218943994748 -0.1651458898 -1.03932265415 -0.854516846301 -1.16191916908 -0.821706583567 -0.754162677287 -0.786831308654
2018-01-19 16:06:44.959185 2100000 2100000 -1.17475199816 0.205098238897 -2.32805614299 -0.0757647689144 -0.994513050166 -0.592314752063 1.12712487305 -0.662405004394 -0.43007336169 -0.224747417531 -1.07361422766 -0.909088392752 -1.17401928956 -1.87783781952 -1.92371950159 -1.13328181245
2018-01-19 16:06:49.968921 1700000 1700000 -0.685114945982 0.525343630317 -1.61150775292 0.167711860831 -0.317380579203 -0.373869822924 -0.413919562813 -0.796181078044 -0.140056929095 -0.302513220381 -0.535893170808 -0.580707506051 -0.686494435515 -1.24701091747 -1.37563306824 -0.42667507064
2018-01-19 16:06:54.981549 1900000 1900000 0.0180557064212 0.84949445334 -0.779275283884 0.936015892474 0.374451479098 -0.0886893461729 -0.0819392455131 -0.874217121006 -0.251276823148 -0.325786197876 -0.0178715285229 -0.621309447144 0.0224015114979 0.457818748198 0.502537596672 0.164955789693
2018-01-19 16:06:59.992619 1700000 1700000 -0.0395138206761 0.993995422639 -0.926139837243 -0.0865859524587 0.389202695693 -0.11190171056 -0.229486053202 -0.8574951118 -0.218896347664 -0.325218564279 0.00948876948508 -0.850076008994 -0.0362657392893 -0.637287627875 -0.770215418013 0.00505555717058
2018-01-19 16:07:05.005854 1800000 1800000 0.19898850587 1.30642995085 -0.798104072777 0.422009674122 0.285944179528 -0.0986375023386 0.0410164275609 -0.41714886937 -0.35123394312 -0.377440855244 -0.0817122238749 -0.635266364395 0.203292201425 -0.389938080085 -0.488145830975 0.0591170643567
2018-01-19 16:07:10.020052 2100000 2100000 -1.05150386487 1.2322267504 -2.1895515719 -0.0649435853702 -0.894890708893 -0.538511807467 0.72546967434 -1.35971278829 -0.408955660287 -0.311027724343 -0.975481958803 -0.710126193287 -1.05047583727 -1.58447859412 -1.6645824013 -0.818811355159
2018-01-19 16:07:15.032859 1900000 1900000 -1.17736318743 -1.70817270326 -2.31291779672 0.162301269059 -0.989519763349 -0.592082628419 -0.717210223063 -1.04701121614 2.25609825671 0.922440082901 -1.02436569124 -0.673330684171 -1.17662509328 -1.61071551772 -1.69210138541 -0.832517089375
2018-01-19 16:07:20.045803 1700000 1700000 -0.798609156545 0.158233059665 -1.67929139293 0.941426484246 -0.870551201511 -0.559568738017 -0.938530434596 1.31636608501 -0.628579754874 -0.601656126234 -0.779399823079 -0.125204479406 -0.796495530741 -0.324345771101 -0.304685936966 -0.287333439442
2018-01-19 16:07:25.059906 1700000 1700000 -1.04862538851 3.48175535355 -2.24829739325 0.427420265894 -0.919967777104 -0.571009117608 -0.635239774346 0.591745686073 -0.507504933499 -0.528431392164 -0.983690048205 -0.757072187676 -1.04754247473 -1.51546407771 -1.60725118443 -0.732769801468
2018-01-19 16:07:30.075769 1700000 1700000 -1.04163480308 2.46634313685 -2.22269024035 -0.0919965442308 -0.868338519022 -0.548791568838 -0.19259935128 -0.116152703658 -0.34560255608 -0.400146199141 -0.940825581326 -0.680943548126 -1.04094240902 -1.59056251843 -1.68063514203 -0.789877027369
2018-01-19 16:07:35.089083 1700000 1700000 -0.759132909392 4.22378735806 -2.09013556655 -0.0919965442308 -0.78573170609 -0.377185874979 1.52468154932 -1.04701121614 -0.549740336304 -0.243479326247 -0.917113323052 -0.787523643497 -0.757384030216 -1.47135562646 -1.53845372417 -0.784547019618
2018-01-19 16:07:40.103159 1700000 1700000 -1.16438125907 0.923697653791 -2.31660823935 -0.0919965442308 -0.965475280299 -0.585400783528 -0.85655998588 0.140251437505 0.262587244313 -0.149819782669 -1.04479471376 -0.863779164113 -1.16360585254 -1.73277424922 -1.78383133241 -1.01678307162
2018-01-19 16:07:45.116524 2100000 2100000 -1.17487536143 -0.00579506764824 -2.32760425206 -0.0919965442308 -0.99263227005 -0.59211578894 0.479558328192 -0.695849022807 -0.1822923319 -0.164010622605 -1.07215501176 -0.90827635393 -1.174141513 -1.86224776347 -1.89849376617 -1.15460184346
2018-01-19 16:07:50.461740 1800000 1800000 -1.1722765085 -0.329945890671 -2.32026102439 -0.0865859524587 -0.990972758183 -0.592265011282 -0.372934338455 -1.04701121614 -0.308998540315 -0.396740397557 -1.04999317038 -0.824319152613 -1.1715259314 -1.74228038095 -1.79529757579 -1.01678307162
2018-01-19 16:07:55.814194 1900000 1900000 -0.10530756593 1.05648232828 -1.04287832837 0.941426484246 0.131056405282 -0.254491948935 -0.647535341654 -0.617812979844 -0.310406387075 -0.422851543039 -0.145552919227 -0.234322196095 -0.065599364683 0.458769361371 0.45667262317 0.321048873822
2018-01-19 16:08:00.829263 1800000 1800000 0.581414650159 1.9586370285 -0.707725886094 0.194764819692 0.485085603559 -0.163300517416 -0.745899880113 -0.523054927676 -0.417402740848 -0.486426505953 0.0824495641731 -0.203870740275 0.706852770682 -0.171487172774 -0.373483397219 0.553284925819
2018-01-19 16:08:05.845374 1700000 1700000 -0.479509492063 2.03674566056 -1.7018859396 0.405777898805 -0.425064460345 -0.42526862978 -0.709013178191 -0.556498946088 -0.414587047328 -0.482453070771 -0.674518680715 -0.655567334942 -0.456714369931 -1.10860163938 -1.18758667688 -0.496726601078
2018-01-19 16:08:10.860408 1900000 1900000 -1.17566077427 -1.42346673942 -2.31306842704 0.167711860831 -0.973883473758 -0.58432306661 0.26643516153 -1.63807850155 2.9741001044 2.2109683491 -1.07251981574 -0.883953253594 -1.17492374301 -1.66528071389 -1.68980813673 -1.05866170394
2018-01-19 16:08:15.871816 1900000 1900000 -1.17582114652 -1.42346673942 -2.31427346952 -0.0919965442308 -0.974768546754 -0.584704412596 0.262336639094 -1.64008514265 3.05857091001 2.26773170884 -1.07315822269 -0.884841421055 -1.17507041113 -1.71699407053 -1.75172585096 -1.0601845633
2018-01-19 16:08:20.883849 1900000 1900000 -1.17554152311 -1.42737217103 -2.3119386997 0.422009674122 -0.973219669011 -0.584024621925 0.26643516153 -1.63228153835 2.94594316919 2.18258666922 -1.07188140878 -0.882938205067 -1.17480151957 -1.61908091364 -1.63477016853 -1.05637741491
2018-01-19 16:08:25.896558 1900000 1900000 -1.17571423169 -1.45471019224 -2.31208933001 0.427420265894 -0.973293425094 -0.584074362706 0.262336639094 -1.65017408821 3.15712018322 2.34152407651 -1.07179020779 -0.882811324001 -1.17497263238 -1.62250312107 -1.63935666588 -1.05485455555
2018-01-19 16:08:30.912105 1900000 1900000 -1.17565666216 -1.44689932904 -2.31201401486 0.427420265894 -0.973293425094 -0.584057782445 0.26643516153 -1.64610506597 3.07264937761 2.29043705274 -1.07179020779 -0.882811324001 -1.17492374301 -1.62117226263 -1.6370634172 -1.05713884458
2018-01-19 16:08:35.923940 1900000 1900000 -1.17573068012 -1.45471019224 -2.31208933001 0.427420265894 -0.973293425094 -0.584090942966 0.262336639094 -1.65000686811 3.17119865082 2.35287674846 -1.07179020779 -0.882811324001 -1.17499707707 -1.63219937544 -1.65082290925 -1.05561598523
2018-01-19 16:08:40.935804 1900000 1900000 -1.17566488638 -1.44689932904 -2.31205167244 0.427420265894 -0.973293425094 -0.584057782445 0.26643516153 -1.64761004679 3.08672784521 2.29611338871 -1.07188140878 -0.882938205067 -1.17492374301 -1.63048827173 -1.64852966058 -1.05637741491
2018-01-19 16:08:45.948688 1900000 1900000 -1.17574712856 -1.45861562385 -2.31208933001 0.427420265894 -0.973367181177 -0.584124103487 0.254139594223 -1.65011834817 3.18527711842 2.35855308443 -1.07188140878 -0.882811324001 -1.17499707707 -1.62668581903 -1.64394316323 -1.05637741491
2018-01-19 16:08:50.966749 2100000 2100000 -1.1713718445 -0.763448798569 -2.31205167244 0.427420265894 -0.973514693343 -0.585301301966 -0.00406731923289 -1.61611692946 0.763780690933 0.377511829356 -1.07206381077 -0.888267209835 -1.17062147795 -1.63657219604 -1.65311615793 -1.06551457105
2018-01-19 16:08:55.979418 1800000 1800000 -1.1414768115 0.298828597361 -2.27428112192 0.422009674122 -0.948216356883 -0.577475419116 -0.258175710253 -0.7683110627 -0.166806017538 -0.296836884407 -1.05163478826 -0.890424187956 -1.14067673536 -1.6631893649 -1.68522163938 -1.06551457105
2018-01-19 16:09:00.995665 1700000 1700000 -1.12552182828 1.5251341206 -2.27955318281 0.930605300702 -0.980816545558 -0.582781102404 1.10253373843 0.803557802685 -0.638434682195 -0.494941009914 -1.07771827236 -0.901462840691 -1.12478768827 -0.971333097104 -0.919276581895 -0.837847097126
2018-01-19 16:09:06.332586 1700000 1700000 -1.13004514826 1.6696350899 -2.28595497103 0.167711860831 -0.988413422104 -0.58491995598 1.54107563906 1.00979591623 -0.698408954178 -0.515375819422 -1.08391993991 -0.904203471715 -1.12918773208 -1.75387786167 -1.78153808374 -1.10891606274
2018-01-19 16:09:11.358346 1800000 1800000 -1.10907339196 -1.0915050532 -2.03026001788 -0.0919965442308 -0.967614206705 -0.578669197856 0.672188882675 -0.110578700589 -0.591975739109 -0.496076277109 -1.06403812336 -0.89867145724 -1.10572083177 -1.53048376586 -1.5361604755 -1.02896594647
2018-01-19 16:09:16.383411 2100000 2100000 -1.1164751883 -1.76323928886 -0.798104072777 -0.0865859524587 -0.958763476748 -0.566035039525 1.15991305254 -1.58100071012 -0.503281393219 -0.308757189953 -1.05035797435 -0.902985413482 -1.11378757875 -1.1201991201 -1.02705926962 -1.07617458655
2018-01-19 16:09:21.401681 2100000 2100000 -1.09961554108 -1.68239685468 -1.08430166394 0.167711860831 -0.94888016163 -0.566366644731 0.823834212799 -1.22314971311 -0.499057852938 -0.381414290426 -1.04379150283 -0.900447792163 -1.09863187229 -1.1787568916 -1.10044322723 -1.06703743041
2018-01-19 16:09:26.422639 1900000 1900000 -1.09385858837 -1.72926203391 -0.636176488304 0.936015892474 -0.938259285682 -0.55791071199 0.922198751259 -1.48234085581 -0.461045990413 -0.320109861902 -1.03193537369 -0.899178981504 -1.09276514722 0.0922129216026 0.346596686765 -0.781501300904
2018-01-19 16:09:31.444324 1900000 1900000 -1.10126038471 -1.75230408037 -0.557095574958 0.941426484246 -0.944454796651 -0.558739725004 1.04925294677 -1.56595090184 -0.465269530694 -0.292295815627 -1.03603941839 -0.900194030032 -1.10034300044 0.201913681845 0.463552369195 -0.730485512432
2018-01-19 16:09:36.468557 2100000 2100000 -1.11030702469 -1.76519200466 -0.624879214969 0.427420265894 -0.95780464767 -0.565206026511 1.16811009741 -1.59159131595 -0.5145441673 -0.321245129097 -1.04789554753 -0.90273165135 -1.10938753494 -0.877032270275 -0.756455925962 -1.00079304836
2018-01-19 16:09:41.475576 2100000 2100000 -1.10372765016 -1.74175941504 -0.726554674987 0.427420265894 -0.953748063106 -0.564874421306 1.04925294677 -1.54922889263 -0.51313632054 -0.349626808969 -1.04534191972 -0.902477889218 -1.1030319161 -0.94908874884 -0.82296013754 -1.06856028977
2018-01-19 16:09:46.489945 1800000 1800000 -1.12017608647 -1.69294152001 -1.35920198176 0.936015892474 -0.956477038176 -0.571009117608 0.80334160062 -1.21980531127 -0.459638143653 -0.345085740189 -1.05054037634 -0.899052100438 -1.11916541007 -0.271111433375 -0.0868273128307 -0.797491324156
2018-01-19 16:09:51.503079 1700000 1700000 -1.12223214101 6.09839452735 -2.30945329957 0.930605300702 -0.989372251183 -0.591402837748 -0.0573481108983 1.78458234278 -0.718400378172 -0.634011241288 -1.08100150812 -0.904114654968 -1.12136543197 -0.66922823051 -0.566116285928 -0.800537042871
2018-01-19 16:09:56.515396 1700000 1700000 -1.13045635917 6.0202858953 -2.31276716641 0.173122452604 -0.991525928806 -0.592066048159 0.0779031294832 2.13017053305 -0.727973736141 -0.638154966549 -1.08273432699 -0.905028198643 -1.12943217896 -1.65710544059 -1.66916889866 -1.09444889884
2018-01-19 16:10:01.515025 1700000 1700000 -1.13580210097 5.55163410297 -2.3139722089 -0.0919965442308 -0.98730708086 -0.591137553583 -0.438510697428 1.5504742139 -0.675461051987 -0.615279332572 -1.08063670415 -0.901589721757 -1.13481001028 -1.70292499556 -1.71962036951 -1.11043892209
2018-01-19 16:10:06.531343 1700000 1700000 -1.13251241371 6.52799200365 -2.3149889635 -0.0865859524587 -0.992750279783 -0.592397653364 0.258238116658 1.88491439802 -0.737687878787 -0.642185165091 -1.08382873891 -0.903531002065 -1.13187664774 -1.6899966564 -1.69898113143 -1.12719037502
2018-01-19 16:10:11.547119 1700000 1700000 -1.13810488206 5.90312294722 -2.31604337568 -0.0919965442308 -0.991997967737 -0.592182109981 0.147578010892 2.03541248088 -0.722483133777 -0.632932737453 -1.08036310117 -0.903670571238 -1.13725447906 -1.7124311273 -1.72879336421 -1.11805321888
2018-01-19 16:10:16.562837 1700000 1700000 -1.15702058382 1.99378591293 -2.31480067561 -0.0865859524587 -0.987897129523 -0.589496107816 0.618908091009 0.145825440573 -0.577897271507 -0.488697040343 -1.06823336905 -0.867331833959 -1.15624800151 -1.72155701377 -1.75401909963 -1.0708445788
2018-01-19 16:10:21.579114 1900000 1900000 -1.17675459528 -1.5937435573 -2.31385923617 -0.0919965442308 -0.989814787681 -0.592215270501 -0.782786582035 -0.801755081113 1.15797778378 0.326424805586 -1.02710172104 -0.672061873511 -1.17601642055 -1.65311286526 -1.73337986156 -0.865258565558
2018-01-19 16:10:26.594502 1900000 1900000 -1.17738374797 -1.69919021057 -2.31423581195 -0.0919965442308 -0.989962299847 -0.592248431022 -0.786885104471 -0.99127118545 2.1575489835 0.837295043284 -1.02710172104 -0.672061873511 -1.1766470935 -1.64683881832 -1.72650011553 -0.862974276522
2018-01-19 16:10:31.606513 1900000 1900000 -1.17718225463 -1.68903608841 -2.31186338455 0.416599082349 -0.989446007266 -0.592099208679 -0.774589537164 -0.924383148625 1.87597963147 0.701062979898 -1.02318007833 -0.656836145601 -1.17644175812 -1.57630332083 -1.6462364119 -0.84698425327
2018-01-19 16:10:36.618394 1900000 1900000 -1.1773056179 -1.7077821601 -2.31197635728 0.422009674122 -0.989519763349 -0.5921323692 -0.799180671779 -0.952253163969 2.1293920483 0.820266035361 -1.02318007833 -0.656836145601 -1.1765688705 -1.57155025496 -1.63935666588 -0.850791401663
2018-01-19 16:10:41.651461 1900000 1900000 -1.1772603847 -1.70036184005 -2.31197635728 0.427420265894 -0.989519763349 -0.5921323692 -0.795082149343 -0.924383148625 2.03084277509 0.769179011591 -1.02299767634 -0.656836145601 -1.17652242559 -1.55767130263 -1.62330392515 -0.848507112627
2018-01-19 16:10:46.664764 1900000 1900000 -1.15105802565 -1.72535660231 -1.79602988406 0.427420265894 -0.959279769329 -0.582814262925 -0.618845684603 -0.567646952226 -0.140056929095 -0.327489098669 -0.758423594606 0.0448161489238 -1.15021016361 -1.15822364705 -1.27243687786 -0.413730766102
2018-01-19 16:10:51.677789 1700000 1700000 -0.454836837592 0.251963418129 -1.13325651506 0.427420265894 -0.733364887179 -0.478491265267 0.31561743076 0.195991468192 -0.615909134032 -0.544892766489 -0.562341458882 0.391201458879 -0.449380963583 -0.611050704281 -0.735816687886 -0.00408159897355
2018-01-19 16:10:56.692380 1700000 1700000 -0.718011818609 2.19296292466 -1.93536292186 0.427420265894 -0.905216560509 -0.564708618703 -0.450806264735 2.01869047167 -0.691088151025 -0.624304706772 -0.997370197209 -0.787523643497 -0.718272529691 -1.34492407436 -1.34811408414 -0.9101829166
2018-01-19 16:11:01.709333 1700000 1700000 -1.14279268641 4.02851577793 -2.31299311188 -0.0865859524587 -0.990264699787 -0.588749996104 1.25008054612 0.0510673884047 -0.691792074405 -0.546595667282 -1.07917748825 -0.899178981504 -1.14189896975 -1.71148051413 -1.73337986156 -1.09901747691
2018-01-19 16:11:06.724574 1700000 1700000 -1.14419080349 4.18473304203 -2.31434878468 -0.0865859524587 -0.990994885008 -0.58913134209 1.29106577048 -0.0102466453514 -0.697845815474 -0.550569102464 -1.08574395977 -0.899813386834 -1.14336565102 -1.70273487293 -1.71962036951 -1.10967749241
2018-01-19 16:11:11.741472 1700000 1700000 -1.1441496824 4.18473304203 -2.31434878468 -0.0919965442308 -0.991017011833 -0.58913134209 1.29516429292 -0.0102466453514 -0.698268169502 -0.550569102464 -1.08592636176 -0.900067148966 -1.14336565102 -1.7124311273 -1.73108661288 -1.11043892209
2018-01-19 16:11:16.789749 1700000 1700000 -0.933075123408 0.857305316545 -2.01707986565 -0.0919965442308 -0.964221426889 -0.580012198938 0.291026296145 1.4612901648 -0.721919995073 -0.629413409149 -1.05364121011 -0.856673824422 -0.930941313795 -1.56774780227 -1.582025449 -1.02592022776
2018-01-19 16:11:21.804404 1800000 1800000 -1.03793390491 0.353504639799 -2.11197696167 -0.0865859524587 -0.982955471964 -0.585981092638 0.832031257671 0.352063554117 -0.737265524759 -0.628675485472 -1.07625905647 -0.889028496231 -1.03605347146 -1.61489821568 -1.62330392515 -1.07769744591
2018-01-19 16:11:26.819393 1700000 1700000 -1.10742854833 1.20879416079 -2.25281630258 -0.0919965442308 -0.979488936064 -0.586412179405 0.34430708781 0.630763707554 -0.667295540778 -0.58462711831 -1.06631814819 -0.874817816848 -1.10669861928 -1.68581395844 -1.71044737481 -1.07236743816
2018-01-19 16:11:31.835558 1700000 1700000 -1.14160017477 3.63797261766 -2.31077131479 0.156890677287 -0.981554106388 -0.588037044912 0.11069130897 0.814705808822 -0.584936505308 -0.534675361735 -1.06230530448 -0.875832865375 -1.14092118224 -1.67992015676 -1.70586087746 -1.06399171169
2018-01-19 16:11:36.849170 1700000 1700000 -1.12223214101 3.48175535355 -2.29732755952 -0.097407136003 -0.967909231037 -0.583941720624 -0.180303783972 0.402229581735 -0.541293255743 -0.523322689787 -1.04269709091 -0.84677710128 -1.12136543197 -1.74228038095 -1.79300432711 -1.0243973684
2018-01-19 16:11:41.864699 1700000 1700000 -0.963915941496 3.59891830163 -2.19482363279 -0.0919965442308 -0.871288762341 -0.552605028701 -0.360638771148 0.129103431367 -0.51172847378 -0.515375819422 -0.92167337272 -0.641610417691 -0.962963854849 -1.55596019891 -1.67146214733 -0.681754012997
2018-01-19 16:11:46.879881 1700000 1700000 -1.10290522834 2.93499492917 -2.27880003125 -0.097407136003 -0.935825334943 -0.574490972266 -0.422116607685 0.37993356946 -0.406139966767 -0.457477192483 -1.01834642568 -0.776104347564 -1.10205412859 -1.68277199628 -1.75401909963 -0.915512924351
2018-01-19 16:11:52.154021 2101000 2101000 -1.17601852776 -1.45861562385 -2.31416049679 -0.0919965442308 -0.987528349108 -0.591568640351 -0.823771806393 -0.556498946088 1.03127157537 0.246956101944 -1.027740128 -0.688556412081 -1.17529041332 -1.67820905305 -1.76777859168 -0.851552831342
2018-01-19 16:11:57.165803 1500000 1500000 -1.17657366248 -1.84876824096 -2.21327584591 -0.0865859524587 -0.983693032794 -0.590623565515 -0.938530434596 -1.02471520386 2.29833365952 0.842971379259 -0.945385630994 -0.461439304088 -1.1757621958 -1.46165937208 -1.57055920563 -0.639113950991
2018-01-19 16:12:02.182517 1900000 1900000 -0.286240365379 0.505816472304 -1.00898650837 1.75301525007 -0.26796400361 -0.392108109228 -0.913939299981 0.023197373061 -0.410363507047 -0.492102841927 -0.694582899254 -0.148043071271 -0.268490273655 0.303819414062 0.403927903642 -0.124387488205
2018-01-19 16:12:07.197141 1700000 1700000 -1.01984062496 3.24742945739 -2.22419654346 -0.57353921195 -0.954411867853 -0.581023594815 -0.545072280759 1.87376639188 -0.658566890865 -0.607900095806 -1.03758983528 -0.815183715867 -1.01894218998 -1.67877942095 -1.75631234831 -0.891908604312
2018-01-19 16:12:12.261845 1700000 1700000 -0.991055861413 2.85688629712 -2.19331732968 0.416599082349 -0.841048768321 -0.547962555824 -0.676224998705 0.307471529567 -0.397692886206 -0.471100398822 -0.873336846239 -0.633997553736 -0.98985301146 -1.46964452274 -1.55909296225 -0.709165481429
2018-01-19 16:12:17.276325 2101000 2101000 -1.04245722489 2.85688629712 -2.2321046348 -0.0919965442308 -0.871288762341 -0.534035137192 0.491853895499 -1.03586321 -0.354049636641 -0.308189556356 -0.975481958803 -0.722814299879 -1.0411868559 -1.61204637616 -1.69898113143 -0.815004206765
2018-01-19 16:12:22.285331 1900000 1900000 -0.78997372748 4.5752762023 -2.119885053 -0.0865859524587 -0.841048768321 -0.392108109228 1.7050165365 -1.08602923762 -0.59901497291 -0.246317494234 -0.959065779998 -0.851598581785 -0.786717655609 -1.51774554933 -1.5636794596 -0.886578596561
2018-01-19 16:12:27.298796 1800000 1800000 -1.16545040743 0.615168557179 -2.31593040295 1.75301525007 -0.967761718871 -0.586014253158 -0.844264418572 0.106807419092 0.268218631354 -0.144711080292 -1.04598032667 -0.868600644618 -1.16470586349 -0.824178177819 -0.751869428612 -0.804344191264
2018-01-19 16:12:32.405772 2100000 2100000 -1.17474788605 -0.169823194961 -2.32666281262 0.411188490577 -0.990980133792 -0.592066048159 -0.131121514743 -0.851921108731 -0.00068009983828 -0.16968695858 -1.07005738892 -0.907705389134 -1.17399484487 -1.86586009353 -1.91225325822 -1.12338322663
2018-01-19 16:12:37.415413 1700000 1700000 -0.426052074044 0.478478451085 -1.20857167062 0.167711860831 0.00567106422544 -0.25780800099 -0.336047636533 -0.818477090319 -0.171029557819 -0.310460090745 -0.278706369532 -0.448751197496 -0.412713931841 -0.940913475546 -1.12796221133 -0.0231173409405
2018-01-19 16:12:42.429558 1900000 1900000 0.186652178635 1.02914430706 -0.673834066089 0.936015892474 0.344949045908 -0.096979476311 -0.0737422006415 -0.506332918469 -0.325892701437 -0.374035053659 -0.0269916278589 -0.682212358785 0.188625388728 0.47721125694 0.532349829448 0.14363575869
2018-01-19 16:12:47.443275 2101000 2101000 -0.606984873492 1.68135138471 -1.76213806405 -0.0811753606866 -0.600603937825 -0.393766135255 0.594316956394 -0.701423025875 -0.462453837174 -0.385955359205 -0.752951535004 -0.668255441534 -0.603382496899 -1.26583305831 -1.35499383017 -0.57058527991
2018-01-19 16:12:52.798604 1900000 1900000 -1.17742486906 -1.72691877495 -2.31190104212 0.416599082349 -0.990913753317 -0.592364492844 -0.532776713451 -1.01356719772 1.86190116386 0.803237027438 -0.990986127674 -0.647954470987 -1.17668864947 -1.5361874449 -1.61183768178 -0.800537042871
2018-01-19 16:12:57.812240 1900000 1900000 -1.14530107294 -1.64295199549 -1.88640807074 2.23996850956 -0.964442695137 -0.585898191336 -1.15575212369 -0.913235142487 -0.342786862559 -0.473938566809 -0.787607912481 -0.0947530235857 -1.14312120414 0.013121905553 0.0599406023762 -0.146468948886
2018-01-19 16:13:02.825885 1700000 1700000 -0.803954898347 2.42728882083 -2.02574110854 0.77369813931 -0.893415587233 -0.563216395278 -0.659830908961 1.65080626913 -0.658707675541 -0.610738263793 -0.998282207143 -0.745652891744 -0.794051061958 -1.40215098741 -1.46736301525 -0.74342981697
2018-01-19 16:13:07.889740 1700000 1700000 -0.988588595966 3.44270103752 -2.20725063346 0.422009674122 -0.855799984916 -0.552439226099 -0.684422043576 0.195991468192 -0.438520442251 -0.493805742719 -0.899785134314 -0.656836145601 -0.987408542677 -1.48865678622 -1.56826595695 -0.75485126215
2018-01-19 16:13:12.904562 2101000 2101000 -1.0584944503 2.89594061315 -2.24528478702 -0.0919965442308 -0.877189248979 -0.536853781439 0.491853895499 -0.952253163969 -0.320261314397 -0.279240242886 -0.986426078006 -0.729158353174 -1.05707590299 -1.6439869788 -1.73108661288 -0.836324237768
2018-01-19 16:13:17.914107 1900000 1900000 -0.83767419279 4.45811325422 -2.14247959967 -0.0919965442308 -0.841048768321 -0.412004421559 1.63124313265 -1.04701121614 -0.572265884467 -0.231559020701 -0.952681710463 -0.849822246862 -0.835607031265 -1.54569357664 -1.59807818973 -0.884294307525
2018-01-19 16:13:22.927306 1800000 1800000 -1.16495695434 0.771385821286 -2.31638229388 2.07765075639 -0.968130499286 -0.585815290035 -0.72950579037 0.229435486604 0.217536147988 -0.152090317059 -1.04233228694 -0.867078071827 -1.16419252505 -0.816953517699 -0.738109936561 -0.821095644195
2018-01-19 16:13:27.941202 2100000 2100000 -1.17491237042 0.298828597361 -2.32862100666 0.400367307033 -0.994284406309 -0.592629777008 0.778750466005 -0.601090970638 -0.385022265364 -0.275834441301 -1.07288461971 -0.908860006834 -1.17416595768 -1.83296887772 -1.87097478206 -1.12871323438
2018-01-19 16:13:33.304729 2100000 2100000 -1.17256435613 -0.173728626564 -2.3221062457 0.167711860831 -0.993982006369 -0.592364492844 0.860720914721 -0.762737059631 -0.51876770758 -0.396740397557 -1.05783645581 -0.846903982346 -1.17179482296 -1.78125552107 -1.82969630591 -1.05866170394
2018-01-19 16:13:38.388500 1800000 1800000 -0.166989202106 1.33767340368 -1.21986894396 0.941426484246 -0.0902118436413 -0.319154964012 -0.606550117296 -0.534202933813 -0.386430112125 -0.46031536047 -0.330690935748 -0.316794888942 -0.119377677905 0.193358163281 0.192949025532 0.133737172867
2018-01-19 16:13:43.401363 1700000 1700000 1.1817825756 2.81783198109 -0.545798301622 0.941426484246 0.344949045908 -0.203093142079 -0.737702835242 -0.428296875507 -0.530030481662 -0.544892766489 -0.0634720252029 -0.272386515871 1.26663612194 0.798708632277 0.851111395288 0.372826091972
2018-01-19 16:13:48.415340 1700000 1700000 -1.07247562116 2.58350608493 -2.25018027214 0.210996595008 -0.920705337934 -0.570345907197 -0.520481146144 -0.779459068838 -0.448375369572 -0.48926467394 -1.03266498164 -0.861622185993 -1.07149826881 -1.52877266215 -1.61642417913 -0.755612691829
2018-01-19 16:13:53.427628 1900000 1900000 -1.17600619143 -1.45861562385 -2.31419815437 -0.0865859524587 -0.971375766937 -0.585483684829 -0.278668322432 -1.63963922241 3.95959283652 2.22799735702 -1.0703309919 -0.880146821617 -1.17526596864 -1.69589045808 -1.72879336421 -1.05180883683
2018-01-19 16:13:58.442761 1900000 1900000 -1.17601852776 -1.45861562385 -2.31427346952 -0.0865859524587 -0.97144952302 -0.585467104569 -0.266372755124 -1.64638376612 3.95959283652 2.24502636494 -1.0703309919 -0.880146821617 -1.17526596864 -1.68277199628 -1.71274062348 -1.05257026651
2018-01-19 16:14:03.454857 1900000 1900000 -1.17586637972 -1.48204821346 -2.31190104212 0.422009674122 -0.969900645278 -0.5849531165 -0.27047127756 -1.64164586351 3.95959283652 2.23935002897 -1.06932778097 -0.878624248825 -1.17511930051 -1.62231299844 -1.64164991455 -1.04647882908
2018-01-19 16:14:08.466726 1900000 1900000 -1.1758581555 -1.47814278186 -2.31197635728 0.427420265894 -0.969900645278 -0.58493653624 -0.266372755124 -1.6467182063 3.94551436891 2.23935002897 -1.06914537898 -0.878370486694 -1.17511930051 -1.59018227317 -1.60266468708 -1.04724025876
2018-01-19 16:14:13.466869 1900000 1900000 -1.1759445098 -1.48985907667 -2.31205167244 0.427420265894 -0.969900645278 -0.584986277021 -0.274569799996 -1.65056426842 4.10037751253 2.31881873261 -1.06914537898 -0.878370486694 -1.17521707926 -1.59360448059 -1.60725118443 -1.0457173994
2018-01-19 16:14:18.478972 1900000 1900000 -1.1759033887 -1.48204821346 -2.31205167244 0.427420265894 -0.969974401361 -0.585019437541 -0.278668322432 -1.64850188729 4.01590670692 2.26773170884 -1.06923657998 -0.87849736776 -1.17516818988 -1.58314773568 -1.59349169238 -1.0495245478
2018-01-19 16:14:23.490854 1900000 1900000 -1.17582937074 -1.47423735026 -2.31190104212 0.427420265894 -0.969753133112 -0.58493653624 -0.278668322432 -1.6383572017 3.91735743371 2.20529201312 -1.06905417799 -0.878370486694 -1.17509485582 -1.61090564035 -1.6278904225 -1.04647882908
2018-01-19 16:14:28.502807 1900000 1900000 -1.17582525863 -1.47423735026 -2.31186338455 0.427420265894 -0.969900645278 -0.5849531165 -0.266372755124 -1.6467182063 3.88920049851 2.19961567715 -1.06914537898 -0.878370486694 -1.17509485582 -1.58447859412 -1.59578494105 -1.04724025876
2018-01-19 16:14:33.514776 1900000 1900000 -1.17598151878 -1.49376450827 -2.31212698759 0.427420265894 -0.969974401361 -0.585069178322 -0.299160934611 -1.65385293023 4.17076985054 2.33017140456 -1.06914537898 -0.878370486694 -1.17524152395 -1.58466871676 -1.59578494105 -1.04800168844
2018-01-19 16:14:38.526915 2101000 2101000 -1.16939803214 -0.447108838752 -2.31205167244 0.427420265894 -0.971006986522 -0.58671062409 -0.754096924985 -1.57988590951 0.555419370428 0.0199026629665 -1.07005738892 -0.893469333538 -1.16864145823 -1.60615257448 -1.61413093045 -1.07312886784
2018-01-19 16:14:43.538816 1800000 1800000 -1.16713637215 -0.0917145629073 -2.31205167244 0.422009674122 -0.973072156846 -0.587489896323 -0.831968851265 -1.4249286242 0.209089067427 -0.173092760164 -1.0703309919 -0.899432743636 -1.16639254695 -1.62345373424 -1.63018367118 -1.08911889109
2018-01-19 16:14:48.550857 1700000 1700000 -0.858234738181 2.85688629712 -2.09352474855 2.18586259184 -0.863175593214 -0.552439226099 -0.540973758323 -0.406000863232 -0.589160045589 -0.568733377582 -0.97730597867 -0.836626616007 -0.857607250311 -0.546789253741 -0.444574106148 -0.713734059501
2018-01-19 16:14:53.567678 2100000 2100000 -1.16495695434 0.357410071402 -2.31306842704 0.183943636148 -0.978972643483 -0.583179028651 0.905804661515 -0.478462903126 -0.154135396697 0.00854999101761 -1.07498224256 -0.892581166076 -1.16421696974 -1.6128068667 -1.66228915263 -0.939878674069
2018-01-19 16:14:58.578623 2100000 2100000 -1.16298314198 0.826061863724 -2.31416049679 -0.0865859524587 -0.983471764545 -0.586776945131 0.729568196776 -0.378130847888 -0.366720257482 -0.270158105327 -1.07935989024 -0.90209724602 -1.16223695002 -1.70520646718 -1.72420686686 -1.10434748466
2018-01-19 16:15:03.590242 1700000 1700000 -1.14583564712 2.50539745288 -2.30813528435 0.930605300702 -0.975063571086 -0.586926167473 -0.340146158969 -0.428296875507 -0.466677377454 -0.488129406745 -1.07334062468 -0.901462840691 -1.14507677917 -0.836536149077 -0.756455925962 -0.838608526804
2018-01-19 16:15:08.602994 1700000 1700000 -1.14373847149 3.13026650931 -2.30975456019 0.941426484246 -0.981996642885 -0.587672279186 0.307420385888 0.502561636973 -0.579305118268 -0.517078720215 -1.07872148329 -0.906753781139 -1.14287675726 -0.645082655899 -0.547770296527 -0.764749847973
2018-01-19 16:15:13.619898 1700000 1700000 -1.15052345147 3.01310356123 -2.31419815437 -0.0811753606866 -0.98509439837 -0.588915798706 0.34430708781 0.485839627766 -0.580712965028 -0.515375819422 -1.08118391011 -0.907667324814 -1.14972126986 -1.70463609928 -1.73337986156 -1.07160600848
2018-01-19 16:15:18.635198 1700000 1700000 -1.15052345147 3.05215787726 -2.3143111271 -0.0865859524587 -0.98509439837 -0.588965539487 0.327912998067 0.496987633904 -0.580712965028 -0.517078720215 -1.08118391011 -0.907578508068 -1.14972126986 -1.69512996754 -1.70815412613 -1.1172917892
2018-01-19 16:15:23.651344 1700000 1700000 -1.15044120929 3.05215787726 -2.31423581195 -0.0919965442308 -0.98509439837 -0.588948959227 0.323814475631 0.508135640041 -0.580712965028 -0.517078720215 -1.0812751111 -0.90771807724 -1.14972126986 -1.72212738167 -1.74025960758 -1.11881464856
2018-01-19 16:15:28.667353 1700000 1700000 -1.15035896711 3.05215787726 -2.31427346952 -0.0865859524587 -0.98509439837 -0.588948959227 0.332011520503 0.508135640041 -0.580712965028 -0.517078720215 -1.08118391011 -0.907426250789 -1.14947682298 -1.70463609928 -1.71962036951 -1.1172917892
2018-01-19 16:15:33.685171 1700000 1700000 -1.15035896711 3.09121219328 -2.3143111271 -0.0865859524587 -0.98509439837 -0.588998700008 0.311518908324 0.530431652316 -0.580712965028 -0.518781621007 -1.08118391011 -0.907324745936 -1.14947682298 -1.71072002359 -1.72650011553 -1.11881464856
2018-01-19 16:15:38.699584 2101000 2101000 -1.14279268641 0.337882913388 -2.27767030392 -0.0865859524587 -0.945487381813 -0.574490972266 0.00822824807452 -0.706997028944 -0.109084300371 -0.214530012778 -1.04926356243 -0.881542513342 -1.14189896975 -1.70691757089 -1.74025960758 -1.05790027426
2018-01-19 16:15:43.711301 1700000 1700000 -1.15512901364 2.23201724069 -2.31419815437 -0.0919965442308 -0.9858319592 -0.585152079624 1.26237611343 0.881593845647 -0.555371723345 -0.349626808969 -1.08182231706 -0.901082197493 -1.15434131585 -1.73296437185 -1.75631234831 -1.10891606274
2018-01-19 16:15:48.728497 1800000 1800000 -1.13921515151 1.27128106643 -2.29009730459 2.07765075639 -0.972408352099 -0.580327223883 0.778750466005 0.731095762791 -0.489202925617 -0.379711389633 -1.07115180084 -0.894230619933 -1.13847671345 -0.810489348118 -0.728936941861 -0.825664222267
2018-01-19 16:15:53.744759 1800000 1800000 -1.14587676821 2.27107155672 -2.30655366608 -0.0757647689144 -0.979562692147 -0.583974881144 0.840228302542 0.00647536385478 -0.530030481662 -0.412066504688 -1.07680626243 -0.899559624702 -1.14507677917 -1.70520646718 -1.73108661288 -1.0815045943
2018-01-19 16:15:58.759298 2100000 2100000 -1.13292362462 1.24784847681 -2.28256578903 0.167711860831 -0.977792546156 -0.585268141446 0.434474581398 -0.495184912332 -0.584936505308 -0.511970017838 -1.05783645581 -0.870630741673 -1.13212109462 -1.69474972227 -1.72420686686 -1.06246885234
2018-01-19 16:16:03.851199 1900000 1900000 -1.17756056866 -1.73980669924 -2.31310608461 0.167711860831 -0.990795743584 -0.592480554666 -0.786885104471 -1.05258521921 2.27017672431 0.899734739003 -0.988250097873 -0.636535175054 -1.17682553972 -1.59949828227 -1.69210138541 -0.787592738333
2018-01-19 16:16:08.856157 1500000 1500000 -1.17602675198 -1.87774654345 -2.03138974521 0.941426484246 -0.977718790073 -0.589181082871 -1.07378167498 -1.08045523455 2.79108002558 1.01326145849 -0.8532726277 -0.252085545324 -1.17526596864 -0.451347691104 -0.446867354823 -0.323882064018
2018-01-19 16:16:13.871930 1700000 1700000 -0.838496614605 1.8102306276 -2.00728889543 0.454473224754 -0.906691682168 -0.567693065553 -0.700816133319 1.59506623845 -0.661382584385 -0.613008798183 -0.955417740263 -0.618771825826 -0.835607031265 -1.3462549328 -1.40085880367 -0.740384098255
2018-01-19 16:16:18.884973 1700000 1700000 -1.01778457042 2.42728882083 -2.20197857257 -0.606002762583 -0.872026323171 -0.557247501579 -0.684422043576 0.541579658454 -0.423034127889 -0.485291238758 -0.934441511791 -0.715201435923 -1.01674216807 -1.64151538454 -1.72420686686 -0.849268542306
2018-01-19 16:16:23.898244 1700000 1700000 -0.893187665348 3.9894614619 -2.16168496434 -0.0919965442308 -0.826297551726 -0.468045701293 1.16811009741 -1.20196850145 -0.506097086739 -0.308757189953 -0.949945680662 -0.760878619654 -0.89182981327 -1.52325910574 -1.59578494105 -0.802059902228
2018-01-19 16:16:28.911845 1900000 1900000 -1.07329804298 3.20837514136 -2.26110096969 -0.0865859524587 -0.931842506463 -0.517454876916 1.63124313265 -0.545350939951 -0.494834312658 -0.06524237665 -1.02071765151 -0.854263084169 -1.07247605632 -1.66375973281 -1.71503387216 -0.968813001858
2018-01-19 16:16:33.926088 2100000 2100000 -1.17367462558 0.576114241152 -2.32749127933 -0.0865859524587 -0.993709108862 -0.591867085036 1.06564703651 -0.311242811063 -0.43148120845 -0.248020395027 -1.0716078058 -0.906208192556 -1.17294372329 -1.85787494287 -1.89390726882 -1.15231755442
2018-01-19 16:16:38.936716 1800000 1800000 -1.03546663946 0.0918407224189 -2.07883829322 0.427420265894 -0.801220483515 -0.526905625273 -0.258175710253 -0.63453498905 -0.145688316136 -0.283781311666 -0.902521164115 -0.687287601422 -1.03458679019 -1.5679379249 -1.65082290925 -0.798252753834
2018-01-19 16:16:43.952089 1700000 1700000 -0.615209091649 0.716709778849 -1.56631865957 0.936015892474 -0.386711297199 -0.387134031145 -0.286865367303 -0.32796482027 -0.278025911592 -0.368926351282 -0.60246989596 -0.679674737466 -0.615604840813 -0.387466485833 -0.359723905169 -0.35738496988
2018-01-19 16:16:48.965500 2100000 2100000 -1.15994018126 1.18926700277 -2.31303076946 0.173122452604 -0.980078984728 -0.583875399582 0.897607616644 -0.472888900057 -0.34982609636 -0.206015508816 -1.07707986541 -0.894357500999 -1.15920580873 -1.68011027939 -1.73108661288 -0.980995876717
2018-01-19 16:16:53.977618 1700000 1700000 -1.14793282275 3.01310356123 -2.3122776179 -0.0919965442308 -0.985979471366 -0.588086785693 0.745962286519 -0.244354774239 -0.610277746991 -0.506293681863 -1.08200471905 -0.906005182851 -1.14727680107 -1.7715592667 -1.79988407314 -1.11881464856
2018-01-19 16:16:58.990634 1700000 1700000 -1.14123008496 2.77877766507 -2.30613943272 0.930605300702 -0.97963644823 -0.586329278103 0.389390834604 -0.0381166606951 -0.563818803906 -0.497779177902 -1.07707986541 -0.903378744786 -1.14043228848 -0.947187522492 -0.884877851768 -0.855359979735
2018-01-19 16:17:04.005904 1700000 1700000 -1.15286735365 2.58350608493 -2.31412283921 -0.0811753606866 -0.982660447632 -0.588816317145 -0.0204614089761 0.0566413914734 -0.51735986082 -0.497211544304 -1.07945109123 -0.904736372191 -1.15216573864 -1.75768031437 -1.79300432711 -1.08607317237
2018-01-19 16:17:09.019297 1800000 1800000 -1.07823257387 0.232436260116 -2.16658044945 -0.0865859524587 -0.926384556323 -0.566864052539 0.0328193826893 -0.0771346821763 -0.455414603373 -0.450097955716 -1.02290647535 -0.852867392444 -1.07712054701 -1.67155476083 -1.70815412613 -1.02287450904
2018-01-19 16:17:14.031856 1700000 1700000 -0.631657527963 0.248057986526 -1.42698562177 -0.0865859524587 -0.615355154419 -0.461081991977 -0.22128900833 -0.0102466453514 -0.458230296893 -0.474506200406 -0.781223842946 -0.847030863412 -0.63027165351 -1.20860614525 -1.24721114244 -0.699266895606
2018-01-19 16:17:19.045419 1800000 1800000 -0.924439694343 0.248057986526 -1.91276837519 0.167711860831 -0.829985355875 -0.53751699185 -0.290963889739 -0.14959672207 -0.477940151535 -0.490967574732 -0.953593720396 -0.871265147002 -0.923607907446 -1.5181257946 -1.50405499405 -1.08607317237
2018-01-19 16:17:24.058381 1700000 1700000 -0.343809892476 0.10746244883 -0.854590439453 -0.0865859524587 -0.352045938201 -0.373869822924 -0.278668322432 -0.155170725139 -0.424441974649 -0.456909558886 -0.565077488683 -0.813153618812 -0.34182433714 -0.831973205843 -0.873411608393 -0.43200507839
2018-01-19 16:17:29.071818 1800000 1800000 -0.935131177947 -0.220593805796 -1.81862443073 0.162301269059 -0.788681949409 -0.522926362807 -0.274569799996 0.0120493669235 -0.385022265364 -0.433068947793 -0.919849352853 -0.863017877718 -0.934119123212 -1.41279785496 -1.43755078247 -0.885055737204
2018-01-19 16:17:34.085103 1800000 1800000 -1.10372765016 -0.40024365952 -2.15754263079 -0.113638911319 -0.95706708684 -0.574159367061 0.577922866651 0.329767541842 -0.532846175182 -0.451800856509 -1.05701564687 -0.897529527647 -1.1030319161 -1.66147826119 -1.68063514203 -1.07389029752
2018-01-19 16:17:39.100738 1700000 1700000 -1.13539089006 5.27825389079 -2.31310608461 0.162301269059 -0.992669148092 -0.592497134926 0.0942972192264 1.61736225072 -0.733605123182 -0.641844584933 -1.08474074885 -0.905370777521 -1.1345655634 -1.73562608874 -1.75401909963 -1.12719037502
2018-01-19 16:17:44.117034 1700000 1700000 -1.12305456283 7.34813264021 -2.31299311188 0.167711860831 -0.967687962788 -0.586959327994 -1.27460927433 0.246157495811 -0.535661868702 -0.56703047679 -1.06403812336 -0.886490874912 -1.12209877261 -1.70615708035 -1.73567311023 -1.07008314912
2018-01-19 16:17:49.132485 1700000 1700000 -1.13909178823 5.0048736786 -2.31416049679 -0.0865859524587 -0.975948644082 -0.588318909336 -0.840165896137 -0.127300709795 -0.531438328422 -0.550001468866 -1.07270221772 -0.897910170845 -1.13823226658 -1.76186301233 -1.79529757579 -1.09521032852
2018-01-19 16:17:54.148505 1700000 1700000 -1.15656825182 1.96254246011 -2.31423581195 -0.0919965442308 -0.966655377627 -0.585715808473 -0.848362941008 -0.913235142487 -0.133017695294 -0.349059175372 -1.05984287766 -0.885983350649 -1.15580799712 -1.75501859748 -1.79300432711 -1.07541315687
2018-01-19 16:17:59.163942 1700000 1700000 -1.13539089006 5.66879705106 -2.31419815437 -0.0919965442308 -0.994608933074 -0.592463974406 1.06974555895 1.34981010342 -0.754441255233 -0.641106661256 -1.08597196226 -0.901082197493 -1.13481001028 -1.75634945592 -1.77924483506 -1.12642894534
2018-01-19 16:18:04.179905 1700000 1700000 -1.13662452279 5.51257978695 -2.31427346952 -0.0919965442308 -0.994343411175 -0.592580036227 0.85252386985 1.38325412183 -0.750921638332 -0.64246898189 -1.08512379302 -0.899559624702 -1.13554335092 -1.75558896538 -1.77924483506 -1.12338322663
2018-01-19 16:18:09.195993 1700000 1700000 -1.13662452279 5.31730820681 -2.31374626344 -0.0865859524587 -0.993827118595 -0.592298171803 0.840228302542 1.37768011877 -0.745149466616 -0.636679119196 -1.08200471905 -0.899052100438 -1.13578779779 -1.76737656874 -1.79529757579 -1.1172917892
2018-01-19 16:18:14.212602 1700000 1700000 -1.13621331188 5.23919957476 -2.31336968766 -0.0865859524587 -0.993923001502 -0.592082628419 1.02056328972 1.80130435199 -0.7464165287 -0.632762447374 -1.07981589521 -0.902351008152 -1.13554335092 -1.77498147413 -1.80447057049 -1.1172917892
2018-01-19 16:18:19.228180 1700000 1700000 -1.14587676821 3.79418988177 -2.31408518164 -0.0919965442308 -0.979857716479 -0.589015280268 -0.594254549988 0.831427818028 -0.534254021942 -0.540919331307 -1.07498224256 -0.898163932977 -1.14507677917 -1.78125552107 -1.81364356519 -1.11196178145
2018-01-19 16:18:24.229042 2101000 2101000 -1.15895327508 1.53294498381 -2.31412283921 -0.0919965442308 -0.967687962788 -0.584770733637 -0.426215130121 -0.957827167037 -0.0809273651679 -0.269022838132 -1.06704775614 -0.90273165135 -1.15817913184 -1.77973454 -1.81593681386 -1.09825604723
2018-01-19 16:18:29.240566 2101000 2101000 -1.16503919652 0.466762156277 -2.31416049679 -0.0865859524587 -0.952641721862 -0.581454681582 -0.770491014728 -0.985697182381 0.763780690933 0.122076710506 -1.04953716541 -0.881034989078 -1.16431474849 -1.77327037041 -1.82281655989 -1.0495245478
2018-01-19 16:18:34.254879 1700000 1700000 -1.12058729738 5.04392799463 -2.30485907508 1.96943892095 -0.984725617955 -0.590010095885 -0.241781620509 1.37768011877 -0.682922639816 -0.614711698975 -1.07799187534 -0.900194030032 -1.11989875071 -0.915056797222 -0.850479121642 -0.84089281584
2018-01-19 16:18:39.271908 1700000 1700000 -1.13127878099 3.52080966958 -2.30350340228 2.29407442728 -0.962746305229 -0.584273325829 -0.737702835242 -0.41714886937 -0.442743982531 -0.498914445096 -1.06057248561 -0.890804831154 -1.13065441335 -0.705161408475 -0.623447502806 -0.754089832471
2018-01-19 16:18:44.290227 1700000 1700000 -1.14410856131 4.10662440998 -2.31408518164 -0.0757647689144 -0.974989815003 -0.587838081788 -0.733604312806 -0.0659866760388 -0.482163691816 -0.519349254604 -1.07087819786 -0.89588007379 -1.14336565102 -1.75425810694 -1.79300432711 -1.07236743816
2018-01-19 16:18:49.309716 1700000 1700000 -1.14887860784 1.86100123844 -2.30636537819 -0.0919965442308 -0.97071196219 -0.585118919103 -0.237683098074 -0.138448715932 -0.365312410722 -0.417742840662 -1.06814216806 -0.894991906329 -1.14801014171 -1.75615933329 -1.79071107844 -1.08759603173
2018-01-19 16:18:54.324938 2100000 2100000 -1.13456846825 1.3767277197 -2.28633154681 -0.097407136003 -0.978677619152 -0.58435622713 0.692681494854 -0.656831001325 -0.586344352068 -0.488697040343 -1.07452623759 -0.902224127086 -1.13358777589 -1.7666160782 -1.79759082446 -1.1066317737
2018-01-19 16:18:59.343423 2100000 2100000 -1.11565276649 -1.72106062755 -1.13325651506 -0.0865859524587 -0.962303768731 -0.571009117608 1.03695737946 -1.43217482819 -0.524399094621 -0.36722345049 -1.05300280316 -0.901462840691 -1.11500981314 -1.33598831052 -1.28619636991 -1.07998173495
2018-01-19 16:19:04.363703 1800000 1800000 -1.10619491561 -1.64256145233 -1.35543622398 0.941426484246 -0.953379282691 -0.568522078567 0.848425347414 -1.33128537264 -0.501873546458 -0.380279023231 -1.04224108594 -0.897022003384 -1.10523193801 -0.407239239846 -0.245061471413 -0.817288495801
2018-01-19 16:19:09.387439 1900000 1900000 -1.09262495565 -1.73199583604 -0.583455879407 0.941426484246 -0.941357041166 -0.557579106784 1.01646476728 -1.58100071012 -0.480755845056 -0.320109861902 -1.03394179555 -0.900320911097 -1.0917873597 0.163508909628 0.419980644368 -0.739622668576
2018-01-19 16:19:14.395570 2100000 2100000 -1.10290522834 -1.73277692236 -0.79057255722 0.173122452604 -0.955296940849 -0.565040223909 1.098435216 -1.59382091718 -0.525806941381 -0.353600244151 -1.04661873362 -0.902858532416 -1.10205412859 -1.00574529399 -0.92615632792 -0.952822978606
2018-01-19 16:19:19.409380 1800000 1800000 -1.13004514826 -1.21647886448 -2.08335720255 0.416599082349 -0.9788988874 -0.585931351857 0.405784924347 -0.0046726422827 -0.607462053471 -0.532972460943 -1.07261101673 -0.901209078559 -1.12918773208 -1.56812804754 -1.55909296225 -1.10358605498
2018-01-19 16:19:24.427303 1700000 1700000 -1.12387698464 6.68420926775 -2.31175041181 0.92519470893 -0.991931587262 -0.591916825816 0.377095267297 1.76786033358 -0.738110232815 -0.640482264299 -1.0799070962 -0.902604770284 -1.12307656012 -0.930076485366 -0.866531862367 -0.847745682949
2018-01-19 16:19:29.444069 1700000 1700000 -1.13900954605 4.69243915038 -2.31314374219 0.173122452604 -0.989224739017 -0.590540664213 0.463164238449 1.23833004205 -0.688554026857 -0.597115057454 -1.08118391011 -0.903175735081 -1.13823226658 -1.72269774958 -1.74713935361 -1.09825604723
2018-01-19 16:19:34.459890 2101000 2101000 -1.17133072341 -0.642380418886 -2.31412283921 -0.0865859524587 -0.987970885606 -0.590225639268 0.327912998067 -0.684701016669 -0.176660944859 -0.197501004854 -1.04816915051 -0.778641968882 -1.17059703326 -1.72726069281 -1.79300432711 -0.964244423786
2018-01-19 16:19:39.474022 1900000 1900000 -1.1774413175 -1.71012541906 -2.31412283921 -0.0919965442308 -0.989814787681 -0.592298171803 -0.918037822417 -1.04143721307 2.34056906232 0.871353059131 -1.02409208826 -0.670793062852 -1.17670331628 -1.69246825065 -1.78383133241 -0.855359979735
2018-01-19 16:19:44.487970 1900000 1900000 -0.858645949089 -0.333851322274 -1.60774199514 2.23996850956 -0.900791195531 -0.567361460347 -0.864757030751 1.43342014945 -0.644347638587 -0.607332462208 -0.809496150888 -0.175956905773 -0.857607250311 -0.195822870021 -0.132692286333 -0.343679235664
2018-01-19 16:19:49.552709 1700000 1700000 -1.01531730498 2.54445176891 -2.20386145146 0.427420265894 -0.877189248979 -0.559071330209 -0.704914655755 0.530431652316 -0.442743982531 -0.497211544304 -0.949033670728 -0.736771217129 -1.01454214617 -1.49302960682 -1.58431869768 -0.719064067252
2018-01-19 16:19:54.567104 1700000 1700000 -0.84713204367 3.95040714587 -2.13231205367 0.422009674122 -0.808596091812 -0.441185679645 1.28286872561 -1.08045523455 -0.520175554341 -0.29399871642 -0.933529501857 -0.745652891744 -0.845384906397 -1.40234111005 -1.4627765179 -0.759419840222
2018-01-19 16:19:59.580940 2100000 2100000 -1.13621331188 2.27107155672 -2.29853260201 -0.0541224018259 -0.962451280897 -0.552439226099 1.65173574483 -0.188614743551 -0.401916426486 0.144782054404 -1.04169387998 -0.867712477157 -1.13529890404 -1.77707282311 -1.83198955459 -1.03429595422
2018-01-19 16:20:04.593314 2101000 2101000 -1.17301668813 0.89245420097 -2.32745362175 -0.0865859524587 -0.989077226851 -0.591336516707 -0.110628902564 -0.0269686545577 -0.0809273651679 -0.21850344796 -1.06704775614 -0.898037051911 -1.17228371672 -1.86586009353 -1.90766676087 -1.1386118202
2018-01-19 16:20:09.606062 2100000 2100000 -1.17305780922 0.150422196459 -2.32493056404 0.876499382981 -0.994586806249 -0.592447394145 1.07794260382 -0.623386982913 -0.546924642784 -0.385387725608 -1.06212290249 -0.863652283047 -1.17228371672 -0.958785003211 -0.905517089844 -0.833278519054
2018-01-19 16:20:14.617512 1900000 1900000 -0.910869734385 0.0488809747894 -1.84498473518 2.23996850956 -0.645595148439 -0.471361753348 -0.217190485895 -0.673553010532 -0.172437404579 -0.29399871642 -0.803112081352 -0.617503015167 -0.908941094749 -0.30704461134 -0.235888476713 -0.446472242285
2018-01-19 16:20:19.629603 1700000 1700000 -0.56175167363 0.251963418129 -1.31401288842 0.941426484246 -0.413263487069 -0.398740213338 -0.336047636533 -0.0715606791076 -0.344194709319 -0.41376940548 -0.611589995296 -0.764685051631 -0.559382058809 -0.0897344398385 -0.00656360920197 -0.337587798234
2018-01-19 16:20:24.642784 1800000 1800000 -0.941299341565 0.32616661858 -1.95419171075 0.427420265894 -0.813021456791 -0.533537729384 -0.372934338455 -0.288946798788 -0.421626281129 -0.463721162055 -0.939913571392 -0.867839358222 -0.940474742048 -1.42249410933 -1.44213727982 -0.908660057243
2018-01-19 16:20:29.657249 1700000 1700000 -0.331473565241 0.138705901651 -0.858356197231 -0.0865859524587 -0.163967926616 -0.317496937985 -0.372934338455 -0.249928777307 -0.323077007917 -0.405254901518 -0.413683839705 -0.805160111659 -0.332046462008 -0.827220139975 -0.907810338519 -0.298754884622
2018-01-19 16:20:34.672353 1700000 1700000 -0.922794850712 0.404275250634 -1.93912867964 0.167711860831 -0.754016590411 -0.51529944308 -0.413919562813 -0.311242811063 -0.341379015799 -0.419445741454 -0.895225084646 -0.875705984309 -0.921163438663 -1.44854091029 -1.47653600995 -0.89876147142
2018-01-19 16:20:39.688991 1700000 1700000 -1.14431416676 4.06757009395 -2.31408518164 -0.0919965442308 -0.9823654233 -0.589048440789 -0.176205261537 -0.478462903126 -0.580712965028 -0.548298568074 -1.07908628726 -0.909570540803 -1.1436100979 -1.75482847485 -1.77924483506 -1.12033750792
2018-01-19 16:20:44.701880 1800000 1800000 -1.11935366466 -0.681434734913 -2.1624381159 -0.102817727775 -0.957657135504 -0.579912717376 -0.110628902564 0.112381422161 -0.470900917735 -0.473370933212 -1.05619483793 -0.897783289779 -1.11867651631 -1.67725843987 -1.69898113143 -1.07617458655
2018-01-19 16:20:49.716405 1800000 1800000 -1.1164751883 -0.212782942591 -2.20348487568 -0.113638911319 -0.966876645876 -0.579481630609 0.528740597421 0.106807419092 -0.555371723345 -0.477912001991 -1.06549733925 -0.90209724602 -1.1154987069 -1.70938916514 -1.73108661288 -1.09825604723
2018-01-19 16:20:54.731452 1700000 1700000 -1.1370357337 5.31730820681 -2.31393455132 0.162301269059 -0.993539469871 -0.592530295447 0.491853895499 1.9239324195 -0.741489065039 -0.641049897896 -1.08410234189 -0.904901317577 -1.13603224467 -1.72098664586 -1.73567311023 -1.12947466406
2018-01-19 16:20:59.747938 1700000 1700000 -1.11688639921 8.36354485691 -2.31299311188 0.167711860831 -0.954485623936 -0.584173844267 -1.45330485253 -0.222058761964 -0.462453837174 -0.54035169771 -1.05300280316 -0.879004892023 -1.11598760065 -1.68923616586 -1.72420686686 -1.04038739165
2018-01-19 16:21:04.763461 1700000 1700000 -1.15253838492 2.66161471699 -2.31412283921 -0.0865859524587 -0.987085812611 -0.590739627337 -0.184402306408 -0.0882826883138 -0.60042281967 -0.561354140815 -1.08118391011 -0.905408841841 -1.15167684488 -1.75425810694 -1.77924483506 -1.11805321888
2018-01-19 16:21:09.780727 2101000 2101000 -1.16059811871 1.23613218201 -2.31408518164 -0.0865859524587 -0.962967573478 -0.584090942966 -0.659830908961 -0.929957151694 0.107724100695 -0.199203905647 -1.05874846574 -0.892073641813 -1.15984137062 -1.74399148467 -1.77924483506 -1.07693601623
2018-01-19 16:21:14.797642 1700000 1700000 -1.13539089006 5.66879705106 -2.31419815437 -0.0919965442308 -0.99553825972 -0.592314752063 1.58615938586 1.50588218935 -0.764718536582 -0.638211729909 -1.08796014391 -0.905992494744 -1.1345655634 -1.74779393736 -1.76319209433 -1.14546468731
2018-01-19 16:21:19.811902 1700000 1700000 -1.1164751883 5.51257978695 -2.30463312961 2.02354483867 -0.993923001502 -0.591618381131 1.25827759099 1.35538410649 -0.758664795513 -0.641049897896 -1.08464954785 -0.899686505768 -1.1154987069 -0.789956103567 -0.703711206435 -0.827187081624
2018-01-19 16:21:24.827940 1700000 1700000 -1.13580210097 5.47352547092 -2.31378392101 -0.0757647689144 -0.994675313549 -0.592298171803 1.20909532176 1.25505205125 -0.755145178613 -0.637700859671 -1.08455834686 -0.901970364954 -1.13481001028 -1.73524584347 -1.76089884566 -1.10282462531
2018-01-19 16:21:29.845619 1700000 1700000 -1.13539089006 5.12203662668 -2.31254122095 -0.0865859524587 -0.993347704055 -0.591668121912 1.03695737946 1.05996194385 -0.741066711011 -0.625837317485 -1.0785390813 -0.899559624702 -1.1345655634 -1.73657670191 -1.76089884566 -1.10815463306
2018-01-19 16:21:34.860110 2101000 2101000 -1.1638055638 0.669844599617 -2.31408518164 -0.0919965442308 -0.961049915321 -0.584124103487 -0.844264418572 -0.968975173175 0.362544364285 -0.0993003924966 -1.06029888263 -0.900828435361 -1.16304362472 -1.74665320155 -1.78153808374 -1.07998173495
2018-01-19 16:21:39.873211 2101000 2101000 -1.1619962358 1.00180628584 -2.31416049679 -0.0919965442308 -0.963705134308 -0.584538609993 -0.733604312806 -1.17632808733 0.162630124341 -0.181607264126 -1.06394692236 -0.900574673229 -1.16123471782 -1.74608283365 -1.77924483506 -1.0853117427
2018-01-19 16:21:44.884650 1800000 1800000 -1.15327856456 1.17364527636 -2.3051603357 1.91533300323 -0.955591965181 -0.582233953815 -0.749998402549 -0.550924943019 -0.01475856744 -0.276969708496 -1.05081397932 -0.880908108012 -1.15241018552 -0.848133629795 -0.783974910063 -0.793684175762
2018-01-19 16:21:49.899627 1700000 1700000 -1.11030702469 6.05934021132 -2.30403060837 2.23996850956 -0.989003470768 -0.59093859046 0.176267667942 1.68425028755 -0.727410597437 -0.635941195519 -1.07954229223 -0.89930586257 -1.10963198182 -0.664094919372 -0.572996031954 -0.757135551186
2018-01-19 16:21:54.914251 1800000 1800000 -1.15644488855 2.07579997658 -2.31461238772 0.183943636148 -0.961639963984 -0.583825658802 -0.696717610884 -0.963401170106 -0.031652728562 -0.279240242886 -1.05811005879 -0.893342452472 -1.15568577369 -1.726119957 -1.76548534301 -1.05104740716
2018-01-19 16:21:59.927441 1700000 1700000 -1.14361510822 4.4190589382 -2.31480067561 -0.0865859524587 -0.976612448828 -0.588186267254 -0.676224998705 0.240583492742 -0.507504933499 -0.530134292956 -1.0702397909 -0.893849976736 -1.14287675726 -1.76376423868 -1.79988407314 -1.08759603173
2018-01-19 16:22:04.943835 2100000 2100000 -1.1588710329 1.45093092015 -2.31359563312 0.162301269059 -0.979857716479 -0.584853634939 0.721371151904 -0.316816814132 -0.369535951002 -0.273563906912 -1.07516464455 -0.899432743636 -1.15810579778 -1.7304927776 -1.75631234831 -1.09901747691
2018-01-19 16:22:07.776223 1700000 1700000 -1.15722618927 1.71259483753 -2.31348266039 -0.097407136003 -0.975211083252 -0.58551684535 0.114789831405 1.19931202057 -0.300551459754 -0.330894900253 -1.06303491243 -0.865301736904 -1.1564680037 -1.76053215389 -1.80676381916 -1.05180883683
