number of threads 160
reads 4359256
long reads 0
extra reads 0
read_length 101
kmer 60
kmers 21358992 21002905
merge bubble 63
contigs: 46968 n50: 266 max: 8310 mean: 118 total length: 5562158 n80: 60
aligned 179618 reads
confirmed bases: 2090871 correct reads: 85074 bases: 3789
kmer 20
kmers 49539281 49523169
merge bubble 12737
contigs: 285138 n50: 349 max: 6768 mean: 121 total length: 34637364 n80: 223
aligned 871358 reads
confirmed bases: 8060227 correct reads: 101677 bases: 1172
distance mean -nan sd -nan
invalid insert distance
kmer 40
kmers 36545635 36836563
merge bubble 91
contigs: 188497 n50: 390 max: 9579 mean: 174 total length: 32803322 n80: 246
aligned 873088 reads
confirmed bases: 8438538 correct reads: 113894 bases: 231
distance mean -nan sd -nan
invalid insert distance
kmer 60
kmers 33123713 33112131
merge bubble 14
contigs: 100621 n50: 444 max: 20308 mean: 282 total length: 28442015 n80: 287
aligned 842172 reads
confirmed bases: 8291397 correct reads: 115263 bases: 52
distance mean -nan sd -nan
invalid insert distance
kmer 80
kmers 24350177 24211276
merge bubble 2
contigs: 53396 n50: 503 max: 20328 mean: 451 total length: 24117038 n80: 339
aligned 802242 reads
confirmed bases: 8035554 correct reads: 114940 bases: 24
distance mean -nan sd -nan
invalid insert distance
kmer 100
kmers 19083116 18976459
merge bubble 1
contigs: 40921 n50: 539 max: 20328 mean: 536 total length: 21944426 n80: 370
reads 4359256
aligned 763160 reads
distance mean -nan sd -nan
invalid insert distance
