number of threads 160
reads 4359256
long reads 0
extra reads 0
read_length 101
kmer 60
kmers 21358992 21002905
merge bubble 63
contigs: 46968 n50: 266 max: 8310 mean: 118 total length: 5562158 n80: 60
aligned 179630 reads
confirmed bases: 2090897 correct reads: 85092 bases: 3807
kmer 20
kmers 49539226 49523113
merge bubble 12737
contigs: 285138 n50: 349 max: 6768 mean: 121 total length: 34637364 n80: 223
aligned 871351 reads
confirmed bases: 8059944 correct reads: 101700 bases: 1174
distance mean -nan sd -nan
invalid insert distance
kmer 40
kmers 36545530 36836455
merge bubble 92
contigs: 188498 n50: 390 max: 9579 mean: 174 total length: 32803096 n80: 246
aligned 873092 reads
confirmed bases: 8438709 correct reads: 113866 bases: 230
distance mean -nan sd -nan
invalid insert distance
kmer 60
kmers 33123469 33111891
merge bubble 14
contigs: 100628 n50: 444 max: 20308 mean: 282 total length: 28442861 n80: 287
aligned 842209 reads
confirmed bases: 8291787 correct reads: 115289 bases: 46
distance mean -nan sd -nan
invalid insert distance
kmer 80
kmers 24350530 24211620
merge bubble 2
contigs: 53399 n50: 503 max: 20328 mean: 451 total length: 24117438 n80: 339
aligned 802272 reads
confirmed bases: 8035895 correct reads: 114949 bases: 29
distance mean -nan sd -nan
invalid insert distance
kmer 100
kmers 19083123 18976463
merge bubble 0
contigs: 40924 n50: 539 max: 20328 mean: 536 total length: 21944818 n80: 370
reads 4359256
aligned 763195 reads
distance mean -nan sd -nan
invalid insert distance
