Date Time Prediction All_Predictions EXEC IPC FREQ AFREQ L3MISS_Rate L2MISS_Rate L3HIT L2HIT L3MPI L2MPI READ_Rate WRITE_Rate INST_Rate POWER_Total POWER_Proc POWER_DRAM
2018-01-12 11:06:17.965186 1700000 1700000 -1.13004514826 4.4190589382 -2.30711852975 2.348180345 -0.985610690951 -0.587506476583 0.836129780107 1.62851025686 -0.670815157679 -0.559083606425 -1.07616785547 -0.879258654155 -1.12943217896 -0.314839639364 -0.148745027059 -0.767034137009
2018-01-12 11:06:22.965551 1700000 1700000 -1.14221699113 4.88771073052 -2.31544085444 2.29407442728 -0.988265909938 -0.589811132761 0.573824344215 1.65080626913 -0.667436325454 -0.573274446362 -1.08036310117 -0.891312355417 -1.14141007599 -0.329859327509 -0.157918021759 -0.796729894477
2018-01-12 11:06:27.990792 1700000 1700000 -1.13859833515 5.78595999914 -2.31596806052 -0.0703541771423 -0.986717032196 -0.588982119748 0.59841547883 1.66752827834 -0.660256306977 -0.565327575997 -1.08027190017 -0.889282258363 -1.1379878197 -1.55348860466 -1.5636794596 -1.02972737615
2018-01-12 11:06:33.001634 1700000 1700000 -1.14308053404 5.90312294722 -2.31826517277 -0.0865859524587 -0.987970885606 -0.589695070939 0.565627299344 1.63408425993 -0.661101015033 -0.567598110387 -1.08027190017 -0.891312355417 -1.14214341663 -1.5548194631 -1.5361604755 -1.12642894534
2018-01-12 11:06:38.013023 1700000 1700000 -1.14612349476 5.47352547092 -2.31883003644 -0.0919965442308 -0.988929714685 -0.589811132761 0.717272629468 1.50030818628 -0.663494354526 -0.56021887362 -1.07954229223 -0.892708047142 -1.14532122605 -1.69132751484 -1.69898113143 -1.13252038277
2018-01-12 11:06:43.023756 1700000 1700000 -1.13822824533 5.94217726324 -2.31611869084 -0.0919965442308 -0.986717032196 -0.589214243391 0.508247985242 1.64523226606 -0.660960230357 -0.571003911972 -1.07963349322 -0.888647853033 -1.13749892594 -1.60501183867 -1.60266468708 -1.1066317737
2018-01-12 11:06:48.039579 1700000 1700000 -1.13900954605 5.82501431516 -2.31623166357 -0.0865859524587 -0.987159568694 -0.589164502611 0.606612523702 1.7288423121 -0.663775923878 -0.567598110387 -1.08027190017 -0.889282258363 -1.13823226658 -1.60444147077 -1.6003714384 -1.11196178145
2018-01-12 11:06:53.051868 1700000 1700000 -1.13794039769 5.86406863119 -2.31577977264 -0.0919965442308 -0.986864544362 -0.588948959227 0.631203658317 1.62293625379 -0.663775923878 -0.566462843192 -1.08008949819 -0.888774734099 -1.13725447906 -1.62839692275 -1.63018367118 -1.10891606274
2018-01-12 11:06:58.064354 1700000 1700000 -1.14069551078 5.74690568311 -2.31687184239 -0.097407136003 -0.987602105191 -0.589263984172 0.659893315367 1.61178824765 -0.664620631934 -0.565327575997 -1.08081910613 -0.890424187956 -1.13994339472 -1.68144113784 -1.69210138541 -1.11576892984
2018-01-12 11:07:03.075091 1700000 1700000 -1.13843385078 5.74690568311 -2.31581743021 -0.0865859524587 -0.986643276113 -0.589247403912 0.483656850628 1.75113832437 -0.659693168273 -0.571003911972 -1.07963349322 -0.888140328769 -1.13774337282 -1.64874004466 -1.6554094066 -1.1066317737
2018-01-12 11:07:08.091719 1700000 1700000 -1.15866542745 3.24742945739 -2.3207505729 -0.0865859524587 -0.99232987011 -0.591452578529 0.823834212799 1.58949223538 -0.665746909342 -0.555110171243 -1.08027190017 -0.900828435361 -1.15791024028 -1.73828780562 -1.73567311023 -1.19876476482
2018-01-12 11:07:13.105672 1700000 1700000 -1.13580210097 6.0202858953 -2.3153278817 -0.0865859524587 -0.987380836943 -0.589827713022 0.385292312168 1.63408425993 -0.674897913283 -0.588600553492 -1.07954229223 -0.88966290156 -1.13505445716 -1.67554733616 -1.68751488806 -1.10739320338
2018-01-12 11:07:18.120546 1700000 1700000 -1.12634425009 7.30907832418 -2.31434878468 -0.0919965442308 -0.989888543764 -0.592265011282 -0.840165896137 0.229435486604 -0.71741488544 -0.644058355963 -1.07945109123 -0.891439236483 -1.12576547578 -1.66946341185 -1.68063514203 -1.10587034402
2018-01-12 11:07:23.135061 1700000 1700000 0.129082651537 3.79418988177 -1.51359805068 -0.0865859524587 -0.949912746792 -0.322471016068 2.25831706533 0.892741851785 -0.76795658413 -0.504590781071 -1.03950505614 -0.83434275682 0.132402606724 -1.2740083316 -1.24033139641 -0.984041595432
2018-01-12 11:07:28.149496 1900000 1900000 0.404593959789 0.498005609098 0.0152996073624 -0.0865859524587 1.43653907393 0.352345577174 0.0492134724325 -0.188614743551 -0.0668488975662 -0.178201462541 0.857658007733 0.060041876834 0.406183110398 0.277582490469 0.121858316604 0.707093720912
2018-01-12 11:07:33.161522 1900000 1900000 0.873374394724 0.876832474559 0.297731440744 -0.0865859524587 1.14151474203 0.446853060749 0.524642074986 -0.0102466453514 -0.299143612994 -0.254264364599 0.620535424997 -0.0909465916081 0.875521116696 0.243550538851 0.140204306005 0.509883434134
2018-01-12 11:07:38.170625 1900000 1900000 0.914495485508 0.525343630317 0.742090858598 0.422009674122 1.36278299096 0.650790262146 0.672188882675 -0.210910755826 -0.259723903709 -0.181039630528 0.793817312381 -0.0249684373309 0.917077086003 0.545655405445 0.46125912052 0.653793643404
2018-01-12 11:07:43.181618 1900000 1900000 0.647208395413 0.287112302553 0.64041539858 0.427420265894 1.5102951569 0.602707507345 0.487755373063 -0.311242811063 -0.144280469375 -0.129952606758 0.912378603749 0.0701923621074 0.648185519895 0.363898166639 0.190655776857 0.824353891428
2018-01-12 11:07:48.205307 1700000 1700000 0.059176797205 0.552681651536 -0.534501028287 0.427420265894 0.492461211857 -0.0737671119243 -0.22128900833 0.0677893976109 -0.223119887945 -0.326921465071 0.100689762845 -0.450020008155 0.0615130120227 -0.467508115056 -0.547770296527 -0.0535745280876
2018-01-12 11:07:53.234238 1700000 1700000 -1.11894245375 6.6061006357 -2.30945329957 0.422009674122 -0.967024158042 -0.586975908254 -1.36067824548 -1.09717724376 -0.546924642784 -0.574409713556 -1.05820125978 -0.861875948124 -1.11818762256 -1.54626394454 -1.55909296225 -1.01602164194
2018-01-12 11:07:58.244976 1800000 1800000 -1.00791550863 -1.69801858109 0.580163274126 -0.0865859524587 -0.798270240196 -0.525745007054 -0.249978665381 -1.506309069 -0.242829742587 -0.3428152058 -0.901609154181 -0.866697428629 -1.00647539918 -0.971903465008 -0.910103587194 -0.870588573309
2018-01-12 11:08:03.261976 1800000 1800000 -1.06507382482 -1.6753670778 -0.587221637185 -0.0865859524587 -0.810808774302 -0.531382295548 -0.315555024354 -1.53640868557 -0.0189821077205 -0.215097646375 -0.909817243583 -0.868473763552 -1.06392041558 -1.09605354549 -1.0568715024 -0.880487159132
2018-01-12 11:08:08.275759 1700000 1700000 0.367584978083 0.564397946344 -0.0976731259903 0.167711860831 0.0720515389024 -0.179880777692 0.0492134724325 0.363211560254 -0.463861683934 -0.454071390898 -0.455636296651 -0.528686269024 0.369516078656 0.00494663225936 0.0645270997264 -0.194439018643
2018-01-12 11:08:13.287473 1800000 1800000 0.314127560064 0.0449755431867 0.399406900761 0.167711860831 0.300695396123 -0.148378283167 -0.266372755124 0.207139474329 -0.377983031564 -0.427960245416 -0.372643392693 -0.522342215728 0.315737765434 0.357243874423 0.46125912052 -0.100783168166
2018-01-12 11:08:18.491228 1700000 1700000 -0.520630582846 -0.033133088867 -1.07677014838 -0.0865859524587 -0.332869356627 -0.385476005117 -0.516382623708 0.0733634006797 -0.314629927356 -0.413201771883 -0.725591236996 -0.699975708013 -0.517826089501 -0.720751464523 -0.689951714384 -0.595712459306
2018-01-12 11:08:23.506036 1700000 1700000 -0.734460254922 4.30189599011 -2.07695541433 0.167711860831 -0.965622792465 -0.58613031498 -1.13116098908 -0.450592887782 -0.752611054444 -0.663301134916 -1.06075488759 -0.885222064253 -0.718272529691 -1.45481495723 -1.44901702584 -1.01526021226
2018-01-12 11:08:28.519003 1700000 1700000 1.56009661081 2.11485429261 0.109443551823 -0.0865859524587 0.241690529744 -0.254491948935 -0.942628957032 -1.36249978983 -0.576489424747 -0.575544980751 -0.0999524225469 -0.641610417691 1.58441706371 -0.492414180207 -0.545477047852 -0.160936112781
2018-01-12 11:08:33.546540 1900000 1900000 0.453939268729 0.0293538167759 0.674307218586 -0.0865859524587 2.13722186219 0.266128223738 -0.93443191216 -1.44555243555 0.110539794215 -0.237235356675 1.39574386856 -0.420837362994 0.455072486054 -0.00912244271101 -0.304685936966 0.975116967806
2018-01-12 11:08:38.562408 1900000 1900000 -0.598760655336 -1.02511271595 0.0152996073624 -0.0919965442308 -0.171343534913 -0.344025354427 -0.627042729475 -1.32515396927 -0.123162767973 -0.318974594707 -0.421891929108 -0.848680317269 -0.593604621768 -0.873419940215 -0.933036073945 -0.400025031886
2018-01-12 11:08:43.652594 1900000 1900000 -0.339697783398 -0.986058399923 0.915315716405 0.422009674122 0.824363585242 -0.0671350078138 -0.762293969856 -1.26439733582 0.227391075309 -0.152657950656 0.365172643589 -0.729158353174 -0.339379868357 -0.186316738284 -0.263407460814 0.128407165116
2018-01-12 11:08:48.662819 1900000 1900000 -0.578200109944 -1.06416703198 0.21111901184 0.427420265894 0.256441746339 -0.227963532493 -0.745899880113 -1.50575166869 0.182339978984 -0.172525126567 -0.0908323232109 -0.881034989078 -0.571604402723 -0.560858328711 -0.641793492207 -0.115250332061
2018-01-12 11:08:53.678068 1500000 1500000 -1.02066304678 -1.74175941504 1.06971178532 0.427420265894 -0.369747398115 -0.410346395532 -0.713111700627 -1.32961317172 1.05942851057 0.292366789739 -0.572373568152 -0.790315026947 -1.0186977431 -0.577969365837 -0.529424307127 -0.556879545694
2018-01-12 11:08:58.907597 1500000 1500000 -0.755020800314 -1.45861562385 1.04711723865 0.427420265894 0.204812488256 -0.25117589688 -0.811476239086 -1.4254860245 0.534301669026 -0.00280268093125 -0.127312720555 -0.815818121196 -0.75249509265 -0.413703409427 -0.414761873371 -0.279719142655
2018-01-12 11:09:03.860612 1900000 1900000 -0.778459822061 -0.935287789088 -0.86212195501 -0.584360395495 -0.0533338021541 -0.330761146206 -0.88524964293 -1.51857187575 0.299191260078 -0.13619657633 -0.32886691588 -0.872914600859 -0.772050842913 -1.15271009064 -1.27473012654 -0.384035008634
2018-01-12 11:09:08.875160 1500000 1500000 -1.14308053404 -1.8522831294 -0.0562497904276 -0.606002762583 -0.742953177965 -0.527071427876 -1.05738758523 -1.50017766563 2.50951067354 0.88270573108 -0.870600816439 -0.848807198335 -1.14165452287 -1.2247665692 -1.23803814773 -0.794445605441
2018-01-12 11:09:13.888524 1700000 1700000 -1.00997156317 -1.13837023243 -1.55125562846 0.427420265894 -0.868338519022 -0.56089515884 -1.12296394421 -1.36138498921 -0.42866551493 -0.511970017838 -0.976393968736 -0.848426555137 -1.00867542109 -1.44435821232 -1.4627765179 -0.92769579921
2018-01-12 11:09:18.903177 1500000 1500000 -0.553527455474 -1.06416703198 0.305262956301 -0.606002762583 1.56192441499 0.0489268141197 -1.25001813972 -1.61388732823 1.12982084858 0.184516406225 0.939738901757 -0.548987239571 -0.55204865246 0.275110896217 0.153963798056 0.590594980074
2018-01-12 11:09:23.920151 1900000 1900000 -0.187549747498 -0.173728626564 -0.293492530468 -0.0919965442308 0.566217294831 -0.191486959885 -1.15165360126 -0.835199099525 -0.0499547364442 -0.337706503423 0.146290259525 -0.772297915586 -0.187822803823 -0.37929121254 -0.428521365422 -0.0962145900936
2018-01-12 11:09:28.939365 1700000 1700000 1.37916381136 3.63797261766 -0.681365581646 -0.600592170811 -0.941578309415 -0.538180202261 1.50418893714 3.01643702097 -0.774686091644 -0.659895333331 -1.03667782535 -0.887252161308 1.38885956108 -1.01924400106 -0.92156983057 -1.02211307937
2018-01-12 11:09:33.955027 1700000 1700000 2.18102508165 3.01310356123 0.11697506738 0.416599082349 -0.925425727244 -0.521268336779 1.51238598201 3.00528901484 -0.774869111723 -0.66012238677 -1.02254167138 -0.872533957661 2.19553425941 -0.491843812303 -0.28863319624 -1.01145306386
2018-01-12 11:09:38.965725 1900000 1900000 -0.730348145844 -1.07197789518 -0.413996779378 -0.0919965442308 0.0351734974152 -0.0953214502834 0.508247985242 -1.47620945243 0.286520639236 0.246956101944 -0.278706369532 -0.732964785152 -0.728050404822 -0.858780497341 -0.953675312021 -0.272866275547
2018-01-12 11:09:43.976854 1900000 1900000 -0.278016147222 -0.829841135815 0.647946914137 -0.0865859524587 1.37753420755 0.52975436213 0.47136128332 -1.48401305673 0.445607323135 0.366159157407 0.602295226325 -0.601008476597 -0.278268148787 0.293552791787 0.202122020233 0.504553426383
2018-01-12 11:09:48.990738 1900000 1900000 -0.442500510357 -0.876706315047 0.214884769619 0.422009674122 0.868617235027 0.295972692235 0.487755373063 -1.48289825611 0.39914838005 0.337777477535 0.219251054213 -0.661911388238 -0.442047557234 0.0340353953738 -0.00656360920197 0.158102922585
2018-01-12 11:09:53.999951 1900000 1900000 -0.236895056438 -0.896233473061 1.00192814531 0.427420265894 1.48079272371 0.59275935118 0.495952417935 -1.48289825611 0.441383782855 0.371835493381 0.647895723005 -0.595933233961 -0.234267710696 0.577405885446 0.532349829448 0.544909199353
2018-01-12 11:09:59.017363 1900000 1900000 -0.775581345706 -0.825935704212 -1.00145499281 0.427420265894 -0.0459581938567 -0.128481970836 0.536937642293 -1.28557854748 0.31749326796 0.292366789739 -0.425539968842 -0.774835536905 -0.774495311695 -0.808778244405 -0.834426380916 -0.468553702967
2018-01-12 11:10:04.026948 1800000 1800000 -0.458948946671 -0.126863447332 -0.888482259459 0.427420265894 -0.163967926616 -0.148378283167 0.704977062161 0.407803584804 -0.247053282868 -0.160037187423 -0.583317687355 -0.716470246583 -0.456714369931 -0.538233735178 -0.508785069051 -0.466269413931
2018-01-12 11:10:09.043824 1800000 1800000 -0.430164183122 -0.509595744395 -0.425294052713 0.427420265894 0.0277978891178 -0.0886893461729 0.553331732036 0.223861483536 -0.147096162896 -0.113491232433 -0.538629200608 -0.754534566358 -0.42982521332 -0.23232641589 -0.151038275734 -0.428959359676
2018-01-12 11:10:14.059061 1800000 1800000 -0.660442291511 -0.700961892926 -0.794338314998 0.167711860831 -0.200845968103 -0.231279584548 0.39348935704 0.101233416023 -0.0682567443264 -0.0936240565221 -0.685462799918 -0.805286992725 -0.657160810121 -0.555915140208 -0.488145830975 -0.605611045129
2018-01-12 11:10:19.073532 1900000 1900000 -1.11400792286 8.6369250691 -2.31265419368 0.167711860831 -0.982439179383 -0.590490923433 -1.13116098908 -0.171892734345 -0.676446544719 -0.627767271716 -1.0744350366 -0.88966290156 -1.11329868499 -1.6812510152 -1.70356762878 -1.07693601623
2018-01-12 11:10:24.084605 1700000 1700000 1.79448682828 2.70066903301 -0.0336552437571 0.167711860831 -0.193470359806 -0.375527848951 -0.971318614082 -1.30954676067 -0.658285321513 -0.616414599767 -0.443780167514 -0.710126193287 1.80441925416 -0.544697904759 -0.527131058451 -0.431243648712
2018-01-12 11:10:29.100941 1900000 1900000 0.65543261357 0.0566918379947 1.00192814531 0.422009674122 2.32898767792 0.310894926484 -0.967220091647 -1.49125926072 0.0612651576091 -0.26504940295 1.5599056566 -0.269848894552 0.657963395026 0.332718054542 0.0714068457517 1.09542285704
2018-01-12 11:10:34.097322 1900000 1900000 -0.594648546257 -0.642380418886 -0.681365581646 -0.0865859524587 0.160558838472 -0.261124053046 -0.7786880596 -1.47509465182 0.135881035898 -0.202609707231 -0.172913217235 -0.86479421264 -0.591160152985 -0.98121947411 -1.1027364759 -0.268297697475
2018-01-12 11:10:39.175562 1900000 1900000 -0.0847470205383 -0.497879449587 0.440830236324 0.422009674122 1.31852934117 0.0671651004235 -0.80737771665 -1.45056903831 0.203457680386 -0.172525126567 0.748216815701 -0.816579407592 -0.0851551149454 -0.253430028345 -0.410175376021 0.346937482897
2018-01-12 11:10:44.364492 1500000 1500000 -0.960626254233 -1.63982765021 0.576397516347 0.427420265894 -0.358683985668 -0.407030343476 -0.717210223063 -1.3524665843 0.56949783803 0.0369316708898 -0.572373568152 -0.827998703524 -0.957830470406 -0.633675297815 -0.595928518705 -0.55916383473
2018-01-12 11:10:49.344967 1500000 1500000 -0.672778618747 -1.00949098954 -0.308555561582 0.427420265894 0.433456345477 -0.196461037968 -0.893446687802 -1.5302772822 0.506144733822 -0.0368606967778 0.0550892661651 -0.857308229751 -0.659605278904 -0.640899957935 -0.70141795776 -0.237840510328
2018-01-12 11:10:54.369251 1500000 1500000 -1.13876281951 -1.83822357563 -0.285961014911 -0.551896844862 -0.84326145081 -0.553599844318 -1.06148610767 -1.4087640153 0.98903617256 0.167487398302 -0.95450573033 -0.858830802542 -1.13749892594 -1.27800090693 -1.27473012654 -0.885817166882
2018-01-12 11:10:59.379276 1700000 1700000 -1.06013929393 -0.841557430623 -1.93912867964 -0.606002762583 -0.921442898763 -0.574490972266 -1.09427428716 -1.24321612416 -0.486387232096 -0.53808116332 -1.01825522469 -0.865047974772 -1.05903147801 -1.72916191916 -1.78841782976 -0.987087314147
2018-01-12 11:11:04.392642 1500000 1500000 -0.615209091649 -1.11103221121 0.192290222948 -0.606002762583 1.16364156692 -0.0538707995928 -1.26641222946 -1.61667432976 1.00311464016 0.122076710506 0.620535424997 -0.565481778141 -0.613160372031 -0.0195791876214 -0.134985535008 0.369780373257
2018-01-12 11:11:09.411826 1500000 1500000 -0.339697783398 -0.755637935364 0.271371136295 -0.0919965442308 1.2300220416 -0.0323164612338 -1.23772257241 -1.27387314103 0.454054403696 -0.11859993481 0.675256021013 -0.708857382628 -0.336935399574 -0.0391618189991 -0.144158529708 0.321810303501
2018-01-12 11:11:14.423259 1700000 1700000 1.13243726666 4.22378735806 -0.990157719476 -0.600592170811 -0.942242114162 -0.545143911577 1.3853317865 3.03873303325 -0.773728755847 -0.660462966929 -1.03749863429 -0.886998399176 1.13463480767 -1.08920913064 -1.00642003155 -1.02059022001
2018-01-12 11:11:19.437828 1700000 1700000 0.610199413708 2.73972334904 -0.960031657249 -0.606002762583 -0.943200943241 -0.551112805277 1.26237611343 2.9049569596 -0.770772277651 -0.65807890582 -1.03914025217 -0.87849736776 0.613962956936 -1.27020587891 -1.21739890966 -1.04495596973
2018-01-12 11:11:24.450640 1900000 1900000 -0.541191128238 -0.947004083896 0.0454256695897 -0.0919965442308 0.226939313149 0.121879959335 0.840228302542 -1.47509465182 0.109131947455 0.258308773893 -0.109072521883 -0.633997553736 -0.537381839764 -0.682156569672 -0.816080391515 -0.0223559112618
2018-01-12 11:11:29.466101 1900000 1900000 -0.479509492063 -0.93919322069 0.248776589624 -0.0865859524587 0.42608073718 0.236283755241 0.840228302542 -1.47843905366 0.161222277581 0.315072133637 0.0368490674931 -0.623847068463 -0.478714588976 -0.560858328711 -0.712884201135 0.12079286833
2018-01-12 11:11:34.476126 1900000 1900000 -0.36025832879 -1.02901814755 0.99816238753 0.422009674122 0.750607502267 0.42529872239 0.840228302542 -1.47788165335 0.210496914187 0.366159157407 0.283091749565 -0.564212967481 -0.358935618619 -0.206849982835 -0.359723905169 0.365973224864
2018-01-12 11:11:39.488684 1900000 1900000 -0.368482546946 -1.04463987396 1.02452269198 0.427420265894 0.787485543755 0.443537008694 0.836129780107 -1.47732425304 0.240061696151 0.394540837279 0.310452047573 -0.561675346163 -0.366269024968 -0.193921643673 -0.352844159143 0.394907552654
2018-01-12 11:11:44.502507 2101000 2101000 -0.797786734729 0.591735967563 -1.7884983685 0.422009674122 -0.678047824948 -0.385476005117 1.01236624485 0.764539781204 -0.393469345925 -0.219071081557 -0.867864786638 -0.803510657802 -0.796495530741 -1.27115649208 -1.28619636991 -0.820334214516
2018-01-12 11:11:49.518492 1800000 1800000 -0.315025128928 -0.15420146855 -0.57592436385 0.427420265894 0.131056405282 0.00416011137392 0.688582972418 0.201565471261 -0.176660944859 -0.0993003924966 -0.399091680768 -0.711395003946 -0.314935180529 -0.297728602238 -0.265700709489 -0.310176329802
2018-01-12 11:11:54.535028 1800000 1800000 -0.380818874182 -0.876706315047 0.429532962989 2.07765075639 0.197436879959 -0.0256843571233 0.479558328192 0.274027511154 -0.0851509054484 -0.0822713845733 -0.454724286717 -0.757072187676 -0.380935837664 0.750417483054 0.979533321094 -0.246977666472
2018-01-12 11:11:59.549209 1700000 1700000 -1.11853124284 7.93394738061 -2.31269185126 0.183943636148 -0.983398008462 -0.590557244474 -0.942628957032 -0.0158206484202 -0.676305760043 -0.624929103729 -1.07324942368 -0.888013447703 -1.1176987288 -1.66509059125 -1.75172585096 -0.852314261021
2018-01-12 11:12:04.562226 1700000 1700000 1.16122203021 3.52080966958 -0.786806799441 0.167711860831 -0.731889765519 -0.52193154719 -0.959023046775 -1.10832524989 -0.732056491746 -0.652459333205 -0.871512826372 -0.850583533258 1.16885737063 -1.00403419028 -0.960555058047 -0.831755659696
2018-01-12 11:12:09.574434 1900000 1900000 0.873374394724 0.732331505259 0.444595994102 -0.0865859524587 1.62830488966 0.120221933307 -0.963121569211 -1.48234085581 -0.189331565701 -0.3870906264 0.994459497773 -0.424643794972 0.875521116696 -0.111978788103 -0.339084667093 0.677397963443
2018-01-12 11:12:14.589979 1900000 1900000 0.141418978773 0.185571080883 -0.0826100948766 -0.0865859524587 1.29640251628 0.0406366839816 -0.909840777545 -1.51912927606 0.0246611418448 -0.276402074899 0.729976617029 -0.680943548126 0.142180481855 -0.43594775769 -0.639500243532 0.377394670044
2018-01-12 11:12:19.624499 1900000 1900000 -0.611096982571 -0.396338227917 -0.993923477255 0.422009674122 0.0868027554973 -0.272730235239 -0.700816133319 -1.4416506334 0.107724100695 -0.204880241621 -0.226721803317 -0.854136203103 -0.610715903248 -0.939962862372 -1.0110065289 -0.407639328673
2018-01-12 11:12:24.781701 1900000 1900000 -0.421939964965 -0.868895451842 0.267605378517 0.427420265894 0.462958778667 -0.169932621526 -0.758195447421 -1.53139208281 0.114763334496 -0.210556577595 0.0733294648371 -0.851725462851 -0.420047338189 -0.507243745716 -0.534010804477 -0.258399111652
2018-01-12 11:12:29.779391 1500000 1500000 -0.697451273217 -1.03292357915 -0.365041928258 0.427420265894 0.271192962933 -0.234595636604 -0.836067373701 -1.54086788803 0.423081774973 -0.06524237665 -0.0725921245389 -0.861749067058 -0.688938904297 -0.718089747637 -0.765628920663 -0.333780649841
2018-01-12 11:12:34.794293 1500000 1500000 -1.12223214101 -1.84134792091 0.693136007478 0.427420265894 -0.804170726834 -0.544978108974 -1.18854030318 -1.43774883126 0.791937626137 0.0482843428386 -0.928057442255 -0.84956848473 -1.12063209134 -0.819234989316 -0.728936941861 -0.860689987486
2018-01-12 11:12:39.808060 1700000 1700000 -1.13777591333 1.93910987049 -2.29649909281 -0.535665069546 -0.980964057724 -0.589612169638 -0.754096924985 -0.406000863232 -0.59619927939 -0.580086049531 -1.06777736408 -0.880908108012 -1.13701003218 -1.84133427365 -1.90078701484 -1.06323028201
2018-01-12 11:12:44.823063 1500000 1500000 -0.639881746119 -1.11884307441 0.113209309601 -0.606002762583 0.669475810995 -0.178222751664 -1.2705107519 -1.61277252761 0.665231417722 -0.0311843608034 0.237491252885 -0.590857991324 -0.637605059859 -0.315410007269 -0.417055122046 0.121554298008
2018-01-12 11:12:49.835544 1500000 1500000 -0.541191128238 -1.15399195884 0.696901765257 -0.0919965442308 1.76106583902 0.0920354908379 -1.28321617145 -1.62113353222 1.22837012179 0.218574422072 1.09478059047 -0.607352529893 -0.537381839764 0.281384943164 0.135617808655 0.676636533764
2018-01-12 11:12:54.851049 1700000 1700000 0.601975195551 4.10662440998 -1.27258955286 -0.600592170811 -0.866125836533 -0.535361558014 0.372996744861 2.64855281844 -0.750499284304 -0.650586142333 -0.980954018404 -0.891185474351 0.606629550587 -1.24396895531 -1.20593266628 -0.977950158002
2018-01-12 11:12:59.865343 1700000 1700000 1.37093959321 4.34095030614 -0.880950743902 -0.606002762583 -0.945634893979 -0.544646503769 1.45910519035 3.04988103939 -0.775404093492 -0.661995577642 -1.04041706607 -0.888520971967 1.38885956108 -1.0380661419 -0.942209068646 -1.02896594647
2018-01-12 11:13:04.878855 1700000 1700000 -0.310913019849 2.15390860864 -1.57008441735 -0.0919965442308 -0.852849741597 -0.509827957189 0.840228302542 1.17701600829 -0.707137604091 -0.597115057454 -0.960889799865 -0.842209382907 -0.30760177418 -1.40082012897 -1.40085880367 -0.958914416035
2018-01-12 11:13:09.894964 1900000 1900000 -0.323249347084 -0.802503114596 0.437064478546 -0.0865859524587 0.462958778667 0.32747518676 0.959085453181 -1.45001163801 0.0105826742431 0.224250758046 0.0824495641731 -0.59720204462 -0.319824118094 -0.491083321764 -0.646379989557 0.179422953588
2018-01-12 11:13:14.906877 1900000 1900000 -0.401379419574 -0.814219409404 0.203587496283 -0.0865859524587 0.315446612718 0.236283755241 0.959085453181 -1.44889683739 0.00354344044223 0.212898086097 -0.0361117271949 -0.639072796373 -0.400491587927 -0.633865420449 -0.781681661388 0.0568327753207
2018-01-12 11:13:19.916471 1900000 1900000 -0.220446620125 -0.876706315047 1.00192814531 0.422009674122 0.691602635888 0.465091347053 0.950888408309 -1.44833943709 0.0345160691659 0.246956101944 0.246611352221 -0.562944156822 -0.217156429217 -0.182704408224 -0.320738677692 0.333231748681
2018-01-12 11:13:24.932058 2101000 2101000 -0.798609156545 -0.689245598118 -1.21986894396 0.427420265894 -0.432440068643 -0.206409194134 1.07384408138 -0.695849022807 -0.0921901392492 0.173163734276 -0.649894412508 -0.777373158223 -0.796495530741 -1.18160873112 -1.23574489906 -0.629215365168
2018-01-12 11:13:29.941853 2101000 2101000 -0.393155201417 0.997900854242 -1.3704992551 0.427420265894 -0.222972792995 -0.0986375023386 0.983676587796 0.240583492742 -0.325892701437 -0.149819782669 -0.5085328728 -0.684749980103 -0.393158181578 -0.946236909319 -0.999540285524 -0.470837992003
2018-01-12 11:13:34.952889 1800000 1800000 -0.356146219711 -0.126863447332 -0.681365581646 2.02354483867 -0.0828362353439 -0.0240263310957 0.938592841002 0.329767541842 -0.26676313751 -0.0993003924966 -0.496676743663 -0.736771217129 -0.354046681054 0.177197739329 0.314491205313 -0.33454207952
2018-01-12 11:13:39.965700 1800000 1800000 -0.652218073355 -0.658002145297 -0.831995892782 2.23996850956 -0.301154240948 -0.256149974963 0.524642074986 0.435673600148 -0.168213864298 -0.14073764511 -0.683638780051 -0.800211750088 -0.649827403773 0.131948552262 0.298438464587 -0.462462265538
2018-01-12 11:13:44.979325 1700000 1700000 0.120858433381 3.91135282985 -1.53619259735 0.167711860831 -0.922180459593 -0.574325169663 -1.04919054036 -0.846347105663 -0.757820087457 -0.665401379227 -1.02719292204 -0.880400583748 0.12018026281 -1.3287636504 -1.33206134341 -0.89876147142
2018-01-12 11:13:49.991755 1900000 1900000 1.45318177478 1.5134178258 0.418235689653 0.167711860831 0.883368451621 -0.0820572420624 -0.963121569211 -1.45558564108 -0.452598909852 -0.51594345302 0.410773140269 -0.538836754298 1.46219362457 -0.147151475528 -0.251941217438 0.24719019499
2018-01-12 11:13:55.004605 1900000 1900000 0.227773269419 0.314450323772 -0.0713128215413 -0.0865859524587 1.2373976499 0.012450241512 -0.975417136518 -1.52414587882 -0.0443233494035 -0.317839327512 0.684376120349 -0.533761511661 0.230181358036 -0.412182428349 -0.623447502806 0.419273302371
2018-01-12 11:14:00.018957 2101000 2101000 -0.886608290822 -0.0878091313046 -1.76213806405 0.416599082349 -0.149216710021 -0.35563153662 -0.868855553187 -1.58211551074 0.57231353155 0.00287365504318 -0.42006790924 -0.885475826385 -0.884496406921 -1.27096636945 -1.35958032752 -0.575915287661
2018-01-12 11:14:05.032718 1900000 1900000 -0.343809892476 -0.19716121618 -0.590987394963 0.427420265894 0.971875751191 -0.0290004091785 -0.795082149343 -1.5548028957 0.3160854212 -0.112355965238 0.474613835621 -0.833581470425 -0.34182433714 -0.541465819968 -0.667019227633 0.0461727598192
2018-01-12 11:14:10.165546 1900000 1900000 -0.705675491374 -0.88061174665 -0.685131339424 2.18586259184 0.0204222808203 -0.297600625653 -0.741801357677 -1.57765630828 0.218943994748 -0.153793217851 -0.279618379466 -0.88687151811 -0.703605716994 -0.0887838266649 0.0117823801989 -0.394695024135
2018-01-12 11:14:15.158087 1500000 1500000 -1.11688639921 -1.82885053978 0.459659025216 0.427420265894 -0.821872186748 -0.549454779249 -1.17624473587 -1.37197559504 0.523038894944 -0.0765950485989 -0.932617491923 -0.846142695951 -1.11525426002 -0.869427364886 -0.806907396815 -0.802821331907
2018-01-12 11:14:20.173861 1700000 1700000 -1.13333483553 -1.70153346953 -1.55125562846 0.427420265894 -0.931473726048 -0.576812208705 -1.03689497306 -1.18468909194 -0.110492147131 -0.355870778541 -1.02828733396 -0.867331833959 -1.13212109462 -1.43333109951 -1.43067103644 -0.990133032861
2018-01-12 11:14:25.181687 1500000 1500000 -0.759132909392 -1.14618109563 -0.349978897144 -0.606002762583 0.285944179528 -0.272730235239 -1.26641222946 -1.6038541227 0.637074482518 -0.0425370327523 -0.0634720252029 -0.654298524283 -0.754939561433 -0.650976457575 -0.742696433912 -0.141138941136
2018-01-12 11:14:30.196066 1500000 1500000 -0.541191128238 -1.16180282204 0.71196479637 -0.0919965442308 1.76844144731 0.0953515428931 -1.28526543266 -1.6200187316 1.24244858939 0.224250758046 1.1039006898 -0.59720204462 -0.539826308546 0.31655763059 0.179189533482 0.672829385371
2018-01-12 11:14:35.213489 1700000 1700000 0.371697087162 2.54445176891 -1.08806742172 -0.595181579039 -0.488494691703 -0.44748617855 -0.774589537164 1.31079208194 -0.631395448394 -0.599385591844 -0.684550789984 -0.863144758784 0.376849485004 -1.10175722453 -1.10502972458 -0.74342981697
2018-01-12 11:14:40.227312 1700000 1700000 0.589638868316 4.69243915038 -1.37803077065 -0.606002762583 -0.934055188952 -0.553765646921 0.983676587796 2.96627099336 -0.768238153482 -0.659100646295 -1.03302978561 -0.88408013466 0.594407206673 -1.29187985927 -1.24262464509 -1.04800168844
2018-01-12 11:14:45.229106 1800000 1800000 -0.635769637041 -0.708772756132 -0.715257401651 -0.0919965442308 -0.222972792995 -0.125165918781 0.897607616644 -1.37866439873 -0.123162767973 0.0426080068642 -0.462020366186 -0.711395003946 -0.632716122293 -1.0435796983 -1.13713520603 -0.403832180279
2018-01-12 11:14:50.239075 1900000 1900000 -0.241007165517 -0.775165093377 0.621586609688 -0.0865859524587 0.603095336318 0.367267811423 0.885312049336 -1.39482900763 0.0148062145236 0.184516406225 0.182770656869 -0.565481778141 -0.241601117045 -0.373397410863 -0.538597301827 0.292875975711
2018-01-12 11:14:55.254542 1900000 1900000 -0.504182146533 -0.794692251391 -0.161691008223 0.167711860831 0.145807621877 0.0887194387826 0.873016482029 -1.38591060272 0.00635913396256 0.167487398302 -0.188417386106 -0.665717820216 -0.500714808022 -0.725504530392 -0.836719629591 -0.127433206919
2018-01-12 11:15:00.263686 2101000 2101000 -0.401379419574 0.958846538215 -1.36673349732 0.427420265894 -0.284927902694 -0.0803992160348 1.13942044036 0.402229581735 -0.356865330161 -0.124843904382 -0.555957389347 -0.691094033399 -0.400491587927 -0.932548079618 -0.976607798773 -0.492158023006
2018-01-12 11:15:05.274419 1800000 1800000 -0.393155201417 0.0684081328028 -0.914842563908 0.427420265894 -0.149216710021 -0.0406065913719 1.00007067754 0.352063554117 -0.279433758352 -0.0879477205477 -0.540453220476 -0.753265755699 -0.390713712796 -0.611430949551 -0.591342021354 -0.485305155898
2018-01-12 11:15:10.293816 1800000 1800000 -0.71389970953 -0.755637935364 -0.896013775016 1.96943892095 -0.388923979688 -0.310864833874 0.44267162627 0.524857649248 -0.172437404579 -0.165713523397 -0.76207163434 -0.819497672108 -0.713383592125 0.0228181599244 0.183776030832 -0.51880806176
2018-01-12 11:15:15.306432 1700000 1700000 0.610199413708 3.79418988177 -1.2123374284 0.167711860831 -0.878664370638 -0.56271898747 -1.04099349549 -0.968975173175 -0.753878116529 -0.663471424995 -0.994634167408 -0.874310292584 0.611518488153 -1.18408032537 -1.16236094146 -0.882771448168
2018-01-12 11:15:20.320986 1900000 1900000 1.41206068399 1.49389066778 0.391875385204 0.167711860831 0.986626967786 -0.0439226434271 -0.909840777545 -1.46171704445 -0.427257668169 -0.501184979486 0.492854034293 -0.588320370006 1.41330424891 -0.18574637038 -0.313858931666 0.298205983462
2018-01-12 11:15:25.339582 1900000 1900000 0.268894360202 0.439424135058 -0.127799188218 -0.0865859524587 1.25952447479 0.0273724757606 -0.926234867288 -1.53473648465 -0.0598096637654 -0.319542228304 0.702616319021 -0.601008476597 0.274181796126 -0.430624323918 -0.644086740882 0.413943294621
2018-01-12 11:15:30.514428 1900000 1900000 -0.364370437868 -0.259648121823 -0.564627090514 0.427420265894 0.735856285672 -0.0920053982281 -0.754096924985 -1.56595090184 0.204865527146 -0.16287535541 0.283091749565 -0.850456652192 -0.361380087402 -0.613712421167 -0.708297703785 -0.106113175916
2018-01-12 11:15:35.510701 1900000 1900000 -0.755020800314 -1.00168012633 -0.67006830831 0.427420265894 -0.104963060236 -0.337393250316 -0.762293969856 -1.56093429908 0.183747825744 -0.174795660957 -0.375379422494 -0.870630741673 -0.750050623867 -0.900417354347 -0.92615632792 -0.530990936619
2018-01-12 11:15:40.526783 1500000 1500000 -1.12511061737 -1.84173846407 0.561334485233 0.427420265894 -0.823347308407 -0.548957371441 -1.11886542177 -1.4254860245 0.707466820527 0.0199026629665 -0.940825581326 -0.851979224983 -1.12356545388 -0.832163328478 -0.747282931262 -0.851552831342
2018-01-12 11:15:45.538148 1700000 1700000 -1.06836351209 -1.20085713807 -1.77720109517 0.427420265894 -0.884564857276 -0.560563553634 -0.655732386526 -1.3847958021 -0.310406387075 -0.422851543039 -0.986426078006 -0.852232987115 -1.06734267188 -1.50120488011 -1.52469423212 -0.949777259891
2018-01-12 11:15:50.551708 1500000 1500000 -0.623433309806 -1.14618109563 0.26007386296 -0.595181579039 1.26690008309 -0.0256843571233 -1.25821518459 -1.61555952915 1.11574238098 0.178840070251 0.711736418357 -0.526148647706 -0.622938247162 0.0469637345357 -0.0845340641556 0.468766231485
2018-01-12 11:15:55.569712 1500000 1500000 -0.450724728514 -0.872800883445 0.177227191834 -0.0919965442308 1.18576839182 -0.0472386954824 -1.25821518459 -1.3847958021 0.615956781116 -0.0482133687267 0.638775623669 -0.68982522274 -0.449380963583 -0.134413259001 -0.256527714789 0.313434577035
2018-01-12 11:16:00.587617 1700000 1700000 0.606087304629 5.0048736786 -1.41192259066 -0.600592170811 -0.939439383009 -0.556915896373 0.991873632667 3.03873303325 -0.769786784918 -0.660746783728 -1.03686022733 -0.88065434588 0.611518488153 -1.30708967005 -1.25867738581 -1.05561598523
2018-01-12 11:16:05.598042 1800000 1800000 -0.401379419574 -0.263553553426 -0.64747376164 -0.606002762583 -0.263538638631 -0.133456048919 0.946789885873 -1.3117763619 -0.344194709319 -0.182174897723 -0.479348554924 -0.73550240647 -0.400491587927 -1.12552255387 -1.23803814773 -0.396979313171
2018-01-12 11:16:10.616932 1900000 1900000 -0.212222401968 -0.279175279836 -0.210645859343 -0.0919965442308 0.0277978891178 0.0406366839816 0.93039579613 -1.31902256589 -0.290696532433 -0.129384973161 -0.261378180794 -0.688556412081 -0.209823022868 -0.820946093028 -0.93074282527 -0.197484737358
2018-01-12 11:16:15.625662 1800000 1800000 -0.479509492063 -0.5174066076 -0.538266786066 0.167711860831 -0.0828362353439 -0.131798022891 0.59841547883 0.357637557185 -0.175253098099 -0.124276270784 -0.586965727089 -0.724083110538 -0.478714588976 -0.331760553856 -0.265700709489 -0.446472242285
2018-01-12 11:16:20.639389 1800000 1800000 -0.504182146533 -0.974342105114 0.248776589624 0.422009674122 0.0868027554973 -0.113559736587 0.340208565375 0.140251437505 -0.0372841156027 -0.0822713845733 -0.598821856226 -0.778641968882 -0.500714808022 0.178718720407 0.360356178815 -0.480736577826
2018-01-12 11:16:25.652966 2101000 2101000 -1.07617651934 -0.380716501506 -2.09465447589 0.178533044376 -0.893415587233 -0.554097252126 0.0410164275609 -0.160744728207 -0.313222080596 -0.350194442566 -1.03895785018 -0.880781226946 -1.07540941886 -1.56394534957 -1.57514570298 -1.03353452455
2018-01-12 11:16:30.662484 1700000 1700000 1.09954039403 3.44270103752 -0.816932861669 0.167711860831 -0.751066347092 -0.528066243493 -1.00000827113 -1.11947325603 -0.734449831238 -0.653935180558 -0.88610498531 -0.84677710128 1.1028567135 -1.02608841591 -0.983487544798 -0.843938534555
2018-01-12 11:16:35.678957 1900000 1900000 1.47374232017 0.509721903906 1.58185484319 1.96943892095 2.0855926041 0.244573885379 -0.971318614082 -1.51745707514 -0.242829742587 -0.41376940548 1.36838357055 -0.371353747286 1.4866383124 1.59475210391 1.6606281776 0.873085390863
2018-01-12 11:16:40.687125 1900000 1900000 -0.0682985842248 0.251963418129 -0.496843450503 -0.0649435853702 -0.001704544072 -0.314180885929 -0.852461463444 -1.51299787268 -0.366720257482 -0.46712696364 -0.295122548337 -0.748190513062 -0.0680438334658 -0.869237242251 -0.91698333322 -0.436573656463
2018-01-12 11:16:45.780300 1900000 1900000 -0.302688801692 -0.236215532207 -0.459185872719 0.422009674122 0.964500142893 -0.0422646173995 -0.852461463444 -1.58211551074 0.259771550793 -0.150387416266 0.465493736285 -0.853501797774 -0.302712836615 -0.495075897093 -0.584462275329 -0.0421530829074
2018-01-12 11:16:50.778364 1500000 1500000 -1.05479355213 -1.58241780565 -0.975094688362 0.427420265894 -0.652233195907 -0.499382393215 -0.93443191216 -1.51801447545 0.506144733822 -0.0425370327523 -0.809496150888 -0.858830802542 -1.05316475293 -1.22191472968 -1.23574489906 -0.790638457048
2018-01-12 11:16:55.794398 1700000 1700000 -1.12305456283 -1.64763851342 -1.57008441735 0.427420265894 -0.914804851296 -0.572501341033 -1.07378167498 -1.25436413029 -0.0935979860094 -0.351329709761 -1.01342157204 -0.850964176455 -1.12185432573 -1.44112612753 -1.44672377717 -0.96805157218
2018-01-12 11:17:00.802317 1500000 1500000 -0.730348145844 -1.13837023243 -0.252069194906 -0.606002762583 0.389202695693 -0.247859844825 -1.26641222946 -1.60162452148 0.65115295012 -0.0311843608034 0.00948876948508 -0.645416849669 -0.730494873605 -0.59736187458 -0.699124709084 -0.0710874106972
2018-01-12 11:17:05.819131 1500000 1500000 -0.541191128238 -1.15789739044 0.71196479637 -0.0919965442308 1.77581705561 0.0953515428931 -1.28362602369 -1.61555952915 1.24244858939 0.224250758046 1.1039006898 -0.611158961871 -0.539826308546 0.21940496424 0.057647353701 0.687296549266
2018-01-12 11:17:10.838076 1700000 1700000 0.170203742321 3.28648377342 -1.4043910751 -0.595181579039 -0.64264490512 -0.491258065679 -0.749998402549 1.80130435199 -0.662508861794 -0.614711698975 -0.806760121087 -0.867712477157 0.173958576032 -1.30461807579 -1.30683560799 -0.885817166882
2018-01-12 11:17:15.855733 1700000 1700000 -1.10989581378 1.29471365605 -2.25771178769 -0.606002762583 -0.966212841129 -0.585118919103 -0.684422043576 -0.578794958363 -0.573673731227 -0.565895209595 -1.05993407865 -0.865047974772 -1.10889864118 -1.84247500946 -1.90766676087 -1.04495596973
2018-01-12 11:17:20.870650 1800000 1800000 -0.660442291511 -0.900138904663 -0.500609208281 -0.0919965442308 -0.163967926616 -0.234595636604 0.282829251273 0.0956594129546 -0.0344684220823 -0.0993003924966 -0.702790988656 -0.744384081085 -0.659605278904 -0.322824790023 -0.222128984662 -0.555356686336
2018-01-12 11:17:25.881933 1800000 1800000 -0.483621601141 -0.931382357485 0.214884769619 -0.0919965442308 0.0868027554973 -0.110243684532 0.352504132682 -0.138448715932 -0.0584018170052 -0.0993003924966 -0.65810250191 -0.748190513062 -0.481159057759 0.185753257892 0.369529173516 -0.483020866862
2018-01-12 11:17:30.897363 2101000 2101000 -1.0848119484 -0.493974017984 -2.09729050633 0.151480085515 -0.899316073871 -0.559402935415 -0.180303783972 -0.6791270136 -0.294920072714 -0.36722345049 -1.04652753263 -0.881542513342 -1.0839650596 -1.56166387795 -1.57055920563 -1.03962596198
2018-01-12 11:17:35.907309 1700000 1700000 1.07486773956 3.5598639856 -0.86212195501 0.167711860831 -0.783519023601 -0.535858965823 -0.950826001903 -1.04143721307 -0.740644356983 -0.656603058466 -0.919849352853 -0.859718970004 1.08085649445 -1.05783889591 -1.00871328022 -0.88734002624
2018-01-12 11:17:40.924174 1900000 1900000 1.63411457422 0.552681651536 1.77014273211 1.96943892095 2.24048037835 0.295972692235 -0.926234867288 -1.52860508128 -0.248461129628 -0.41376940548 1.48694486192 -0.414493309698 1.63330643936 1.71757132595 1.79363660076 0.923339749656
2018-01-12 11:17:44.834811 1900000 1900000 -0.183437638419 0.119178743638 -0.57592436385 -0.0757647689144 0.603095336318 -0.136772100974 -0.799180671779 -1.55758989723 -0.0358762688425 -0.293431082822 0.182770656869 -0.800719274352 -0.180489397475 -0.729116860451 -0.845892624291 -0.111443183667
304278849 -1.58942958666 0.109085943811 -0.266422499612 -0.217767256715 -0.795758880137 -0.478336697798 -2.06041448725 -2.32947754542 -0.537986664777
2018-01-12 11:15:40.529899 0xFFFFFFFFFFFFFFFFFFFFFFFFFFFFFFFFFFFFFFFF 0xFFFFFFFFFFFFFFFFFFFFFFFFFFFFFFFFFFFFFFFF -0.856505592747 -1.64811272054 1.26278847376 -37.4898645876 -0.725446726012 -0.553404696936 -1.2929941534 -1.47111577454 0.57951348849 -0.0909159292581 -0.808110557975 -0.775737005319 -0.856399986619 -1.97560483094 -2.10322942101 -0.86586606901
2018-01-12 11:15:45.538579 0xFFFFFFFFFFFFFFFFFFFFFFFFFFFFFFFFFFFFFFFF 0xFFFFFFFFFFFFFFFFFFFFFFFFFFFFFFFFFFFFFFFF -0.799072139465 -1.26889176169 -0.669742233829 -37.4898645876 -0.795058560877 -0.56777714446 -0.929379162196 -1.43557294209 -0.334785207218 -0.490027080499 -0.855718888721 -0.776009411779 -0.799492554401 -2.80692845364 -3.08653857711 -0.966332679809
2018-01-12 11:15:50.551709 0xFFFFFFFFFFFFFFFFFFFFFFFFFFFFFFFFFFFFFFFF 0xFFFFFFFFFFFFFFFFFFFFFFFFFFFFFFFFFFFFFFFF -0.348760570979 -1.23653896812 1.01383121674 -58.7077514265 1.65142002105 0.094587365707 -1.40240043394 -1.637144622 0.946244638913 0.0523547404182 0.917215348286 -0.425967110529 -0.349676416262 -0.883237558607 -1.26495111389 0.484592094745
2018-01-12 11:15:55.569705 0xFFFFFFFFFFFFFFFFFFFFFFFFFFFFFFFFFFFFFFFF 0xFFFFFFFFFFFFFFFFFFFFFFFFFFFFFFFFFFFFFFFF -0.173963104469 -1.0747750003 0.94536797106 -48.2672039343 1.55916337243 0.0678956774486 -1.40240043394 -1.43557294209 0.497315127189 -0.152317644834 0.841042019092 -0.601669277304 -0.174005647242 -1.10860918011 -1.48249738736 0.325714663715
2018-01-12 11:16:00.584902 0xFFFFFFFFFFFFFFFFFFFFFFFFFFFFFFFFFFFFFFFF 0xFFFFFFFFFFFFFFFFFFFFFFFFFFFFFFFFFFFFFFFF 0.895630916797 2.40315030789 -0.367881559698 -58.820015378 -0.857457603213 -0.563260089524 0.364189213602 2.42837114426 -0.747420980952 -0.704472572147 -0.908373702527 -0.806518935312 0.899812856347 -2.56572884614 -2.75006700747 -1.07458739997
2018-01-12 11:16:05.598005 0xFFFFFFFFFFFFFFFFFFFFFFFFFFFFFFFFFFFFFFFF 0xFFFFFFFFFFFFFFFFFFFFFFFFFFFFFFFFFFFFFFFF -0.12402097118 -0.714272443438 0.26384747998 -58.9322793295 -0.0888758505643 -0.0388710755851 0.328793064015 -1.37179059893 -0.365135371391 -0.273074352132 -0.326314250818 -0.650702440125 -0.124520923574 -2.34012098605 -2.72396145466 -0.400915939967
2018-01-12 11:16:10.614007 0xFFFFFFFFFFFFFFFFFFFFFFFFFFFFFFFFFFFFFFFF 0xFFFFFFFFFFFFFFFFFFFFFFFFFFFFFFFFFFFFFFFF 0.0674238730931 -0.723516098742 0.624835502653 -48.2672039343 0.242409387647 0.176715637271 0.315921736893 -1.37812014444 -0.317080944784 -0.225488022561 -0.0987464298486 -0.600307245004 0.0684694987302 -1.96166675372 -2.33527877938 -0.196867474624
2018-01-12 11:16:15.625656 0xFFFFFFFFFFFFFFFFFFFFFFFFFFFFFFFFFFFFFFFF 0xFFFFFFFFFFFFFFFFFFFFFFFFFFFFFFFFFFFFFFFF -0.203096015554 -0.864481842131 0.354094485648 -42.878534261 0.116604866807 -0.036817868796 0.0552773626652 0.08643930765 -0.213384550526 -0.220882893893 -0.43866991138 -0.63844414942 -0.203696481442 -1.35382484375 -1.49409985528 -0.451538650834
2018-01-12 11:16:20.639364 0xFFFFFFFFFFFFFFFFFFFFFFFFFFFFFFFFFFFFFFFF 0xFFFFFFFFFFFFFFFFFFFFFFFFFFFFFFFFFFFFFFFF -0.228067082198 -1.13485875978 1.0044953196 -37.6021285391 0.309505132094 -0.0142325941158 -0.147446039512 -0.103447057481 -0.089454713487 -0.183018502621 -0.451048077374 -0.697011538345 -0.225964607093 -0.719524210915 -0.702231419837 -0.486585142973
2018-01-12 11:16:25.652477 0xFFFFFFFFFFFFFFFFFFFFFFFFFFFFFFFFFFFFFFFF 0xFFFFFFFFFFFFFFFFFFFFFFFFFFFFFFFFFFFFFFFF -0.806979643903 -0.783599858219 -0.932080943409 -42.6540063579 -0.805122922544 -0.559769637982 -0.382347759495 -0.36636663997 -0.337314387566 -0.424531917219 -0.910563685742 -0.806655138542 -0.807657533806 -2.88488719063 -3.15035215067 -1.05200188282
2018-01-12 11:16:30.664559 0xFFFFFFFFFFFFFFFFFFFFFFFFFFFFFFFFFFFFFFFF 0xFFFFFFFFFFFFFFFFFFFFFFFFFFFFFFFFFFFFFFFF 1.39505224968 1.47878477748 0.123809022908 -42.878534261 -0.643254439064 -0.527534291393 -1.19967703177 -1.20381419901 -0.715679767588 -0.698332400589 -0.750980561079 -0.770152672886 1.39713432921 -2.21656819984 -2.40199296991 -0.858077959646
2018-01-12 11:16:35.676085 0xFFFFFFFFFFFFFFFFFFFFFFFFFFFFFFFFFFFFFFFF 0xFFFFFFFFFFFFFFFFFFFFFFFFFFFFFFFFFFFFFFFF 1.77378009379 -0.256711505881 2.1061311819 -5.49463840199 2.58237347526 0.429260072332 -1.1771522093 -1.55145231363 -0.274084878872 -0.481840185089 1.60277531104 -0.259799169858 1.78558941 1.03998085923 0.942418407627 0.898140701985
2018-01-12 11:16:40.687471 0xFFFFFFFFFFFFFFFFFFFFFFFFFFFFFFFFFFFFFFFF 0xFFFFFFFFFFFFFFFFFFFFFFFFFFFFFFFFFFFFFFFF 0.213088428518 -0.4092318184 0.388326108488 -47.7058841767 0.208861515423 -0.262670615598 -1.08383508766 -1.54755720871 -0.385368814173 -0.529938195623 -0.133976594601 -0.664322763131 0.211975197366 -2.02167135735 -2.3178750775 -0.441414108661
2018-01-12 11:16:45.779723 0xFFFFFFFFFFFFFFFFFFFFFFFFFFFFFFFFFFFFFFFF 0xFFFFFFFFFFFFFFFFFFFFFFFFFFFFFFFFFFFFFFFF -0.0241367046027 -0.698096046656 0.419445765615 -37.6021285391 1.30755433075 0.0740552978159 -1.08383508766 -1.60793133506 0.1773738132 -0.244420218197 0.660130362254 -0.77737144408 -0.0255514762385 -1.55675379853 -1.89728561545 -0.037990043594
2018-01-12 11:16:50.778347 0xFFFFFFFFFFFFFFFFFFFFFFFFFFFFFFFFFFFFFFFF 0xFFFFFFFFFFFFFFFFFFFFFFFFFFFFFFFFFFFFFFFF -0.785338052811 -1.49466804249 -0.00689353702477 -37.4898645876 -0.530869067114 -0.492013813942 -1.14819172328 -1.55193920175 0.398677093627 -0.147200835202 -0.670998565424 -0.783091979742 -0.785141984537 -2.4598939547 -2.72106083768 -0.803561194097
2018-01-12 11:16:55.791612 0xFFFFFFFFFFFFFFFFFFFFFFFFFFFFFFFFFFFFFFFF 0xFFFFFFFFFFFFFFFFFFFFFFFFFFFFFFFFFFFFFFFF -0.854424670527 -1.53326030339 -0.498584119631 -37.4898645876 -0.829445129906 -0.582560233341 -1.25759800382 -1.32164112301 -0.140038320442 -0.425555279145 -0.883903020523 -0.774647379478 -0.854668021291 -2.732277057 -2.9879175998 -0.985024142283
2018-01-12 11:17:00.804849 0xFFFFFFFFFFFFFFFFFFFFFFFFFFFFFFFFFFFFFFFF 0xFFFFFFFFFFFFFFFFFFFFFFFFFFFFFFFFFFFFFFFF -0.456968526438 -1.23191714047 0.590603879813 -58.9322793295 0.653370822389 -0.180542344034 -1.4088360975 -1.62497241911 0.528929881536 -0.13696721594 0.184047054787 -0.553998146784 -0.458542808331 -1.6838501637 -2.04231646444 -0.067584859178
2018-01-12 11:17:05.819120 0xFFFFFFFFFFFFFFFFFFFFFFFFFFFFFFFFFFFFFFFF 0xFFFFFFFFFFFFFFFFFFFFFFFFFFFFFFFFFFFFFFFF -0.265523682165 -1.2434717096 1.38726710226 -48.2672039343 2.23012081691 0.244471461312 -1.42235099098 -1.637144622 1.06005775456 0.0932892174685 1.32664699271 -0.517223274668 -0.265552386027 -0.668969151166 -1.08511286115 0.708110833498
2018-01-12 11:17:10.838040 0xFFFFFFFFFFFFFFFFFFFFFFFFFFFFFFFFFFFFFFFF 0xFFFFFFFFFFFFFFFFFFFFFFFFFFFFFFFFFFFFFFFF 0.45447540608 1.38634822443 -0.361657628272 -58.7077514265 -0.519966008641 -0.481953100675 -1.00338929315 1.34747952737 -0.651059209703 -0.662975246037 -0.668142065579 -0.792626205846 0.456924579522 -2.56265774438 -2.81097996405 -0.900912561149
2018-01-12 11:17:15.858315 0xFFFFFFFFFFFFFFFFFFFFFFFFFFFFFFFFFFFFFFFF 0xFFFFFFFFFFFFFFFFFFFFFFFFFFFFFFFFFFFFFFFF -0.841106768316 0.207782173153 -1.06682905877 -58.9322793295 -0.887902297256 -0.598185137006 -0.95190398466 -0.73153272676 -0.571263569732 -0.618970683208 -0.932463517885 -0.789765938015 -0.841554569519 -3.23097673518 -3.57094161272 -1.06368404686
2018-01-12 11:17:20.873185 0xFFFFFFFFFFFFFFFFFFFFFFFFFFFFFFFFFFFFFFFF 0xFFFFFFFFFFFFFFFFFFFFFFFFFFFFFFFFFFFFFFFF -0.386217170946 -1.09095139708 0.385214142775 -48.2672039343 0.0243482181913 -0.164116689721 -0.19249568444 -0.142398106739 -0.0869255331393 -0.198368931515 -0.559595071477 -0.660236666229 -0.386789959013 -1.34272162969 -1.43898813267 -0.562908614742
2018-01-12 11:17:25.881928 0xFFFFFFFFFFFFFFFFFFFFFFFFFFFFFFFFFFFFFFFF 0xFFFFFFFFFFFFFFFFFFFFFFFFFFFFFFFFFFFFFFFF -0.207257859995 -1.10943870769 0.976487628187 -48.2672039343 0.309505132094 -0.0101261805376 -0.13779254417 -0.346891115341 -0.108423566095 -0.198368931515 -0.512938907345 -0.664322763131 -0.206170717626 -0.710783382828 -0.690628951918 -0.488921575782
2018-01-12 11:17:30.897354 0xFFFFFFFFFFFFFFFFFFFFFFFFFFFFFFFFFFFFFFFF 0xFFFFFFFFFFFFFFFFFFFFFFFFFFFFFFFFFFFFFFFF -0.815719517228 -0.850616359174 -0.934259319408 -43.2153261156 -0.811832496989 -0.566339899707 -0.556110675647 -0.81917258759 -0.320874715305 -0.439882346112 -0.918466668646 -0.807472357923 -0.816317360448 -2.88205232747 -3.14455091671 -1.05823237031
2018-01-12 11:17:35.907276 0xFFFFFFFFFFFFFFFFFFFFFFFFFFFFFFFFFFFFFFFF 0xFFFFFFFFFFFFFFFFFFFFFFFFFFFFFFFFFFFFFFFF 1.37008118304 1.54811219226 0.0864654343561 -42.878534261 -0.68015709851 -0.537184363302 -1.1610630504 -1.13564986281 -0.721243964353 -0.700737301116 -0.786210725831 -0.784045402352 1.37486620356 -2.25602004553 -2.43389975669 -0.902470183022
2018-01-12 11:17:40.921207 0xFFFFFFFFFFFFFFFFFFFFFFFFFFFFFFFFFFFFFFFF 0xFFFFFFFFFFFFFFFFFFFFFFFFFFFFFFFFFFFFFFFF 1.93609202698 -0.231291453795 2.26172946753 -5.49463840199 2.75849980444 0.492909482794 -1.14175605971 -1.56119007595 -0.279143239568 -0.481840185089 1.72655697098 -0.306108268077 1.934043581 1.19259099286 1.11065419245 0.949542223789
2018-01-12 11:17:44.834805 0xFFFFFFFFFFFFFFFFFFFFFFFFFFFFFFFFFFFFFFFF 0xFFFFFFFFFFFFFFFFFFFFFFFFFFFFFFFFFFFFFFFF 0.0965567841782 -0.487802888486 0.322974828521 -47.9304120798 0.896592896012 -0.0429774891634 -1.04200327452 -1.58650825796 -0.0881901233131 -0.373363820906 0.364958711624 -0.720710900375 0.0981603329308 -1.84756351139 -2.22795595114 -0.108861838808
