number of threads 160
reads 4359256
long reads 0
extra reads 0
read_length 101
kmer 60
kmers 21358992 21002905
merge bubble 63
contigs: 46968 n50: 266 max: 8310 mean: 118 total length: 5562158 n80: 60
aligned 179619 reads
confirmed bases: 2090918 correct reads: 85074 bases: 3789
kmer 20
kmers 49539281 49523169
merge bubble 12737
contigs: 285138 n50: 349 max: 6768 mean: 121 total length: 34637364 n80: 223
aligned 871363 reads
confirmed bases: 8060240 correct reads: 101687 bases: 1168
distance mean -nan sd -nan
invalid insert distance
kmer 40
kmers 36545627 36836552
merge bubble 91
contigs: 188497 n50: 390 max: 9579 mean: 174 total length: 32802840 n80: 246
aligned 873085 reads
confirmed bases: 8438653 correct reads: 113896 bases: 233
distance mean -nan sd -nan
invalid insert distance
kmer 60
kmers 33123187 33111606
merge bubble 14
contigs: 100624 n50: 444 max: 20308 mean: 282 total length: 28441833 n80: 287
aligned 842194 reads
confirmed bases: 8291728 correct reads: 115313 bases: 48
distance mean -nan sd -nan
invalid insert distance
kmer 80
kmers 24349786 24210880
merge bubble 2
contigs: 53398 n50: 503 max: 20328 mean: 451 total length: 24116808 n80: 339
aligned 802256 reads
confirmed bases: 8035757 correct reads: 114941 bases: 27
distance mean -nan sd -nan
invalid insert distance
kmer 100
kmers 19082593 18975933
merge bubble 0
contigs: 40926 n50: 539 max: 20328 mean: 536 total length: 21945064 n80: 370
reads 4359256
aligned 763199 reads
distance mean -nan sd -nan
invalid insert distance
