number of threads 160
reads 4359256
long reads 0
extra reads 0
read_length 101
kmer 60
kmers 21358992 21002905
merge bubble 63
contigs: 46968 n50: 266 max: 8310 mean: 118 total length: 5562158 n80: 60
aligned 179631 reads
confirmed bases: 2090915 correct reads: 85074 bases: 3797
kmer 20
kmers 49539227 49523114
merge bubble 12737
contigs: 285138 n50: 349 max: 6768 mean: 121 total length: 34637364 n80: 223
aligned 871352 reads
confirmed bases: 8060049 correct reads: 101683 bases: 1175
distance mean -nan sd -nan
invalid insert distance
kmer 40
kmers 36545545 36836470
merge bubble 92
contigs: 188500 n50: 390 max: 9579 mean: 174 total length: 32803448 n80: 246
aligned 873085 reads
confirmed bases: 8438794 correct reads: 113882 bases: 233
distance mean -nan sd -nan
invalid insert distance
kmer 60
kmers 33123645 33112065
merge bubble 14
contigs: 100628 n50: 444 max: 20308 mean: 282 total length: 28442813 n80: 287
aligned 842210 reads
confirmed bases: 8291780 correct reads: 115285 bases: 49
distance mean -nan sd -nan
invalid insert distance
kmer 80
kmers 24350430 24211520
merge bubble 2
contigs: 53400 n50: 503 max: 20328 mean: 451 total length: 24117497 n80: 339
aligned 802281 reads
confirmed bases: 8035945 correct reads: 114953 bases: 25
distance mean -nan sd -nan
invalid insert distance
kmer 100
kmers 19083076 18976418
merge bubble 0
contigs: 40925 n50: 539 max: 20328 mean: 536 total length: 21944870 n80: 370
reads 4359256
aligned 763179 reads
distance mean -nan sd -nan
invalid insert distance
