503.0Gb memory in total.
Using: 453.403Gb.
MEGAHIT v1.1.1
--- [Mon Jan  8 10:51:51 2018] Start assembly. Number of CPU threads 160 ---
--- [Mon Jan  8 10:51:51 2018] Available memory: 540930650112, used: 486837585100
--- [Mon Jan  8 10:51:51 2018] Converting reads to binaries ---
    [read_lib_functions-inl.h  : 209]     Lib 0 (/scratch/shofmeyr/hipmer_metagenome_data/SYNTHbbqc_25perc.fq): interleaved, 36327152 reads, 101 max length
    [utils.h                   : 126]     Real: 58.8943	user: 31.8400	sys: 3.9760	maxrss: 157016
--- [Mon Jan  8 10:52:50 2018] k-max reset to: 119 ---
--- [Mon Jan  8 10:52:50 2018] k list: 21,29,39,59,79,99,119 ---
--- [Mon Jan  8 10:52:50 2018] Extracting solid (k+1)-mers for k = 21 ---
--- [Mon Jan  8 10:53:24 2018] Building graph for k = 21 ---
--- [Mon Jan  8 10:53:52 2018] Assembling contigs from SdBG for k = 21 ---
--- [Mon Jan  8 10:54:43 2018] Local assembling k = 21 ---
--- [Mon Jan  8 10:55:10 2018] Extracting iterative edges from k = 21 to 29 ---
--- [Mon Jan  8 10:55:34 2018] Building graph for k = 29 ---
--- [Mon Jan  8 10:55:51 2018] Assembling contigs from SdBG for k = 29 ---
--- [Mon Jan  8 10:56:29 2018] Local assembling k = 29 ---
--- [Mon Jan  8 10:56:57 2018] Extracting iterative edges from k = 29 to 39 ---
--- [Mon Jan  8 10:57:19 2018] Building graph for k = 39 ---
--- [Mon Jan  8 10:57:34 2018] Assembling contigs from SdBG for k = 39 ---
--- [Mon Jan  8 10:58:09 2018] Local assembling k = 39 ---
--- [Mon Jan  8 10:58:39 2018] Extracting iterative edges from k = 39 to 59 ---
--- [Mon Jan  8 10:58:59 2018] Building graph for k = 59 ---
--- [Mon Jan  8 10:59:19 2018] Assembling contigs from SdBG for k = 59 ---
--- [Mon Jan  8 10:59:51 2018] Local assembling k = 59 ---
--- [Mon Jan  8 11:00:17 2018] Extracting iterative edges from k = 59 to 79 ---
--- [Mon Jan  8 11:00:30 2018] Building graph for k = 79 ---
--- [Mon Jan  8 11:00:44 2018] Assembling contigs from SdBG for k = 79 ---
--- [Mon Jan  8 11:01:10 2018] Local assembling k = 79 ---
--- [Mon Jan  8 11:01:35 2018] Extracting iterative edges from k = 79 to 99 ---
--- [Mon Jan  8 11:01:43 2018] Building graph for k = 99 ---
--- [Mon Jan  8 11:01:55 2018] Assembling contigs from SdBG for k = 99 ---
--- [Mon Jan  8 11:02:20 2018] Local assembling k = 99 ---
--- [Mon Jan  8 11:02:40 2018] Extracting iterative edges from k = 99 to 119 ---
--- [Mon Jan  8 11:02:45 2018] Building graph for k = 119 ---
--- [Mon Jan  8 11:02:56 2018] Assembling contigs from SdBG for k = 119 ---
--- [Mon Jan  8 11:03:20 2018] Merging to output final contigs ---
--- [STAT] 57803 contigs, total 191906269 bp, min 200 bp, max 708009 bp, avg 3320 bp, N50 15302 bp
--- [Mon Jan  8 11:03:21 2018] ALL DONE. Time elapsed: 689.918740 seconds ---
