Date Time Prediction All_Predictions EXEC IPC FREQ AFREQ L3MISS_Rate L2MISS_Rate L3HIT L2HIT L3MPI L2MPI READ_Rate WRITE_Rate INST_Rate POWER_Total POWER_Proc POWER_DRAM
2018-01-19 15:06:16.750494 1700000 1700000 -1.10167159562 6.76231789981 -2.30293853861 2.29407442728 -0.99332557723 -0.592414233625 0.508247985242 2.97184499642 -0.760072642273 -0.656773348545 -1.08498699153 -0.897402646581 -1.10107634108 -0.251148556728 -0.0684813234299 -0.778455582189
2018-01-19 15:06:21.753157 1700000 1700000 -1.11483034467 6.91853516391 -2.30877546317 2.29407442728 -0.99401888441 -0.593050915619 0.0779031294832 3.07217705166 -0.759931857597 -0.660746783728 -1.08428474388 -0.8999402679 -1.11403202563 -0.251148556728 -0.0570150800543 -0.816527066123
2018-01-19 15:06:26.765091 1700000 1700000 -1.14118896386 6.52799200365 -2.31867940613 -0.0811753606866 -0.994520425774 -0.593223350326 0.131183921149 2.77118088595 -0.748669083516 -0.652175516406 -1.08337273395 -0.903835516623 -1.14043228848 -1.58295761305 -1.55909296225 -1.16297756992
2018-01-19 15:06:31.776867 1700000 1700000 -1.12922272645 7.035698112 -2.31472536046 -0.0919965442308 -0.994690064765 -0.593374230695 -0.0573481108983 3.10562107007 -0.759227934217 -0.661144127246 -1.08706637418 -0.902477889218 -1.12845439145 -1.49264936155 -1.46048326922 -1.12871323438
2018-01-19 15:06:36.788799 1700000 1700000 -1.12922272645 7.035698112 -2.31480067561 -0.0919965442308 -0.994778572065 -0.593414023319 -0.0737422006415 3.13349108542 -0.759931857597 -0.661768524203 -1.08715757517 -0.902858532416 -1.12845439145 -1.52763192634 -1.50176174537 -1.1317589531
2018-01-19 15:06:41.798791 1700000 1700000 -1.12922272645 7.035698112 -2.31483833319 -0.0865859524587 -0.994793323281 -0.593385836877 0.0123267705103 3.11676907621 -0.760072642273 -0.661314417325 -1.08714845507 -0.902477889218 -1.12845439145 -1.49702218215 -1.46506976657 -1.13099752342
2018-01-19 15:06:46.810106 1700000 1700000 -1.12922272645 7.035698112 -2.31487599077 -0.0865859524587 -0.994808074498 -0.593427287528 -0.0819392455131 3.13906508849 -0.760213426949 -0.661995577642 -1.08715757517 -0.902477889218 -1.12845439145 -1.50253573855 -1.4719495126 -1.13023609374
2018-01-19 15:06:51.822047 1700000 1700000 -1.12922272645 7.035698112 -2.31468770288 -0.0919965442308 -0.994719567199 -0.593284697289 0.163972100635 3.04988103939 -0.759509503569 -0.659668279892 -1.08712109477 -0.902224127086 -1.12820994457 -1.51014064394 -1.4811225073 -1.13023609374
2018-01-19 15:06:56.832796 1700000 1700000 -1.14875524457 6.13744884338 -2.32124012141 -0.0919965442308 -0.994077889277 -0.593070811932 0.0861001743548 2.42559269569 -0.732760415126 -0.641333714695 -1.08200471905 -0.904787124618 -1.14801014171 -1.63619195077 -1.60725118443 -1.21627764743
2018-01-19 15:07:01.845579 1700000 1700000 -1.16170838817 5.27825389079 -2.32613560653 -0.0865859524587 -0.99553825972 -0.593412365293 0.64759774806 2.11344852384 -0.733041984478 -0.629981042746 -1.08218712103 -0.907844958306 -1.16094138157 -1.68353248682 -1.64394316323 -1.28404488883
2018-01-19 15:07:06.859393 1700000 1700000 -1.1321012028 6.87948084789 -2.31559148475 -0.0865859524587 -0.994815450106 -0.593307909654 0.200858802557 3.01643702097 -0.758805580189 -0.658873592856 -1.08651916822 -0.903340680466 -1.13114330711 -1.57744405664 -1.55909296225 -1.14089610924
2018-01-19 15:07:11.873957 1700000 1700000 -1.12922272645 6.91853516391 -2.31449941499 -0.0865859524587 -0.99475644524 -0.593311225706 0.147578010892 3.06660304859 -0.759791072921 -0.660065623411 -1.08712109477 -0.902985413482 -1.12845439145 -1.59208349951 -1.57973220033 -1.13099752342
2018-01-19 15:07:16.889560 1700000 1700000 -1.11030702469 5.12203662668 -2.29969998692 -0.0919965442308 -0.991371041031 -0.589181082871 1.34844508458 1.7455643213 -0.743741619855 -0.614711698975 -1.08319033196 -0.894103738867 -1.10938753494 -1.63790305448 -1.63935666588 -1.11653035952
2018-01-19 15:07:22.099643 1700000 1700000 -1.10167159562 5.0048736786 -2.29461621392 -0.0865859524587 -0.986717032196 -0.587390414761 1.00826772241 0.959629888609 -0.719808224932 -0.602223759831 -1.0771710664 -0.887252161308 -1.1008318942 -1.65007090311 -1.65999590395 -1.09673318788
2018-01-19 15:07:27.302728 1700000 1700000 -0.0888591296167 2.23201724069 -1.39685955955 -0.0865859524587 -0.710500501456 -0.347341406482 1.34844508458 1.32751409115 -0.663635139202 -0.49153520833 -0.81770424029 -0.589589180665 -0.0729327710314 -0.844331177101 -0.848185872966 -0.565255272159
2018-01-19 15:07:32.529765 1700000 1700000 0.462163486886 1.88833925965 -0.786806799441 -0.0865859524587 0.580968511426 0.148408375777 0.459065716013 0.831427818028 -0.35264178988 -0.314433525927 0.264851550893 -0.266042462575 0.530851018321 -0.174339012295 -0.318445429017 0.359120357756
2018-01-19 15:07:37.777474 1800000 1800000 0.244221705732 1.3767277197 -0.786806799441 -0.0865859524587 1.46604150712 0.309236900456 -0.0901362903847 0.329767541842 -0.0105350271595 -0.167984057787 0.957979100429 -0.145505449953 0.30351542152 -0.0382112058254 -0.270287206839 0.744403775167
2018-01-19 15:07:42.961915 1800000 1800000 0.170203742321 1.20879416079 -0.786806799441 -0.0865859524587 1.72418779753 0.329133212788 -0.295062412175 0.151399443642 0.113355487735 -0.130520240356 1.17686148449 -0.0389253545819 0.235070295602 0.104761015495 -0.144158529708 0.89821257026
2018-01-19 15:07:48.146656 1800000 1800000 0.305903341908 1.33767340368 -0.700194370538 0.162301269059 1.48816833201 0.261154145655 -0.258175710253 0.357637557185 -0.0358762688425 -0.215665279972 0.976219299101 -0.104903508859 0.369516078656 0.0827067898659 -0.132692286333 0.771815243599
2018-01-19 15:07:53.233239 1800000 1800000 0.219549051262 1.15802354995 -0.703960128316 0.167711860831 1.84219753029 0.330791238815 -0.413919562813 0.190417465123 0.131657495618 -0.1430081795 1.27718257719 -0.0592263251287 0.269292858561 0.194879144359 -0.0386690906535 0.908872585761
2018-01-19 15:07:58.278322 1800000 1800000 -0.23278294736 1.06429319149 -1.19727439729 0.167711860831 1.47341711542 0.22965165113 -0.344244681405 -0.205336752757 0.39914838005 0.0312553349153 0.985339398437 0.0498913915606 -0.204934085303 -0.148102088702 -0.433107862772 0.844912492752
2018-01-19 15:08:03.294173 1700000 1700000 -0.676890727825 1.43140376214 -1.79602988406 0.167711860831 0.116305188687 -0.239569714686 -0.47539739935 -0.28337279572 0.23724600263 -0.0936240565221 -0.109072521883 -0.348515155421 -0.669383154035 -0.936920900217 -1.16694743881 0.122315727687
2018-01-19 15:08:08.308251 2101000 2101000 -1.04492449034 1.84537951203 -2.20725063346 0.140658901971 -0.897840952212 -0.543817490755 0.610711046138 0.430099597079 -0.441336135771 -0.363817648905 -0.945385630994 -0.617503015167 -1.04314243093 -1.50196537065 -1.60495793575 -0.686322591069
2018-01-19 15:08:13.403118 1800000 1800000 -0.302688801692 0.775291252889 -1.17091409284 -0.0919965442308 -0.658871243374 -0.444833336906 0.332011520503 0.385507572529 -0.604646359951 -0.535242995333 -0.535893170808 0.454641991838 -0.302712836615 -0.602114940449 -0.749576179937 0.077391376645
2018-01-19 15:08:18.331738 1700000 1700000 -0.376706765103 1.90396098607 -1.58138169069 1.91533300323 -0.878664370638 -0.557413304182 -0.545072280759 1.478012174 -0.715866254004 -0.639857867342 -0.975481958803 -0.749459323721 -0.373602431316 -0.00265827313003 0.183776030832 -0.620839638703
2018-01-19 15:08:23.345198 1700000 1700000 -1.11935366466 3.52080966958 -2.29536936548 0.205586003236 -0.975358595418 -0.585102338843 0.233646982044 0.630763707554 -0.611685593752 -0.547163300879 -1.04598032667 -0.817086931855 -1.11867651631 -1.56641694382 -1.61183768178 -0.92160436178
2018-01-19 15:08:28.358833 1700000 1700000 -1.09221374474 3.59891830163 -2.27880003125 -0.102817727775 -0.971154498688 -0.582466077459 0.389390834604 0.452395609354 -0.642658222475 -0.56248940801 -1.01433358197 -0.765953862291 -1.09154291282 -1.68904604323 -1.75172585096 -0.948254400534
2018-01-19 15:08:33.372794 1700000 1700000 -1.11195186832 2.81783198109 -2.28407209214 -0.0865859524587 -0.96053362274 -0.581023594815 -0.122924469871 0.37993356946 -0.527214788141 -0.510267117045 -1.02135605846 -0.730427163834 -1.11134310997 -1.55691081209 -1.61642417913 -0.868304284273
2018-01-19 15:08:38.627337 2101000 2101000 -1.17751122335 -1.72145117071 -2.31427346952 -0.0919965442308 -0.990788367976 -0.592463974406 -0.766392492292 -1.00799319466 2.1293920483 0.837295043284 -0.999194217076 -0.653029713624 -1.17677420587 -1.57554283029 -1.6554094066 -0.813481347408
2018-01-19 15:08:43.633540 1800000 1800000 -1.16705412997 -1.53164719482 -2.22494969502 -0.0919965442308 -0.983176740213 -0.590424602392 -0.88524964293 -0.316816814132 -0.225935581465 -0.398443298349 -0.893401064779 -0.38150423256 -1.16597698726 -1.36507707364 -1.4719495126 -0.579722436054
2018-01-19 15:08:48.644902 1800000 1800000 -0.216334511046 1.35329513009 -1.28012106841 1.75301525007 -0.533485902318 -0.46124779458 -0.790983626907 0.391081575598 -0.563818803906 -0.5647599424 -0.753863544938 -0.357396830035 -0.197600678954 0.281004697894 0.422273893043 -0.27667342394
2018-01-19 15:08:53.709225 1700000 1700000 -0.990644650505 4.96581936257 -2.23700011991 0.173122452604 -0.908904364658 -0.567361460347 -0.594254549988 0.536005655385 -0.565226650666 -0.557948339231 -0.99007411774 -0.777373158223 -0.989608564582 -1.46717292849 -1.5453334702 -0.744952676327
2018-01-19 15:08:58.725191 1900000 1900000 -0.705675491374 4.4190589382 -2.06791759566 0.167711860831 -0.837360964173 -0.42526862978 1.54927268394 -1.37699219781 -0.627171908113 -0.379143756036 -0.950857690595 -0.731695974493 -0.703605716994 -1.31127236801 -1.35499383017 -0.752566973114
2018-01-19 15:09:03.739193 2100000 2100000 -1.05726081757 3.63797261766 -2.25620548458 -0.0811753606866 -0.947552552136 -0.506014497325 1.89764709098 -0.667979007463 -0.594791432629 -0.0709187126244 -1.03147936873 -0.864921093706 -1.05560922172 -1.65710544059 -1.68751488806 -1.03353452455
2018-01-19 15:09:08.747403 2100000 2100000 -1.15702058382 2.23201724069 -2.31593040295 0.416599082349 -0.99272077735 -0.589297144693 1.56976529612 0.279601514223 -0.68348577852 -0.480750169978 -1.07835667931 -0.907185176764 -1.15624800151 -1.73828780562 -1.73337986156 -1.20637906161
2018-01-19 15:09:14.061030 1800000 1800000 -0.269791929065 0.654222873206 -1.06547287504 0.941426484246 0.145807621877 -0.201435116051 -0.27047127756 -0.734867044288 -0.197778646262 -0.317271693915 -0.172913217235 -0.405611635084 -0.268490273655 0.24469127466 0.270919480486 0.0804370953597
2018-01-19 15:09:19.385151 1700000 1700000 1.36682748413 0.763574958081 1.0734775431 0.941426484246 1.39966103244 0.407060436086 0.213154369865 0.519283646179 -0.359681023681 -0.359276580125 0.912378603749 -0.215290036208 1.46219362457 1.92119266775 2.02984121429 0.954558366482
2018-01-19 15:09:24.693444 1700000 1700000 0.963840794448 0.650317441603 0.659244187472 0.194764819692 2.24785598665 0.59275935118 -0.0983333352563 0.324193538773 -0.118939227692 -0.241208791857 1.55078555727 -0.215290036208 1.09552330715 0.787111151558 0.575921554275 1.24009449599
2018-01-19 15:09:29.878543 1500000 1500000 0.770571667765 0.505816472304 0.550037211898 -0.0811753606866 2.57975836003 0.607681585428 -0.323752069225 0.123529428298 0.0232532950846 -0.19182466888 1.78790814 -0.0503446505145 0.890187929392 0.57797625335 0.270919480486 1.41522332208
2018-01-19 15:09:35.091843 1500000 1500000 0.601975195551 0.704993484041 0.105677794044 -0.0865859524587 2.43962180238 0.552966726517 -0.340146158969 -0.0269686545577 0.0781593187312 -0.161172454618 1.70582724598 0.146321001658 0.679963614071 0.526643141971 0.209001766258 1.41522332208
2018-01-19 15:09:40.321039 1800000 1800000 0.231885378497 1.75946001677 -0.960031657249 -0.589770987267 1.30377812458 0.206439286744 -0.233584575638 0.329767541842 -0.0499547364442 -0.219638715155 0.912378603749 0.08161165804 0.283959671258 -0.103233146905 -0.423934868072 0.994152709773
2018-01-19 15:09:45.505116 1800000 1800000 0.112634215224 1.47436350977 -0.967563172806 -0.606002762583 1.49554394031 0.232967703186 -0.356540248712 0.285175517292 0.0753436252108 -0.165713523397 1.0765403918 0.0689235514482 0.173958576032 -0.120914551935 -0.435401111447 0.96141123359
2018-01-19 15:09:50.575207 1800000 1800000 0.0961857789104 0.521438198714 -0.459185872719 0.151480085515 1.35540738266 0.218045468937 -0.245880142945 -0.10500469752 0.0387396094464 -0.16741642419 1.04918009379 0.530770631389 0.154402825769 0.184422399449 -0.139572032358 1.20202301205
2018-01-19 15:09:55.590007 1800000 1800000 -0.463061055749 1.77898717478 -1.63786805736 0.167711860831 0.315446612718 -0.15335236125 -0.331949114097 -0.266650786514 0.0528180770481 -0.175363294554 0.0186088688211 -0.392923528492 -0.444492026017 -0.812960942369 -1.05228500505 0.238053038846
2018-01-19 15:10:00.607477 1700000 1700000 -0.565863782709 3.44270103752 -1.92406564852 0.167711860831 -0.506196151617 -0.335735224289 0.663991837803 -0.517480924607 -0.414587047328 -0.328624365864 -0.675430690648 -0.666986630875 -0.559382058809 -1.27952188801 -1.39856555499 -0.480736577826
2018-01-19 15:10:05.622217 2100000 2100000 -1.01984062496 3.05215787726 -2.22005420991 0.0865529842495 -0.931326213882 -0.494408315132 1.80747959739 -0.550924943019 -0.590567892349 -0.152657950656 -1.02190326442 -0.850583533258 -1.0186977431 -1.71528296682 -1.76777859168 -1.00003161868
2018-01-19 15:10:10.639110 2100000 2100000 -1.17595273401 -0.021416794059 -2.3295624461 -0.297599031572 -0.996061927909 -0.592992884708 1.52468154932 -0.673553010532 -0.544108949263 -0.232694287896 -1.08209592004 -0.911752895137 -1.17521707926 -2.0287951915 -2.05902117342 -1.2886134669
2018-01-19 15:10:15.668697 1800000 1800000 -0.495957928376 1.13459096034 -1.53242683957 0.941426484246 -0.465630305981 -0.428584681835 -0.536875235887 1.13242398374 -0.421626281129 -0.474506200406 -0.63530225357 -0.467783357384 -0.495825870456 -0.519601716974 -0.515664815076 -0.36880641506
2018-01-19 15:10:20.695888 1900000 1900000 0.474499814121 1.45093092015 -0.57592436385 0.941426484246 0.536714861641 -0.140088153029 -0.692619088448 -0.32796482027 -0.35264178988 -0.448962688521 0.128050060853 -0.130279722043 0.479517173882 0.702316456466 0.706636728757 0.466481942449
2018-01-19 15:10:25.719393 1900000 1900000 0.758235340529 1.58762102625 -0.353744654923 0.173122452604 0.603095336318 -0.101953554394 -0.573761937809 -0.305668807995 -0.401916426486 -0.466559330042 0.182770656869 -0.0769896743572 0.76552002147 -0.169966191697 -0.371190148544 0.551762066461
2018-01-19 15:10:31.001109 1700000 1700000 -0.479509492063 2.93499492917 -1.81862443073 0.422009674122 -0.669934655821 -0.476501634034 -0.139318559614 -0.294520801857 -0.568042344186 -0.53808116332 -0.828648359493 -0.725351921197 -0.476270120194 -1.25480594549 -1.31142210534 -0.671093997495
2018-01-19 15:10:35.879757 1700000 1700000 1.82738370091 7.30907832418 -1.16714833506 0.427420265894 -0.908166803828 -0.51828388993 1.34024803971 0.240583492742 -0.771377651757 -0.657624798942 -1.01022953727 -0.80325689567 1.90219800547 -0.412372550983 -0.249647968763 -0.822618503552
2018-01-19 15:10:41.103868 1700000 1700000 1.49430286556 4.22378735806 -0.779275283884 -0.0703541771423 -0.359421546498 -0.141746179057 1.11892782818 -0.0269686545577 -0.672082219763 -0.534675361735 -0.476612525124 -0.475396221339 1.46219362457 -0.421498437451 -0.407882127346 -0.333780649841
2018-01-19 15:10:46.338427 1700000 1700000 0.996737667075 3.13026650931 -0.79057255722 -0.0865859524587 -0.0607094104516 0.00416011137392 0.971381020488 -0.350260832545 -0.590567892349 -0.456909558886 -0.232193862919 -0.372622557946 1.08574543202 -0.147911966067 -0.18085050851 0.0081012758853
2018-01-19 15:10:51.511179 1700000 1700000 0.869262285646 2.89594061315 -0.801869830555 -0.0865859524587 0.0130466725229 -0.0737671119243 0.627105135881 -0.216484758895 -0.565226650666 -0.475073834004 -0.227633813251 -0.326945374215 0.965966461659 -0.157608220439 -0.203782995261 0.0454113301405
2018-01-19 15:10:56.710862 1700000 1700000 0.696553704354 2.42728882083 -0.786806799441 -0.0865859524587 -0.746640982114 -0.481973119925 0.364799699989 0.764539781204 -0.724735688593 -0.629924279386 -0.904345183982 -0.787523643497 0.767964490252 -0.563520045598 -0.462920095548 -0.719825496931
2018-01-19 15:11:01.894655 1700000 1700000 0.914495485508 2.93499492917 -0.786806799441 -0.0865859524587 -0.793107314388 -0.500211406229 0.418080491655 0.725521759722 -0.740785141659 -0.641844584933 -0.923497392587 -0.827744941392 0.985522211922 -0.488991972781 -0.362017153844 -0.756374121507
2018-01-19 15:11:06.910652 1700000 1700000 1.5436481745 4.92676504654 -0.911076806129 -0.0865859524587 -0.822609747578 -0.530553282534 -0.102431857692 2.00754246553 -0.755989886669 -0.659384463094 -0.913465283318 -0.764685051631 1.65775112719 -0.484619152183 -0.345964413118 -0.792161316405
2018-01-19 15:11:11.925341 1700000 1700000 0.227773269419 4.38000462217 -1.53619259735 -0.0865859524587 -0.801958044345 -0.51828388993 0.0492134724325 0.519283646179 -0.721216071693 -0.633954477928 -0.936265531658 -0.809727830032 0.257070514647 -1.1251423086 -1.09585672988 -0.867542854594
2018-01-19 15:11:16.940743 1500000 1500000 -1.17542638405 -1.36097983378 -2.3139722089 -0.097407136003 -0.962746305229 -0.583328250993 -0.471298876914 -1.65167906903 4.35378992936 2.26205537287 -1.06367331938 -0.869488812079 -1.17467929613 -1.77650245521 -1.83428280326 -1.0243973684
2018-01-19 15:11:21.958425 2100000 2100000 -1.16894570014 -0.247931827015 -2.31382157859 -0.102817727775 -0.969384352697 -0.586047413679 -0.676224998705 -1.56929530368 0.56949783803 0.0426080068642 -1.06941898196 -0.887886566637 -1.16817700917 -1.79551471868 -1.84574904664 -1.06246885234
2018-01-19 15:11:26.970793 2101000 2101000 -1.15393650201 0.349599208196 -2.29536936548 -0.606002762583 -0.962230012648 -0.583891979843 -0.672126476269 -1.01356719772 -0.120347074453 -0.322380396292 -1.06239650547 -0.899432743636 -1.15314352615 -1.88316125329 -1.94435873967 -1.08607317237
2018-01-19 15:11:31.983383 1800000 1800000 -1.10989581378 0.361315503004 -2.22607942235 0.919784117158 -0.93449772545 -0.567858868156 0.237745504479 0.207139474329 -0.359681023681 -0.355870778541 -1.03996106111 -0.883572610396 -1.10889864118 -0.983310823092 -0.92156983057 -0.878202870096
2018-01-19 15:11:36.998779 1800000 1800000 -1.08193347205 1.11896923393 -2.22043078569 2.40228626272 -0.972555864265 -0.569682696786 1.49189336984 1.36095810956 -0.66476141661 -0.463721162055 -1.06495013329 -0.888647853033 -1.08127614394 -0.780640094465 -0.689951714384 -0.83556280809
2018-01-19 15:11:42.013837 2101000 2101000 -1.10783975924 1.25956477162 -2.25469918147 0.162301269059 -0.980447765143 -0.575485787883 1.59025790829 1.38325412183 -0.673067712495 -0.455206658093 -1.07771827236 -0.897529527647 -1.10718751303 -1.74304087149 -1.77465833771 -1.08835746141
2018-01-19 15:11:47.027386 2101000 2101000 -1.09632585382 1.07210405469 -2.23587039258 0.162301269059 -0.977792546156 -0.571340722814 1.63534165509 1.41112413718 -0.673771635875 -0.443286352547 -1.07507344355 -0.894230619933 -1.09545406288 -1.7398087867 -1.76777859168 -1.09825604723
2018-01-19 15:11:52.040995 1800000 1800000 -1.0535599194 0.962751969818 -2.17900745012 2.02354483867 -0.974030985924 -0.560563553634 1.77878994034 1.42227214331 -0.697423461446 -0.451800856509 -1.07215501176 -0.890551069022 -1.05292030606 -0.884637175664 -0.800027650789 -0.886578596561
2018-01-19 15:11:57.067520 1800000 1800000 -1.08398952658 0.720615210451 -2.20574433035 2.40228626272 -0.966212841129 -0.570014301992 1.23778497882 1.02094392237 -0.631395448394 -0.463721162055 -1.06604454521 -0.892961809274 -1.08323171896 -0.687099758175 -0.59363527003 -0.780739871225
2018-01-19 15:12:02.076027 1800000 1800000 -1.07987741751 -1.53633371274 -1.38556228621 0.167711860831 -0.957730891587 -0.568356275964 1.01236624485 -0.171892734345 -0.59760712615 -0.458044826081 -1.05364121011 -0.900574673229 -1.07907612203 -1.34986726286 -1.32288834871 -1.0137373529
2018-01-19 15:12:07.106882 2100000 2100000 -1.10825097015 -1.72887149075 -0.929905595021 0.167711860831 -0.951461624534 -0.565537631717 0.946789885873 -1.40820661499 -0.479347998296 -0.33600360263 -1.04479471376 -0.900828435361 -1.10743195991 -1.16639892034 -1.0843904865 -1.0708445788
2018-01-19 15:12:12.123709 1800000 1800000 -1.06877472299 -1.52461741793 -1.30648137286 0.167711860831 -0.950355283289 -0.563548000484 1.01236624485 -0.121726706726 -0.586344352068 -0.444421619742 -1.04716593958 -0.898163932977 -1.06758711875 -1.30632917951 -1.24950439111 -1.08302745366
2018-01-19 15:12:17.147428 1800000 1800000 -1.07165319935 -1.66794675775 -0.7416177061 0.936015892474 -0.931252457799 -0.554594659935 0.885312049336 -0.918809145556 -0.496242159418 -0.36722345049 -1.02728412303 -0.895626311658 -1.07076492817 0.030993433218 0.273212729161 -0.783024160261
2018-01-19 15:12:22.176153 2100000 2100000 -1.11030702469 -1.75699059829 -0.711491643873 0.173122452604 -0.957435867255 -0.565040223909 1.16401157497 -1.55257329447 -0.51313632054 -0.320109861902 -1.04798674852 -0.90273165135 -1.10914308806 -0.986542907882 -0.896344095144 -0.974904439288
2018-01-19 15:12:27.182435 1800000 1800000 -1.09468101019 -1.70934433274 -0.820698619447 0.167711860831 -0.951387868451 -0.563879605689 1.02466181215 -1.40764921468 -0.530030481662 -0.376305588049 -1.04379150283 -0.901716602823 -1.09349848785 -1.06848576345 -0.967434804072 -1.06703743041
2018-01-19 15:12:32.197024 1500000 1500000 -1.11935366466 -1.7421499582 -1.05794135949 0.930605300702 -0.948437625132 -0.565206026511 0.873016482029 -1.43830623156 -0.399100732966 -0.266752303742 -1.04333549786 -0.899432743636 -1.11843206944 -0.169776069062 0.0370081156251 -0.802821331907
2018-01-19 15:12:37.215142 1700000 1700000 -1.14221699113 4.61433051833 -2.31461238772 0.156890677287 -0.987085812611 -0.591187294364 -0.565564892938 1.31079208194 -0.65237236512 -0.605061927818 -1.08018069918 -0.903619818811 -1.14141007599 -1.75501859748 -1.81823006254 -0.991655892219
2018-01-19 15:12:42.229258 1700000 1700000 -1.13917403042 5.590688419 -2.31574211506 -0.606002762583 -0.992875665124 -0.592463974406 0.237745504479 1.7288423121 -0.73121178369 -0.637700859671 -1.08611788385 -0.907109048124 -1.13823226658 -1.88563284754 -1.93518574497 -1.12642894534
2018-01-19 15:12:47.245500 1700000 1700000 -1.13497967916 5.62974273503 -2.31389689375 -0.108228319547 -0.992315118894 -0.592397653364 0.0574105173042 1.87934039495 -0.730367075634 -0.6401984475 -1.08605404315 -0.906322385515 -1.13407666965 -1.79817643556 -1.82969630591 -1.12642894534
2018-01-19 15:12:52.261655 1700000 1700000 -1.13777591333 5.16109094271 -2.31385923617 -0.102817727775 -0.991098143524 -0.592066048159 -0.0860377679489 2.10787452077 -0.712768991132 -0.630718966423 -1.08495963123 -0.905535722907 -1.13701003218 -1.80901342574 -1.84345579796 -1.12414465631
2018-01-19 15:12:57.277201 1700000 1700000 -1.13991421005 4.73149346641 -2.31370860586 -0.102817727775 -0.98656952003 -0.59093859046 -0.47539739935 1.26620005739 -0.654202565909 -0.603926660623 -1.07981589521 -0.903619818811 -1.13921005409 -1.80806281257 -1.84574904664 -1.11272321113
2018-01-19 15:13:02.293010 1700000 1700000 -1.13415725734 5.55163410297 -2.31321905735 -0.102817727775 -0.992241362811 -0.592099208679 0.336110042939 1.50588218935 -0.730648644986 -0.635260035202 -1.08419354289 -0.906271633089 -1.13334332901 -1.82270225545 -1.85950853869 -1.12566751567
2018-01-19 15:13:07.309221 1700000 1700000 -1.14279268641 4.73149346641 -2.31529022412 -0.108228319547 -0.992588016401 -0.592281591542 0.311518908324 1.58949223538 -0.722060779749 -0.62901606563 -1.08045430216 -0.906563459541 -1.14189896975 -1.85578359389 -1.89161402014 -1.15155612474
2018-01-19 15:13:12.326510 1700000 1700000 -1.13905066714 5.12203662668 -2.31438644226 -0.108228319547 -0.99142267029 -0.59214894946 -0.0368554987193 2.18033656066 -0.714317622568 -0.630775729783 -1.08373753792 -0.90608131149 -1.13823226658 -1.82897630239 -1.86638828471 -1.1279518047
2018-01-19 15:13:17.342515 2100000 2100000 -1.17034381723 -0.482257723176 -2.31393455132 -0.108228319547 -0.986274495698 -0.588269168556 0.741863764083 -0.718145035082 -0.154135396697 -0.0538897047011 -1.05373241111 -0.801988085011 -1.16959480106 -1.80311962407 -1.87097478206 -1.00916877483
2018-01-19 15:13:22.354800 2101000 2101000 -1.17729739368 -1.68786445893 -2.31385923617 -0.108228319547 -0.989814787681 -0.592248431022 -0.844264418572 -0.667979007463 1.98860737228 0.72944465977 -1.02463929422 -0.665717820216 -1.17655909262 -1.74931491844 -1.85033554399 -0.862212846843
2018-01-19 15:13:27.366781 1500000 1500000 -1.17710823666 -1.69919021057 -2.30949095715 0.908962933613 -0.988192153855 -0.591933406077 -1.02050088331 -0.500758915401 2.1434705159 0.72944465977 -1.01232716012 -0.618771825826 -1.17637086853 -0.982550332553 -0.983487544798 -0.669571138138
2018-01-19 15:13:32.387371 1500000 1500000 -1.17691496754 -1.72418497283 -2.30229835979 2.45639218044 -0.987675861274 -0.591751023214 -0.975417136518 -0.400426860163 1.96045043708 0.655652292103 -1.00794951244 -0.602277287257 -1.17617775549 -0.73748225638 -0.71976394716 -0.563732412802
2018-01-19 15:13:37.407424 2101000 2101000 -1.17730973001 -1.66560349879 -2.31596806052 -0.595181579039 -0.99024994857 -0.592381073104 -0.877052598059 -0.333538823338 1.86190116386 0.649975956128 -1.03120576575 -0.692362844058 -1.17657131497 -1.82897630239 -1.94206549099 -0.876680010738
2018-01-19 15:13:42.484061 2101000 2101000 -1.17738786008 -1.67888196624 -2.31611869084 -0.611413354355 -0.990441714386 -0.592430813885 -0.872954075623 -0.210910755826 1.96045043708 0.701062979898 -1.03074976078 -0.693631654717 -1.17664953797 -1.83753182095 -1.95353173437 -0.872872862345
2018-01-19 15:13:47.495215 1500000 1500000 -0.978719534178 -1.48204821346 -0.64747376164 2.23996850956 -0.854324863257 -0.540335636097 -0.0204614089761 -0.37255684482 -0.455414603373 -0.455206658093 -0.402739720502 0.987542468693 -0.975186198763 0.354962402806 0.328250697364 0.331708889323
2018-01-19 15:13:52.512523 1700000 1700000 0.0961857789104 2.07579997658 -1.18597712395 2.23996850956 -0.660346365034 -0.445993955125 0.323814475631 1.15471999602 -0.661664153738 -0.581221316726 -0.776663793278 -0.339633480807 0.0981800437647 0.389754844962 0.532349829448 -0.206621893502
2018-01-19 15:13:57.526536 1700000 1700000 -1.0116164068 2.54445176891 -2.20009569368 -0.562718028406 -0.957878403753 -0.580393544924 -0.184402306408 1.61736225072 -0.674475559255 -0.608467729403 -1.04798674852 -0.856546943356 -1.01063099611 -1.75768031437 -1.83428280326 -0.949015830213
2018-01-19 15:14:02.542517 2100000 2100000 -1.14406744022 4.06757009395 -2.31385923617 -0.113638911319 -0.991024387441 -0.589164502611 1.29106577048 0.0622153945422 -0.69869052353 -0.551704369659 -1.08629116574 -0.901209078559 -1.14336565102 -1.8251738497 -1.86409503604 -1.12033750792
2018-01-19 15:14:07.560417 2100000 2100000 -1.14423192458 4.06757009395 -2.31400986648 -0.097407136003 -0.991142397174 -0.589230823652 1.29926281535 0.0510673884047 -0.699816800938 -0.552839636854 -1.08652828832 -0.900828435361 -1.14336565102 -1.82099115173 -1.85950853869 -1.11881464856
2018-01-19 15:14:12.587777 1700000 1700000 -0.923617272528 0.919792222188 -2.01180780476 0.941426484246 -0.963557622142 -0.579232926705 0.360701177554 1.41669814025 -0.723046272481 -0.628618722112 -1.05373241111 -0.846269577016 -0.921163438663 -0.761247585722 -0.673898973658 -0.811197058372
2018-01-19 15:14:17.604663 1800000 1800000 -1.09098011202 0.931508516997 -2.22419654346 0.936015892474 -0.985979471366 -0.586926167473 1.00826772241 0.357637557185 -0.724313334565 -0.607332462208 -1.08081910613 -0.892834928208 -1.0895873378 -0.826839894705 -0.751869428612 -0.815004206765
2018-01-19 15:14:22.621961 1700000 1700000 -1.05191507577 0.537059925125 -2.14925796367 -0.0703541771423 -0.976538692745 -0.585234980925 0.319715953196 0.669781729035 -0.708123096823 -0.61811750056 -1.06923657998 -0.873168362991 -1.05096473103 -1.69113739221 -1.74025960758 -0.994701610933
2018-01-19 15:14:27.638655 1700000 1700000 -1.14221699113 3.5598639856 -2.31080897237 0.140658901971 -0.981332838139 -0.587605958145 0.229548459608 0.853723830303 -0.579305118268 -0.522755056189 -1.06440292733 -0.879258654155 -1.14141007599 -1.77954441736 -1.82510980856 -1.06703743041
2018-01-19 15:14:32.654527 1700000 1700000 -1.13127878099 3.59891830163 -2.30376700532 -0.102817727775 -0.974326010256 -0.586097154459 -0.147515604486 0.575023676866 -0.558187416865 -0.531837193748 -1.05063157733 -0.858830802542 -1.13040996647 -1.79760606766 -1.85492204134 -1.04038739165
2018-01-19 15:14:37.669840 1700000 1700000 -0.991878283229 3.5598639856 -2.21252269435 -0.108228319547 -0.889727783084 -0.55791071199 -0.307357979482 0.262879505017 -0.51595201406 -0.515375819422 -0.93170548199 -0.673330684171 -0.990830798973 -1.64132526191 -1.75860559698 -0.734292660826
2018-01-19 15:14:42.685915 1700000 1700000 -1.05150386487 3.24742945739 -2.24679109014 -0.102817727775 -0.914067290466 -0.566532447334 -0.34834320384 0.374359566392 -0.477940151535 -0.495508643512 -0.978217988603 -0.721545489219 -1.05072028415 -1.68486334526 -1.78612458109 -0.817288495801
2018-01-19 15:14:47.685711 2101000 2101000 -1.16923354778 -0.318229595863 -2.31355797555 -0.097407136003 -0.976317424496 -0.588236008035 -0.737702835242 0.201565471261 0.266810784594 -0.127682072369 -1.03649542336 -0.739308838448 -1.16847034542 -1.75501859748 -1.84574904664 -0.900284330777
2018-01-19 15:14:52.770583 2101000 2101000 -1.17710412456 -1.65974535139 -2.31340734524 -0.108228319547 -0.989150982934 -0.591966566597 -0.713111700627 -0.718145035082 1.84782269626 0.706739315873 -1.02582490714 -0.675868305489 -1.17637086853 -1.75406798431 -1.86180178736 -0.843177104876
2018-01-19 15:14:57.782756 1700000 1700000 -0.53707901916 -0.09561999451 -1.0730043906 2.23996850956 -0.393349344666 -0.432563944302 -1.02050088331 -0.361408838682 -0.34982609636 -0.469397498029 -0.700054958856 -0.0414629759002 -0.530048433415 0.14392627825 0.215881512283 -0.140377511457
2018-01-19 15:15:02.799085 1700000 1700000 -0.697451273217 3.13026650931 -1.99486189476 2.348180345 -0.869076079852 -0.557247501579 -0.774589537164 2.13574453611 -0.660537876329 -0.614144065377 -0.933529501857 -0.622578257803 -0.696272310646 -0.38974795745 -0.320738677692 -0.495965171399
2018-01-19 15:15:07.813525 1700000 1700000 -0.982009221441 2.15390860864 -2.16055523701 -0.0919965442308 -0.822609747578 -0.543817490755 -0.766392492292 0.435673600148 -0.369535951002 -0.463153528458 -0.86330473697 -0.611158961871 -0.980808476964 -1.54683431245 -1.66687564998 -0.660433981994
2018-01-19 15:15:12.829925 2101000 2101000 -1.07041956663 2.3882345048 -2.24453163547 -0.0919965442308 -0.877926809808 -0.546636135002 0.102494264098 -1.10275124682 -0.26817098427 -0.309324823551 -0.982778038271 -0.713932625264 -1.06978714066 -1.73999890934 -1.83886930061 -0.862974276522
2018-01-19 15:15:17.838586 1900000 1900000 -0.734460254922 4.65338483436 -2.09126529389 -0.0919965442308 -0.821872186748 -0.365579692786 1.70911505893 -1.14678587107 -0.60183066643 -0.250290929416 -0.940825581326 -0.854516846301 -0.730494873605 -1.56584657592 -1.6187174278 -0.896477182384
2018-01-19 15:15:22.855049 1800000 1800000 -1.16047475544 0.498005609098 -2.30764573583 2.67281585133 -0.957435867255 -0.582880583966 -0.7786880596 0.173695455917 0.242877389671 -0.146413981084 -1.02801373098 -0.845381409555 -1.15971914718 -0.891861835784 -0.829839883566 -0.816527066123
2018-01-19 15:15:27.873274 2100000 2100000 -1.17615422736 0.0645027012001 -2.33016496735 0.302976655135 -0.996334825416 -0.593166977441 1.60665199804 -0.534202933813 -0.576489424747 -0.255399631793 -1.08273432699 -0.911245370873 -1.17541508123 -2.01206439964 -2.02691569197 -1.32820781019
2018-01-19 15:15:32.884325 2100000 2100000 -1.17605553674 0.12308417524 -2.33008965219 0.0973741677937 -0.996408581499 -0.593065837854 1.7173121038 -0.584368961432 -0.59901497291 -0.238938257468 -1.08236952302 -0.911308811406 -1.17531485801 -1.99951630575 -2.0246224433 -1.28556774819
2018-01-19 15:15:37.897040 2100000 2100000 -1.1759938551 0.396464387428 -2.33054154313 0.806161689943 -0.996342201024 -0.593098998374 1.65173574483 -0.439444881644 -0.590567892349 -0.259940700573 -1.08218712103 -0.911029673061 -1.17526596864 -1.19510743819 -1.13025546 -1.03353452455
2018-01-19 15:15:42.908772 1800000 1800000 -0.154652874871 0.576114241152 -0.858356197231 0.941426484246 0.256441746339 -0.155010387278 -0.217190485895 -0.835199099525 -0.213264960624 -0.319542228304 -0.0817122238749 -0.36627850465 -0.153600240864 0.275110896217 0.270919480486 0.202265843948
2018-01-19 15:15:47.924098 1800000 1800000 0.0961857789104 0.826061863724 -0.666302550532 0.941426484246 0.544090469939 -0.04889672151 -0.180303783972 -0.941105157831 -0.223119887945 -0.320677495499 0.109809862181 -0.808205257241 0.100624512548 0.504588916342 0.557575564875 0.169524367765
2018-01-19 15:15:52.940066 1800000 1800000 -0.0847470205383 0.982279127831 -0.982626203919 0.167711860831 0.226939313149 -0.150036309195 -0.114727425 -0.846347105663 -0.26394744399 -0.338841770618 -0.127312720555 -0.87228019553 -0.0827106461626 -0.700218219972 -0.81837364019 -0.0870774339494
2018-01-19 15:15:57.954475 1700000 1700000 -0.241007165517 1.61105361586 -1.38179652843 0.167711860831 -0.301891801778 -0.281020365377 0.372996744861 -0.378130847888 -0.439928289011 -0.399578565544 -0.539541210542 -0.59720204462 -0.236712179479 -0.940533230276 -1.038525513 -0.318552056267
2018-01-19 15:16:03.033096 2101000 2101000 -1.17735907532 -1.71051596222 -2.31265419368 0.167711860831 -0.989224739017 -0.591999727118 -0.737702835242 -1.06930722841 2.36872599753 0.967850770696 -1.02372728429 -0.669524252193 -1.17662264881 -1.68885592059 -1.78841782976 -0.825664222267
2018-01-19 15:16:08.041554 1800000 1800000 -1.15648600964 -1.65193448818 -2.02574110854 -0.0919965442308 -0.969089328365 -0.587058809555 -1.14755507882 -0.974549176244 -0.192147259221 -0.403552000726 -0.8532726277 -0.220365278844 -1.15549021618 -1.42306447723 -1.54991996755 -0.5530723973
2018-01-19 15:16:13.058968 1700000 1700000 -0.782571931139 2.85688629712 -2.03703838188 1.53659157918 -0.891940465574 -0.563216395278 -0.696717610884 1.79015634585 -0.660819445681 -0.612441164585 -0.9672738694 -0.668255441534 -0.781828718044 -0.566562007753 -0.49961207435 -0.610179623201
2018-01-19 15:16:18.073871 1700000 1700000 -0.98982222869 2.27107155672 -2.17222908612 0.167711860831 -0.830722916705 -0.54713354281 -0.827870328829 0.151399443642 -0.373759491283 -0.468829864432 -0.878808905841 -0.626384689781 -0.988630777069 -1.50804929496 -1.60725118443 -0.703074044
2018-01-19 15:16:23.089740 1900000 1900000 -0.781338298416 4.14567872601 -2.09917338522 -0.0919965442308 -0.768767807006 -0.413662447587 1.25008054612 -1.25324932968 -0.51595201406 -0.299107418797 -0.905257193915 -0.717739057242 -0.779384249261 -1.50519745544 -1.60266468708 -0.706881192393
2018-01-19 15:16:28.103340 2100000 2100000 -1.11030702469 2.70066903301 -2.2814360617 -0.0919965442308 -0.944454796651 -0.53088488774 1.65173574483 -0.400426860163 -0.424441974649 0.0993713666085 -1.02865213793 -0.850076008994 -1.10938753494 -1.75064577688 -1.81823006254 -0.974143009609
2018-01-19 15:16:33.115447 2100000 2100000 -1.16121493508 1.68135138471 -2.31724841817 0.3679037564 -0.989593519432 -0.589330305213 0.991873632667 0.340915547979 -0.575081577987 -0.434771848585 -1.07397903163 -0.901589721757 -1.16045248781 -1.85806506551 -1.88014777676 -1.19876476482
2018-01-19 15:16:38.269954 1700000 1700000 -1.14065438968 2.3882345048 -2.30297619619 0.876499382981 -0.991961089695 -0.586926167473 1.74600176085 0.719947756654 -0.717978024144 -0.51367291863 -1.07735346839 -0.9055230348 -1.13994339472 -0.95593316369 -0.898637343819 -0.844699964234
2018-01-19 15:16:43.578283 1700000 1700000 0.470387705043 2.9740492452 -1.12949075728 0.941426484246 -0.445716163578 -0.191486959885 1.15991305254 1.31079208194 -0.629987601634 -0.475073834004 -0.57966964762 -0.443675954859 0.484406111447 0.707639890239 0.88321687674 -0.0984988791296
2018-01-19 15:16:48.898694 1700000 1700000 0.589638868316 1.15802354995 -0.270897983798 -0.0703541771423 1.58405123988 0.370583863478 -0.0450525435909 0.46911761856 -0.140056929095 -0.245749860637 1.1039006898 0.183116510774 0.689741489203 0.308002112027 0.0163688775491 1.17918012169
2018-01-19 15:16:54.222983 1500000 1500000 0.840477522097 1.01352258065 0.135803856272 -0.0865859524587 2.30686085303 0.516490153909 -0.31965354679 0.0622153945422 -0.065441050806 -0.244046959845 1.61462625262 0.230062505164 0.963521992876 0.494322294067 0.160843544081 1.44568050923
2018-01-19 15:16:59.561645 1500000 1500000 1.10365250311 0.783102116094 0.696901765257 -0.0865859524587 2.74939735087 0.519806205964 -0.68032352114 0.0566413914734 -0.0640332040459 -0.29399871642 1.94294982872 0.326492115261 1.24708037168 0.697753513233 0.351183184115 1.62842363211
2018-01-19 15:17:04.691305 1500000 1500000 0.893934940116 1.00571171745 0.214884769619 -0.584360395495 2.24785598665 0.383848071699 -0.635239774346 0.140251437505 -0.0992293730501 -0.307621922758 1.51430515992 0.175503646819 1.02952265001 0.285187395858 -0.0776543181303 1.39999472851
2018-01-19 15:17:09.755652 1800000 1800000 0.244221705732 1.97035332331 -1.0202837817 -0.606002762583 1.33328055777 0.214729416882 -0.237683098074 0.262879505017 -0.0499547364442 -0.220773982349 0.802937411717 -0.198795497638 0.30351542152 -0.177380974451 -0.430814614097 0.720038025449
2018-01-19 15:17:14.798322 1700000 1700000 -0.25745560183 2.73972334904 -1.63033654181 -0.606002762583 0.0277978891178 -0.140088153029 0.336110042939 0.541579658454 -0.275210218071 -0.273563906912 -0.24769803179 -0.510922919796 -0.239156648262 -0.978177511954 -1.15777444411 -0.0733716997332
2018-01-19 15:17:19.839032 1700000 1700000 -0.648105964276 1.39625487772 -1.76213806405 0.156890677287 0.204812488256 -0.115217762615 0.106592786534 -0.272224789582 0.262587244313 0.0709896867363 -0.0817122238749 -0.448751197496 -0.642493997424 -1.00935762405 -1.22886515303 0.0377970333537
2018-01-19 15:17:24.856034 2101000 2101000 -0.901000672597 0.954941106613 -1.98770695498 -0.0865859524587 -0.215597184698 -0.337393250316 -0.377032860891 -0.539776936882 0.513183967623 0.0880186946596 -0.448340217182 -0.628922311099 -0.899163219618 -1.34378333855 -1.53386722682 -0.288856298799
2018-01-19 15:17:29.870794 2101000 2101000 -0.966383206943 2.11485429261 -2.1454922059 -0.102817727775 -0.691323919883 -0.476004226225 0.0369179051251 -0.0102466453514 -0.116123534172 -0.21396237918 -0.834120419095 -0.781179590201 -0.964430536119 -1.58200699987 -1.68522163938 -0.740384098255
2018-01-19 15:17:34.886181 1800000 1800000 -1.15615704091 -0.388527364712 -2.28181263747 2.07765075639 -0.941135772918 -0.571174920211 0.180366190378 -0.718145035082 0.385069912448 0.184516406225 -1.04360910084 -0.846015814885 -1.15536799274 -0.943194947163 -0.900930592494 -0.786069878976
2018-01-19 15:17:39.902866 1800000 1800000 -1.13086757008 0.0605972695974 -2.24792081747 2.45639218044 -0.937447968769 -0.57349615665 -0.22128900833 -0.712571032013 -0.199186493022 -0.31159535794 -1.04324429687 -0.886363993846 -1.12992107271 -0.856689148358 -0.783974910063 -0.827948511303
2018-01-19 15:17:44.920712 1700000 1700000 -1.13168999189 1.99769134453 -2.2916036077 0.156890677287 -0.988708446436 -0.586080574199 1.45500666791 1.11570197453 -0.698831308206 -0.530701926553 -1.08419354289 -0.905662603973 -1.13089886023 -1.78771969065 -1.82510980856 -1.09977890659
2018-01-19 15:17:50.236753 2100000 2100000 -1.12593303918 1.55247214182 -2.27992975859 0.146069493743 -0.987897129523 -0.584555190254 1.52468154932 0.987499903953 -0.70080229367 -0.522755056189 -1.08373753792 -0.90440648142 -1.12503213515 -1.79608508658 -1.82969630591 -1.11805321888
2018-01-19 15:17:55.252043 1800000 1800000 -1.10537249379 -1.35316897058 -1.86381352407 -0.0919965442308 -0.964442695137 -0.576646406102 0.704977062161 -0.394852857095 -0.580712965028 -0.480750169978 -1.06057248561 -0.899432743636 -1.10254302235 -1.52002702095 -1.52240098345 -1.03277309487
2018-01-19 15:18:00.367048 1500000 1500000 -1.09961554108 -1.7323863792 -0.726554674987 0.898141750069 -0.944307284485 -0.55973454062 1.00416919997 -1.40932141561 -0.480755845056 -0.323515663487 -1.03804584025 -0.89930586257 -1.09618740351 0.0370773575295 0.275505977836 -0.76627270733
2018-01-19 15:18:05.396182 1800000 1800000 -1.09879311927 -1.72223225703 -0.794338314998 0.167711860831 -0.953821819189 -0.564874421306 1.06154851408 -1.42994522696 -0.534254021942 -0.373467420062 -1.04525071872 -0.901716602823 -1.09667629727 -0.992246586924 -0.910103587194 -0.952061548927
2018-01-19 15:18:10.417648 2100000 2100000 -1.10413886107 -1.68005359572 -1.16714833506 -0.595181579039 -0.95360055094 -0.567693065553 0.909903183951 -1.42214162266 -0.51172847378 -0.379143756036 -1.04780434654 -0.90273165135 -1.1030319161 -1.35804253615 -1.31600860269 -1.06932171944
2018-01-19 15:18:15.421406 2100000 2100000 -1.10290522834 -1.72926203391 -0.820698619447 0.162301269059 -0.955813233429 -0.565869236922 1.07384408138 -1.5469992914 -0.528622634902 -0.363817648905 -1.04725714058 -0.90273165135 -1.10205412859 -1.07894250836 -0.978901047448 -1.0708445788
2018-01-19 15:18:20.445949 1500000 1500000 -1.10537249379 -1.76597309098 -0.485546177168 0.936015892474 -0.950429039372 -0.560066145826 1.15991305254 -1.59437831749 -0.486387232096 -0.286619479653 -1.04050826707 -0.900701554295 -1.10449859737 0.185943380527 0.454379374495 -0.763988418294
2018-01-19 15:18:25.457910 1500000 1500000 -1.09797069745 -1.74878919193 -0.523203754952 0.941426484246 -0.946593723058 -0.559237132812 1.08613964869 -1.55981949846 -0.490610772377 -0.31386589233 -1.03768103627 -0.900574673229 -1.09716519103 0.206476625078 0.468138866545 -0.727439793717
2018-01-19 15:18:30.474255 2101000 2101000 -1.14110672168 -1.40003414981 -2.07130677766 -0.541075661318 -0.972260839933 -0.583610115418 0.270533683966 -0.695849022807 -0.472308764495 -0.43817765017 -1.06814216806 -0.901209078559 -1.1401878416 -1.7447519752 -1.79988407314 -1.01145306386
2018-01-19 15:18:35.485941 1700000 1700000 -1.1370357337 6.09839452735 -2.31589274537 -0.616823946128 -0.992580640792 -0.592397653364 0.192661757686 1.87934039495 -0.730789429662 -0.638211729909 -1.08494139103 -0.905231208348 -1.13603224467 -1.91681295964 -1.97417097244 -1.12186036727
2018-01-19 15:18:40.500939 1700000 1700000 -1.11236307923 5.590688419 -2.30290088103 2.51049809816 -0.989741031598 -0.591502319309 -0.0286584538477 2.12459652998 -0.730930214338 -0.641844584933 -1.08027190017 -0.900320911097 -1.11134310997 -1.09111035699 -1.04999175638 -0.883532877846
2018-01-19 15:18:45.517287 1700000 1700000 -1.13621331188 5.39541683887 -2.31367094828 -0.0811753606866 -0.987085812611 -0.591071232542 -0.442609219864 1.37768011877 -0.672082219763 -0.613008798183 -1.08008949819 -0.90209724602 -1.13529890404 -1.82422323652 -1.87097478206 -1.09368746916
2018-01-19 15:18:50.533547 1700000 1700000 -1.13086757008 6.48893768762 -2.31419815437 -0.102817727775 -0.993008426073 -0.592530295447 0.225449937172 1.91835841643 -0.741911419067 -0.645931546834 -1.08504171213 -0.903949709583 -1.12992107271 -1.84532684898 -1.88702752279 -1.12490608599
2018-01-19 15:18:55.550815 1700000 1700000 -1.14234035441 5.51257978695 -2.31706013028 -0.0919965442308 -0.992145479903 -0.592381073104 -0.00816584166869 1.97967245019 -0.717133316088 -0.632194813776 -1.08100150812 -0.904038526329 -1.14165452287 -1.87327487629 -1.91683975557 -1.13785039052
2018-01-19 15:19:00.550324 2100000 2100000 -1.16351771616 1.57199929984 -2.3190559819 -0.113638911319 -0.989224739017 -0.589943774844 0.721371151904 -0.210910755826 -0.531438328422 -0.431933680598 -1.07425263461 -0.879385535221 -1.16275028847 -1.89209701712 -1.94206549099 -1.12947466406
2018-01-19 15:19:05.564239 2101000 2101000 -1.17745776594 -1.71598356646 -2.31382157859 -0.097407136003 -0.990117187621 -0.592414233625 -0.995909748697 -0.974549176244 2.28425519192 0.808913363412 -1.02828733396 -0.682212358785 -1.1767253165 -1.77270000251 -1.87556127941 -0.872111432666
2018-01-19 15:19:10.575613 1500000 1500000 -1.17711646088 -1.70192401269 -2.30930266926 0.908962933613 -0.988339666021 -0.591966566597 -1.02869792818 -0.968975173175 2.1293920483 0.718091987821 -1.01314796906 -0.616234204508 -1.17637820193 -1.00574529399 -1.02705926962 -0.617793919988
2018-01-19 15:19:15.595908 1500000 1500000 -1.17707122768 -1.75542842565 -2.29943638388 3.05155727538 -0.988044641689 -0.591900245556 -1.04509201793 -0.851921108731 2.1293920483 0.712415651847 -1.00886152237 -0.601008476597 -1.17633420149 -0.769803104285 -0.765628920663 -0.540889522441
2018-01-19 15:19:20.615720 2101000 2101000 -1.17728094525 -1.66208861035 -2.31581743021 -0.584360395495 -0.990449089994 -0.592414233625 -0.836067373701 -0.863069114869 1.73519495545 0.598888932358 -1.03211777568 -0.691094033399 -1.17654442581 -1.83372936826 -1.94894523702 -0.872872862345
2018-01-19 15:19:25.646565 2101000 2101000 -1.17748243859 -1.69723749477 -2.31611869084 -0.606002762583 -0.990611353377 -0.592513715186 -0.909840777545 -0.90208713635 2.1293920483 0.769179011591 -1.03239137866 -0.692362844058 -1.17674487225 -1.85654408443 -1.97187772377 -0.888101455918
2018-01-19 15:19:30.647908 1500000 1500000 -1.13168999189 -1.75269462353 -1.24999500619 2.23996850956 -0.940840748586 -0.576978011308 -0.565564892938 -0.595516967569 -0.224527734705 -0.367791084087 -0.620710094632 0.46733009843 -1.13065441335 -0.0766159780418 -0.0845340641556 -0.0261630596552
2018-01-19 15:19:35.665973 1700000 1700000 -0.138204438557 1.30642995085 -1.1784456084 2.23996850956 -0.741478056306 -0.484294356363 0.278730728837 1.13242398374 -0.670252018975 -0.589735820687 -0.735623346266 -0.0960218342449 -0.136488959384 0.373024053106 0.491071353296 -0.136570363063
2018-01-19 15:19:40.681112 1700000 1700000 -1.03546663946 2.58350608493 -2.22080736146 -0.557307436634 -0.967687962788 -0.58311270761 -0.0122643641045 1.48358617707 -0.687990888153 -0.612441164585 -1.06276130945 -0.870376979541 -1.03458679019 -1.80083815245 -1.86868153339 -1.00764591547
2018-01-19 15:19:45.696937 2100000 2100000 -1.14456089331 3.95040714587 -2.31382157859 -0.108228319547 -0.9910760167 -0.589313724953 1.26647463587 0.0176233699923 -0.698127384826 -0.553974904048 -1.08643708732 -0.900828435361 -1.14385454478 -1.84912930167 -1.89390726882 -1.1172917892
2018-01-19 15:19:50.713579 2100000 2100000 -1.14431416676 3.95040714587 -2.3136332907 -0.113638911319 -0.991009636225 -0.589247403912 1.2705731583 0.00647536385478 -0.697705030798 -0.552839636854 -1.0854247563 -0.901082197493 -1.1436100979 -1.85084040539 -1.89620051749 -1.11653035952
2018-01-19 15:19:55.723920 1700000 1700000 -0.930196647053 0.982279127831 -2.02762398743 0.941426484246 -0.962893817395 -0.579033963582 0.34430708781 1.41112413718 -0.719949009608 -0.626575241161 -1.04370030184 -0.845635171687 -0.928496845012 -0.847183016622 -0.781681661388 -0.797491324156
2018-01-19 15:20:00.740061 1700000 1700000 -1.12963393735 3.05215787726 -2.29921043841 0.930605300702 -0.987749617357 -0.587506476583 1.12302635061 0.145825440573 -0.693340705841 -0.561354140815 -1.07179020779 -0.894865025263 -1.12869883832 -0.892242081054 -0.839012878266 -0.787592738333
2018-01-19 15:20:05.765338 1700000 1700000 -0.982831643256 0.251963418129 -2.01067807743 -0.0757647689144 -0.973367181177 -0.583560374637 0.372996744861 0.636337710622 -0.727692166789 -0.632081287057 -1.0606636866 -0.867712477157 -0.981786264477 -1.64227587508 -1.67375539601 -1.01982879033
2018-01-19 15:20:10.781467 1700000 1700000 -1.14419080349 3.5598639856 -2.31212698759 -0.108228319547 -0.982660447632 -0.588368650117 0.163972100635 0.775687787341 -0.584936505308 -0.531837193748 -1.06768616309 -0.881034989078 -1.14336565102 -1.82498372706 -1.87785452809 -1.07389029752
2018-01-19 15:20:15.797904 1700000 1700000 -1.14579452603 3.75513556574 -2.31378392101 -0.097407136003 -0.983471764545 -0.589396626254 -0.159811171793 1.0153699193 -0.586344352068 -0.551136736061 -1.07735346839 -0.882050037605 -1.14507677917 -1.83182814191 -1.88014777676 -1.09368746916
2018-01-19 15:20:20.813510 1700000 1700000 -0.988588595966 3.4036467215 -2.20612090613 -0.108228319547 -0.888990222255 -0.557247501579 -0.274569799996 0.285175517292 -0.51876770758 -0.515375819422 -0.93170548199 -0.655567334942 -0.987408542677 -1.63638207341 -1.76089884566 -0.706881192393
2018-01-19 15:20:25.830155 1700000 1700000 -1.05438234122 3.16932082534 -2.24716766591 -0.113638911319 -0.917755094615 -0.56752726295 -0.307357979482 0.413377587873 -0.487795078857 -0.497779177902 -0.982778038271 -0.729158353174 -1.05340919981 -1.70520646718 -1.80905706784 -0.822618503552
2018-01-19 15:20:30.845947 2101000 2101000 -1.16931578996 -0.345567617082 -2.31333203008 -0.102817727775 -0.977054985326 -0.588418390898 -0.721308745498 0.112381422161 0.23724600263 -0.140170011512 -1.03640422237 -0.73550240647 -1.16854367948 -1.78505797377 -1.88244102544 -0.89876147142
2018-01-19 15:20:35.858885 2101000 2101000 -1.17747421437 -1.71949845491 -2.31374626344 -0.097407136003 -0.989667275515 -0.592314752063 -1.02459940575 -1.05258521921 2.52358914114 0.905411074978 -1.02518650018 -0.670793062852 -1.17673753884 -1.76395436131 -1.87785452809 -0.82947137066
2018-01-19 15:20:40.872343 1700000 1700000 -0.545303237317 -0.216688374193 -0.993923477255 2.23996850956 -0.38154837139 -0.41863652567 -0.799180671779 -0.450592887782 -0.332931935238 -0.446692154132 -0.700966968789 -0.0389253545819 -0.542270777329 0.0283317163317 0.0851663378023 -0.169311839247
2018-01-19 15:20:45.888801 1700000 1700000 -0.746796582157 3.16932082534 -2.02837713899 2.348180345 -0.883089735617 -0.561226764045 -0.754096924985 2.16918855453 -0.66194572309 -0.614144065377 -0.948121660795 -0.647954470987 -0.745161686302 -0.488991972781 -0.417055122046 -0.573630998625
2018-01-19 15:20:50.903511 1700000 1700000 -0.99352312686 2.66161471699 -2.18992814768 -0.0919965442308 -0.829985355875 -0.546304529797 -0.782786582035 0.296323523429 -0.363904563962 -0.460882994068 -0.876984885974 -0.616234204508 -0.992541927121 -1.57915516035 -1.69439463408 -0.698505465928
2018-01-19 15:20:55.918646 1900000 1900000 -0.813001538319 3.91135282985 -2.11009408278 -0.0919965442308 -0.782043901942 -0.438532838001 1.14351896279 -1.30787455975 -0.510320627019 -0.322380396292 -0.916201313119 -0.687287601422 -0.811162343437 -1.5498762746 -1.65770265528 -0.703074044
2018-01-19 15:21:00.933415 2100000 2100000 -1.01449488316 3.67702693369 -2.22984518013 -0.0919965442308 -0.915542412125 -0.485454974583 1.72960767111 -0.734867044288 -0.552556029824 -0.122573369992 -1.00193024688 -0.851471700719 -1.01356435865 -1.71224100466 -1.78153808374 -0.942162963105
2018-01-19 15:21:05.945031 2101000 2101000 -1.17149520777 0.591735967563 -2.32440335795 0.319208430451 -0.982955471964 -0.590192478748 -0.758195447421 -0.0938566913825 0.165445817862 -0.183877798516 -1.0661357462 -0.893849976736 -1.17074370139 -1.93278326096 -1.97417097244 -1.18582046028
2018-01-19 15:21:10.958675 2100000 2100000 -1.17636805703 0.404275250634 -2.33112900134 0.638433345007 -0.996482337582 -0.593440551736 1.51238598201 -0.556498946088 -0.587752198829 -0.31840696111 -1.08273432699 -0.911917840522 -1.17563019448 -1.21392957903 -1.13713520603 -1.08607317237
2018-01-19 15:21:15.971064 1800000 1800000 -1.17637628125 0.0332592483786 -2.33050388555 2.23996850956 -0.996482337582 -0.593445525814 1.50828745958 -0.517480924607 -0.586344352068 -0.318974594707 -1.08236952302 -0.911537197325 -1.17563997236 -0.986542907882 -0.889464349118 -0.997747329648
2018-01-19 15:21:20.987684 2100000 2100000 -1.17579236176 0.494100177496 -2.33039091282 0.860267607664 -0.996157810817 -0.592991226682 1.59435643073 -0.500758915401 -0.575081577987 -0.258237799781 -1.08191351805 -0.910978920635 -1.17504596645 -0.973234323451 -0.882584603093 -0.967290142501
2018-01-19 15:21:26.318344 2100000 2100000 -1.17603086409 0.103557017227 -2.33001433704 0.0216258829839 -0.996320074199 -0.593130500869 1.61484904291 -0.623386982913 -0.583528658548 -0.264481769353 -1.08273432699 -0.912095474015 -1.17529041332 -2.01225452228 -2.04526168137 -1.26805486558
2018-01-19 15:21:31.361147 1900000 1900000 -0.0354017115978 0.533154493522 -0.655005277197 0.941426484246 0.477709995262 -0.0903473722005 -0.278668322432 -0.807329084181 -0.204817880063 -0.323515663487 0.128050060853 -0.384041853878 0.0101791675839 0.564097301014 0.541522824149 0.461151934699
2018-01-19 15:21:36.375715 1900000 1900000 0.240109596654 1.26347020322 -0.737851948322 0.941426484246 0.234314921446 -0.0787411900072 0.2172528923 -0.500758915401 -0.392061499165 -0.383684824816 -0.163793117899 -0.620040636485 0.28640414004 0.443369427958 0.507124094022 0.0918585405399
2018-01-19 15:21:41.393664 1800000 1800000 -1.12469940646 0.958846538215 -2.26750275792 0.432830857666 -0.955444453015 -0.581504422363 -0.586057505117 -0.601090970638 -0.421626281129 -0.478479635589 -0.985514068072 -0.679674737466 -1.12380990076 -1.6401845261 -1.74025960758 -0.790638457048
2018-01-19 15:21:46.423905 2101000 2101000 -1.17738786008 -1.72379442967 -2.31156212392 0.416599082349 -0.990603977769 -0.592414233625 -0.770491014728 -0.907661139419 1.90413656667 0.712415651847 -0.996458187275 -0.653029713624 -1.17664953797 -1.67231525137 -1.77465833771 -0.805105620943
2018-01-19 15:21:51.440054 1900000 1900000 -0.921150007081 -0.0643765416885 -1.83368746184 0.167711860831 -0.90152875636 -0.568024670758 -0.942628957032 0.909463860991 -0.611685593752 -0.593141622272 -0.787607912481 -0.13408615402 -0.918718969881 -1.31146249064 -1.44443052849 -0.456370828108
2018-01-19 15:21:56.455746 1700000 1700000 -0.919916374357 2.73972334904 -2.13532465989 1.91533300323 -0.886777539765 -0.560563553634 -0.594254549988 1.34423610035 -0.584936505308 -0.568733377582 -0.947209650861 -0.694900465377 -0.918718969881 -0.69774662572 -0.657846232933 -0.610179623201
2018-01-19 15:22:01.471665 1700000 1700000 -1.02683121039 2.81783198109 -2.21967763413 0.416599082349 -0.869813640681 -0.546636135002 -0.0409540211551 -0.121726706726 -0.393469345925 -0.415472306272 -0.941737591259 -0.677137116148 -1.02554225569 -1.56698731173 -1.65999590395 -0.763988418294
2018-01-19 15:22:06.635233 1900000 1900000 -0.742684473079 3.9894614619 -2.07017705033 -0.0865859524587 -0.771718050325 -0.373869822924 1.47959780253 -1.04701121614 -0.545516796024 -0.255399631793 -0.905257193915 -0.755803377017 -0.740272748736 -1.50196537065 -1.58890519503 -0.739622668576
2018-01-19 15:22:11.794099 1700000 1700000 -0.458948946671 2.58350608493 -1.75837230627 -0.0919965442308 -0.824822430067 -0.446159757728 1.34844508458 1.36653211263 -0.674475559255 -0.507996582656 -0.903433174048 -0.661911388238 -0.449380963583 -1.20157160777 -1.24721114244 -0.671093997495
2018-01-19 15:22:16.954572 1700000 1700000 0.947392358135 2.62256040096 -0.64747376164 0.411188490577 0.691602635888 0.232967703186 0.541036164729 0.887167848716 -0.425849821409 -0.36268238171 0.374292742925 -0.187376201706 1.01485583732 0.308192234661 0.199828771558 0.570797808428
2018-01-19 15:22:22.226447 1700000 1700000 0.470387705043 1.97425875491 -0.816932861669 -0.0757647689144 1.90120239667 0.46674937308 -0.102431857692 0.140251437505 0.0119905210032 -0.155496118643 1.35014337188 0.00675182914852 0.518628674407 0.214842021007 -0.0937070588561 1.1715658249
2018-01-19 15:22:27.528550 1700000 1700000 0.392257632554 1.77508174318 -0.805635588333 -0.0865859524587 1.7979438805 0.358977681285 -0.282766844867 0.184843462054 0.0119905210032 -0.191257035282 1.28630267652 0.0727299834257 0.459961423619 0.260471453343 -0.050135334029 1.20963730884
2018-01-19 15:22:32.814409 1500000 1500000 0.52795723214 0.806534705711 -0.086375852655 -0.0865859524587 2.41011936919 0.46674937308 -0.540973758323 0.134677434436 0.0908299395727 -0.188986500893 1.71494734532 0.302384712737 0.635963175981 0.408767108436 0.0415946129753 1.49898058674
2018-01-19 15:22:37.945684 1700000 1700000 1.38327592044 1.20488872918 0.610289336353 -0.0865859524587 2.21097794516 0.438562930611 -0.442609219864 0.0845114068172 -0.230159121746 -0.358141312931 1.52342525926 0.237675369119 1.53552768805 0.479112483288 0.158550295406 1.39238043172
2018-01-19 15:22:42.989015 1700000 1700000 0.947392358135 1.5251341206 -0.120267672661 -0.584360395495 1.93070482986 0.264470197711 -0.725407267934 -0.132874712864 -0.166806017538 -0.353032610554 1.22246198117 0.046084959583 1.02952265001 -0.00113729205215 -0.336791418417 1.11369716933
2018-01-19 15:22:48.008451 1700000 1700000 -0.643993855198 1.76336544837 -1.81485867295 -0.102817727775 0.0499247140101 -0.247859844825 -0.364737293584 -0.155170725139 0.114763334496 -0.144143446695 -0.226721803317 -0.575632263414 -0.635160591076 -1.11468556369 -1.31371535401 -0.102306027523
2018-01-19 15:22:53.024461 2101000 2101000 -1.04574691216 2.03674566056 -2.21365242169 -0.108228319547 -0.886777539765 -0.53751699185 0.623006613445 0.318619535704 -0.399100732966 -0.322948029889 -1.00010622701 -0.834088994688 -1.04387577156 -1.70520646718 -1.77695158639 -0.929218658567
2018-01-19 15:22:58.038515 2101000 2101000 -1.15973457581 -0.240120963809 -2.29423963814 -0.243493113851 -0.953748063106 -0.57714381391 0.0942972192264 -0.383704850957 0.293559873037 0.0880186946596 -1.05482682303 -0.859465207872 -1.15893691717 -1.80559121832 -1.87556127941 -1.00383876708
2018-01-19 15:23:03.055305 1500000 1500000 -1.17416807867 -1.41956130782 -2.30237367494 2.29407442728 -0.950650307621 -0.579780075294 -0.532776713451 -1.65519069097 4.17076985054 2.09744162961 -1.05391481309 -0.857561991883 -1.17343261705 -1.10460906405 -1.0660444971 -0.884294307525
2018-01-19 15:23:08.077504 1500000 1500000 -1.17400359431 -1.42737217103 -2.30064142637 2.78102768677 -0.948437625132 -0.579083704363 -0.532776713451 -1.65229220937 4.21300525335 2.12014697351 -1.05181719024 -0.853882440972 -1.17326150423 -0.913345693509 -0.855065618992 -0.818811355159
2018-01-19 15:23:13.072465 2101000 2101000 -1.17525367547 -1.27115490692 -2.31593040295 -0.616823946128 -0.961344939653 -0.583062966829 -0.520481146144 -1.65998433361 4.28339759136 2.17691033325 -1.06449412832 -0.871265147002 -1.17450818331 -1.89761057353 -1.98105071847 -1.02211307937
2018-01-19 15:23:18.086342 2101000 2101000 -1.17527012391 -1.26724947532 -2.31608103326 -0.638466313216 -0.960976159238 -0.583046386569 -0.540973758323 -1.65663993177 4.36786839697 2.20529201312 -1.06403812336 -0.870376979541 -1.174532628 -1.91738332754 -2.00168995655 -1.03277309487
2018-01-19 15:23:23.103123 1800000 1800000 -1.1629008998 -0.212782942591 -2.30146989308 2.56460401589 -0.96252503698 -0.585268141446 -1.10656985446 -1.54086788803 0.252732316992 -0.191257035282 -1.06458532932 -0.897148884449 -1.16213917127 -1.08806839483 -1.04081876168 -0.901807190135
2018-01-19 15:23:28.121098 1500000 1500000 -1.1686989736 -0.896233473061 -2.29969998692 2.99745135766 -0.968868060116 -0.585931351857 -0.692619088448 -1.17019668396 0.562458604229 0.0369316708898 -1.06650055018 -0.888394090901 -1.16795700698 -0.89129146788 -0.82296013754 -0.837085667447
2018-01-19 15:23:33.140404 1700000 1700000 -0.858645949089 3.20837514136 -2.11084723433 0.167711860831 -0.869813640681 -0.552439226099 -0.385229905763 -0.249928777307 -0.59901497291 -0.568733377582 -0.986426078006 -0.842716907171 -0.857607250311 -1.62687594167 -1.68292839071 -0.92769579921
2018-01-19 15:23:38.155770 2100000 2100000 -1.16861673142 0.00592122715982 -2.31593040295 -0.627645129672 -0.983988057126 -0.585599746651 1.00826772241 -0.467314896988 -0.154135396697 0.0596370147875 -1.08054550315 -0.901462840691 -1.16785922822 -1.92745982718 -1.99022371317 -1.11120035177
2018-01-19 15:23:43.171732 2100000 2100000 -1.16191399362 0.970562833023 -2.31382157859 -0.135281278408 -0.982734203715 -0.587390414761 0.479558328192 -0.389278854026 -0.373759491283 -0.328056732266 -1.08027190017 -0.904140031182 -1.16113693907 -1.85521322599 -1.90308026352 -1.11120035177
2018-01-19 15:23:48.186766 1700000 1700000 -1.14604125258 2.3882345048 -2.3075327631 0.876499382981 -0.97565361975 -0.587257772679 -0.389328428198 -0.344686829476 -0.473716611255 -0.495508643512 -1.07489104157 -0.902858532416 -1.14532122605 -1.15175947747 -1.10044322723 -0.958914416035
2018-01-19 15:23:53.203977 1700000 1700000 -1.14447865113 2.93499492917 -2.30945329957 0.887320566525 -0.982291667217 -0.58795414361 0.254139594223 0.524857649248 -0.577897271507 -0.520484521799 -1.08036310117 -0.908758501981 -1.1436100979 -0.992626832194 -0.91698333322 -0.930741517924
2018-01-19 15:23:58.219845 1700000 1700000 -1.15081129911 2.85688629712 -2.31367094828 -0.14069187018 -0.98509439837 -0.589065021049 0.291026296145 0.519283646179 -0.579305118268 -0.51821398741 -1.08300792997 -0.909963872107 -1.14996571673 -1.84570709425 -1.89161402014 -1.11120035177
2018-01-19 15:24:03.235938 1700000 1700000 -1.15089354129 2.89594061315 -2.31385923617 -0.135281278408 -0.985241910536 -0.58914792235 0.274632206402 0.524857649248 -0.579305118268 -0.519916888202 -1.08282552799 -0.909811614828 -1.15021016361 -1.85730457497 -1.90078701484 -1.12719037502
2018-01-19 15:24:08.251661 1700000 1700000 -1.15081129911 2.85688629712 -2.31374626344 -0.135281278408 -0.985168154453 -0.589081601309 0.291026296145 0.530431652316 -0.579305118268 -0.518781621007 -1.08273432699 -0.90946903595 -1.14996571673 -1.85882555605 -1.90308026352 -1.12566751567
2018-01-19 15:24:13.267952 1700000 1700000 -1.15056457256 2.89594061315 -2.31370860586 -0.129870686636 -0.985168154453 -0.58913134209 0.270533683966 0.547153661523 -0.580712965028 -0.521619788994 -1.082643126 -0.90943097163 -1.14972126986 -1.85502310335 -1.89849376617 -1.12566751567
2018-01-19 15:24:18.285146 1700000 1700000 -1.15068793584 2.89594061315 -2.31378392101 -0.135281278408 -0.985168154453 -0.58911476183 0.274632206402 0.547153661523 -0.580712965028 -0.520484521799 -1.08273432699 -0.909253338138 -1.14996571673 -1.85711445233 -1.90078701484 -1.12642894534
2018-01-19 15:24:23.300024 2101000 2101000 -1.14357398713 0.248057986526 -2.27654057658 -0.102817727775 -0.947036259556 -0.575154182677 -0.00406731923289 -0.729293041219 -0.114715687412 -0.220773982349 -1.05190839124 -0.884333896792 -1.14287675726 -1.81452698215 -1.86868153339 -1.06246885234
2018-01-19 15:24:28.316291 2101000 2101000 -1.15480004491 2.19296292466 -2.31382157859 -0.124460094864 -0.985610690951 -0.585367623007 1.20909532176 0.853723830303 -0.552556029824 -0.360979480918 -1.08255192501 -0.90209724602 -1.15402353491 -1.84152439628 -1.88702752279 -1.10967749241
2018-01-19 15:24:33.332111 1800000 1800000 -1.13802263987 1.21269959239 -2.2882144257 2.29407442728 -0.972039571684 -0.580178001541 0.77465194357 0.731095762791 -0.493426465897 -0.385955359205 -1.07188140878 -0.894991906329 -1.13725447906 -1.06031049016 -1.00642003155 -0.904852908849
2018-01-19 15:24:38.348965 1800000 1800000 -1.12264335192 2.19296292466 -2.28595497103 2.51049809816 -0.973662205509 -0.580575927787 0.836129780107 -0.0882826883138 -0.586344352068 -0.471100398822 -1.0730670217 -0.896641360186 -1.12185432573 -0.922661702611 -0.841306126941 -0.901807190135
2018-01-19 15:24:43.363612 2101000 2101000 -1.15570470891 -0.169823194961 -2.28746127414 0.167711860831 -0.981259082056 -0.588600773761 -0.151614126922 -0.779459068838 -0.456822450133 -0.46712696364 -1.01469838595 -0.744384081085 -1.15490354367 -1.73600633401 -1.82510980856 -0.892670033991
2018-01-19 15:24:48.434505 2101000 2101000 -1.17751944757 -1.73668235396 -2.3126165361 0.11360594311 -0.990751489934 -0.592530295447 -0.872954075623 -1.01914120079 2.1716274511 0.808913363412 -0.99007411774 -0.637803985714 -1.17678153928 -1.72345824011 -1.84116254929 -0.78911559769
2018-01-19 15:24:53.449169 1900000 1900000 -0.909636101661 -0.45882513356 -1.66799411959 2.23996850956 -0.910379486317 -0.569848499389 -0.860658508316 1.478012174 -0.635618988674 -0.602791393429 -0.791255952216 -0.126473290065 -0.906496625967 -0.340316072419 -0.325325175042 -0.28276486137
2018-01-19 15:24:58.473670 1700000 1700000 -0.946645083367 3.24742945739 -2.17411196501 2.40228626272 -0.872763884 -0.555755278154 -0.549170803195 0.881593845647 -0.535661868702 -0.539216430515 -0.939001561459 -0.706319761309 -0.944630338978 -0.715047785481 -0.662432730283 -0.664241130387
2018-01-19 15:25:03.491465 1900000 1900000 -0.825749076462 3.75513556574 -2.11197696167 0.422009674122 -0.790157071069 -0.42526862978 1.29106577048 -1.08602923762 -0.51172847378 -0.277537342094 -0.92167337272 -0.73550240647 -0.823384687351 -1.45158287244 -1.53845372417 -0.705358333036
2018-01-19 15:25:08.505035 2100000 2100000 -1.1392562726 1.88052839645 -2.29744053225 -0.0811753606866 -0.956550794259 -0.558242317195 1.3730362192 -0.155170725139 -0.300551459754 0.0880186946596 -1.03895785018 -0.858830802542 -1.13847671345 -1.80578134095 -1.87326803074 -1.01221449354
2018-01-19 15:25:13.516289 2100000 2100000 -1.17608843361 0.0137320903652 -2.3299013643 0.124427126654 -0.996261069333 -0.593150397181 1.55746972881 -0.562072949157 -0.568042344186 -0.261643601365 -1.08282552799 -0.911689454604 -1.1753393027 -2.03982230431 -2.06360767077 -1.31754779469
2018-01-19 15:25:18.782612 2100000 2100000 -1.17614600314 0.236341691718 -2.33050388555 0.730413405133 -0.996364327849 -0.593145423103 1.64353869996 -0.500758915401 -0.583528658548 -0.249723295819 -1.08246072401 -0.911334187619 -1.17540530336 -1.23560355938 -1.16694743881 -1.07389029752
2018-01-19 15:25:23.796322 1900000 1900000 -0.94417781792 0.189476512486 -1.93536292186 0.941426484246 -0.661083925864 -0.4804808965 -0.299160934611 -0.578794958363 -0.140056929095 -0.286051846055 -0.777575803212 -0.5667505888 -0.934608016969 -0.475303143081 -0.437694360122 -0.450279390679
2018-01-19 15:25:28.813609 1700000 1700000 -0.722123927687 1.01742801226 -1.77343533739 0.941426484246 -0.533485902318 -0.434056167727 -0.245880142945 -0.272224789582 -0.320261314397 -0.389928794387 -0.737447366133 -0.792218242936 -0.713383592125 -0.534241159848 -0.478972836274 -0.549265248907
2018-01-19 15:25:33.839538 2100000 2100000 -1.15525237691 1.44312005695 -2.30967924503 0.373314348172 -0.979562692147 -0.584522029733 0.750060808955 -0.484036906194 -0.427257668169 -0.324650930681 -1.07790067435 -0.897529527647 -1.15448798398 -1.76072227652 -1.80447057049 -1.0601845633
2018-01-19 15:25:38.847005 2100000 2100000 -1.14875524457 3.20837514136 -2.31374626344 -0.129870686636 -0.987085812611 -0.588169686994 0.889410571772 -0.14959672207 -0.624356214593 -0.504023147473 -1.08428474388 -0.907806893987 -1.14801014171 -1.85540334862 -1.89849376617 -1.12719037502
2018-01-19 15:25:43.859740 1700000 1700000 -1.1414768115 2.70066903301 -2.30568754179 0.871088791208 -0.978530106986 -0.586594562268 0.192661757686 0.0677893976109 -0.548332489544 -0.502887880279 -1.07735346839 -0.903556378278 -1.14067673536 -1.14301383627 -1.08897698385 -0.96196013475
2018-01-19 15:25:49.107519 1800000 1800000 -1.15142811547 1.9547315969 -2.30937798441 0.876499382981 -0.980300252977 -0.58672720435 0.360701177554 -0.19418874662 -0.492018619137 -0.44271871895 -1.07835667931 -0.904393793313 -1.15069905737 -0.993767568002 -0.919276581895 -0.92769579921
2018-01-19 15:25:54.122734 1700000 1700000 -0.701563382295 0.0332592483786 -1.457111684 -0.0919965442308 -0.67214733831 -0.476833239239 -0.131121514743 -0.0102466453514 -0.476532304775 -0.479047269186 -0.809496150888 -0.82190841236 -0.684049966732 -1.18389020274 -1.22886515303 -0.661195411672
2018-01-19 15:25:59.255090 1700000 1700000 -0.975018636007 0.677655462822 -2.05285456455 0.135248310199 -0.876451688149 -0.553268239113 -0.290963889739 0.0120493669235 -0.51172847378 -0.511970017838 -1.00193024688 -0.870630741673 -0.971030601833 -1.65710544059 -1.68751488806 -1.03353452455
2018-01-19 15:26:04.271187 1700000 1700000 -0.602872764414 0.00592122715982 -1.26129227952 -0.0919965442308 -0.587327842889 -0.450139020194 -0.200796396151 -0.0158206484202 -0.459638143653 -0.472803299614 -0.754775554872 -0.854770608433 -0.591160152985 -1.20271234358 -1.22657190436 -0.744191246648
2018-01-19 15:26:09.287203 1700000 1700000 -0.479509492063 0.0684081328028 -1.0730043906 -0.0865859524587 -0.444978602748 -0.403714291421 -0.262274232688 -0.0882826883138 -0.417402740848 -0.451800856509 -0.642598333039 -0.81569124013 -0.476270120194 -1.01981436896 -1.0752174918 -0.514239483688
2018-01-19 15:26:14.303260 1800000 1800000 -1.10742854833 -1.02511271595 -2.0468293521 -0.124460094864 -0.938111773516 -0.572832946238 -0.118825947435 0.268453508086 -0.394877192686 -0.424554443831 -1.04078187005 -0.891312355417 -1.10669861928 -1.66566095915 -1.69439463408 -1.04495596973
2018-01-19 15:26:19.318108 2100000 2100000 -1.12017608647 2.50539745288 -2.28708469836 -0.097407136003 -0.980816545558 -0.582847423445 1.09433669356 0.251731498879 -0.652935503824 -0.51367291863 -1.07762707137 -0.904901317577 -1.11916541007 -1.81813931221 -1.85721529001 -1.11500750016
2018-01-19 15:26:24.331432 1700000 1700000 -1.13497967916 5.0048736786 -2.31212698759 0.146069493743 -0.99336983088 -0.592447394145 0.495952417935 1.9239324195 -0.741489065039 -0.640993134536 -1.08522411411 -0.90388626905 -1.13432111652 -1.8208010291 -1.85721529001 -1.12566751567
2018-01-19 15:26:29.349762 1700000 1700000 -1.10989581378 7.77773011651 -2.30915203895 0.898141750069 -0.951756648866 -0.583494053596 -1.4426486942 -0.188614743551 -0.476532304775 -0.546028033684 -1.05136118528 -0.875959746441 -1.10889864118 -1.07247833878 -1.04311201035 -0.831755659696
2018-01-19 15:26:34.366068 2101000 2101000 -1.15899439617 1.45093092015 -2.31370860586 -0.108228319547 -0.97417849809 -0.587191451638 -0.55326932563 -1.04701121614 -0.231566968506 -0.371196885672 -1.06686535415 -0.888013447703 -1.15822802122 -1.82156151964 -1.88014777676 -1.05257026651
2018-01-19 15:26:39.384798 1700000 1700000 -1.14090111623 4.53622188628 -2.31359563312 -0.124460094864 -0.983398008462 -0.589943774844 -0.483594444222 0.268453508086 -0.611685593752 -0.579518415933 -1.07735346839 -0.905611851546 -1.1401878416 -1.85407249018 -1.89849376617 -1.12186036727
2018-01-19 15:26:44.402056 1700000 1700000 -1.11195186832 5.04392799463 -2.30026485059 2.61870993361 -0.991540680022 -0.591369677227 0.627105135881 1.29407007273 -0.743882404531 -0.640482264299 -1.0758030515 -0.892581166076 -1.11109866309 -0.961066474828 -0.900930592494 -0.857644268771
2018-01-19 15:26:49.435090 1700000 1700000 -1.1370357337 5.20014525873 -2.31370860586 -0.0919965442308 -0.994092640493 -0.592580036227 0.733666719212 1.57277022617 -0.747683590784 -0.641787821573 -1.08474074885 -0.900828435361 -1.13627669155 -1.83258863245 -1.87556127941 -1.11196178145
2018-01-19 15:26:54.451105 1700000 1700000 -1.1374469446 5.20014525873 -2.31382157859 -0.113638911319 -0.994645811116 -0.592580036227 1.00826772241 2.18033656066 -0.753737331853 -0.641787821573 -1.08731261686 -0.904647555445 -1.13627669155 -1.84304537736 -1.88244102544 -1.13099752342
2018-01-19 15:26:59.467140 1700000 1700000 -1.14871412348 3.24742945739 -2.31382157859 -0.119049503091 -0.974252254173 -0.587423575282 -0.643436819218 0.385507572529 -0.424441974649 -0.483588337966 -1.0716990068 -0.899178981504 -1.14801014171 -1.8432355 -1.88932077147 -1.10891606274
2018-01-19 15:27:04.483107 2101000 2101000 -1.15874766963 1.50951239419 -2.31378392101 -0.119049503091 -0.967392938456 -0.584820474418 -0.467200354479 -0.896513133281 -0.0809273651679 -0.275266807704 -1.06777736408 -0.903480249639 -1.15795912965 -1.84665770742 -1.89620051749 -1.09977890659
2018-01-19 15:27:09.497188 2101000 2101000 -1.16479246997 0.47066758788 -2.31378392101 -0.108228319547 -0.958025915919 -0.582814262925 -0.717210223063 -0.879791124075 0.545564443107 0.0199026629665 -1.05418841607 -0.88128875121 -1.16402141223 -1.83258863245 -1.89390726882 -1.05104740716
2018-01-19 15:27:14.509033 1700000 1700000 -1.11441913376 5.12203662668 -2.30188412643 2.51049809816 -0.985315666619 -0.59032512083 -0.327850591661 1.55604821696 -0.696860322742 -0.625326447247 -1.07844788031 -0.900574673229 -1.11378757875 -1.05023399052 -1.0018335342 -0.879725729453
2018-01-19 15:27:19.527129 1800000 1800000 -1.13251241371 2.70066903301 -2.29879620506 3.15976911082 -0.95706708684 -0.582466077459 -0.700816133319 -0.467314896988 -0.375167338043 -0.461450627665 -1.05446201905 -0.891439236483 -1.13187664774 -0.839007743328 -0.783974910063 -0.757135551186
2018-01-19 15:27:24.527913 1700000 1700000 -1.14435528786 3.59891830163 -2.3122776179 -0.0919965442308 -0.974768546754 -0.58735725424 -0.549170803195 -0.0269686545577 -0.476532304775 -0.506293681863 -1.06631814819 -0.896387598054 -1.1436100979 -1.82460348179 -1.87785452809 -1.07236743816
2018-01-19 15:27:29.551717 2101000 2101000 -1.14456089331 1.84147408042 -2.3021100719 0.140658901971 -0.974842302837 -0.58553342561 0.0697060846116 -0.132874712864 -0.475124458015 -0.459747726873 -1.07224621276 -0.896387598054 -1.14385454478 -1.81908992539 -1.86409503604 -1.0959717582
2018-01-19 15:27:34.561104 2100000 2100000 -1.12881151554 -1.47033191866 -1.9278314063 -0.0919965442308 -0.970121913527 -0.579896137116 0.684484449982 -0.985697182381 -0.530030481662 -0.435339482183 -1.06686535415 -0.90209724602 -1.12796549769 -1.68866579796 -1.70586087746 -1.09901747691
2018-01-19 15:27:39.579274 1800000 1800000 -1.11236307923 -1.66286969667 -1.3704992551 1.64480341462 -0.956993330757 -0.57233553843 0.737765241647 -1.24711792631 -0.500465699698 -0.398443298349 -1.05355000912 -0.897910170845 -1.11158755684 -0.485950010626 -0.323031926367 -0.873634292024
2018-01-19 15:27:44.607470 1500000 1500000 -1.0901576902 -1.72027954123 -0.651239519418 0.941426484246 -0.93648913969 -0.558573922401 0.848425347414 -1.53139208281 -0.463861683934 -0.339409404215 -1.02919934389 -0.8999402679 -1.08934289092 0.0522871683083 0.284678972537 -0.735815520183
2018-01-19 15:27:49.619753 2100000 2100000 -1.10496128288 -1.73668235396 -0.79057255722 0.173122452604 -0.955960745595 -0.565537631717 1.09433669356 -1.57486930675 -0.522991247861 -0.351329709761 -1.04543312071 -0.902858532416 -1.10376525674 -1.00802676561 -0.946795565996 -0.893431463669
2018-01-19 15:27:54.632515 2100000 2100000 -1.12099850829 -1.73199583604 -1.15961681951 -0.595181579039 -0.965327768133 -0.570843315005 1.16401157497 -1.55201589417 -0.525806941381 -0.337706503423 -1.05665084289 -0.904749060298 -1.11989875071 -1.36393633783 -1.31600860269 -1.09292603948
2018-01-19 15:27:59.648443 1700000 1700000 -1.12593303918 5.55163410297 -2.30926501168 0.876499382981 -0.986717032196 -0.590689886556 -0.254077187817 1.42784614638 -0.690243442969 -0.619820401352 -1.07935989024 -0.901462840691 -1.12503213515 -1.14016199675 -1.09127023253 -0.942924392783
2018-01-19 15:28:04.667197 1700000 1700000 -1.13086757008 6.29366610748 -2.3136332907 0.860267607664 -0.992337245718 -0.592231850762 0.250041071787 1.94622843178 -0.73543532397 -0.640709317738 -1.08355513593 -0.905890989891 -1.12992107271 -1.05650803746 -0.967434804072 -1.01906736065
2018-01-19 15:28:09.683956 1700000 1700000 -1.14731600639 3.52080966958 -2.31393455132 -0.135281278408 -0.988192153855 -0.589695070939 0.614809568573 0.753391775066 -0.647726470812 -0.552839636854 -1.08273432699 -0.906550771434 -1.14654346044 -1.84570709425 -1.89161402014 -1.11120035177
2018-01-19 15:28:14.699500 2101000 2101000 -1.17474377394 -1.2477223173 -2.31382157859 -0.14069187018 -0.989150982934 -0.591469158789 -0.196697873716 -0.818477090319 0.223167535029 -0.0425370327523 -1.03804584025 -0.730427163834 -1.17399484487 -1.80654183149 -1.90308026352 -0.91627435403
2018-01-19 15:28:19.713029 2101000 2101000 -1.1773960843 -1.70661053062 -2.31367094828 -0.119049503091 -0.989593519432 -0.592265011282 -0.98361418139 -1.09160324069 2.32649059472 0.83161870731 -1.02573370614 -0.670793062852 -1.17665687137 -1.77897404946 -1.89161402014 -0.843938534555
2018-01-19 15:28:24.725099 1900000 1900000 -0.84713204367 -0.247931827015 -1.61903926847 2.23996850956 -0.897840952212 -0.56570343432 -0.7786880596 1.47243817093 -0.644769992615 -0.605629561416 -0.81770424029 -0.227978142799 -0.845384906397 -0.234227642237 -0.157918021759 -0.413730766102
2018-01-19 15:28:29.740737 1800000 1800000 -0.914570632555 2.54445176891 -2.12252108345 2.348180345 -0.790894631899 -0.5104911676 0.155775055763 -0.361408838682 -0.421626281129 -0.412634138285 -0.874248856173 -0.601008476597 -0.913830032315 -0.667136881528 -0.632620497506 -0.571346709588
2018-01-19 15:28:34.757708 2100000 2100000 -0.918271530726 3.87229851382 -2.17373538923 0.438241449438 -0.865388275703 -0.451631243619 1.56156825124 -0.874217121006 -0.548332489544 -0.220206348752 -0.971833919068 -0.835230924282 -0.916274501098 -1.55405897257 -1.62101067648 -0.841654245519
2018-01-19 15:28:39.768916 2101000 2101000 -1.1731400514 0.58783053596 -2.32677578535 -0.0378906265095 -0.989003470768 -0.591353096967 -0.139318559614 -0.0436906637639 -0.0612175105255 -0.211124211193 -1.07507344355 -0.901209078559 -1.17240594016 -2.01396562599 -2.04526168137 -1.27490773269
2018-01-19 15:28:45.094773 2100000 2100000 -1.17602263987 0.244152554924 -2.33031559766 0.416599082349 -0.996290571766 -0.593047599567 1.6476372224 -0.439444881644 -0.579305118268 -0.238938257468 -1.08391993991 -0.913212027395 -1.17529041332 -1.3511981213 -1.26097063449 -1.22465337389
2018-01-19 15:28:50.305767 1900000 1900000 -1.01696214861 -0.00970049925092 -2.03063659365 2.23996850956 -0.782043901942 -0.51828388993 -0.188500828844 -0.556498946088 -0.187923718941 -0.299675052394 -0.847800568099 -0.623847068463 -1.00940876172 -0.508574604159 -0.428521365422 -0.613986771594
2018-01-19 15:28:55.321207 1800000 1800000 -1.02765363221 0.248057986526 -2.08373377833 1.26606199057 -0.819659504259 -0.532874518973 -0.241781620509 -0.472888900057 -0.26535529075 -0.355303144943 -0.973657938935 -0.802241847143 -1.0186977431 -0.661433202486 -0.61198125943 -0.617032490309
2018-01-19 15:29:00.481123 1700000 1700000 -0.565863782709 0.103557017227 -1.24246349063 0.438241449438 -0.444241041919 -0.413662447587 -0.409821040377 -0.0938566913825 -0.368128104242 -0.434771848585 -0.656278482043 -0.821274007031 -0.559382058809 -1.03787601926 -1.0935634812 -0.525660928868
2018-01-19 15:29:05.494767 1800000 1800000 -0.914981843463 0.158233059665 -1.87887655518 0.167711860831 -0.768767807006 -0.520605126368 -0.438510697428 -0.183040740482 -0.390653652405 -0.450097955716 -0.901609154181 -0.870884503805 -0.906496625967 -1.51394309664 -1.52240098345 -1.00840734515
2018-01-19 15:29:10.511955 1700000 1700000 -0.364370437868 0.0566918379947 -0.854590439453 -0.0865859524587 -0.215597184698 -0.342367328399 -0.438510697428 -0.277798792651 -0.338563322279 -0.420013375052 -0.462020366186 -0.818609504646 -0.358935618619 -0.837676884885 -0.905517089844 -0.348247813736
2018-01-19 15:29:15.527290 1800000 1800000 -0.883729814467 0.255868849732 -1.84875049296 0.167711860831 -0.715663427265 -0.504024866092 -0.450806264735 -0.266650786514 -0.339971169039 -0.422283909442 -0.864216746903 -0.871392028068 -0.882051938139 -1.4677432964 -1.51093474007 -0.861451417165
2018-01-19 15:29:20.546490 1700000 1700000 -1.14464313549 3.87229851382 -2.31359563312 -0.119049503091 -0.981701618554 -0.588915798706 -0.229486053202 -0.517480924607 -0.569450190946 -0.543757499294 -1.07972469421 -0.911384940045 -1.14385454478 -1.85407249018 -1.89620051749 -1.12947466406
2018-01-19 15:29:25.560937 1800000 1800000 -1.11853124284 -0.29870243785 -2.20122542102 0.119016534882 -0.965106499884 -0.581205977678 0.163972100635 0.396655578667 -0.534254021942 -0.494373376317 -1.06449412832 -0.900320911097 -1.11794317568 -1.75406798431 -1.78612458109 -1.09444889884
2018-01-19 15:29:30.577463 2101000 2101000 -1.11359671195 -0.365094775095 -2.18352635946 -0.102817727775 -0.963631378225 -0.578420493952 0.47136128332 0.0900854098859 -0.542701102503 -0.472803299614 -1.06312611342 -0.902351008152 -1.11280979124 -1.74513222047 -1.77465833771 -1.09673318788
2018-01-19 15:29:35.591107 1700000 1700000 -1.13765255006 5.12203662668 -2.31374626344 0.135248310199 -0.993495216221 -0.592215270501 0.754159331391 1.7288423121 -0.740222002955 -0.634011241288 -1.08560715828 -0.906538083327 -1.13676558531 -1.84057378311 -1.87326803074 -1.15155612474
2018-01-19 15:29:40.609964 1700000 1700000 -1.10455007198 6.13744884338 -2.30154520823 2.45639218044 -0.950207771123 -0.582880583966 -1.36313735895 -0.233206768101 -0.487795078857 -0.548866201671 -1.0497195674 -0.87443717365 -1.10352080986 -1.04129822669 -0.999540285524 -0.851552831342
2018-01-19 15:29:45.625566 2101000 2101000 -1.15825421654 1.57981016304 -2.31367094828 -0.0865859524587 -0.975284839335 -0.587506476583 -0.549170803195 -0.684701016669 -0.278025911592 -0.395605130362 -1.068962977 -0.893596214604 -1.1574702359 -1.82593434024 -1.88014777676 -1.07008314912
2018-01-19 15:29:50.640067 2101000 2101000 -1.1486318813 3.24742945739 -2.31374626344 -0.108228319547 -0.978825131318 -0.588153106734 -0.327850591661 -0.19418874662 -0.496242159418 -0.504590781071 -1.07598545349 -0.907337434043 -1.14776569483 -1.85616383916 -1.89620051749 -1.13785039052
2018-01-19 15:29:55.652826 1700000 1700000 -1.11071823559 5.39541683887 -2.30139457792 2.61870993361 -0.994011508802 -0.59153547983 1.31975542753 1.478012174 -0.761480489033 -0.643206905567 -1.08562539848 -0.900320911097 -1.1098764287 -1.05099448106 -0.992660539498 -0.913228635315
2018-01-19 15:30:00.671532 1700000 1700000 -1.10825097015 5.27825389079 -2.29958701419 3.05155727538 -0.993473089396 -0.591568640351 1.13122339548 1.51145619241 -0.758664795513 -0.64468275292 -1.08437594487 -0.897910170845 -1.10743195991 -0.922661702611 -0.841306126941 -0.901807190135
2018-01-19 15:30:05.687694 1700000 1700000 -1.1401609366 4.61433051833 -2.31340734524 -0.108228319547 -0.986643276113 -0.590706466816 -0.274569799996 0.680929735172 -0.654765704613 -0.598250324649 -1.0785390813 -0.897656408713 -1.13945450097 -1.83220838718 -1.88244102544 -1.08759603173
2018-01-19 15:30:10.703790 2101000 2101000 -1.16220184126 0.822156432121 -2.31306842704 -0.14069187018 -0.966802889793 -0.585036017802 -0.598353072424 -0.952253163969 0.0866063992922 -0.200906806439 -1.06394692236 -0.907565819961 -1.16143027533 -1.84988979221 -1.90078701484 -1.09749461755
2018-01-19 15:30:15.716554 2101000 2101000 -1.16355883725 0.615168557179 -2.31325671492 -0.146102461952 -0.956550794259 -0.583079547089 -0.905742255109 -1.20252590176 0.4822113389 -0.0482133687267 -1.05665084289 -0.902858532416 -1.16279917784 -1.84931942431 -1.90537351219 -1.07998173495
2018-01-19 15:30:20.729111 1800000 1800000 -1.14406744022 1.86490667004 -2.30184646886 2.51049809816 -0.961566207901 -0.583411152295 -0.594254549988 -0.205336752757 -0.300551459754 -0.412634138285 -1.05610363693 -0.88128875121 -1.14336565102 -1.07818201782 -1.03164576698 -0.892670033991
2018-01-19 15:30:25.747176 1700000 1700000 -1.11976487557 5.74690568311 -2.30696789943 2.61870993361 -0.990124563229 -0.59155206009 0.0451149499967 1.68425028755 -0.727269812761 -0.638154966549 -1.08027190017 -0.901843483888 -1.11892096319 -0.975135549798 -0.884877851768 -0.967290142501
2018-01-19 15:30:30.766470 2101000 2101000 -1.15060569365 2.62256040096 -2.31246590579 0.140658901971 -0.960091086242 -0.583527214117 -0.749998402549 -0.762737059631 -0.163990324018 -0.354167877749 -1.05911326971 -0.893596214604 -1.14972126986 -1.79190238862 -1.84574904664 -1.04800168844
2018-01-19 15:30:35.781836 1700000 1700000 -1.14706927985 3.67702693369 -2.31434878468 -0.119049503091 -0.976538692745 -0.588219427775 -0.704914655755 -0.116152703658 -0.476532304775 -0.514808185825 -1.07133420282 -0.899052100438 -1.14629901356 -1.85179101856 -1.90308026352 -1.09749461755
2018-01-19 15:30:40.799840 1800000 1800000 -1.15385425983 0.841683590135 -2.30237367494 2.51049809816 -0.972555864265 -0.58074173039 0.737765241647 -0.0882826883138 -0.316037774116 -0.217368180765 -1.06841577104 -0.885222064253 -1.15314352615 -1.07951287627 -1.0201795236 -0.936071525675
2018-01-19 15:30:41.534188 1700000 1700000 -1.13958524132 4.77054778244 -2.3136332907 -0.119049503091 -0.979562692147 -0.588733415843 -0.495890011529 1.94622843178 -0.570858037707 -0.557380705633 -1.06850697203 -0.873802768321 -1.13872116033 -1.82612446287 -1.88702752279 -1.04800168844
