number of threads 160
reads 4359256
long reads 0
extra reads 0
read_length 101
kmer 60
kmers 21358992 21002905
merge bubble 63
contigs: 46968 n50: 266 max: 8310 mean: 118 total length: 5562158 n80: 60
aligned 179631 reads
confirmed bases: 2090917 correct reads: 85085 bases: 3801
kmer 20
kmers 49539227 49523114
merge bubble 12737
contigs: 285138 n50: 349 max: 6768 mean: 121 total length: 34637364 n80: 223
aligned 871350 reads
confirmed bases: 8060047 correct reads: 101685 bases: 1171
distance mean -nan sd -nan
invalid insert distance
kmer 40
kmers 36545492 36836418
merge bubble 91
contigs: 188496 n50: 390 max: 9579 mean: 174 total length: 32802792 n80: 246
aligned 873096 reads
confirmed bases: 8438900 correct reads: 113858 bases: 231
distance mean -nan sd -nan
invalid insert distance
kmer 60
kmers 33123279 33111700
merge bubble 14
contigs: 100625 n50: 444 max: 20308 mean: 282 total length: 28442554 n80: 287
aligned 842206 reads
confirmed bases: 8291952 correct reads: 115240 bases: 53
distance mean -nan sd -nan
invalid insert distance
kmer 80
kmers 24350413 24211506
merge bubble 2
contigs: 53400 n50: 503 max: 20328 mean: 451 total length: 24117638 n80: 339
aligned 802276 reads
confirmed bases: 8036078 correct reads: 114920 bases: 24
distance mean -nan sd -nan
invalid insert distance
kmer 100
kmers 19083317 18976657
merge bubble 1
contigs: 40923 n50: 539 max: 20328 mean: 536 total length: 21944412 n80: 370
reads 4359256
aligned 763160 reads
distance mean -nan sd -nan
invalid insert distance
