number of threads 160
reads 4359256
long reads 0
extra reads 0
read_length 101
kmer 60
kmers 21358992 21002905
merge bubble 63
contigs: 46968 n50: 266 max: 8310 mean: 118 total length: 5562158 n80: 60
aligned 179626 reads
confirmed bases: 2090935 correct reads: 85096 bases: 3802
kmer 20
kmers 49539226 49523113
merge bubble 12737
contigs: 285138 n50: 349 max: 6768 mean: 121 total length: 34637364 n80: 223
aligned 871351 reads
confirmed bases: 8060132 correct reads: 101692 bases: 1177
distance mean -nan sd -nan
invalid insert distance
kmer 40
kmers 36545526 36836455
merge bubble 91
contigs: 188500 n50: 390 max: 9579 mean: 174 total length: 32803066 n80: 246
aligned 873072 reads
confirmed bases: 8438404 correct reads: 113877 bases: 226
distance mean -nan sd -nan
invalid insert distance
kmer 60
kmers 33123285 33111704
merge bubble 14
contigs: 100628 n50: 444 max: 20308 mean: 282 total length: 28442481 n80: 287
aligned 842195 reads
confirmed bases: 8291512 correct reads: 115264 bases: 51
distance mean -nan sd -nan
invalid insert distance
kmer 80
kmers 24350111 24211199
merge bubble 2
contigs: 53400 n50: 503 max: 20328 mean: 451 total length: 24117209 n80: 339
aligned 802256 reads
confirmed bases: 8035742 correct reads: 114933 bases: 24
distance mean -nan sd -nan
invalid insert distance
kmer 100
kmers 19082790 18976131
merge bubble 0
contigs: 40924 n50: 539 max: 20328 mean: 536 total length: 21944327 n80: 370
reads 4359256
aligned 763160 reads
distance mean -nan sd -nan
invalid insert distance
