503.0Gb memory in total.
Using: 453.403Gb.
MEGAHIT v1.1.1
--- [Sun Jan 21 15:07:16 2018] Start assembly. Number of CPU threads 160 ---
--- [Sun Jan 21 15:07:16 2018] Available memory: 540930650112, used: 486837585100
--- [Sun Jan 21 15:07:16 2018] Converting reads to binaries ---
    [read_lib_functions-inl.h  : 209]     Lib 0 (/scratch/shofmeyr/hipmer_metagenome_data/SYNTHbbqc_25perc.fq): interleaved, 36327152 reads, 101 max length
    [utils.h                   : 126]     Real: 58.2121	user: 32.3920	sys: 3.5040	maxrss: 157008
--- [Sun Jan 21 15:08:15 2018] k-max reset to: 119 ---
--- [Sun Jan 21 15:08:15 2018] k list: 21,29,39,59,79,99,119 ---
--- [Sun Jan 21 15:08:15 2018] Extracting solid (k+1)-mers for k = 21 ---
--- [Sun Jan 21 15:08:54 2018] Building graph for k = 21 ---
--- [Sun Jan 21 15:09:27 2018] Assembling contigs from SdBG for k = 21 ---
--- [Sun Jan 21 15:10:43 2018] Local assembling k = 21 ---
--- [Sun Jan 21 15:11:22 2018] Extracting iterative edges from k = 21 to 29 ---
--- [Sun Jan 21 15:14:29 2018] Building graph for k = 29 ---
--- [Sun Jan 21 15:14:51 2018] Assembling contigs from SdBG for k = 29 ---
--- [Sun Jan 21 15:16:01 2018] Local assembling k = 29 ---
--- [Sun Jan 21 15:17:00 2018] Extracting iterative edges from k = 29 to 39 ---
--- [Sun Jan 21 15:19:18 2018] Building graph for k = 39 ---
--- [Sun Jan 21 15:19:37 2018] Assembling contigs from SdBG for k = 39 ---
--- [Sun Jan 21 15:20:39 2018] Local assembling k = 39 ---
--- [Sun Jan 21 15:21:42 2018] Extracting iterative edges from k = 39 to 59 ---
--- [Sun Jan 21 15:23:44 2018] Building graph for k = 59 ---
--- [Sun Jan 21 15:24:04 2018] Assembling contigs from SdBG for k = 59 ---
--- [Sun Jan 21 15:24:45 2018] Local assembling k = 59 ---
--- [Sun Jan 21 15:25:47 2018] Extracting iterative edges from k = 59 to 79 ---
--- [Sun Jan 21 15:26:21 2018] Building graph for k = 79 ---
--- [Sun Jan 21 15:26:38 2018] Assembling contigs from SdBG for k = 79 ---
--- [Sun Jan 21 15:27:14 2018] Local assembling k = 79 ---
--- [Sun Jan 21 15:28:09 2018] Extracting iterative edges from k = 79 to 99 ---
--- [Sun Jan 21 15:28:17 2018] Building graph for k = 99 ---
--- [Sun Jan 21 15:28:30 2018] Assembling contigs from SdBG for k = 99 ---
--- [Sun Jan 21 15:29:02 2018] Local assembling k = 99 ---
--- [Sun Jan 21 15:29:58 2018] Extracting iterative edges from k = 99 to 119 ---
--- [Sun Jan 21 15:30:03 2018] Building graph for k = 119 ---
--- [Sun Jan 21 15:30:14 2018] Assembling contigs from SdBG for k = 119 ---
--- [Sun Jan 21 15:30:41 2018] Merging to output final contigs ---
--- [STAT] 57765 contigs, total 191891163 bp, min 200 bp, max 708009 bp, avg 3322 bp, N50 15302 bp
--- [Sun Jan 21 15:30:42 2018] ALL DONE. Time elapsed: 1405.826081 seconds ---
