number of threads 160
reads 4359256
long reads 0
extra reads 0
read_length 101
kmer 60
kmers 21358992 21002905
merge bubble 63
contigs: 46968 n50: 266 max: 8310 mean: 118 total length: 5562158 n80: 60
aligned 179639 reads
confirmed bases: 2090902 correct reads: 85085 bases: 3807
kmer 20
kmers 49539226 49523113
merge bubble 12737
contigs: 285138 n50: 349 max: 6768 mean: 121 total length: 34637364 n80: 223
aligned 871346 reads
confirmed bases: 8059919 correct reads: 101654 bases: 1175
distance mean -nan sd -nan
invalid insert distance
kmer 40
kmers 36545753 36836683
merge bubble 91
contigs: 188496 n50: 390 max: 9579 mean: 174 total length: 32802732 n80: 246
aligned 873074 reads
confirmed bases: 8438621 correct reads: 113866 bases: 229
distance mean -nan sd -nan
invalid insert distance
kmer 60
kmers 33123117 33111535
merge bubble 14
contigs: 100622 n50: 444 max: 20308 mean: 282 total length: 28441681 n80: 287
aligned 842197 reads
confirmed bases: 8291685 correct reads: 115291 bases: 49
distance mean -nan sd -nan
invalid insert distance
kmer 80
kmers 24349794 24210891
merge bubble 2
contigs: 53398 n50: 503 max: 20328 mean: 451 total length: 24117066 n80: 339
aligned 802270 reads
confirmed bases: 8035971 correct reads: 114937 bases: 24
distance mean -nan sd -nan
invalid insert distance
kmer 100
kmers 19082850 18976191
merge bubble 0
contigs: 40923 n50: 539 max: 20328 mean: 536 total length: 21944436 n80: 370
reads 4359256
aligned 763179 reads
distance mean -nan sd -nan
invalid insert distance
