Date Time Prediction All_Predictions EXEC IPC FREQ AFREQ L3MISS_Rate L2MISS_Rate L3HIT L2HIT L3MPI L2MPI READ_Rate WRITE_Rate INST_Rate POWER_Total POWER_Proc POWER_DRAM
2018-01-19 15:31:18.075351 1700000 1700000 -1.09468101019 6.76231789981 -2.30000124754 2.45639218044 -0.992883040732 -0.591883665296 0.754159331391 2.82692091664 -0.759650288245 -0.653254020241 -1.08428474388 -0.896260716988 -1.09398738161 -0.266928735411 -0.0937070588561 -0.757896980865
2018-01-19 15:31:23.075631 1700000 1700000 -1.11318550104 6.91853516391 -2.30813528435 2.348180345 -0.993967255152 -0.593059205749 0.0287208602535 3.0833250578 -0.760213426949 -0.661257653965 -1.08410234189 -0.899559624702 -1.11256534436 -0.283659527268 -0.100586804881 -0.802059902228
2018-01-19 15:31:28.089038 1700000 1700000 -1.1401609366 6.44988337159 -2.31811454246 -0.0703541771423 -0.994579430641 -0.593163661389 0.286927773709 2.69314484299 -0.750358499628 -0.651607882809 -1.08346393494 -0.904114654968 -1.13945450097 -1.62858704538 -1.61413093045 -1.16297756992
2018-01-19 15:31:33.102376 1700000 1700000 -1.12922272645 6.95758947994 -2.31453707257 -0.0919965442308 -0.994690064765 -0.593349360304 0.00412972563872 3.06660304859 -0.759227934217 -0.660746783728 -1.08713021487 -0.902477889218 -1.12820994457 -1.56812804754 -1.54991996755 -1.13404324213
2018-01-19 15:31:38.111863 1700000 1700000 -1.12922272645 6.95758947994 -2.31457473015 -0.0919965442308 -0.994771196457 -0.593301277549 0.176267667942 3.02758502711 -0.759931857597 -0.659952096691 -1.08732173696 -0.902858532416 -1.12820994457 -1.59113288634 -1.57743895165 -1.13480467181
2018-01-19 15:31:43.122206 1700000 1700000 -1.12922272645 6.95758947994 -2.31461238772 -0.0865859524587 -0.994778572065 -0.593316199784 0.155775055763 3.04430703632 -0.760072642273 -0.66017915013 -1.08713933497 -0.90209724602 -1.12820994457 -1.58656994311 -1.5728524543 -1.1317589531
2018-01-19 15:31:48.134831 1700000 1700000 -1.12881151554 6.99664379597 -2.31457473015 -0.0865859524587 -0.994785947673 -0.59332614794 0.13938096602 3.04988103939 -0.760213426949 -0.660406203569 -1.08716669527 -0.902351008152 -1.12820994457 -1.59303411269 -1.57973220033 -1.13480467181
2018-01-19 15:31:53.147955 1700000 1700000 -1.12922272645 6.95758947994 -2.31457473015 -0.0865859524587 -0.99480069889 -0.593302935575 0.196760280121 3.03315903018 -0.760213426949 -0.660008860051 -1.08718493547 -0.902477889218 -1.12820994457 -1.59664644275 -1.58431869768 -1.13404324213
2018-01-19 15:31:58.160834 1700000 1700000 -1.14678143221 6.25461179146 -2.32056228501 -0.0919965442308 -0.995162103696 -0.593128842843 0.770553421134 2.52035074786 -0.751907131064 -0.645193623158 -1.08373753792 -0.905370777521 -1.14605456668 -1.69075714694 -1.67375539601 -1.21399335839
2018-01-19 15:32:03.172013 1700000 1700000 -1.1610915718 4.96581936257 -2.32542011255 -0.0865859524587 -0.995132601263 -0.593105630478 0.778750466005 1.72326830903 -0.724172549889 -0.616982233365 -1.08091030713 -0.907032919484 -1.16033026437 -1.76604571029 -1.74713935361 -1.27186201397
2018-01-19 15:32:08.189039 1700000 1700000 -1.13374604643 6.37177473954 -2.31521490897 -0.0919965442308 -0.994837576931 -0.593200137962 0.422179014091 2.87151294119 -0.758101656809 -0.656092188228 -1.08634588633 -0.903391432893 -1.13309888213 -1.65368323317 -1.6462364119 -1.15688613249
2018-01-19 15:32:13.203709 1700000 1700000 -1.1321012028 6.84042653186 -2.31555382717 -0.097407136003 -0.994926084231 -0.593268117029 0.372996744861 2.97184499642 -0.759931857597 -0.658192432539 -1.08645532752 -0.902858532416 -1.13114330711 -1.62782655484 -1.6187174278 -1.14470325763
2018-01-19 15:32:18.215527 1700000 1700000 -1.12881151554 6.80137221583 -2.31412283921 -0.0919965442308 -0.994284406309 -0.59272925857 0.67628740511 2.61510880003 -0.755426747965 -0.650415852254 -1.08609052355 -0.8999402679 -1.12796549769 -1.62136238526 -1.61413093045 -1.13404324213
2018-01-19 15:32:23.227195 1700000 1700000 -1.12798909372 6.95758947994 -2.31412283921 -0.0919965442308 -0.989077226851 -0.59153547983 -0.262274232688 0.714373753585 -0.708263881499 -0.631059546581 -1.0799070962 -0.891439236483 -1.12723215705 -1.6221228758 -1.62330392515 -1.1066317737
2018-01-19 15:32:28.241283 1700000 1700000 -1.12634425009 7.11380674405 -2.31385923617 -0.0919965442308 -0.983988057126 -0.590209059008 -0.536875235887 0.279601514223 -0.665183770638 -0.61130589739 -1.07917748825 -0.895372549527 -1.12552102891 -1.60862416873 -1.60725118443 -1.10587034402
2018-01-19 15:32:33.255893 1700000 1700000 -1.12922272645 6.80137221583 -2.31419815437 -0.0919965442308 -0.982807959798 -0.590192478748 -0.786885104471 0.140251437505 -0.647022547432 -0.607332462208 -1.07771827236 -0.893976857802 -1.12845439145 -1.63314998862 -1.63935666588 -1.09749461755
2018-01-19 15:32:38.267309 1700000 1700000 -1.12881151554 6.64515495173 -2.31374626344 -0.0919965442308 -0.982734203715 -0.590092997186 -0.741801357677 0.184843462054 -0.647163332108 -0.606197195013 -1.07416143362 -0.893849976736 -1.12796549769 -1.6264956964 -1.63247691985 -1.09368746916
2018-01-19 15:32:43.279494 1700000 1700000 -1.12963393735 6.80137221583 -2.31442409984 -0.0865859524587 -0.982955471964 -0.59032512083 -0.864757030751 0.207139474329 -0.646881762756 -0.609035363 -1.07835667931 -0.894103738867 -1.1289432852 -1.61927103628 -1.62101067648 -1.10282462531
2018-01-19 15:32:48.296036 1700000 1700000 -1.12922272645 6.87948084789 -2.31449941499 -0.0919965442308 -0.982881715881 -0.590291960309 -0.848362941008 0.156973446711 -0.64744490146 -0.609035363 -1.07835667931 -0.894103738867 -1.12869883832 -1.61851054574 -1.62101067648 -1.09977890659
2018-01-19 15:32:53.310253 1700000 1700000 -1.13374604643 6.09839452735 -2.31446175741 -0.0865859524587 -0.983029228047 -0.590242219528 -0.774589537164 0.134677434436 -0.635618988674 -0.601088492636 -1.07835667931 -0.893849976736 -1.13285443525 -1.61451797041 -1.61642417913 -1.09901747691
2018-01-19 15:32:58.321942 1300000 1300000 -1.17281108268 -0.888422609855 -2.3143111271 -0.0919965442308 -0.984061813209 -0.590391441871 -0.655732386526 -0.578794958363 0.292152026277 -0.0993003924966 -1.04515951773 -0.769760294268 -1.17203926984 -1.5810563867 -1.62330392515 -0.942162963105
2018-01-19 15:33:03.337708 1500000 1500000 -1.17699309761 -1.62928298488 -2.3143111271 -0.0865859524587 -0.989814787681 -0.592198690241 -0.774589537164 -0.249928777307 1.46770407102 0.48536221287 -1.02746652502 -0.692362844058 -1.17625597849 -1.54740468035 -1.60725118443 -0.860689987486
2018-01-19 15:33:08.635590 1300000 1300000 -1.17654898983 -1.46252105545 -2.31826517277 -1.10918779739 -0.990441714386 -0.592231850762 -0.565564892938 -0.127300709795 0.82009456134 0.212898086097 -1.03230017767 -0.710126193287 -1.17581108517 -1.73961866407 -1.83657605194 -0.869065713952
2018-01-19 15:33:13.651874 1300000 1300000 -1.13662452279 -1.40393958141 -2.03515550299 -0.606002762583 -0.953969331355 -0.580376964664 -0.438510697428 -0.116152703658 -0.323077007917 -0.410931237493 -0.761159624407 -0.000861034806545 -1.13407666965 -1.16240634501 -1.29766261329 -0.346724954379
2018-01-19 15:33:18.670928 1700000 1700000 -0.23278294736 2.27107155672 -1.52866108179 -1.09836661385 -0.682473189926 -0.451962848825 0.381193789733 0.418951590942 -0.631395448394 -0.554542537646 -0.78487188268 -0.244472681369 -0.217156429217 -1.1240015728 -1.26326388316 -0.307130611087
2018-01-19 15:33:23.685721 1700000 1700000 -0.549415346395 2.19296292466 -1.78473261072 -1.12000898094 -0.904478999679 -0.565371829114 -0.536875235887 1.41112413718 -0.715584684652 -0.639574050543 -1.00284225681 -0.800592393286 -0.549604183678 -1.51185174765 -1.54762671887 -0.91627435403
2018-01-19 15:33:28.699888 1700000 1700000 -1.14674031112 3.75513556574 -2.31438644226 -0.102817727775 -0.983766788877 -0.588418390898 0.307420385888 0.669781729035 -0.584936505308 -0.521619788994 -1.07799187534 -0.880908108012 -1.14605456668 -1.64246599772 -1.65082290925 -1.09673318788
2018-01-19 15:33:33.714104 1700000 1700000 -1.06425140301 3.71608124971 -2.26185412125 -0.0919965442308 -0.961197427487 -0.578569716294 0.307420385888 0.563875670729 -0.637026835435 -0.56248940801 -1.00995593429 -0.715201435923 -1.06343152182 -1.58010577352 -1.6462364119 -0.862212846843
2018-01-19 15:33:38.725469 1700000 1700000 -1.10002675199 3.05215787726 -2.2780468797 -0.0919965442308 -0.958025915919 -0.579564531911 -0.0327569762835 0.452395609354 -0.551148183064 -0.520484521799 -1.0167048078 -0.724083110538 -1.09912076605 -1.55957252897 -1.62101067648 -0.863735706201
2018-01-19 15:33:43.995130 1500000 1500000 -1.17743309328 -1.7058294443 -2.31438644226 -0.0865859524587 -0.989593519432 -0.592231850762 -0.909840777545 -0.980123179312 2.41096140033 0.911087410952 -1.02454809323 -0.672061873511 -1.1766935384 -1.53732818071 -1.60266468708 -0.83556280809
2018-01-19 15:33:49.011489 1300000 1300000 -1.00997156317 -0.259648121823 -1.96850159031 -0.0865859524587 -0.850637059108 -0.552273423496 -0.795082149343 -0.210910755826 -0.393469345925 -0.477344368394 -0.765719674075 -0.0985594555632 -1.00280869601 -1.04395994357 -1.15089469808 -0.359669258916
2018-01-19 15:33:54.026020 1700000 1700000 -0.38493098326 2.19296292466 -1.63786805736 -0.578949803723 -0.572576626294 -0.472024963759 -0.7786880596 0.168121452848 -0.539885408983 -0.551704369659 -0.84050448863 -0.647954470987 -0.36871349375 -1.19605805136 -1.26097063449 -0.603326756093
2018-01-19 15:33:59.039044 1700000 1700000 -1.15031784602 3.79418988177 -2.31683418481 -1.11459838916 -0.985241910536 -0.589827713022 -0.0450525435909 0.82585381496 -0.583528658548 -0.543189865697 -1.07151660481 -0.885983350649 -1.14947682298 -1.80863318048 -1.85492204134 -1.08455031302
2018-01-19 15:34:04.053372 1700000 1700000 -0.838496614605 4.10662440998 -2.13268862945 -0.0919965442308 -0.849899498278 -0.512646601436 0.758257853826 -0.456166890851 -0.583528658548 -0.477344368394 -0.933529501857 -0.673330684171 -0.838051500048 -1.44625943867 -1.52010773477 -0.744952676327
2018-01-19 15:34:09.064397 1700000 1700000 -0.759132909392 4.96581936257 -2.11611929522 -0.0865859524587 -0.905954121339 -0.403714291421 1.97551901726 -1.09717724376 -0.683204209168 -0.297972151602 -1.00922632635 -0.86885440675 -0.757384030216 -1.45975814574 -1.46965626392 -0.966528712822
2018-01-19 15:34:14.074870 1800000 1800000 -1.17285220377 1.09163121271 -2.32771722479 -0.097407136003 -0.987602105191 -0.591220454885 -0.434412174992 -0.0046726422827 0.0148062145236 -0.214530012778 -1.0716078058 -0.897022003384 -1.17211260391 -1.74018903197 -1.73337986156 -1.21399335839
2018-01-19 15:34:19.094770 1700000 1700000 -1.17297556704 2.62256040096 -2.33012730977 -0.0865859524587 -0.996364327849 -0.59307578601 1.68042540188 -0.255502780376 -0.697564246122 -0.481885437173 -1.08109270911 -0.907413562682 -1.17223482735 -1.75596921065 -1.73108661288 -1.28480631851
2018-01-19 15:34:24.107533 1700000 1700000 -0.224558729203 0.564397946344 -0.952500141692 0.167711860831 0.226939313149 -0.171590647554 -0.254077187817 -0.7683110627 -0.187923718941 -0.309324823551 -0.109072521883 -0.391654717833 -0.219600897999 -0.652497438653 -0.839012878266 0.17257008648
2018-01-19 15:34:29.119280 1900000 1900000 -0.0354017115978 0.90807592738 -0.880950743902 -0.0865859524587 0.42608073718 -0.0920053982281 -0.200796396151 -0.907661139419 -0.203410033303 -0.311027724343 0.0368490674931 -0.784986022178 -0.0338212705065 -0.609149477934 -0.751869428612 0.0568327753207
2018-01-19 15:34:34.131046 1900000 1900000 -0.109419675009 0.990089991037 -1.01651802393 -0.0865859524587 0.322822221016 -0.131798022891 -0.217190485895 -0.851921108731 -0.206225726823 -0.315568793122 -0.0452318265309 -0.853248035642 -0.109599802773 -0.659912221408 -0.774801915363 -0.0703259810185
2018-01-19 15:34:39.142796 1700000 1700000 -0.0682985842248 1.31424081406 -1.09936469505 0.422009674122 -0.0238313689643 -0.198119063996 0.155775055763 -0.394852857095 -0.377983031564 -0.380846656828 -0.331602945681 -0.593395612642 -0.0631548959002 -0.5865248844 -0.664725978958 -0.141900370814
2018-01-19 15:34:44.156320 1300000 1300000 -1.17610488205 -1.51329166629 -2.31223996032 0.427420265894 -0.989077226851 -0.591966566597 -0.766392492292 -0.963401170106 0.791937626137 0.144782054404 -0.987338087939 -0.636535175054 -1.17536374739 -1.40005963843 -1.45131027452 -0.788354168012
2018-01-19 15:34:49.200185 2101000 2101000 -1.17740019641 -1.70153346953 -2.3143111271 -0.0865859524587 -0.99094325575 -0.592248431022 -0.368835816019 -0.985697182381 1.80558729346 0.854324051208 -0.991898137607 -0.64414803901 -1.17666420478 -1.52116775676 -1.59578494105 -0.793684175762
2018-01-19 15:34:54.208596 1800000 1800000 -0.84137509096 0.622979420384 -1.85628200851 -1.12000898094 -0.916279972955 -0.571506525416 -0.840165896137 0.876019842578 -0.673771635875 -0.622034172382 -0.81770424029 -0.224171710822 -0.838051500048 -1.36983013951 -1.49258875067 -0.53022950694
2018-01-19 15:34:59.223089 1700000 1700000 -0.96309351968 4.06757009395 -2.20536775457 1.96943892095 -0.911854607977 -0.568190473361 -0.590156027553 0.60289369221 -0.60042281967 -0.577247881544 -0.985514068072 -0.746921702403 -0.961741620458 -0.639949344761 -0.559236539903 -0.706119762714
2018-01-19 15:35:04.236626 1700000 1700000 -0.693339164138 4.34095030614 -2.05775004966 0.167711860831 -0.837360964173 -0.380501927034 1.72960767111 -1.10275124682 -0.631395448394 -0.309324823551 -0.957241760131 -0.757072187676 -0.69138337308 -1.35785241352 -1.41232504704 -0.74875982472
2018-01-19 15:35:09.249272 1800000 1800000 -1.17059054378 0.95103567501 -2.32455398826 -0.0919965442308 -0.981627862471 -0.589429786775 -0.508185578837 0.140251437505 0.135881035898 -0.158334286631 -1.06513253528 -0.887759685572 -1.16986369263 -1.77555184203 -1.79071107844 -1.16526185896
2018-01-19 15:35:14.562112 2100000 2100000 -1.17491237042 0.10746244883 -2.32805614299 -0.0919965442308 -0.995641518236 -0.592774025273 1.40992292112 -0.740441047356 -0.559595263625 -0.309892457148 -1.0730670217 -0.88344572933 -1.17416595768 -1.74931491844 -1.74255285626 -1.22008479582
2018-01-19 15:35:19.675068 1700000 1700000 -0.734460254922 0.330072050183 -1.62657078403 0.167711860831 -0.343195208244 -0.392108109228 -0.573761937809 -0.595516967569 -0.118939227692 -0.311027724343 -0.514916942335 -0.409418067062 -0.718272529691 -0.960305984289 -1.10502972458 -0.176926136033
2018-01-19 15:35:24.687530 1900000 1900000 0.523845123062 1.31814624566 -0.447888599383 0.914373525386 0.780109935457 -0.0754251379519 -0.745899880113 -0.411574866301 -0.317445620876 -0.434204214988 0.283091749565 -0.0693768104021 0.599296144239 0.956700541741 0.958894083018 0.647702205975
2018-01-19 15:35:29.700896 1700000 1700000 -0.0107290571275 1.63448620548 -1.15585106173 -0.0811753606866 0.167934446769 -0.252833922907 -0.725407267934 -0.428296875507 -0.320261314397 -0.434204214988 -0.172913217235 -0.348515155421 -0.00693211389573 -0.660862834582 -0.843599375616 0.154295774191
2018-01-19 15:35:34.700498 2101000 2101000 -1.16635507142 -0.466635996765 -2.30418123868 0.416599082349 -0.964590207303 -0.583179028651 -0.278668322432 -1.27554534196 0.465317177778 0.0880186946596 -1.06513253528 -0.879766178419 -1.16558587226 -1.46565194741 -1.45589677187 -1.03581881358
2018-01-19 15:35:39.710496 2101000 2101000 -1.17595273401 -1.44689932904 -2.3143111271 -0.0865859524587 -0.972113327767 -0.58553342561 -0.208993441023 -1.62615013498 3.73433735489 2.15988132533 -1.07115180084 -0.881542513342 -1.17521707926 -1.59113288634 -1.60266468708 -1.05104740716
2018-01-19 15:35:44.718739 2101000 2101000 -1.17547572936 -1.52657013373 -2.30553691148 1.91533300323 -0.965622792465 -0.583361411514 -0.237683098074 -1.64114420323 4.00182823932 2.30178972469 -1.06604454521 -0.873549006189 -1.1747281855 -0.527016499728 -0.39182938662 -0.809674199015
2018-01-19 15:35:49.726401 2101000 2101000 -1.17541404772 -1.5347715401 -2.30429421141 2.23996850956 -0.964590207303 -0.583046386569 -0.245880142945 -1.6488920675 4.07222057733 2.33017140456 -1.06513253528 -0.872153314464 -1.17467929613 -0.363511033857 -0.212955989962 -0.74875982472
2018-01-19 15:35:54.734462 2101000 2101000 -1.17549628991 -1.54297294647 -2.30440718415 2.23996850956 -0.964590207303 -0.583062966829 -0.254077187817 -1.65112166873 4.19892678575 2.40396377223 -1.06495013329 -0.871899552332 -1.17475263019 -0.289173083675 -0.128105788983 -0.732769801468
2018-01-19 15:35:59.742686 2101000 2101000 -1.17543049616 -1.53633371274 -2.30433186899 2.23996850956 -0.964590207303 -0.583029806308 -0.245880142945 -1.64827892716 4.10037751253 2.35287674846 -1.06495013329 -0.871899552332 -1.17470374082 -0.324726016371 -0.17167751381 -0.730485512432
2018-01-19 15:36:04.750703 2101000 2101000 -1.17546339303 -1.54023914434 -2.30429421141 2.23996850956 -0.96451645122 -0.582996645788 -0.245880142945 -1.64922650768 4.15669138294 2.39261110028 -1.0648589323 -0.871772671266 -1.1747281855 -0.298489092777 -0.139572032358 -0.73200837179
2018-01-19 15:36:09.758766 2101000 2101000 -1.17538937507 -1.53828642854 -2.30376700532 2.348180345 -0.96451645122 -0.582980065528 -0.241781620509 -1.64682968636 4.04406364213 2.31881873261 -1.06504133428 -0.872026433398 -1.17465485144 -0.380622070983 -0.233595228038 -0.74875982472
2018-01-19 15:36:14.772384 2101000 2101000 -1.17545928092 -1.53828642854 -2.30440718415 2.23996850956 -0.964590207303 -0.582996645788 -0.237683098074 -1.6481674471 4.14261291534 2.3869347643 -1.06495013329 -0.871899552332 -1.1747281855 -0.307995224514 -0.151038275734 -0.73200837179
2018-01-19 15:36:19.786063 1300000 1300000 -1.14875524457 0.103557017227 -2.2814360617 2.23996850956 -0.954116843521 -0.583096127349 -1.1106683769 -1.29728395392 -0.109084300371 -0.361547114515 -1.05637723991 -0.897910170845 -1.14801014171 -0.35723698691 -0.208369492611 -0.738861238898
2018-01-19 15:36:24.805180 1800000 1800000 -1.10783975924 0.236341691718 -2.21628845213 2.23996850956 -0.931694994297 -0.566035039525 0.282829251273 0.151399443642 -0.35264178988 -0.343950472995 -1.03813704124 -0.879258654155 -1.10694306616 -0.391649183797 -0.256527714789 -0.716779778216
2018-01-19 15:36:29.817602 1700000 1700000 -1.13086757008 1.43530919374 -2.28369551636 -1.10918779739 -0.985315666619 -0.581985249911 1.52058302689 1.29407007273 -0.667013971426 -0.460882994068 -1.08091030713 -0.900574673229 -1.13016551959 -1.8208010291 -1.88014777676 -1.0495245478
2018-01-19 15:36:34.832774 1700000 1700000 -1.11565276649 1.43140376214 -2.26712618214 0.162301269059 -0.981627862471 -0.57832101239 1.51238598201 1.32751409115 -0.667436325454 -0.464288795652 -1.07780947335 -0.897656408713 -1.11500981314 -1.60577232921 -1.60495793575 -1.10206319563
2018-01-19 15:36:39.850898 1700000 1700000 -1.10701733742 1.50170153099 -2.2592180908 -0.0865859524587 -0.981701618554 -0.575817393088 1.64353869996 1.39440212797 -0.682922639816 -0.460882994068 -1.07780947335 -0.897656408713 -1.10620972552 -1.65501409161 -1.66228915263 -1.10891606274
2018-01-19 15:36:44.866425 1700000 1700000 -1.09838190836 1.26347020322 -2.24415505969 -0.0865859524587 -0.978456350903 -0.572667143636 1.61075052047 1.3721061157 -0.674616343931 -0.452368490106 -1.07507344355 -0.894484382065 -1.0974096379 -1.62611545113 -1.63247691985 -1.0921646098
2018-01-19 15:36:49.881177 1700000 1700000 -1.10742854833 1.14630725514 -2.25130999947 -0.0919965442308 -0.981332838139 -0.574325169663 1.68042540188 1.31079208194 -0.679684592268 -0.442151085352 -1.07753587037 -0.897022003384 -1.1064541724 -1.6538733558 -1.66228915263 -1.10434748466
2018-01-19 15:36:54.896076 1700000 1700000 -1.10948460287 1.03695517027 -2.25055684791 -0.0865859524587 -0.980300252977 -0.576646406102 1.53287859419 1.23833004205 -0.669125741566 -0.46258589486 -1.07689746342 -0.898417695109 -1.1086541943 -1.6177500552 -1.60725118443 -1.1424189686
2018-01-19 15:37:00.229645 1700000 1700000 -1.11195186832 0.966657401421 -2.25130999947 -0.0865859524587 -0.97565361975 -0.57714381391 1.25827759099 0.937333876334 -0.632803295154 -0.462018261263 -1.07352302666 -0.899432743636 -1.11085421621 -1.61261674406 -1.60495793575 -1.12947466406
2018-01-19 15:37:05.466358 2101000 2101000 -1.09180253383 -1.54531620543 -1.47970623067 -0.0865859524587 -0.960091086242 -0.570014301992 1.00007067754 -0.188614743551 -0.590567892349 -0.451800856509 -1.05400601409 -0.8999402679 -1.08787620965 -1.24301834214 -1.19217317423 -1.01982879033
2018-01-19 15:37:10.485443 2101000 2101000 -1.12017608647 -1.77183123838 -0.798104072777 -0.0865859524587 -0.958394696334 -0.566698249936 1.12302635061 -1.55536029601 -0.489202925617 -0.301377953186 -1.04917236144 -0.902604770284 -1.11623204753 -1.03407356657 -0.939915819971 -1.02059022001
2018-01-19 15:37:15.504346 1800000 1800000 -1.05479355213 -1.5859326941 -0.95626589947 1.96943892095 -0.934350213284 -0.556915896373 0.868917959593 -0.294520801857 -0.552556029824 -0.430230779806 -1.03375939356 -0.893215571406 -1.05145362479 0.0313736784875 0.280092475186 -0.804344191264
2018-01-19 15:37:20.528436 1300000 1300000 -1.05808323939 -1.69294152001 -0.331150108252 2.23996850956 -0.928228458397 -0.553765646921 0.848425347414 -0.924383148625 -0.51735986082 -0.396740397557 -1.02463929422 -0.894611263131 -1.05707590299 0.527974000415 0.853404643963 -0.719064067252
2018-01-19 15:37:25.563275 2101000 2101000 -1.1160639774 -1.76987852258 -0.707725886094 0.178533044376 -0.958837232831 -0.566698249936 1.13532191792 -1.56037689877 -0.497650006178 -0.309324823551 -1.04935476342 -0.902998101588 -1.11500981314 -0.979888615667 -0.894050846469 -0.955868697321
2018-01-19 15:37:30.565617 2101000 2101000 -1.11277429013 -1.68552119996 -1.27635531064 -1.10918779739 -0.960017330159 -0.5705117098 0.971381020488 -1.35079438338 -0.520175554341 -0.376305588049 -1.05309400415 -0.903645195024 -1.11183200372 -1.45044213664 -1.42608453909 -1.07389029752
2018-01-19 15:37:35.573255 2101000 2101000 -1.10455007198 -1.76323928886 -0.500609208281 1.86122708551 -0.949101429879 -0.562884790073 1.00416919997 -1.49460366256 -0.482163691816 -0.324083297084 -1.04187628197 -0.900320911097 -1.10352080986 0.300016961368 0.598854041026 -0.786831308654
2018-01-19 15:37:40.581773 1700000 1700000 -1.12593303918 3.44270103752 -2.29954935661 2.23996850956 -0.977866302239 -0.588119946213 -0.459003309607 0.753391775066 -0.611685593752 -0.578383148739 -1.07206381077 -0.8999402679 -1.12527658203 -0.376249250384 -0.224422233337 -0.761704129258
2018-01-19 15:37:45.595255 1700000 1700000 -1.11359671195 5.55163410297 -2.30331511439 2.348180345 -0.990242572962 -0.591601800871 0.0410164275609 1.6563802722 -0.733605123182 -0.642582508609 -1.08173111607 -0.904977446217 -1.11256534436 -0.424350276972 -0.272580455514 -0.794445605441
2018-01-19 15:37:50.607411 1700000 1700000 -1.13794039769 5.23919957476 -2.31419815437 -0.0757647689144 -0.991341538598 -0.591949986337 0.118888353841 2.01869047167 -0.715162330624 -0.628278141954 -1.08410234189 -0.906880662205 -1.13725447906 -1.60273036706 -1.6003714384 -1.10510891434
2018-01-19 15:37:55.620983 1700000 1700000 -1.14065438968 4.84865641449 -2.31442409984 -0.0865859524587 -0.98656952003 -0.5909220102 -0.463101832043 1.11570197453 -0.651386872388 -0.601656126234 -1.08045430216 -0.903188423187 -1.13994339472 -1.56622682119 -1.5545064649 -1.11120035177
2018-01-19 15:38:00.635597 1700000 1700000 -1.13251241371 5.78595999914 -2.31306842704 -0.0865859524587 -0.992278240852 -0.591734442953 0.631203658317 1.39440212797 -0.732901199802 -0.630264859545 -1.08382873891 -0.905155079709 -1.13163220086 -1.58067614143 -1.56826595695 -1.12338322663
2018-01-19 15:38:05.648195 1700000 1700000 -1.14406744022 5.43447115489 -2.31777562426 -0.097407136003 -0.993421460138 -0.592497134926 0.467262760884 1.2996440758 -0.730930214338 -0.632648920654 -1.08455834686 -0.906918726525 -1.14336565102 -1.77498147413 -1.79071107844 -1.16297756992
2018-01-19 15:38:10.663777 1700000 1700000 -1.13954412023 5.20014525873 -2.31483833319 -0.0919965442308 -0.991518553197 -0.592099208679 0.0492134724325 2.04656048701 -0.714458407244 -0.629243119069 -1.08236952302 -0.905028198643 -1.13872116033 -1.74703344682 -1.76777859168 -1.12719037502
2018-01-19 15:38:15.679339 2100000 2100000 -1.16158502489 1.60324275266 -2.31724841817 -0.0865859524587 -0.987897129523 -0.58851787246 0.926297273694 -0.19418874662 -0.524399094621 -0.389928794387 -1.07343182567 -0.876594151771 -1.16081915813 -1.74285074886 -1.76777859168 -1.11043892209
2018-01-19 15:38:20.689475 1500000 1500000 -1.17726860892 -1.67966305256 -2.31412283921 -0.0919965442308 -0.989962299847 -0.592182109981 -0.692619088448 -0.996845188519 1.87597963147 0.735120995745 -1.02390968628 -0.670793062852 -1.176529759 -1.65634495005 -1.73796635891 -0.862974276522
2018-01-19 15:38:25.703986 1500000 1500000 -1.17687384645 -1.66286969667 -2.30979221777 0.919784117158 -0.988487178187 -0.591883665296 -0.872954075623 -0.90208713635 1.67888108504 0.553478244563 -1.01068554224 -0.614965393848 -1.17613619952 -0.752311821889 -0.728936941861 -0.592666740591
2018-01-19 15:38:30.719408 1500000 1500000 -1.17716169408 -1.63514113229 -2.31604337568 -0.595181579039 -0.990626104593 -0.592265011282 -0.532776713451 -0.863069114869 1.45362560342 0.576183588461 -1.02929054489 -0.692362844058 -1.17642220237 -1.69265837329 -1.77695158639 -0.878964299774
2018-01-19 15:38:35.735363 1500000 1500000 -1.17741253274 -1.68200631152 -2.31619400599 -0.606002762583 -0.99072936311 -0.592331332323 -0.569663415374 -0.868643117938 1.90413656667 0.808913363412 -1.02919934389 -0.691094033399 -1.17667398265 -1.66413997808 -1.73796635891 -0.894192893348
2018-01-19 15:38:40.769789 1500000 1500000 -1.1773508511 -1.67068055987 -2.31615634841 -0.606002762583 -0.990699860676 -0.592298171803 -0.536875235887 -0.863069114869 1.77743035825 0.757826339642 -1.02919934389 -0.692362844058 -1.17661287094 -1.64931041257 -1.71962036951 -0.895715752705
2018-01-19 15:38:45.786503 1500000 1500000 -1.17721926361 -1.6468574271 -2.31604337568 -0.606002762583 -0.99068510946 -0.592265011282 -0.499988533965 -0.818477090319 1.53809640903 0.632946948205 -1.0291081429 -0.691094033399 -1.17647842515 -1.65539433688 -1.72650011553 -0.897238612063
2018-01-19 15:38:50.799647 2000000 2000000 -0.685114945982 -0.275269848234 -1.25376076397 -0.606002762583 -0.765817563687 -0.492750289104 0.31561743076 -0.144022719001 -0.566634497426 -0.506293681863 -0.373555402627 1.02560678847 -0.684049966732 -0.560668206076 -0.770215418013 0.311911717678
2018-01-19 15:38:55.809353 1700000 1700000 -0.508294255611 2.3882345048 -1.77720109517 -0.606002762583 -0.818921943429 -0.520605126368 0.18856323525 0.898315854853 -0.661241799709 -0.586330019103 -0.923497392587 -0.616234204508 -0.505603745587 -1.32420070717 -1.40544530102 -0.636829661955
2018-01-19 15:39:00.819856 1700000 1700000 -0.722123927687 2.3882345048 -1.95419171075 0.67089689564 -0.893415587233 -0.56271898747 -0.614747162167 1.69539829368 -0.67855831486 -0.620388034949 -0.985514068072 -0.763416240972 -0.720716998474 -1.12666328968 -1.08668373518 -0.904091479171
2018-01-19 15:39:05.832834 1700000 1700000 -1.14250483877 3.9894614619 -2.3126165361 -0.0865859524587 -0.989741031598 -0.588285748816 1.26647463587 0.0566413914734 -0.686160687364 -0.536945896125 -1.07507344355 -0.898544576175 -1.14165452287 -1.62744630957 -1.63477016853 -1.08988032077
2018-01-19 15:39:10.844515 1700000 1700000 -1.14443753004 4.18473304203 -2.31446175741 -0.0865859524587 -0.9909875094 -0.588948959227 1.3279524724 0.0120493669235 -0.697141892094 -0.544892766489 -1.08573483968 -0.900067148966 -1.1436100979 -1.56679718909 -1.5545064649 -1.11348464081
2018-01-19 15:39:15.856582 1700000 1700000 -1.14456089331 4.18473304203 -2.31453707257 -0.0865859524587 -0.991098143524 -0.589031860528 1.33205099484 0.0343453791985 -0.698408954178 -0.546595667282 -1.08583516077 -0.900067148966 -1.14385454478 -1.59550570694 -1.58890519503 -1.11424607049
2018-01-19 15:39:20.873260 1700000 1700000 -0.935131177947 0.900265064175 -2.02423480543 -0.0865859524587 -0.964811475552 -0.580260902842 0.295124818581 1.30521807887 -0.722483133777 -0.629810752667 -1.05427961707 -0.854643727367 -0.933874676334 -1.47991114502 -1.47653600995 -1.0243973684
2018-01-19 15:39:25.884749 1800000 1800000 -0.997635235938 0.287112302553 -2.0400509881 -0.0865859524587 -0.980300252977 -0.585002857281 0.741863764083 0.357637557185 -0.740785141659 -0.634919455044 -1.07315822269 -0.88344572933 -0.996697524052 -1.49474071053 -1.47882925862 -1.07617458655
2018-01-19 15:39:30.896473 1700000 1700000 -1.1423814755 3.32553808944 -2.30979221777 -0.0865859524587 -0.982586691549 -0.587688859446 0.372996744861 0.55830166766 -0.593383585869 -0.523890323384 -1.07470863958 -0.878751129891 -1.14165452287 -1.59246374478 -1.59349169238 -1.08683460205
2018-01-19 15:39:35.915885 1700000 1700000 -1.14155905368 3.71608124971 -2.31099726026 0.162301269059 -0.981627862471 -0.587655698925 0.254139594223 0.708799750516 -0.586344352068 -0.526160857774 -1.06276130945 -0.876086627507 -1.14067673536 -1.56394534957 -1.56597270828 -1.06399171169
2018-01-19 15:39:40.928728 1700000 1700000 -1.07905499569 3.63797261766 -2.27051536414 -0.0919965442308 -0.942168358079 -0.57531998528 -0.258175710253 0.156973446711 -0.527214788141 -0.518781621007 -1.00557828661 -0.786254832837 -1.07785388764 -1.54835529352 -1.5911984437 -0.917797213387
2018-01-19 15:39:45.926908 1700000 1700000 -0.966794417851 3.52080966958 -2.19520020857 -0.0919965442308 -0.871288762341 -0.551776015688 -0.315555024354 0.0120493669235 -0.507504933499 -0.510267117045 -0.897049104513 -0.598470855279 -0.96565277051 -1.44549894813 -1.55221321622 -0.635306802597
2018-01-19 15:39:50.937379 1700000 1700000 -1.12716667191 2.58350608493 -2.29348648659 -0.097407136003 -0.945266113564 -0.577923086143 -0.499988533965 0.368785563323 -0.311814233836 -0.410363603895 -1.02938174588 -0.787523643497 -1.12649881642 -1.57877491508 -1.62101067648 -0.940640103747
2018-01-19 15:39:55.978337 1500000 1500000 -1.17740019641 -1.69997129689 -2.31442409984 -0.0865859524587 -0.989814787681 -0.592082628419 -0.622944207039 -1.03586321 2.24201978911 0.967850770696 -1.02591610813 -0.679674737466 -1.17666176031 -1.51014064394 -1.56826595695 -0.84089281584
2018-01-19 15:40:00.979720 1300000 1300000 -1.1722765085 -1.80854229545 -2.10745805233 -0.0865859524587 -0.978087570488 -0.589048440789 -0.918037822417 -0.829625096456 0.65115295012 0.0312553349153 -0.911641263451 -0.373891368605 -1.1715259314 -1.33427720681 -1.41232504704 -0.654342544564
2018-01-19 15:40:05.995311 1800000 1800000 -0.413715746809 1.05257689668 -1.41192259066 -0.595181579039 -0.2082215764 -0.377185874979 -0.938530434596 -0.456166890851 -0.303367153275 -0.441015818157 -0.75933560454 -0.343439912784 -0.412713931841 -0.589376723921 -0.595928518705 -0.381750719598
2018-01-19 15:40:11.009661 1700000 1700000 -0.829861185541 3.24742945739 -2.09239502122 -1.11459838916 -0.888990222255 -0.563713803087 -0.844264418572 1.57834422924 -0.639842528955 -0.605061927818 -0.965449849533 -0.68982522274 -0.828273624917 -1.58961190526 -1.68751488806 -0.763226988615
2018-01-19 15:40:16.023751 1700000 1700000 -1.07206441026 3.59891830163 -2.26524330325 0.156890677287 -0.920705337934 -0.570677512403 -0.557367848066 0.296323523429 -0.449783216332 -0.492670475525 -0.985514068072 -0.777373158223 -1.07125382193 -1.52763192634 -1.55679971357 -0.949015830213
2018-01-19 15:40:21.034213 1700000 1700000 -1.06548503573 3.28648377342 -2.25695863614 -0.0919965442308 -0.891940465574 -0.563050592676 -0.676224998705 0.268453508086 -0.35123394312 -0.446692154132 -0.952681710463 -0.719007867901 -1.06440930934 -1.54208124658 -1.60495793575 -0.84698425327
2018-01-19 15:40:26.105194 2100000 2100000 -1.17547984147 1.53294498381 -2.33132482075 -0.102817727775 -0.994815450106 -0.59286687473 0.844326824978 -0.288946798788 -0.392061499165 -0.266752303742 -1.08072790514 -0.906500019008 -1.1747281855 -1.76623583293 -1.74484610493 -1.28023774044
2018-01-19 15:40:31.113974 1700000 1700000 -0.750908691236 4.10662440998 -2.07996802055 -0.0865859524587 -0.75844195539 -0.412004421559 1.21729236664 -1.41991202144 -0.527214788141 -0.323515663487 -0.893401064779 -0.688556412081 -0.745161686302 -1.28180335963 -1.34582083546 -0.665002560066
2018-01-19 15:40:36.127277 1900000 1900000 -1.04985902123 3.36459240547 -2.24716766591 0.898141750069 -0.915542412125 -0.49606634116 1.65173574483 -0.640108992119 -0.490610772377 -0.0425370327523 -1.00284225681 -0.8377685456 -1.04827581537 -0.503061047752 -0.40100238132 -0.683276872354
2018-01-19 15:40:41.138609 2100000 2100000 -1.17523722703 0.576114241152 -2.32975073399 -0.0703541771423 -0.993030552898 -0.592430813885 0.360701177554 -0.506332918469 -0.171029557819 -0.185580699308 -1.07899508627 -0.907185176764 -1.17450818331 -1.78201601161 -1.77236508903 -1.25206484233
2018-01-19 15:40:46.146711 2100000 2100000 -1.17591983714 0.376937229415 -2.33039091282 0.400367307033 -0.996209440075 -0.592832056184 1.7050165365 -0.63453498905 -0.573673731227 -0.187851233698 -1.08173111607 -0.910179569919 -1.17516818988 -1.77441110622 -1.75401909963 -1.28252202947
2018-01-19 15:40:51.228424 2100000 2100000 -1.17604731252 0.798723842505 -2.33120055074 0.914373525386 -0.996275820549 -0.592982936552 1.67632687945 -0.562072949157 -0.575081577987 -0.212827111985 -1.08191351805 -0.910281074772 -1.17531485801 -0.813911555543 -0.673898973658 -1.02211307937
2018-01-19 15:40:56.238456 1700000 1700000 -0.479509492063 0.505816472304 -1.29894985731 0.941426484246 -0.0312069772618 -0.281020365377 -0.409821040377 -0.81290308725 -0.147096162896 -0.305919021966 -0.311538727142 -0.438600712223 -0.471381182628 0.242409803043 0.300731713262 -0.0276859190126
2018-01-19 15:41:01.250905 1900000 1900000 0.092073669832 0.900265064175 -0.715257401651 0.941426484246 0.485085603559 -0.0522127735652 -0.0983333352563 -0.941105157831 -0.242829742587 -0.322948029889 0.0642093655011 -0.73550240647 0.0981800437647 0.594326799937 0.66765150128 0.163432930336
2018-01-19 15:41:06.263168 1700000 1700000 -0.0066169480491 1.04867146508 -0.918608321686 -0.0865859524587 0.389202695693 -0.105269606449 -0.19259935128 -0.885365127144 -0.231566968506 -0.328056732266 0.00948876948508 -0.848553436203 -0.00693211389573 -0.612951930629 -0.747282931262 0.0263755881736
2018-01-19 15:41:11.274212 1700000 1700000 0.00571937918604 1.41578203573 -1.06170711727 0.422009674122 0.0277978891178 -0.173248673582 0.172169145507 -0.506332918469 -0.380798725084 -0.380846656828 -0.288738478802 -0.603546097916 0.00773469880108 -0.56199906452 -0.644086740882 -0.112204613346
2018-01-19 15:41:16.286914 1300000 1300000 -1.17602675198 -1.45861562385 -2.3143111271 -0.0865859524587 -0.989741031598 -0.592099208679 -0.672126476269 -0.9466791609 0.621588168156 0.0766660227108 -0.994634167408 -0.660642577579 -1.17529041332 -1.5591922837 -1.63477016853 -0.816527066123
2018-01-19 15:41:21.325518 2101000 2101000 -1.17745365383 -1.71051596222 -2.31434878468 -0.0919965442308 -0.99094325575 -0.592265011282 -0.381131383327 -1.04143721307 1.91821503427 0.922440082901 -0.991898137607 -0.651760902965 -1.17671798309 -1.50709868179 -1.57514570298 -0.805867050621
2018-01-19 15:41:26.334195 1800000 1800000 -0.929785436145 0.318355755375 -1.93536292186 -1.12000898094 -0.905216560509 -0.569516894183 -1.00410679357 0.463543615492 -0.613093440512 -0.594844523064 -0.799464041618 -0.18103214841 -0.928496845012 -1.39397571412 -1.53386722682 -0.48987373397
2018-01-19 15:41:31.346086 1700000 1700000 -0.954869301523 3.16932082534 -2.17674799546 1.64480341462 -0.917755094615 -0.569019486375 -0.479495921786 1.39440212797 -0.618724827552 -0.583491851116 -0.989162107807 -0.753265755699 -0.953919320353 -0.462755049188 -0.364310402519 -0.643682529063
2018-01-19 15:41:36.361315 1700000 1700000 -1.03711148309 3.36459240547 -2.23850642302 0.173122452604 -0.878664370638 -0.559568738017 -0.725407267934 0.223861483536 -0.392061499165 -0.472235666017 -0.936265531658 -0.68982522274 -1.03629791833 -1.49245923891 -1.5636794596 -0.785308449297
2018-01-19 15:41:41.372698 1700000 1700000 -0.730348145844 4.38000462217 -2.07883829322 -0.0919965442308 -0.781306341112 -0.363921666758 1.55337120637 -1.09717724376 -0.561003110385 -0.250290929416 -0.914377293251 -0.789807502683 -0.728050404822 -1.39758804418 -1.45360352319 -0.770841285402
2018-01-19 15:41:46.383988 1800000 1800000 -1.16277753653 1.05648232828 -2.31547851201 -0.0919965442308 -0.961713720067 -0.584240165309 -0.819673283958 0.340915547979 0.269626478114 -0.14073764511 -1.04123787502 -0.856166300158 -1.16204139252 -1.60330073496 -1.63018367118 -1.00840734515
2018-01-19 15:41:51.395455 2100000 2100000 -1.17551685045 0.884643337764 -2.33061685828 -0.0865859524587 -0.996541342448 -0.592838688288 1.90174561342 -0.378130847888 -0.652090795768 -0.253696731001 -1.08218712103 -0.910407955838 -1.17477707488 -1.76756669137 -1.74484610493 -1.28556774819
2018-01-19 15:41:56.405078 2100000 2100000 -1.17583759496 0.548776219933 -2.33054154313 0.146069493743 -0.996541342448 -0.592913299459 1.87305595636 -0.411574866301 -0.635618988674 -0.227585585519 -1.08246072401 -0.910610965543 -1.17509485582 -1.7983665582 -1.77924483506 -1.29470490433
2018-01-19 15:42:01.416423 1800000 1800000 -1.1754017114 1.16583441316 -2.33085033527 0.892731158297 -0.996556093665 -0.592891745121 1.89354856854 -0.261076783445 -0.659130029569 -0.283213678068 -1.08246072401 -0.91062365365 -1.17465485144 -0.75516366141 -0.61198125943 -0.992417321897
2018-01-19 15:42:06.429534 1800000 1800000 -0.848365676393 0.251963418129 -1.7884983685 0.941426484246 -0.483331765895 -0.433392957315 -0.52457966858 -0.773885065769 -0.0584018170052 -0.270725738924 -0.652630442308 -0.480471463976 -0.847829375179 -0.147341598163 -0.0982935562063 -0.263729119403
2018-01-19 15:42:11.441124 1700000 1700000 0.379921305319 1.99769134453 -0.911076806129 0.167711860831 0.226939313149 -0.237911688659 -0.741801357677 -0.517480924607 -0.418810587608 -0.48699413955 -0.118192621219 -0.310450835646 0.38173842257 -0.527016499728 -0.70141795776 0.2182558672
2018-01-19 15:42:16.454244 1700000 1700000 0.544405668454 2.15390860864 -0.81316710389 0.167711860831 0.359700262503 -0.199777090024 -0.741801357677 -0.523054927676 -0.418810587608 -0.486426505953 -0.0178715285229 -0.259698409279 0.5479622998 -0.396212127031 -0.579875777979 0.338561756431
2018-01-19 15:42:21.464494 1800000 1800000 -1.07083077753 1.98988048132 -2.2354938168 -0.0811753606866 -0.90226631719 -0.563548000484 -0.438510697428 -0.718145035082 -0.372351644523 -0.439880550962 -1.01606640085 -0.856293181224 -1.06978714066 -1.54436271819 -1.57514570298 -0.955107267642
2018-01-19 15:42:26.476020 2101000 2101000 -1.17554152311 -1.37269612859 -2.31427346952 -0.0919965442308 -0.973588449426 -0.584604931035 0.172169145507 -1.61277252761 2.88962929879 2.02364926194 -1.07206381077 -0.882938205067 -1.17480151957 -1.55634044418 -1.55909296225 -1.05637741491
2018-01-19 15:42:31.486356 2101000 2101000 -1.17567722271 -1.42346673942 -2.31325671492 0.167711860831 -0.972998400763 -0.584372807391 0.172169145507 -1.62893713651 3.15712018322 2.21664468507 -1.0716990068 -0.882176918671 -1.17494818769 -1.53884916179 -1.53845372417 -1.05485455555
2018-01-19 15:42:36.495224 2101000 2101000 -1.17513853642 -1.48595364507 -2.30546159632 1.91533300323 -0.967171670208 -0.582051570952 0.159873578199 -1.63846868176 3.32606179444 2.33017140456 -1.06713895713 -0.87507157898 -1.17441040456 -0.453629162721 -0.309272434316 -0.789877027369
2018-01-19 15:42:41.506555 2101000 2101000 -1.17514264852 -1.50157537148 -2.30440718415 2.23996850956 -0.966507865461 -0.581852607829 0.147578010892 -1.64944946781 3.42461106765 2.38125842833 -1.06650055018 -0.874056530452 -1.17441040456 -0.315790252538 -0.157918021759 -0.740384098255
2018-01-19 15:42:46.514610 2101000 2101000 -1.17521666649 -1.50938623468 -2.30444484172 2.23996850956 -0.966507865461 -0.581869188089 0.143479488456 -1.65190202916 3.50908187326 2.44369812405 -1.06650055018 -0.874183411518 -1.17448373863 -0.317311233616 -0.160211270434 -0.738861238898
2018-01-19 15:42:51.522255 2101000 2101000 -1.17512208798 -1.50157537148 -2.30433186899 2.23996850956 -0.966434109378 -0.581769706527 0.155775055763 -1.6481674471 3.41053260005 2.38125842833 -1.06640934918 -0.874056530452 -1.17438595987 -0.319022337329 -0.162504519109 -0.738099809219
2018-01-19 15:42:56.533904 2101000 2101000 -1.17514676063 -1.50157537148 -2.30436952657 2.23996850956 -0.966434109378 -0.581769706527 0.155775055763 -1.64571488575 3.43868953525 2.4096401082 -1.06640934918 -0.874056530452 -1.17441040456 -0.254570764154 -0.0845340641556 -0.738861238898
2018-01-19 15:43:01.543551 2101000 2101000 -1.15623928309 -0.212782942591 -2.28746127414 2.23996850956 -0.954780648268 -0.581504422363 -0.627042729475 -1.41879722082 0.104908407174 -0.195798104062 -1.05692444587 -0.885602707451 -1.15549021618 -0.315980375173 -0.157918021759 -0.741145527934
2018-01-19 15:43:06.553127 1800000 1800000 -1.1214097192 0.720615210451 -2.25658206036 2.23996850956 -0.95780464767 -0.574490972266 0.577922866651 -0.0046726422827 -0.462453837174 -0.38936116079 -1.0592956717 -0.890043544758 -1.12038764446 -0.425110767511 -0.28863319624 -0.744191246648
2018-01-19 15:43:11.575254 1800000 1800000 -1.1111294465 1.79070346959 -2.26900906103 2.23996850956 -0.984504349707 -0.581554163144 1.4877948474 1.00422191316 -0.695452475982 -0.519349254604 -1.08027190017 -0.900194030032 -1.11012087557 -0.405908381402 -0.261114212139 -0.758658410543
2018-01-19 15:43:16.587116 2101000 2101000 -1.10537249379 -1.22038429608 -1.95419171075 0.167711860831 -0.965180255967 -0.577641221719 0.64759774806 -0.205336752757 -0.580712965028 -0.48699413955 -1.06303491243 -0.898798338306 -1.1042541505 -1.4589976552 -1.45589677187 -1.00916877483
2018-01-19 15:43:21.607401 2101000 2101000 -1.11154065741 -1.75230408037 -0.79057255722 0.167711860831 -0.957878403753 -0.565869236922 1.13942044036 -1.55536029601 -0.510320627019 -0.323515663487 -1.04844275349 -0.902224127086 -1.11060976933 -1.06772527291 -0.965141555397 -1.07160600848
2018-01-19 15:43:26.625552 1300000 1300000 -1.07494288661 -1.7155930233 -0.406465263821 2.13175667411 -0.938259285682 -0.557744909387 0.934494318566 -1.3112189616 -0.51876770758 -0.382549557621 -1.03293858462 -0.898163932977 -1.07394273759 0.361426572387 0.669944749955 -0.776932722832
2018-01-19 15:43:31.676466 1300000 1300000 -1.0741204648 -1.73316746552 -0.199348586008 2.23996850956 -0.936784164022 -0.555921080757 0.967282498052 -1.48735745857 -0.5145441673 -0.369493984879 -1.03038495681 -0.898798338306 -1.07320939695 0.622274827243 0.968067077719 -0.722109785967
2018-01-19 15:43:36.668549 2101000 2101000 -1.11770882103 -1.70817270326 -1.24622924841 -1.09836661385 -0.96178747615 -0.569848499389 1.08204112625 -1.5302772822 -0.51172847378 -0.34054467141 -1.05355000912 -0.904152719288 -1.11696538817 -1.39340534621 -1.38480606294 -0.982518736075
2018-01-19 15:43:41.683561 2101000 2101000 -1.12469940646 -1.73941615608 -1.18974288173 -1.12000898094 -0.966507865461 -0.570345907197 1.22958793394 -1.57375450613 -0.51876770758 -0.308189556356 -1.05692444587 -0.904609491125 -1.12356545388 -1.42116325089 -1.38709931162 -1.08607317237
2018-01-19 15:43:46.689841 1300000 1300000 -1.08398952658 -1.75074190773 -0.184285554894 2.02354483867 -0.945192357481 -0.557579106784 1.10663226087 -1.5631639003 -0.527214788141 -0.353600244151 -1.03667782535 -0.900194030032 -1.08323171896 0.49204082245 0.825885659862 -0.771602715081
2018-01-19 15:43:51.704435 1800000 1800000 -1.12017608647 -0.529122902408 -2.1827732079 2.23996850956 -0.972703376431 -0.585185240144 -0.0573481108983 0.201565471261 -0.587752198829 -0.547163300879 -1.06805096706 -0.899052100438 -1.11916541007 -0.390698570624 -0.242768222738 -0.758658410543
2018-01-19 15:43:56.701235 1700000 1700000 -1.13987308896 6.64515495173 -2.31834048793 -1.09295602208 -0.993679606429 -0.592530295447 0.569725821779 1.61178824765 -0.739799648927 -0.63804143983 -1.08483194984 -0.906791845459 -1.13921005409 -1.78220613425 -1.81823006254 -1.10054033627
2018-01-19 15:44:01.712961 1700000 1700000 -1.13086757008 5.86406863119 -2.31254122095 0.146069493743 -0.990699860676 -0.59153547983 0.258238116658 1.76228633051 -0.719245086228 -0.628107851875 -1.07917748825 -0.904355728994 -1.13016551959 -1.57782430191 -1.56826595695 -1.11196178145
2018-01-19 15:44:06.725321 1700000 1700000 -1.13580210097 5.66879705106 -2.31442409984 -0.0865859524587 -0.987749617357 -0.591004911501 -0.213091963459 1.27734806353 -0.679403022916 -0.611873530988 -1.07972469421 -0.901462840691 -1.13529890404 -1.61508833832 -1.61413093045 -1.10891606274
2018-01-19 15:44:11.737276 1700000 1700000 -1.13497967916 6.76231789981 -2.31645760904 -0.0865859524587 -0.993362455272 -0.592463974406 0.479558328192 1.7288423121 -0.741770634391 -0.641560768134 -1.08474074885 -0.904279600354 -1.13407666965 -1.61451797041 -1.60495793575 -1.13708896085
2018-01-19 15:44:16.750478 1700000 1700000 -1.14558892058 5.74690568311 -2.31916895464 -0.0865859524587 -0.992757655391 -0.592248431022 0.409883446783 1.75671232744 -0.719104301552 -0.624191180052 -1.08246072401 -0.904736372191 -1.14483233229 -1.64607832778 -1.63477016853 -1.16450042928
2018-01-19 15:44:21.762423 1700000 1700000 -1.16018690781 1.9547315969 -2.31747436364 -0.0919965442308 -0.98856093427 -0.589446367035 0.766454898698 -0.0715606791076 -0.561003110385 -0.454071390898 -1.07078699686 -0.861622185993 -1.15942581092 -1.65159188418 -1.65999590395 -1.10282462531
2018-01-19 15:44:26.774092 1500000 1500000 -1.17733029055 -1.6870833726 -2.31449941499 -0.0865859524587 -0.990080309579 -0.59214894946 -0.598353072424 -0.896513133281 1.97452890468 0.837295043284 -1.02655451508 -0.669524252193 -1.17659331518 -1.53808867125 -1.59349169238 -0.869065713952
2018-01-19 15:44:31.786813 1500000 1500000 -1.17724393626 -1.67146164619 -2.31449941499 -0.0865859524587 -0.990072933971 -0.5921323692 -0.581958982681 -0.868643117938 1.79150882586 0.746473667694 -1.02664571608 -0.669524252193 -1.17650775878 -1.5274418037 -1.582025449 -0.864497135879
2018-01-19 15:44:36.802901 1500000 1500000 -1.17733029055 -1.66638458511 -2.31615634841 -0.600592170811 -0.990714611893 -0.592314752063 -0.569663415374 -0.840773102594 1.73519495545 0.718091987821 -1.03248257965 -0.693631654717 -1.17659331518 -1.66813255341 -1.74025960758 -0.902568619813
2018-01-19 15:44:41.818771 1500000 1500000 -1.17731384212 -1.66482241247 -2.31604337568 -0.606002762583 -0.990670358243 -0.592215270501 -0.434412174992 -0.851921108731 1.72111648785 0.769179011591 -1.03239137866 -0.692362844058 -1.1765762039 -1.6314388849 -1.69668788276 -0.900284330777
2018-01-19 15:44:46.830885 1500000 1500000 -1.17735907532 -1.67263327567 -2.31615634841 -0.606002762583 -0.99072936311 -0.592314752063 -0.540973758323 -0.829625096456 1.79150882586 0.757826339642 -1.03230017767 -0.692362844058 -1.17662264881 -1.62573520586 -1.68980813673 -0.900284330777
2018-01-19 15:44:51.846444 1500000 1500000 -1.17731384212 -1.66443186931 -2.31608103326 -0.606002762583 -0.990677733852 -0.592265011282 -0.495890011529 -0.773885065769 1.70703802025 0.735120995745 -1.03230017767 -0.693631654717 -1.17657375943 -1.6226932437 -1.68522163938 -0.903330049492
2018-01-19 15:44:56.861494 1300000 1300000 -0.920327585265 -0.872800883445 -1.44204865289 -0.606002762583 -0.874976566489 -0.545641319385 0.102494264098 -0.132874712864 -0.563818803906 -0.520484521799 -0.395443641033 0.962166255509 -0.918718969881 -0.78368205662 -1.0018335342 0.187798680053
2018-01-19 15:45:01.876688 1700000 1700000 -0.516518473768 2.62256040096 -1.81109291517 -0.606002762583 -0.834410720854 -0.526242414862 0.213154369865 1.02094392237 -0.669970449623 -0.592006355077 -0.926233422388 -0.609890151212 -0.515381620718 -1.37097087532 -1.44901702584 -0.679469723961
2018-01-19 15:45:06.887784 1700000 1700000 -0.896066141703 2.31012587274 -2.09540762744 -1.11459838916 -0.937079188354 -0.574490972266 -0.372934338455 1.80687835506 -0.685315979308 -0.619252767754 -1.03020255482 -0.835484686413 -0.894274282053 -1.6949398449 -1.74255285626 -1.00231590772
2018-01-19 15:45:11.899455 1700000 1700000 -1.1419291435 4.06757009395 -2.3126165361 -0.102817727775 -0.989593519432 -0.588169686994 1.25417906856 -0.0046726422827 -0.685034409956 -0.536378262528 -1.07698866441 -0.897783289779 -1.14116562912 -1.6040612255 -1.60495793575 -1.09521032852
2018-01-19 15:45:16.911494 1700000 1700000 -1.14164129586 4.02851577793 -2.31223996032 -0.0865859524587 -0.989667275515 -0.588269168556 1.24598202369 0.045493385336 -0.686723826069 -0.539784064112 -1.07224621276 -0.897656408713 -1.14092118224 -1.57706381137 -1.57514570298 -1.08607317237
2018-01-19 15:45:21.927475 1700000 1700000 -1.14386183477 4.22378735806 -2.31427346952 -0.0919965442308 -0.990876875276 -0.588832897405 1.33205099484 -0.0492646668326 -0.697141892094 -0.544892766489 -1.08492315083 -0.899813386834 -1.14312120414 -1.62288336634 -1.62330392515 -1.10967749241
2018-01-19 15:45:26.942986 1700000 1700000 -0.92896301433 0.869021611354 -2.01256095632 -0.0865859524587 -0.96451645122 -0.580227742322 0.278730728837 1.11012797147 -0.723468626509 -0.630889256502 -1.0538236121 -0.85642006229 -0.928496845012 -1.48067163556 -1.47653600995 -1.02744308712
2018-01-19 15:45:31.956398 1800000 1800000 -1.06137292665 0.396464387428 -2.15264714567 -0.0865859524587 -0.985389422702 -0.586826685912 0.946789885873 0.173695455917 -0.736843170731 -0.624418233491 -1.07908628726 -0.891946760747 -1.06049815928 -1.52991339795 -1.51552123742 -1.09521032852
2018-01-19 15:45:36.966533 1800000 1800000 -1.07165319935 0.622979420384 -2.18352635946 -0.0865859524587 -0.978013814405 -0.585715808473 0.360701177554 0.530431652316 -0.700239154966 -0.610170630195 -1.07096939885 -0.875325341112 -1.07076492817 -1.5493059067 -1.54304022152 -1.0815045943
2018-01-19 15:45:41.983160 1700000 1700000 -1.14295717077 3.87229851382 -2.31242824821 0.156890677287 -0.982070398968 -0.588219427775 0.127085398713 0.770113784272 -0.583528658548 -0.533540094541 -1.06969258494 -0.879512416287 -1.14214341663 -1.56109351005 -1.55679971357 -1.08302745366
2018-01-19 15:45:46.999071 1700000 1700000 -1.10208280653 3.63797261766 -2.28520181948 0.167711860831 -0.956772062508 -0.580194581801 -0.217190485895 0.296323523429 -0.537069715463 -0.523322689787 -1.03302978561 -0.809220305768 -1.10132078796 -1.50785917232 -1.52240098345 -0.984041595432
2018-01-19 15:45:52.033584 1700000 1700000 -0.982420432348 3.52080966958 -2.20536775457 -0.0865859524587 -0.883089735617 -0.555423672948 -0.282766844867 0.0510673884047 -0.51313632054 -0.512537651435 -0.90890523365 -0.61242777253 -0.981052923842 -1.44778041975 -1.5453334702 -0.667286849102
2018-01-19 15:45:57.048619 1700000 1700000 -1.10249401744 3.05215787726 -2.27955318281 -0.0919965442308 -0.932211286878 -0.573827761855 -0.491791489093 0.212713477398 -0.386430112125 -0.452368490106 -1.01706961177 -0.773566726246 -1.10132078796 -1.54740468035 -1.59349169238 -0.906375768207
2018-01-19 15:46:02.382566 1500000 1500000 -1.17682450114 -1.5976489889 -2.31442409984 -0.0919965442308 -0.989003470768 -0.591833924515 -0.610648639732 -0.779459068838 1.45362560342 0.542125572614 -1.02673691707 -0.683481169444 -1.17608486568 -1.54398247292 -1.60725118443 -0.84698425327
2018-01-19 15:46:07.425679 1300000 1300000 -1.15907663836 -1.37660156019 -2.20310829991 -0.0865859524587 -0.977718790073 -0.588832897405 -0.852461463444 -0.277798792651 -0.332931935238 -0.450097955716 -0.893401064779 -0.318063699601 -1.1574702359 -1.22438632394 -1.31600860269 -0.534036655333
2018-01-19 15:46:12.443324 1700000 1700000 -0.434276292201 1.42359289893 -1.53242683957 -0.57353921195 -0.374910323923 -0.421952577725 -0.901643732674 -0.155170725139 -0.406139966767 -0.489832307537 -0.768455703876 -0.356128019376 -0.412713931841 -0.819995479855 -0.868825111042 -0.399263602207
2018-01-19 15:46:17.488203 1700000 1700000 -0.903467938044 3.20837514136 -2.14134987234 -1.11459838916 -0.916279972955 -0.570677512403 -0.754096924985 1.66195427527 -0.647163332108 -0.606764828611 -0.99007411774 -0.732964785152 -0.901607688401 -1.65482396897 -1.74484610493 -0.834039948732
2018-01-19 15:46:22.501354 1700000 1700000 -1.10825097015 1.63448620548 -2.26373700014 -0.097407136003 -0.947700064302 -0.579100284623 -0.577860460245 0.363211560254 -0.456822450133 -0.497779177902 -1.0221768674 -0.827237417129 -1.10694306616 -1.61622907412 -1.63247691985 -1.05257026651
2018-01-19 15:46:27.574481 1700000 1700000 -1.04656933397 1.82975778561 -2.20800378502 -0.097407136003 -0.882352174787 -0.56089515884 -0.754096924985 0.346489551048 -0.379390878324 -0.46712696364 -0.93170548199 -0.716470246583 -1.04534245283 -1.59949828227 -1.63477016853 -0.977950158002
2018-01-19 15:46:32.593252 1800000 1800000 -1.11318550104 2.42728882083 -2.28068291014 -0.0919965442308 -0.917755094615 -0.5645428161 -0.0368554987193 -0.706997028944 -0.221712041185 -0.299675052394 -1.01305676807 -0.762147430313 -1.11183200372 -1.56888853807 -1.61413093045 -0.923888650816
2018-01-19 15:46:37.604337 1700000 1700000 -0.718011818609 4.45811325422 -2.07507253544 -0.0865859524587 -0.792369753558 -0.363921666758 1.59845495317 -1.14288406892 -0.579305118268 -0.262211234963 -0.925321412455 -0.788792454156 -0.713383592125 -1.37591406382 -1.42149804174 -0.790638457048
2018-01-19 15:46:42.615884 1800000 1800000 -1.16413453252 0.900265064175 -2.31615634841 0.162301269059 -0.96326259781 -0.584803894158 -0.868855553187 0.207139474329 0.31749326796 -0.123708637187 -1.04452111078 -0.862256591322 -1.16338585035 -1.55538983101 -1.5636794596 -1.03734167294
2018-01-19 15:46:47.627097 2100000 2100000 -1.17520844227 0.775291252889 -2.33005199462 -0.0865859524587 -0.994719567199 -0.592646357269 0.991873632667 -0.623386982913 -0.411771353808 -0.244614593442 -1.08054550315 -0.909621293229 -1.17445929394 -1.77136914407 -1.75172585096 -1.2779534514
2018-01-19 15:46:52.636838 2100000 2100000 -1.17535236609 0.818251000519 -2.33031559766 0.156890677287 -0.996246318116 -0.592764077117 1.75829732816 -0.456166890851 -0.615909134032 -0.256534898988 -1.08209592004 -0.910230322346 -1.17460596206 -1.75045565425 -1.71962036951 -1.30079634176
2018-01-19 15:46:57.997619 1800000 1800000 -1.17559086841 1.26347020322 -2.33117795619 0.903552341841 -0.996268444941 -0.592878480912 1.72141062624 -0.500758915401 -0.606054206711 -0.254264364599 -1.08218712103 -0.910319139092 -1.17485040894 -0.625690147156 -0.456040349523 -0.991655892219
2018-01-19 15:47:03.085432 1900000 1900000 -0.0230653843626 0.650317441603 -0.722788917208 0.941426484246 0.507212428452 -0.0803992160348 -0.282766844867 -0.818477090319 -0.202002186542 -0.321245129097 0.155410358861 -0.384041853878 0.0272904490635 0.911831599944 0.952014336993 0.490847692167
2018-01-19 15:47:08.098147 1700000 1700000 0.120858433381 1.29861908765 -0.88471650168 0.200175411464 0.212188096554 -0.123507892753 0.0410164275609 -0.439444881644 -0.366720257482 -0.3870906264 -0.172913217235 -0.617503015167 0.173958576032 -0.521312820686 -0.646379989557 0.058355634678
2018-01-19 15:47:13.110502 2100000 2100000 -1.03012089766 1.15021268675 -2.16093181279 0.416599082349 -0.880139492298 -0.535361558014 0.590218433959 -1.33741677602 -0.418810587608 -0.346788640982 -0.939913571392 -0.67459949483 -1.02872006511 -1.34701542334 -1.39397905764 -0.76627270733
2018-01-19 15:47:18.148814 2101000 2101000 -1.17741253274 -1.70426727166 -2.31423581195 -0.0865859524587 -0.990839997234 -0.592248431022 -0.405722517942 -1.03028920693 1.86190116386 0.871353059131 -0.992810147541 -0.653029713624 -1.17667642712 -1.54246149185 -1.6187174278 -0.802821331907
2018-01-19 15:47:23.167458 2000000 2000000 -0.935542388855 -0.302607869452 -1.79226412628 0.941426484246 -0.904478999679 -0.56935109158 -1.01640236088 0.653059719829 -0.607462053471 -0.592573988675 -0.776663793278 -0.109978751496 -0.933385782577 -0.190499436248 -0.153331524409 -0.25383053358
2018-01-19 15:47:28.176690 1700000 1700000 -0.933486334316 2.50539745288 -2.13607781145 2.23996850956 -0.905954121339 -0.566200842128 -0.561466370502 1.38325412183 -0.611685593752 -0.581788950323 -0.970921909135 -0.726620731856 -0.933385782577 -0.333851902838 -0.222128984662 -0.5995196077
2018-01-19 15:47:33.188995 1800000 1800000 -0.989411017782 2.07579997658 -2.16545072212 0.730413405133 -0.818921943429 -0.531548098151 -0.200796396151 -0.272224789582 -0.344194709319 -0.400713832739 -0.893401064779 -0.606083719234 -0.988630777069 -1.20803577735 -1.26326388316 -0.643682529063
2018-01-19 15:47:38.201304 1700000 1700000 -0.787506462033 4.30189599011 -2.109717507 -0.0811753606866 -0.804908287664 -0.388792057172 1.55337120637 -1.06930722841 -0.555371723345 -0.24064115826 -0.93170548199 -0.805667635923 -0.786717655609 -1.44169649544 -1.49488199935 -0.810435628693
2018-01-19 15:47:43.212820 1800000 1800000 -1.16561489179 0.958846538215 -2.3183781455 0.162301269059 -0.969089328365 -0.586014253158 -0.696717610884 0.474691621629 0.23443030911 -0.137331843525 -1.05044917534 -0.867966239288 -1.16487697631 -1.6588165443 -1.67375539601 -1.08607317237
2018-01-19 15:47:48.225675 2100000 2100000 -1.17595273401 0.708898915643 -2.33095954224 -0.0919965442308 -0.99653396684 -0.593024387203 1.82387368714 -0.500758915401 -0.627171908113 -0.242344059052 -1.08291672898 -0.911055049274 -1.17521707926 -1.81813931221 -1.80217732181 -1.29775062305
2018-01-19 15:47:53.235607 2100000 2100000 -1.1761295547 0.572208809549 -2.33101602861 0.146069493743 -0.996585596098 -0.593007806943 1.86895743393 -0.578794958363 -0.627171908113 -0.206015508816 -1.08273432699 -0.91066171797 -1.17539063654 -1.7945641055 -1.77236508903 -1.30231920112
2018-01-19 15:47:58.245420 2100000 2100000 -1.17583759496 0.607357693974 -2.33065451586 0.903552341841 -0.996460210757 -0.592986252604 1.79108550765 -0.445018884713 -0.622948367833 -0.249723295819 -1.08091030713 -0.905840237465 -1.17509485582 -0.824748545723 -0.689951714384 -1.01221449354
2018-01-19 15:48:03.255233 1800000 1800000 -0.836851770974 0.146516764857 -1.73954351738 0.941426484246 -0.476693718427 -0.431403326082 -0.528678191016 -0.667979007463 -0.0738881313671 -0.279240242886 -0.649894412508 -0.479202653316 -0.835607031265 -0.129279947863 -0.0822408154805 -0.244693377436
2018-01-19 15:48:08.257962 1700000 1700000 1.05841930325 2.3882345048 -0.462951630497 0.941426484246 0.226939313149 -0.236253662631 -0.737702835242 -0.383704850957 -0.528622634902 -0.544325132892 -0.118192621219 -0.307913214327 1.06130074419 0.738059511797 0.800659924436 0.297444553783
2018-01-19 15:48:13.268364 1700000 1700000 -0.138204438557 2.73972334904 -1.53242683957 0.173122452604 -0.423589338686 -0.42526862978 -0.704914655755 -0.439444881644 -0.527214788141 -0.542054598502 -0.637126273437 -0.62765350044 -0.138933428167 -0.990915728481 -1.07292424313 -0.406116469315
2018-01-19 15:48:18.281068 2101000 2101000 -1.1758129223 -1.41956130782 -2.31427346952 -0.0865859524587 -0.971080742605 -0.585351042747 -0.266372755124 -1.61834653068 3.67802348448 2.06338361376 -1.0703309919 -0.880019940551 -1.17507041113 -1.60615257448 -1.62101067648 -1.05028597748
2018-01-19 15:48:23.289611 2101000 2101000 -1.17592394925 -1.43908846583 -2.31442409984 -0.0865859524587 -0.971006986522 -0.585384203268 -0.278668322432 -1.62447793406 3.8610435633 2.1655576613 -1.07005738892 -0.879639297353 -1.17519263457 -1.59227362215 -1.60495793575 -1.04800168844
2018-01-19 15:48:28.299641 2101000 2101000 -1.17537292663 -1.51329166629 -2.30553691148 1.91533300323 -0.964295182972 -0.58314586813 -0.295062412175 -1.63791128145 4.04406364213 2.26773170884 -1.06495013329 -0.8716457902 -1.17463040675 -0.562379309789 -0.439987608797 -0.791399886726
2018-01-19 15:48:33.310341 2101000 2101000 -1.17541404772 -1.53555262642 -2.30421889626 2.23996850956 -0.96326259781 -0.582880583966 -0.315555024354 -1.65056426842 4.26931912375 2.37558209236 -1.06394692236 -0.869996336343 -1.17467929613 -0.373397410863 -0.229008730687 -0.735054090504
2018-01-19 15:48:38.318028 2101000 2101000 -1.17528657234 -1.52227415897 -2.30406826595 2.29407442728 -0.963115085644 -0.582781102404 -0.303259457046 -1.64604932593 4.08629904493 2.27908438079 -1.06385572137 -0.869996336343 -1.17455707269 -0.362940665952 -0.215249238637 -0.738861238898
2018-01-19 15:48:43.326151 2101000 2101000 -1.17535236609 -1.52696067689 -2.30433186899 2.23996850956 -0.963188841727 -0.582814262925 -0.303259457046 -1.6481674471 4.18484831814 2.33584774053 -1.06385572137 -0.869996336343 -1.17460596206 -0.347920977808 -0.199196497911 -0.73200837179
2018-01-19 15:48:48.335768 2101000 2101000 -1.1753564782 -1.52735122005 -2.30433186899 2.23996850956 -0.963188841727 -0.582814262925 -0.307357979482 -1.64883632747 4.18484831814 2.33584774053 -1.06385572137 -0.869869455277 -1.17463040675 -0.34639999673 -0.196903249236 -0.733531231147
2018-01-19 15:48:53.346785 2101000 2101000 -1.17540582351 -1.53359991062 -2.30429421141 2.23996850956 -0.96326259781 -0.582847423445 -0.303259457046 -1.64928224771 4.25524065615 2.37558209236 -1.06394692236 -0.870123217409 -1.17467929613 -0.349251836251 -0.199196497911 -0.73733837954
2018-01-19 15:48:58.358220 2101000 2101000 -1.16799991506 -0.665813008502 -2.30403060837 2.29407442728 -0.964590207303 -0.584720992857 -0.709013178191 -1.59270611657 0.665231417722 0.0880186946596 -1.06504133428 -0.88687151811 -1.16724811103 -0.353814779485 -0.201489746586 -0.747998395042
2018-01-19 15:49:03.367347 2101000 2101000 -1.16577937615 -0.40024365952 -2.30421889626 2.23996850956 -0.968868060116 -0.58614689524 -0.774589537164 -1.23708472078 0.258363704033 -0.13846711072 -1.06659175117 -0.896133835922 -1.16504808912 -0.369214712899 -0.219835735987 -0.74875982472
2018-01-19 15:49:08.376280 1700000 1700000 -0.855767472734 2.73972334904 -2.08674638455 2.23996850956 -0.860225349895 -0.550449594866 -0.450806264735 -0.322390817201 -0.586344352068 -0.564192308802 -0.975481958803 -0.831043849106 -0.855162781528 -0.238030094932 -0.0937070588561 -0.642159669706
2018-01-19 15:49:13.389898 2100000 2100000 -1.16183175144 0.0684081328028 -2.30425655383 2.23996850956 -0.976538692745 -0.580841211952 0.995972155103 -0.495184912332 -0.202002186542 -0.00280268093125 -1.07270221772 -0.892581166076 -1.1610880497 -0.370165326072 -0.217542487312 -0.760181269901
2018-01-19 15:49:18.398661 1700000 1700000 -1.15364865437 2.46634313685 -2.31419815437 -0.0703541771423 -0.980005228645 -0.588468131679 -0.286865367303 -0.406000863232 -0.459638143653 -0.479614902783 -1.0771710664 -0.904901317577 -1.15289907927 -1.62972778119 -1.64394316323 -1.06856028977
2018-01-19 15:49:23.432340 1700000 1700000 -1.14254595986 2.3882345048 -2.30455781446 0.930605300702 -0.978013814405 -0.587075389816 -0.0286584538477 0.101233416023 -0.532846175182 -0.508564216253 -1.07562064951 -0.903150358867 -1.14189896975 -0.672080070031 -0.559236539903 -0.834801378411
2018-01-19 15:49:28.447022 1700000 1700000 -1.15068793584 3.01310356123 -2.3143111271 -0.0811753606866 -0.984799374038 -0.588799736884 0.340208565375 0.46911761856 -0.575081577987 -0.51140238424 -1.08100150812 -0.907641948601 -1.14972126986 -1.60082914071 -1.60725118443 -1.07465172719
2018-01-19 15:49:33.460911 1700000 1700000 -1.1508524202 3.05215787726 -2.31446175741 -0.0865859524587 -0.984946886204 -0.588832897405 0.352504132682 0.457969612423 -0.576489424747 -0.510834750643 -1.08109270911 -0.907553131855 -1.14996571673 -1.61090564035 -1.60725118443 -1.11500750016
2018-01-19 15:49:38.473082 1700000 1700000 -1.15072905693 3.05215787726 -2.31446175741 -0.0919965442308 -0.984946886204 -0.588899218446 0.332011520503 0.485839627766 -0.576489424747 -0.51367291863 -1.08109270911 -0.907477003215 -1.14996571673 -1.61622907412 -1.61413093045 -1.11348464081
2018-01-19 15:49:43.485604 1700000 1700000 -1.15077017802 3.05215787726 -2.31453707257 -0.0865859524587 -0.984946886204 -0.588882638186 0.336110042939 0.480265624698 -0.576489424747 -0.512537651435 -1.08109270911 -0.907337434043 -1.14996571673 -1.59987852754 -1.59349169238 -1.11653035952
2018-01-19 15:49:48.500333 1700000 1700000 -1.15048233038 3.09121219328 -2.31438644226 -0.0865859524587 -0.984873130121 -0.588866057926 0.323814475631 0.502561636973 -0.576489424747 -0.51367291863 -1.08100150812 -0.907261305403 -1.14972126986 -1.59930815963 -1.59349169238 -1.11424607049
2018-01-19 15:49:53.512289 1800000 1800000 -1.14242259659 1.30252451925 -2.29423963814 -0.0865859524587 -0.962082500482 -0.582350015637 -0.286865367303 -0.389278854026 -0.328708394958 -0.399578565544 -1.06257890746 -0.894230619933 -1.14165452287 -1.60596245185 -1.6095444331 -1.08759603173
2018-01-19 15:49:58.525423 2100000 2100000 -1.15278511147 0.767480389684 -2.30003890512 -0.0919965442308 -0.967761718871 -0.579614272691 0.569725821779 -0.138448715932 -0.248461129628 -0.199203905647 -1.06732135912 -0.891058593285 -1.15192129176 -1.63676231868 -1.64852966058 -1.0815045943
2018-01-19 15:50:03.536539 1700000 1700000 -1.15373089655 2.27107155672 -2.3132943725 0.167711860831 -0.985241910536 -0.584853634939 1.24188350125 0.859297833372 -0.555371723345 -0.357006045736 -1.0812751111 -0.900194030032 -1.15289907927 -1.58676006574 -1.582025449 -1.10206319563
2018-01-19 15:50:08.548969 1800000 1800000 -1.14065438968 1.0877257811 -2.28934415303 0.936015892474 -0.965401524216 -0.579348988527 0.454967193577 0.474691621629 -0.390653652405 -0.346788640982 -1.06558854024 -0.89308869034 -1.13994339472 -0.750600718176 -0.655552984257 -0.82947137066
2018-01-19 15:50:13.561840 1700000 1700000 -1.14308053404 4.38000462217 -2.31434878468 -0.0811753606866 -0.987454593026 -0.586511660966 1.25827759099 0.0287713761297 -0.654484135261 -0.492670475525 -1.08319033196 -0.90209724602 -1.14238786351 -1.58942178263 -1.6187174278 -0.99089446254
2018-01-19 15:50:18.572495 2100000 2100000 -1.1423814755 0.572208809549 -2.28218921325 0.167711860831 -0.978161326571 -0.58614689524 0.262336639094 -0.595516967569 -0.537069715463 -0.487561773148 -1.05090518031 -0.815564359064 -1.14165452287 -1.61413772514 -1.6462364119 -0.998508759327
2018-01-19 15:50:23.592874 1500000 1500000 -1.17726860892 -1.6792725094 -2.31419815437 -0.0865859524587 -0.989519763349 -0.592066048159 -0.692619088448 -1.00799319466 2.03084277509 0.820266035361 -1.02473049522 -0.670793062852 -1.17653220347 -1.56812804754 -1.63935666588 -0.837085667447
2018-01-19 15:50:28.608931 1600000 1600000 -0.903879148951 -0.169823194961 -1.76966957961 0.941426484246 -0.907429242998 -0.569019486375 -0.852461463444 1.32194008808 -0.632803295154 -0.601088492636 -0.812232180688 -0.168344041818 -0.901607688401 -0.300390319125 -0.270287206839 -0.30560775173
2018-01-19 15:50:33.621842 1700000 1700000 -1.09838190836 2.9740492452 -2.27541084925 -0.578949803723 -0.974252254173 -0.586229796542 -0.200796396151 1.67867628448 -0.650542164332 -0.593709255869 -1.06440292733 -0.865555499036 -1.0974096379 -1.70216450502 -1.78841782976 -0.878964299774
2018-01-19 15:50:38.635637 1700000 1700000 -1.02148546859 2.89594061315 -2.21779475524 -0.351704949293 -0.867600958192 -0.555921080757 -0.688520566012 0.418951590942 -0.400508579726 -0.473938566809 -0.933529501857 -0.701244518672 -1.02040887125 -1.58790080155 -1.66916889866 -0.817288495801
2018-01-19 15:50:43.648155 1700000 1700000 -0.806010952886 3.95040714587 -2.10783462811 -0.0919965442308 -0.797532679366 -0.402056265393 1.46320371278 -1.01914120079 -0.534254021942 -0.246317494234 -0.924409402521 -0.762147430313 -0.803828937089 -1.418501534 -1.47882925862 -0.770841285402
2018-01-19 15:50:48.662129 1800000 1800000 -1.16721861433 0.939319380202 -2.32026102439 -0.0865859524587 -0.972703376431 -0.587141710857 -0.72950579037 0.357637557185 0.230206768829 -0.145846347487 -1.05418841607 -0.872026433398 -1.16646588102 -1.69570033544 -1.71503387216 -1.09673318788
2018-01-19 15:50:53.674162 2100000 2100000 -1.17636394492 0.447234998263 -2.33118548771 -0.0865859524587 -0.996467586365 -0.593022729177 1.78288846278 -0.690275019738 -0.584936505308 -0.16060482102 -1.08282552799 -0.910357203412 -1.17562530555 -1.82384299125 -1.80676381916 -1.30536491983
2018-01-19 15:50:58.875236 2100000 2100000 -1.17611721838 0.415991545442 -2.33076748859 0.151480085515 -0.99640120589 -0.592903351303 1.79108550765 -0.617812979844 -0.593383585869 -0.172525126567 -1.08236952302 -0.910357203412 -1.17538819207 -1.7852480964 -1.76548534301 -1.28785203722
2018-01-19 15:51:03.884872 1800000 1800000 -0.995579181399 0.220719965308 -2.02687083588 0.941426484246 -0.733364887179 -0.505185484312 -0.307357979482 -0.601090970638 -0.130202001774 -0.281510777276 -0.838680468763 -0.628922311099 -0.989608564582 -0.349632081521 -0.261114212139 -0.533275225655
2018-01-19 15:51:08.902094 1900000 1900000 -0.66455440059 1.00180628584 -1.7018859396 0.941426484246 -0.464155184322 -0.408688369504 -0.225387530766 -0.339112826407 -0.304775000035 -0.378576122439 -0.677254710516 -0.734233595811 -0.659605278904 -0.152094664032 -0.070774572105 -0.374136422811
2018-01-19 15:51:13.912833 2100000 2100000 -1.15784300563 1.3689168565 -2.3119386997 0.173122452604 -0.979267667815 -0.584157264007 0.786947510877 -0.511906921538 -0.376575184803 -0.265617036547 -1.07644145845 -0.895245668461 -1.15710356558 -1.56033301951 -1.57743895165 -1.01145306386
2018-01-19 15:51:18.923511 1700000 1700000 -1.14587676821 3.16932082534 -2.3115997815 0.416599082349 -0.985905715283 -0.58732409372 0.918100228823 -0.266650786514 -0.621540521073 -0.497779177902 -1.08200471905 -0.905472282374 -1.14507677917 -1.55291823676 -1.53845372417 -1.11120035177
2018-01-19 15:51:23.938968 1700000 1700000 -1.14085999514 2.73972334904 -2.30564988421 0.936015892474 -0.978972643483 -0.586379018884 0.295124818581 -0.0046726422827 -0.556779570105 -0.500617345889 -1.07635025746 -0.902351008152 -1.1401878416 -0.687480003445 -0.579875777979 -0.827948511303
2018-01-19 15:51:28.963936 1700000 1700000 -1.15512901364 2.23201724069 -2.3143111271 -0.0865859524587 -0.983029228047 -0.588202847515 0.282829251273 -0.160744728207 -0.499057852938 -0.457477192483 -1.07935989024 -0.904127343075 -1.15436576054 -1.62535496059 -1.63935666588 -1.06627600073
2018-01-19 15:51:33.975570 1800000 1800000 -0.936364810671 0.111367880432 -1.90523685963 -0.0865859524587 -0.829247795045 -0.53270871637 -0.0901362903847 -0.0492646668326 -0.462453837174 -0.465991696445 -0.94447362106 -0.840940572248 -0.934608016969 -1.39853865735 -1.41232504704 -0.911705775957
2018-01-19 15:51:39.064317 1800000 1800000 -0.750908691236 0.32616661858 -1.65293108848 -0.0865859524587 -0.715663427265 -0.495734735954 -0.208993441023 -0.0827086852451 -0.477940151535 -0.48472360516 -0.86330473697 -0.853882440972 -0.750050623867 -1.25917876609 -1.28160987256 -0.787592738333
2018-01-19 15:51:44.077002 1800000 1800000 -0.806010952886 0.126989606843 -1.67929139293 0.167711860831 -0.750328786263 -0.50750672075 -0.200796396151 -0.183040740482 -0.480755845056 -0.485858872355 -0.887929005177 -0.866824309695 -0.798939999523 -1.24815165328 -1.21281241231 -0.971858720573
2018-01-19 15:51:49.090911 1700000 1700000 -0.298576692614 0.0996515856243 -0.767978010549 0.167711860831 -0.320330822522 -0.362263640731 -0.274569799996 -0.227632765032 -0.425849821409 -0.458612459678 -0.540453220476 -0.800973036484 -0.295379430266 -0.688810861888 -0.712884201135 -0.391649305421
2018-01-19 15:51:54.104912 1800000 1800000 -1.06466261392 -0.665813008502 -2.00728889543 0.156890677287 -0.908166803828 -0.562387382264 -0.139318559614 0.257305501948 -0.420218434369 -0.44271871895 -1.01725201376 -0.882811324001 -1.06392041558 -1.48713580514 -1.490295502 -1.00764591547
2018-01-19 15:51:59.117511 1800000 1800000 -1.10989581378 1.19707786598 -2.25545233303 -0.0865859524587 -0.971744547352 -0.578453654472 0.93039579613 0.218287480467 -0.610277746991 -0.484155971563 -1.06978378594 -0.900320911097 -1.10914308806 -1.58580945257 -1.58431869768 -1.09064175045
2018-01-19 15:52:04.131035 1700000 1700000 -1.13497967916 5.590688419 -2.31370860586 0.167711860831 -0.99306743094 -0.592497134926 0.295124818581 1.8347483704 -0.738532586843 -0.642241928451 -1.08428474388 -0.903505625852 -1.13407666965 -1.55462934047 -1.5361604755 -1.12566751567
2018-01-19 15:52:09.145558 1700000 1700000 -1.12223214101 7.6215128524 -2.31333203008 0.167711860831 -0.962303768731 -0.585632907172 -1.27788809228 0.0900854098859 -0.494834312658 -0.548298568074 -1.05975167667 -0.885602707451 -1.12136543197 -1.51888628514 -1.51322798875 -1.05866170394
2018-01-19 15:52:14.157374 1700000 1700000 -1.14332726059 4.34095030614 -2.31438644226 -0.0865859524587 -0.98037400906 -0.588982119748 -0.491791489093 -0.188614743551 -0.559595263625 -0.550001468866 -1.07644145845 -0.902351008152 -1.14263231039 -1.6084340461 -1.60725118443 -1.10510891434
2018-01-19 15:52:19.157421 1800000 1800000 -1.15385425983 2.3882345048 -2.31385923617 -0.0865859524587 -0.966802889793 -0.585433944048 -0.737702835242 -0.740441047356 -0.207633573583 -0.375737954451 -1.05774525481 -0.883826372528 -1.15314352615 -1.57801442454 -1.582025449 -1.06703743041
2018-01-19 15:52:24.171171 1700000 1700000 -1.13456846825 5.70785136708 -2.3139722089 -0.0865859524587 -0.994055762452 -0.592281591542 0.942691363438 1.42784614638 -0.749091437544 -0.638154966549 -1.08118391011 -0.899686505768 -1.13407666965 -1.59949828227 -1.59349169238 -1.11500750016
2018-01-19 15:52:29.186381 1700000 1700000 -1.13333483553 5.55163410297 -2.31291779672 0.162301269059 -0.993790240553 -0.592347912584 0.778750466005 1.52817820162 -0.747402021432 -0.640539027659 -1.08081910613 -0.898037051911 -1.13260998838 -1.57763417927 -1.56826595695 -1.11120035177
2018-01-19 15:52:34.198052 1700000 1700000 -1.1370357337 5.47352547092 -2.31442409984 -0.0865859524587 -0.994114767318 -0.592480554666 0.827932735235 1.70097229675 -0.747965160136 -0.639914630701 -1.08516027342 -0.899813386834 -1.13627669155 -1.62174263053 -1.6187174278 -1.12033750792
2018-01-19 15:52:39.209863 1700000 1700000 -1.1370357337 5.47352547092 -2.31449941499 -0.0865859524587 -0.994638435507 -0.592414233625 1.12712487305 2.19705856987 -0.753596547177 -0.638325256628 -1.08691133249 -0.904355728994 -1.13627669155 -1.62288336634 -1.61642417913 -1.13252038277
2018-01-19 15:52:44.225451 1700000 1700000 -1.15109914674 3.01310356123 -2.31449941499 -0.0865859524587 -0.971154498688 -0.586262957062 -0.565564892938 0.134677434436 -0.338563322279 -0.431366047001 -1.06859817302 -0.898163932977 -1.15045461049 -1.62820680011 -1.63247691985 -1.10054033627
2018-01-19 15:52:49.240013 2100000 2100000 -1.1588710329 1.58762102625 -2.31434878468 -0.0865859524587 -0.96672913371 -0.584803894158 -0.532776713451 -1.06373322534 -0.0584018170052 -0.271861006119 -1.06595334422 -0.895499430593 -1.15808135309 -1.62364385688 -1.63247691985 -1.08226602398
2018-01-19 15:52:54.251943 2101000 2101000 -1.16359995834 0.755764094876 -2.31446175741 -0.0865859524587 -0.961123671404 -0.583212189171 -0.573761937809 -0.746015050425 0.345650203163 -0.0538897047011 -1.05619483793 -0.880400583748 -1.16284806722 -1.61470809305 -1.63018367118 -1.05409312587
2018-01-19 15:52:59.263521 1700000 1700000 -1.12552182828 5.70785136708 -2.30964158746 0.930605300702 -0.98656952003 -0.590673306296 -0.274569799996 1.45014215866 -0.689680304265 -0.619820401352 -1.07817427733 -0.901716602823 -1.12478768827 -0.774556170153 -0.678485471009 -0.849268542306
2018-01-19 15:53:04.281928 1700000 1700000 -1.13045635917 3.63797261766 -2.3034657447 2.348180345 -0.962967573478 -0.584256745569 -0.717210223063 -0.361408838682 -0.449783216332 -0.502320246681 -1.05938687269 -0.891058593285 -1.12967662584 -0.578729856376 -0.467506592899 -0.765511277651
2018-01-19 15:53:09.525569 1700000 1700000 -1.12058729738 3.5598639856 -2.29649909281 -0.0865859524587 -0.970933230439 -0.582963485267 0.286927773709 0.33534154491 -0.572265884467 -0.51367291863 -1.06631814819 -0.886490874912 -1.11989875071 -1.66680169496 -1.69439463408 -1.0495245478
2018-01-19 15:53:14.728658 1700000 1700000 -0.768590760273 2.31012587274 -1.98695380342 -0.0919965442308 -0.894153148063 -0.510988575408 1.27467168074 1.32194008808 -0.669125741566 -0.510834750643 -0.980954018404 -0.755803377017 -0.759828498999 -1.2778107843 -1.29078286726 -0.831755659696
2018-01-19 15:53:20.268952 1700000 1700000 0.647208395413 2.31012587274 -0.783041041663 -0.0865859524587 0.0794271471999 0.0340045798711 0.836129780107 1.07110994998 -0.520175554341 -0.402416733531 -0.154673018563 -0.311719646305 0.73129745851 -0.165213125828 -0.254234466114 0.182468672303
2018-01-19 15:53:25.313009 1900000 1900000 0.059176797205 -0.0760928364966 0.0793174895955 -0.0865859524587 0.898119668216 0.163330610026 0.11069130897 0.357637557185 -0.121754921213 -0.203744974426 0.529334431637 -0.28888105444 0.156847294552 0.0435415271105 -0.162504519109 0.71394658802
2018-01-19 15:53:30.372420 1900000 1900000 -0.582312219022 1.05257689668 -1.61150775292 -0.0865859524587 0.330197829313 -0.0671350078138 0.0942972192264 -0.19418874662 0.199234140106 0.0199026629665 -0.0361117271949 -0.485546706612 -0.547159714895 -0.925323419498 -1.15548119543 0.130691454152
2018-01-19 15:53:35.394993 1500000 1500000 -0.730348145844 -1.00558555794 -0.557095574958 0.427420265894 -0.134465493426 -0.304232729764 -0.323752069225 -0.394852857095 0.103500560414 -0.1430081795 -0.364435303291 -0.680943548126 -0.723161467257 -0.637667873144 -0.703711206435 -0.217281909003
2018-01-19 15:53:40.405238 2101000 2101000 -1.04615812306 -1.61795723324 -0.700194370538 0.427420265894 -0.919967777104 -0.546636135002 0.93039579613 -0.517480924607 -0.5145441673 -0.378576122439 -1.01770801873 -0.886237112781 -1.04460911219 -1.00080210549 -0.900930592494 -1.01678307162
2018-01-19 15:53:45.415054 2101000 2101000 -1.12469940646 -1.66794675775 -1.53242683957 -0.589770987267 -0.969826889195 -0.576646406102 0.991873632667 -1.25101972845 -0.546924642784 -0.401849099934 -1.06239650547 -0.901462840691 -1.12405434764 -1.49759255005 -1.47882925862 -1.08759603173
2018-01-19 15:53:50.426740 1700000 1700000 -1.11400792286 5.98123157927 -2.30523565086 2.02354483867 -0.987528349108 -0.590739627337 -0.0778407230773 1.6563802722 -0.713472914512 -0.631002783221 -1.0785390813 -0.898037051911 -1.11329868499 -0.619796345479 -0.497318825675 -0.830994230018
2018-01-19 15:53:55.439832 1700000 1700000 -1.12798909372 5.43447115489 -2.3099051905 2.348180345 -0.989888543764 -0.591071232542 0.323814475631 1.69539829368 -0.7153031153 -0.623453256375 -1.07872148329 -0.900828435361 -1.12723215705 -0.444883521523 -0.297806190941 -0.792922746084
2018-01-19 15:54:00.452597 2101000 2101000 -1.16861673142 -0.158106900153 -2.31423581195 -0.0757647689144 -0.987602105191 -0.589297144693 0.64759774806 -0.617812979844 -0.325892701437 -0.249723295819 -1.04214988495 -0.803637538868 -1.16788367291 -1.61508833832 -1.6554094066 -0.971858720573
2018-01-19 15:54:05.464538 2101000 2101000 -1.17749888703 -1.71832682543 -2.31434878468 -0.0919965442308 -0.990928504534 -0.592347912584 -0.516382623708 -1.04701121614 2.04492124269 0.911087410952 -0.991898137607 -0.641610417691 -1.17676198353 -1.54474296346 -1.62330392515 -0.796729894477
2018-01-19 15:54:10.475043 1300000 1300000 -1.02436394495 -0.98215296832 -1.73954351738 2.23996850956 -0.935087774114 -0.578221530828 -1.13116098908 0.251731498879 -0.59619927939 -0.590871087882 -0.795816001884 -0.113785183473 -1.02334223378 -0.0623567804367 0.00490263417357 -0.266013408439
2018-01-19 15:54:15.492118 1700000 1700000 -0.877972861758 2.27107155672 -2.07657883855 2.29407442728 -0.865388275703 -0.554594659935 -0.635239774346 1.31636608501 -0.580712965028 -0.567598110387 -0.928057442255 -0.679674737466 -0.877163000573 -0.371115939246 -0.286339947565 -0.535559514691
2018-01-19 15:54:20.505192 1700000 1700000 -1.07083077753 2.31012587274 -2.24302533236 -1.10377720562 -0.886777539765 -0.548625766235 0.192661757686 -0.511906921538 -0.306182846795 -0.322948029889 -0.985514068072 -0.736771217129 -1.07003158754 -1.72402860802 -1.83198955459 -0.821857073873
2018-01-19 15:54:25.517934 1700000 1700000 -0.884552236283 4.30189599011 -2.16545072212 -0.102817727775 -0.860225349895 -0.439859258823 1.6025534756 -0.9466791609 -0.568042344186 -0.238938257468 -0.969097889267 -0.841701858643 -0.884496406921 -1.51679493616 -1.5545064649 -0.913228635315
2018-01-19 15:54:30.530210 1800000 1800000 -1.17017933287 0.990089991037 -2.32417741248 -0.0919965442308 -0.98111156989 -0.589346885474 -0.55326932563 0.463543615492 0.117579028016 -0.176498561749 -1.0634909174 -0.887125280242 -1.16942368824 -1.74247050359 -1.75172585096 -1.16221614024
2018-01-19 15:54:35.543640 2100000 2100000 -1.17625703009 0.283206870951 -2.33076748859 -0.0865859524587 -0.996157810817 -0.593035993385 1.56156825124 -0.601090970638 -0.531438328422 -0.18955413449 -1.08191351805 -0.91002731264 -1.17551774892 -1.83772194359 -1.82969630591 -1.28480631851
2018-01-19 15:54:40.557630 2100000 2100000 -1.17363350449 -0.162012331756 -2.32440335795 0.156890677287 -0.994358162392 -0.592530295447 0.909903183951 -0.701423025875 -0.497650006178 -0.363250015308 -1.06412932435 -0.861114661729 -1.17287038923 -1.74627295628 -1.76319209433 -1.13937324988
2018-01-19 15:54:45.728188 1800000 1800000 -0.882907392652 0.36912636621 -1.87134503963 0.941426484246 -0.639694661801 -0.467050885676 -0.172106739101 -0.562072949157 -0.221712041185 -0.31840696111 -0.798552031684 -0.617503015167 -0.882051938139 -0.502110434578 -0.465213344224 -0.466269413931
2018-01-19 15:54:50.981853 1700000 1700000 0.523845123062 0.755764094876 -0.0487182748708 0.941426484246 0.0277978891178 -0.0853732941177 0.561528776908 0.920611867128 -0.507504933499 -0.431366047001 -0.215777684114 -0.387848285856 0.545517831017 1.00689291731 1.1629932151 0.171047227122
2018-01-19 15:54:56.281112 1700000 1700000 0.577302541081 1.86881210164 -0.673834066089 0.18935422792 0.765358718862 0.209755338799 0.401686401912 0.797983799616 -0.332931935238 -0.308189556356 0.438133438277 -0.172150473795 0.640852113547 0.0612229321408 -0.130399037658 0.678159393122
2018-01-19 15:55:01.497953 1900000 1900000 0.708890031589 0.373031797812 0.621586609688 -0.0811753606866 2.26260720324 0.533070414185 -0.245880142945 0.268453508086 -0.0260213415213 -0.207718409608 1.55078555727 -0.0846025383123 0.829076209822 0.589193488799 0.323664200014 1.28501884703
2018-01-19 15:55:06.729324 1900000 1900000 0.499172468592 0.982279127831 -0.259600710462 -0.0865859524587 1.93070482986 0.445195034721 -0.176205261537 0.168121452848 -0.00349579335862 -0.181039630528 1.31366297453 0.00421420783016 0.569962518845 0.271308443523 -0.0272028472779 1.17689583266
2018-01-19 15:55:11.888577 1900000 1900000 0.470387705043 1.5134178258 -0.609816183856 0.411188490577 1.75369023072 0.360635707313 -0.233584575638 0.313045532636 -0.040099809123 -0.21396237918 1.2042217825 -0.0440005972186 0.545517831017 0.43785587155 0.199828771558 1.09009284929
2018-01-19 15:55:16.960711 1900000 1900000 0.264782251124 1.12287466553 -0.632410730526 0.427420265894 1.91595361326 0.378873993616 -0.340146158969 0.16254744978 0.124618261817 -0.133926041941 1.3319031732 -0.0351189226043 0.318182234217 0.301537942446 0.078286591777 0.947705499374
2018-01-19 15:55:21.996480 1900000 1900000 -0.23278294736 1.01742801226 -1.1784456084 0.427420265894 1.15626595863 0.164988636053 -0.200796396151 -0.166318731276 0.251324470232 -0.025508024829 0.666135921677 -0.248279113346 -0.207378554085 -0.293545904274 -0.534010804477 0.597447847182
2018-01-19 15:55:27.013434 1700000 1700000 -0.693339164138 1.75946001677 -1.86381352407 0.427420265894 -0.112338668534 -0.305890755791 -0.405722517942 -0.205336752757 0.059857310849 -0.183877798516 -0.352579174154 -0.65810495626 -0.688938904297 -1.15385082645 -1.29078286726 -0.335303509198
2018-01-19 15:55:32.032268 1700000 1700000 -1.04533570125 3.79418988177 -2.25130999947 0.384135531717 -0.924024361667 -0.560563553634 0.422179014091 0.452395609354 -0.528622634902 -0.46712696364 -1.0262809121 -0.863271639849 -1.04387577156 -1.6675621855 -1.71044737481 -0.999270189005
2018-01-19 15:55:37.047567 1700000 1700000 -1.12922272645 3.36459240547 -2.30086737183 -0.194797787901 -0.969826889195 -0.58490337572 -0.262274232688 0.552727664591 -0.524399094621 -0.51821398741 -1.06257890746 -0.887125280242 -1.12820994457 -1.80863318048 -1.86180178736 -1.06170742266
2018-01-19 15:55:42.063204 2100000 2100000 -1.15969345472 1.32595710887 -2.3136332907 -0.097407136003 -0.966065328963 -0.585301301966 -0.762293969856 -1.07488123148 -0.0119428739196 -0.276402074899 -1.05956927468 -0.889155377297 -1.15891247248 -1.81756894431 -1.87097478206 -1.06703743041
2018-01-19 15:55:47.094835 1700000 1700000 -1.14390295586 4.10662440998 -2.31389689375 -0.113638911319 -0.9892984951 -0.59034170109 0.569725821779 0.591745686073 -0.675742621339 -0.580653683128 -1.08455834686 -0.908796566301 -1.14312120414 -1.84190464155 -1.87556127941 -1.1492718357
2018-01-19 15:55:52.120320 1700000 1700000 -1.12511061737 5.70785136708 -2.30934032683 0.898141750069 -0.994690064765 -0.592281591542 1.22548941151 1.73999031823 -0.761198919681 -0.645590966676 -1.08663772951 -0.90209724602 -1.12405434764 -1.05764877327 -1.00642003155 -0.894192893348
2018-01-19 15:55:57.139233 1700000 1700000 -1.13539089006 5.55163410297 -2.31385923617 -0.097407136003 -0.995029342747 -0.59271267831 1.10663226087 1.7455643213 -0.759087149541 -0.645761256755 -1.08731261686 -0.903277239933 -1.1345655634 -1.80083815245 -1.86180178736 -1.03048880583
2018-01-19 15:56:02.155292 1700000 1700000 -1.13580210097 5.39541683887 -2.31348266039 -0.108228319547 -0.994513050166 -0.592580036227 0.934494318566 1.63408425993 -0.753455762501 -0.643263668926 -1.08605404315 -0.902351008152 -1.13481001028 -1.8388626794 -1.88014777676 -1.12186036727
2018-01-19 15:56:07.171170 1700000 1700000 -1.14517770967 3.52080966958 -2.31250356337 -0.124460094864 -0.979120155649 -0.588849477665 -0.627042729475 0.179269458986 -0.528622634902 -0.539784064112 -1.0675037611 -0.897148884449 -1.14434343853 -1.83410961353 -1.88473427412 -1.08759603173
2018-01-19 15:56:12.187371 2101000 2101000 -1.16277753653 0.826061863724 -2.31389689375 -0.113638911319 -0.965917816797 -0.584405967911 -0.487692966658 -1.11389925296 0.144328116459 -0.150387416266 -1.06659175117 -0.908821942514 -1.16201694783 -1.84437623581 -1.89390726882 -1.09825604723
2018-01-19 15:56:17.199781 2101000 2101000 -1.16610834488 0.255868849732 -2.31389689375 -0.102817727775 -0.953748063106 -0.582648460322 -1.008205316 -1.33853157663 0.848251496543 0.105047702583 -1.05573883296 -0.900574673229 -1.16534142538 -1.83601083988 -1.89161402014 -1.07236743816
2018-01-19 15:56:22.212764 1700000 1700000 -1.13539089006 2.9740492452 -2.3031268265 2.29407442728 -0.972408352099 -0.586395599144 -0.467200354479 0.519283646179 -0.5145441673 -0.523322689787 -1.06495013329 -0.882557561869 -1.13481001028 -1.02970074597 -0.974314550097 -0.888862885597
2018-01-19 15:56:27.231189 1700000 1700000 -1.12798909372 4.49716757025 -2.30621474788 2.67281585133 -0.979488936064 -0.58855103298 -0.413919562813 0.413377587873 -0.620132674313 -0.581788950323 -1.07087819786 -0.898544576175 -1.12698771018 -0.883876685126 -0.802320899464 -0.87591858106
2018-01-19 15:56:32.231325 1700000 1700000 -1.14941318202 3.13026650931 -2.31382157859 -0.097407136003 -0.969163084448 -0.585914771596 -0.659830908961 -0.461740893919 -0.332931935238 -0.435339482183 -1.06741256011 -0.897910170845 -1.14874348234 -1.82251213281 -1.87556127941 -1.07160600848
2018-01-19 15:56:37.248110 1700000 1700000 -1.14698703767 3.67702693369 -2.31434878468 -0.113638911319 -0.976243668413 -0.588169686994 -0.713111700627 0.11795542523 -0.472308764495 -0.513105285033 -1.06941898196 -0.899178981504 -1.14629901356 -1.82935654766 -1.87785452809 -1.09140318013
2018-01-19 15:56:42.263148 2100000 2100000 -1.1602280289 1.25956477162 -2.31385923617 -0.124460094864 -0.981406594222 -0.583925140363 1.00416919997 -0.511906921538 -0.377983031564 -0.202042073634 -1.07945109123 -0.897275765515 -1.1594747003 -1.8438058679 -1.89390726882 -1.0959717582
2018-01-19 15:56:43.678210 1700000 1700000 -1.14632910021 3.5598639856 -2.31348266039 -0.119049503091 -0.977350009658 -0.587456735802 -0.241781620509 1.73441631516 -0.494834312658 -0.498346811499 -1.06467653031 -0.867458715025 -1.14556567292 -1.81947017066 -1.87556127941 -1.05942313362
