number of threads 160
reads 4359256
long reads 0
extra reads 0
read_length 101
kmer 60
kmers 21358992 21002905
merge bubble 63
contigs: 46968 n50: 266 max: 8310 mean: 118 total length: 5562158 n80: 60
aligned 179625 reads
confirmed bases: 2090922 correct reads: 85078 bases: 3802
kmer 20
kmers 49539227 49523114
merge bubble 12737
contigs: 285138 n50: 349 max: 6768 mean: 121 total length: 34637364 n80: 223
aligned 871348 reads
confirmed bases: 8060164 correct reads: 101681 bases: 1170
distance mean -nan sd -nan
invalid insert distance
kmer 40
kmers 36545421 36836346
merge bubble 92
contigs: 188493 n50: 390 max: 9579 mean: 174 total length: 32802631 n80: 246
aligned 873101 reads
confirmed bases: 8438971 correct reads: 113860 bases: 230
distance mean -nan sd -nan
invalid insert distance
kmer 60
kmers 33123241 33111662
merge bubble 14
contigs: 100624 n50: 444 max: 20308 mean: 282 total length: 28442316 n80: 287
aligned 842187 reads
confirmed bases: 8292083 correct reads: 115252 bases: 48
distance mean -nan sd -nan
invalid insert distance
kmer 80
kmers 24350202 24211294
merge bubble 2
contigs: 53402 n50: 503 max: 20328 mean: 451 total length: 24118095 n80: 339
aligned 802294 reads
confirmed bases: 8036516 correct reads: 114923 bases: 26
distance mean -nan sd -nan
invalid insert distance
kmer 100
kmers 19083470 18976810
merge bubble 0
contigs: 40924 n50: 539 max: 20328 mean: 536 total length: 21944601 n80: 370
reads 4359256
aligned 763162 reads
distance mean -nan sd -nan
invalid insert distance
