number of threads 160
reads 4359256
long reads 0
extra reads 0
read_length 101
kmer 60
kmers 21358992 21002905
merge bubble 63
contigs: 46968 n50: 266 max: 8310 mean: 118 total length: 5562158 n80: 60
aligned 179634 reads
confirmed bases: 2090925 correct reads: 85079 bases: 3805
kmer 20
kmers 49539227 49523114
merge bubble 12737
contigs: 285138 n50: 349 max: 6768 mean: 121 total length: 34637364 n80: 223
aligned 871353 reads
confirmed bases: 8060144 correct reads: 101677 bases: 1171
distance mean -nan sd -nan
invalid insert distance
kmer 40
kmers 36545555 36836483
merge bubble 91
contigs: 188498 n50: 390 max: 9579 mean: 174 total length: 32802876 n80: 246
aligned 873075 reads
confirmed bases: 8438796 correct reads: 113872 bases: 229
distance mean -nan sd -nan
invalid insert distance
kmer 60
kmers 33123231 33111648
merge bubble 14
contigs: 100628 n50: 444 max: 20308 mean: 282 total length: 28442758 n80: 287
aligned 842202 reads
confirmed bases: 8291923 correct reads: 115276 bases: 49
distance mean -nan sd -nan
invalid insert distance
kmer 80
kmers 24350411 24211501
merge bubble 2
contigs: 53401 n50: 503 max: 20328 mean: 451 total length: 24117593 n80: 339
aligned 802265 reads
confirmed bases: 8035969 correct reads: 114935 bases: 24
distance mean -nan sd -nan
invalid insert distance
kmer 100
kmers 19083077 18976416
merge bubble 0
contigs: 40927 n50: 539 max: 20328 mean: 536 total length: 21945257 n80: 370
reads 4359256
aligned 763188 reads
distance mean -nan sd -nan
invalid insert distance
