number of threads 160
reads 4359256
long reads 0
extra reads 0
read_length 101
kmer 60
kmers 21358992 21002905
merge bubble 63
contigs: 46968 n50: 266 max: 8310 mean: 118 total length: 5562158 n80: 60
aligned 179628 reads
confirmed bases: 2090909 correct reads: 85087 bases: 3800
kmer 20
kmers 49539227 49523114
merge bubble 12737
contigs: 285138 n50: 349 max: 6768 mean: 121 total length: 34637364 n80: 223
aligned 871356 reads
confirmed bases: 8060206 correct reads: 101662 bases: 1163
distance mean -nan sd -nan
invalid insert distance
kmer 40
kmers 36545591 36836521
merge bubble 91
contigs: 188503 n50: 390 max: 9579 mean: 174 total length: 32804038 n80: 246
aligned 873091 reads
confirmed bases: 8438766 correct reads: 113872 bases: 236
distance mean -nan sd -nan
invalid insert distance
kmer 60
kmers 33124159 33112574
merge bubble 14
contigs: 100626 n50: 444 max: 20308 mean: 282 total length: 28442684 n80: 287
aligned 842210 reads
confirmed bases: 8291999 correct reads: 115268 bases: 49
distance mean -nan sd -nan
invalid insert distance
kmer 80
kmers 24350467 24211559
merge bubble 2
contigs: 53398 n50: 503 max: 20328 mean: 451 total length: 24117377 n80: 339
aligned 802285 reads
confirmed bases: 8036275 correct reads: 114925 bases: 25
distance mean -nan sd -nan
invalid insert distance
kmer 100
kmers 19083160 18976501
merge bubble 0
contigs: 40922 n50: 539 max: 20328 mean: 536 total length: 21944481 n80: 370
reads 4359256
aligned 763177 reads
distance mean -nan sd -nan
invalid insert distance
