503.0Gb memory in total.
Using: 453.403Gb.
MEGAHIT v1.1.1
--- [Sun Jan 21 15:31:07 2018] Start assembly. Number of CPU threads 160 ---
--- [Sun Jan 21 15:31:07 2018] Available memory: 540930650112, used: 486837585100
--- [Sun Jan 21 15:31:07 2018] Converting reads to binaries ---
    [read_lib_functions-inl.h  : 209]     Lib 0 (/scratch/shofmeyr/hipmer_metagenome_data/SYNTHbbqc_25perc.fq): interleaved, 36327152 reads, 101 max length
    [utils.h                   : 126]     Real: 57.6174	user: 32.0040	sys: 3.8080	maxrss: 158556
--- [Sun Jan 21 15:32:04 2018] k-max reset to: 119 ---
--- [Sun Jan 21 15:32:04 2018] k list: 21,29,39,59,79,99,119 ---
--- [Sun Jan 21 15:32:04 2018] Extracting solid (k+1)-mers for k = 21 ---
--- [Sun Jan 21 15:32:42 2018] Building graph for k = 21 ---
--- [Sun Jan 21 15:33:15 2018] Assembling contigs from SdBG for k = 21 ---
--- [Sun Jan 21 15:34:12 2018] Local assembling k = 21 ---
--- [Sun Jan 21 15:34:56 2018] Extracting iterative edges from k = 21 to 29 ---
--- [Sun Jan 21 15:35:40 2018] Building graph for k = 29 ---
--- [Sun Jan 21 15:36:02 2018] Assembling contigs from SdBG for k = 29 ---
--- [Sun Jan 21 15:36:47 2018] Local assembling k = 29 ---
--- [Sun Jan 21 15:37:22 2018] Extracting iterative edges from k = 29 to 39 ---
--- [Sun Jan 21 15:39:17 2018] Building graph for k = 39 ---
--- [Sun Jan 21 15:39:35 2018] Assembling contigs from SdBG for k = 39 ---
--- [Sun Jan 21 15:40:20 2018] Local assembling k = 39 ---
--- [Sun Jan 21 15:41:07 2018] Extracting iterative edges from k = 39 to 59 ---
--- [Sun Jan 21 15:41:35 2018] Building graph for k = 59 ---
--- [Sun Jan 21 15:41:58 2018] Assembling contigs from SdBG for k = 59 ---
--- [Sun Jan 21 15:42:44 2018] Local assembling k = 59 ---
--- [Sun Jan 21 15:43:23 2018] Extracting iterative edges from k = 59 to 79 ---
--- [Sun Jan 21 15:44:53 2018] Building graph for k = 79 ---
--- [Sun Jan 21 15:45:10 2018] Assembling contigs from SdBG for k = 79 ---
--- [Sun Jan 21 15:45:43 2018] Local assembling k = 79 ---
--- [Sun Jan 21 15:46:16 2018] Extracting iterative edges from k = 79 to 99 ---
--- [Sun Jan 21 15:46:25 2018] Building graph for k = 99 ---
--- [Sun Jan 21 15:46:37 2018] Assembling contigs from SdBG for k = 99 ---
--- [Sun Jan 21 15:47:08 2018] Local assembling k = 99 ---
--- [Sun Jan 21 15:47:38 2018] Extracting iterative edges from k = 99 to 119 ---
--- [Sun Jan 21 15:47:42 2018] Building graph for k = 119 ---
--- [Sun Jan 21 15:47:54 2018] Assembling contigs from SdBG for k = 119 ---
--- [Sun Jan 21 15:48:21 2018] Merging to output final contigs ---
--- [STAT] 57808 contigs, total 191905315 bp, min 200 bp, max 708009 bp, avg 3320 bp, N50 15328 bp
--- [Sun Jan 21 15:48:23 2018] ALL DONE. Time elapsed: 1035.886140 seconds ---
