number of threads 160
reads 4359256
long reads 0
extra reads 0
read_length 101
kmer 60
kmers 21358992 21002905
merge bubble 63
contigs: 46968 n50: 266 max: 8310 mean: 118 total length: 5562158 n80: 60
aligned 179626 reads
confirmed bases: 2090906 correct reads: 85078 bases: 3806
kmer 20
kmers 49539227 49523114
merge bubble 12737
contigs: 285138 n50: 349 max: 6768 mean: 121 total length: 34637364 n80: 223
aligned 871359 reads
confirmed bases: 8060205 correct reads: 101686 bases: 1174
distance mean -nan sd -nan
invalid insert distance
kmer 40
kmers 36545468 36836390
merge bubble 91
contigs: 188498 n50: 390 max: 9579 mean: 174 total length: 32803168 n80: 246
aligned 873101 reads
confirmed bases: 8438906 correct reads: 113879 bases: 229
distance mean -nan sd -nan
invalid insert distance
kmer 60
kmers 33123538 33111953
merge bubble 14
contigs: 100627 n50: 444 max: 20308 mean: 282 total length: 28442855 n80: 287
aligned 842221 reads
confirmed bases: 8291945 correct reads: 115262 bases: 46
distance mean -nan sd -nan
invalid insert distance
kmer 80
kmers 24350578 24211670
merge bubble 2
contigs: 53402 n50: 503 max: 20328 mean: 451 total length: 24117768 n80: 339
aligned 802289 reads
confirmed bases: 8036097 correct reads: 114941 bases: 26
distance mean -nan sd -nan
invalid insert distance
kmer 100
kmers 19083151 18976490
merge bubble 0
contigs: 40926 n50: 539 max: 20328 mean: 536 total length: 21945031 n80: 370
reads 4359256
aligned 763205 reads
distance mean -nan sd -nan
invalid insert distance
