Date Time Prediction All_Predictions EXEC IPC FREQ AFREQ L3MISS_Rate L2MISS_Rate L3HIT L2HIT L3MPI L2MPI READ_Rate WRITE_Rate INST_Rate POWER_Total POWER_Proc POWER_DRAM
2018-01-19 14:39:57.527391 1700000 1700000 -1.10126038471 6.72326358378 -2.30259962041 2.40228626272 -0.993340328447 -0.592381073104 0.553331732036 2.94397498108 -0.760213426949 -0.656489531747 -1.08474074885 -0.896641360186 -1.10058744732 -0.275864499244 -0.102880053556 -0.763226988615
2018-01-19 14:40:02.528822 1700000 1700000 -1.11483034467 6.91853516391 -2.30870014801 2.29407442728 -0.994181147793 -0.593090708244 0.122986876277 3.0833250578 -0.761198919681 -0.661257653965 -1.08428474388 -0.8999402679 -1.11403202563 -0.287652102597 -0.105173302232 -0.802821331907
2018-01-19 14:40:07.542934 1700000 1700000 -1.14250483877 6.48893768762 -2.31916895464 -0.0703541771423 -0.994616308682 -0.593231640456 0.18856323525 2.7265888614 -0.748669083516 -0.651437592729 -1.08328153295 -0.904203471715 -1.14189896975 -1.60672294239 -1.5911984437 -1.15155612474
2018-01-19 14:40:12.555422 1700000 1700000 -1.12922272645 6.99664379597 -2.31472536046 -0.0865859524587 -0.994785947673 -0.593400759111 -0.0286584538477 3.10004706701 -0.760072642273 -0.661541470764 -1.08711197468 -0.902351008152 -1.12845439145 -1.51793567197 -1.490295502 -1.13099752342
2018-01-19 14:40:17.567112 1700000 1700000 -1.12922272645 6.99664379597 -2.31476301804 -0.0919965442308 -0.994822825715 -0.593433919632 -0.0860377679489 3.12234307928 -0.760354211625 -0.662109104361 -1.08716669527 -0.902604770284 -1.12845439145 -1.54246149185 -1.52010773477 -1.13023609374
2018-01-19 14:40:22.576743 1700000 1700000 -1.12922272645 6.99664379597 -2.31468770288 -0.0865859524587 -0.99475644524 -0.593377546747 3.12032029165e-05 3.0833250578 -0.759791072921 -0.661200890605 -1.08707549428 -0.902604770284 -1.12845439145 -1.51964677568 -1.49258875067 -1.13023609374
2018-01-19 14:40:27.591513 1700000 1700000 -1.12922272645 6.95758947994 -2.31468770288 -0.0865859524587 -0.994726942807 -0.593302935575 0.13938096602 3.03315903018 -0.759509503569 -0.659895333331 -1.08708461438 -0.902477889218 -1.12845439145 -1.5367578128 -1.51322798875 -1.13023609374
2018-01-19 14:40:32.602666 1700000 1700000 -1.12922272645 6.99664379597 -2.3146500453 -0.0865859524587 -0.99480069889 -0.593294645445 0.213154369865 3.03315903018 -0.760213426949 -0.659781806612 -1.08715757517 -0.90273165135 -1.12845439145 -1.53504670909 -1.51093474007 -1.13099752342
2018-01-19 14:40:37.615643 1700000 1700000 -1.1446020144 6.37177473954 -2.31988444861 -0.0919965442308 -0.994970337881 -0.593249878743 0.44267162627 2.69871884606 -0.75134399236 -0.650302325535 -1.08346393494 -0.905231208348 -1.14385454478 -1.64969065784 -1.6278904225 -1.20181048353
2018-01-19 14:40:42.628251 2100000 2100000 -1.16384668489 4.65338483436 -2.32654983988 -0.0865859524587 -0.995272737821 -0.593384178851 0.450868671141 1.85704438268 -0.716992531412 -0.621523302144 -1.08136631209 -0.907743453454 -1.16311695879 -1.7299224097 -1.69898113143 -1.28709060755
2018-01-19 14:40:47.639844 1700000 1700000 -1.12963393735 6.87948084789 -2.3146500453 -0.0865859524587 -0.99475644524 -0.593299619523 0.172169145507 3.02201102404 -0.759509503569 -0.659668279892 -1.08627292554 -0.902224127086 -1.1289432852 -1.60596245185 -1.59578494105 -1.13328181245
2018-01-19 14:40:52.654806 1700000 1700000 -1.11770882103 6.95758947994 -2.3099051905 0.930605300702 -0.994313908742 -0.593171951519 0.0697060846116 3.11119507314 -0.761198919681 -0.661654997483 -1.08651916822 -0.900194030032 -1.11672094129 -0.700408342607 -0.591342021354 -0.841654245519
2018-01-19 14:40:57.666652 1700000 1700000 -1.13004514826 6.91853516391 -2.31483833319 -0.0811753606866 -0.993473089396 -0.592896719199 -0.0163628865403 2.49805473558 -0.74712045208 -0.652629623284 -1.08455834686 -0.897529527647 -1.12918773208 -1.62383397951 -1.63477016853 -1.07541315687
2018-01-19 14:41:02.678684 2100000 2100000 -1.13004514826 6.76231789981 -2.31453707257 -0.0865859524587 -0.986938300445 -0.591386257488 -0.803279194214 0.586171683004 -0.684048917224 -0.626575241161 -1.07908628726 -0.892581166076 -1.12918773208 -1.61527846095 -1.61642417913 -1.10206319563
2018-01-19 14:41:07.691461 2100000 2100000 -1.12963393735 6.84042653186 -2.31453707257 -0.0865859524587 -0.983398008462 -0.590573824734 -0.959023046775 0.313045532636 -0.65166844174 -0.613008798183 -1.07881268428 -0.894357500999 -1.12869883832 -1.63257962071 -1.6370634172 -1.10282462531
2018-01-19 14:41:12.700940 2100000 2100000 -1.12223214101 6.87948084789 -2.3115997815 0.930605300702 -0.981554106388 -0.589943774844 -0.872954075623 0.190417465123 -0.653639427205 -0.612441164585 -1.07516464455 -0.892708047142 -1.12136543197 -0.755924151949 -0.657846232933 -0.843177104876
2018-01-19 14:41:17.711586 1700000 1700000 -1.11812003194 6.80137221583 -2.30964158746 0.941426484246 -0.979488936064 -0.589462947296 -0.938530434596 0.251731498879 -0.646600193404 -0.610170630195 -1.07425263461 -0.889789782626 -1.11745428192 -0.585574271227 -0.478972836274 -0.75485126215
2018-01-19 14:41:22.728007 1700000 1700000 -1.11770882103 6.84042653186 -2.30960392988 0.941426484246 -0.979415179981 -0.589413206515 -0.922136344853 0.16254744978 -0.64674097808 -0.610170630195 -1.07407023262 -0.889916663692 -1.11696538817 -0.655349278174 -0.561529788578 -0.760181269901
2018-01-19 14:41:27.745676 2100000 2100000 -1.13004514826 6.68420926775 -2.31423581195 -0.0811753606866 -0.983619276711 -0.590490923433 -0.840165896137 0.268453508086 -0.6530762885 -0.61130589739 -1.07935989024 -0.895245668461 -1.12918773208 -1.68163126047 -1.70586087746 -1.0708445788
2018-01-19 14:41:32.758459 1700000 1700000 -1.16730085651 0.0566918379947 -2.31404752406 -0.0865859524587 -0.981775374636 -0.589811132761 -0.733604312806 -0.562072949157 -0.138649082335 -0.338841770618 -1.05473562203 -0.814422429471 -1.16656365977 -1.63733268658 -1.67604864468 -0.992417321897
2018-01-19 14:41:37.782440 1700000 1700000 -1.16322986852 -0.345567617082 -2.29943638388 0.919784117158 -0.9858319592 -0.589214243391 0.360701177554 0.00647536385478 -0.43429690197 -0.396740397557 -1.00804071343 -0.646685660328 -1.16245695221 -0.724173671948 -0.699124709084 -0.578961006375
2018-01-19 14:41:43.420366 2101000 2101000 -1.14953654529 0.462856724674 -2.29085045614 -0.097407136003 -0.985905715283 -0.586843266172 1.01236624485 0.524857649248 -0.60042281967 -0.461450627665 -1.0208088525 -0.664449009556 -1.14874348234 -1.60672294239 -1.71274062348 -0.747998395042
2018-01-19 14:41:48.730026 1700000 1700000 -0.368482546946 0.248057986526 -0.993923477255 -0.0865859524587 -0.637481979312 -0.375527848951 0.90170613908 0.859297833372 -0.589160045589 -0.465424062847 -0.40729977017 0.670339803898 -0.317379649312 -0.146771230259 -0.295512942266 0.393384693296
2018-01-19 14:41:54.093957 1700000 1700000 1.63411457422 1.50560696259 0.614055094131 1.69890933234 1.11938791714 0.484987659384 0.610711046138 0.809131805753 -0.462453837174 -0.384252458413 0.711736418357 0.403889565471 1.90219800547 2.38794373602 2.55499516089 1.08019426346
2018-01-19 14:41:59.296434 1700000 1700000 0.618423631865 1.46264721496 -0.429059810491 -0.0216588511931 1.64305610626 0.370583863478 -0.102431857692 0.313045532636 -0.142872622615 -0.257102532586 1.12214088848 0.109525492542 0.738630864859 0.287088622206 -0.0134433552273 1.19440871527
2018-01-19 14:42:04.620684 1700000 1700000 0.421042396102 1.48217437298 -0.64747376164 -0.0865859524587 1.62830488966 0.35566162923 -0.131121514743 0.184843462054 -0.0527704299645 -0.203744974426 1.08566049113 0.0524290128789 0.496628455361 0.11179555298 -0.192316751886 1.08628570089
2018-01-19 14:42:09.838221 1700000 1700000 0.3264638873 1.54466127862 -0.775509526106 -0.0865859524587 1.61355367307 0.312552952512 -0.229486053202 0.329767541842 -0.0217978012408 -0.202042073634 1.1039006898 -0.0478070291961 0.415960985529 0.122822665795 -0.155624773084 1.00861987367
2018-01-19 14:42:14.907606 1500000 1500000 0.318239669143 1.68916224792 -0.847058923896 -0.0865859524587 1.96020726305 0.421982670335 -0.258175710253 0.0176233699923 0.0908299395727 -0.137899477123 1.4322242659 0.230062505164 0.396405235267 0.224348152743 -0.123519291632 1.30862316707
2018-01-19 14:42:19.938890 2101000 2101000 -0.401379419574 1.43921462535 -1.50606653512 -0.0865859524587 0.794861152052 0.00747616342916 -0.327850591661 -0.249928777307 0.263995091073 -0.0482133687267 0.401653040933 -0.186107391046 -0.380935837664 -0.652687561288 -0.962848306722 0.582980683287
2018-01-19 14:42:24.957802 1700000 1700000 -0.83767419279 1.94692073369 -2.01820959299 -0.595181579039 -0.356471303179 -0.385476005117 -0.405722517942 -0.121726706726 0.085198552532 -0.169119324982 -0.500324783397 -0.518535783751 -0.833162562483 -1.40842503436 -1.64164991455 -0.189870440571
2018-01-19 14:42:29.974478 1700000 1700000 -0.769413182088 -0.369000206698 -1.38556228621 2.18586259184 -0.558562970529 -0.470532740334 -0.848362941008 -0.339112826407 -0.286472992153 -0.426257344624 -0.742919425735 -0.106172319518 -0.767161905347 -0.112739278641 -0.0616015774046 -0.246977666472
2018-01-19 14:42:35.002984 1700000 1700000 -0.557639564552 2.58350608493 -1.8412189774 -0.0757647689144 -0.776143415304 -0.531548098151 -0.827870328829 0.708799750516 -0.618724827552 -0.593709255869 -0.927145432322 -0.707588571968 -0.556937590026 -1.34929689496 -1.41920479307 -0.69165259882
2018-01-19 14:42:40.005194 1700000 1700000 -1.05109265396 4.53622188628 -2.26411357592 -0.102817727775 -0.940029431673 -0.575817393088 -0.438510697428 0.876019842578 -0.575081577987 -0.556813072036 -1.02272407336 -0.810742878559 -1.0502313904 -1.76338399341 -1.83198955459 -0.97947301736
2018-01-19 14:42:45.020692 2100000 2100000 -0.859057159997 3.63797261766 -2.12779314434 -0.0919965442308 -0.8454741333 -0.492584486502 1.0410559019 -0.879791124075 -0.562410957146 -0.412066504688 -0.950857690595 -0.679674737466 -0.857607250311 -1.59170325424 -1.69439463408 -0.74875982472
2018-01-19 14:42:50.033011 2100000 2100000 -0.836029349158 4.69243915038 -2.14925796367 -0.0919965442308 -0.911854607977 -0.426926655808 1.94682936021 -1.01356719772 -0.668140248834 -0.269590471729 -1.01214475813 -0.865936142234 -0.835607031265 -1.64778943149 -1.69668788276 -0.965767283144
2018-01-19 14:42:55.358307 1800000 1800000 -1.17420919976 0.48628931429 -2.32805614299 0.741234588677 -0.990839997234 -0.592082628419 -0.217190485895 0.023197373061 -0.0795195184077 -0.23610008948 -1.07516464455 -0.902604770284 -1.17348150642 -1.25879852082 -1.21051916363 -1.02211307937
2018-01-19 14:43:00.372084 1700000 1700000 -0.709787600452 0.337882913388 -1.58514744847 0.941426484246 -0.322543505011 -0.373869822924 -0.393426950634 -0.746015050425 -0.141464775855 -0.300242685991 -0.503972823132 -0.538836754298 -0.688938904297 -0.13194166475 -0.112053048257 -0.156367534709
2018-01-19 14:43:05.386446 2101000 2101000 -0.142316547636 0.64641201 -0.88471650168 0.194764819692 0.256441746339 -0.140088153029 -0.127022992307 -0.773885065769 -0.231566968506 -0.318974594707 -0.136432819891 -0.661911388238 -0.116933209122 -0.747368633386 -0.905517089844 0.013431283636
2018-01-19 14:43:10.393409 2101000 2101000 -0.0929712386951 0.822156432121 -0.914842563908 -0.0865859524587 0.3670758708 -0.121849866725 -0.237683098074 -0.851921108731 -0.199186493022 -0.31386589233 -0.00875142918692 -0.85984585107 -0.0924885212938 -0.73386992632 -0.875704857068 -0.0314930674059
2018-01-19 14:43:15.406363 1800000 1800000 0.40048185071 0.857305316545 -0.293492530468 1.96943892095 0.514588036749 -0.00247199273657 0.0697060846116 -0.428296875507 -0.338563322279 -0.364385282502 0.100689762845 -0.632728743077 0.401294172832 1.03293971827 1.17445945848 0.237291609167
2018-01-19 14:43:20.461040 1800000 1800000 -1.10208280653 0.291017734156 -2.21026323968 2.45639218044 -0.926237044157 -0.563382197881 0.303321863452 -1.09717724376 -0.34982609636 -0.33827413702 -0.979129998537 -0.613696583189 -1.10156523483 -0.667327004163 -0.644086740882 -0.534036655333
2018-01-19 14:43:25.462205 1900000 1900000 -1.17567722271 -1.83353705771 -2.19557678435 0.167711860831 -0.983914301043 -0.590673306296 -0.938530434596 -0.99127118545 1.38323326541 0.388864501304 -0.946297640927 -0.480471463976 -1.17492374301 -1.58390822622 -1.69898113143 -0.702312614321
2018-01-19 14:43:30.475426 1700000 1700000 -0.802310054715 0.997900854242 -1.87134503963 0.167711860831 -0.916279972955 -0.5705117098 -0.700816133319 1.34423610035 -0.685034409956 -0.625439973967 -0.907081213783 -0.475396221339 -0.798939999523 -1.35328947029 -1.41232504704 -0.730485512432
2018-01-19 14:43:35.491383 2100000 2100000 -0.958158988786 3.48175535355 -2.18842184457 0.422009674122 -0.883827296446 -0.551112805277 0.00822824807452 -0.199762749689 -0.545516796024 -0.514240552227 -0.957241760131 -0.693631654717 -0.956852682892 -1.55900216107 -1.63247691985 -0.823379933231
2018-01-19 14:43:40.502391 1900000 1900000 -0.738572364001 4.45811325422 -2.085993233 -0.0865859524587 -0.862438032384 -0.395424161283 1.79108550765 -1.05815922227 -0.642658222475 -0.301945586784 -0.97730597867 -0.807824614043 -0.735383811171 -1.55272811412 -1.61183768178 -0.866781424915
2018-01-19 14:43:45.516811 1800000 1800000 -1.17178305541 0.681560894425 -2.32519416708 0.84944642412 -0.984356837541 -0.590457762912 -0.631141251911 0.207139474329 0.111947640975 -0.192392302477 -1.0675949621 -0.892454285011 -1.17106148233 -1.11259421471 -1.05228500505 -0.96196013475
2018-01-19 14:43:50.564573 1700000 1700000 -1.17355126231 -0.427581680738 -2.32240750633 0.373314348172 -0.99302317729 -0.592911641433 -0.323752069225 -0.885365127144 -0.376575184803 -0.432501314196 -1.06002527965 -0.842336263973 -1.17279705517 -1.89723032826 -1.94665198834 -1.13480467181
2018-01-19 14:43:55.653378 1700000 1700000 -0.236895056438 0.900265064175 -1.13325651506 0.167711860831 -0.0607094104516 -0.309206807847 -0.598353072424 -0.171892734345 -0.325892701437 -0.426824978221 -0.337075005283 -0.325676563556 -0.229378773131 -0.93102709854 -1.11420271928 -0.0292087783699
2018-01-19 14:44:00.705203 1800000 1800000 0.392257632554 1.36110599329 -0.617347699412 -0.0865859524587 0.381827087395 -0.174906699609 -0.614747162167 -0.355834835613 -0.379390878324 -0.457477192483 0.0186088688211 -0.217827657526 0.411072047963 -0.513898037932 -0.742696433912 0.407851857191
2018-01-19 14:44:05.762875 1900000 1900000 0.573190432002 1.48217437298 -0.489311934946 -0.0865859524587 0.485085603559 -0.140088153029 -0.594254549988 -0.339112826407 -0.394877192686 -0.463721162055 0.0915696635091 -0.129010911383 0.594407206673 -0.388987466911 -0.614274508106 0.481710536023
2018-01-19 14:44:10.939445 1700000 1700000 0.404593959789 5.51257978695 -1.57385017513 0.162301269059 -0.737052691327 -0.48230472513 0.278730728837 -0.205336752757 -0.708545450851 -0.619252767754 -0.881544935642 -0.745652891744 0.415960985529 -1.02684890645 -1.01788627492 -0.732769801468
2018-01-19 14:44:15.952657 1700000 1700000 2.42775162635 6.13744884338 -0.734086190543 0.422009674122 -0.610192228611 -0.317496937985 1.13122339548 -0.0771346821763 -0.735857677998 -0.615279332572 -0.69093485952 -0.555331292867 2.51331520117 0.0380279707032 0.192949025532 -0.488350874613
2018-01-19 14:44:21.137968 1700000 1700000 0.988513448919 3.09121219328 -0.779275283884 -0.0757647689144 -0.2082215764 0.00581813740154 1.20909532176 -0.288946798788 -0.615909134032 -0.446124520534 -0.381763492029 -0.517266973092 0.985522211922 -0.369785080803 -0.378069894569 -0.225657635469
2018-01-19 14:44:26.418057 1700000 1700000 0.881598612881 2.85688629712 -0.786806799441 -0.0865859524587 0.00567106422544 -0.0472386954824 0.72546967434 -0.205336752757 -0.565226650666 -0.463721162055 -0.240401952321 -0.332020616852 0.953744117745 -0.163882267385 -0.203782995261 0.0202841507441
2018-01-19 14:44:31.649896 1700000 1700000 0.819916976705 2.77877766507 -0.809401346112 -0.0865859524587 -0.408838122091 -0.339051276344 0.291026296145 0.363211560254 -0.653920996557 -0.576680247946 -0.57693361782 -0.538836754298 0.919521554786 -0.338604968706 -0.311565682991 -0.321597774982
2018-01-19 14:44:36.841754 1700000 1700000 0.791132213156 2.70066903301 -0.809401346112 -0.0865859524587 -0.799007801026 -0.499548195818 0.487755373063 0.747817771997 -0.739940433603 -0.639801103982 -0.927145432322 -0.82812558459 0.882854523044 -0.546979376376 -0.433107862772 -0.752566973114
2018-01-19 14:44:41.859777 1700000 1700000 1.35037904782 3.9894614619 -0.798104072777 -0.0865859524587 -0.822609747578 -0.524086981026 0.127085398713 1.86819238881 -0.753878116529 -0.656035424869 -0.936265531658 -0.809854711098 1.46219362457 -0.492224057572 -0.348257661793 -0.815004206765
2018-01-19 14:44:46.874885 1700000 1700000 0.663656831727 4.4190589382 -1.29141834175 -0.0865859524587 -0.748116103773 -0.497724367187 0.0410164275609 1.13799798681 -0.723046272481 -0.635316798562 -0.874248856173 -0.755803377017 0.7044083019 -0.894523552671 -0.839012878266 -0.796729894477
2018-01-19 14:44:51.892012 1200000 1200000 -1.17574301645 -1.41565587622 -2.3139722089 -0.0919965442308 -0.968351767535 -0.584737573117 -0.356540248712 -1.65290534971 4.00182823932 2.17691033325 -1.06805096706 -0.876847913903 -1.17499707707 -1.80901342574 -1.86868153339 -1.04038739165
2018-01-19 14:44:56.913894 1900000 1900000 -1.17578824965 -1.42346673942 -2.31400986648 -0.0919965442308 -0.967245426291 -0.584538609993 -0.405722517942 -1.65262664956 4.26931912375 2.27908438079 -1.06704775614 -0.873929649387 -1.17504596645 -1.80673195413 -1.86868153339 -1.03125023551
2018-01-19 14:45:01.929587 1200000 1200000 -1.1760390883 -1.30630379134 -2.31950787284 -1.36348561068 -0.972482108182 -0.586030833418 -0.327850591661 -1.64220326382 3.8047296929 2.08041262168 -1.0716078058 -0.881923156539 -1.17529041332 -1.96225226934 -2.0521414274 -1.04495596973
2018-01-19 14:45:06.949868 1800000 1800000 -1.17170081323 -0.83765199902 -2.31163743908 0.394956715261 -0.967024158042 -0.584870215199 -0.528678191016 -1.59382091718 1.2846839922 0.479685876895 -1.06704775614 -0.879131773089 -1.17096370358 -1.73676682455 -1.78153808374 -1.04038739165
2018-01-19 14:45:11.965319 1700000 1700000 -1.16631395033 0.865116179751 -2.3187170637 -1.36348561068 -0.979783960396 -0.589877453802 -1.18444178074 -1.29393955208 -0.116123534172 -0.371764519269 -1.07106059984 -0.910217634239 -1.16553698288 -1.97365962743 -2.04755493005 -1.10587034402
2018-01-19 14:45:16.980883 1800000 1800000 -1.12593303918 -0.0409439520724 -2.23361093791 0.156890677287 -0.920705337934 -0.568687881169 -0.323752069225 -0.6791270136 -0.110492147131 -0.271293372522 -1.02792252998 -0.878751129891 -1.12503213515 -1.75121614479 -1.79988407314 -1.03734167294
2018-01-19 14:45:21.995166 2100000 2100000 -1.11935366466 1.17755070797 -2.26561987903 -0.097407136003 -0.981775374636 -0.579116864883 1.47549928009 1.34981010342 -0.662227292442 -0.463153528458 -1.0785390813 -0.897910170845 -1.11843206944 -1.82004053856 -1.86180178736 -1.10739320338
2018-01-19 14:45:27.007313 2100000 2100000 -1.10989581378 1.16583441316 -2.25469918147 0.162301269059 -0.979267667815 -0.576314800896 1.4877948474 1.37768011877 -0.661382584385 -0.458612459678 -1.07625905647 -0.895118787395 -1.10914308806 -1.77650245521 -1.81135031651 -1.10054033627
2018-01-19 14:45:32.020199 1800000 1800000 -1.09303616656 1.35720056169 -2.24076587769 0.919784117158 -0.9788988874 -0.572003933225 1.65583426727 1.42227214331 -0.683767347872 -0.459747726873 -1.07644145845 -0.895245668461 -1.09227625346 -1.01316007675 -0.937622571296 -0.944447252141
2018-01-19 14:45:37.033956 1800000 1800000 -1.08152226114 1.13068552873 -2.22043078569 0.930605300702 -0.973809717675 -0.567029855142 1.62304608778 1.39440212797 -0.671378296383 -0.442151085352 -1.0716990068 -0.890043544758 -1.08078725018 -0.864294053748 -0.795441153439 -0.820334214516
2018-01-19 14:45:42.048774 2100000 2100000 -1.08769042475 0.993995422639 -2.22269024035 0.162301269059 -0.977718790073 -0.56935109158 1.69272096919 1.39440212797 -0.683767347872 -0.447827421327 -1.07525584554 -0.893976857802 -1.08689842214 -1.73790756035 -1.76777859168 -1.09064175045
2018-01-19 14:45:47.073716 2100000 2100000 -1.13415725734 1.13459096034 -2.28218921325 0.151480085515 -0.98384054496 -0.581686805226 1.43451405573 0.881593845647 -0.642658222475 -0.44044818456 -1.08100150812 -0.902604770284 -1.13309888213 -1.79760606766 -1.82281655989 -1.14698754667
2018-01-19 14:45:52.088338 1800000 1800000 -1.05109265396 -0.970436673512 -1.84875049296 0.936015892474 -0.95360055094 -0.565371829114 1.02466181215 0.73666976586 -0.624356214593 -0.488129406745 -1.05427961707 -0.896133835922 -1.0502313904 -0.782351198177 -0.680778719684 -0.872872862345
2018-01-19 14:45:57.115329 1500000 1500000 -1.10372765016 -1.76558254782 -0.451654357162 0.941426484246 -0.945929918311 -0.558242317195 1.10663226087 -1.56985270399 -0.465269530694 -0.275266807704 -1.03667782535 -0.899432743636 -1.10278746923 0.224918520647 0.491071353296 -0.729724082753
2018-01-19 14:46:02.145192 1800000 1800000 -1.07370925389 -1.43518303423 -1.53995835513 0.178533044376 -0.948437625132 -0.565371829114 0.864819437157 -0.0213946514889 -0.568042344186 -0.447259787729 -1.04734834157 -0.898163932977 -1.07247605632 -1.37192148849 -1.35040733282 -1.01069163419
2018-01-19 14:46:07.169843 1800000 1800000 -1.11770882103 -1.74722701929 -0.982626203919 -0.595181579039 -0.962598793063 -0.568356275964 1.18450418715 -1.56483610122 -0.51876770758 -0.321245129097 -1.05318520515 -0.903492937745 -1.11696538817 -1.26849477519 -1.20593266628 -1.07617458655
2018-01-19 14:46:12.175794 1800000 1800000 -1.08152226114 -1.64021819337 -1.0391125706 0.156890677287 -0.942389626328 -0.562221579662 0.844326824978 -0.785033071906 -0.521583401101 -0.401281466336 -1.0386842472 -0.898925219372 -1.0805428033 -1.1612656092 -1.07980398915 -1.06551457105
2018-01-19 14:46:17.212158 1800000 1800000 -1.11524155558 -1.76362983202 -0.767978010549 0.167711860831 -0.958099672002 -0.566366644731 1.11892782818 -1.57263970552 -0.494834312658 -0.308757189953 -1.04862515548 -0.90273165135 -1.11452091938 -1.04472043411 -0.935329322621 -1.07845887559
2018-01-19 14:46:22.216423 2101000 2101000 -1.09714827564 -1.72027954123 -0.779275283884 0.167711860831 -0.952641721862 -0.5645428161 1.03695737946 -1.40987881591 -0.528622634902 -0.372332152867 -1.04488591475 -0.902351008152 -1.09618740351 -1.04091798142 -0.933036073945 -1.0708445788
2018-01-19 14:46:27.228818 1800000 1800000 -1.13004514826 -1.72067008439 -1.40815683288 0.167711860831 -0.959648549744 -0.572998748841 0.791046033313 -1.36417199075 -0.421626281129 -0.310460090745 -1.05464442104 -0.901970364954 -1.12918773208 -1.35519069663 -1.30912885666 -1.08074316462
2018-01-19 14:46:32.245973 1700000 1700000 -1.12428819555 4.53622188628 -2.3044824993 2.56460401589 -0.985536934868 -0.590557244474 -0.426215130121 1.53932620776 -0.683063424492 -0.619252767754 -1.07799187534 -0.900701554295 -1.12356545388 -1.03578467028 -0.981194296123 -0.890385744954
2018-01-19 14:46:37.262257 2100000 2100000 -1.13127878099 5.78595999914 -2.31265419368 0.167711860831 -0.992580640792 -0.592513715186 0.0369179051251 1.89048840109 -0.736983955407 -0.645136859798 -1.08644620742 -0.906461954688 -1.13065441335 -1.7852480964 -1.81823006254 -1.11272321113
2018-01-19 14:46:42.277436 1700000 1700000 -1.1370357337 5.23919957476 -2.31385923617 -0.102817727775 -0.991798826313 -0.592231850762 0.0246223378177 2.1914845668 -0.721638425721 -0.634635638245 -1.08558891809 -0.905890989891 -1.13627669155 -1.83848243413 -1.87785452809 -1.1279518047
2018-01-19 14:46:47.294345 1700000 1700000 -1.13004514826 4.84865641449 -2.30885077832 0.898141750069 -0.984725617955 -0.590441182652 -0.540973758323 1.45571616173 -0.663635139202 -0.610738263793 -1.07726226739 -0.901082197493 -1.12918773208 -1.08027336681 -1.0293525183 -0.908660057243
2018-01-19 14:46:52.310701 2100000 2100000 -1.13539089006 5.47352547092 -2.3136332907 -0.0919965442308 -0.992130728686 -0.592165529721 0.229548459608 1.7288423121 -0.727692166789 -0.635146508483 -1.08045430216 -0.905231208348 -1.1345655634 -1.82384299125 -1.86868153339 -1.09977890659
2018-01-19 14:46:57.323520 2100000 2100000 -1.13999645223 5.55163410297 -2.3160057181 -0.097407136003 -0.992787157825 -0.592497134926 0.159873578199 1.81245235813 -0.728959228874 -0.637417042873 -1.08364633693 -0.905827549358 -1.13921005409 -1.86490948036 -1.90537351219 -1.1424189686
2018-01-19 14:47:02.338334 2100000 2100000 -1.13333483553 4.5752762023 -2.30945329957 0.919784117158 -0.988265909938 -0.590258799789 0.377095267297 1.478012174 -0.690947366349 -0.602223759831 -1.0785390813 -0.901970364954 -1.1323655415 -1.09434244178 -1.05228500505 -0.888862885597
2018-01-19 14:47:07.354163 1500000 1500000 -1.17289332486 -1.11103221121 -2.30911438137 0.919784117158 -0.985758203117 -0.589297144693 0.31561743076 -0.801755081113 0.171077204902 0.0709896867363 -1.02783132899 -0.694900465377 -1.17216149328 -0.862012582131 -0.841306126941 -0.658911122636
2018-01-19 14:47:12.374657 1500000 1500000 -1.17701777026 -1.68747391577 -2.30934032683 0.941426484246 -0.987602105191 -0.591800763994 -1.07378167498 -0.985697182381 2.1575489835 0.718091987821 -1.00886152237 -0.606083719234 -1.17627797871 -0.767901877937 -0.779388412713 -0.487589444934
2018-01-19 14:47:17.390953 1200000 1200000 -1.17735496321 -1.67380490516 -2.3160057181 -0.595181579039 -0.990213070529 -0.592397653364 -0.909840777545 -0.941105157831 1.97452890468 0.695386643924 -1.02983775085 -0.68982522274 -1.17661775987 -1.81775906694 -1.93289249629 -0.862212846843
2018-01-19 14:47:22.413655 1200000 1200000 -1.1773056179 -1.66521295563 -2.31596806052 -0.606002762583 -0.990065558363 -0.592331332323 -0.872954075623 -0.918809145556 1.93229350187 0.684033971975 -1.02956414787 -0.68982522274 -1.1765688705 -1.82821581185 -1.94665198834 -0.85840569845
2018-01-19 14:47:27.434018 1200000 1200000 -1.17741664485 -1.63436004597 -2.31943255768 -1.36889620245 -0.991061265483 -0.592580036227 -0.80737771665 -0.868643117938 1.77743035825 0.632946948205 -1.03804584025 -0.719007867901 -1.17667642712 -1.92517835557 -2.04755493005 -0.911705775957
2018-01-19 14:47:32.696327 1200000 1200000 -1.17744954172 -1.64217090917 -2.31947021526 -1.379717386 -0.991112894741 -0.592563455967 -0.766392492292 -0.890939130212 1.83374422866 0.684033971975 -1.03950505614 -0.72027667856 -1.17671064969 -1.92365737449 -2.04526168137 -0.913228635315
2018-01-19 14:47:37.712262 1200000 1200000 -1.1602280289 -1.74800810561 -1.92406564852 -1.379717386 -0.95706708684 -0.582615299801 -0.737702835242 -0.72371903815 0.202049833626 -0.161740088215 -0.66813461118 0.284621363508 -1.15876580435 -1.32172911292 -1.52240098345 -0.238601940006
2018-01-19 14:47:42.730311 1700000 1700000 -0.405491528652 1.83756864882 -1.5964447218 -1.379717386 -0.735577569668 -0.463403228415 0.577922866651 0.106807419092 -0.628579754874 -0.538648796917 -0.679990740316 0.0955685752909 -0.393158181578 -1.09738440393 -1.27473012654 -0.162458972139
2018-01-19 14:47:47.745078 1700000 1700000 -0.619321200728 2.42728882083 -1.87511079741 -1.379717386 -0.860962910724 -0.554263054729 -0.717210223063 1.82360036426 -0.671519081059 -0.618685134157 -0.951769700529 -0.711395003946 -0.615604840813 -1.56109351005 -1.6554094066 -0.755612691829
2018-01-19 14:47:52.762487 1700000 1700000 -0.913336999832 2.50539745288 -2.12026162878 -0.108228319547 -0.93796426135 -0.574822577472 -0.385229905763 1.8347483704 -0.680529300324 -0.616982233365 -1.0290169419 -0.830028800579 -0.911385563532 -1.64284624299 -1.68063514203 -0.999270189005
2018-01-19 14:47:57.778332 2100000 2100000 -1.14312165513 3.95040714587 -2.31284248157 -0.108228319547 -0.990397460736 -0.588882638186 1.24598202369 0.101233416023 -0.692777567137 -0.548866201671 -1.07844788031 -0.899813386834 -1.14238786351 -1.82175164227 -1.86638828471 -1.09901747691
2018-01-19 14:48:02.801701 2100000 2100000 -1.14328613949 4.06757009395 -2.31340734524 -0.0919965442308 -0.990913753317 -0.589048440789 1.29926281535 0.151399443642 -0.699112877558 -0.551704369659 -1.08579868037 -0.900067148966 -1.14238786351 -1.82213188754 -1.86180178736 -1.11576892984
2018-01-19 14:48:07.814541 1700000 1700000 -0.954458090616 0.95103567501 -2.05398429188 0.941426484246 -0.967835474954 -0.580774890911 0.413981969219 1.50588218935 -0.723468626509 -0.627653744997 -1.05856606375 -0.854897489499 -0.95294153284 -0.831783083208 -0.763335671988 -0.796729894477
2018-01-19 14:48:12.830140 1800000 1800000 -1.10948460287 2.3882345048 -2.27729372814 0.930605300702 -0.985315666619 -0.586876426692 0.938592841002 0.407803584804 -0.703477202515 -0.587465286298 -1.07999829719 -0.89029730689 -1.1086541943 -0.854978044646 -0.788561407414 -0.805867050621
2018-01-19 14:48:17.844576 1700000 1700000 -0.995990392307 0.283206870951 -2.03590865454 -0.0919965442308 -0.974399766339 -0.583891979843 0.39348935704 0.580597679935 -0.726143535353 -0.630321622905 -1.06686535415 -0.869488812079 -0.994741949026 -1.63980428083 -1.67375539601 -1.00993020451
2018-01-19 14:48:22.861717 2100000 2100000 -1.14271044422 3.63797261766 -2.31133617846 0.156890677287 -0.981627862471 -0.588020464651 0.131183921149 0.747817771997 -0.579305118268 -0.529566659358 -1.06951018296 -0.879258654155 -1.14189896975 -1.77117902143 -1.81135031651 -1.07922030527
2018-01-19 14:48:27.857110 2100000 2100000 -1.14443753004 3.5598639856 -2.31216464517 -0.097407136003 -0.982512935466 -0.588650514542 0.0164252929461 0.87044583951 -0.580712965028 -0.53808116332 -1.06303491243 -0.880781226946 -1.1436100979 -1.81604796323 -1.86868153339 -1.06856028977
2018-01-19 14:48:32.869804 1800000 1800000 -1.0218966795 3.67702693369 -2.23474066524 0.908962933613 -0.906691682168 -0.564377013498 -0.352441726276 0.246157495811 -0.5145441673 -0.517078720215 -0.955417740263 -0.703782139991 -1.02163110564 -1.00175271866 -1.00412678287 -0.677946864603
2018-01-19 14:48:37.887755 1800000 1800000 -1.00380339956 3.48175535355 -2.21892448257 0.936015892474 -0.881614613957 -0.557247501579 -0.442609219864 0.0566413914734 -0.476532304775 -0.500617345889 -0.923497392587 -0.628922311099 -1.00280869601 -0.739383482727 -0.724350444511 -0.556118116015
2018-01-19 14:48:42.906061 1800000 1800000 -1.1696036376 -0.279175279836 -2.31483833319 0.167711860831 -0.978677619152 -0.588849477665 -0.692619088448 0.145825440573 0.186563519264 -0.161740088215 -1.0236360833 -0.749459323721 -1.16886146042 -1.75311737113 -1.84116254929 -0.907898627564
2018-01-19 14:48:48.208704 1900000 1900000 -1.1764914203 -1.58007454669 -2.31182572697 0.146069493743 -0.9892984951 -0.591999727118 -0.704914655755 -0.924383148625 1.03127157537 0.28101411779 -1.01333037105 -0.65937376692 -1.17574997345 -1.71585333472 -1.82510980856 -0.811958488051
2018-01-19 14:48:53.222133 1900000 1900000 -0.750908691236 -0.0682819732912 -1.50606653512 0.167711860831 -0.49734542166 -0.451465441017 -0.803279194214 -0.662405004394 -0.258316056949 -0.408093069506 -0.7365353562 -0.109978751496 -0.735383811171 -0.715237908116 -0.772508666688 -0.299516314301
2018-01-19 14:48:58.236005 1700000 1700000 -0.718011818609 2.34918018877 -1.9466601952 0.394956715261 -0.725989278881 -0.519610310752 -0.922136344853 0.853723830303 -0.51595201406 -0.545460400087 -0.909817243583 -0.617503015167 -0.70849465456 -1.40348184586 -1.46965626392 -0.741145527934
2018-01-19 14:49:03.253203 1700000 1700000 -0.95939262151 3.20837514136 -2.18164348057 0.427420265894 -0.935309042363 -0.575983195691 -0.688520566012 2.02983847781 -0.652935503824 -0.607900095806 -1.01433358197 -0.773566726246 -0.958074917284 -1.58752055628 -1.6278904225 -0.952822978606
2018-01-19 14:49:08.318311 1700000 1700000 -0.98406527598 3.71608124971 -2.21063981546 -0.097407136003 -0.842523889981 -0.547962555824 -0.647535341654 0.279601514223 -0.414587047328 -0.478479635589 -0.891577044911 -0.645416849669 -0.983008498868 -1.59417484849 -1.70815412613 -0.712972629823
2018-01-19 14:49:13.333175 2100000 2100000 -0.988177385058 3.01310356123 -2.1963299359 -0.0919965442308 -0.834410720854 -0.510325364997 0.635302180752 -1.08045523455 -0.389245805645 -0.311027724343 -0.95450573033 -0.670793062852 -0.986186308286 -1.58885141472 -1.69668788276 -0.729724082753
2018-01-19 14:49:18.343192 2100000 2100000 -0.813412749227 4.45811325422 -2.12967602323 -0.0919965442308 -0.848424376619 -0.397082187311 1.72141062624 -1.09717724376 -0.59619927939 -0.230423753506 -0.962713819732 -0.859972732136 -0.808717874655 -1.5629947364 -1.61413093045 -0.900284330777
2018-01-19 14:49:23.354442 1800000 1800000 -1.16545040743 0.829967295327 -2.31739904848 0.908962933613 -0.968573035784 -0.586196636021 -0.823771806393 0.201565471261 0.23865384939 -0.156631385838 -1.04880755746 -0.864667331575 -1.16468141881 -1.01677240681 -0.972021301422 -0.844699964234
2018-01-19 14:49:28.370138 1800000 1800000 -1.17575124067 0.537059925125 -2.33042857039 0.941426484246 -0.995730025535 -0.59286687473 1.39762735381 -0.562072949157 -0.506097086739 -0.227017951921 -1.08036310117 -0.90950710027 -1.17502152176 -0.838817620693 -0.749576179937 -0.870588573309
2018-01-19 14:49:33.574226 2100000 2100000 -1.17598151878 0.173854786075 -2.33008965219 0.135248310199 -0.996305322982 -0.593034335359 1.66403131214 -0.550924943019 -0.584936505308 -0.241208791857 -1.08163991507 -0.910636341757 -1.17524152395 -1.96510410886 -1.98563721582 -1.27719202172
2018-01-19 14:49:38.585793 1700000 1700000 -0.83191724008 0.412086113839 -1.79979564184 0.167711860831 -0.512096638255 -0.435879996357 -0.401623995506 -0.81290308725 -0.151319703176 -0.307621922758 -0.679990740316 -0.655567334942 -0.820940218569 -1.43123975053 -1.54074697285 -0.61627106063
2018-01-19 14:49:43.599067 1900000 1900000 0.00571937918604 0.728426073657 -0.726554674987 0.92519470893 0.418705128882 -0.08371526809 -0.14341708205 -0.890939130212 -0.230159121746 -0.320677495499 0.000368670149081 -0.545180807594 0.0175125739323 0.400591835142 0.417687395693 0.217494437522
2018-01-19 14:49:48.613122 2101000 2101000 -0.0559622569896 1.01352258065 -0.963797415027 -0.0865859524587 0.39657830399 -0.116875788642 -0.266372755124 -0.924383148625 -0.206225726823 -0.321812762694 0.00948876948508 -0.84677710128 -0.0558214895518 -0.644702410629 -0.786268158739 0.0286598772096
2018-01-19 14:49:53.623590 1700000 1700000 0.182540069556 1.25565934002 -0.794338314998 0.422009674122 0.330197829313 -0.110243684532 -0.106530380128 -0.41714886937 -0.331524088478 -0.381414290426 -0.0452318265309 -0.650492092305 0.186180919946 -0.408189853019 -0.515664815076 0.077391376645
2018-01-19 14:49:58.637278 1800000 1800000 -0.875505596311 0.665939168014 -1.91276837519 1.86122708551 -0.740002934646 -0.460418781566 0.64759774806 -1.4739798512 -0.389245805645 -0.308757189953 -0.81770424029 -0.641610417691 -0.87471853179 -0.457431615416 -0.426228116747 -0.416776484817
2018-01-19 14:50:03.652279 1700000 1700000 -1.17752767179 -1.72730931811 -2.31393455132 -0.0757647689144 -0.991120270349 -0.592497134926 -0.647535341654 -1.03028920693 2.03084277509 0.842971379259 -0.993722157475 -0.65810495626 -1.17679376162 -1.69969291077 -1.81593681386 -0.77769415251
2018-01-19 14:50:08.666742 1900000 1900000 -0.931019068869 -0.111241720921 -1.8412189774 0.167711860831 -0.906691682168 -0.568853683772 -0.844264418572 0.942907879403 -0.614501287272 -0.592006355077 -0.793079972083 -0.158193556545 -0.930941313795 -1.24301834214 -1.35958032752 -0.463985124895
2018-01-19 14:50:13.680640 1700000 1700000 -1.00750429773 2.93499492917 -2.20875693657 -0.0865859524587 -0.954264355687 -0.579730334513 -0.290963889739 2.02983847781 -0.667295540778 -0.606764828611 -1.03959625713 -0.817086931855 -1.00671984606 -1.6757374588 -1.72650011553 -0.978711587681
2018-01-19 14:50:18.695666 2100000 2100000 -1.05397113031 3.5598639856 -2.25319287836 0.411188490577 -0.913329729636 -0.568853683772 -0.610648639732 0.246157495811 -0.470900917735 -0.507428949058 -0.968185879334 -0.754534566358 -1.05316475293 -1.7130014952 -1.78612458109 -0.929980088246
2018-01-19 14:50:23.707486 2101000 2101000 -1.04780296669 2.42728882083 -2.22683257391 -0.0865859524587 -0.859487789065 -0.544978108974 -0.163909694229 -0.523054927676 -0.293512225953 -0.363250015308 -0.947209650861 -0.672061873511 -1.0468091341 -1.63029814909 -1.73337986156 -0.773887004117
2018-01-19 14:50:28.716707 1900000 1900000 -0.778871032969 4.14567872601 -2.09804365789 0.936015892474 -0.788681949409 -0.382159953062 1.51238598201 -0.99127118545 -0.541293255743 -0.234397188688 -0.913465283318 -0.774835536905 -0.776939780478 -0.570744705717 -0.527131058451 -0.535559514691
2018-01-19 14:50:33.732015 1800000 1800000 -1.16853448924 0.626884851987 -2.32037399713 2.61870993361 -0.977792546156 -0.588318909336 -0.557367848066 0.212713477398 0.126026108577 -0.172525126567 -1.05838366177 -0.881542513342 -1.16778589416 -0.731398332068 -0.630327248831 -0.836324237768
2018-01-19 14:50:38.747697 2100000 2100000 -1.17591161292 0.0723135644055 -2.32975073399 0.411188490577 -0.996261069333 -0.592974646422 1.66812983457 -0.472888900057 -0.582120811788 -0.233829555091 -1.0812751111 -0.910471396371 -1.17516818988 -1.93620546838 -1.95811823172 -1.25282627201
2018-01-19 14:50:43.758562 2100000 2100000 -1.17606376096 0.0488809747894 -2.32993902188 0.156890677287 -0.996238942508 -0.593017755099 1.62714461022 -0.484036906194 -0.566634497426 -0.220773982349 -1.08154871408 -0.910217634239 -1.17531485801 -1.96301275988 -1.98105071847 -1.28404488883
2018-01-19 14:50:48.769295 1700000 1700000 -0.967205628758 0.216814533705 -1.97866913631 0.941426484246 -0.67067221665 -0.491921276091 -0.520481146144 -0.729293041219 -0.0640332040459 -0.272996273314 -0.797640021751 -0.601008476597 -0.966386111145 -0.725314407757 -0.708297703785 -0.5530723973
2018-01-19 14:50:53.783118 1900000 1900000 0.285342796516 1.83756864882 -0.937437110578 0.941426484246 0.234314921446 -0.231279584548 -0.704914655755 -0.523054927676 -0.392061499165 -0.470532765224 -0.118192621219 -0.271117705211 0.288848608823 0.442608937419 0.47043211522 0.210641570414
2018-01-19 14:50:58.793167 1700000 1700000 0.589638868316 2.23201724069 -0.805635588333 -0.0865859524587 0.389202695693 -0.191486959885 -0.741801357677 -0.495184912332 -0.420218434369 -0.487561773148 0.00948876948508 -0.24193506005 0.591962737891 -0.39697261757 -0.59363527003 0.381201818437
2018-01-19 14:51:03.809027 1800000 1800000 -0.903056727136 2.07579997658 -2.08749953611 0.411188490577 -0.774668293644 -0.527071427876 -0.631141251911 -0.562072949157 -0.408955660287 -0.473938566809 -0.916201313119 -0.797166604506 -0.901607688401 -1.46755317376 -1.52469423212 -0.815004206765
2018-01-19 14:51:08.822297 1900000 1900000 -1.17572656801 -1.41175044462 -2.3139722089 -0.0865859524587 -0.974473522422 -0.584654671815 0.245942549351 -1.64153438345 2.9741001044 2.18258666922 -1.07288461971 -0.884587658924 -1.17499707707 -1.77441110622 -1.82281655989 -1.05409312587
2018-01-19 14:51:13.838056 1900000 1900000 -1.1757183438 -1.43518303423 -2.31291779672 0.162301269059 -0.973809717675 -0.584389387651 0.241844026915 -1.6418130836 3.07264937761 2.25070270092 -1.07233741375 -0.883699491462 -1.17497263238 -1.72859155125 -1.76777859168 -1.05333169619
2018-01-19 14:51:18.853586 1900000 1900000 -1.17554152311 -1.43127760263 -2.31178806939 0.422009674122 -0.97292464468 -0.584008041665 0.241844026915 -1.64476730523 2.988178572 2.1882630052 -1.0716990068 -0.882938205067 -1.17480151957 -1.69532009017 -1.72879336421 -1.0495245478
2018-01-19 14:51:23.870443 1200000 1200000 -1.17566899849 -1.45080476064 -2.31182572697 0.427420265894 -0.972777132514 -0.584041202185 0.225449937172 -1.64766578682 3.17119865082 2.30178972469 -1.07133420282 -0.882303799737 -1.17492374301 -1.67992015676 -1.71044737481 -1.04876311812
2018-01-19 14:51:28.891085 1900000 1900000 -1.17562376529 -1.44299389744 -2.31182572697 0.422009674122 -0.97292464468 -0.583974881144 0.250041071787 -1.65329552992 3.08672784521 2.27340804482 -1.0716990068 -0.882811324001 -1.17487485363 -1.70292499556 -1.73796635891 -1.0495245478
2018-01-19 14:51:33.905946 1200000 1200000 -1.1762652543 -1.35316897058 -2.31962084557 -1.35807501891 -0.978972643483 -0.586544821487 0.254139594223 -1.63228153835 2.93186470159 2.1655576613 -1.07653265945 -0.890043544758 -1.17552508233 -1.9346844873 -2.01086295125 -1.07160600848
2018-01-19 14:51:38.927041 1900000 1900000 -1.17556208365 -1.43518303423 -2.31182572697 0.400367307033 -0.972998400763 -0.584041202185 0.241844026915 -1.64437712501 3.0022570396 2.19393934117 -1.07179020779 -0.882938205067 -1.17482596425 -1.70254475029 -1.73796635891 -1.04800168844
2018-01-19 14:51:43.942438 1200000 1200000 -1.17621179689 -1.34535810737 -2.31958318799 -1.35807501891 -0.979046399566 -0.586528241227 0.262336639094 -1.63005193713 2.84739389598 2.10879430156 -1.07644145845 -0.889916663692 -1.17547130401 -1.94000792108 -2.01774269727 -1.07008314912
2018-01-19 14:51:48.963649 1900000 1900000 -1.175537411 -1.43127760263 -2.31178806939 0.400367307033 -0.972998400763 -0.584024621925 0.245942549351 -1.64298362425 2.9600216368 2.17691033325 -1.07188140878 -0.883065086133 -1.17480151957 -1.70767806143 -1.74255285626 -1.05333169619
2018-01-19 14:51:53.976720 1700000 1700000 -1.15763740018 0.751858663273 -2.30636537819 -1.36889620245 -0.967909231037 -0.586660883309 -1.09837280959 -1.21255910728 -0.128794155014 -0.370061618477 -1.0675037611 -0.90209724602 -1.1568591187 -1.9428597606 -2.01315619992 -1.09673318788
2018-01-19 14:51:58.991081 2101000 2101000 -1.13843385078 0.517532767112 -2.27541084925 0.411188490577 -0.96178747615 -0.577856765102 0.430376058962 -0.210910755826 -0.370943797763 -0.334300701838 -1.06312611342 -0.894230619933 -1.13774337282 -1.72935204179 -1.75860559698 -1.08683460205
2018-01-19 14:52:04.004363 2100000 2100000 -1.13374604643 2.03674566056 -2.29386306237 -0.097407136003 -0.989224739017 -0.586561401747 1.45500666791 1.12684998067 -0.70009837029 -0.532404827346 -1.08495963123 -0.905802173145 -1.13285443525 -1.81966029329 -1.85492204134 -1.12871323438
2018-01-19 14:52:09.027878 1800000 1800000 -1.10866218105 1.39625487772 -2.25884151503 2.13175667411 -0.980669033392 -0.580957273774 1.26647463587 0.837001821097 -0.673208497171 -0.517646353812 -1.07808307633 -0.900447792163 -1.10767640679 -0.989584870038 -0.92615632792 -0.888101455918
2018-01-19 14:52:14.055329 1500000 1500000 -1.08604558112 -1.69762803793 -0.760446494992 0.941426484246 -0.944823577066 -0.561226764045 0.959085453181 -1.1980666993 -0.520175554341 -0.379143756036 -1.03877544819 -0.89867145724 -1.08518729399 -0.059314818281 0.158550295406 -0.763988418294
2018-01-19 14:52:19.061766 1800000 1800000 -1.09714827564 -1.6773197936 -1.0730043906 0.173122452604 -0.949986502875 -0.566698249936 0.836129780107 -1.20029630053 -0.5145441673 -0.395605130362 -1.04470351276 -0.901335959625 -1.09618740351 -1.17552480681 -1.11878921663 -0.993178751576
2018-01-19 14:52:24.094971 1800000 1800000 -1.11894245375 -1.74136887188 -1.05794135949 -0.595181579039 -0.963705134308 -0.570014301992 1.14761748523 -1.55368809509 -0.521583401101 -0.335435969033 -1.05391481309 -0.903987773902 -1.11818762256 -1.32058837711 -1.26555713184 -1.08683460205
2018-01-19 14:52:29.119619 2101000 2101000 -1.09961554108 -1.72027954123 -0.824464377226 0.167711860831 -0.950060258957 -0.565040223909 0.93039579613 -1.45837264261 -0.506097086739 -0.368358717685 -1.04388270382 -0.902477889218 -1.09863187229 -1.07628079148 -0.976607798773 -1.06779886009
2018-01-19 14:52:34.134826 1800000 1800000 -1.10701733742 -1.73902561292 -0.824464377226 0.167711860831 -0.956624550342 -0.566698249936 1.06154851408 -1.53362168404 -0.51876770758 -0.354735511346 -1.04789554753 -0.903201111294 -1.10620972552 -1.07590054621 -0.974314550097 -1.07389029752
2018-01-19 14:52:39.131870 1500000 1500000 -1.08810163566 -1.75542842565 -0.203114343786 1.91533300323 -0.946003674394 -0.559237132812 1.06974555895 -1.55536029601 -0.521583401101 -0.354735511346 -1.03713383031 -0.900828435361 -1.08689842214 0.468845861012 0.802953173111 -0.788354168012
2018-01-19 14:52:44.142197 1800000 1800000 -1.11359671195 -1.76362983202 -0.71902315943 0.183943636148 -0.96053362274 -0.567029855142 1.17630714228 -1.5793285092 -0.520175554341 -0.325786197876 -1.05035797435 -0.903467561532 -1.11280979124 -1.00270333183 -0.910103587194 -0.993940181255
2018-01-19 14:52:49.154648 1700000 1700000 -1.14431416676 -0.0721874048939 -2.26787933369 -0.519433294229 -0.977350009658 -0.58730751346 -0.196697873716 -0.0994306944513 -0.51172847378 -0.505726048266 -1.07270221772 -0.902858532416 -1.1436100979 -1.86890205569 -1.92142625292 -1.10510891434
2018-01-19 14:52:54.171153 2100000 2100000 -1.12881151554 6.29366610748 -2.31284248157 0.156890677287 -0.992366748152 -0.592347912584 0.135282443584 1.87934039495 -0.737547094111 -0.644001592603 -1.08513291312 -0.905649915866 -1.12796549769 -1.77231975724 -1.79759082446 -1.12947466406
2018-01-19 14:52:59.184656 2100000 2100000 -1.13374604643 5.90312294722 -2.31400986648 -0.0919965442308 -0.992174982336 -0.592265011282 0.13938096602 2.02426447474 -0.73050786031 -0.638836126866 -1.08510555282 -0.906030559064 -1.13285443525 -1.80825293521 -1.84116254929 -1.12871323438
2018-01-19 14:53:04.196051 1800000 1800000 -1.12634425009 5.590688419 -2.30960392988 0.92519470893 -0.986274495698 -0.590706466816 -0.364737293584 1.46686416786 -0.685738333336 -0.619252767754 -1.07744466938 -0.899686505768 -1.12552102891 -0.892812448958 -0.82296013754 -0.843177104876
2018-01-19 14:53:09.210770 1700000 1700000 -1.13251241371 6.48893768762 -2.31491364835 0.936015892474 -0.993096933373 -0.592430813885 0.39348935704 1.69539829368 -0.741066711011 -0.642582508609 -1.08200471905 -0.904025838222 -1.13187664774 -0.838627498059 -0.761042423312 -0.831755659696
2018-01-19 14:53:14.229087 2100000 2100000 -1.14484874094 5.23919957476 -2.3177003091 0.151480085515 -0.992492133493 -0.592198690241 0.34430708781 1.73999031823 -0.716851746736 -0.624077653333 -1.08163991507 -0.90500282243 -1.14409899165 -1.8295466703 -1.85033554399 -1.18353617125
2018-01-19 14:53:19.242955 2100000 2100000 -1.16084484526 1.12287466553 -2.3136332907 -0.0865859524587 -0.987970885606 -0.589595589378 0.606612523702 -0.0436906637639 -0.537069715463 -0.451800856509 -1.05491802402 -0.853374916708 -1.16008581749 -1.78790981329 -1.84116254929 -1.04724025876
2018-01-19 14:53:24.255085 1500000 1500000 -1.17729328157 -1.72613768863 -2.30945329957 0.92519470893 -0.989962299847 -0.592281591542 -0.852461463444 -0.701423025875 1.93229350187 0.701062979898 -0.975481958803 -0.601008476597 -1.17655664815 -0.884256930395 -0.903223841169 -0.542412381799
2018-01-19 14:53:29.274151 1500000 1500000 -1.17725627259 -1.72027954123 -2.30952861472 0.930605300702 -0.989888543764 -0.592215270501 -0.774589537164 -0.640108992119 1.89005809907 0.706739315873 -0.973657938935 -0.595933233961 -1.17651998112 -0.725124285122 -0.726643693186 -0.491396593327
2018-01-19 14:53:34.290199 1200000 1200000 -1.17751944757 -1.7038767285 -2.31615634841 -0.595181579039 -0.991732445838 -0.59271267831 -0.696717610884 -0.506332918469 1.73519495545 0.661328628077 -1.00284225681 -0.673330684171 -1.17678398375 -1.78867030383 -1.90996000954 -0.821857073873
2018-01-19 14:53:39.312091 1200000 1200000 -1.17754000812 -1.70661053062 -2.31623166357 -0.606002762583 -0.991784075096 -0.59271267831 -0.68032352114 -0.389278854026 1.76335189065 0.678357636 -1.00284225681 -0.67459949483 -1.17680109503 -1.80635170886 -1.92371950159 -0.84698425327
2018-01-19 14:53:44.332593 1200000 1200000 -1.17754823234 -1.66286969667 -2.31965850315 -1.36889620245 -0.992322494502 -0.592793921585 -0.528678191016 -0.478462903126 1.53809640903 0.627270612231 -1.0126007631 -0.701244518672 -1.17681087291 -1.88544272491 -2.0062764539 -0.889624315276
2018-01-19 14:53:49.368327 1200000 1200000 -1.17759346554 -1.67185218935 -2.3197338183 -1.379717386 -0.992322494502 -0.592843662366 -0.618845684603 -0.378130847888 1.63664568224 0.638623284179 -1.01250956211 -0.701244518672 -1.17685242888 -1.89209701712 -2.0154494486 -0.885817166882
2018-01-19 14:53:54.399452 1200000 1200000 -1.17763458663 -1.68239685468 -2.3197338183 -1.379717386 -0.99232987011 -0.592832056184 -0.594254549988 -0.305668807995 1.74927342305 0.712415651847 -1.01232716012 -0.701244518672 -1.17689642931 -1.89837106407 -2.02232919462 -0.888101455918
2018-01-19 14:53:59.400220 1200000 1200000 -1.16179063035 -1.78510970583 -1.84498473518 -1.379717386 -0.95360055094 -0.582084731473 -0.860658508316 -0.762737059631 0.428713162013 -0.06524237665 -0.651718432375 0.289696606145 -1.16099027094 -1.25347508705 -1.43296428512 -0.262206260045
2018-01-19 14:54:04.419224 1700000 1700000 -0.516518473768 1.13068552873 -1.55878714402 -1.379717386 -0.720826353073 -0.475009410609 0.282829251273 -0.10500469752 -0.589160045589 -0.527296124969 -0.651718432375 0.14378338034 -0.515381620718 -1.09510293232 -1.28390312124 -0.122864628847
2018-01-19 14:54:09.433291 1700000 1700000 -0.709787600452 2.27107155672 -1.93536292186 -1.379717386 -0.895628269722 -0.562387382264 -0.516382623708 2.04098648395 -0.68348577852 -0.620955668547 -0.987338087939 -0.777373158223 -0.70849465456 -1.62915741329 -1.71044737481 -0.845461393913
2018-01-19 14:54:14.449520 2100000 2100000 -1.10619491561 3.20837514136 -2.28407209214 -0.167744829041 -0.982955471964 -0.586826685912 0.659893315367 0.496987633904 -0.691792074405 -0.590871087882 -1.06996618792 -0.891692998615 -1.10547638489 -1.78391723796 -1.82281655989 -1.0921646098
2018-01-19 14:54:19.463402 2100000 2100000 -1.14135344823 4.22378735806 -2.31288013915 -0.0865859524587 -0.990913753317 -0.588600773761 1.3853317865 0.0120493669235 -0.703477202515 -0.548298568074 -1.08566187888 -0.899686505768 -1.14067673536 -1.79646533185 -1.82969630591 -1.11957607824
2018-01-19 14:54:24.480173 1900000 1900000 -1.13456846825 4.22378735806 -2.30881312075 0.930605300702 -0.989446007266 -0.587639118665 1.33614951727 0.0120493669235 -0.701083863022 -0.550569102464 -1.08474074885 -0.897402646581 -1.13358777589 -0.996809530158 -0.949088814671 -0.84089281584
2018-01-19 14:54:29.497539 1700000 1700000 -0.922794850712 0.943224811805 -2.01369068365 0.941426484246 -0.963557622142 -0.57953137139 0.319715953196 1.42227214331 -0.723187057157 -0.629753989307 -1.05336760713 -0.854643727367 -0.921163438663 -0.614092666437 -0.520251312426 -0.73200837179
2018-01-19 14:54:34.513869 1800000 1800000 -0.993111915952 0.353504639799 -2.04118071543 0.427420265894 -0.978308838737 -0.5837427575 0.766454898698 0.485839627766 -0.736983955407 -0.630378386264 -1.07115180084 -0.881542513342 -0.992053033365 -1.53314548274 -1.55221321622 -0.986325884468
2018-01-19 14:54:39.528442 2100000 2100000 -1.14579452603 3.71608124971 -2.3136332907 -0.0919965442308 -0.983398008462 -0.588617354021 0.180366190378 0.747817771997 -0.584936505308 -0.531269560151 -1.07653265945 -0.879893059485 -1.14507677917 -1.78543821904 -1.82510980856 -1.09064175045
2018-01-19 14:54:44.539694 2100000 2100000 -1.14184690132 3.63797261766 -2.3109219451 0.162301269059 -0.981922886802 -0.588186267254 0.122986876277 0.993073907022 -0.589160045589 -0.536945896125 -1.06285251044 -0.876340389639 -1.14092118224 -1.74703344682 -1.78612458109 -1.06627600073
2018-01-19 14:54:49.553613 1700000 1700000 -1.08316710477 4.10662440998 -2.27767030392 0.930605300702 -0.955518209098 -0.579796655554 -0.225387530766 0.402229581735 -0.580712965028 -0.550569102464 -1.02691931906 -0.817340693987 -1.08249837833 -0.940152985007 -0.898637343819 -0.781501300904
2018-01-19 14:54:54.569310 1800000 1800000 -0.945000239735 3.59891830163 -2.18239663212 0.92519470893 -0.858750228235 -0.548791568838 -0.377032860891 0.123529428298 -0.508912780259 -0.514808185825 -0.885192975376 -0.570557020777 -0.943896998344 -0.614853156976 -0.60280826473 -0.46093940618
2018-01-19 14:54:59.585107 1700000 1700000 -1.16384668489 0.611263125576 -2.3136332907 -0.0865859524587 -0.967540450622 -0.585632907172 -0.725407267934 0.257305501948 0.161222277581 -0.181039630528 -1.04333549786 -0.776104347564 -1.1630925141 -1.73410510766 -1.83198955459 -0.862212846843
2018-01-19 14:55:04.657188 1700000 1700000 -1.17733851477 -1.7058294443 -2.31272950884 0.156890677287 -0.989372251183 -0.59214894946 -0.88524964293 -1.04701121614 2.24201978911 0.837295043284 -1.02254167138 -0.660642577579 -1.17659820412 -1.70045340131 -1.80447057049 -0.818811355159
2018-01-19 14:55:09.671592 1900000 1900000 -0.779282243877 -0.115147152523 -1.53995835513 -0.0865859524587 -0.548974679742 -0.46124779458 -0.688520566012 -0.690275019738 -0.26676313751 -0.402984367129 -0.744743445602 -0.1036346982 -0.774495311695 -0.885968034108 -0.960555058047 -0.358907829237
2018-01-19 14:55:14.708969 1700000 1700000 -0.541191128238 2.46634313685 -1.81485867295 -0.0865859524587 -0.692799041543 -0.509496351983 -0.88524964293 1.1212759776 -0.562410957146 -0.56703047679 -0.862392727036 -0.541374375616 -0.539826308546 -1.20214197567 -1.28619636991 -0.543935241156
2018-01-19 14:55:19.725849 2100000 2100000 -1.08193347205 3.5598639856 -2.27126851569 0.411188490577 -0.934645237616 -0.574822577472 -0.540973758323 0.441247603217 -0.483571538576 -0.509699483448 -1.01114154721 -0.79424833999 -1.08078725018 -1.63999440347 -1.68751488806 -0.965005853465
2018-01-19 14:55:24.736751 1700000 1700000 -1.05397113031 2.77877766507 -2.24001272613 -0.0919965442308 -0.884564857276 -0.56089515884 -0.68032352114 0.313045532636 -0.362496717202 -0.453503757301 -0.94447362106 -0.712663814605 -1.05316475293 -1.66889304395 -1.75860559698 -0.844699964234
2018-01-19 14:55:29.751688 1900000 1900000 -0.672778618747 4.22378735806 -2.03816810921 0.941426484246 -0.732627326349 -0.345683380454 1.43451405573 -1.13619526524 -0.541293255743 -0.269022838132 -0.867864786638 -0.679674737466 -0.671827622818 -0.55078182907 -0.506491820375 -0.52413806951
2018-01-19 14:55:34.765256 2100000 2100000 -1.15282623256 1.44702548855 -2.30708087217 -0.0649435853702 -0.958689720665 -0.574159367061 0.659893315367 -0.0771346821763 -0.0851509054484 -0.0198316888545 -1.03147936873 -0.85362867884 -1.15216573864 -1.72688044754 -1.82052331121 -0.871350002988
2018-01-19 14:55:39.776130 1800000 1800000 -1.17459162591 0.595641399165 -2.32884695213 0.378724939945 -0.991555431239 -0.592248431022 -0.110628902564 -0.23878077117 -0.0978215262899 -0.229856119908 -1.07680626243 -0.904863253257 -1.17384817674 -1.93715608156 -1.96270472907 -1.24140482682
2018-01-19 14:55:44.792080 2100000 2100000 -1.17578002543 0.548776219933 -2.33046622797 0.854857015892 -0.996224191291 -0.592966356292 1.65173574483 -0.523054927676 -0.586344352068 -0.252561463806 -1.08145751309 -0.910420643944 -1.17504596645 -1.10175722453 -1.03164576698 -0.987087314147
2018-01-19 14:55:49.801249 2100000 2100000 -1.15615704091 0.568303377947 -2.30218538706 0.167711860831 -0.973219669011 -0.585417363788 -0.0696436782057 -0.785033071906 -0.280841605112 -0.343382839397 -1.06020768163 -0.89093171222 -1.15541688212 -1.93088203461 -1.96041148039 -1.22389194422
2018-01-19 14:55:54.812337 1900000 1900000 0.0797373425969 0.626884851987 -0.560861332736 0.936015892474 0.536714861641 -0.062160929731 -0.237683098074 -0.818477090319 -0.216080654144 -0.324083297084 0.137170160189 -0.423374984313 0.0810687622851 0.539381358499 0.539229575474 0.369780373257
2018-01-19 14:55:59.826876 1900000 1900000 0.19898850587 1.30252451925 -0.798104072777 0.941426484246 0.153183230174 -0.115217762615 0.204957324993 -0.484036906194 -0.394877192686 -0.3870906264 -0.192977435774 -0.618771825826 0.200847732642 0.466564389395 0.541522824149 0.0705385095369
2018-01-19 14:56:04.841507 1800000 1800000 -1.13086757008 0.853399884943 -2.27277481881 0.427420265894 -0.958468452417 -0.584008041665 -1.04099349549 -0.545350939951 -0.403324273247 -0.496076277109 -0.980954018404 -0.663180198897 -1.13016551959 -1.55748117999 -1.68292839071 -0.649773966492
2018-01-19 14:56:09.856204 1700000 1700000 -1.17741664485 -1.72691877495 -2.31175041181 0.427420265894 -0.990788367976 -0.592397653364 -0.639338296782 -1.05258521921 1.89005809907 0.769179011591 -0.987338087939 -0.639072796373 -1.17667887159 -1.6133772346 -1.71044737481 -0.782262730582
2018-01-19 14:56:14.870636 1900000 1900000 -0.919093952541 -0.00579506764824 -1.84498473518 0.167711860831 -0.900053634701 -0.567693065553 -0.950826001903 0.770113784272 -0.610277746991 -0.592573988675 -0.793079972083 -0.163268799181 -0.918718969881 -1.24301834214 -1.35728707884 -0.471599421682
2018-01-19 14:56:19.884913 1700000 1700000 -1.01038277408 2.93499492917 -2.21026323968 -0.0865859524587 -0.955444453015 -0.579962458157 -0.262274232688 2.05213449008 -0.668844172214 -0.606764828611 -1.04224108594 -0.821654650228 -1.00916431484 -1.67782880778 -1.72650011553 -0.987087314147
2018-01-19 14:56:24.954682 1700000 1700000 -0.988999806874 1.38063315131 -2.12816972011 0.416599082349 -0.827772673386 -0.546304529797 -0.836067373701 0.112381422161 -0.368128104242 -0.466559330042 -0.864216746903 -0.599739665938 -0.987897436434 -1.47743955077 -1.5636794596 -0.725155504681
2018-01-19 14:56:29.969041 2100000 2100000 -0.803543687439 3.9894614619 -2.10745805233 -0.0919965442308 -0.766555124517 -0.423610603753 1.17220861984 -1.23987172232 -0.500465699698 -0.300242685991 -0.902521164115 -0.701244518672 -0.798939999523 -1.47401734334 -1.5728524543 -0.680992583318
2018-01-19 14:56:34.979290 2100000 2100000 -1.09262495565 2.89594061315 -2.27089193992 -0.0919965442308 -0.933686408537 -0.519610310752 1.63124313265 -0.495184912332 -0.441336135771 0.0482843428386 -1.02135605846 -0.848934079401 -1.09154291282 -1.71091014622 -1.77465833771 -0.959675845714
2018-01-19 14:56:39.990630 1800000 1800000 -1.17416807867 0.947130243407 -2.32903524002 0.844035832348 -0.990264699787 -0.591966566597 -0.295062412175 0.0733634006797 -0.0260213415213 -0.21623291357 -1.07452623759 -0.902351008152 -1.17343261705 -0.97000223866 -0.880291354418 -0.96196013475
2018-01-19 14:56:45.006431 2100000 2100000 -1.17416807867 0.591735967563 -2.32824443088 0.936015892474 -0.996172562033 -0.591983146858 1.94273083777 -0.41714886937 -0.653920996557 -0.223044516739 -1.08100150812 -0.909836991041 -1.17343261705 -0.817523885603 -0.71976394716 -0.884294307525
2018-01-19 14:56:50.003161 2100000 2100000 -1.17457928958 -0.0175113624563 -2.32696407324 0.162301269059 -0.99644545954 -0.592082628419 2.03289833136 -0.523054927676 -0.672363789115 -0.194662836867 -1.08173111607 -0.910636341757 -1.17384817674 -1.92955117617 -1.95123848569 -1.24901912361
2018-01-19 14:56:55.014219 1700000 1700000 -0.84137509096 0.244152554924 -1.77343533739 0.941426484246 -0.496607860831 -0.436874811973 -0.508185578837 -0.645682995188 -0.0907822924891 -0.286619479653 -0.663574561512 -0.481740274635 -0.840495968831 -0.527396744998 -0.527131058451 -0.361953547952
2018-01-19 14:57:00.029624 1700000 1700000 0.844589631175 2.89594061315 -0.831995892782 0.941426484246 0.101553972092 -0.272730235239 -0.721308745498 -0.422722872438 -0.532846175182 -0.545460400087 -0.222161753649 -0.354859208717 0.848631960085 0.524551792989 0.585094548976 0.158102922585
2018-01-19 14:57:05.045153 1800000 1800000 0.0756252335185 3.16932082534 -1.45334592622 -0.0811753606866 -0.317380579203 -0.393766135255 -0.696717610884 -0.439444881644 -0.532846175182 -0.544325132892 -0.552309349612 -0.574363452755 0.0786242935023 -0.985212049439 -1.1027364759 -0.284287720727
2018-01-19 14:57:10.058315 1200000 1200000 -1.17589105238 -1.44299389744 -2.31400986648 -0.0919965442308 -0.969900645278 -0.585201820405 -0.340146158969 -1.64777726689 4.00182823932 2.18258666922 -1.06914537898 -0.878370486694 -1.1751437452 -1.75768031437 -1.80676381916 -1.04038739165
2018-01-19 14:57:15.079662 1200000 1200000 -1.17577591332 -1.44689932904 -2.31280482399 0.162301269059 -0.969163084448 -0.585002857281 -0.356540248712 -1.64147864342 3.93143590131 2.13149964545 -1.06850697203 -0.876847913903 -1.17504596645 -1.72516934383 -1.76777859168 -1.03962596198
2018-01-19 14:57:20.099503 1200000 1200000 -1.1762652543 -1.35316897058 -2.31962084557 -1.36348561068 -0.974989815003 -0.586893006953 -0.336047636533 -1.63228153835 3.74841582249 2.04067826986 -1.07343182567 -0.88408013466 -1.17552508233 -1.91738332754 -1.99481021052 -1.05561598523
2018-01-19 14:57:25.122954 1200000 1200000 -1.17635160859 -1.37660156019 -2.31962084557 -1.379717386 -0.974768546754 -0.586893006953 -0.360638771148 -1.63172413805 3.95959283652 2.1428523174 -1.0730670217 -0.883572610396 -1.17560819427 -1.92631909138 -2.0062764539 -1.05333169619
2018-01-19 14:57:30.141293 2100000 2100000 -1.16598498161 0.0723135644055 -2.31175041181 -1.379717386 -0.97292464468 -0.584604931035 0.114789831405 -0.996845188519 0.118986874776 -0.0311843608034 -1.07133420282 -0.882303799737 -1.16519475725 -1.91776357281 -1.9971034592 -1.0495245478
2018-01-19 14:57:35.364747 2100000 2100000 -1.156198162 0.798723842505 -2.30497204781 -1.379717386 -0.972629620348 -0.582913744486 0.430376058962 -0.472888900057 -0.269578831031 -0.250290929416 -1.07087819786 -0.881034989078 -1.15539243743 -1.92061541233 -2.00168995655 -1.0457173994
2018-01-19 14:57:40.585727 1800000 1800000 -0.553527455474 2.27107155672 -1.79602988406 0.936015892474 -0.829985355875 -0.455444703483 1.30745986022 1.2829220666 -0.662227292442 -0.495508643512 -0.928057442255 -0.672061873511 -0.539826308546 -0.211032680799 -0.100586804881 -0.511193764973
2018-01-19 14:57:45.815133 1700000 1700000 0.795244322235 1.79460890119 -0.429059810491 0.941426484246 0.71372946078 0.252864015517 0.553331732036 0.892741851785 -0.396285039446 -0.334300701838 0.383412842261 -0.125204479406 0.880410054261 1.33067176426 1.42671681274 0.592117839431
2018-01-19 14:57:51.013920 1900000 1900000 0.264782251124 1.2205104556 -0.685131339424 0.18935422792 1.59880245647 0.365609785395 -0.0696436782057 0.296323523429 0.0190297548041 -0.144143446695 1.06742029246 -0.0795272956755 0.327960109348 0.184232276814 -0.0432555880037 0.881461117329
2018-01-19 14:57:56.239485 1700000 1700000 0.129082651537 1.10725293912 -0.783041041663 -0.0811753606866 1.73156340583 0.322501108677 -0.323752069225 0.151399443642 0.14855165674 -0.115761766822 1.15862128582 -0.0160867627167 0.186180919946 0.150960815736 -0.0960003075312 0.923339749656
2018-01-19 14:58:01.431298 1700000 1700000 0.322351778221 1.20098329758 -0.606050426077 0.411188490577 1.62830488966 0.304262822373 -0.27047127756 0.346489551048 -0.00208794659845 -0.196365737659 1.1039006898 -0.0731832423797 0.384182891353 0.30210831035 0.0966325811779 0.889075414115
2018-01-19 14:58:06.530296 1900000 1900000 0.1743158514 1.24784847681 -0.801869830555 -0.0703541771423 1.74631462242 0.309236900456 -0.381131383327 0.207139474329 0.124618261817 -0.141872912305 1.17686148449 -0.0909465916081 0.230181358036 0.132328797532 -0.105173302232 0.879176828293
2018-01-19 14:58:11.581252 1700000 1700000 0.0262799245779 1.44312005695 -1.05040984393 -0.0865859524587 1.5176707652 0.241257833324 -0.352441726276 -0.216484758895 0.162630124341 -0.11405886603 0.957979100429 -0.11886042611 0.0615130120227 -0.0922060340901 -0.341377915768 0.764200946812
2018-01-19 14:58:16.600909 2101000 2101000 -0.697451273217 1.38063315131 -1.81109291517 0.411188490577 0.0941783637948 -0.247859844825 -0.479495921786 -0.322390817201 0.255548010512 -0.0822713845733 -0.19206542584 -0.574363452755 -0.688938904297 -1.02171559531 -1.20593266628 -0.0878388636281
2018-01-19 14:58:21.645823 2100000 2100000 -1.04492449034 2.23201724069 -2.21930105835 -0.0811753606866 -0.897840952212 -0.538346004864 0.77465194357 0.329767541842 -0.439928289011 -0.330327266656 -1.00630789456 -0.857942635081 -1.04314243093 -1.69341886383 -1.74943260228 -0.97338157993
2018-01-19 14:58:26.627812 1800000 1800000 -1.12428819555 1.31814624566 -2.27428112192 2.13175667411 -0.968646791867 -0.581371780281 0.385292312168 0.37993356946 -0.538477562223 -0.478479635589 -1.06504133428 -0.89372309567 -1.123321007 -0.843760809197 -0.774801915363 -0.8066284803
2018-01-19 14:58:31.685411 1800000 1800000 -1.14349174495 2.73972334904 -2.30757042068 0.941426484246 -0.979267667815 -0.587174871377 0.0983957416622 0.407803584804 -0.544108949263 -0.506293681863 -1.07571185051 -0.905941742318 -1.14263231039 -0.793188188357 -0.722057195836 -0.779217011868
2018-01-19 14:58:36.689055 2100000 2100000 -1.14978327184 2.81783198109 -2.31272950884 0.173122452604 -0.98457810579 -0.588783156624 0.311518908324 0.524857649248 -0.576489424747 -0.515375819422 -1.08045430216 -0.906906038419 -1.14898792922 -1.73201375868 -1.76777859168 -1.06703743041
2018-01-19 14:58:41.776409 2100000 2100000 -1.14974215075 2.85688629712 -2.31284248157 0.162301269059 -0.984799374038 -0.588816317145 0.323814475631 0.530431652316 -0.580712965028 -0.517078720215 -1.08081910613 -0.907603884281 -1.14898792922 -1.75425810694 -1.77924483506 -1.11805321888
2018-01-19 14:58:46.680201 1800000 1800000 -1.14451977222 2.93499492917 -2.30949095715 0.919784117158 -0.982512935466 -0.587987304131 0.274632206402 0.569449673798 -0.580712965028 -0.521052155397 -1.07863028229 -0.906347761729 -1.1436100979 -0.99928112441 -0.944502317321 -0.866019995237
2018-01-19 14:58:52.031942 1800000 1800000 -1.14406744022 3.05215787726 -2.30964158746 0.936015892474 -0.982439179383 -0.587970723871 0.262336639094 0.60289369221 -0.582120811788 -0.522755056189 -1.07863028229 -0.906411202261 -1.14336565102 -0.775696905961 -0.70141795776 -0.77769415251
2018-01-19 14:58:57.223231 1700000 1700000 -0.327361456163 3.05215787726 -1.72071472849 0.167711860831 -0.768767807006 -0.471030148142 0.713174107033 0.106807419092 -0.66405749323 -0.561354140815 -0.870600816439 -0.669524252193 -0.295379430266 -1.05118460369 -1.07751074048 -0.632261083883
2018-01-19 14:59:02.415763 1700000 1700000 1.5436481745 3.9894614619 -0.681365581646 0.167711860831 -0.32549374833 -0.103611580422 1.1558145301 -0.138448715932 -0.674475559255 -0.534107728138 -0.492116693995 -0.4424071442 1.65775112719 -0.083650515527 -0.029496095953 -0.237079080649
2018-01-19 14:59:07.629693 1700000 1700000 0.914495485508 2.93499492917 -0.79057255722 -0.0811753606866 -0.068085018749 0.0141082675396 1.01236624485 -0.288946798788 -0.586344352068 -0.444421619742 -0.251346071524 -0.423374984313 1.0026334934 -0.210082067626 -0.238181725388 -0.0505288093729
2018-01-19 14:59:12.959560 1700000 1700000 0.988513448919 3.09121219328 -0.786806799441 -0.0865859524587 0.0351734974152 -0.0339744872614 0.72546967434 -0.288946798788 -0.570858037707 -0.469397498029 -0.163793117899 -0.30410678235 1.06863415054 -0.130040438402 -0.173970762485 0.0568327753207
2018-01-19 14:59:18.209853 1700000 1700000 0.688329486197 2.42728882083 -0.801869830555 -0.0865859524587 -0.675835142458 -0.461081991977 0.196760280121 1.14357198988 -0.709390158907 -0.622147699101 -0.835944438962 -0.736771217129 0.80952045956 -0.455530389068 -0.366603651194 -0.607133904486
2018-01-19 14:59:23.228795 1700000 1700000 0.877486503802 3.09121219328 -0.865887712788 -0.0865859524587 -0.835148281683 -0.509662154586 0.651696270496 1.17701600829 -0.749654576248 -0.645363913237 -0.955417740263 -0.863398520915 0.97574433679 -0.55439415913 -0.417055122046 -0.83556280809
2018-01-19 14:59:28.244275 1700000 1700000 1.30103373888 4.10662440998 -0.86212195501 -0.0919965442308 -0.791632192728 -0.513309811847 0.0779031294832 1.9963944594 -0.74712045208 -0.651664646168 -0.907081213783 -0.787523643497 1.36441487326 -0.639759222126 -0.511078317726 -0.865258565558
2018-01-19 14:59:33.259069 1900000 1900000 -1.13539089006 0.431613271853 -2.26863248525 -0.102817727775 -0.98509439837 -0.589894034063 -0.102431857692 2.41444468955 -0.651809226416 -0.590871087882 -0.987338087939 -0.646685660328 -1.13481001028 -1.70216450502 -1.81364356519 -0.79520703512
2018-01-19 14:59:38.294788 1700000 1700000 -1.17747010226 -1.71715519595 -2.31393455132 -0.0919965442308 -0.991002260617 -0.592480554666 -0.676224998705 -1.04143721307 1.93229350187 0.774855347566 -0.991898137607 -0.64414803901 -1.17673264991 -1.7168039479 -1.82969630591 -0.800537042871
2018-01-19 14:59:43.308788 1900000 1900000 -0.856178683642 0.130895038446 -1.76966957961 0.427420265894 -0.897103391382 -0.564045408292 -0.631141251911 1.48916018014 -0.639842528955 -0.599953225441 -0.789431932348 -0.156924745885 -0.852718312745 -1.1656384298 -1.26785038051 -0.458655117144
2018-01-19 14:59:48.322012 2100000 2100000 -1.07247562116 3.05215787726 -2.25771178769 -0.0919965442308 -0.930957433467 -0.573827761855 -0.561466370502 0.641911713691 -0.493426465897 -0.516511086617 -1.00977353231 -0.799196701561 -1.07174271568 -1.69855217496 -1.75401909963 -0.978711587681
2018-01-19 14:59:53.333378 2100000 2100000 -0.896066141703 3.52080966958 -2.14775166056 0.411188490577 -0.822609747578 -0.487278803213 0.918100228823 -0.72371903815 -0.497650006178 -0.361547114515 -0.918937342919 -0.719007867901 -0.894274282053 -1.46508157951 -1.5361604755 -0.767034137009
2018-01-19 14:59:58.344806 1900000 1900000 -0.993111915952 3.75513556574 -2.21741817946 0.936015892474 -0.897103391382 -0.480812501705 1.60665199804 -0.651256998257 -0.532846175182 -0.166281156995 -0.989162107807 -0.84055992905 -0.992297480243 -0.689381229792 -0.630327248831 -0.668048278781
2018-01-19 15:00:03.359736 1800000 1800000 -1.17609254572 0.333977481785 -2.33057920071 0.941426484246 -0.99549400607 -0.592901693277 1.22958793394 -0.667979007463 -0.424441974649 -0.176498561749 -1.08136631209 -0.910040000747 -1.17536374739 -0.846992893987 -0.738109936561 -0.941401533426
2018-01-19 15:00:08.373155 2100000 2100000 -1.17600207932 0.130895038446 -2.33001433704 0.416599082349 -0.995899664526 -0.592984594578 1.42631701086 -0.612238976775 -0.510320627019 -0.221341615947 -1.08081910613 -0.910078065066 -1.17526596864 -1.93107215724 -1.94894523702 -1.26272485783
2018-01-19 15:00:13.385271 2100000 2100000 -1.1740447154 -0.306513301055 -2.32444101553 0.151480085515 -0.994852328148 -0.592928221693 0.799243078184 -0.829625096456 -0.520175554341 -0.408660703103 -1.06567974124 -0.856293181224 -1.17331039361 -1.87384524419 -1.91225325822 -1.15536327313
2018-01-19 15:00:18.399459 1900000 1900000 -0.483621601141 0.7909129793 -1.41192259066 0.941426484246 -0.200845968103 -0.325787068123 -0.303259457046 -0.467314896988 -0.254092516669 -0.355870778541 -0.450164237049 -0.508385298478 -0.481159057759 -0.146961352894 -0.130399037658 -0.15560610503
2018-01-19 15:00:23.413522 1800000 1800000 -1.15858318527 0.958846538215 -2.30960392988 0.936015892474 -0.975063571086 -0.580791471171 0.90170613908 -0.439444881644 -0.26394744399 -0.110653064445 -1.0729758207 -0.887886566637 -1.15783690621 -0.803074565363 -0.740403185236 -0.757896980865
2018-01-19 15:00:28.429862 2100000 2100000 -1.14451977222 3.01310356123 -2.30982987535 0.422009674122 -0.984356837541 -0.587523056843 0.668090360239 -0.378130847888 -0.606054206711 -0.509699483448 -1.08072790514 -0.904647555445 -1.1436100979 -1.69322874119 -1.71503387216 -1.08683460205
2018-01-19 15:00:33.440727 2100000 2100000 -1.14641134239 2.50539745288 -2.30851186012 0.162301269059 -0.981701618554 -0.586793525391 0.508247985242 -0.116152703658 -0.556779570105 -0.481317803576 -1.07890388527 -0.903353368573 -1.14556567292 -1.7485544279 -1.77465833771 -1.11043892209
2018-01-19 15:00:38.555996 1800000 1800000 -1.14501322531 2.77877766507 -2.30892609348 0.930605300702 -0.979562692147 -0.587556217364 0.00822824807452 0.184843462054 -0.537069715463 -0.507996582656 -1.07689746342 -0.902351008152 -1.14434343853 -0.922661702611 -0.857358867667 -0.848507112627
2018-01-19 15:00:43.571726 1900000 1900000 -0.808889429241 0.162138491267 -1.69435442404 0.941426484246 -0.734102448008 -0.499050788009 -0.127022992307 -0.0659866760388 -0.458230296893 -0.466559330042 -0.865128756837 -0.82812558459 -0.801384468306 -0.297728602238 -0.208369492611 -0.500533749471
2018-01-19 15:00:48.583701 1800000 1800000 -0.887841923546 0.540965356728 -1.90900261741 0.18935422792 -0.806383409323 -0.528563651301 -0.262274232688 0.0120493669235 -0.479347998296 -0.489832307537 -0.939001561459 -0.85984585107 -0.886940875704 -1.45158287244 -1.49488199935 -0.850029971985
2018-01-19 15:00:53.598415 1700000 1700000 -0.586424328101 0.0449755431867 -1.25376076397 0.427420265894 -0.572576626294 -0.446822968139 -0.233584575638 -0.0882826883138 -0.449783216332 -0.469397498029 -0.744743445602 -0.854516846301 -0.58627121542 -1.08616716848 -1.07063099445 -0.79520703512
2018-01-19 15:00:58.614677 1700000 1700000 -0.524742691925 0.130895038446 -1.18974288173 0.167711860831 -0.445716163578 -0.405372317449 -0.27047127756 -0.0994306944513 -0.390653652405 -0.436474749378 -0.641686323105 -0.808839662571 -0.52515949585 -1.01487118046 -1.0660444971 -0.524899499189
2018-01-19 15:01:03.615414 1800000 1800000 -1.0691859339 -0.771259661775 -1.99109613698 -0.113638911319 -0.926458312406 -0.569682696786 -0.22128900833 0.536005655385 -0.482163691816 -0.488697040343 -1.03093216277 -0.891692998615 -1.06832045939 -1.59664644275 -1.61413093045 -1.0350573839
2018-01-19 15:01:08.629327 2100000 2100000 -1.15500565037 2.15390860864 -2.31378392101 -0.0919965442308 -0.986790788279 -0.585367623007 1.3279524724 -0.662405004394 -0.573673731227 -0.358141312931 -1.08218712103 -0.906449266581 -1.15429242648 -1.80901342574 -1.84345579796 -1.12414465631
2018-01-19 15:01:13.642797 2100000 2100000 -1.1370357337 5.27825389079 -2.31378392101 0.151480085515 -0.994011508802 -0.592830398158 0.405784924347 2.30853863124 -0.746838882728 -0.647066814029 -1.08551595729 -0.904127343075 -1.13603224467 -1.78125552107 -1.80676381916 -1.13480467181
2018-01-19 15:01:18.654522 1700000 1700000 -1.10948460287 7.93394738061 -2.30937798441 0.92519470893 -0.951682892783 -0.583394572034 -1.41190977593 -0.0938566913825 -0.476532304775 -0.545460400087 -1.05090518031 -0.871138265936 -1.1086541943 -0.892812448958 -0.845892624291 -0.767034137009
2018-01-19 15:01:23.670324 1800000 1800000 -1.15451219728 1.52903955221 -2.30952861472 0.941426484246 -0.962451280897 -0.584240165309 -0.758195447421 -1.08045523455 -0.107676453611 -0.325786197876 -1.05646844091 -0.884587658924 -1.15375464335 -0.793758556261 -0.738109936561 -0.728201223396
2018-01-19 15:01:28.685365 1900000 1900000 -1.13497967916 5.62974273503 -2.31393455132 -0.0811753606866 -0.994653186724 -0.592613196748 0.983676587796 1.70097229675 -0.755285963289 -0.644228646042 -1.08646444762 -0.902604770284 -1.13432111652 -1.78106539844 -1.81823006254 -1.0959717582
2018-01-19 15:01:33.701739 2100000 2100000 -1.13374604643 5.51257978695 -2.31284248157 0.162301269059 -0.994114767318 -0.592747496856 0.565627299344 1.67867628448 -0.75064006898 -0.647804737706 -1.08493227093 -0.898925219372 -1.13285443525 -1.76433460658 -1.79071107844 -1.12033750792
2018-01-19 15:01:38.716141 2100000 2100000 -1.1321012028 5.35636252284 -2.31167509666 0.422009674122 -0.99376073812 -0.592613196748 0.528740597421 1.80130435199 -0.748387514164 -0.646385653712 -1.08446714587 -0.897656408713 -1.13114330711 -1.72535946646 -1.74484610493 -1.11653035952
2018-01-19 15:01:43.731969 2100000 2100000 -1.126755461 5.27825389079 -2.30877546317 0.936015892474 -0.993126435806 -0.592016307378 0.758257853826 2.14689254225 -0.7464165287 -0.639971394061 -1.082643126 -0.901335959625 -1.12600992266 -0.976466408241 -0.928449576595 -0.827948511303
2018-01-19 15:01:48.747038 1800000 1800000 -1.14567116276 2.58350608493 -2.30843654497 0.919784117158 -0.967171670208 -0.584803894158 -0.491791489093 -0.0325426576264 -0.356865330161 -0.434771848585 -1.05966047567 -0.894738144197 -1.14483233229 -0.840718847041 -0.781681661388 -0.771602715081
2018-01-19 15:01:53.761245 1700000 1700000 -1.15944672817 0.818251000519 -2.30945329957 0.936015892474 -0.944602308817 -0.579465050349 -0.840165896137 -1.15570427598 0.500513346782 -0.025508024829 -1.0427882919 -0.875198460046 -1.1586680256 -0.820185602489 -0.770215418013 -0.727439793717
2018-01-19 15:01:58.778208 2100000 2100000 -1.14674031112 3.28648377342 -2.31269185126 0.173122452604 -0.978161326571 -0.587804921268 -0.278668322432 0.296323523429 -0.503281393219 -0.505158414668 -1.07397903163 -0.899559624702 -1.14605456668 -1.7616728897 -1.80447057049 -1.06399171169
2018-01-19 15:02:03.792578 2100000 2100000 -1.13127878099 6.29366610748 -2.31393455132 -0.0919965442308 -0.992499509101 -0.592265011282 0.278730728837 1.9072104103 -0.736420816702 -0.640822844457 -1.08525147441 -0.904495298166 -1.13065441335 -1.82061090646 -1.85721529001 -1.12490608599
2018-01-19 15:02:08.804107 1800000 1800000 -1.14225811223 3.28648377342 -2.30945329957 0.919784117158 -0.95905850108 -0.583013226048 -0.692619088448 -0.645682995188 -0.292104379193 -0.416607573467 -1.05838366177 -0.889409139428 -1.14141007599 -0.933118447522 -0.877998105743 -0.821857073873
2018-01-19 15:02:13.822260 1800000 1800000 -1.13456846825 4.38000462217 -2.30967924503 0.941426484246 -0.970859474356 -0.586826685912 -0.819673283958 0.207139474329 -0.501873546458 -0.534107728138 -1.0661357462 -0.889916663692 -1.13383222277 -0.816573272429 -0.758749174637 -0.751044113756
2018-01-19 15:02:19.019856 2100000 2100000 -1.14678143221 1.43140376214 -2.30049079606 0.162301269059 -0.976612448828 -0.584737573117 0.426277536526 -0.383704850957 -0.479347998296 -0.425122077429 -1.0743438356 -0.899052100438 -1.14605456668 -1.75882105017 -1.79988407314 -1.06779886009
2018-01-19 15:02:24.037082 1800000 1800000 -1.11565276649 -1.65740209242 -1.43828289511 0.167711860831 -0.958247184168 -0.572998748841 0.729568196776 -1.25101972845 -0.501873546458 -0.400713832739 -1.05345880813 -0.899052100438 -1.11329868499 -1.37610418645 -1.34811408414 -1.0350573839
2018-01-19 15:02:29.059932 1500000 1500000 -1.11441913376 -1.57734074457 -1.64163381514 0.908962933613 -0.95632952601 -0.573330354047 0.627105135881 -1.22705151526 -0.489202925617 -0.405254901518 -1.05282040117 -0.896641360186 -1.11305423811 -0.601734695179 -0.485852582299 -0.796729894477
2018-01-19 15:02:34.078471 1800000 1800000 -1.10126038471 -1.71871736859 -0.869653470567 0.173122452604 -0.95013401504 -0.566035039525 0.885312049336 -1.51299787268 -0.500465699698 -0.372332152867 -1.041511478 -0.902351008152 -1.10009855356 -1.12210034645 -1.05916475108 -0.977188728324
2018-01-19 15:02:39.107906 1800000 1800000 -1.11688639921 -1.74136887188 -1.00898650837 -0.600592170811 -0.963926402557 -0.570014301992 1.1558145301 -1.53473648465 -0.532846175182 -0.347923908177 -1.05136118528 -0.903505625852 -1.11598760065 -1.31412420753 -1.26097063449 -1.07617458655
2018-01-19 15:02:44.116745 1800000 1800000 -1.10825097015 -1.74566484665 -0.779275283884 0.167711860831 -0.957730891587 -0.566864052539 1.09023817113 -1.57375450613 -0.522991247861 -0.351897343359 -1.04707473859 -0.903086918334 -1.10718751303 -1.05974012226 -0.955968560697 -1.07008314912
2018-01-19 15:02:49.132178 1700000 1700000 -1.13415725734 -0.806408546199 -2.18992814768 0.167711860831 -0.980964057724 -0.587705439706 0.143479488456 0.346489551048 -0.611685593752 -0.552839636854 -1.07270221772 -0.901082197493 -1.13334332901 -1.70482622191 -1.72420686686 -1.10282462531
2018-01-19 15:02:54.145483 2100000 2100000 -1.13045635917 6.6061006357 -2.31434878468 0.167711860831 -0.992824035866 -0.592364492844 0.336110042939 1.8180263612 -0.740362787631 -0.643036615487 -1.08355513593 -0.903518313959 -1.12967662584 -1.76908767245 -1.79300432711 -1.1317589531
2018-01-19 15:02:59.158765 2100000 2100000 -1.14106560059 5.70785136708 -2.31690949997 -0.0919965442308 -0.992138104294 -0.592198690241 0.196760280121 1.97409844712 -0.719245086228 -0.629470172508 -1.08236952302 -0.904203471715 -1.1401878416 -1.83410961353 -1.86638828471 -1.14851040603
2018-01-19 15:03:04.171850 1800000 1800000 -1.16351771616 0.32616661858 -2.31043239659 0.92519470893 -0.985241910536 -0.588468131679 0.516445030114 -0.422722872438 -0.407547813527 -0.350194442566 -1.05291160217 -0.809220305768 -1.16275028847 -0.980078738301 -0.953675312021 -0.758658410543
2018-01-19 15:03:09.190285 1500000 1500000 -1.17719870306 -1.71207813486 -2.30949095715 0.936015892474 -0.987749617357 -0.591734442953 -0.942628957032 -1.07488123148 2.50951067354 0.939469090824 -1.00968233131 -0.607352529893 -1.17646131387 -0.761817953626 -0.758749174637 -0.531752366297
2018-01-19 15:03:14.207432 1900000 1900000 -0.858645949089 0.162138491267 -1.78096685294 0.167711860831 -0.90152875636 -0.566698249936 -0.762293969856 1.45571616173 -0.645473915996 -0.605629561416 -0.806760121087 -0.200064308297 -0.857607250311 -1.23313196513 -1.33435459209 -0.508148046258
2018-01-19 15:03:19.220226 2100000 2100000 -1.11483034467 3.79418988177 -2.29461621392 -0.600592170811 -0.957730891587 -0.581603903925 -0.442609219864 0.614041698348 -0.494834312658 -0.510834750643 -1.04178508098 -0.841701858643 -1.11378757875 -1.82061090646 -1.88702752279 -1.02592022776
2018-01-19 15:03:24.232330 1800000 1800000 -0.901000672597 2.3882345048 -2.10331571878 0.416599082349 -0.788681949409 -0.490760657871 0.565627299344 -0.528628930744 -0.43570474873 -0.366655816892 -0.881544935642 -0.645416849669 -0.899163219618 -1.43104962789 -1.5178144861 -0.69165259882
2018-01-19 15:03:29.247813 1900000 1900000 -0.977485901454 3.95040714587 -2.2117695428 0.936015892474 -0.893415587233 -0.476833239239 1.6025534756 -0.701423025875 -0.542701102503 -0.18955413449 -0.989162107807 -0.842590026105 -0.976408433155 -0.700978710511 -0.641793492207 -0.676424005246
2018-01-19 15:03:34.263399 2100000 2100000 -1.17624058165 -0.0682819732912 -2.33001433704 0.178533044376 -0.994594181857 -0.593060863775 0.459065716013 -0.584368961432 -0.220304194425 -0.202042073634 -1.0799070962 -0.90954516459 -1.17550063764 -1.91776357281 -1.94435873967 -1.22465337389
2018-01-19 15:03:39.276934 2100000 2100000 -1.1759938551 -0.0253222256617 -2.32963776126 0.411188490577 -0.996047176692 -0.59294645998 1.5451741615 -0.500758915401 -0.538477562223 -0.210556577595 -1.08109270911 -0.909811614828 -1.17526596864 -1.94514123221 -1.96270472907 -1.27338487333
2018-01-19 15:03:44.288139 1700000 1700000 -0.926084537975 0.294923165759 -1.92406564852 0.941426484246 -0.655921000055 -0.476004226225 -0.241781620509 -0.645682995188 -0.154135396697 -0.286619479653 -0.793991982016 -0.578169884732 -0.926052376229 -0.596411261407 -0.561529788578 -0.52413806951
2018-01-19 15:03:49.301995 1700000 1700000 -1.05808323939 0.337882913388 -2.14247959967 0.941426484246 -0.892678026403 -0.558242317195 -0.249978665381 -0.205336752757 -0.379390878324 -0.426824978221 -0.996458187275 -0.839544880523 -1.05707590299 -0.648124618054 -0.577582529304 -0.677946864603
2018-01-19 15:03:54.495803 1700000 1700000 -0.631657527963 0.306639460567 -1.44958016844 -0.0811753606866 -0.495870300001 -0.430408510466 -0.39752547307 -0.205336752757 -0.358273176921 -0.427960245416 -0.687286819785 -0.826349249667 -0.63027165351 -1.17267296729 -1.24491789376 -0.562970983123
2018-01-19 15:03:59.508746 1800000 1800000 -0.943766607012 0.32616661858 -1.95871062009 -0.0865859524587 -0.784994145261 -0.525579204451 -0.422116607685 -0.233206768101 -0.375167338043 -0.439880550962 -0.911641263451 -0.869996336343 -0.93583025136 -1.52630106789 -1.53845372417 -1.00460019676
2018-01-19 15:04:04.522699 1700000 1700000 -0.327361456163 0.162138491267 -0.865887712788 -0.0865859524587 -0.149216710021 -0.317496937985 -0.409821040377 -0.311242811063 -0.321669161157 -0.408093069506 -0.408211780104 -0.808839662571 -0.319824118094 -0.798321499495 -0.873411608393 -0.297232025264
2018-01-19 15:04:09.538655 1800000 1800000 -0.957747777878 0.478478451085 -2.00352313765 0.162301269059 -0.782781462771 -0.524750191437 -0.426215130121 -0.233206768101 -0.331524088478 -0.414904672675 -0.918937342919 -0.879639297353 -0.956608236014 -1.52915290742 -1.5636794596 -0.932264377282
2018-01-19 15:04:14.557206 2100000 2100000 -1.14456089331 3.9894614619 -2.31393455132 -0.0919965442308 -0.981406594222 -0.588832897405 -0.229486053202 -0.506332918469 -0.566634497426 -0.541486964905 -1.07817427733 -0.909227961925 -1.14385454478 -1.78106539844 -1.81135031651 -1.11881464856
2018-01-19 15:04:19.569793 1800000 1800000 -1.11524155558 -0.825935704212 -2.12478053811 0.140658901971 -0.951535380617 -0.577923086143 -0.147515604486 0.285175517292 -0.448375369572 -0.461450627665 -1.05145238627 -0.896641360186 -1.1142764725 -1.65672519532 -1.67604864468 -1.07008314912
2018-01-19 15:04:24.584945 1800000 1800000 -1.10948460287 0.275396007745 -2.22118393724 0.871088791208 -0.969974401361 -0.580443285705 0.602514001266 0.0399193822672 -0.60042281967 -0.509699483448 -1.06777736408 -0.902224127086 -1.1086541943 -0.859350865245 -0.777095164038 -0.861451417165
2018-01-19 15:04:29.597944 1700000 1700000 -1.13004514826 6.41082905557 -2.31374626344 0.173122452604 -0.982070398968 -0.590258799789 -1.008205316 0.876019842578 -0.637026835435 -0.607332462208 -1.0744350366 -0.896133835922 -1.12943217896 -1.71756443844 -1.74943260228 -1.07008314912
2018-01-19 15:04:34.614655 1700000 1700000 -1.12634425009 6.56704631967 -2.31257887852 0.167711860831 -0.963336353893 -0.585947932117 -1.30452848811 -0.277798792651 -0.479347998296 -0.5426222321 -1.05874846574 -0.885729588517 -1.12576547578 -1.7211767685 -1.75631234831 -1.06170742266
2018-01-19 15:04:39.631537 2100000 2100000 -1.15739067363 1.79460890119 -2.31408518164 -0.0865859524587 -0.978825131318 -0.588302329076 -0.393426950634 -0.617812979844 -0.376575184803 -0.43817765017 -1.07096939885 -0.890677950088 -1.15661467182 -1.77517159676 -1.81364356519 -1.08759603173
2018-01-19 15:04:44.644704 2100000 2100000 -1.15031784602 3.05215787726 -2.31412283921 -0.0865859524587 -0.975063571086 -0.587091970076 -0.405722517942 -0.378130847888 -0.415994894088 -0.46258589486 -1.07206381077 -0.906017870957 -1.14947682298 -1.78429748323 -1.81135031651 -1.1317589531
2018-01-19 15:04:49.656097 1900000 1900000 -1.12511061737 5.74690568311 -2.30960392988 0.930605300702 -0.994763820848 -0.591933406077 1.42631701086 1.47243817093 -0.761762058386 -0.639744340622 -1.08628204564 -0.901970364954 -1.12429879451 -0.950229484648 -0.891757597794 -0.844699964234
2018-01-19 15:04:54.669468 1700000 1700000 -1.12511061737 5.62974273503 -2.3092273541 0.941426484246 -0.993996757585 -0.591883665296 1.16401157497 1.42227214331 -0.755004393937 -0.638949653586 -1.08328153295 -0.89930586257 -1.12454324139 -0.757255010392 -0.685365217034 -0.757135551186
2018-01-19 15:04:59.687046 1900000 1900000 -1.13127878099 5.39541683887 -2.31129852088 0.427420265894 -0.994291781917 -0.59214894946 1.13532191792 1.42784614638 -0.754159685881 -0.638836126866 -1.08209592004 -0.900574673229 -1.13040996647 -1.67706831724 -1.69898113143 -1.07541315687
2018-01-19 15:05:04.701522 2100000 2100000 -1.14838515475 3.28648377342 -2.31378392101 -0.0865859524587 -0.978161326571 -0.588799736884 -0.762293969856 0.0343453791985 -0.487795078857 -0.523890323384 -1.07106059984 -0.896641360186 -1.14752124795 -1.77060865353 -1.80676381916 -1.0921646098
2018-01-19 15:05:09.716210 2100000 2100000 -1.16051587653 0.923697653791 -2.31171275424 0.416599082349 -0.964811475552 -0.584090942966 -0.499988533965 -1.1250472591 0.0556337705685 -0.202609707231 -1.06522373627 -0.90556109912 -1.15974359186 -1.70064352395 -1.72191361818 -1.09368746916
2018-01-19 15:05:14.712059 1900000 1900000 -1.16318874743 0.302734028964 -2.30960392988 0.930605300702 -0.944086016237 -0.580045359459 -1.008205316 -1.07488123148 0.834173028942 0.0993713666085 -1.04297069389 -0.882176918671 -1.16240806284 -0.915817287761 -0.864238613692 -0.798252753834
2018-01-19 15:05:19.726364 1700000 1700000 -1.13374604643 4.65338483436 -2.30994284808 0.941426484246 -0.983324252379 -0.589181082871 -0.0737422006415 0.909463860991 -0.638434682195 -0.581221316726 -1.07589425249 -0.899559624702 -1.13285443525 -0.771324085363 -0.696831460409 -0.775409863474
2018-01-19 15:05:24.742749 2100000 2100000 -1.13662452279 5.86406863119 -2.31521490897 0.427420265894 -0.990714611893 -0.591900245556 -0.0655451557699 1.36095810956 -0.710516436315 -0.628902538911 -1.08100150812 -0.901335959625 -1.13578779779 -1.72897179652 -1.74713935361 -1.12338322663
2018-01-19 15:05:29.756994 2100000 2100000 -1.1508524202 2.85688629712 -2.31378392101 -0.0919965442308 -0.961934988316 -0.583775918021 -0.668027953833 -0.662405004394 -0.187923718941 -0.358708946528 -1.06002527965 -0.893342452472 -1.14996571673 -1.77764319101 -1.82281655989 -1.06703743041
2018-01-19 15:05:34.771136 1700000 1700000 -1.14316277622 3.36459240547 -2.31054536932 0.930605300702 -0.971892059518 -0.58676036487 -0.672126476269 0.0343453791985 -0.448375369572 -0.498346811499 -1.0647677313 -0.895372549527 -1.14238786351 -0.892432203689 -0.832133132241 -0.811197058372
2018-01-19 15:05:39.786132 1800000 1800000 -1.15648600964 1.20488872918 -2.30918969652 0.941426484246 -0.974547278505 -0.58135520002 0.80334160062 0.129103431367 -0.301959306514 -0.18501306571 -1.06832457004 -0.879639297353 -1.15573466306 -0.787864754584 -0.724350444511 -0.750282684078
2018-01-19 15:05:40.101222 1700000 1700000 -1.13662452279 5.39541683887 -2.31389689375 -0.0865859524587 -0.981332838139 -0.589181082871 -0.430313652556 1.89606240416 -0.607462053471 -0.574977347154 -1.06978378594 -0.875579103243 -1.13554335092 -1.74608283365 -1.79071107844 -1.04724025876
