503.0Gb memory in total.
Using: 453.403Gb.
MEGAHIT v1.1.1
--- [Tue Jan  9 11:06:04 2018] Start assembly. Number of CPU threads 160 ---
--- [Tue Jan  9 11:06:04 2018] Available memory: 540930650112, used: 486837585100
--- [Tue Jan  9 11:06:04 2018] Converting reads to binaries ---
    [read_lib_functions-inl.h  : 209]     Lib 0 (/scratch/shofmeyr/hipmer_metagenome_data/SYNTHbbqc_25perc.fq): interleaved, 36327152 reads, 101 max length
    [utils.h                   : 126]     Real: 57.8405	user: 29.5200	sys: 3.6840	maxrss: 157788
--- [Tue Jan  9 11:07:02 2018] k-max reset to: 119 ---
--- [Tue Jan  9 11:07:02 2018] k list: 21,29,39,59,79,99,119 ---
--- [Tue Jan  9 11:07:02 2018] Extracting solid (k+1)-mers for k = 21 ---
--- [Tue Jan  9 11:07:36 2018] Building graph for k = 21 ---
--- [Tue Jan  9 11:08:04 2018] Assembling contigs from SdBG for k = 21 ---
--- [Tue Jan  9 11:09:02 2018] Local assembling k = 21 ---
--- [Tue Jan  9 11:09:39 2018] Extracting iterative edges from k = 21 to 29 ---
--- [Tue Jan  9 11:10:04 2018] Building graph for k = 29 ---
--- [Tue Jan  9 11:10:26 2018] Assembling contigs from SdBG for k = 29 ---
--- [Tue Jan  9 11:11:12 2018] Local assembling k = 29 ---
--- [Tue Jan  9 11:11:52 2018] Extracting iterative edges from k = 29 to 39 ---
--- [Tue Jan  9 11:12:18 2018] Building graph for k = 39 ---
--- [Tue Jan  9 11:12:39 2018] Assembling contigs from SdBG for k = 39 ---
--- [Tue Jan  9 11:13:20 2018] Local assembling k = 39 ---
--- [Tue Jan  9 11:14:30 2018] Extracting iterative edges from k = 39 to 59 ---
--- [Tue Jan  9 11:14:50 2018] Building graph for k = 59 ---
--- [Tue Jan  9 11:15:14 2018] Assembling contigs from SdBG for k = 59 ---
--- [Tue Jan  9 11:15:55 2018] Local assembling k = 59 ---
--- [Tue Jan  9 11:16:30 2018] Extracting iterative edges from k = 59 to 79 ---
--- [Tue Jan  9 11:16:47 2018] Building graph for k = 79 ---
--- [Tue Jan  9 11:17:04 2018] Assembling contigs from SdBG for k = 79 ---
--- [Tue Jan  9 11:17:37 2018] Local assembling k = 79 ---
--- [Tue Jan  9 11:18:15 2018] Extracting iterative edges from k = 79 to 99 ---
--- [Tue Jan  9 11:18:49 2018] Building graph for k = 99 ---
--- [Tue Jan  9 11:19:02 2018] Assembling contigs from SdBG for k = 99 ---
--- [Tue Jan  9 11:19:34 2018] Local assembling k = 99 ---
--- [Tue Jan  9 11:20:24 2018] Extracting iterative edges from k = 99 to 119 ---
--- [Tue Jan  9 11:20:28 2018] Building graph for k = 119 ---
--- [Tue Jan  9 11:20:39 2018] Assembling contigs from SdBG for k = 119 ---
--- [Tue Jan  9 11:21:06 2018] Merging to output final contigs ---
--- [STAT] 57793 contigs, total 191898404 bp, min 200 bp, max 708009 bp, avg 3320 bp, N50 15348 bp
--- [Tue Jan  9 11:21:07 2018] ALL DONE. Time elapsed: 903.522246 seconds ---
