SCALER_PCA_FIT_TRANSFORM: 0.00234699249268
CLASSIFIERS_FIT: 0.0290122032166
SCALER_PCA_TRANSFORM: 9.48905944824e-05
CLASSIFIERS_PREDICT: 0.000879049301147
SCALER_PCA_TRANSFORM: 8.48770141602e-05
CLASSIFIERS_PREDICT: 0.000855922698975
SCALER_PCA_TRANSFORM: 8.29696655273e-05
CLASSIFIERS_PREDICT: 0.000854015350342
SCALER_PCA_TRANSFORM: 8.39233398438e-05
CLASSIFIERS_PREDICT: 0.000963926315308
SCALER_PCA_TRANSFORM: 8.29696655273e-05
CLASSIFIERS_PREDICT: 0.000762939453125
SCALER_PCA_TRANSFORM: 8.41617584229e-05
CLASSIFIERS_PREDICT: 0.000748872756958
SCALER_PCA_TRANSFORM: 8.39233398438e-05
CLASSIFIERS_PREDICT: 0.000741004943848
SCALER_PCA_TRANSFORM: 8.39233398438e-05
CLASSIFIERS_PREDICT: 0.000754117965698
SCALER_PCA_TRANSFORM: 8.41617584229e-05
CLASSIFIERS_PREDICT: 0.000746965408325
SCALER_PCA_TRANSFORM: 8.41617584229e-05
CLASSIFIERS_PREDICT: 0.000761985778809
SCALER_PCA_TRANSFORM: 8.29696655273e-05
CLASSIFIERS_PREDICT: 0.00075101852417
SCALER_PCA_TRANSFORM: 8.41617584229e-05
CLASSIFIERS_PREDICT: 0.000766038894653
SCALER_PCA_TRANSFORM: 8.29696655273e-05
CLASSIFIERS_PREDICT: 0.000888109207153
SCALER_PCA_TRANSFORM: 8.39233398438e-05
CLASSIFIERS_PREDICT: 0.000857830047607
SCALER_PCA_TRANSFORM: 8.39233398438e-05
CLASSIFIERS_PREDICT: 0.000828981399536
SCALER_PCA_TRANSFORM: 8.29696655273e-05
CLASSIFIERS_PREDICT: 0.000789880752563
SCALER_PCA_TRANSFORM: 8.39233398438e-05
CLASSIFIERS_PREDICT: 0.000775098800659
SCALER_PCA_TRANSFORM: 8.29696655273e-05
CLASSIFIERS_PREDICT: 0.000771999359131
SCALER_PCA_TRANSFORM: 8.39233398438e-05
CLASSIFIERS_PREDICT: 0.000746965408325
SCALER_PCA_TRANSFORM: 8.39233398438e-05
CLASSIFIERS_PREDICT: 0.00075101852417
SCALER_PCA_TRANSFORM: 8.29696655273e-05
CLASSIFIERS_PREDICT: 0.000758171081543
SCALER_PCA_TRANSFORM: 8.41617584229e-05
CLASSIFIERS_PREDICT: 0.000751972198486
SCALER_PCA_TRANSFORM: 8.20159912109e-05
CLASSIFIERS_PREDICT: 0.000740051269531
SCALER_PCA_TRANSFORM: 8.39233398438e-05
CLASSIFIERS_PREDICT: 0.000756025314331
SCALER_PCA_TRANSFORM: 8.29696655273e-05
CLASSIFIERS_PREDICT: 0.000741958618164
SCALER_PCA_TRANSFORM: 8.48770141602e-05
CLASSIFIERS_PREDICT: 0.000745058059692
SCALER_PCA_TRANSFORM: 8.29696655273e-05
CLASSIFIERS_PREDICT: 0.000744104385376
SCALER_PCA_TRANSFORM: 8.41617584229e-05
CLASSIFIERS_PREDICT: 0.000746965408325
SCALER_PCA_TRANSFORM: 8.29696655273e-05
CLASSIFIERS_PREDICT: 0.000763893127441
SCALER_PCA_TRANSFORM: 8.39233398438e-05
CLASSIFIERS_PREDICT: 0.000750064849854
SCALER_PCA_TRANSFORM: 8.20159912109e-05
CLASSIFIERS_PREDICT: 0.000749111175537
SCALER_PCA_TRANSFORM: 8.29696655273e-05
CLASSIFIERS_PREDICT: 0.000757932662964
SCALER_PCA_TRANSFORM: 8.20159912109e-05
CLASSIFIERS_PREDICT: 0.000746965408325
SCALER_PCA_TRANSFORM: 8.32080841064e-05
CLASSIFIERS_PREDICT: 0.000747919082642
SCALER_PCA_TRANSFORM: 8.29696655273e-05
CLASSIFIERS_PREDICT: 0.000740051269531
SCALER_PCA_TRANSFORM: 8.39233398438e-05
CLASSIFIERS_PREDICT: 0.000744819641113
SCALER_PCA_TRANSFORM: 8.39233398438e-05
CLASSIFIERS_PREDICT: 0.000768899917603
SCALER_PCA_TRANSFORM: 8.20159912109e-05
CLASSIFIERS_PREDICT: 0.000748872756958
SCALER_PCA_TRANSFORM: 8.29696655273e-05
CLASSIFIERS_PREDICT: 0.000744819641113
SCALER_PCA_TRANSFORM: 8.41617584229e-05
CLASSIFIERS_PREDICT: 0.000771999359131
SCALER_PCA_TRANSFORM: 8.39233398438e-05
CLASSIFIERS_PREDICT: 0.000745058059692
SCALER_PCA_TRANSFORM: 8.39233398438e-05
CLASSIFIERS_PREDICT: 0.00075101852417
SCALER_PCA_TRANSFORM: 9.17911529541e-05
CLASSIFIERS_PREDICT: 0.000748872756958
SCALER_PCA_TRANSFORM: 8.39233398438e-05
CLASSIFIERS_PREDICT: 0.000750064849854
SCALER_PCA_TRANSFORM: 8.51154327393e-05
CLASSIFIERS_PREDICT: 0.000751972198486
SCALER_PCA_TRANSFORM: 8.32080841064e-05
CLASSIFIERS_PREDICT: 0.000748872756958
SCALER_PCA_TRANSFORM: 8.29696655273e-05
CLASSIFIERS_PREDICT: 0.00074315071106
SCALER_PCA_TRANSFORM: 8.20159912109e-05
CLASSIFIERS_PREDICT: 0.000782012939453
SCALER_PCA_TRANSFORM: 8.39233398438e-05
CLASSIFIERS_PREDICT: 0.000746965408325
SCALER_PCA_TRANSFORM: 8.29696655273e-05
CLASSIFIERS_PREDICT: 0.000750064849854
SCALER_PCA_TRANSFORM: 8.41617584229e-05
CLASSIFIERS_PREDICT: 0.000753879547119
SCALER_PCA_TRANSFORM: 8.39233398438e-05
CLASSIFIERS_PREDICT: 0.000750064849854
SCALER_PCA_TRANSFORM: 8.29696655273e-05
CLASSIFIERS_PREDICT: 0.000746011734009
SCALER_PCA_TRANSFORM: 8.29696655273e-05
CLASSIFIERS_PREDICT: 0.000749111175537
SCALER_PCA_TRANSFORM: 8.29696655273e-05
CLASSIFIERS_PREDICT: 0.000736951828003
SCALER_PCA_TRANSFORM: 8.20159912109e-05
CLASSIFIERS_PREDICT: 0.000750064849854
SCALER_PCA_TRANSFORM: 8.29696655273e-05
CLASSIFIERS_PREDICT: 0.000746011734009
SCALER_PCA_TRANSFORM: 8.39233398438e-05
CLASSIFIERS_PREDICT: 0.000748157501221
SCALER_PCA_TRANSFORM: 8.29696655273e-05
CLASSIFIERS_PREDICT: 0.000760078430176
SCALER_PCA_TRANSFORM: 8.29696655273e-05
CLASSIFIERS_PREDICT: 0.000747919082642
SCALER_PCA_TRANSFORM: 8.39233398438e-05
CLASSIFIERS_PREDICT: 0.000750064849854
SCALER_PCA_TRANSFORM: 8.41617584229e-05
CLASSIFIERS_PREDICT: 0.000759840011597
SCALER_PCA_TRANSFORM: 8.29696655273e-05
CLASSIFIERS_PREDICT: 0.000741958618164
SCALER_PCA_TRANSFORM: 8.51154327393e-05
CLASSIFIERS_PREDICT: 0.000741958618164
SCALER_PCA_TRANSFORM: 8.39233398438e-05
CLASSIFIERS_PREDICT: 0.000744819641113
SCALER_PCA_TRANSFORM: 8.39233398438e-05
CLASSIFIERS_PREDICT: 0.000747203826904
SCALER_PCA_TRANSFORM: 8.41617584229e-05
CLASSIFIERS_PREDICT: 0.000738859176636
SCALER_PCA_TRANSFORM: 8.41617584229e-05
CLASSIFIERS_PREDICT: 0.000747919082642
SCALER_PCA_TRANSFORM: 8.39233398438e-05
CLASSIFIERS_PREDICT: 0.000739812850952
SCALER_PCA_TRANSFORM: 8.39233398438e-05
CLASSIFIERS_PREDICT: 0.000854015350342
SCALER_PCA_TRANSFORM: 8.29696655273e-05
CLASSIFIERS_PREDICT: 0.000744104385376
SCALER_PCA_TRANSFORM: 8.29696655273e-05
CLASSIFIERS_PREDICT: 0.000750064849854
SCALER_PCA_TRANSFORM: 9.98973846436e-05
CLASSIFIERS_PREDICT: 0.000746965408325
SCALER_PCA_TRANSFORM: 8.39233398438e-05
CLASSIFIERS_PREDICT: 0.000746011734009
SCALER_PCA_TRANSFORM: 8.39233398438e-05
CLASSIFIERS_PREDICT: 0.000744104385376
SCALER_PCA_TRANSFORM: 8.29696655273e-05
CLASSIFIERS_PREDICT: 0.000755786895752
SCALER_PCA_TRANSFORM: 8.20159912109e-05
CLASSIFIERS_PREDICT: 0.000748872756958
SCALER_PCA_TRANSFORM: 8.29696655273e-05
CLASSIFIERS_PREDICT: 0.000770092010498
SCALER_PCA_TRANSFORM: 8.29696655273e-05
CLASSIFIERS_PREDICT: 0.000748157501221
SCALER_PCA_TRANSFORM: 8.39233398438e-05
CLASSIFIERS_PREDICT: 0.000750064849854
SCALER_PCA_TRANSFORM: 8.29696655273e-05
CLASSIFIERS_PREDICT: 0.000768899917603
SCALER_PCA_TRANSFORM: 8.41617584229e-05
CLASSIFIERS_PREDICT: 0.000752925872803
SCALER_PCA_TRANSFORM: 8.29696655273e-05
CLASSIFIERS_PREDICT: 0.000750064849854
SCALER_PCA_TRANSFORM: 8.39233398438e-05
CLASSIFIERS_PREDICT: 0.000749111175537
SCALER_PCA_TRANSFORM: 8.39233398438e-05
CLASSIFIERS_PREDICT: 0.000749111175537
SCALER_PCA_TRANSFORM: 8.39233398438e-05
CLASSIFIERS_PREDICT: 0.000744104385376
SCALER_PCA_TRANSFORM: 8.29696655273e-05
CLASSIFIERS_PREDICT: 0.000739812850952
SCALER_PCA_TRANSFORM: 8.29696655273e-05
CLASSIFIERS_PREDICT: 0.000748157501221
SCALER_PCA_TRANSFORM: 8.20159912109e-05
CLASSIFIERS_PREDICT: 0.000754833221436
SCALER_PCA_TRANSFORM: 8.41617584229e-05
CLASSIFIERS_PREDICT: 0.000751972198486
SCALER_PCA_TRANSFORM: 8.29696655273e-05
CLASSIFIERS_PREDICT: 0.000741004943848
SCALER_PCA_TRANSFORM: 8.29696655273e-05
CLASSIFIERS_PREDICT: 0.000763893127441
SCALER_PCA_TRANSFORM: 8.29696655273e-05
CLASSIFIERS_PREDICT: 0.00074291229248
SCALER_PCA_TRANSFORM: 8.39233398438e-05
CLASSIFIERS_PREDICT: 0.000746965408325
SCALER_PCA_TRANSFORM: 8.20159912109e-05
CLASSIFIERS_PREDICT: 0.000743865966797
SCALER_PCA_TRANSFORM: 8.39233398438e-05
CLASSIFIERS_PREDICT: 0.00074291229248
SCALER_PCA_TRANSFORM: 8.29696655273e-05
CLASSIFIERS_PREDICT: 0.000738859176636
SCALER_PCA_TRANSFORM: 8.41617584229e-05
CLASSIFIERS_PREDICT: 0.000747919082642
SCALER_PCA_TRANSFORM: 8.20159912109e-05
CLASSIFIERS_PREDICT: 0.000739812850952
SCALER_PCA_TRANSFORM: 8.29696655273e-05
CLASSIFIERS_PREDICT: 0.000764131546021
SCALER_PCA_TRANSFORM: 8.29696655273e-05
CLASSIFIERS_PREDICT: 0.000745058059692
SCALER_PCA_TRANSFORM: 8.39233398438e-05
CLASSIFIERS_PREDICT: 0.000746011734009
SCALER_PCA_TRANSFORM: 8.39233398438e-05
CLASSIFIERS_PREDICT: 0.000766038894653
SCALER_PCA_TRANSFORM: 8.51154327393e-05
CLASSIFIERS_PREDICT: 0.000746011734009
SCALER_PCA_TRANSFORM: 8.29696655273e-05
CLASSIFIERS_PREDICT: 0.000741004943848
SCALER_PCA_TRANSFORM: 8.41617584229e-05
CLASSIFIERS_PREDICT: 0.00075888633728
SCALER_PCA_TRANSFORM: 8.20159912109e-05
CLASSIFIERS_PREDICT: 0.000741958618164
SCALER_PCA_TRANSFORM: 8.39233398438e-05
CLASSIFIERS_PREDICT: 0.00075101852417
SCALER_PCA_TRANSFORM: 8.51154327393e-05
CLASSIFIERS_PREDICT: 0.000745058059692
SCALER_PCA_TRANSFORM: 8.60691070557e-05
CLASSIFIERS_PREDICT: 0.000753879547119
SCALER_PCA_TRANSFORM: 8.29696655273e-05
CLASSIFIERS_PREDICT: 0.000770092010498
SCALER_PCA_TRANSFORM: 8.39233398438e-05
CLASSIFIERS_PREDICT: 0.000756025314331
SCALER_PCA_TRANSFORM: 8.29696655273e-05
CLASSIFIERS_PREDICT: 0.00074291229248
SCALER_PCA_TRANSFORM: 9.3936920166e-05
CLASSIFIERS_PREDICT: 0.000750780105591
SCALER_PCA_TRANSFORM: 8.29696655273e-05
CLASSIFIERS_PREDICT: 0.000740051269531
SCALER_PCA_TRANSFORM: 8.41617584229e-05
CLASSIFIERS_PREDICT: 0.000741958618164
SCALER_PCA_TRANSFORM: 8.29696655273e-05
CLASSIFIERS_PREDICT: 0.000736951828003
SCALER_PCA_TRANSFORM: 8.39233398438e-05
CLASSIFIERS_PREDICT: 0.000750064849854
SCALER_PCA_TRANSFORM: 8.39233398438e-05
CLASSIFIERS_PREDICT: 0.000767946243286
SCALER_PCA_TRANSFORM: 8.60691070557e-05
CLASSIFIERS_PREDICT: 0.000741004943848
SCALER_PCA_TRANSFORM: 8.39233398438e-05
CLASSIFIERS_PREDICT: 0.000735998153687
SCALER_PCA_TRANSFORM: 8.29696655273e-05
CLASSIFIERS_PREDICT: 0.000756978988647
SCALER_PCA_TRANSFORM: 8.41617584229e-05
CLASSIFIERS_PREDICT: 0.000741004943848
SCALER_PCA_TRANSFORM: 8.39233398438e-05
CLASSIFIERS_PREDICT: 0.000749826431274
SCALER_PCA_TRANSFORM: 9.60826873779e-05
CLASSIFIERS_PREDICT: 0.000750064849854
SCALER_PCA_TRANSFORM: 8.39233398438e-05
CLASSIFIERS_PREDICT: 0.000749111175537
SCALER_PCA_TRANSFORM: 8.29696655273e-05
CLASSIFIERS_PREDICT: 0.000746011734009
SCALER_PCA_TRANSFORM: 8.29696655273e-05
CLASSIFIERS_PREDICT: 0.000746965408325
SCALER_PCA_TRANSFORM: 8.51154327393e-05
CLASSIFIERS_PREDICT: 0.000740051269531
SCALER_PCA_TRANSFORM: 8.60691070557e-05
CLASSIFIERS_PREDICT: 0.000766038894653
SCALER_PCA_TRANSFORM: 8.39233398438e-05
CLASSIFIERS_PREDICT: 0.000741004943848
SCALER_PCA_TRANSFORM: 8.41617584229e-05
CLASSIFIERS_PREDICT: 0.000746965408325
SCALER_PCA_TRANSFORM: 8.58306884766e-05
CLASSIFIERS_PREDICT: 0.000752925872803
SCALER_PCA_TRANSFORM: 8.41617584229e-05
CLASSIFIERS_PREDICT: 0.000748872756958
SCALER_PCA_TRANSFORM: 8.41617584229e-05
CLASSIFIERS_PREDICT: 0.000741958618164
SCALER_PCA_TRANSFORM: 9.79900360107e-05
CLASSIFIERS_PREDICT: 0.000746965408325
SCALER_PCA_TRANSFORM: 8.20159912109e-05
CLASSIFIERS_PREDICT: 0.000741958618164
SCALER_PCA_TRANSFORM: 8.48770141602e-05
CLASSIFIERS_PREDICT: 0.000745058059692
SCALER_PCA_TRANSFORM: 8.29696655273e-05
CLASSIFIERS_PREDICT: 0.000743865966797
SCALER_PCA_TRANSFORM: 8.29696655273e-05
CLASSIFIERS_PREDICT: 0.000749111175537
SCALER_PCA_TRANSFORM: 8.29696655273e-05
CLASSIFIERS_PREDICT: 0.000765085220337
SCALER_PCA_TRANSFORM: 8.39233398438e-05
CLASSIFIERS_PREDICT: 0.000751972198486
SCALER_PCA_TRANSFORM: 8.29696655273e-05
CLASSIFIERS_PREDICT: 0.000854015350342
SCALER_PCA_TRANSFORM: 8.39233398438e-05
CLASSIFIERS_PREDICT: 0.000770807266235
SCALER_PCA_TRANSFORM: 8.48770141602e-05
CLASSIFIERS_PREDICT: 0.000746965408325
SCALER_PCA_TRANSFORM: 8.48770141602e-05
CLASSIFIERS_PREDICT: 0.000744104385376
SCALER_PCA_TRANSFORM: 8.41617584229e-05
CLASSIFIERS_PREDICT: 0.000744104385376
SCALER_PCA_TRANSFORM: 8.41617584229e-05
CLASSIFIERS_PREDICT: 0.000746965408325
SCALER_PCA_TRANSFORM: 8.39233398438e-05
CLASSIFIERS_PREDICT: 0.000747919082642
SCALER_PCA_TRANSFORM: 8.39233398438e-05
CLASSIFIERS_PREDICT: 0.000747919082642
SCALER_PCA_TRANSFORM: 8.51154327393e-05
CLASSIFIERS_PREDICT: 0.000744104385376
SCALER_PCA_TRANSFORM: 8.20159912109e-05
CLASSIFIERS_PREDICT: 0.000776052474976
SCALER_PCA_TRANSFORM: 8.39233398438e-05
CLASSIFIERS_PREDICT: 0.000754833221436
SCALER_PCA_TRANSFORM: 8.20159912109e-05
CLASSIFIERS_PREDICT: 0.000750064849854
SCALER_PCA_TRANSFORM: 8.48770141602e-05
CLASSIFIERS_PREDICT: 0.000756025314331
SCALER_PCA_TRANSFORM: 8.58306884766e-05
CLASSIFIERS_PREDICT: 0.000744819641113
SCALER_PCA_TRANSFORM: 8.29696655273e-05
CLASSIFIERS_PREDICT: 0.000745058059692
SCALER_PCA_TRANSFORM: 8.39233398438e-05
CLASSIFIERS_PREDICT: 0.000746011734009
SCALER_PCA_TRANSFORM: 8.32080841064e-05
CLASSIFIERS_PREDICT: 0.000744819641113
SCALER_PCA_TRANSFORM: 8.41617584229e-05
CLASSIFIERS_PREDICT: 0.000756025314331
SCALER_PCA_TRANSFORM: 8.39233398438e-05
CLASSIFIERS_PREDICT: 0.000746011734009
SCALER_PCA_TRANSFORM: 8.29696655273e-05
CLASSIFIERS_PREDICT: 0.000746011734009
SCALER_PCA_TRANSFORM: 8.29696655273e-05
CLASSIFIERS_PREDICT: 0.000765085220337
SCALER_PCA_TRANSFORM: 8.29696655273e-05
CLASSIFIERS_PREDICT: 0.000750064849854
SCALER_PCA_TRANSFORM: 8.60691070557e-05
CLASSIFIERS_PREDICT: 0.000741958618164
SCALER_PCA_TRANSFORM: 8.48770141602e-05
CLASSIFIERS_PREDICT: 0.000741958618164
SCALER_PCA_TRANSFORM: 8.48770141602e-05
CLASSIFIERS_PREDICT: 0.000735998153687
SCALER_PCA_TRANSFORM: 8.20159912109e-05
CLASSIFIERS_PREDICT: 0.000743865966797
SCALER_PCA_TRANSFORM: 8.48770141602e-05
CLASSIFIERS_PREDICT: 0.000745058059692
SCALER_PCA_TRANSFORM: 8.39233398438e-05
CLASSIFIERS_PREDICT: 0.000748157501221
SCALER_PCA_TRANSFORM: 8.29696655273e-05
CLASSIFIERS_PREDICT: 0.000766038894653
SCALER_PCA_TRANSFORM: 8.29696655273e-05
CLASSIFIERS_PREDICT: 0.000744819641113
SCALER_PCA_TRANSFORM: 8.29696655273e-05
CLASSIFIERS_PREDICT: 0.000745058059692
SCALER_PCA_TRANSFORM: 8.48770141602e-05
CLASSIFIERS_PREDICT: 0.000758171081543
SCALER_PCA_TRANSFORM: 8.39233398438e-05
CLASSIFIERS_PREDICT: 0.00074315071106
SCALER_PCA_TRANSFORM: 8.29696655273e-05
CLASSIFIERS_PREDICT: 0.00075101852417
SCALER_PCA_TRANSFORM: 9.58442687988e-05
CLASSIFIERS_PREDICT: 0.000739812850952
SCALER_PCA_TRANSFORM: 8.29696655273e-05
CLASSIFIERS_PREDICT: 0.000752210617065
SCALER_PCA_TRANSFORM: 8.29696655273e-05
CLASSIFIERS_PREDICT: 0.000746011734009
SCALER_PCA_TRANSFORM: 8.41617584229e-05
CLASSIFIERS_PREDICT: 0.000751972198486
SCALER_PCA_TRANSFORM: 8.29696655273e-05
CLASSIFIERS_PREDICT: 0.000744104385376
SCALER_PCA_TRANSFORM: 8.32080841064e-05
CLASSIFIERS_PREDICT: 0.000759840011597
SCALER_PCA_TRANSFORM: 8.41617584229e-05
CLASSIFIERS_PREDICT: 0.000752925872803
SCALER_PCA_TRANSFORM: 8.39233398438e-05
CLASSIFIERS_PREDICT: 0.000749826431274
SCALER_PCA_TRANSFORM: 8.39233398438e-05
CLASSIFIERS_PREDICT: 0.000768899917603
SCALER_PCA_TRANSFORM: 8.41617584229e-05
CLASSIFIERS_PREDICT: 0.000746965408325
SCALER_PCA_TRANSFORM: 8.41617584229e-05
CLASSIFIERS_PREDICT: 0.000746965408325
SCALER_PCA_TRANSFORM: 8.39233398438e-05
CLASSIFIERS_PREDICT: 0.000746011734009
SCALER_PCA_TRANSFORM: 8.39233398438e-05
CLASSIFIERS_PREDICT: 0.000746011734009
SCALER_PCA_TRANSFORM: 8.29696655273e-05
CLASSIFIERS_PREDICT: 0.000745058059692
SCALER_PCA_TRANSFORM: 8.20159912109e-05
CLASSIFIERS_PREDICT: 0.00074315071106
SCALER_PCA_TRANSFORM: 8.39233398438e-05
CLASSIFIERS_PREDICT: 0.000744819641113
SCALER_PCA_TRANSFORM: 8.32080841064e-05
CLASSIFIERS_PREDICT: 0.000761032104492
SCALER_PCA_TRANSFORM: 8.29696655273e-05
CLASSIFIERS_PREDICT: 0.000747919082642
SCALER_PCA_TRANSFORM: 8.39233398438e-05
CLASSIFIERS_PREDICT: 0.000750064849854
SCALER_PCA_TRANSFORM: 8.39233398438e-05
CLASSIFIERS_PREDICT: 0.00076699256897
SCALER_PCA_TRANSFORM: 8.20159912109e-05
CLASSIFIERS_PREDICT: 0.000745058059692
SCALER_PCA_TRANSFORM: 8.29696655273e-05
CLASSIFIERS_PREDICT: 0.000746011734009
SCALER_PCA_TRANSFORM: 8.29696655273e-05
CLASSIFIERS_PREDICT: 0.000746965408325
SCALER_PCA_TRANSFORM: 8.41617584229e-05
CLASSIFIERS_PREDICT: 0.000746011734009
SCALER_PCA_TRANSFORM: 8.51154327393e-05
CLASSIFIERS_PREDICT: 0.000736951828003
SCALER_PCA_TRANSFORM: 8.41617584229e-05
CLASSIFIERS_PREDICT: 0.000745058059692
SCALER_PCA_TRANSFORM: 8.29696655273e-05
CLASSIFIERS_PREDICT: 0.000741958618164
SCALER_PCA_TRANSFORM: 8.20159912109e-05
CLASSIFIERS_PREDICT: 0.000863075256348
SCALER_PCA_TRANSFORM: 8.39233398438e-05
CLASSIFIERS_PREDICT: 0.000740051269531
SCALER_PCA_TRANSFORM: 8.39233398438e-05
CLASSIFIERS_PREDICT: 0.000752925872803
SCALER_PCA_TRANSFORM: 8.39233398438e-05
CLASSIFIERS_PREDICT: 0.000746011734009
SCALER_PCA_TRANSFORM: 8.39233398438e-05
CLASSIFIERS_PREDICT: 0.000746965408325
SCALER_PCA_TRANSFORM: 8.29696655273e-05
CLASSIFIERS_PREDICT: 0.000742197036743
SCALER_PCA_TRANSFORM: 8.48770141602e-05
CLASSIFIERS_PREDICT: 0.000749111175537
SCALER_PCA_TRANSFORM: 8.29696655273e-05
CLASSIFIERS_PREDICT: 0.000753879547119
SCALER_PCA_TRANSFORM: 8.51154327393e-05
CLASSIFIERS_PREDICT: 0.000769853591919
SCALER_PCA_TRANSFORM: 8.60691070557e-05
CLASSIFIERS_PREDICT: 0.000746965408325
SCALER_PCA_TRANSFORM: 8.51154327393e-05
CLASSIFIERS_PREDICT: 0.00075101852417
SCALER_PCA_TRANSFORM: 8.29696655273e-05
CLASSIFIERS_PREDICT: 0.000761985778809
SCALER_PCA_TRANSFORM: 8.58306884766e-05
CLASSIFIERS_PREDICT: 0.000746011734009
SCALER_PCA_TRANSFORM: 8.32080841064e-05
CLASSIFIERS_PREDICT: 0.000846862792969
SCALER_PCA_TRANSFORM: 8.51154327393e-05
CLASSIFIERS_PREDICT: 0.000749111175537
SCALER_PCA_TRANSFORM: 8.29696655273e-05
CLASSIFIERS_PREDICT: 0.00074315071106
SCALER_PCA_TRANSFORM: 8.29696655273e-05
CLASSIFIERS_PREDICT: 0.000756978988647
SCALER_PCA_TRANSFORM: 8.32080841064e-05
CLASSIFIERS_PREDICT: 0.000746011734009
SCALER_PCA_TRANSFORM: 8.41617584229e-05
CLASSIFIERS_PREDICT: 0.000748872756958
SCALER_PCA_TRANSFORM: 8.39233398438e-05
CLASSIFIERS_PREDICT: 0.000774145126343
SCALER_PCA_TRANSFORM: 8.29696655273e-05
CLASSIFIERS_PREDICT: 0.000752925872803
SCALER_PCA_TRANSFORM: 8.29696655273e-05
CLASSIFIERS_PREDICT: 0.000743865966797
SCALER_PCA_TRANSFORM: 8.39233398438e-05
CLASSIFIERS_PREDICT: 0.000764846801758
SCALER_PCA_TRANSFORM: 8.29696655273e-05
CLASSIFIERS_PREDICT: 0.000749111175537
SCALER_PCA_TRANSFORM: 8.48770141602e-05
CLASSIFIERS_PREDICT: 0.000751972198486
SCALER_PCA_TRANSFORM: 8.29696655273e-05
CLASSIFIERS_PREDICT: 0.00074291229248
SCALER_PCA_TRANSFORM: 8.29696655273e-05
CLASSIFIERS_PREDICT: 0.000753879547119
SCALER_PCA_TRANSFORM: 8.17775726318e-05
CLASSIFIERS_PREDICT: 0.00076699256897
SCALER_PCA_TRANSFORM: 8.39233398438e-05
CLASSIFIERS_PREDICT: 0.000754833221436
SCALER_PCA_TRANSFORM: 8.32080841064e-05
CLASSIFIERS_PREDICT: 0.000746965408325
SCALER_PCA_TRANSFORM: 8.39233398438e-05
CLASSIFIERS_PREDICT: 0.000765085220337
SCALER_PCA_TRANSFORM: 8.29696655273e-05
CLASSIFIERS_PREDICT: 0.000743865966797
SCALER_PCA_TRANSFORM: 8.51154327393e-05
CLASSIFIERS_PREDICT: 0.00074291229248
SCALER_PCA_TRANSFORM: 9.79900360107e-05
CLASSIFIERS_PREDICT: 0.000753879547119
SCALER_PCA_TRANSFORM: 8.29696655273e-05
CLASSIFIERS_PREDICT: 0.000750064849854
SCALER_PCA_TRANSFORM: 8.29696655273e-05
CLASSIFIERS_PREDICT: 0.000745058059692
SCALER_PCA_TRANSFORM: 8.39233398438e-05
CLASSIFIERS_PREDICT: 0.000750064849854
SCALER_PCA_TRANSFORM: 8.39233398438e-05
CLASSIFIERS_PREDICT: 0.000747919082642
SCALER_PCA_TRANSFORM: 8.51154327393e-05
CLASSIFIERS_PREDICT: 0.000764846801758
SCALER_PCA_TRANSFORM: 8.41617584229e-05
CLASSIFIERS_PREDICT: 0.000747919082642
SCALER_PCA_TRANSFORM: 8.29696655273e-05
CLASSIFIERS_PREDICT: 0.000753164291382
SCALER_PCA_TRANSFORM: 8.29696655273e-05
CLASSIFIERS_PREDICT: 0.000760078430176
SCALER_PCA_TRANSFORM: 8.51154327393e-05
CLASSIFIERS_PREDICT: 0.000743865966797
SCALER_PCA_TRANSFORM: 8.39233398438e-05
CLASSIFIERS_PREDICT: 0.000744104385376
SCALER_PCA_TRANSFORM: 9.91821289062e-05
CLASSIFIERS_PREDICT: 0.000752925872803
SCALER_PCA_TRANSFORM: 8.29696655273e-05
CLASSIFIERS_PREDICT: 0.00074315071106
SCALER_PCA_TRANSFORM: 8.29696655273e-05
CLASSIFIERS_PREDICT: 0.000751972198486
SCALER_PCA_TRANSFORM: 8.20159912109e-05
CLASSIFIERS_PREDICT: 0.000746965408325
SCALER_PCA_TRANSFORM: 8.20159912109e-05
CLASSIFIERS_PREDICT: 0.000749826431274
SCALER_PCA_TRANSFORM: 8.29696655273e-05
CLASSIFIERS_PREDICT: 0.000761032104492
SCALER_PCA_TRANSFORM: 8.39233398438e-05
CLASSIFIERS_PREDICT: 0.000754117965698
SCALER_PCA_TRANSFORM: 8.29696655273e-05
CLASSIFIERS_PREDICT: 0.000750064849854
SCALER_PCA_TRANSFORM: 8.51154327393e-05
CLASSIFIERS_PREDICT: 0.000777959823608
SCALER_PCA_TRANSFORM: 8.20159912109e-05
CLASSIFIERS_PREDICT: 0.000747919082642
SCALER_PCA_TRANSFORM: 8.39233398438e-05
CLASSIFIERS_PREDICT: 0.000756978988647
SCALER_PCA_TRANSFORM: 8.39233398438e-05
CLASSIFIERS_PREDICT: 0.000753879547119
SCALER_PCA_TRANSFORM: 8.39233398438e-05
CLASSIFIERS_PREDICT: 0.000748872756958
SCALER_PCA_TRANSFORM: 8.39233398438e-05
CLASSIFIERS_PREDICT: 0.000738143920898
SCALER_PCA_TRANSFORM: 8.39233398438e-05
CLASSIFIERS_PREDICT: 0.000756978988647
SCALER_PCA_TRANSFORM: 8.29696655273e-05
CLASSIFIERS_PREDICT: 0.000744819641113
SCALER_PCA_TRANSFORM: 8.39233398438e-05
CLASSIFIERS_PREDICT: 0.000761032104492
SCALER_PCA_TRANSFORM: 8.20159912109e-05
CLASSIFIERS_PREDICT: 0.000745058059692
SCALER_PCA_TRANSFORM: 8.41617584229e-05
CLASSIFIERS_PREDICT: 0.000748872756958
SCALER_PCA_TRANSFORM: 8.39233398438e-05
CLASSIFIERS_PREDICT: 0.000760078430176
SCALER_PCA_TRANSFORM: 8.29696655273e-05
CLASSIFIERS_PREDICT: 0.000745058059692
SCALER_PCA_TRANSFORM: 8.41617584229e-05
CLASSIFIERS_PREDICT: 0.000746965408325
SCALER_PCA_TRANSFORM: 8.39233398438e-05
CLASSIFIERS_PREDICT: 0.000756025314331
SCALER_PCA_TRANSFORM: 8.29696655273e-05
CLASSIFIERS_PREDICT: 0.000744819641113
SCALER_PCA_TRANSFORM: 8.29696655273e-05
CLASSIFIERS_PREDICT: 0.000750064849854
SCALER_PCA_TRANSFORM: 8.20159912109e-05
CLASSIFIERS_PREDICT: 0.000746965408325
SCALER_PCA_TRANSFORM: 8.48770141602e-05
CLASSIFIERS_PREDICT: 0.000747919082642
SCALER_PCA_TRANSFORM: 8.20159912109e-05
CLASSIFIERS_PREDICT: 0.000764846801758
SCALER_PCA_TRANSFORM: 8.39233398438e-05
CLASSIFIERS_PREDICT: 0.000813007354736
SCALER_PCA_TRANSFORM: 8.48770141602e-05
CLASSIFIERS_PREDICT: 0.000741004943848
SCALER_PCA_TRANSFORM: 8.39233398438e-05
CLASSIFIERS_PREDICT: 0.000756978988647
SCALER_PCA_TRANSFORM: 8.20159912109e-05
CLASSIFIERS_PREDICT: 0.000745058059692
SCALER_PCA_TRANSFORM: 8.39233398438e-05
CLASSIFIERS_PREDICT: 0.000744819641113
SCALER_PCA_TRANSFORM: 8.32080841064e-05
CLASSIFIERS_PREDICT: 0.000741004943848
SCALER_PCA_TRANSFORM: 8.29696655273e-05
CLASSIFIERS_PREDICT: 0.000748157501221
SCALER_PCA_TRANSFORM: 8.41617584229e-05
CLASSIFIERS_PREDICT: 0.000757932662964
SCALER_PCA_TRANSFORM: 8.39233398438e-05
CLASSIFIERS_PREDICT: 0.000747203826904
SCALER_PCA_TRANSFORM: 8.32080841064e-05
CLASSIFIERS_PREDICT: 0.000746011734009
SCALER_PCA_TRANSFORM: 8.39233398438e-05
CLASSIFIERS_PREDICT: 0.000761985778809
SCALER_PCA_TRANSFORM: 8.29696655273e-05
CLASSIFIERS_PREDICT: 0.000752925872803
SCALER_PCA_TRANSFORM: 8.39233398438e-05
CLASSIFIERS_PREDICT: 0.000753164291382
SCALER_PCA_TRANSFORM: 9.58442687988e-05
CLASSIFIERS_PREDICT: 0.000750064849854
SCALER_PCA_TRANSFORM: 8.39233398438e-05
CLASSIFIERS_PREDICT: 0.00075101852417
SCALER_PCA_TRANSFORM: 8.41617584229e-05
CLASSIFIERS_PREDICT: 0.000849962234497
SCALER_PCA_TRANSFORM: 8.51154327393e-05
CLASSIFIERS_PREDICT: 0.00075101852417
SCALER_PCA_TRANSFORM: 8.29696655273e-05
CLASSIFIERS_PREDICT: 0.000741958618164
SCALER_PCA_TRANSFORM: 8.51154327393e-05
CLASSIFIERS_PREDICT: 0.000760078430176
SCALER_PCA_TRANSFORM: 8.29696655273e-05
CLASSIFIERS_PREDICT: 0.000741004943848
SCALER_PCA_TRANSFORM: 8.39233398438e-05
CLASSIFIERS_PREDICT: 0.000746965408325
SCALER_PCA_TRANSFORM: 8.20159912109e-05
CLASSIFIERS_PREDICT: 0.000761985778809
SCALER_PCA_TRANSFORM: 8.41617584229e-05
CLASSIFIERS_PREDICT: 0.000747919082642
SCALER_PCA_TRANSFORM: 8.29696655273e-05
CLASSIFIERS_PREDICT: 0.000748157501221
SCALER_PCA_TRANSFORM: 8.48770141602e-05
CLASSIFIERS_PREDICT: 0.000750780105591
SCALER_PCA_TRANSFORM: 8.41617584229e-05
CLASSIFIERS_PREDICT: 0.000745058059692
SCALER_PCA_TRANSFORM: 8.39233398438e-05
CLASSIFIERS_PREDICT: 0.000749826431274
SCALER_PCA_TRANSFORM: 8.41617584229e-05
CLASSIFIERS_PREDICT: 0.000746965408325
SCALER_PCA_TRANSFORM: 8.58306884766e-05
CLASSIFIERS_PREDICT: 0.000744104385376
SCALER_PCA_TRANSFORM: 8.32080841064e-05
CLASSIFIERS_PREDICT: 0.000753879547119
SCALER_PCA_TRANSFORM: 8.29696655273e-05
CLASSIFIERS_PREDICT: 0.000746965408325
SCALER_PCA_TRANSFORM: 8.29696655273e-05
CLASSIFIERS_PREDICT: 0.00074315071106
SCALER_PCA_TRANSFORM: 8.39233398438e-05
CLASSIFIERS_PREDICT: 0.000764131546021
SCALER_PCA_TRANSFORM: 8.17775726318e-05
CLASSIFIERS_PREDICT: 0.000739812850952
SCALER_PCA_TRANSFORM: 8.39233398438e-05
CLASSIFIERS_PREDICT: 0.000757217407227
SCALER_PCA_TRANSFORM: 8.20159912109e-05
CLASSIFIERS_PREDICT: 0.000746011734009
SCALER_PCA_TRANSFORM: 8.39233398438e-05
CLASSIFIERS_PREDICT: 0.000749111175537
SCALER_PCA_TRANSFORM: 8.29696655273e-05
CLASSIFIERS_PREDICT: 0.000743865966797
SCALER_PCA_TRANSFORM: 8.51154327393e-05
CLASSIFIERS_PREDICT: 0.00075101852417
SCALER_PCA_TRANSFORM: 8.29696655273e-05
CLASSIFIERS_PREDICT: 0.00074315071106
SCALER_PCA_TRANSFORM: 8.51154327393e-05
CLASSIFIERS_PREDICT: 0.000766038894653
SCALER_PCA_TRANSFORM: 8.29696655273e-05
CLASSIFIERS_PREDICT: 0.000740051269531
SCALER_PCA_TRANSFORM: 8.48770141602e-05
CLASSIFIERS_PREDICT: 0.000754117965698
SCALER_PCA_TRANSFORM: 8.20159912109e-05
CLASSIFIERS_PREDICT: 0.000743865966797
SCALER_PCA_TRANSFORM: 8.48770141602e-05
CLASSIFIERS_PREDICT: 0.000747919082642
SCALER_PCA_TRANSFORM: 8.51154327393e-05
CLASSIFIERS_PREDICT: 0.000746965408325
SCALER_PCA_TRANSFORM: 8.51154327393e-05
CLASSIFIERS_PREDICT: 0.00075101852417
SCALER_PCA_TRANSFORM: 8.39233398438e-05
CLASSIFIERS_PREDICT: 0.000743865966797
SCALER_PCA_TRANSFORM: 8.29696655273e-05
CLASSIFIERS_PREDICT: 0.000761985778809
SCALER_PCA_TRANSFORM: 8.32080841064e-05
CLASSIFIERS_PREDICT: 0.000738859176636
SCALER_PCA_TRANSFORM: 8.29696655273e-05
CLASSIFIERS_PREDICT: 0.000746965408325
SCALER_PCA_TRANSFORM: 8.39233398438e-05
CLASSIFIERS_PREDICT: 0.000762939453125
SCALER_PCA_TRANSFORM: 8.39233398438e-05
CLASSIFIERS_PREDICT: 0.000748157501221
SCALER_PCA_TRANSFORM: 8.39233398438e-05
CLASSIFIERS_PREDICT: 0.000744104385376
SCALER_PCA_TRANSFORM: 9.79900360107e-05
CLASSIFIERS_PREDICT: 0.000744104385376
SCALER_PCA_TRANSFORM: 8.29696655273e-05
CLASSIFIERS_PREDICT: 0.000752210617065
SCALER_PCA_TRANSFORM: 8.39233398438e-05
CLASSIFIERS_PREDICT: 0.000745058059692
SCALER_PCA_TRANSFORM: 8.29696655273e-05
CLASSIFIERS_PREDICT: 0.000748157501221
SCALER_PCA_TRANSFORM: 8.39233398438e-05
CLASSIFIERS_PREDICT: 0.000750064849854
SCALER_PCA_TRANSFORM: 8.29696655273e-05
CLASSIFIERS_PREDICT: 0.000757217407227
SCALER_PCA_TRANSFORM: 8.51154327393e-05
CLASSIFIERS_PREDICT: 0.000745058059692
SCALER_PCA_TRANSFORM: 8.29696655273e-05
CLASSIFIERS_PREDICT: 0.000746965408325
SCALER_PCA_TRANSFORM: 8.39233398438e-05
CLASSIFIERS_PREDICT: 0.000765085220337
SCALER_PCA_TRANSFORM: 8.39233398438e-05
CLASSIFIERS_PREDICT: 0.00074315071106
SCALER_PCA_TRANSFORM: 8.39233398438e-05
CLASSIFIERS_PREDICT: 0.000747203826904
SCALER_PCA_TRANSFORM: 9.98973846436e-05
CLASSIFIERS_PREDICT: 0.000746965408325
SCALER_PCA_TRANSFORM: 8.48770141602e-05
CLASSIFIERS_PREDICT: 0.000746965408325
SCALER_PCA_TRANSFORM: 0.000119924545288
CLASSIFIERS_PREDICT: 0.00074291229248
SCALER_PCA_TRANSFORM: 8.39233398438e-05
CLASSIFIERS_PREDICT: 0.000748872756958
SCALER_PCA_TRANSFORM: 8.29696655273e-05
CLASSIFIERS_PREDICT: 0.000748157501221
SCALER_PCA_TRANSFORM: 8.39233398438e-05
CLASSIFIERS_PREDICT: 0.000761985778809
SCALER_PCA_TRANSFORM: 8.17775726318e-05
CLASSIFIERS_PREDICT: 0.000748872756958
SCALER_PCA_TRANSFORM: 8.29696655273e-05
CLASSIFIERS_PREDICT: 0.000745058059692
SCALER_PCA_TRANSFORM: 8.39233398438e-05
CLASSIFIERS_PREDICT: 0.000765085220337
SCALER_PCA_TRANSFORM: 8.29696655273e-05
CLASSIFIERS_PREDICT: 0.000746011734009
SCALER_PCA_TRANSFORM: 8.29696655273e-05
CLASSIFIERS_PREDICT: 0.000737190246582
SCALER_PCA_TRANSFORM: 8.48770141602e-05
CLASSIFIERS_PREDICT: 0.000746965408325
SCALER_PCA_TRANSFORM: 8.20159912109e-05
CLASSIFIERS_PREDICT: 0.000746011734009
SCALER_PCA_TRANSFORM: 8.39233398438e-05
CLASSIFIERS_PREDICT: 0.00074315071106
SCALER_PCA_TRANSFORM: 8.29696655273e-05
CLASSIFIERS_PREDICT: 0.000737190246582
SCALER_PCA_TRANSFORM: 8.29696655273e-05
CLASSIFIERS_PREDICT: 0.000747919082642
SCALER_PCA_TRANSFORM: 8.29696655273e-05
CLASSIFIERS_PREDICT: 0.000761032104492
SCALER_PCA_TRANSFORM: 8.39233398438e-05
CLASSIFIERS_PREDICT: 0.00074291229248
SCALER_PCA_TRANSFORM: 8.20159912109e-05
CLASSIFIERS_PREDICT: 0.000744819641113
SCALER_PCA_TRANSFORM: 8.41617584229e-05
CLASSIFIERS_PREDICT: 0.000761985778809
SCALER_PCA_TRANSFORM: 8.17775726318e-05
CLASSIFIERS_PREDICT: 0.000744819641113
SCALER_PCA_TRANSFORM: 8.29696655273e-05
CLASSIFIERS_PREDICT: 0.000750064849854
SCALER_PCA_TRANSFORM: 9.60826873779e-05
CLASSIFIERS_PREDICT: 0.00075101852417
SCALER_PCA_TRANSFORM: 8.41617584229e-05
CLASSIFIERS_PREDICT: 0.000753879547119
SCALER_PCA_TRANSFORM: 8.39233398438e-05
CLASSIFIERS_PREDICT: 0.000848054885864
SCALER_PCA_TRANSFORM: 8.39233398438e-05
CLASSIFIERS_PREDICT: 0.000747919082642
SCALER_PCA_TRANSFORM: 8.39233398438e-05
CLASSIFIERS_PREDICT: 0.00075101852417
SCALER_PCA_TRANSFORM: 8.39233398438e-05
CLASSIFIERS_PREDICT: 0.000761985778809
SCALER_PCA_TRANSFORM: 8.10623168945e-05
CLASSIFIERS_PREDICT: 0.000741004943848
SCALER_PCA_TRANSFORM: 8.51154327393e-05
CLASSIFIERS_PREDICT: 0.000752925872803
SCALER_PCA_TRANSFORM: 8.29696655273e-05
CLASSIFIERS_PREDICT: 0.000754117965698
SCALER_PCA_TRANSFORM: 8.39233398438e-05
CLASSIFIERS_PREDICT: 0.000746965408325
SCALER_PCA_TRANSFORM: 8.41617584229e-05
CLASSIFIERS_PREDICT: 0.000756978988647
SCALER_PCA_TRANSFORM: 8.51154327393e-05
CLASSIFIERS_PREDICT: 0.000751972198486
SCALER_PCA_TRANSFORM: 8.41617584229e-05
CLASSIFIERS_PREDICT: 0.000747919082642
SCALER_PCA_TRANSFORM: 8.51154327393e-05
CLASSIFIERS_PREDICT: 0.000750064849854
SCALER_PCA_TRANSFORM: 8.17775726318e-05
CLASSIFIERS_PREDICT: 0.000743865966797
SCALER_PCA_TRANSFORM: 8.39233398438e-05
CLASSIFIERS_PREDICT: 0.00075101852417
SCALER_PCA_TRANSFORM: 8.29696655273e-05
CLASSIFIERS_PREDICT: 0.000762939453125
SCALER_PCA_TRANSFORM: 8.51154327393e-05
CLASSIFIERS_PREDICT: 0.000746965408325
SCALER_PCA_TRANSFORM: 8.29696655273e-05
CLASSIFIERS_PREDICT: 0.000741004943848
SCALER_PCA_TRANSFORM: 8.41617584229e-05
CLASSIFIERS_PREDICT: 0.000761985778809
SCALER_PCA_TRANSFORM: 8.29696655273e-05
CLASSIFIERS_PREDICT: 0.000741958618164
SCALER_PCA_TRANSFORM: 8.41617584229e-05
CLASSIFIERS_PREDICT: 0.000745058059692
SCALER_PCA_TRANSFORM: 8.39233398438e-05
CLASSIFIERS_PREDICT: 0.00074291229248
SCALER_PCA_TRANSFORM: 8.39233398438e-05
CLASSIFIERS_PREDICT: 0.000745058059692
SCALER_PCA_TRANSFORM: 8.32080841064e-05
CLASSIFIERS_PREDICT: 0.00075888633728
SCALER_PCA_TRANSFORM: 8.32080841064e-05
CLASSIFIERS_PREDICT: 0.000752925872803
SCALER_PCA_TRANSFORM: 8.29696655273e-05
CLASSIFIERS_PREDICT: 0.000749111175537
SCALER_PCA_TRANSFORM: 8.60691070557e-05
CLASSIFIERS_PREDICT: 0.000767946243286
SCALER_PCA_TRANSFORM: 8.32080841064e-05
CLASSIFIERS_PREDICT: 0.000748872756958
SCALER_PCA_TRANSFORM: 8.32080841064e-05
CLASSIFIERS_PREDICT: 0.000748872756958
SCALER_PCA_TRANSFORM: 9.29832458496e-05
CLASSIFIERS_PREDICT: 0.00074291229248
SCALER_PCA_TRANSFORM: 8.51154327393e-05
CLASSIFIERS_PREDICT: 0.000741004943848
SCALER_PCA_TRANSFORM: 8.39233398438e-05
CLASSIFIERS_PREDICT: 0.000740051269531
SCALER_PCA_TRANSFORM: 8.29696655273e-05
CLASSIFIERS_PREDICT: 0.00074315071106
SCALER_PCA_TRANSFORM: 8.41617584229e-05
CLASSIFIERS_PREDICT: 0.000737905502319
SCALER_PCA_TRANSFORM: 8.29696655273e-05
CLASSIFIERS_PREDICT: 0.000763893127441
SCALER_PCA_TRANSFORM: 8.20159912109e-05
CLASSIFIERS_PREDICT: 0.000735998153687
SCALER_PCA_TRANSFORM: 8.41617584229e-05
CLASSIFIERS_PREDICT: 0.000746011734009
SCALER_PCA_TRANSFORM: 8.20159912109e-05
CLASSIFIERS_PREDICT: 0.000750064849854
SCALER_PCA_TRANSFORM: 8.41617584229e-05
CLASSIFIERS_PREDICT: 0.000748872756958
SCALER_PCA_TRANSFORM: 8.29696655273e-05
CLASSIFIERS_PREDICT: 0.000748872756958
SCALER_PCA_TRANSFORM: 8.51154327393e-05
CLASSIFIERS_PREDICT: 0.000750064849854
SCALER_PCA_TRANSFORM: 8.29696655273e-05
CLASSIFIERS_PREDICT: 0.000745058059692
SCALER_PCA_TRANSFORM: 8.29696655273e-05
CLASSIFIERS_PREDICT: 0.00075101852417
SCALER_PCA_TRANSFORM: 8.41617584229e-05
CLASSIFIERS_PREDICT: 0.000747919082642
SCALER_PCA_TRANSFORM: 8.39233398438e-05
CLASSIFIERS_PREDICT: 0.000749111175537
SCALER_PCA_TRANSFORM: 8.29696655273e-05
CLASSIFIERS_PREDICT: 0.000766038894653
SCALER_PCA_TRANSFORM: 8.39233398438e-05
CLASSIFIERS_PREDICT: 0.000746965408325
SCALER_PCA_TRANSFORM: 8.29696655273e-05
CLASSIFIERS_PREDICT: 0.000738143920898
SCALER_PCA_TRANSFORM: 8.29696655273e-05
CLASSIFIERS_PREDICT: 0.000761032104492
SCALER_PCA_TRANSFORM: 8.29696655273e-05
CLASSIFIERS_PREDICT: 0.000746011734009
SCALER_PCA_TRANSFORM: 8.39233398438e-05
CLASSIFIERS_PREDICT: 0.00075101852417
SCALER_PCA_TRANSFORM: 9.89437103271e-05
CLASSIFIERS_PREDICT: 0.000740051269531
SCALER_PCA_TRANSFORM: 8.20159912109e-05
CLASSIFIERS_PREDICT: 0.000750064849854
SCALER_PCA_TRANSFORM: 8.29696655273e-05
CLASSIFIERS_PREDICT: 0.000740051269531
SCALER_PCA_TRANSFORM: 8.39233398438e-05
CLASSIFIERS_PREDICT: 0.000756978988647
SCALER_PCA_TRANSFORM: 8.29696655273e-05
CLASSIFIERS_PREDICT: 0.000747203826904
SCALER_PCA_TRANSFORM: 8.29696655273e-05
CLASSIFIERS_PREDICT: 0.000762939453125
SCALER_PCA_TRANSFORM: 8.39233398438e-05
CLASSIFIERS_PREDICT: 0.000753879547119
SCALER_PCA_TRANSFORM: 8.32080841064e-05
CLASSIFIERS_PREDICT: 0.000746011734009
SCALER_PCA_TRANSFORM: 8.32080841064e-05
CLASSIFIERS_PREDICT: 0.000767946243286
SCALER_PCA_TRANSFORM: 8.29696655273e-05
CLASSIFIERS_PREDICT: 0.000755071640015
SCALER_PCA_TRANSFORM: 8.29696655273e-05
CLASSIFIERS_PREDICT: 0.000746965408325
SCALER_PCA_TRANSFORM: 8.39233398438e-05
CLASSIFIERS_PREDICT: 0.000747919082642
SCALER_PCA_TRANSFORM: 8.20159912109e-05
CLASSIFIERS_PREDICT: 0.000738143920898
SCALER_PCA_TRANSFORM: 8.29696655273e-05
CLASSIFIERS_PREDICT: 0.000741958618164
SCALER_PCA_TRANSFORM: 8.29696655273e-05
CLASSIFIERS_PREDICT: 0.000741958618164
SCALER_PCA_TRANSFORM: 8.29696655273e-05
CLASSIFIERS_PREDICT: 0.000748157501221
SCALER_PCA_TRANSFORM: 8.39233398438e-05
CLASSIFIERS_PREDICT: 0.000751972198486
SCALER_PCA_TRANSFORM: 8.41617584229e-05
CLASSIFIERS_PREDICT: 0.000757932662964
SCALER_PCA_TRANSFORM: 8.32080841064e-05
CLASSIFIERS_PREDICT: 0.00074291229248
SCALER_PCA_TRANSFORM: 8.29696655273e-05
CLASSIFIERS_PREDICT: 0.000770092010498
SCALER_PCA_TRANSFORM: 8.29696655273e-05
CLASSIFIERS_PREDICT: 0.00075101852417
SCALER_PCA_TRANSFORM: 8.41617584229e-05
CLASSIFIERS_PREDICT: 0.00075101852417
SCALER_PCA_TRANSFORM: 8.29696655273e-05
CLASSIFIERS_PREDICT: 0.000747203826904
SCALER_PCA_TRANSFORM: 8.39233398438e-05
CLASSIFIERS_PREDICT: 0.000749826431274
SCALER_PCA_TRANSFORM: 8.32080841064e-05
CLASSIFIERS_PREDICT: 0.000847816467285
SCALER_PCA_TRANSFORM: 8.29696655273e-05
CLASSIFIERS_PREDICT: 0.000746011734009
SCALER_PCA_TRANSFORM: 8.51154327393e-05
CLASSIFIERS_PREDICT: 0.000746011734009
SCALER_PCA_TRANSFORM: 8.39233398438e-05
CLASSIFIERS_PREDICT: 0.000818967819214
SCALER_PCA_TRANSFORM: 8.29696655273e-05
CLASSIFIERS_PREDICT: 0.000743865966797
SCALER_PCA_TRANSFORM: 8.48770141602e-05
CLASSIFIERS_PREDICT: 0.000747203826904
SCALER_PCA_TRANSFORM: 9.01222229004e-05
CLASSIFIERS_PREDICT: 0.000746011734009
SCALER_PCA_TRANSFORM: 8.41617584229e-05
CLASSIFIERS_PREDICT: 0.000752925872803
SCALER_PCA_TRANSFORM: 8.32080841064e-05
CLASSIFIERS_PREDICT: 0.000741958618164
SCALER_PCA_TRANSFORM: 8.32080841064e-05
CLASSIFIERS_PREDICT: 0.000752925872803
SCALER_PCA_TRANSFORM: 8.20159912109e-05
CLASSIFIERS_PREDICT: 0.000747919082642
SCALER_PCA_TRANSFORM: 8.39233398438e-05
CLASSIFIERS_PREDICT: 0.000767946243286
SCALER_PCA_TRANSFORM: 8.20159912109e-05
CLASSIFIERS_PREDICT: 0.000747919082642
SCALER_PCA_TRANSFORM: 8.39233398438e-05
CLASSIFIERS_PREDICT: 0.000747919082642
SCALER_PCA_TRANSFORM: 8.29696655273e-05
CLASSIFIERS_PREDICT: 0.000759124755859
SCALER_PCA_TRANSFORM: 8.29696655273e-05
CLASSIFIERS_PREDICT: 0.000751972198486
SCALER_PCA_TRANSFORM: 8.29696655273e-05
CLASSIFIERS_PREDICT: 0.000741958618164
SCALER_PCA_TRANSFORM: 8.39233398438e-05
CLASSIFIERS_PREDICT: 0.000748872756958
SCALER_PCA_TRANSFORM: 8.41617584229e-05
CLASSIFIERS_PREDICT: 0.000739812850952
SCALER_PCA_TRANSFORM: 8.51154327393e-05
CLASSIFIERS_PREDICT: 0.000747919082642
SCALER_PCA_TRANSFORM: 8.41617584229e-05
CLASSIFIERS_PREDICT: 0.000746011734009
SCALER_PCA_TRANSFORM: 8.32080841064e-05
CLASSIFIERS_PREDICT: 0.000750064849854
SCALER_PCA_TRANSFORM: 8.29696655273e-05
CLASSIFIERS_PREDICT: 0.000755071640015
SCALER_PCA_TRANSFORM: 8.29696655273e-05
CLASSIFIERS_PREDICT: 0.000741004943848
SCALER_PCA_TRANSFORM: 8.29696655273e-05
CLASSIFIERS_PREDICT: 0.000746011734009
SCALER_PCA_TRANSFORM: 8.29696655273e-05
CLASSIFIERS_PREDICT: 0.000756025314331
SCALER_PCA_TRANSFORM: 8.32080841064e-05
CLASSIFIERS_PREDICT: 0.000743865966797
SCALER_PCA_TRANSFORM: 8.39233398438e-05
CLASSIFIERS_PREDICT: 0.000749826431274
SCALER_PCA_TRANSFORM: 8.39233398438e-05
CLASSIFIERS_PREDICT: 0.000737190246582
SCALER_PCA_TRANSFORM: 8.48770141602e-05
CLASSIFIERS_PREDICT: 0.000746011734009
SCALER_PCA_TRANSFORM: 8.29696655273e-05
CLASSIFIERS_PREDICT: 0.000740051269531
SCALER_PCA_TRANSFORM: 8.39233398438e-05
CLASSIFIERS_PREDICT: 0.000744819641113
SCALER_PCA_TRANSFORM: 8.29696655273e-05
CLASSIFIERS_PREDICT: 0.000743865966797
SCALER_PCA_TRANSFORM: 8.29696655273e-05
CLASSIFIERS_PREDICT: 0.000765085220337
SCALER_PCA_TRANSFORM: 8.39233398438e-05
CLASSIFIERS_PREDICT: 0.000741004943848
SCALER_PCA_TRANSFORM: 8.60691070557e-05
CLASSIFIERS_PREDICT: 0.000739812850952
SCALER_PCA_TRANSFORM: 8.39233398438e-05
CLASSIFIERS_PREDICT: 0.000765085220337
SCALER_PCA_TRANSFORM: 8.48770141602e-05
CLASSIFIERS_PREDICT: 0.000750064849854
SCALER_PCA_TRANSFORM: 8.39233398438e-05
CLASSIFIERS_PREDICT: 0.00075101852417
SCALER_PCA_TRANSFORM: 8.51154327393e-05
CLASSIFIERS_PREDICT: 0.00075101852417
SCALER_PCA_TRANSFORM: 8.29696655273e-05
CLASSIFIERS_PREDICT: 0.000749111175537
SCALER_PCA_TRANSFORM: 8.48770141602e-05
CLASSIFIERS_PREDICT: 0.000765085220337
SCALER_PCA_TRANSFORM: 8.41617584229e-05
CLASSIFIERS_PREDICT: 0.00074291229248
SCALER_PCA_TRANSFORM: 8.48770141602e-05
CLASSIFIERS_PREDICT: 0.000746965408325
SCALER_PCA_TRANSFORM: 8.20159912109e-05
CLASSIFIERS_PREDICT: 0.000759840011597
SCALER_PCA_TRANSFORM: 8.41617584229e-05
CLASSIFIERS_PREDICT: 0.000744819641113
SCALER_PCA_TRANSFORM: 8.29696655273e-05
CLASSIFIERS_PREDICT: 0.000744104385376
SCALER_PCA_TRANSFORM: 8.39233398438e-05
CLASSIFIERS_PREDICT: 0.00075101852417
SCALER_PCA_TRANSFORM: 8.32080841064e-05
CLASSIFIERS_PREDICT: 0.000743865966797
SCALER_PCA_TRANSFORM: 8.29696655273e-05
CLASSIFIERS_PREDICT: 0.000744104385376
SCALER_PCA_TRANSFORM: 8.32080841064e-05
CLASSIFIERS_PREDICT: 0.000738859176636
SCALER_PCA_TRANSFORM: 8.39233398438e-05
CLASSIFIERS_PREDICT: 0.000749111175537
SCALER_PCA_TRANSFORM: 8.29696655273e-05
CLASSIFIERS_PREDICT: 0.000763177871704
SCALER_PCA_TRANSFORM: 8.39233398438e-05
CLASSIFIERS_PREDICT: 0.000750780105591
SCALER_PCA_TRANSFORM: 8.32080841064e-05
CLASSIFIERS_PREDICT: 0.000749826431274
SCALER_PCA_TRANSFORM: 8.29696655273e-05
CLASSIFIERS_PREDICT: 0.00075888633728
SCALER_PCA_TRANSFORM: 8.20159912109e-05
CLASSIFIERS_PREDICT: 0.000748872756958
SCALER_PCA_TRANSFORM: 8.39233398438e-05
CLASSIFIERS_PREDICT: 0.000749111175537
SCALER_PCA_TRANSFORM: 8.41617584229e-05
CLASSIFIERS_PREDICT: 0.00074291229248
SCALER_PCA_TRANSFORM: 8.41617584229e-05
CLASSIFIERS_PREDICT: 0.00075101852417
SCALER_PCA_TRANSFORM: 8.29696655273e-05
CLASSIFIERS_PREDICT: 0.000746011734009
SCALER_PCA_TRANSFORM: 8.29696655273e-05
CLASSIFIERS_PREDICT: 0.000746011734009
SCALER_PCA_TRANSFORM: 8.20159912109e-05
CLASSIFIERS_PREDICT: 0.00074291229248
SCALER_PCA_TRANSFORM: 8.41617584229e-05
CLASSIFIERS_PREDICT: 0.000756025314331
SCALER_PCA_TRANSFORM: 8.20159912109e-05
CLASSIFIERS_PREDICT: 0.000746011734009
SCALER_PCA_TRANSFORM: 8.29696655273e-05
CLASSIFIERS_PREDICT: 0.000752925872803
SCALER_PCA_TRANSFORM: 8.29696655273e-05
CLASSIFIERS_PREDICT: 0.000764131546021
SCALER_PCA_TRANSFORM: 8.39233398438e-05
CLASSIFIERS_PREDICT: 0.000751972198486
SCALER_PCA_TRANSFORM: 8.32080841064e-05
CLASSIFIERS_PREDICT: 0.00074291229248
SCALER_PCA_TRANSFORM: 0.000100135803223
CLASSIFIERS_PREDICT: 0.000755071640015
SCALER_PCA_TRANSFORM: 8.41617584229e-05
CLASSIFIERS_PREDICT: 0.000747919082642
SCALER_PCA_TRANSFORM: 8.29696655273e-05
CLASSIFIERS_PREDICT: 0.00075101852417
SCALER_PCA_TRANSFORM: 8.29696655273e-05
CLASSIFIERS_PREDICT: 0.000744104385376
SCALER_PCA_TRANSFORM: 8.39233398438e-05
CLASSIFIERS_PREDICT: 0.000750064849854
SCALER_PCA_TRANSFORM: 8.20159912109e-05
CLASSIFIERS_PREDICT: 0.000859022140503
SCALER_PCA_TRANSFORM: 8.48770141602e-05
CLASSIFIERS_PREDICT: 0.000749826431274
SCALER_PCA_TRANSFORM: 8.29696655273e-05
CLASSIFIERS_PREDICT: 0.00074315071106
SCALER_PCA_TRANSFORM: 8.41617584229e-05
CLASSIFIERS_PREDICT: 0.000770092010498
SCALER_PCA_TRANSFORM: 8.39233398438e-05
CLASSIFIERS_PREDICT: 0.000747919082642
SCALER_PCA_TRANSFORM: 8.29696655273e-05
CLASSIFIERS_PREDICT: 0.000744104385376
SCALER_PCA_TRANSFORM: 8.29696655273e-05
CLASSIFIERS_PREDICT: 0.000752925872803
SCALER_PCA_TRANSFORM: 8.51154327393e-05
CLASSIFIERS_PREDICT: 0.000752925872803
SCALER_PCA_TRANSFORM: 8.29696655273e-05
CLASSIFIERS_PREDICT: 0.000747919082642
SCALER_PCA_TRANSFORM: 8.29696655273e-05
CLASSIFIERS_PREDICT: 0.000748872756958
SCALER_PCA_TRANSFORM: 8.29696655273e-05
CLASSIFIERS_PREDICT: 0.000746965408325
SCALER_PCA_TRANSFORM: 8.48770141602e-05
CLASSIFIERS_PREDICT: 0.000768184661865
SCALER_PCA_TRANSFORM: 8.29696655273e-05
CLASSIFIERS_PREDICT: 0.000746011734009
SCALER_PCA_TRANSFORM: 8.39233398438e-05
CLASSIFIERS_PREDICT: 0.000748157501221
SCALER_PCA_TRANSFORM: 8.29696655273e-05
CLASSIFIERS_PREDICT: 0.000750064849854
SCALER_PCA_TRANSFORM: 8.39233398438e-05
CLASSIFIERS_PREDICT: 0.000755071640015
SCALER_PCA_TRANSFORM: 8.29696655273e-05
CLASSIFIERS_PREDICT: 0.000742197036743
SCALER_PCA_TRANSFORM: 8.39233398438e-05
CLASSIFIERS_PREDICT: 0.00075101852417
SCALER_PCA_TRANSFORM: 8.32080841064e-05
CLASSIFIERS_PREDICT: 0.000743865966797
SCALER_PCA_TRANSFORM: 8.51154327393e-05
CLASSIFIERS_PREDICT: 0.000751972198486
SCALER_PCA_TRANSFORM: 8.39233398438e-05
CLASSIFIERS_PREDICT: 0.000744819641113
SCALER_PCA_TRANSFORM: 8.39233398438e-05
CLASSIFIERS_PREDICT: 0.000754117965698
SCALER_PCA_TRANSFORM: 8.20159912109e-05
CLASSIFIERS_PREDICT: 0.000756025314331
SCALER_PCA_TRANSFORM: 8.32080841064e-05
CLASSIFIERS_PREDICT: 0.000756025314331
SCALER_PCA_TRANSFORM: 8.51154327393e-05
CLASSIFIERS_PREDICT: 0.000741004943848
SCALER_PCA_TRANSFORM: 8.60691070557e-05
CLASSIFIERS_PREDICT: 0.000762939453125
SCALER_PCA_TRANSFORM: 8.58306884766e-05
CLASSIFIERS_PREDICT: 0.000744819641113
SCALER_PCA_TRANSFORM: 8.51154327393e-05
CLASSIFIERS_PREDICT: 0.000746965408325
SCALER_PCA_TRANSFORM: 8.29696655273e-05
CLASSIFIERS_PREDICT: 0.000746011734009
SCALER_PCA_TRANSFORM: 8.29696655273e-05
CLASSIFIERS_PREDICT: 0.000746965408325
SCALER_PCA_TRANSFORM: 8.41617584229e-05
CLASSIFIERS_PREDICT: 0.000743865966797
SCALER_PCA_TRANSFORM: 8.48770141602e-05
CLASSIFIERS_PREDICT: 0.000745058059692
SCALER_PCA_TRANSFORM: 8.39233398438e-05
CLASSIFIERS_PREDICT: 0.000741958618164
SCALER_PCA_TRANSFORM: 8.51154327393e-05
CLASSIFIERS_PREDICT: 0.000761985778809
SCALER_PCA_TRANSFORM: 8.39233398438e-05
CLASSIFIERS_PREDICT: 0.000741958618164
SCALER_PCA_TRANSFORM: 8.39233398438e-05
CLASSIFIERS_PREDICT: 0.000745058059692
SCALER_PCA_TRANSFORM: 8.29696655273e-05
CLASSIFIERS_PREDICT: 0.00074291229248
SCALER_PCA_TRANSFORM: 8.48770141602e-05
CLASSIFIERS_PREDICT: 0.000746965408325
SCALER_PCA_TRANSFORM: 8.29696655273e-05
CLASSIFIERS_PREDICT: 0.000740051269531
SCALER_PCA_TRANSFORM: 8.29696655273e-05
CLASSIFIERS_PREDICT: 0.000741958618164
SCALER_PCA_TRANSFORM: 8.20159912109e-05
CLASSIFIERS_PREDICT: 0.000736951828003
SCALER_PCA_TRANSFORM: 8.32080841064e-05
CLASSIFIERS_PREDICT: 0.000756978988647
SCALER_PCA_TRANSFORM: 8.41617584229e-05
CLASSIFIERS_PREDICT: 0.000746011734009
SCALER_PCA_TRANSFORM: 8.41617584229e-05
CLASSIFIERS_PREDICT: 0.00075101852417
SCALER_PCA_TRANSFORM: 8.29696655273e-05
CLASSIFIERS_PREDICT: 0.000760078430176
SCALER_PCA_TRANSFORM: 8.39233398438e-05
CLASSIFIERS_PREDICT: 0.000752925872803
SCALER_PCA_TRANSFORM: 8.29696655273e-05
CLASSIFIERS_PREDICT: 0.000737905502319
SCALER_PCA_TRANSFORM: 8.39233398438e-05
CLASSIFIERS_PREDICT: 0.000754117965698
SCALER_PCA_TRANSFORM: 8.29696655273e-05
CLASSIFIERS_PREDICT: 0.000740051269531
SCALER_PCA_TRANSFORM: 8.41617584229e-05
CLASSIFIERS_PREDICT: 0.000745058059692
SCALER_PCA_TRANSFORM: 8.29696655273e-05
CLASSIFIERS_PREDICT: 0.00074315071106
SCALER_PCA_TRANSFORM: 8.29696655273e-05
CLASSIFIERS_PREDICT: 0.000746011734009
SCALER_PCA_TRANSFORM: 8.29696655273e-05
CLASSIFIERS_PREDICT: 0.000761032104492
SCALER_PCA_TRANSFORM: 8.29696655273e-05
CLASSIFIERS_PREDICT: 0.000745058059692
SCALER_PCA_TRANSFORM: 8.29696655273e-05
CLASSIFIERS_PREDICT: 0.000746011734009
SCALER_PCA_TRANSFORM: 8.29696655273e-05
CLASSIFIERS_PREDICT: 0.000761032104492
SCALER_PCA_TRANSFORM: 8.29696655273e-05
CLASSIFIERS_PREDICT: 0.000746011734009
SCALER_PCA_TRANSFORM: 8.39233398438e-05
CLASSIFIERS_PREDICT: 0.000751972198486
SCALER_PCA_TRANSFORM: 9.60826873779e-05
CLASSIFIERS_PREDICT: 0.000750064849854
SCALER_PCA_TRANSFORM: 8.41617584229e-05
CLASSIFIERS_PREDICT: 0.000743865966797
SCALER_PCA_TRANSFORM: 8.29696655273e-05
CLASSIFIERS_PREDICT: 0.000741004943848
SCALER_PCA_TRANSFORM: 8.20159912109e-05
CLASSIFIERS_PREDICT: 0.000747919082642
SCALER_PCA_TRANSFORM: 8.29696655273e-05
CLASSIFIERS_PREDICT: 0.000739812850952
SCALER_PCA_TRANSFORM: 8.41617584229e-05
CLASSIFIERS_PREDICT: 0.000757932662964
SCALER_PCA_TRANSFORM: 8.39233398438e-05
CLASSIFIERS_PREDICT: 0.000749111175537
SCALER_PCA_TRANSFORM: 8.29696655273e-05
CLASSIFIERS_PREDICT: 0.00075101852417
SCALER_PCA_TRANSFORM: 8.20159912109e-05
CLASSIFIERS_PREDICT: 0.000761032104492
SCALER_PCA_TRANSFORM: 8.32080841064e-05
CLASSIFIERS_PREDICT: 0.000751972198486
SCALER_PCA_TRANSFORM: 8.20159912109e-05
CLASSIFIERS_PREDICT: 0.000750780105591
SCALER_PCA_TRANSFORM: 9.98973846436e-05
CLASSIFIERS_PREDICT: 0.000746965408325
SCALER_PCA_TRANSFORM: 8.20159912109e-05
CLASSIFIERS_PREDICT: 0.000750064849854
SCALER_PCA_TRANSFORM: 8.29696655273e-05
CLASSIFIERS_PREDICT: 0.000744104385376
SCALER_PCA_TRANSFORM: 8.29696655273e-05
CLASSIFIERS_PREDICT: 0.000741004943848
SCALER_PCA_TRANSFORM: 8.29696655273e-05
CLASSIFIERS_PREDICT: 0.00075101852417
SCALER_PCA_TRANSFORM: 8.20159912109e-05
CLASSIFIERS_PREDICT: 0.000856876373291
SCALER_PCA_TRANSFORM: 8.32080841064e-05
CLASSIFIERS_PREDICT: 0.000752925872803
SCALER_PCA_TRANSFORM: 8.32080841064e-05
CLASSIFIERS_PREDICT: 0.000745058059692
SCALER_PCA_TRANSFORM: 8.29696655273e-05
CLASSIFIERS_PREDICT: 0.000761985778809
SCALER_PCA_TRANSFORM: 8.29696655273e-05
CLASSIFIERS_PREDICT: 0.000748872756958
SCALER_PCA_TRANSFORM: 8.41617584229e-05
CLASSIFIERS_PREDICT: 0.000756978988647
SCALER_PCA_TRANSFORM: 8.20159912109e-05
CLASSIFIERS_PREDICT: 0.000751972198486
SCALER_PCA_TRANSFORM: 8.29696655273e-05
CLASSIFIERS_PREDICT: 0.000753879547119
SCALER_PCA_TRANSFORM: 8.51154327393e-05
CLASSIFIERS_PREDICT: 0.000746011734009
SCALER_PCA_TRANSFORM: 8.39233398438e-05
CLASSIFIERS_PREDICT: 0.000749826431274
SCALER_PCA_TRANSFORM: 8.29696655273e-05
CLASSIFIERS_PREDICT: 0.000745058059692
SCALER_PCA_TRANSFORM: 8.29696655273e-05
CLASSIFIERS_PREDICT: 0.000773191452026
SCALER_PCA_TRANSFORM: 8.29696655273e-05
CLASSIFIERS_PREDICT: 0.000738143920898
SCALER_PCA_TRANSFORM: 8.41617584229e-05
CLASSIFIERS_PREDICT: 0.000753879547119
SCALER_PCA_TRANSFORM: 8.29696655273e-05
CLASSIFIERS_PREDICT: 0.00075101852417
SCALER_PCA_TRANSFORM: 8.29696655273e-05
CLASSIFIERS_PREDICT: 0.000751972198486
SCALER_PCA_TRANSFORM: 8.29696655273e-05
CLASSIFIERS_PREDICT: 0.000752925872803
SCALER_PCA_TRANSFORM: 8.51154327393e-05
CLASSIFIERS_PREDICT: 0.000750064849854
SCALER_PCA_TRANSFORM: 8.32080841064e-05
CLASSIFIERS_PREDICT: 0.000738859176636
SCALER_PCA_TRANSFORM: 8.39233398438e-05
CLASSIFIERS_PREDICT: 0.000754117965698
SCALER_PCA_TRANSFORM: 8.29696655273e-05
CLASSIFIERS_PREDICT: 0.000739097595215
SCALER_PCA_TRANSFORM: 8.29696655273e-05
CLASSIFIERS_PREDICT: 0.000746965408325
SCALER_PCA_TRANSFORM: 8.39233398438e-05
CLASSIFIERS_PREDICT: 0.000750064849854
SCALER_PCA_TRANSFORM: 8.51154327393e-05
CLASSIFIERS_PREDICT: 0.00075101852417
SCALER_PCA_TRANSFORM: 8.51154327393e-05
CLASSIFIERS_PREDICT: 0.000741004943848
SCALER_PCA_TRANSFORM: 8.32080841064e-05
CLASSIFIERS_PREDICT: 0.000761032104492
SCALER_PCA_TRANSFORM: 8.29696655273e-05
CLASSIFIERS_PREDICT: 0.000746965408325
SCALER_PCA_TRANSFORM: 8.29696655273e-05
CLASSIFIERS_PREDICT: 0.000749111175537
SCALER_PCA_TRANSFORM: 8.32080841064e-05
CLASSIFIERS_PREDICT: 0.000749111175537
SCALER_PCA_TRANSFORM: 8.39233398438e-05
CLASSIFIERS_PREDICT: 0.000751972198486
SCALER_PCA_TRANSFORM: 8.29696655273e-05
CLASSIFIERS_PREDICT: 0.00075101852417
SCALER_PCA_TRANSFORM: 8.29696655273e-05
CLASSIFIERS_PREDICT: 0.000748872756958
SCALER_PCA_TRANSFORM: 8.51154327393e-05
CLASSIFIERS_PREDICT: 0.000746965408325
SCALER_PCA_TRANSFORM: 8.29696655273e-05
CLASSIFIERS_PREDICT: 0.000765085220337
SCALER_PCA_TRANSFORM: 8.29696655273e-05
CLASSIFIERS_PREDICT: 0.000746011734009
SCALER_PCA_TRANSFORM: 8.39233398438e-05
CLASSIFIERS_PREDICT: 0.000750064849854
SCALER_PCA_TRANSFORM: 9.41753387451e-05
CLASSIFIERS_PREDICT: 0.000749111175537
SCALER_PCA_TRANSFORM: 8.70227813721e-05
CLASSIFIERS_PREDICT: 0.00075101852417
SCALER_PCA_TRANSFORM: 8.39233398438e-05
CLASSIFIERS_PREDICT: 0.000749111175537
SCALER_PCA_TRANSFORM: 8.51154327393e-05
CLASSIFIERS_PREDICT: 0.000756978988647
SCALER_PCA_TRANSFORM: 8.41617584229e-05
CLASSIFIERS_PREDICT: 0.00075101852417
SCALER_PCA_TRANSFORM: 8.41617584229e-05
CLASSIFIERS_PREDICT: 0.000767946243286
SCALER_PCA_TRANSFORM: 8.60691070557e-05
CLASSIFIERS_PREDICT: 0.000744819641113
SCALER_PCA_TRANSFORM: 8.39233398438e-05
CLASSIFIERS_PREDICT: 0.000751972198486
SCALER_PCA_TRANSFORM: 8.32080841064e-05
CLASSIFIERS_PREDICT: 0.000751972198486
SCALER_PCA_TRANSFORM: 8.48770141602e-05
CLASSIFIERS_PREDICT: 0.000747203826904
SCALER_PCA_TRANSFORM: 8.60691070557e-05
CLASSIFIERS_PREDICT: 0.000744104385376
SCALER_PCA_TRANSFORM: 8.39233398438e-05
CLASSIFIERS_PREDICT: 0.000746965408325
SCALER_PCA_TRANSFORM: 8.41617584229e-05
CLASSIFIERS_PREDICT: 0.000739812850952
SCALER_PCA_TRANSFORM: 8.48770141602e-05
CLASSIFIERS_PREDICT: 0.000740051269531
SCALER_PCA_TRANSFORM: 8.48770141602e-05
CLASSIFIERS_PREDICT: 0.000744104385376
SCALER_PCA_TRANSFORM: 8.29696655273e-05
CLASSIFIERS_PREDICT: 0.000741958618164
SCALER_PCA_TRANSFORM: 8.20159912109e-05
CLASSIFIERS_PREDICT: 0.000753879547119
SCALER_PCA_TRANSFORM: 8.39233398438e-05
CLASSIFIERS_PREDICT: 0.00074577331543
SCALER_PCA_TRANSFORM: 8.48770141602e-05
CLASSIFIERS_PREDICT: 0.000746011734009
SCALER_PCA_TRANSFORM: 8.29696655273e-05
CLASSIFIERS_PREDICT: 0.000761032104492
SCALER_PCA_TRANSFORM: 8.41617584229e-05
CLASSIFIERS_PREDICT: 0.00074291229248
SCALER_PCA_TRANSFORM: 8.48770141602e-05
CLASSIFIERS_PREDICT: 0.000745058059692
SCALER_PCA_TRANSFORM: 8.41617584229e-05
CLASSIFIERS_PREDICT: 0.00074291229248
SCALER_PCA_TRANSFORM: 8.60691070557e-05
CLASSIFIERS_PREDICT: 0.000752925872803
SCALER_PCA_TRANSFORM: 8.20159912109e-05
CLASSIFIERS_PREDICT: 0.000745058059692
SCALER_PCA_TRANSFORM: 8.51154327393e-05
CLASSIFIERS_PREDICT: 0.00074315071106
SCALER_PCA_TRANSFORM: 8.39233398438e-05
CLASSIFIERS_PREDICT: 0.000739097595215
SCALER_PCA_TRANSFORM: 8.58306884766e-05
CLASSIFIERS_PREDICT: 0.000765085220337
SCALER_PCA_TRANSFORM: 8.29696655273e-05
CLASSIFIERS_PREDICT: 0.000740051269531
SCALER_PCA_TRANSFORM: 8.39233398438e-05
CLASSIFIERS_PREDICT: 0.000747919082642
SCALER_PCA_TRANSFORM: 8.29696655273e-05
CLASSIFIERS_PREDICT: 0.00075888633728
SCALER_PCA_TRANSFORM: 8.39233398438e-05
CLASSIFIERS_PREDICT: 0.000751972198486
SCALER_PCA_TRANSFORM: 8.51154327393e-05
CLASSIFIERS_PREDICT: 0.00074291229248
SCALER_PCA_TRANSFORM: 8.29696655273e-05
CLASSIFIERS_PREDICT: 0.00075101852417
SCALER_PCA_TRANSFORM: 8.39233398438e-05
CLASSIFIERS_PREDICT: 0.000741958618164
SCALER_PCA_TRANSFORM: 8.48770141602e-05
CLASSIFIERS_PREDICT: 0.000757217407227
SCALER_PCA_TRANSFORM: 8.39233398438e-05
CLASSIFIERS_PREDICT: 0.000738859176636
SCALER_PCA_TRANSFORM: 8.41617584229e-05
CLASSIFIERS_PREDICT: 0.00074291229248
SCALER_PCA_TRANSFORM: 8.29696655273e-05
CLASSIFIERS_PREDICT: 0.000906944274902
SCALER_PCA_TRANSFORM: 8.58306884766e-05
CLASSIFIERS_PREDICT: 0.000751972198486
SCALER_PCA_TRANSFORM: 8.20159912109e-05
CLASSIFIERS_PREDICT: 0.000748157501221
SCALER_PCA_TRANSFORM: 8.39233398438e-05
CLASSIFIERS_PREDICT: 0.000755071640015
SCALER_PCA_TRANSFORM: 8.29696655273e-05
CLASSIFIERS_PREDICT: 0.000750064849854
SCALER_PCA_TRANSFORM: 8.51154327393e-05
CLASSIFIERS_PREDICT: 0.000739097595215
SCALER_PCA_TRANSFORM: 8.20159912109e-05
CLASSIFIERS_PREDICT: 0.00074291229248
SCALER_PCA_TRANSFORM: 8.29696655273e-05
CLASSIFIERS_PREDICT: 0.000753879547119
SCALER_PCA_TRANSFORM: 8.29696655273e-05
CLASSIFIERS_PREDICT: 0.000755071640015
SCALER_PCA_TRANSFORM: 8.29696655273e-05
CLASSIFIERS_PREDICT: 0.000751972198486
SCALER_PCA_TRANSFORM: 8.29696655273e-05
CLASSIFIERS_PREDICT: 0.000750064849854
SCALER_PCA_TRANSFORM: 8.29696655273e-05
CLASSIFIERS_PREDICT: 0.00076699256897
SCALER_PCA_TRANSFORM: 8.41617584229e-05
CLASSIFIERS_PREDICT: 0.000750064849854
SCALER_PCA_TRANSFORM: 8.29696655273e-05
CLASSIFIERS_PREDICT: 0.000753164291382
SCALER_PCA_TRANSFORM: 8.29696655273e-05
CLASSIFIERS_PREDICT: 0.000750064849854
SCALER_PCA_TRANSFORM: 8.29696655273e-05
CLASSIFIERS_PREDICT: 0.000746011734009
SCALER_PCA_TRANSFORM: 8.17775726318e-05
CLASSIFIERS_PREDICT: 0.000742197036743
SCALER_PCA_TRANSFORM: 8.39233398438e-05
CLASSIFIERS_PREDICT: 0.000746011734009
SCALER_PCA_TRANSFORM: 8.39233398438e-05
CLASSIFIERS_PREDICT: 0.000735998153687
SCALER_PCA_TRANSFORM: 8.48770141602e-05
CLASSIFIERS_PREDICT: 0.000764131546021
SCALER_PCA_TRANSFORM: 8.17775726318e-05
CLASSIFIERS_PREDICT: 0.000744819641113
SCALER_PCA_TRANSFORM: 8.41617584229e-05
CLASSIFIERS_PREDICT: 0.000741004943848
SCALER_PCA_TRANSFORM: 8.29696655273e-05
CLASSIFIERS_PREDICT: 0.000746011734009
SCALER_PCA_TRANSFORM: 8.51154327393e-05
CLASSIFIERS_PREDICT: 0.000743865966797
SCALER_PCA_TRANSFORM: 8.48770141602e-05
CLASSIFIERS_PREDICT: 0.000740051269531
SCALER_PCA_TRANSFORM: 8.48770141602e-05
CLASSIFIERS_PREDICT: 0.00074315071106
SCALER_PCA_TRANSFORM: 8.39233398438e-05
CLASSIFIERS_PREDICT: 0.000750064849854
SCALER_PCA_TRANSFORM: 8.51154327393e-05
CLASSIFIERS_PREDICT: 0.000746965408325
SCALER_PCA_TRANSFORM: 8.51154327393e-05
CLASSIFIERS_PREDICT: 0.000743865966797
SCALER_PCA_TRANSFORM: 8.41617584229e-05
CLASSIFIERS_PREDICT: 0.000747919082642
SCALER_PCA_TRANSFORM: 8.39233398438e-05
CLASSIFIERS_PREDICT: 0.000753879547119
SCALER_PCA_TRANSFORM: 8.39233398438e-05
CLASSIFIERS_PREDICT: 0.000746965408325
SCALER_PCA_TRANSFORM: 8.48770141602e-05
CLASSIFIERS_PREDICT: 0.000746965408325
SCALER_PCA_TRANSFORM: 8.29696655273e-05
CLASSIFIERS_PREDICT: 0.000763893127441
SCALER_PCA_TRANSFORM: 8.20159912109e-05
CLASSIFIERS_PREDICT: 0.000741004943848
SCALER_PCA_TRANSFORM: 8.29696655273e-05
CLASSIFIERS_PREDICT: 0.000746965408325
SCALER_PCA_TRANSFORM: 8.10623168945e-05
CLASSIFIERS_PREDICT: 0.000746965408325
SCALER_PCA_TRANSFORM: 8.39233398438e-05
CLASSIFIERS_PREDICT: 0.000742197036743
SCALER_PCA_TRANSFORM: 8.39233398438e-05
CLASSIFIERS_PREDICT: 0.000744104385376
SCALER_PCA_TRANSFORM: 8.20159912109e-05
CLASSIFIERS_PREDICT: 0.000746965408325
SCALER_PCA_TRANSFORM: 8.20159912109e-05
CLASSIFIERS_PREDICT: 0.000746011734009
SCALER_PCA_TRANSFORM: 8.39233398438e-05
CLASSIFIERS_PREDICT: 0.000766038894653
SCALER_PCA_TRANSFORM: 8.29696655273e-05
CLASSIFIERS_PREDICT: 0.000750064849854
SCALER_PCA_TRANSFORM: 8.41617584229e-05
CLASSIFIERS_PREDICT: 0.000756025314331
SCALER_PCA_TRANSFORM: 8.29696655273e-05
CLASSIFIERS_PREDICT: 0.000762224197388
SCALER_PCA_TRANSFORM: 8.41617584229e-05
CLASSIFIERS_PREDICT: 0.000743865966797
SCALER_PCA_TRANSFORM: 8.29696655273e-05
CLASSIFIERS_PREDICT: 0.000745058059692
SCALER_PCA_TRANSFORM: 8.39233398438e-05
CLASSIFIERS_PREDICT: 0.000752925872803
SCALER_PCA_TRANSFORM: 8.29696655273e-05
CLASSIFIERS_PREDICT: 0.000747203826904
SCALER_PCA_TRANSFORM: 8.29696655273e-05
CLASSIFIERS_PREDICT: 0.000756025314331
SCALER_PCA_TRANSFORM: 8.51154327393e-05
CLASSIFIERS_PREDICT: 0.000748872756958
SCALER_PCA_TRANSFORM: 8.41617584229e-05
CLASSIFIERS_PREDICT: 0.000746011734009
SCALER_PCA_TRANSFORM: 8.29696655273e-05
CLASSIFIERS_PREDICT: 0.000762939453125
SCALER_PCA_TRANSFORM: 8.29696655273e-05
CLASSIFIERS_PREDICT: 0.00075101852417
SCALER_PCA_TRANSFORM: 8.32080841064e-05
CLASSIFIERS_PREDICT: 0.000746011734009
SCALER_PCA_TRANSFORM: 9.79900360107e-05
CLASSIFIERS_PREDICT: 0.000747919082642
SCALER_PCA_TRANSFORM: 8.29696655273e-05
CLASSIFIERS_PREDICT: 0.000745058059692
SCALER_PCA_TRANSFORM: 8.39233398438e-05
CLASSIFIERS_PREDICT: 0.000749826431274
SCALER_PCA_TRANSFORM: 8.20159912109e-05
CLASSIFIERS_PREDICT: 0.000750064849854
SCALER_PCA_TRANSFORM: 8.41617584229e-05
CLASSIFIERS_PREDICT: 0.000752925872803
SCALER_PCA_TRANSFORM: 8.29696655273e-05
CLASSIFIERS_PREDICT: 0.000757932662964
SCALER_PCA_TRANSFORM: 8.41617584229e-05
CLASSIFIERS_PREDICT: 0.00075101852417
SCALER_PCA_TRANSFORM: 8.29696655273e-05
CLASSIFIERS_PREDICT: 0.000741004943848
SCALER_PCA_TRANSFORM: 8.39233398438e-05
CLASSIFIERS_PREDICT: 0.000759124755859
SCALER_PCA_TRANSFORM: 8.32080841064e-05
CLASSIFIERS_PREDICT: 0.00074291229248
SCALER_PCA_TRANSFORM: 8.29696655273e-05
CLASSIFIERS_PREDICT: 0.000748157501221
SCALER_PCA_TRANSFORM: 9.60826873779e-05
CLASSIFIERS_PREDICT: 0.000738143920898
SCALER_PCA_TRANSFORM: 8.20159912109e-05
CLASSIFIERS_PREDICT: 0.000746011734009
SCALER_PCA_TRANSFORM: 8.39233398438e-05
CLASSIFIERS_PREDICT: 0.000740051269531
SCALER_PCA_TRANSFORM: 8.39233398438e-05
CLASSIFIERS_PREDICT: 0.000750064849854
SCALER_PCA_TRANSFORM: 8.20159912109e-05
CLASSIFIERS_PREDICT: 0.000746965408325
SCALER_PCA_TRANSFORM: 8.39233398438e-05
CLASSIFIERS_PREDICT: 0.000755071640015
SCALER_PCA_TRANSFORM: 8.29696655273e-05
CLASSIFIERS_PREDICT: 0.00075101852417
SCALER_PCA_TRANSFORM: 8.41617584229e-05
CLASSIFIERS_PREDICT: 0.000747919082642
SCALER_PCA_TRANSFORM: 8.20159912109e-05
CLASSIFIERS_PREDICT: 0.000869989395142
SCALER_PCA_TRANSFORM: 8.48770141602e-05
CLASSIFIERS_PREDICT: 0.000748157501221
