SCALER_PCA_FIT_TRANSFORM: 0.0130181312561
CLASSIFIERS_FIT: 3.45633506775
SCALER_PCA_TRANSFORM: 0.000790119171143
CLASSIFIERS_PREDICT: 0.000916004180908
SCALER_PCA_TRANSFORM: 8.20159912109e-05
CLASSIFIERS_PREDICT: 0.000358104705811
SCALER_PCA_TRANSFORM: 8.08238983154e-05
CLASSIFIERS_PREDICT: 0.000362157821655
SCALER_PCA_TRANSFORM: 7.9870223999e-05
CLASSIFIERS_PREDICT: 0.000367164611816
SCALER_PCA_TRANSFORM: 8.10623168945e-05
CLASSIFIERS_PREDICT: 0.000355005264282
SCALER_PCA_TRANSFORM: 8.10623168945e-05
CLASSIFIERS_PREDICT: 0.000355958938599
SCALER_PCA_TRANSFORM: 7.9870223999e-05
CLASSIFIERS_PREDICT: 0.000357151031494
SCALER_PCA_TRANSFORM: 9.3936920166e-05
CLASSIFIERS_PREDICT: 0.000356197357178
SCALER_PCA_TRANSFORM: 7.91549682617e-05
CLASSIFIERS_PREDICT: 0.000355005264282
SCALER_PCA_TRANSFORM: 7.9870223999e-05
CLASSIFIERS_PREDICT: 0.000355958938599
SCALER_PCA_TRANSFORM: 7.89165496826e-05
CLASSIFIERS_PREDICT: 0.000353813171387
SCALER_PCA_TRANSFORM: 7.9870223999e-05
CLASSIFIERS_PREDICT: 0.000355005264282
SCALER_PCA_TRANSFORM: 7.82012939453e-05
CLASSIFIERS_PREDICT: 0.000354051589966
SCALER_PCA_TRANSFORM: 7.89165496826e-05
CLASSIFIERS_PREDICT: 0.000355005264282
SCALER_PCA_TRANSFORM: 7.9870223999e-05
CLASSIFIERS_PREDICT: 0.000356197357178
SCALER_PCA_TRANSFORM: 7.91549682617e-05
CLASSIFIERS_PREDICT: 0.000354051589966
SCALER_PCA_TRANSFORM: 8.08238983154e-05
CLASSIFIERS_PREDICT: 0.000353097915649
SCALER_PCA_TRANSFORM: 8.01086425781e-05
CLASSIFIERS_PREDICT: 0.000356912612915
SCALER_PCA_TRANSFORM: 8.01086425781e-05
CLASSIFIERS_PREDICT: 0.000375986099243
SCALER_PCA_TRANSFORM: 7.91549682617e-05
CLASSIFIERS_PREDICT: 0.000355958938599
SCALER_PCA_TRANSFORM: 8.01086425781e-05
CLASSIFIERS_PREDICT: 0.000355005264282
SCALER_PCA_TRANSFORM: 8.01086425781e-05
CLASSIFIERS_PREDICT: 0.000355958938599
SCALER_PCA_TRANSFORM: 8.08238983154e-05
CLASSIFIERS_PREDICT: 0.000355005264282
SCALER_PCA_TRANSFORM: 7.91549682617e-05
CLASSIFIERS_PREDICT: 0.000353813171387
SCALER_PCA_TRANSFORM: 7.9870223999e-05
CLASSIFIERS_PREDICT: 0.000357151031494
SCALER_PCA_TRANSFORM: 7.9870223999e-05
CLASSIFIERS_PREDICT: 0.000352144241333
SCALER_PCA_TRANSFORM: 7.89165496826e-05
CLASSIFIERS_PREDICT: 0.000357151031494
SCALER_PCA_TRANSFORM: 8.08238983154e-05
CLASSIFIERS_PREDICT: 0.000358104705811
SCALER_PCA_TRANSFORM: 8.01086425781e-05
CLASSIFIERS_PREDICT: 0.000357866287231
SCALER_PCA_TRANSFORM: 8.10623168945e-05
CLASSIFIERS_PREDICT: 0.00036096572876
SCALER_PCA_TRANSFORM: 7.9870223999e-05
CLASSIFIERS_PREDICT: 0.000352144241333
SCALER_PCA_TRANSFORM: 8.01086425781e-05
CLASSIFIERS_PREDICT: 0.000356912612915
SCALER_PCA_TRANSFORM: 8.08238983154e-05
CLASSIFIERS_PREDICT: 0.000353097915649
SCALER_PCA_TRANSFORM: 7.89165496826e-05
CLASSIFIERS_PREDICT: 0.000375986099243
SCALER_PCA_TRANSFORM: 8.01086425781e-05
CLASSIFIERS_PREDICT: 0.000355958938599
SCALER_PCA_TRANSFORM: 7.89165496826e-05
CLASSIFIERS_PREDICT: 0.000355958938599
SCALER_PCA_TRANSFORM: 7.91549682617e-05
CLASSIFIERS_PREDICT: 0.000355958938599
SCALER_PCA_TRANSFORM: 7.9870223999e-05
CLASSIFIERS_PREDICT: 0.000355958938599
SCALER_PCA_TRANSFORM: 7.89165496826e-05
CLASSIFIERS_PREDICT: 0.00035285949707
SCALER_PCA_TRANSFORM: 7.89165496826e-05
CLASSIFIERS_PREDICT: 0.000355005264282
SCALER_PCA_TRANSFORM: 7.9870223999e-05
CLASSIFIERS_PREDICT: 0.000355958938599
SCALER_PCA_TRANSFORM: 7.9870223999e-05
CLASSIFIERS_PREDICT: 0.000353813171387
SCALER_PCA_TRANSFORM: 8.01086425781e-05
CLASSIFIERS_PREDICT: 0.000355005264282
SCALER_PCA_TRANSFORM: 7.89165496826e-05
CLASSIFIERS_PREDICT: 0.00035285949707
SCALER_PCA_TRANSFORM: 7.89165496826e-05
CLASSIFIERS_PREDICT: 0.000355005264282
SCALER_PCA_TRANSFORM: 7.9870223999e-05
CLASSIFIERS_PREDICT: 0.000356197357178
SCALER_PCA_TRANSFORM: 7.9870223999e-05
CLASSIFIERS_PREDICT: 0.000354051589966
SCALER_PCA_TRANSFORM: 7.89165496826e-05
CLASSIFIERS_PREDICT: 0.000352144241333
SCALER_PCA_TRANSFORM: 8.10623168945e-05
CLASSIFIERS_PREDICT: 0.000361919403076
SCALER_PCA_TRANSFORM: 7.89165496826e-05
CLASSIFIERS_PREDICT: 0.000352144241333
SCALER_PCA_TRANSFORM: 8.10623168945e-05
CLASSIFIERS_PREDICT: 0.000350952148438
SCALER_PCA_TRANSFORM: 8.10623168945e-05
CLASSIFIERS_PREDICT: 0.000356197357178
SCALER_PCA_TRANSFORM: 8.98838043213e-05
CLASSIFIERS_PREDICT: 0.000351905822754
SCALER_PCA_TRANSFORM: 7.91549682617e-05
CLASSIFIERS_PREDICT: 0.000354051589966
SCALER_PCA_TRANSFORM: 8.01086425781e-05
CLASSIFIERS_PREDICT: 0.000355005264282
SCALER_PCA_TRANSFORM: 7.9870223999e-05
CLASSIFIERS_PREDICT: 0.000354051589966
SCALER_PCA_TRANSFORM: 8.10623168945e-05
CLASSIFIERS_PREDICT: 0.000355005264282
SCALER_PCA_TRANSFORM: 7.91549682617e-05
CLASSIFIERS_PREDICT: 0.000356912612915
SCALER_PCA_TRANSFORM: 8.01086425781e-05
CLASSIFIERS_PREDICT: 0.000355005264282
SCALER_PCA_TRANSFORM: 7.89165496826e-05
CLASSIFIERS_PREDICT: 0.000360012054443
SCALER_PCA_TRANSFORM: 8.10623168945e-05
CLASSIFIERS_PREDICT: 0.000355005264282
SCALER_PCA_TRANSFORM: 7.91549682617e-05
CLASSIFIERS_PREDICT: 0.000357866287231
SCALER_PCA_TRANSFORM: 8.10623168945e-05
CLASSIFIERS_PREDICT: 0.000359058380127
SCALER_PCA_TRANSFORM: 7.9870223999e-05
CLASSIFIERS_PREDICT: 0.000369071960449
SCALER_PCA_TRANSFORM: 7.9870223999e-05
CLASSIFIERS_PREDICT: 0.000357151031494
SCALER_PCA_TRANSFORM: 8.01086425781e-05
CLASSIFIERS_PREDICT: 0.000355005264282
SCALER_PCA_TRANSFORM: 8.08238983154e-05
CLASSIFIERS_PREDICT: 0.000357151031494
SCALER_PCA_TRANSFORM: 8.20159912109e-05
CLASSIFIERS_PREDICT: 0.000355005264282
SCALER_PCA_TRANSFORM: 8.01086425781e-05
CLASSIFIERS_PREDICT: 0.000355005264282
SCALER_PCA_TRANSFORM: 7.89165496826e-05
CLASSIFIERS_PREDICT: 0.000355958938599
SCALER_PCA_TRANSFORM: 8.08238983154e-05
CLASSIFIERS_PREDICT: 0.000354051589966
SCALER_PCA_TRANSFORM: 7.89165496826e-05
CLASSIFIERS_PREDICT: 0.000355005264282
SCALER_PCA_TRANSFORM: 8.10623168945e-05
CLASSIFIERS_PREDICT: 0.000355958938599
SCALER_PCA_TRANSFORM: 8.01086425781e-05
CLASSIFIERS_PREDICT: 0.000354051589966
SCALER_PCA_TRANSFORM: 7.9870223999e-05
CLASSIFIERS_PREDICT: 0.000352144241333
SCALER_PCA_TRANSFORM: 8.01086425781e-05
CLASSIFIERS_PREDICT: 0.000356912612915
SCALER_PCA_TRANSFORM: 8.10623168945e-05
CLASSIFIERS_PREDICT: 0.000355005264282
SCALER_PCA_TRANSFORM: 7.89165496826e-05
CLASSIFIERS_PREDICT: 0.000354051589966
SCALER_PCA_TRANSFORM: 8.10623168945e-05
CLASSIFIERS_PREDICT: 0.000375986099243
SCALER_PCA_TRANSFORM: 7.9870223999e-05
CLASSIFIERS_PREDICT: 0.000359058380127
SCALER_PCA_TRANSFORM: 8.01086425781e-05
CLASSIFIERS_PREDICT: 0.000355005264282
SCALER_PCA_TRANSFORM: 7.91549682617e-05
CLASSIFIERS_PREDICT: 0.000355958938599
SCALER_PCA_TRANSFORM: 8.10623168945e-05
CLASSIFIERS_PREDICT: 0.000355958938599
SCALER_PCA_TRANSFORM: 7.91549682617e-05
CLASSIFIERS_PREDICT: 0.000354051589966
SCALER_PCA_TRANSFORM: 7.9870223999e-05
CLASSIFIERS_PREDICT: 0.000353097915649
SCALER_PCA_TRANSFORM: 7.89165496826e-05
CLASSIFIERS_PREDICT: 0.000355005264282
SCALER_PCA_TRANSFORM: 8.10623168945e-05
CLASSIFIERS_PREDICT: 0.000359058380127
SCALER_PCA_TRANSFORM: 7.9870223999e-05
CLASSIFIERS_PREDICT: 0.000355005264282
SCALER_PCA_TRANSFORM: 7.89165496826e-05
CLASSIFIERS_PREDICT: 0.000351905822754
SCALER_PCA_TRANSFORM: 7.9870223999e-05
CLASSIFIERS_PREDICT: 0.000355958938599
SCALER_PCA_TRANSFORM: 8.10623168945e-05
CLASSIFIERS_PREDICT: 0.000357866287231
SCALER_PCA_TRANSFORM: 7.9870223999e-05
CLASSIFIERS_PREDICT: 0.000354051589966
SCALER_PCA_TRANSFORM: 8.10623168945e-05
CLASSIFIERS_PREDICT: 0.000355005264282
SCALER_PCA_TRANSFORM: 8.01086425781e-05
CLASSIFIERS_PREDICT: 0.000365972518921
SCALER_PCA_TRANSFORM: 7.91549682617e-05
CLASSIFIERS_PREDICT: 0.000355005264282
SCALER_PCA_TRANSFORM: 8.10623168945e-05
CLASSIFIERS_PREDICT: 0.000356912612915
SCALER_PCA_TRANSFORM: 8.08238983154e-05
CLASSIFIERS_PREDICT: 0.000355958938599
SCALER_PCA_TRANSFORM: 8.08238983154e-05
CLASSIFIERS_PREDICT: 0.000355958938599
SCALER_PCA_TRANSFORM: 7.91549682617e-05
CLASSIFIERS_PREDICT: 0.000356912612915
SCALER_PCA_TRANSFORM: 7.91549682617e-05
CLASSIFIERS_PREDICT: 0.000353813171387
SCALER_PCA_TRANSFORM: 8.08238983154e-05
CLASSIFIERS_PREDICT: 0.000354051589966
SCALER_PCA_TRANSFORM: 8.01086425781e-05
CLASSIFIERS_PREDICT: 0.000353097915649
SCALER_PCA_TRANSFORM: 8.01086425781e-05
CLASSIFIERS_PREDICT: 0.000355005264282
SCALER_PCA_TRANSFORM: 7.79628753662e-05
CLASSIFIERS_PREDICT: 0.000353097915649
SCALER_PCA_TRANSFORM: 7.9870223999e-05
CLASSIFIERS_PREDICT: 0.000356197357178
SCALER_PCA_TRANSFORM: 7.9870223999e-05
CLASSIFIERS_PREDICT: 0.000359058380127
SCALER_PCA_TRANSFORM: 7.89165496826e-05
CLASSIFIERS_PREDICT: 0.000355005264282
SCALER_PCA_TRANSFORM: 7.79628753662e-05
CLASSIFIERS_PREDICT: 0.000354051589966
SCALER_PCA_TRANSFORM: 7.9870223999e-05
CLASSIFIERS_PREDICT: 0.000368118286133
SCALER_PCA_TRANSFORM: 8.01086425781e-05
CLASSIFIERS_PREDICT: 0.000356912612915
SCALER_PCA_TRANSFORM: 7.9870223999e-05
CLASSIFIERS_PREDICT: 0.000352144241333
SCALER_PCA_TRANSFORM: 7.91549682617e-05
CLASSIFIERS_PREDICT: 0.000355005264282
SCALER_PCA_TRANSFORM: 9.3936920166e-05
CLASSIFIERS_PREDICT: 0.000355958938599
SCALER_PCA_TRANSFORM: 7.91549682617e-05
CLASSIFIERS_PREDICT: 0.000355958938599
SCALER_PCA_TRANSFORM: 8.01086425781e-05
CLASSIFIERS_PREDICT: 0.000355005264282
SCALER_PCA_TRANSFORM: 7.89165496826e-05
CLASSIFIERS_PREDICT: 0.000354051589966
SCALER_PCA_TRANSFORM: 8.10623168945e-05
CLASSIFIERS_PREDICT: 0.000361919403076
SCALER_PCA_TRANSFORM: 8.10623168945e-05
CLASSIFIERS_PREDICT: 0.000353813171387
SCALER_PCA_TRANSFORM: 8.01086425781e-05
CLASSIFIERS_PREDICT: 0.000360012054443
SCALER_PCA_TRANSFORM: 8.01086425781e-05
CLASSIFIERS_PREDICT: 0.00035285949707
SCALER_PCA_TRANSFORM: 7.9870223999e-05
CLASSIFIERS_PREDICT: 0.000355958938599
SCALER_PCA_TRANSFORM: 7.9870223999e-05
CLASSIFIERS_PREDICT: 0.000354051589966
SCALER_PCA_TRANSFORM: 7.89165496826e-05
CLASSIFIERS_PREDICT: 0.000355005264282
SCALER_PCA_TRANSFORM: 7.9870223999e-05
CLASSIFIERS_PREDICT: 0.000370025634766
SCALER_PCA_TRANSFORM: 7.9870223999e-05
CLASSIFIERS_PREDICT: 0.000356912612915
SCALER_PCA_TRANSFORM: 7.89165496826e-05
CLASSIFIERS_PREDICT: 0.000359058380127
SCALER_PCA_TRANSFORM: 8.01086425781e-05
CLASSIFIERS_PREDICT: 0.000356912612915
SCALER_PCA_TRANSFORM: 8.70227813721e-05
CLASSIFIERS_PREDICT: 0.000356912612915
SCALER_PCA_TRANSFORM: 7.9870223999e-05
CLASSIFIERS_PREDICT: 0.000355958938599
SCALER_PCA_TRANSFORM: 8.01086425781e-05
CLASSIFIERS_PREDICT: 0.000354051589966
SCALER_PCA_TRANSFORM: 8.01086425781e-05
CLASSIFIERS_PREDICT: 0.000355005264282
SCALER_PCA_TRANSFORM: 8.79764556885e-05
CLASSIFIERS_PREDICT: 0.000357151031494
SCALER_PCA_TRANSFORM: 8.08238983154e-05
CLASSIFIERS_PREDICT: 0.000357151031494
SCALER_PCA_TRANSFORM: 8.01086425781e-05
CLASSIFIERS_PREDICT: 0.000354051589966
SCALER_PCA_TRANSFORM: 8.01086425781e-05
CLASSIFIERS_PREDICT: 0.000355005264282
SCALER_PCA_TRANSFORM: 7.89165496826e-05
CLASSIFIERS_PREDICT: 0.000355005264282
SCALER_PCA_TRANSFORM: 7.9870223999e-05
CLASSIFIERS_PREDICT: 0.000356912612915
SCALER_PCA_TRANSFORM: 7.9870223999e-05
CLASSIFIERS_PREDICT: 0.000358104705811
SCALER_PCA_TRANSFORM: 8.10623168945e-05
CLASSIFIERS_PREDICT: 0.000367879867554
SCALER_PCA_TRANSFORM: 8.10623168945e-05
CLASSIFIERS_PREDICT: 0.000356912612915
SCALER_PCA_TRANSFORM: 7.89165496826e-05
CLASSIFIERS_PREDICT: 0.000357151031494
SCALER_PCA_TRANSFORM: 7.89165496826e-05
CLASSIFIERS_PREDICT: 0.000355958938599
SCALER_PCA_TRANSFORM: 8.01086425781e-05
CLASSIFIERS_PREDICT: 0.000362873077393
SCALER_PCA_TRANSFORM: 8.01086425781e-05
CLASSIFIERS_PREDICT: 0.000355958938599
SCALER_PCA_TRANSFORM: 7.9870223999e-05
CLASSIFIERS_PREDICT: 0.000357151031494
SCALER_PCA_TRANSFORM: 8.01086425781e-05
CLASSIFIERS_PREDICT: 0.000355958938599
SCALER_PCA_TRANSFORM: 9.51290130615e-05
CLASSIFIERS_PREDICT: 0.000356912612915
SCALER_PCA_TRANSFORM: 7.89165496826e-05
CLASSIFIERS_PREDICT: 0.000357151031494
SCALER_PCA_TRANSFORM: 7.9870223999e-05
CLASSIFIERS_PREDICT: 0.000356197357178
SCALER_PCA_TRANSFORM: 7.89165496826e-05
CLASSIFIERS_PREDICT: 0.000359058380127
SCALER_PCA_TRANSFORM: 7.9870223999e-05
CLASSIFIERS_PREDICT: 0.000357866287231
SCALER_PCA_TRANSFORM: 8.01086425781e-05
CLASSIFIERS_PREDICT: 0.000358819961548
SCALER_PCA_TRANSFORM: 8.01086425781e-05
CLASSIFIERS_PREDICT: 0.000350952148438
SCALER_PCA_TRANSFORM: 8.01086425781e-05
CLASSIFIERS_PREDICT: 0.000355958938599
SCALER_PCA_TRANSFORM: 7.89165496826e-05
CLASSIFIERS_PREDICT: 0.000357151031494
SCALER_PCA_TRANSFORM: 7.89165496826e-05
CLASSIFIERS_PREDICT: 0.000355005264282
SCALER_PCA_TRANSFORM: 7.9870223999e-05
CLASSIFIERS_PREDICT: 0.000355958938599
SCALER_PCA_TRANSFORM: 8.08238983154e-05
CLASSIFIERS_PREDICT: 0.000368118286133
SCALER_PCA_TRANSFORM: 8.10623168945e-05
CLASSIFIERS_PREDICT: 0.000354051589966
SCALER_PCA_TRANSFORM: 7.89165496826e-05
CLASSIFIERS_PREDICT: 0.000357151031494
SCALER_PCA_TRANSFORM: 8.01086425781e-05
CLASSIFIERS_PREDICT: 0.000358819961548
SCALER_PCA_TRANSFORM: 7.91549682617e-05
CLASSIFIERS_PREDICT: 0.000357866287231
SCALER_PCA_TRANSFORM: 8.01086425781e-05
CLASSIFIERS_PREDICT: 0.000355958938599
SCALER_PCA_TRANSFORM: 7.89165496826e-05
CLASSIFIERS_PREDICT: 0.000356912612915
SCALER_PCA_TRANSFORM: 8.01086425781e-05
CLASSIFIERS_PREDICT: 0.000355958938599
SCALER_PCA_TRANSFORM: 8.01086425781e-05
CLASSIFIERS_PREDICT: 0.000355958938599
SCALER_PCA_TRANSFORM: 8.01086425781e-05
CLASSIFIERS_PREDICT: 0.000356912612915
SCALER_PCA_TRANSFORM: 8.01086425781e-05
CLASSIFIERS_PREDICT: 0.000355958938599
SCALER_PCA_TRANSFORM: 7.9870223999e-05
CLASSIFIERS_PREDICT: 0.000356197357178
SCALER_PCA_TRANSFORM: 8.01086425781e-05
CLASSIFIERS_PREDICT: 0.000355005264282
SCALER_PCA_TRANSFORM: 8.08238983154e-05
CLASSIFIERS_PREDICT: 0.000355005264282
SCALER_PCA_TRANSFORM: 8.10623168945e-05
CLASSIFIERS_PREDICT: 0.000358104705811
SCALER_PCA_TRANSFORM: 8.10623168945e-05
CLASSIFIERS_PREDICT: 0.000375986099243
SCALER_PCA_TRANSFORM: 7.9870223999e-05
CLASSIFIERS_PREDICT: 0.000355005264282
SCALER_PCA_TRANSFORM: 8.01086425781e-05
CLASSIFIERS_PREDICT: 0.000353813171387
SCALER_PCA_TRANSFORM: 7.9870223999e-05
CLASSIFIERS_PREDICT: 0.000355005264282
SCALER_PCA_TRANSFORM: 7.9870223999e-05
CLASSIFIERS_PREDICT: 0.00036096572876
SCALER_PCA_TRANSFORM: 7.89165496826e-05
CLASSIFIERS_PREDICT: 0.000355005264282
SCALER_PCA_TRANSFORM: 8.01086425781e-05
CLASSIFIERS_PREDICT: 0.000355005264282
SCALER_PCA_TRANSFORM: 8.01086425781e-05
CLASSIFIERS_PREDICT: 0.000354051589966
SCALER_PCA_TRANSFORM: 8.01086425781e-05
CLASSIFIERS_PREDICT: 0.000358104705811
SCALER_PCA_TRANSFORM: 7.9870223999e-05
CLASSIFIERS_PREDICT: 0.000355005264282
SCALER_PCA_TRANSFORM: 7.89165496826e-05
CLASSIFIERS_PREDICT: 0.000358104705811
SCALER_PCA_TRANSFORM: 7.89165496826e-05
CLASSIFIERS_PREDICT: 0.000356912612915
SCALER_PCA_TRANSFORM: 8.10623168945e-05
CLASSIFIERS_PREDICT: 0.000357866287231
SCALER_PCA_TRANSFORM: 7.89165496826e-05
CLASSIFIERS_PREDICT: 0.000354051589966
SCALER_PCA_TRANSFORM: 7.89165496826e-05
CLASSIFIERS_PREDICT: 0.000356912612915
SCALER_PCA_TRANSFORM: 7.89165496826e-05
CLASSIFIERS_PREDICT: 0.000354766845703
SCALER_PCA_TRANSFORM: 8.01086425781e-05
CLASSIFIERS_PREDICT: 0.000354051589966
SCALER_PCA_TRANSFORM: 7.89165496826e-05
CLASSIFIERS_PREDICT: 0.000356912612915
SCALER_PCA_TRANSFORM: 7.9870223999e-05
CLASSIFIERS_PREDICT: 0.000355958938599
SCALER_PCA_TRANSFORM: 8.01086425781e-05
CLASSIFIERS_PREDICT: 0.000370979309082
SCALER_PCA_TRANSFORM: 7.89165496826e-05
CLASSIFIERS_PREDICT: 0.000355958938599
SCALER_PCA_TRANSFORM: 8.01086425781e-05
CLASSIFIERS_PREDICT: 0.000355958938599
SCALER_PCA_TRANSFORM: 8.10623168945e-05
CLASSIFIERS_PREDICT: 0.000354051589966
SCALER_PCA_TRANSFORM: 9.3936920166e-05
CLASSIFIERS_PREDICT: 0.000357151031494
SCALER_PCA_TRANSFORM: 8.01086425781e-05
CLASSIFIERS_PREDICT: 0.000354051589966
SCALER_PCA_TRANSFORM: 8.01086425781e-05
CLASSIFIERS_PREDICT: 0.000351905822754
SCALER_PCA_TRANSFORM: 8.01086425781e-05
CLASSIFIERS_PREDICT: 0.000358104705811
SCALER_PCA_TRANSFORM: 8.01086425781e-05
CLASSIFIERS_PREDICT: 0.000355005264282
SCALER_PCA_TRANSFORM: 8.01086425781e-05
CLASSIFIERS_PREDICT: 0.000354051589966
SCALER_PCA_TRANSFORM: 7.89165496826e-05
CLASSIFIERS_PREDICT: 0.000358104705811
SCALER_PCA_TRANSFORM: 8.01086425781e-05
CLASSIFIERS_PREDICT: 0.000356912612915
SCALER_PCA_TRANSFORM: 7.89165496826e-05
CLASSIFIERS_PREDICT: 0.000359058380127
SCALER_PCA_TRANSFORM: 7.9870223999e-05
CLASSIFIERS_PREDICT: 0.000356197357178
SCALER_PCA_TRANSFORM: 7.9870223999e-05
CLASSIFIERS_PREDICT: 0.000360012054443
SCALER_PCA_TRANSFORM: 8.08238983154e-05
CLASSIFIERS_PREDICT: 0.000368118286133
SCALER_PCA_TRANSFORM: 7.89165496826e-05
CLASSIFIERS_PREDICT: 0.000355005264282
SCALER_PCA_TRANSFORM: 8.01086425781e-05
CLASSIFIERS_PREDICT: 0.000354051589966
SCALER_PCA_TRANSFORM: 8.01086425781e-05
CLASSIFIERS_PREDICT: 0.000353813171387
SCALER_PCA_TRANSFORM: 7.9870223999e-05
CLASSIFIERS_PREDICT: 0.000359058380127
SCALER_PCA_TRANSFORM: 8.10623168945e-05
CLASSIFIERS_PREDICT: 0.000358104705811
SCALER_PCA_TRANSFORM: 7.91549682617e-05
CLASSIFIERS_PREDICT: 0.000355005264282
SCALER_PCA_TRANSFORM: 7.9870223999e-05
CLASSIFIERS_PREDICT: 0.000354051589966
SCALER_PCA_TRANSFORM: 8.01086425781e-05
CLASSIFIERS_PREDICT: 0.000355958938599
SCALER_PCA_TRANSFORM: 7.89165496826e-05
CLASSIFIERS_PREDICT: 0.000357151031494
SCALER_PCA_TRANSFORM: 7.9870223999e-05
CLASSIFIERS_PREDICT: 0.000354051589966
SCALER_PCA_TRANSFORM: 7.91549682617e-05
CLASSIFIERS_PREDICT: 0.000355005264282
SCALER_PCA_TRANSFORM: 7.9870223999e-05
CLASSIFIERS_PREDICT: 0.000355005264282
SCALER_PCA_TRANSFORM: 7.91549682617e-05
CLASSIFIERS_PREDICT: 0.000353813171387
SCALER_PCA_TRANSFORM: 8.01086425781e-05
CLASSIFIERS_PREDICT: 0.000357866287231
SCALER_PCA_TRANSFORM: 7.89165496826e-05
CLASSIFIERS_PREDICT: 0.000375986099243
SCALER_PCA_TRANSFORM: 8.01086425781e-05
CLASSIFIERS_PREDICT: 0.000357866287231
SCALER_PCA_TRANSFORM: 8.01086425781e-05
CLASSIFIERS_PREDICT: 0.000353097915649
SCALER_PCA_TRANSFORM: 7.91549682617e-05
CLASSIFIERS_PREDICT: 0.000355005264282
SCALER_PCA_TRANSFORM: 8.01086425781e-05
CLASSIFIERS_PREDICT: 0.000364065170288
SCALER_PCA_TRANSFORM: 8.01086425781e-05
CLASSIFIERS_PREDICT: 0.000355958938599
SCALER_PCA_TRANSFORM: 7.89165496826e-05
CLASSIFIERS_PREDICT: 0.000354051589966
SCALER_PCA_TRANSFORM: 8.01086425781e-05
CLASSIFIERS_PREDICT: 0.000357866287231
SCALER_PCA_TRANSFORM: 8.08238983154e-05
CLASSIFIERS_PREDICT: 0.000357151031494
SCALER_PCA_TRANSFORM: 8.10623168945e-05
CLASSIFIERS_PREDICT: 0.000360012054443
SCALER_PCA_TRANSFORM: 7.9870223999e-05
CLASSIFIERS_PREDICT: 0.000355958938599
SCALER_PCA_TRANSFORM: 7.9870223999e-05
CLASSIFIERS_PREDICT: 0.000355005264282
SCALER_PCA_TRANSFORM: 8.01086425781e-05
CLASSIFIERS_PREDICT: 0.000355958938599
SCALER_PCA_TRANSFORM: 8.10623168945e-05
CLASSIFIERS_PREDICT: 0.000357866287231
SCALER_PCA_TRANSFORM: 7.9870223999e-05
CLASSIFIERS_PREDICT: 0.000355005264282
SCALER_PCA_TRANSFORM: 7.9870223999e-05
CLASSIFIERS_PREDICT: 0.000356197357178
SCALER_PCA_TRANSFORM: 7.9870223999e-05
CLASSIFIERS_PREDICT: 0.000355958938599
SCALER_PCA_TRANSFORM: 8.01086425781e-05
CLASSIFIERS_PREDICT: 0.000355005264282
SCALER_PCA_TRANSFORM: 7.9870223999e-05
CLASSIFIERS_PREDICT: 0.000358104705811
SCALER_PCA_TRANSFORM: 7.89165496826e-05
CLASSIFIERS_PREDICT: 0.000365018844604
SCALER_PCA_TRANSFORM: 7.91549682617e-05
CLASSIFIERS_PREDICT: 0.000355958938599
SCALER_PCA_TRANSFORM: 8.20159912109e-05
CLASSIFIERS_PREDICT: 0.000355958938599
SCALER_PCA_TRANSFORM: 7.89165496826e-05
CLASSIFIERS_PREDICT: 0.000358104705811
SCALER_PCA_TRANSFORM: 9.60826873779e-05
CLASSIFIERS_PREDICT: 0.000359058380127
SCALER_PCA_TRANSFORM: 7.9870223999e-05
CLASSIFIERS_PREDICT: 0.000355005264282
SCALER_PCA_TRANSFORM: 8.10623168945e-05
CLASSIFIERS_PREDICT: 0.000353813171387
SCALER_PCA_TRANSFORM: 8.01086425781e-05
CLASSIFIERS_PREDICT: 0.000357866287231
SCALER_PCA_TRANSFORM: 7.9870223999e-05
CLASSIFIERS_PREDICT: 0.000355958938599
SCALER_PCA_TRANSFORM: 7.89165496826e-05
CLASSIFIERS_PREDICT: 0.000355005264282
SCALER_PCA_TRANSFORM: 8.01086425781e-05
CLASSIFIERS_PREDICT: 0.000356912612915
SCALER_PCA_TRANSFORM: 7.9870223999e-05
CLASSIFIERS_PREDICT: 0.000355958938599
SCALER_PCA_TRANSFORM: 8.01086425781e-05
CLASSIFIERS_PREDICT: 0.000358104705811
SCALER_PCA_TRANSFORM: 7.9870223999e-05
CLASSIFIERS_PREDICT: 0.000355958938599
SCALER_PCA_TRANSFORM: 7.89165496826e-05
CLASSIFIERS_PREDICT: 0.000355005264282
SCALER_PCA_TRANSFORM: 7.9870223999e-05
CLASSIFIERS_PREDICT: 0.000373125076294
SCALER_PCA_TRANSFORM: 7.89165496826e-05
CLASSIFIERS_PREDICT: 0.000357151031494
SCALER_PCA_TRANSFORM: 8.01086425781e-05
CLASSIFIERS_PREDICT: 0.000355005264282
SCALER_PCA_TRANSFORM: 8.10623168945e-05
CLASSIFIERS_PREDICT: 0.000355005264282
SCALER_PCA_TRANSFORM: 8.01086425781e-05
CLASSIFIERS_PREDICT: 0.000377178192139
SCALER_PCA_TRANSFORM: 8.01086425781e-05
CLASSIFIERS_PREDICT: 0.000355958938599
SCALER_PCA_TRANSFORM: 7.89165496826e-05
CLASSIFIERS_PREDICT: 0.000359058380127
SCALER_PCA_TRANSFORM: 8.10623168945e-05
CLASSIFIERS_PREDICT: 0.000355005264282
SCALER_PCA_TRANSFORM: 8.08238983154e-05
CLASSIFIERS_PREDICT: 0.000357866287231
SCALER_PCA_TRANSFORM: 7.9870223999e-05
CLASSIFIERS_PREDICT: 0.000358104705811
SCALER_PCA_TRANSFORM: 7.89165496826e-05
CLASSIFIERS_PREDICT: 0.000356197357178
SCALER_PCA_TRANSFORM: 8.01086425781e-05
CLASSIFIERS_PREDICT: 0.000355005264282
SCALER_PCA_TRANSFORM: 7.89165496826e-05
CLASSIFIERS_PREDICT: 0.000356912612915
SCALER_PCA_TRANSFORM: 8.01086425781e-05
CLASSIFIERS_PREDICT: 0.000355005264282
SCALER_PCA_TRANSFORM: 8.01086425781e-05
CLASSIFIERS_PREDICT: 0.00035285949707
SCALER_PCA_TRANSFORM: 8.01086425781e-05
CLASSIFIERS_PREDICT: 0.000375986099243
SCALER_PCA_TRANSFORM: 7.9870223999e-05
CLASSIFIERS_PREDICT: 0.000354051589966
SCALER_PCA_TRANSFORM: 8.01086425781e-05
CLASSIFIERS_PREDICT: 0.000356912612915
SCALER_PCA_TRANSFORM: 7.89165496826e-05
CLASSIFIERS_PREDICT: 0.000355958938599
SCALER_PCA_TRANSFORM: 7.91549682617e-05
CLASSIFIERS_PREDICT: 0.00036096572876
SCALER_PCA_TRANSFORM: 7.89165496826e-05
CLASSIFIERS_PREDICT: 0.000355958938599
SCALER_PCA_TRANSFORM: 7.89165496826e-05
CLASSIFIERS_PREDICT: 0.000354051589966
SCALER_PCA_TRANSFORM: 8.20159912109e-05
CLASSIFIERS_PREDICT: 0.000353097915649
SCALER_PCA_TRANSFORM: 7.9870223999e-05
CLASSIFIERS_PREDICT: 0.000365972518921
SCALER_PCA_TRANSFORM: 7.9870223999e-05
CLASSIFIERS_PREDICT: 0.000355005264282
SCALER_PCA_TRANSFORM: 8.70227813721e-05
CLASSIFIERS_PREDICT: 0.000355005264282
SCALER_PCA_TRANSFORM: 8.01086425781e-05
CLASSIFIERS_PREDICT: 0.000353097915649
SCALER_PCA_TRANSFORM: 8.10623168945e-05
CLASSIFIERS_PREDICT: 0.000355005264282
SCALER_PCA_TRANSFORM: 8.01086425781e-05
CLASSIFIERS_PREDICT: 0.000355958938599
SCALER_PCA_TRANSFORM: 7.89165496826e-05
CLASSIFIERS_PREDICT: 0.00035285949707
SCALER_PCA_TRANSFORM: 7.89165496826e-05
CLASSIFIERS_PREDICT: 0.000355005264282
SCALER_PCA_TRANSFORM: 7.9870223999e-05
CLASSIFIERS_PREDICT: 0.000355005264282
SCALER_PCA_TRANSFORM: 8.01086425781e-05
CLASSIFIERS_PREDICT: 0.000358104705811
SCALER_PCA_TRANSFORM: 8.01086425781e-05
CLASSIFIERS_PREDICT: 0.000355958938599
SCALER_PCA_TRANSFORM: 8.01086425781e-05
CLASSIFIERS_PREDICT: 0.000366926193237
SCALER_PCA_TRANSFORM: 7.9870223999e-05
CLASSIFIERS_PREDICT: 0.000355958938599
SCALER_PCA_TRANSFORM: 7.89165496826e-05
CLASSIFIERS_PREDICT: 0.000356912612915
SCALER_PCA_TRANSFORM: 7.89165496826e-05
CLASSIFIERS_PREDICT: 0.000358104705811
SCALER_PCA_TRANSFORM: 8.01086425781e-05
CLASSIFIERS_PREDICT: 0.000356912612915
SCALER_PCA_TRANSFORM: 8.01086425781e-05
CLASSIFIERS_PREDICT: 0.000357866287231
SCALER_PCA_TRANSFORM: 7.91549682617e-05
CLASSIFIERS_PREDICT: 0.000355005264282
SCALER_PCA_TRANSFORM: 8.10623168945e-05
CLASSIFIERS_PREDICT: 0.000355005264282
SCALER_PCA_TRANSFORM: 7.9870223999e-05
CLASSIFIERS_PREDICT: 0.000356912612915
SCALER_PCA_TRANSFORM: 8.10623168945e-05
CLASSIFIERS_PREDICT: 0.000354051589966
SCALER_PCA_TRANSFORM: 7.9870223999e-05
CLASSIFIERS_PREDICT: 0.000355005264282
SCALER_PCA_TRANSFORM: 7.89165496826e-05
CLASSIFIERS_PREDICT: 0.000357151031494
SCALER_PCA_TRANSFORM: 7.91549682617e-05
CLASSIFIERS_PREDICT: 0.000354051589966
SCALER_PCA_TRANSFORM: 7.89165496826e-05
CLASSIFIERS_PREDICT: 0.000358104705811
SCALER_PCA_TRANSFORM: 7.9870223999e-05
CLASSIFIERS_PREDICT: 0.000355005264282
SCALER_PCA_TRANSFORM: 7.9870223999e-05
CLASSIFIERS_PREDICT: 0.000373125076294
SCALER_PCA_TRANSFORM: 7.89165496826e-05
CLASSIFIERS_PREDICT: 0.000357151031494
SCALER_PCA_TRANSFORM: 7.91549682617e-05
CLASSIFIERS_PREDICT: 0.000354051589966
SCALER_PCA_TRANSFORM: 7.89165496826e-05
CLASSIFIERS_PREDICT: 0.000355005264282
SCALER_PCA_TRANSFORM: 8.10623168945e-05
CLASSIFIERS_PREDICT: 0.000354051589966
SCALER_PCA_TRANSFORM: 8.01086425781e-05
CLASSIFIERS_PREDICT: 0.000355958938599
SCALER_PCA_TRANSFORM: 8.01086425781e-05
CLASSIFIERS_PREDICT: 0.000355958938599
SCALER_PCA_TRANSFORM: 8.01086425781e-05
CLASSIFIERS_PREDICT: 0.000358104705811
SCALER_PCA_TRANSFORM: 7.9870223999e-05
CLASSIFIERS_PREDICT: 0.000355958938599
SCALER_PCA_TRANSFORM: 7.89165496826e-05
CLASSIFIERS_PREDICT: 0.000357151031494
SCALER_PCA_TRANSFORM: 7.91549682617e-05
CLASSIFIERS_PREDICT: 0.000354051589966
SCALER_PCA_TRANSFORM: 7.91549682617e-05
CLASSIFIERS_PREDICT: 0.000356912612915
SCALER_PCA_TRANSFORM: 8.10623168945e-05
CLASSIFIERS_PREDICT: 0.000355958938599
SCALER_PCA_TRANSFORM: 7.91549682617e-05
CLASSIFIERS_PREDICT: 0.000357866287231
SCALER_PCA_TRANSFORM: 7.89165496826e-05
CLASSIFIERS_PREDICT: 0.000355005264282
SCALER_PCA_TRANSFORM: 7.91549682617e-05
CLASSIFIERS_PREDICT: 0.000365972518921
SCALER_PCA_TRANSFORM: 7.9870223999e-05
CLASSIFIERS_PREDICT: 0.000355005264282
SCALER_PCA_TRANSFORM: 7.9870223999e-05
CLASSIFIERS_PREDICT: 0.000353097915649
SCALER_PCA_TRANSFORM: 8.01086425781e-05
CLASSIFIERS_PREDICT: 0.000355005264282
SCALER_PCA_TRANSFORM: 8.98838043213e-05
CLASSIFIERS_PREDICT: 0.000355005264282
SCALER_PCA_TRANSFORM: 7.91549682617e-05
CLASSIFIERS_PREDICT: 0.000359773635864
SCALER_PCA_TRANSFORM: 8.01086425781e-05
CLASSIFIERS_PREDICT: 0.000355958938599
SCALER_PCA_TRANSFORM: 7.9870223999e-05
CLASSIFIERS_PREDICT: 0.000353097915649
SCALER_PCA_TRANSFORM: 8.01086425781e-05
CLASSIFIERS_PREDICT: 0.000355005264282
SCALER_PCA_TRANSFORM: 7.9870223999e-05
CLASSIFIERS_PREDICT: 0.000355005264282
SCALER_PCA_TRANSFORM: 8.01086425781e-05
CLASSIFIERS_PREDICT: 0.000353097915649
SCALER_PCA_TRANSFORM: 7.91549682617e-05
CLASSIFIERS_PREDICT: 0.000355005264282
SCALER_PCA_TRANSFORM: 7.89165496826e-05
CLASSIFIERS_PREDICT: 0.00036096572876
SCALER_PCA_TRANSFORM: 7.9870223999e-05
CLASSIFIERS_PREDICT: 0.000355005264282
SCALER_PCA_TRANSFORM: 7.91549682617e-05
CLASSIFIERS_PREDICT: 0.000354051589966
SCALER_PCA_TRANSFORM: 7.89165496826e-05
CLASSIFIERS_PREDICT: 0.00037407875061
SCALER_PCA_TRANSFORM: 7.9870223999e-05
CLASSIFIERS_PREDICT: 0.000358104705811
SCALER_PCA_TRANSFORM: 8.01086425781e-05
CLASSIFIERS_PREDICT: 0.000355958938599
SCALER_PCA_TRANSFORM: 7.9870223999e-05
CLASSIFIERS_PREDICT: 0.000359058380127
SCALER_PCA_TRANSFORM: 7.9870223999e-05
CLASSIFIERS_PREDICT: 0.000370979309082
SCALER_PCA_TRANSFORM: 8.01086425781e-05
CLASSIFIERS_PREDICT: 0.000355005264282
SCALER_PCA_TRANSFORM: 7.89165496826e-05
CLASSIFIERS_PREDICT: 0.000357151031494
SCALER_PCA_TRANSFORM: 7.91549682617e-05
CLASSIFIERS_PREDICT: 0.000353813171387
SCALER_PCA_TRANSFORM: 8.10623168945e-05
CLASSIFIERS_PREDICT: 0.000355958938599
SCALER_PCA_TRANSFORM: 8.01086425781e-05
CLASSIFIERS_PREDICT: 0.00035285949707
SCALER_PCA_TRANSFORM: 8.01086425781e-05
CLASSIFIERS_PREDICT: 0.000351905822754
SCALER_PCA_TRANSFORM: 7.89165496826e-05
CLASSIFIERS_PREDICT: 0.000352144241333
SCALER_PCA_TRANSFORM: 7.9870223999e-05
CLASSIFIERS_PREDICT: 0.000357151031494
SCALER_PCA_TRANSFORM: 7.9870223999e-05
CLASSIFIERS_PREDICT: 0.000355005264282
SCALER_PCA_TRANSFORM: 8.01086425781e-05
CLASSIFIERS_PREDICT: 0.00035285949707
SCALER_PCA_TRANSFORM: 7.91549682617e-05
CLASSIFIERS_PREDICT: 0.000353813171387
SCALER_PCA_TRANSFORM: 7.9870223999e-05
CLASSIFIERS_PREDICT: 0.00035285949707
SCALER_PCA_TRANSFORM: 7.9870223999e-05
CLASSIFIERS_PREDICT: 0.000350952148438
SCALER_PCA_TRANSFORM: 7.9870223999e-05
CLASSIFIERS_PREDICT: 0.000353097915649
SCALER_PCA_TRANSFORM: 7.91549682617e-05
CLASSIFIERS_PREDICT: 0.000365018844604
SCALER_PCA_TRANSFORM: 8.01086425781e-05
CLASSIFIERS_PREDICT: 0.000351905822754
SCALER_PCA_TRANSFORM: 8.01086425781e-05
CLASSIFIERS_PREDICT: 0.000353813171387
SCALER_PCA_TRANSFORM: 7.9870223999e-05
CLASSIFIERS_PREDICT: 0.000353097915649
SCALER_PCA_TRANSFORM: 8.89301300049e-05
CLASSIFIERS_PREDICT: 0.000354051589966
SCALER_PCA_TRANSFORM: 7.91549682617e-05
CLASSIFIERS_PREDICT: 0.000354051589966
SCALER_PCA_TRANSFORM: 8.01086425781e-05
CLASSIFIERS_PREDICT: 0.000354051589966
SCALER_PCA_TRANSFORM: 7.9870223999e-05
CLASSIFIERS_PREDICT: 0.000351905822754
SCALER_PCA_TRANSFORM: 9.79900360107e-05
CLASSIFIERS_PREDICT: 0.000354051589966
SCALER_PCA_TRANSFORM: 8.01086425781e-05
CLASSIFIERS_PREDICT: 0.000355005264282
SCALER_PCA_TRANSFORM: 7.89165496826e-05
CLASSIFIERS_PREDICT: 0.000354051589966
SCALER_PCA_TRANSFORM: 8.01086425781e-05
CLASSIFIERS_PREDICT: 0.000356912612915
SCALER_PCA_TRANSFORM: 7.79628753662e-05
CLASSIFIERS_PREDICT: 0.000354051589966
SCALER_PCA_TRANSFORM: 8.08238983154e-05
CLASSIFIERS_PREDICT: 0.000355005264282
SCALER_PCA_TRANSFORM: 7.89165496826e-05
CLASSIFIERS_PREDICT: 0.000353097915649
SCALER_PCA_TRANSFORM: 8.01086425781e-05
CLASSIFIERS_PREDICT: 0.000392913818359
SCALER_PCA_TRANSFORM: 7.9870223999e-05
CLASSIFIERS_PREDICT: 0.000354051589966
SCALER_PCA_TRANSFORM: 7.89165496826e-05
CLASSIFIERS_PREDICT: 0.000354051589966
SCALER_PCA_TRANSFORM: 7.9870223999e-05
CLASSIFIERS_PREDICT: 0.000353097915649
SCALER_PCA_TRANSFORM: 0.000120162963867
CLASSIFIERS_PREDICT: 0.000380992889404
SCALER_PCA_TRANSFORM: 7.89165496826e-05
CLASSIFIERS_PREDICT: 0.000353097915649
SCALER_PCA_TRANSFORM: 7.91549682617e-05
CLASSIFIERS_PREDICT: 0.000355005264282
SCALER_PCA_TRANSFORM: 7.89165496826e-05
CLASSIFIERS_PREDICT: 0.000351905822754
SCALER_PCA_TRANSFORM: 9.89437103271e-05
CLASSIFIERS_PREDICT: 0.000358819961548
SCALER_PCA_TRANSFORM: 8.01086425781e-05
CLASSIFIERS_PREDICT: 0.000355958938599
SCALER_PCA_TRANSFORM: 8.01086425781e-05
CLASSIFIERS_PREDICT: 0.000353097915649
SCALER_PCA_TRANSFORM: 7.91549682617e-05
CLASSIFIERS_PREDICT: 0.000354051589966
SCALER_PCA_TRANSFORM: 8.08238983154e-05
CLASSIFIERS_PREDICT: 0.000357866287231
SCALER_PCA_TRANSFORM: 7.9870223999e-05
CLASSIFIERS_PREDICT: 0.000353097915649
SCALER_PCA_TRANSFORM: 8.08238983154e-05
CLASSIFIERS_PREDICT: 0.00035285949707
SCALER_PCA_TRANSFORM: 7.79628753662e-05
CLASSIFIERS_PREDICT: 0.000399827957153
SCALER_PCA_TRANSFORM: 7.9870223999e-05
CLASSIFIERS_PREDICT: 0.000354051589966
SCALER_PCA_TRANSFORM: 7.89165496826e-05
CLASSIFIERS_PREDICT: 0.000354051589966
SCALER_PCA_TRANSFORM: 8.01086425781e-05
CLASSIFIERS_PREDICT: 0.000351905822754
SCALER_PCA_TRANSFORM: 8.10623168945e-05
CLASSIFIERS_PREDICT: 0.000354051589966
SCALER_PCA_TRANSFORM: 8.08238983154e-05
CLASSIFIERS_PREDICT: 0.000354051589966
SCALER_PCA_TRANSFORM: 7.89165496826e-05
CLASSIFIERS_PREDICT: 0.000355958938599
SCALER_PCA_TRANSFORM: 8.01086425781e-05
CLASSIFIERS_PREDICT: 0.000355958938599
SCALER_PCA_TRANSFORM: 7.9870223999e-05
CLASSIFIERS_PREDICT: 0.000355005264282
SCALER_PCA_TRANSFORM: 8.10623168945e-05
CLASSIFIERS_PREDICT: 0.000355005264282
SCALER_PCA_TRANSFORM: 7.89165496826e-05
CLASSIFIERS_PREDICT: 0.000353097915649
SCALER_PCA_TRANSFORM: 8.08238983154e-05
CLASSIFIERS_PREDICT: 0.000356197357178
SCALER_PCA_TRANSFORM: 7.9870223999e-05
CLASSIFIERS_PREDICT: 0.000355005264282
SCALER_PCA_TRANSFORM: 7.91549682617e-05
CLASSIFIERS_PREDICT: 0.000355005264282
SCALER_PCA_TRANSFORM: 8.01086425781e-05
CLASSIFIERS_PREDICT: 0.000353813171387
SCALER_PCA_TRANSFORM: 8.10623168945e-05
CLASSIFIERS_PREDICT: 0.000365972518921
SCALER_PCA_TRANSFORM: 7.89165496826e-05
CLASSIFIERS_PREDICT: 0.000359058380127
SCALER_PCA_TRANSFORM: 8.10623168945e-05
CLASSIFIERS_PREDICT: 0.00035285949707
SCALER_PCA_TRANSFORM: 7.9870223999e-05
CLASSIFIERS_PREDICT: 0.000353097915649
SCALER_PCA_TRANSFORM: 8.01086425781e-05
CLASSIFIERS_PREDICT: 0.000359058380127
SCALER_PCA_TRANSFORM: 7.9870223999e-05
CLASSIFIERS_PREDICT: 0.000358104705811
SCALER_PCA_TRANSFORM: 7.9870223999e-05
CLASSIFIERS_PREDICT: 0.000354051589966
SCALER_PCA_TRANSFORM: 7.89165496826e-05
CLASSIFIERS_PREDICT: 0.000355005264282
SCALER_PCA_TRANSFORM: 8.08238983154e-05
CLASSIFIERS_PREDICT: 0.000355005264282
SCALER_PCA_TRANSFORM: 8.10623168945e-05
CLASSIFIERS_PREDICT: 0.000350952148438
SCALER_PCA_TRANSFORM: 7.9870223999e-05
CLASSIFIERS_PREDICT: 0.000357151031494
SCALER_PCA_TRANSFORM: 7.9870223999e-05
CLASSIFIERS_PREDICT: 0.000357151031494
SCALER_PCA_TRANSFORM: 8.01086425781e-05
CLASSIFIERS_PREDICT: 0.000353813171387
SCALER_PCA_TRANSFORM: 8.01086425781e-05
CLASSIFIERS_PREDICT: 0.000355005264282
SCALER_PCA_TRANSFORM: 8.01086425781e-05
CLASSIFIERS_PREDICT: 0.000355958938599
SCALER_PCA_TRANSFORM: 7.89165496826e-05
CLASSIFIERS_PREDICT: 0.000353097915649
SCALER_PCA_TRANSFORM: 7.91549682617e-05
CLASSIFIERS_PREDICT: 0.000355958938599
SCALER_PCA_TRANSFORM: 7.91549682617e-05
CLASSIFIERS_PREDICT: 0.000353097915649
SCALER_PCA_TRANSFORM: 8.10623168945e-05
CLASSIFIERS_PREDICT: 0.00035285949707
SCALER_PCA_TRANSFORM: 8.01086425781e-05
CLASSIFIERS_PREDICT: 0.000408887863159
SCALER_PCA_TRANSFORM: 8.01086425781e-05
CLASSIFIERS_PREDICT: 0.000355958938599
SCALER_PCA_TRANSFORM: 7.89165496826e-05
CLASSIFIERS_PREDICT: 0.000349998474121
SCALER_PCA_TRANSFORM: 7.9870223999e-05
CLASSIFIERS_PREDICT: 0.000359058380127
SCALER_PCA_TRANSFORM: 8.10623168945e-05
CLASSIFIERS_PREDICT: 0.000354051589966
SCALER_PCA_TRANSFORM: 8.01086425781e-05
CLASSIFIERS_PREDICT: 0.000355005264282
SCALER_PCA_TRANSFORM: 8.01086425781e-05
CLASSIFIERS_PREDICT: 0.000353813171387
SCALER_PCA_TRANSFORM: 8.01086425781e-05
CLASSIFIERS_PREDICT: 0.000351905822754
SCALER_PCA_TRANSFORM: 7.89165496826e-05
CLASSIFIERS_PREDICT: 0.000351905822754
SCALER_PCA_TRANSFORM: 8.01086425781e-05
CLASSIFIERS_PREDICT: 0.00035285949707
SCALER_PCA_TRANSFORM: 7.91549682617e-05
CLASSIFIERS_PREDICT: 0.000351905822754
SCALER_PCA_TRANSFORM: 8.10623168945e-05
CLASSIFIERS_PREDICT: 0.000353813171387
SCALER_PCA_TRANSFORM: 7.89165496826e-05
CLASSIFIERS_PREDICT: 0.000351905822754
SCALER_PCA_TRANSFORM: 7.9870223999e-05
CLASSIFIERS_PREDICT: 0.000353813171387
SCALER_PCA_TRANSFORM: 7.82012939453e-05
CLASSIFIERS_PREDICT: 0.00035285949707
SCALER_PCA_TRANSFORM: 8.79764556885e-05
CLASSIFIERS_PREDICT: 0.000363826751709
SCALER_PCA_TRANSFORM: 7.89165496826e-05
CLASSIFIERS_PREDICT: 0.000355005264282
SCALER_PCA_TRANSFORM: 8.01086425781e-05
CLASSIFIERS_PREDICT: 0.00035285949707
SCALER_PCA_TRANSFORM: 7.9870223999e-05
CLASSIFIERS_PREDICT: 0.000354051589966
SCALER_PCA_TRANSFORM: 9.91821289062e-05
CLASSIFIERS_PREDICT: 0.000355005264282
SCALER_PCA_TRANSFORM: 8.01086425781e-05
CLASSIFIERS_PREDICT: 0.000351905822754
SCALER_PCA_TRANSFORM: 7.9870223999e-05
CLASSIFIERS_PREDICT: 0.000355005264282
SCALER_PCA_TRANSFORM: 8.01086425781e-05
CLASSIFIERS_PREDICT: 0.000354051589966
SCALER_PCA_TRANSFORM: 8.10623168945e-05
CLASSIFIERS_PREDICT: 0.000354051589966
SCALER_PCA_TRANSFORM: 7.9870223999e-05
CLASSIFIERS_PREDICT: 0.000352144241333
SCALER_PCA_TRANSFORM: 8.10623168945e-05
CLASSIFIERS_PREDICT: 0.00035285949707
SCALER_PCA_TRANSFORM: 7.91549682617e-05
CLASSIFIERS_PREDICT: 0.000351905822754
SCALER_PCA_TRANSFORM: 7.9870223999e-05
CLASSIFIERS_PREDICT: 0.000354051589966
SCALER_PCA_TRANSFORM: 8.01086425781e-05
CLASSIFIERS_PREDICT: 0.000355958938599
SCALER_PCA_TRANSFORM: 8.08238983154e-05
CLASSIFIERS_PREDICT: 0.000357151031494
SCALER_PCA_TRANSFORM: 7.9870223999e-05
CLASSIFIERS_PREDICT: 0.000377178192139
SCALER_PCA_TRANSFORM: 7.89165496826e-05
CLASSIFIERS_PREDICT: 0.000355005264282
SCALER_PCA_TRANSFORM: 7.89165496826e-05
CLASSIFIERS_PREDICT: 0.000353097915649
SCALER_PCA_TRANSFORM: 8.10623168945e-05
CLASSIFIERS_PREDICT: 0.000353813171387
SCALER_PCA_TRANSFORM: 7.89165496826e-05
CLASSIFIERS_PREDICT: 0.000357151031494
SCALER_PCA_TRANSFORM: 8.01086425781e-05
CLASSIFIERS_PREDICT: 0.00035285949707
SCALER_PCA_TRANSFORM: 7.91549682617e-05
CLASSIFIERS_PREDICT: 0.000358819961548
SCALER_PCA_TRANSFORM: 8.01086425781e-05
CLASSIFIERS_PREDICT: 0.000355005264282
SCALER_PCA_TRANSFORM: 8.10623168945e-05
CLASSIFIERS_PREDICT: 0.000350952148438
SCALER_PCA_TRANSFORM: 8.01086425781e-05
CLASSIFIERS_PREDICT: 0.000351905822754
SCALER_PCA_TRANSFORM: 7.9870223999e-05
CLASSIFIERS_PREDICT: 0.000354051589966
SCALER_PCA_TRANSFORM: 8.01086425781e-05
CLASSIFIERS_PREDICT: 0.000355005264282
SCALER_PCA_TRANSFORM: 7.89165496826e-05
CLASSIFIERS_PREDICT: 0.000353097915649
SCALER_PCA_TRANSFORM: 8.10623168945e-05
CLASSIFIERS_PREDICT: 0.000357151031494
SCALER_PCA_TRANSFORM: 7.91549682617e-05
CLASSIFIERS_PREDICT: 0.000354051589966
SCALER_PCA_TRANSFORM: 8.01086425781e-05
CLASSIFIERS_PREDICT: 0.000353097915649
SCALER_PCA_TRANSFORM: 7.89165496826e-05
CLASSIFIERS_PREDICT: 0.000353097915649
SCALER_PCA_TRANSFORM: 8.10623168945e-05
CLASSIFIERS_PREDICT: 0.000353097915649
SCALER_PCA_TRANSFORM: 7.89165496826e-05
CLASSIFIERS_PREDICT: 0.000354051589966
SCALER_PCA_TRANSFORM: 7.9870223999e-05
CLASSIFIERS_PREDICT: 0.000361919403076
SCALER_PCA_TRANSFORM: 8.01086425781e-05
CLASSIFIERS_PREDICT: 0.000355005264282
SCALER_PCA_TRANSFORM: 8.01086425781e-05
CLASSIFIERS_PREDICT: 0.000354051589966
SCALER_PCA_TRANSFORM: 7.9870223999e-05
CLASSIFIERS_PREDICT: 0.000355005264282
SCALER_PCA_TRANSFORM: 8.29696655273e-05
CLASSIFIERS_PREDICT: 0.000354051589966
SCALER_PCA_TRANSFORM: 8.01086425781e-05
CLASSIFIERS_PREDICT: 0.000356912612915
SCALER_PCA_TRANSFORM: 8.01086425781e-05
CLASSIFIERS_PREDICT: 0.000355005264282
SCALER_PCA_TRANSFORM: 8.01086425781e-05
CLASSIFIERS_PREDICT: 0.000354051589966
SCALER_PCA_TRANSFORM: 9.70363616943e-05
CLASSIFIERS_PREDICT: 0.000353097915649
SCALER_PCA_TRANSFORM: 7.89165496826e-05
CLASSIFIERS_PREDICT: 0.000353097915649
SCALER_PCA_TRANSFORM: 8.10623168945e-05
CLASSIFIERS_PREDICT: 0.000355958938599
SCALER_PCA_TRANSFORM: 7.9870223999e-05
CLASSIFIERS_PREDICT: 0.000357151031494
SCALER_PCA_TRANSFORM: 7.91549682617e-05
CLASSIFIERS_PREDICT: 0.000354051589966
SCALER_PCA_TRANSFORM: 7.89165496826e-05
CLASSIFIERS_PREDICT: 0.000353097915649
SCALER_PCA_TRANSFORM: 7.91549682617e-05
CLASSIFIERS_PREDICT: 0.000351905822754
SCALER_PCA_TRANSFORM: 7.9870223999e-05
CLASSIFIERS_PREDICT: 0.000367164611816
SCALER_PCA_TRANSFORM: 7.91549682617e-05
CLASSIFIERS_PREDICT: 0.000357866287231
SCALER_PCA_TRANSFORM: 7.89165496826e-05
CLASSIFIERS_PREDICT: 0.000351905822754
SCALER_PCA_TRANSFORM: 7.9870223999e-05
CLASSIFIERS_PREDICT: 0.000353813171387
SCALER_PCA_TRANSFORM: 9.48905944824e-05
CLASSIFIERS_PREDICT: 0.000355958938599
SCALER_PCA_TRANSFORM: 8.17775726318e-05
CLASSIFIERS_PREDICT: 0.000354051589966
SCALER_PCA_TRANSFORM: 8.20159912109e-05
CLASSIFIERS_PREDICT: 0.000365018844604
SCALER_PCA_TRANSFORM: 8.08238983154e-05
CLASSIFIERS_PREDICT: 0.000359058380127
SCALER_PCA_TRANSFORM: 7.9870223999e-05
CLASSIFIERS_PREDICT: 0.000355005264282
SCALER_PCA_TRANSFORM: 8.08238983154e-05
CLASSIFIERS_PREDICT: 0.00035285949707
SCALER_PCA_TRANSFORM: 8.01086425781e-05
CLASSIFIERS_PREDICT: 0.000355005264282
SCALER_PCA_TRANSFORM: 8.01086425781e-05
CLASSIFIERS_PREDICT: 0.000355005264282
SCALER_PCA_TRANSFORM: 7.89165496826e-05
CLASSIFIERS_PREDICT: 0.000353813171387
SCALER_PCA_TRANSFORM: 8.20159912109e-05
CLASSIFIERS_PREDICT: 0.000350952148438
SCALER_PCA_TRANSFORM: 8.20159912109e-05
CLASSIFIERS_PREDICT: 0.00035285949707
SCALER_PCA_TRANSFORM: 8.10623168945e-05
CLASSIFIERS_PREDICT: 0.000355005264282
SCALER_PCA_TRANSFORM: 8.10623168945e-05
CLASSIFIERS_PREDICT: 0.000354051589966
SCALER_PCA_TRANSFORM: 7.89165496826e-05
CLASSIFIERS_PREDICT: 0.000355005264282
SCALER_PCA_TRANSFORM: 8.10623168945e-05
CLASSIFIERS_PREDICT: 0.000354051589966
SCALER_PCA_TRANSFORM: 7.91549682617e-05
CLASSIFIERS_PREDICT: 0.000351905822754
SCALER_PCA_TRANSFORM: 7.91549682617e-05
CLASSIFIERS_PREDICT: 0.000355005264282
SCALER_PCA_TRANSFORM: 7.89165496826e-05
CLASSIFIERS_PREDICT: 0.000366926193237
SCALER_PCA_TRANSFORM: 8.10623168945e-05
CLASSIFIERS_PREDICT: 0.000354051589966
SCALER_PCA_TRANSFORM: 8.10623168945e-05
CLASSIFIERS_PREDICT: 0.000355005264282
SCALER_PCA_TRANSFORM: 7.91549682617e-05
CLASSIFIERS_PREDICT: 0.000351905822754
SCALER_PCA_TRANSFORM: 7.91549682617e-05
CLASSIFIERS_PREDICT: 0.000355005264282
SCALER_PCA_TRANSFORM: 8.01086425781e-05
CLASSIFIERS_PREDICT: 0.000355958938599
SCALER_PCA_TRANSFORM: 8.01086425781e-05
CLASSIFIERS_PREDICT: 0.000351905822754
SCALER_PCA_TRANSFORM: 8.08238983154e-05
CLASSIFIERS_PREDICT: 0.000355005264282
SCALER_PCA_TRANSFORM: 7.9870223999e-05
CLASSIFIERS_PREDICT: 0.000356197357178
SCALER_PCA_TRANSFORM: 8.10623168945e-05
CLASSIFIERS_PREDICT: 0.000355958938599
SCALER_PCA_TRANSFORM: 7.89165496826e-05
CLASSIFIERS_PREDICT: 0.000356197357178
SCALER_PCA_TRANSFORM: 8.01086425781e-05
CLASSIFIERS_PREDICT: 0.000355005264282
SCALER_PCA_TRANSFORM: 8.20159912109e-05
CLASSIFIERS_PREDICT: 0.000354051589966
SCALER_PCA_TRANSFORM: 7.9870223999e-05
CLASSIFIERS_PREDICT: 0.000354051589966
SCALER_PCA_TRANSFORM: 8.01086425781e-05
CLASSIFIERS_PREDICT: 0.00035285949707
SCALER_PCA_TRANSFORM: 8.17775726318e-05
CLASSIFIERS_PREDICT: 0.0003981590271
SCALER_PCA_TRANSFORM: 7.9870223999e-05
CLASSIFIERS_PREDICT: 0.000350952148438
SCALER_PCA_TRANSFORM: 7.91549682617e-05
CLASSIFIERS_PREDICT: 0.000355005264282
SCALER_PCA_TRANSFORM: 8.01086425781e-05
CLASSIFIERS_PREDICT: 0.000355958938599
SCALER_PCA_TRANSFORM: 8.10623168945e-05
CLASSIFIERS_PREDICT: 0.000362157821655
SCALER_PCA_TRANSFORM: 8.08238983154e-05
CLASSIFIERS_PREDICT: 0.000353097915649
SCALER_PCA_TRANSFORM: 8.60691070557e-05
CLASSIFIERS_PREDICT: 0.000355958938599
SCALER_PCA_TRANSFORM: 8.08238983154e-05
CLASSIFIERS_PREDICT: 0.000349044799805
SCALER_PCA_TRANSFORM: 7.89165496826e-05
CLASSIFIERS_PREDICT: 0.000357866287231
SCALER_PCA_TRANSFORM: 8.20159912109e-05
CLASSIFIERS_PREDICT: 0.000353813171387
SCALER_PCA_TRANSFORM: 7.9870223999e-05
CLASSIFIERS_PREDICT: 0.000353813171387
SCALER_PCA_TRANSFORM: 8.10623168945e-05
CLASSIFIERS_PREDICT: 0.000354051589966
SCALER_PCA_TRANSFORM: 7.89165496826e-05
CLASSIFIERS_PREDICT: 0.000355005264282
SCALER_PCA_TRANSFORM: 7.89165496826e-05
CLASSIFIERS_PREDICT: 0.000350952148438
SCALER_PCA_TRANSFORM: 7.9870223999e-05
CLASSIFIERS_PREDICT: 0.000354051589966
SCALER_PCA_TRANSFORM: 7.9870223999e-05
CLASSIFIERS_PREDICT: 0.000353097915649
SCALER_PCA_TRANSFORM: 7.91549682617e-05
CLASSIFIERS_PREDICT: 0.000353097915649
SCALER_PCA_TRANSFORM: 8.08238983154e-05
CLASSIFIERS_PREDICT: 0.000353097915649
SCALER_PCA_TRANSFORM: 7.9870223999e-05
CLASSIFIERS_PREDICT: 0.000354051589966
SCALER_PCA_TRANSFORM: 8.10623168945e-05
CLASSIFIERS_PREDICT: 0.000380992889404
SCALER_PCA_TRANSFORM: 7.9870223999e-05
CLASSIFIERS_PREDICT: 0.000353097915649
SCALER_PCA_TRANSFORM: 8.01086425781e-05
CLASSIFIERS_PREDICT: 0.000354051589966
SCALER_PCA_TRANSFORM: 7.9870223999e-05
CLASSIFIERS_PREDICT: 0.000355005264282
SCALER_PCA_TRANSFORM: 9.10758972168e-05
CLASSIFIERS_PREDICT: 0.000355005264282
SCALER_PCA_TRANSFORM: 7.89165496826e-05
CLASSIFIERS_PREDICT: 0.000353813171387
SCALER_PCA_TRANSFORM: 8.01086425781e-05
CLASSIFIERS_PREDICT: 0.00035285949707
SCALER_PCA_TRANSFORM: 7.9870223999e-05
CLASSIFIERS_PREDICT: 0.000354051589966
SCALER_PCA_TRANSFORM: 8.10623168945e-05
CLASSIFIERS_PREDICT: 0.00035285949707
SCALER_PCA_TRANSFORM: 7.9870223999e-05
CLASSIFIERS_PREDICT: 0.000352144241333
SCALER_PCA_TRANSFORM: 7.9870223999e-05
CLASSIFIERS_PREDICT: 0.000356197357178
SCALER_PCA_TRANSFORM: 8.01086425781e-05
CLASSIFIERS_PREDICT: 0.000355005264282
SCALER_PCA_TRANSFORM: 7.9870223999e-05
CLASSIFIERS_PREDICT: 0.000352144241333
SCALER_PCA_TRANSFORM: 7.91549682617e-05
CLASSIFIERS_PREDICT: 0.000358819961548
SCALER_PCA_TRANSFORM: 7.9870223999e-05
CLASSIFIERS_PREDICT: 0.000352144241333
SCALER_PCA_TRANSFORM: 8.01086425781e-05
CLASSIFIERS_PREDICT: 0.000364065170288
SCALER_PCA_TRANSFORM: 7.9870223999e-05
CLASSIFIERS_PREDICT: 0.000355005264282
SCALER_PCA_TRANSFORM: 7.89165496826e-05
CLASSIFIERS_PREDICT: 0.000354051589966
SCALER_PCA_TRANSFORM: 7.9870223999e-05
CLASSIFIERS_PREDICT: 0.000354051589966
SCALER_PCA_TRANSFORM: 8.08238983154e-05
CLASSIFIERS_PREDICT: 0.000370979309082
SCALER_PCA_TRANSFORM: 7.9870223999e-05
CLASSIFIERS_PREDICT: 0.000354051589966
SCALER_PCA_TRANSFORM: 7.91549682617e-05
CLASSIFIERS_PREDICT: 0.000355005264282
SCALER_PCA_TRANSFORM: 8.01086425781e-05
CLASSIFIERS_PREDICT: 0.000356912612915
SCALER_PCA_TRANSFORM: 8.01086425781e-05
CLASSIFIERS_PREDICT: 0.000350952148438
SCALER_PCA_TRANSFORM: 7.89165496826e-05
CLASSIFIERS_PREDICT: 0.000355958938599
SCALER_PCA_TRANSFORM: 7.9870223999e-05
CLASSIFIERS_PREDICT: 0.000353097915649
SCALER_PCA_TRANSFORM: 7.9870223999e-05
CLASSIFIERS_PREDICT: 0.000354051589966
SCALER_PCA_TRANSFORM: 8.01086425781e-05
CLASSIFIERS_PREDICT: 0.000354051589966
SCALER_PCA_TRANSFORM: 7.9870223999e-05
CLASSIFIERS_PREDICT: 0.000352144241333
SCALER_PCA_TRANSFORM: 8.01086425781e-05
CLASSIFIERS_PREDICT: 0.00035285949707
SCALER_PCA_TRANSFORM: 8.01086425781e-05
CLASSIFIERS_PREDICT: 0.00036883354187
SCALER_PCA_TRANSFORM: 7.89165496826e-05
CLASSIFIERS_PREDICT: 0.000353097915649
SCALER_PCA_TRANSFORM: 8.01086425781e-05
CLASSIFIERS_PREDICT: 0.000356912612915
SCALER_PCA_TRANSFORM: 7.89165496826e-05
CLASSIFIERS_PREDICT: 0.000353813171387
SCALER_PCA_TRANSFORM: 7.9870223999e-05
CLASSIFIERS_PREDICT: 0.000373125076294
SCALER_PCA_TRANSFORM: 7.9870223999e-05
CLASSIFIERS_PREDICT: 0.000354051589966
SCALER_PCA_TRANSFORM: 8.08238983154e-05
CLASSIFIERS_PREDICT: 0.000350952148438
SCALER_PCA_TRANSFORM: 8.01086425781e-05
CLASSIFIERS_PREDICT: 0.000353813171387
SCALER_PCA_TRANSFORM: 8.01086425781e-05
CLASSIFIERS_PREDICT: 0.000356912612915
SCALER_PCA_TRANSFORM: 8.10623168945e-05
CLASSIFIERS_PREDICT: 0.000357866287231
SCALER_PCA_TRANSFORM: 7.89165496826e-05
CLASSIFIERS_PREDICT: 0.000353097915649
SCALER_PCA_TRANSFORM: 7.79628753662e-05
CLASSIFIERS_PREDICT: 0.000355005264282
SCALER_PCA_TRANSFORM: 8.01086425781e-05
CLASSIFIERS_PREDICT: 0.000351190567017
SCALER_PCA_TRANSFORM: 7.79628753662e-05
CLASSIFIERS_PREDICT: 0.000352144241333
SCALER_PCA_TRANSFORM: 8.08238983154e-05
CLASSIFIERS_PREDICT: 0.000352144241333
SCALER_PCA_TRANSFORM: 7.9870223999e-05
CLASSIFIERS_PREDICT: 0.000373125076294
SCALER_PCA_TRANSFORM: 8.01086425781e-05
CLASSIFIERS_PREDICT: 0.000358104705811
SCALER_PCA_TRANSFORM: 7.91549682617e-05
CLASSIFIERS_PREDICT: 0.00035285949707
SCALER_PCA_TRANSFORM: 8.01086425781e-05
CLASSIFIERS_PREDICT: 0.000355005264282
SCALER_PCA_TRANSFORM: 8.01086425781e-05
CLASSIFIERS_PREDICT: 0.000363111495972
SCALER_PCA_TRANSFORM: 7.9870223999e-05
CLASSIFIERS_PREDICT: 0.000353097915649
SCALER_PCA_TRANSFORM: 7.9870223999e-05
CLASSIFIERS_PREDICT: 0.00035285949707
SCALER_PCA_TRANSFORM: 7.89165496826e-05
CLASSIFIERS_PREDICT: 0.000351905822754
SCALER_PCA_TRANSFORM: 8.01086425781e-05
CLASSIFIERS_PREDICT: 0.000354051589966
SCALER_PCA_TRANSFORM: 7.89165496826e-05
CLASSIFIERS_PREDICT: 0.000355005264282
SCALER_PCA_TRANSFORM: 8.08238983154e-05
CLASSIFIERS_PREDICT: 0.000357151031494
SCALER_PCA_TRANSFORM: 8.01086425781e-05
CLASSIFIERS_PREDICT: 0.00035285949707
SCALER_PCA_TRANSFORM: 8.01086425781e-05
CLASSIFIERS_PREDICT: 0.000354051589966
SCALER_PCA_TRANSFORM: 8.01086425781e-05
CLASSIFIERS_PREDICT: 0.000354051589966
SCALER_PCA_TRANSFORM: 7.89165496826e-05
CLASSIFIERS_PREDICT: 0.000352144241333
SCALER_PCA_TRANSFORM: 7.91549682617e-05
CLASSIFIERS_PREDICT: 0.000350952148438
SCALER_PCA_TRANSFORM: 8.01086425781e-05
CLASSIFIERS_PREDICT: 0.000350952148438
SCALER_PCA_TRANSFORM: 7.89165496826e-05
CLASSIFIERS_PREDICT: 0.000354051589966
SCALER_PCA_TRANSFORM: 7.89165496826e-05
CLASSIFIERS_PREDICT: 0.000351905822754
SCALER_PCA_TRANSFORM: 8.10623168945e-05
CLASSIFIERS_PREDICT: 0.000365018844604
SCALER_PCA_TRANSFORM: 7.91549682617e-05
CLASSIFIERS_PREDICT: 0.000356912612915
SCALER_PCA_TRANSFORM: 7.91549682617e-05
CLASSIFIERS_PREDICT: 0.000356912612915
SCALER_PCA_TRANSFORM: 8.01086425781e-05
CLASSIFIERS_PREDICT: 0.000356912612915
SCALER_PCA_TRANSFORM: 8.10623168945e-05
CLASSIFIERS_PREDICT: 0.000358104705811
SCALER_PCA_TRANSFORM: 8.10623168945e-05
CLASSIFIERS_PREDICT: 0.000351905822754
SCALER_PCA_TRANSFORM: 7.9870223999e-05
CLASSIFIERS_PREDICT: 0.000355005264282
SCALER_PCA_TRANSFORM: 7.91549682617e-05
CLASSIFIERS_PREDICT: 0.000350952148438
SCALER_PCA_TRANSFORM: 7.9870223999e-05
CLASSIFIERS_PREDICT: 0.000356197357178
SCALER_PCA_TRANSFORM: 7.89165496826e-05
CLASSIFIERS_PREDICT: 0.000352144241333
SCALER_PCA_TRANSFORM: 7.89165496826e-05
CLASSIFIERS_PREDICT: 0.000356912612915
SCALER_PCA_TRANSFORM: 8.01086425781e-05
CLASSIFIERS_PREDICT: 0.000353813171387
SCALER_PCA_TRANSFORM: 8.01086425781e-05
CLASSIFIERS_PREDICT: 0.000355958938599
SCALER_PCA_TRANSFORM: 8.01086425781e-05
CLASSIFIERS_PREDICT: 0.000354051589966
SCALER_PCA_TRANSFORM: 8.01086425781e-05
CLASSIFIERS_PREDICT: 0.000351905822754
SCALER_PCA_TRANSFORM: 7.89165496826e-05
CLASSIFIERS_PREDICT: 0.000378131866455
SCALER_PCA_TRANSFORM: 7.91549682617e-05
CLASSIFIERS_PREDICT: 0.000355005264282
SCALER_PCA_TRANSFORM: 8.01086425781e-05
CLASSIFIERS_PREDICT: 0.000355958938599
SCALER_PCA_TRANSFORM: 8.01086425781e-05
CLASSIFIERS_PREDICT: 0.000355005264282
SCALER_PCA_TRANSFORM: 8.20159912109e-05
CLASSIFIERS_PREDICT: 0.000355958938599
SCALER_PCA_TRANSFORM: 8.01086425781e-05
CLASSIFIERS_PREDICT: 0.00035285949707
SCALER_PCA_TRANSFORM: 7.9870223999e-05
CLASSIFIERS_PREDICT: 0.000355958938599
SCALER_PCA_TRANSFORM: 7.9870223999e-05
CLASSIFIERS_PREDICT: 0.000353097915649
SCALER_PCA_TRANSFORM: 8.01086425781e-05
CLASSIFIERS_PREDICT: 0.000357151031494
SCALER_PCA_TRANSFORM: 8.10623168945e-05
CLASSIFIERS_PREDICT: 0.000355958938599
SCALER_PCA_TRANSFORM: 8.10623168945e-05
CLASSIFIERS_PREDICT: 0.000354051589966
SCALER_PCA_TRANSFORM: 7.9870223999e-05
CLASSIFIERS_PREDICT: 0.000355958938599
SCALER_PCA_TRANSFORM: 8.01086425781e-05
CLASSIFIERS_PREDICT: 0.000353097915649
SCALER_PCA_TRANSFORM: 8.01086425781e-05
CLASSIFIERS_PREDICT: 0.000355958938599
SCALER_PCA_TRANSFORM: 7.89165496826e-05
CLASSIFIERS_PREDICT: 0.000358104705811
SCALER_PCA_TRANSFORM: 8.08238983154e-05
CLASSIFIERS_PREDICT: 0.000377178192139
SCALER_PCA_TRANSFORM: 8.01086425781e-05
CLASSIFIERS_PREDICT: 0.000354051589966
SCALER_PCA_TRANSFORM: 8.01086425781e-05
CLASSIFIERS_PREDICT: 0.000355958938599
SCALER_PCA_TRANSFORM: 7.91549682617e-05
CLASSIFIERS_PREDICT: 0.000354051589966
SCALER_PCA_TRANSFORM: 8.08238983154e-05
CLASSIFIERS_PREDICT: 0.000355958938599
SCALER_PCA_TRANSFORM: 7.9870223999e-05
CLASSIFIERS_PREDICT: 0.000352144241333
SCALER_PCA_TRANSFORM: 8.01086425781e-05
CLASSIFIERS_PREDICT: 0.000355005264282
SCALER_PCA_TRANSFORM: 7.91549682617e-05
CLASSIFIERS_PREDICT: 0.000353097915649
SCALER_PCA_TRANSFORM: 7.91549682617e-05
CLASSIFIERS_PREDICT: 0.000354051589966
SCALER_PCA_TRANSFORM: 7.9870223999e-05
CLASSIFIERS_PREDICT: 0.000355958938599
SCALER_PCA_TRANSFORM: 8.10623168945e-05
CLASSIFIERS_PREDICT: 0.000355958938599
SCALER_PCA_TRANSFORM: 7.89165496826e-05
CLASSIFIERS_PREDICT: 0.000355005264282
SCALER_PCA_TRANSFORM: 8.20159912109e-05
CLASSIFIERS_PREDICT: 0.000355005264282
SCALER_PCA_TRANSFORM: 8.10623168945e-05
CLASSIFIERS_PREDICT: 0.000355958938599
SCALER_PCA_TRANSFORM: 7.89165496826e-05
CLASSIFIERS_PREDICT: 0.000355005264282
SCALER_PCA_TRANSFORM: 8.01086425781e-05
CLASSIFIERS_PREDICT: 0.000355958938599
SCALER_PCA_TRANSFORM: 8.01086425781e-05
CLASSIFIERS_PREDICT: 0.000356912612915
SCALER_PCA_TRANSFORM: 7.89165496826e-05
CLASSIFIERS_PREDICT: 0.00035285949707
SCALER_PCA_TRANSFORM: 7.89165496826e-05
CLASSIFIERS_PREDICT: 0.000367879867554
SCALER_PCA_TRANSFORM: 8.01086425781e-05
CLASSIFIERS_PREDICT: 0.000355005264282
SCALER_PCA_TRANSFORM: 8.01086425781e-05
CLASSIFIERS_PREDICT: 0.000352144241333
SCALER_PCA_TRANSFORM: 8.01086425781e-05
CLASSIFIERS_PREDICT: 0.000354051589966
SCALER_PCA_TRANSFORM: 9.79900360107e-05
CLASSIFIERS_PREDICT: 0.000355958938599
SCALER_PCA_TRANSFORM: 7.91549682617e-05
CLASSIFIERS_PREDICT: 0.000355005264282
SCALER_PCA_TRANSFORM: 7.9870223999e-05
CLASSIFIERS_PREDICT: 0.000355005264282
SCALER_PCA_TRANSFORM: 7.89165496826e-05
CLASSIFIERS_PREDICT: 0.000359058380127
SCALER_PCA_TRANSFORM: 0.000118970870972
CLASSIFIERS_PREDICT: 0.000427007675171
SCALER_PCA_TRANSFORM: 8.10623168945e-05
CLASSIFIERS_PREDICT: 0.000355005264282
SCALER_PCA_TRANSFORM: 7.9870223999e-05
CLASSIFIERS_PREDICT: 0.000353813171387
SCALER_PCA_TRANSFORM: 8.08238983154e-05
CLASSIFIERS_PREDICT: 0.000363111495972
SCALER_PCA_TRANSFORM: 8.01086425781e-05
CLASSIFIERS_PREDICT: 0.000355005264282
SCALER_PCA_TRANSFORM: 7.91549682617e-05
CLASSIFIERS_PREDICT: 0.000355005264282
SCALER_PCA_TRANSFORM: 8.01086425781e-05
CLASSIFIERS_PREDICT: 0.000356912612915
SCALER_PCA_TRANSFORM: 7.89165496826e-05
CLASSIFIERS_PREDICT: 0.00037693977356
SCALER_PCA_TRANSFORM: 7.9870223999e-05
CLASSIFIERS_PREDICT: 0.000358104705811
SCALER_PCA_TRANSFORM: 7.89165496826e-05
CLASSIFIERS_PREDICT: 0.00036096572876
SCALER_PCA_TRANSFORM: 7.9870223999e-05
CLASSIFIERS_PREDICT: 0.000355005264282
SCALER_PCA_TRANSFORM: 8.01086425781e-05
CLASSIFIERS_PREDICT: 0.000354051589966
SCALER_PCA_TRANSFORM: 8.01086425781e-05
CLASSIFIERS_PREDICT: 0.000354051589966
SCALER_PCA_TRANSFORM: 8.08238983154e-05
CLASSIFIERS_PREDICT: 0.000355005264282
SCALER_PCA_TRANSFORM: 8.01086425781e-05
CLASSIFIERS_PREDICT: 0.000355958938599
SCALER_PCA_TRANSFORM: 8.01086425781e-05
CLASSIFIERS_PREDICT: 0.00035285949707
SCALER_PCA_TRANSFORM: 7.9870223999e-05
CLASSIFIERS_PREDICT: 0.000353813171387
SCALER_PCA_TRANSFORM: 7.91549682617e-05
CLASSIFIERS_PREDICT: 0.000355005264282
SCALER_PCA_TRANSFORM: 8.10623168945e-05
CLASSIFIERS_PREDICT: 0.000352144241333
SCALER_PCA_TRANSFORM: 8.10623168945e-05
CLASSIFIERS_PREDICT: 0.000356197357178
SCALER_PCA_TRANSFORM: 7.91549682617e-05
CLASSIFIERS_PREDICT: 0.000355958938599
SCALER_PCA_TRANSFORM: 7.89165496826e-05
CLASSIFIERS_PREDICT: 0.000355005264282
SCALER_PCA_TRANSFORM: 7.89165496826e-05
CLASSIFIERS_PREDICT: 0.000363111495972
SCALER_PCA_TRANSFORM: 7.9870223999e-05
CLASSIFIERS_PREDICT: 0.000355958938599
SCALER_PCA_TRANSFORM: 8.10623168945e-05
CLASSIFIERS_PREDICT: 0.000349998474121
SCALER_PCA_TRANSFORM: 8.01086425781e-05
CLASSIFIERS_PREDICT: 0.000350952148438
SCALER_PCA_TRANSFORM: 8.29696655273e-05
CLASSIFIERS_PREDICT: 0.000354051589966
SCALER_PCA_TRANSFORM: 7.9870223999e-05
CLASSIFIERS_PREDICT: 0.000355958938599
SCALER_PCA_TRANSFORM: 7.91549682617e-05
CLASSIFIERS_PREDICT: 0.000354051589966
SCALER_PCA_TRANSFORM: 7.89165496826e-05
CLASSIFIERS_PREDICT: 0.000356197357178
SCALER_PCA_TRANSFORM: 8.20159912109e-05
CLASSIFIERS_PREDICT: 0.000355005264282
SCALER_PCA_TRANSFORM: 8.01086425781e-05
CLASSIFIERS_PREDICT: 0.000350952148438
SCALER_PCA_TRANSFORM: 8.10623168945e-05
CLASSIFIERS_PREDICT: 0.000355005264282
SCALER_PCA_TRANSFORM: 7.9870223999e-05
CLASSIFIERS_PREDICT: 0.000349998474121
SCALER_PCA_TRANSFORM: 8.10623168945e-05
CLASSIFIERS_PREDICT: 0.000354051589966
SCALER_PCA_TRANSFORM: 7.89165496826e-05
CLASSIFIERS_PREDICT: 0.000354051589966
SCALER_PCA_TRANSFORM: 8.01086425781e-05
CLASSIFIERS_PREDICT: 0.000356912612915
SCALER_PCA_TRANSFORM: 8.01086425781e-05
CLASSIFIERS_PREDICT: 0.000364065170288
SCALER_PCA_TRANSFORM: 7.9870223999e-05
CLASSIFIERS_PREDICT: 0.000357151031494
SCALER_PCA_TRANSFORM: 8.01086425781e-05
CLASSIFIERS_PREDICT: 0.000355958938599
SCALER_PCA_TRANSFORM: 8.01086425781e-05
CLASSIFIERS_PREDICT: 0.000355958938599
SCALER_PCA_TRANSFORM: 8.01086425781e-05
CLASSIFIERS_PREDICT: 0.000355958938599
SCALER_PCA_TRANSFORM: 7.9870223999e-05
CLASSIFIERS_PREDICT: 0.000360012054443
SCALER_PCA_TRANSFORM: 7.9870223999e-05
CLASSIFIERS_PREDICT: 0.000354051589966
SCALER_PCA_TRANSFORM: 7.9870223999e-05
CLASSIFIERS_PREDICT: 0.000356197357178
SCALER_PCA_TRANSFORM: 8.48770141602e-05
CLASSIFIERS_PREDICT: 0.000375986099243
SCALER_PCA_TRANSFORM: 8.01086425781e-05
CLASSIFIERS_PREDICT: 0.000357866287231
SCALER_PCA_TRANSFORM: 8.01086425781e-05
CLASSIFIERS_PREDICT: 0.00035285949707
SCALER_PCA_TRANSFORM: 7.9870223999e-05
CLASSIFIERS_PREDICT: 0.000354051589966
SCALER_PCA_TRANSFORM: 8.08238983154e-05
CLASSIFIERS_PREDICT: 0.000356197357178
SCALER_PCA_TRANSFORM: 7.89165496826e-05
CLASSIFIERS_PREDICT: 0.000355958938599
SCALER_PCA_TRANSFORM: 8.01086425781e-05
CLASSIFIERS_PREDICT: 0.000355958938599
SCALER_PCA_TRANSFORM: 8.01086425781e-05
CLASSIFIERS_PREDICT: 0.000367879867554
SCALER_PCA_TRANSFORM: 7.89165496826e-05
CLASSIFIERS_PREDICT: 0.000354051589966
SCALER_PCA_TRANSFORM: 8.01086425781e-05
CLASSIFIERS_PREDICT: 0.000355005264282
SCALER_PCA_TRANSFORM: 7.9870223999e-05
CLASSIFIERS_PREDICT: 0.000355005264282
SCALER_PCA_TRANSFORM: 7.91549682617e-05
CLASSIFIERS_PREDICT: 0.000373840332031
SCALER_PCA_TRANSFORM: 8.01086425781e-05
CLASSIFIERS_PREDICT: 0.000356912612915
SCALER_PCA_TRANSFORM: 7.9870223999e-05
CLASSIFIERS_PREDICT: 0.000359058380127
SCALER_PCA_TRANSFORM: 8.17775726318e-05
CLASSIFIERS_PREDICT: 0.000358104705811
SCALER_PCA_TRANSFORM: 8.08238983154e-05
CLASSIFIERS_PREDICT: 0.000357151031494
SCALER_PCA_TRANSFORM: 7.91549682617e-05
CLASSIFIERS_PREDICT: 0.000355005264282
SCALER_PCA_TRANSFORM: 7.9870223999e-05
CLASSIFIERS_PREDICT: 0.000354051589966
SCALER_PCA_TRANSFORM: 8.01086425781e-05
CLASSIFIERS_PREDICT: 0.000355958938599
SCALER_PCA_TRANSFORM: 8.01086425781e-05
CLASSIFIERS_PREDICT: 0.000356912612915
SCALER_PCA_TRANSFORM: 8.01086425781e-05
CLASSIFIERS_PREDICT: 0.00035285949707
SCALER_PCA_TRANSFORM: 7.9870223999e-05
CLASSIFIERS_PREDICT: 0.000353097915649
SCALER_PCA_TRANSFORM: 7.79628753662e-05
CLASSIFIERS_PREDICT: 0.000355958938599
SCALER_PCA_TRANSFORM: 7.91549682617e-05
CLASSIFIERS_PREDICT: 0.000356912612915
SCALER_PCA_TRANSFORM: 7.89165496826e-05
CLASSIFIERS_PREDICT: 0.000355958938599
SCALER_PCA_TRANSFORM: 8.08238983154e-05
CLASSIFIERS_PREDICT: 0.000356197357178
SCALER_PCA_TRANSFORM: 7.89165496826e-05
CLASSIFIERS_PREDICT: 0.000368118286133
SCALER_PCA_TRANSFORM: 7.9870223999e-05
CLASSIFIERS_PREDICT: 0.000357151031494
SCALER_PCA_TRANSFORM: 7.89165496826e-05
CLASSIFIERS_PREDICT: 0.000355958938599
SCALER_PCA_TRANSFORM: 8.08238983154e-05
CLASSIFIERS_PREDICT: 0.000356197357178
SCALER_PCA_TRANSFORM: 8.10623168945e-05
CLASSIFIERS_PREDICT: 0.000356912612915
SCALER_PCA_TRANSFORM: 7.91549682617e-05
CLASSIFIERS_PREDICT: 0.000353097915649
SCALER_PCA_TRANSFORM: 7.89165496826e-05
CLASSIFIERS_PREDICT: 0.000358104705811
SCALER_PCA_TRANSFORM: 8.01086425781e-05
CLASSIFIERS_PREDICT: 0.000360012054443
SCALER_PCA_TRANSFORM: 7.9870223999e-05
CLASSIFIERS_PREDICT: 0.000357151031494
