SCALER_PCA_FIT_TRANSFORM: 0.00228309631348
CLASSIFIERS_FIT: 0.00349593162537
SCALER_PCA_TRANSFORM: 8.98838043213e-05
CLASSIFIERS_PREDICT: 0.000515937805176
SCALER_PCA_TRANSFORM: 8.29696655273e-05
CLASSIFIERS_PREDICT: 0.000401020050049
SCALER_PCA_TRANSFORM: 8.41617584229e-05
CLASSIFIERS_PREDICT: 0.000405073165894
SCALER_PCA_TRANSFORM: 8.20159912109e-05
CLASSIFIERS_PREDICT: 0.000400066375732
SCALER_PCA_TRANSFORM: 8.29696655273e-05
CLASSIFIERS_PREDICT: 0.000380992889404
SCALER_PCA_TRANSFORM: 8.29696655273e-05
CLASSIFIERS_PREDICT: 0.000381946563721
SCALER_PCA_TRANSFORM: 8.29696655273e-05
CLASSIFIERS_PREDICT: 0.000414133071899
SCALER_PCA_TRANSFORM: 8.20159912109e-05
CLASSIFIERS_PREDICT: 0.000400066375732
SCALER_PCA_TRANSFORM: 8.20159912109e-05
CLASSIFIERS_PREDICT: 0.000402927398682
SCALER_PCA_TRANSFORM: 8.20159912109e-05
CLASSIFIERS_PREDICT: 0.000401020050049
SCALER_PCA_TRANSFORM: 8.29696655273e-05
CLASSIFIERS_PREDICT: 0.000403881072998
SCALER_PCA_TRANSFORM: 8.20159912109e-05
CLASSIFIERS_PREDICT: 0.000404119491577
SCALER_PCA_TRANSFORM: 8.08238983154e-05
CLASSIFIERS_PREDICT: 0.000403881072998
SCALER_PCA_TRANSFORM: 8.20159912109e-05
CLASSIFIERS_PREDICT: 0.000411033630371
SCALER_PCA_TRANSFORM: 8.29696655273e-05
CLASSIFIERS_PREDICT: 0.000406980514526
SCALER_PCA_TRANSFORM: 8.20159912109e-05
CLASSIFIERS_PREDICT: 0.000399112701416
SCALER_PCA_TRANSFORM: 8.17775726318e-05
CLASSIFIERS_PREDICT: 0.000402927398682
SCALER_PCA_TRANSFORM: 0.000102996826172
CLASSIFIERS_PREDICT: 0.000385999679565
SCALER_PCA_TRANSFORM: 8.20159912109e-05
CLASSIFIERS_PREDICT: 0.000403165817261
SCALER_PCA_TRANSFORM: 8.29696655273e-05
CLASSIFIERS_PREDICT: 0.000380992889404
SCALER_PCA_TRANSFORM: 8.17775726318e-05
CLASSIFIERS_PREDICT: 0.000407934188843
SCALER_PCA_TRANSFORM: 8.20159912109e-05
CLASSIFIERS_PREDICT: 0.000403165817261
SCALER_PCA_TRANSFORM: 8.17775726318e-05
CLASSIFIERS_PREDICT: 0.000384092330933
SCALER_PCA_TRANSFORM: 8.10623168945e-05
CLASSIFIERS_PREDICT: 0.000403165817261
SCALER_PCA_TRANSFORM: 8.32080841064e-05
CLASSIFIERS_PREDICT: 0.000406980514526
SCALER_PCA_TRANSFORM: 8.29696655273e-05
CLASSIFIERS_PREDICT: 0.000401973724365
SCALER_PCA_TRANSFORM: 8.20159912109e-05
CLASSIFIERS_PREDICT: 0.000383138656616
SCALER_PCA_TRANSFORM: 8.20159912109e-05
CLASSIFIERS_PREDICT: 0.000402927398682
SCALER_PCA_TRANSFORM: 8.29696655273e-05
CLASSIFIERS_PREDICT: 0.000401020050049
SCALER_PCA_TRANSFORM: 8.20159912109e-05
CLASSIFIERS_PREDICT: 0.0003821849823
SCALER_PCA_TRANSFORM: 8.29696655273e-05
CLASSIFIERS_PREDICT: 0.00038480758667
SCALER_PCA_TRANSFORM: 8.20159912109e-05
CLASSIFIERS_PREDICT: 0.000422954559326
SCALER_PCA_TRANSFORM: 8.29696655273e-05
CLASSIFIERS_PREDICT: 0.000406980514526
SCALER_PCA_TRANSFORM: 8.10623168945e-05
CLASSIFIERS_PREDICT: 0.000402927398682
SCALER_PCA_TRANSFORM: 8.10623168945e-05
CLASSIFIERS_PREDICT: 0.000403165817261
SCALER_PCA_TRANSFORM: 8.20159912109e-05
CLASSIFIERS_PREDICT: 0.000403165817261
SCALER_PCA_TRANSFORM: 8.20159912109e-05
CLASSIFIERS_PREDICT: 0.000405073165894
SCALER_PCA_TRANSFORM: 8.20159912109e-05
CLASSIFIERS_PREDICT: 0.000401973724365
SCALER_PCA_TRANSFORM: 8.29696655273e-05
CLASSIFIERS_PREDICT: 0.000411987304688
SCALER_PCA_TRANSFORM: 8.10623168945e-05
CLASSIFIERS_PREDICT: 0.000403165817261
SCALER_PCA_TRANSFORM: 8.10623168945e-05
CLASSIFIERS_PREDICT: 0.000389099121094
SCALER_PCA_TRANSFORM: 8.29696655273e-05
CLASSIFIERS_PREDICT: 0.000401020050049
SCALER_PCA_TRANSFORM: 8.29696655273e-05
CLASSIFIERS_PREDICT: 0.000402927398682
SCALER_PCA_TRANSFORM: 8.32080841064e-05
CLASSIFIERS_PREDICT: 0.000402927398682
SCALER_PCA_TRANSFORM: 8.29696655273e-05
CLASSIFIERS_PREDICT: 0.000403881072998
SCALER_PCA_TRANSFORM: 8.20159912109e-05
CLASSIFIERS_PREDICT: 0.000392913818359
SCALER_PCA_TRANSFORM: 8.20159912109e-05
CLASSIFIERS_PREDICT: 0.000403881072998
SCALER_PCA_TRANSFORM: 8.20159912109e-05
CLASSIFIERS_PREDICT: 0.000405073165894
SCALER_PCA_TRANSFORM: 8.20159912109e-05
CLASSIFIERS_PREDICT: 0.000403881072998
SCALER_PCA_TRANSFORM: 8.08238983154e-05
CLASSIFIERS_PREDICT: 0.000473976135254
SCALER_PCA_TRANSFORM: 8.20159912109e-05
CLASSIFIERS_PREDICT: 0.000405073165894
SCALER_PCA_TRANSFORM: 8.10623168945e-05
CLASSIFIERS_PREDICT: 0.000382900238037
SCALER_PCA_TRANSFORM: 8.10623168945e-05
CLASSIFIERS_PREDICT: 0.000397205352783
SCALER_PCA_TRANSFORM: 8.20159912109e-05
CLASSIFIERS_PREDICT: 0.000380992889404
SCALER_PCA_TRANSFORM: 8.10623168945e-05
CLASSIFIERS_PREDICT: 0.000383138656616
SCALER_PCA_TRANSFORM: 8.20159912109e-05
CLASSIFIERS_PREDICT: 0.000383138656616
SCALER_PCA_TRANSFORM: 8.20159912109e-05
CLASSIFIERS_PREDICT: 0.000380992889404
SCALER_PCA_TRANSFORM: 8.10623168945e-05
CLASSIFIERS_PREDICT: 0.000379085540771
SCALER_PCA_TRANSFORM: 8.20159912109e-05
CLASSIFIERS_PREDICT: 0.000380992889404
SCALER_PCA_TRANSFORM: 8.20159912109e-05
CLASSIFIERS_PREDICT: 0.000349044799805
SCALER_PCA_TRANSFORM: 8.20159912109e-05
CLASSIFIERS_PREDICT: 0.000380992889404
SCALER_PCA_TRANSFORM: 8.39233398438e-05
CLASSIFIERS_PREDICT: 0.000347852706909
SCALER_PCA_TRANSFORM: 8.41617584229e-05
CLASSIFIERS_PREDICT: 0.000350952148438
SCALER_PCA_TRANSFORM: 8.10623168945e-05
CLASSIFIERS_PREDICT: 0.000370979309082
SCALER_PCA_TRANSFORM: 8.29696655273e-05
CLASSIFIERS_PREDICT: 0.000349044799805
SCALER_PCA_TRANSFORM: 8.29696655273e-05
CLASSIFIERS_PREDICT: 0.000349044799805
SCALER_PCA_TRANSFORM: 8.41617584229e-05
CLASSIFIERS_PREDICT: 0.000348091125488
SCALER_PCA_TRANSFORM: 8.20159912109e-05
CLASSIFIERS_PREDICT: 0.000349044799805
SCALER_PCA_TRANSFORM: 8.20159912109e-05
CLASSIFIERS_PREDICT: 0.000352144241333
SCALER_PCA_TRANSFORM: 8.29696655273e-05
CLASSIFIERS_PREDICT: 0.00034499168396
SCALER_PCA_TRANSFORM: 8.29696655273e-05
CLASSIFIERS_PREDICT: 0.000349998474121
SCALER_PCA_TRANSFORM: 8.20159912109e-05
CLASSIFIERS_PREDICT: 0.000346899032593
SCALER_PCA_TRANSFORM: 8.17775726318e-05
CLASSIFIERS_PREDICT: 0.000349044799805
SCALER_PCA_TRANSFORM: 8.20159912109e-05
CLASSIFIERS_PREDICT: 0.000347137451172
SCALER_PCA_TRANSFORM: 8.20159912109e-05
CLASSIFIERS_PREDICT: 0.000370025634766
SCALER_PCA_TRANSFORM: 8.20159912109e-05
CLASSIFIERS_PREDICT: 0.000348091125488
SCALER_PCA_TRANSFORM: 8.20159912109e-05
CLASSIFIERS_PREDICT: 0.000347852706909
SCALER_PCA_TRANSFORM: 8.10623168945e-05
CLASSIFIERS_PREDICT: 0.000346899032593
SCALER_PCA_TRANSFORM: 8.29696655273e-05
CLASSIFIERS_PREDICT: 0.000348091125488
SCALER_PCA_TRANSFORM: 8.20159912109e-05
CLASSIFIERS_PREDICT: 0.000348091125488
SCALER_PCA_TRANSFORM: 8.29696655273e-05
CLASSIFIERS_PREDICT: 0.000349044799805
SCALER_PCA_TRANSFORM: 8.01086425781e-05
CLASSIFIERS_PREDICT: 0.000347137451172
SCALER_PCA_TRANSFORM: 8.20159912109e-05
CLASSIFIERS_PREDICT: 0.000349998474121
SCALER_PCA_TRANSFORM: 8.20159912109e-05
CLASSIFIERS_PREDICT: 0.000345945358276
SCALER_PCA_TRANSFORM: 8.10623168945e-05
CLASSIFIERS_PREDICT: 0.000348091125488
SCALER_PCA_TRANSFORM: 8.10623168945e-05
CLASSIFIERS_PREDICT: 0.000358104705811
SCALER_PCA_TRANSFORM: 8.32080841064e-05
CLASSIFIERS_PREDICT: 0.000347852706909
SCALER_PCA_TRANSFORM: 8.10623168945e-05
CLASSIFIERS_PREDICT: 0.000345945358276
SCALER_PCA_TRANSFORM: 8.29696655273e-05
CLASSIFIERS_PREDICT: 0.000349044799805
SCALER_PCA_TRANSFORM: 9.67979431152e-05
CLASSIFIERS_PREDICT: 0.00037407875061
SCALER_PCA_TRANSFORM: 8.29696655273e-05
CLASSIFIERS_PREDICT: 0.000405073165894
SCALER_PCA_TRANSFORM: 8.20159912109e-05
CLASSIFIERS_PREDICT: 0.000385046005249
SCALER_PCA_TRANSFORM: 8.20159912109e-05
CLASSIFIERS_PREDICT: 0.000385999679565
SCALER_PCA_TRANSFORM: 8.29696655273e-05
CLASSIFIERS_PREDICT: 0.000403165817261
SCALER_PCA_TRANSFORM: 8.20159912109e-05
CLASSIFIERS_PREDICT: 0.000385046005249
SCALER_PCA_TRANSFORM: 8.20159912109e-05
CLASSIFIERS_PREDICT: 0.000385046005249
SCALER_PCA_TRANSFORM: 8.29696655273e-05
CLASSIFIERS_PREDICT: 0.000397920608521
SCALER_PCA_TRANSFORM: 8.10623168945e-05
CLASSIFIERS_PREDICT: 0.000384092330933
SCALER_PCA_TRANSFORM: 8.20159912109e-05
CLASSIFIERS_PREDICT: 0.000386953353882
SCALER_PCA_TRANSFORM: 8.08238983154e-05
CLASSIFIERS_PREDICT: 0.000381946563721
SCALER_PCA_TRANSFORM: 8.32080841064e-05
CLASSIFIERS_PREDICT: 0.000382900238037
SCALER_PCA_TRANSFORM: 8.20159912109e-05
CLASSIFIERS_PREDICT: 0.0003821849823
SCALER_PCA_TRANSFORM: 8.20159912109e-05
CLASSIFIERS_PREDICT: 0.000385999679565
SCALER_PCA_TRANSFORM: 8.20159912109e-05
CLASSIFIERS_PREDICT: 0.000391960144043
SCALER_PCA_TRANSFORM: 8.20159912109e-05
CLASSIFIERS_PREDICT: 0.000385046005249
SCALER_PCA_TRANSFORM: 8.20159912109e-05
CLASSIFIERS_PREDICT: 0.00038480758667
SCALER_PCA_TRANSFORM: 8.29696655273e-05
CLASSIFIERS_PREDICT: 0.000385046005249
SCALER_PCA_TRANSFORM: 8.29696655273e-05
CLASSIFIERS_PREDICT: 0.000384092330933
SCALER_PCA_TRANSFORM: 8.17775726318e-05
CLASSIFIERS_PREDICT: 0.000380992889404
SCALER_PCA_TRANSFORM: 8.20159912109e-05
CLASSIFIERS_PREDICT: 0.000385999679565
SCALER_PCA_TRANSFORM: 8.20159912109e-05
CLASSIFIERS_PREDICT: 0.000386953353882
SCALER_PCA_TRANSFORM: 8.20159912109e-05
CLASSIFIERS_PREDICT: 0.000385046005249
SCALER_PCA_TRANSFORM: 8.32080841064e-05
CLASSIFIERS_PREDICT: 0.000381946563721
SCALER_PCA_TRANSFORM: 8.08238983154e-05
CLASSIFIERS_PREDICT: 0.000385999679565
SCALER_PCA_TRANSFORM: 8.29696655273e-05
CLASSIFIERS_PREDICT: 0.000391960144043
SCALER_PCA_TRANSFORM: 8.08238983154e-05
CLASSIFIERS_PREDICT: 0.000383853912354
SCALER_PCA_TRANSFORM: 8.29696655273e-05
CLASSIFIERS_PREDICT: 0.000385046005249
SCALER_PCA_TRANSFORM: 8.20159912109e-05
CLASSIFIERS_PREDICT: 0.000382900238037
SCALER_PCA_TRANSFORM: 8.39233398438e-05
CLASSIFIERS_PREDICT: 0.000382900238037
SCALER_PCA_TRANSFORM: 8.10623168945e-05
CLASSIFIERS_PREDICT: 0.000385046005249
SCALER_PCA_TRANSFORM: 8.17775726318e-05
CLASSIFIERS_PREDICT: 0.00047492980957
SCALER_PCA_TRANSFORM: 8.20159912109e-05
CLASSIFIERS_PREDICT: 0.000394821166992
SCALER_PCA_TRANSFORM: 8.20159912109e-05
CLASSIFIERS_PREDICT: 0.000384092330933
SCALER_PCA_TRANSFORM: 8.20159912109e-05
CLASSIFIERS_PREDICT: 0.000383138656616
SCALER_PCA_TRANSFORM: 8.29696655273e-05
CLASSIFIERS_PREDICT: 0.000383138656616
SCALER_PCA_TRANSFORM: 8.20159912109e-05
CLASSIFIERS_PREDICT: 0.000385999679565
SCALER_PCA_TRANSFORM: 8.39233398438e-05
CLASSIFIERS_PREDICT: 0.000385999679565
SCALER_PCA_TRANSFORM: 8.29696655273e-05
CLASSIFIERS_PREDICT: 0.000381946563721
SCALER_PCA_TRANSFORM: 8.20159912109e-05
CLASSIFIERS_PREDICT: 0.000395059585571
SCALER_PCA_TRANSFORM: 8.20159912109e-05
CLASSIFIERS_PREDICT: 0.000382900238037
SCALER_PCA_TRANSFORM: 8.08238983154e-05
CLASSIFIERS_PREDICT: 0.00038480758667
SCALER_PCA_TRANSFORM: 8.20159912109e-05
CLASSIFIERS_PREDICT: 0.000386953353882
SCALER_PCA_TRANSFORM: 0.000101804733276
CLASSIFIERS_PREDICT: 0.000385999679565
SCALER_PCA_TRANSFORM: 8.29696655273e-05
CLASSIFIERS_PREDICT: 0.000388145446777
SCALER_PCA_TRANSFORM: 8.20159912109e-05
CLASSIFIERS_PREDICT: 0.00039005279541
SCALER_PCA_TRANSFORM: 8.10623168945e-05
CLASSIFIERS_PREDICT: 0.000385999679565
SCALER_PCA_TRANSFORM: 8.20159912109e-05
CLASSIFIERS_PREDICT: 0.000385046005249
SCALER_PCA_TRANSFORM: 8.20159912109e-05
CLASSIFIERS_PREDICT: 0.000385999679565
SCALER_PCA_TRANSFORM: 8.10623168945e-05
CLASSIFIERS_PREDICT: 0.00038480758667
SCALER_PCA_TRANSFORM: 8.20159912109e-05
CLASSIFIERS_PREDICT: 0.000396966934204
SCALER_PCA_TRANSFORM: 8.29696655273e-05
CLASSIFIERS_PREDICT: 0.000385999679565
SCALER_PCA_TRANSFORM: 8.20159912109e-05
CLASSIFIERS_PREDICT: 0.000385999679565
SCALER_PCA_TRANSFORM: 8.39233398438e-05
CLASSIFIERS_PREDICT: 0.00040602684021
SCALER_PCA_TRANSFORM: 8.20159912109e-05
CLASSIFIERS_PREDICT: 0.000383138656616
SCALER_PCA_TRANSFORM: 8.29696655273e-05
CLASSIFIERS_PREDICT: 0.000385046005249
SCALER_PCA_TRANSFORM: 8.20159912109e-05
CLASSIFIERS_PREDICT: 0.000385046005249
SCALER_PCA_TRANSFORM: 8.29696655273e-05
CLASSIFIERS_PREDICT: 0.000392913818359
SCALER_PCA_TRANSFORM: 8.20159912109e-05
CLASSIFIERS_PREDICT: 0.000385999679565
SCALER_PCA_TRANSFORM: 8.29696655273e-05
CLASSIFIERS_PREDICT: 0.000385046005249
SCALER_PCA_TRANSFORM: 8.10623168945e-05
CLASSIFIERS_PREDICT: 0.000382900238037
SCALER_PCA_TRANSFORM: 8.20159912109e-05
CLASSIFIERS_PREDICT: 0.000385999679565
SCALER_PCA_TRANSFORM: 8.29696655273e-05
CLASSIFIERS_PREDICT: 0.000385999679565
SCALER_PCA_TRANSFORM: 8.29696655273e-05
CLASSIFIERS_PREDICT: 0.000389099121094
SCALER_PCA_TRANSFORM: 8.20159912109e-05
CLASSIFIERS_PREDICT: 0.000398874282837
SCALER_PCA_TRANSFORM: 8.29696655273e-05
CLASSIFIERS_PREDICT: 0.000387907028198
SCALER_PCA_TRANSFORM: 8.10623168945e-05
CLASSIFIERS_PREDICT: 0.000385999679565
SCALER_PCA_TRANSFORM: 8.20159912109e-05
CLASSIFIERS_PREDICT: 0.000385046005249
SCALER_PCA_TRANSFORM: 9.08374786377e-05
CLASSIFIERS_PREDICT: 0.000385999679565
SCALER_PCA_TRANSFORM: 8.29696655273e-05
CLASSIFIERS_PREDICT: 0.000384092330933
SCALER_PCA_TRANSFORM: 8.20159912109e-05
CLASSIFIERS_PREDICT: 0.000382900238037
SCALER_PCA_TRANSFORM: 8.20159912109e-05
CLASSIFIERS_PREDICT: 0.000409126281738
SCALER_PCA_TRANSFORM: 8.20159912109e-05
CLASSIFIERS_PREDICT: 0.000384092330933
SCALER_PCA_TRANSFORM: 8.20159912109e-05
CLASSIFIERS_PREDICT: 0.000386953353882
SCALER_PCA_TRANSFORM: 8.29696655273e-05
CLASSIFIERS_PREDICT: 0.000383853912354
SCALER_PCA_TRANSFORM: 8.29696655273e-05
CLASSIFIERS_PREDICT: 0.000395059585571
SCALER_PCA_TRANSFORM: 8.10623168945e-05
CLASSIFIERS_PREDICT: 0.000384092330933
SCALER_PCA_TRANSFORM: 8.20159912109e-05
CLASSIFIERS_PREDICT: 0.000383853912354
SCALER_PCA_TRANSFORM: 8.29696655273e-05
CLASSIFIERS_PREDICT: 0.000384092330933
SCALER_PCA_TRANSFORM: 8.20159912109e-05
CLASSIFIERS_PREDICT: 0.000385046005249
SCALER_PCA_TRANSFORM: 8.20159912109e-05
CLASSIFIERS_PREDICT: 0.00038480758667
SCALER_PCA_TRANSFORM: 8.20159912109e-05
CLASSIFIERS_PREDICT: 0.000385046005249
SCALER_PCA_TRANSFORM: 8.20159912109e-05
CLASSIFIERS_PREDICT: 0.000394105911255
SCALER_PCA_TRANSFORM: 8.29696655273e-05
CLASSIFIERS_PREDICT: 0.000383853912354
SCALER_PCA_TRANSFORM: 8.10623168945e-05
CLASSIFIERS_PREDICT: 0.000384092330933
SCALER_PCA_TRANSFORM: 8.32080841064e-05
CLASSIFIERS_PREDICT: 0.000386953353882
SCALER_PCA_TRANSFORM: 8.29696655273e-05
CLASSIFIERS_PREDICT: 0.000385999679565
SCALER_PCA_TRANSFORM: 8.29696655273e-05
CLASSIFIERS_PREDICT: 0.000386953353882
SCALER_PCA_TRANSFORM: 8.20159912109e-05
CLASSIFIERS_PREDICT: 0.000385046005249
SCALER_PCA_TRANSFORM: 8.29696655273e-05
CLASSIFIERS_PREDICT: 0.000385999679565
SCALER_PCA_TRANSFORM: 8.29696655273e-05
CLASSIFIERS_PREDICT: 0.000385046005249
SCALER_PCA_TRANSFORM: 8.20159912109e-05
CLASSIFIERS_PREDICT: 0.000381946563721
SCALER_PCA_TRANSFORM: 8.29696655273e-05
CLASSIFIERS_PREDICT: 0.000381946563721
SCALER_PCA_TRANSFORM: 8.20159912109e-05
CLASSIFIERS_PREDICT: 0.000388145446777
SCALER_PCA_TRANSFORM: 8.20159912109e-05
CLASSIFIERS_PREDICT: 0.000384092330933
SCALER_PCA_TRANSFORM: 8.20159912109e-05
CLASSIFIERS_PREDICT: 0.000385046005249
SCALER_PCA_TRANSFORM: 8.20159912109e-05
CLASSIFIERS_PREDICT: 0.000384092330933
SCALER_PCA_TRANSFORM: 8.10623168945e-05
CLASSIFIERS_PREDICT: 0.000385046005249
SCALER_PCA_TRANSFORM: 8.10623168945e-05
CLASSIFIERS_PREDICT: 0.000386953353882
SCALER_PCA_TRANSFORM: 8.20159912109e-05
CLASSIFIERS_PREDICT: 0.000386953353882
SCALER_PCA_TRANSFORM: 8.20159912109e-05
CLASSIFIERS_PREDICT: 0.000396013259888
SCALER_PCA_TRANSFORM: 8.20159912109e-05
CLASSIFIERS_PREDICT: 0.000385999679565
SCALER_PCA_TRANSFORM: 8.29696655273e-05
CLASSIFIERS_PREDICT: 0.000387907028198
SCALER_PCA_TRANSFORM: 8.20159912109e-05
CLASSIFIERS_PREDICT: 0.00040602684021
SCALER_PCA_TRANSFORM: 8.29696655273e-05
CLASSIFIERS_PREDICT: 0.000407934188843
SCALER_PCA_TRANSFORM: 8.29696655273e-05
CLASSIFIERS_PREDICT: 0.000386953353882
SCALER_PCA_TRANSFORM: 8.10623168945e-05
CLASSIFIERS_PREDICT: 0.00084400177002
SCALER_PCA_TRANSFORM: 8.41617584229e-05
CLASSIFIERS_PREDICT: 0.000404119491577
SCALER_PCA_TRANSFORM: 8.29696655273e-05
CLASSIFIERS_PREDICT: 0.000405073165894
SCALER_PCA_TRANSFORM: 8.20159912109e-05
CLASSIFIERS_PREDICT: 0.000381946563721
SCALER_PCA_TRANSFORM: 8.20159912109e-05
CLASSIFIERS_PREDICT: 0.000380039215088
SCALER_PCA_TRANSFORM: 8.29696655273e-05
CLASSIFIERS_PREDICT: 0.000385046005249
SCALER_PCA_TRANSFORM: 8.10623168945e-05
CLASSIFIERS_PREDICT: 0.000404119491577
SCALER_PCA_TRANSFORM: 8.29696655273e-05
CLASSIFIERS_PREDICT: 0.000402927398682
SCALER_PCA_TRANSFORM: 9.70363616943e-05
CLASSIFIERS_PREDICT: 0.00038480758667
SCALER_PCA_TRANSFORM: 8.29696655273e-05
CLASSIFIERS_PREDICT: 0.000383138656616
SCALER_PCA_TRANSFORM: 8.20159912109e-05
CLASSIFIERS_PREDICT: 0.0003821849823
SCALER_PCA_TRANSFORM: 8.20159912109e-05
CLASSIFIERS_PREDICT: 0.000401973724365
SCALER_PCA_TRANSFORM: 8.20159912109e-05
CLASSIFIERS_PREDICT: 0.000420093536377
SCALER_PCA_TRANSFORM: 8.20159912109e-05
CLASSIFIERS_PREDICT: 0.000382900238037
SCALER_PCA_TRANSFORM: 8.10623168945e-05
CLASSIFIERS_PREDICT: 0.000382900238037
SCALER_PCA_TRANSFORM: 8.20159912109e-05
CLASSIFIERS_PREDICT: 0.000401020050049
SCALER_PCA_TRANSFORM: 8.20159912109e-05
CLASSIFIERS_PREDICT: 0.000401973724365
SCALER_PCA_TRANSFORM: 8.29696655273e-05
CLASSIFIERS_PREDICT: 0.000424146652222
SCALER_PCA_TRANSFORM: 8.20159912109e-05
CLASSIFIERS_PREDICT: 0.000384092330933
SCALER_PCA_TRANSFORM: 8.29696655273e-05
CLASSIFIERS_PREDICT: 0.000384092330933
SCALER_PCA_TRANSFORM: 8.08238983154e-05
CLASSIFIERS_PREDICT: 0.000382900238037
SCALER_PCA_TRANSFORM: 8.20159912109e-05
CLASSIFIERS_PREDICT: 0.000403881072998
SCALER_PCA_TRANSFORM: 8.10623168945e-05
CLASSIFIERS_PREDICT: 0.000431776046753
SCALER_PCA_TRANSFORM: 8.29696655273e-05
CLASSIFIERS_PREDICT: 0.000385999679565
SCALER_PCA_TRANSFORM: 8.20159912109e-05
CLASSIFIERS_PREDICT: 0.000383853912354
SCALER_PCA_TRANSFORM: 8.20159912109e-05
CLASSIFIERS_PREDICT: 0.000383853912354
SCALER_PCA_TRANSFORM: 8.20159912109e-05
CLASSIFIERS_PREDICT: 0.000401973724365
SCALER_PCA_TRANSFORM: 8.29696655273e-05
CLASSIFIERS_PREDICT: 0.000424146652222
SCALER_PCA_TRANSFORM: 8.20159912109e-05
CLASSIFIERS_PREDICT: 0.000380992889404
SCALER_PCA_TRANSFORM: 8.29696655273e-05
CLASSIFIERS_PREDICT: 0.000395059585571
SCALER_PCA_TRANSFORM: 8.08238983154e-05
CLASSIFIERS_PREDICT: 0.000385046005249
SCALER_PCA_TRANSFORM: 8.29696655273e-05
CLASSIFIERS_PREDICT: 0.000406980514526
SCALER_PCA_TRANSFORM: 8.17775726318e-05
CLASSIFIERS_PREDICT: 0.000402927398682
SCALER_PCA_TRANSFORM: 8.20159912109e-05
CLASSIFIERS_PREDICT: 0.000382900238037
SCALER_PCA_TRANSFORM: 8.10623168945e-05
CLASSIFIERS_PREDICT: 0.000403165817261
SCALER_PCA_TRANSFORM: 8.20159912109e-05
CLASSIFIERS_PREDICT: 0.000402927398682
SCALER_PCA_TRANSFORM: 8.10623168945e-05
CLASSIFIERS_PREDICT: 0.000379085540771
SCALER_PCA_TRANSFORM: 8.10623168945e-05
CLASSIFIERS_PREDICT: 0.000404119491577
SCALER_PCA_TRANSFORM: 8.20159912109e-05
CLASSIFIERS_PREDICT: 0.000380992889404
SCALER_PCA_TRANSFORM: 8.29696655273e-05
CLASSIFIERS_PREDICT: 0.000404119491577
SCALER_PCA_TRANSFORM: 9.3936920166e-05
CLASSIFIERS_PREDICT: 0.00042200088501
SCALER_PCA_TRANSFORM: 8.20159912109e-05
CLASSIFIERS_PREDICT: 0.0003821849823
SCALER_PCA_TRANSFORM: 8.10623168945e-05
CLASSIFIERS_PREDICT: 0.000380992889404
SCALER_PCA_TRANSFORM: 8.20159912109e-05
CLASSIFIERS_PREDICT: 0.000384092330933
SCALER_PCA_TRANSFORM: 8.10623168945e-05
CLASSIFIERS_PREDICT: 0.000404834747314
SCALER_PCA_TRANSFORM: 8.08238983154e-05
CLASSIFIERS_PREDICT: 0.000380039215088
SCALER_PCA_TRANSFORM: 8.08238983154e-05
CLASSIFIERS_PREDICT: 0.000401020050049
SCALER_PCA_TRANSFORM: 8.29696655273e-05
CLASSIFIERS_PREDICT: 0.000393867492676
SCALER_PCA_TRANSFORM: 8.20159912109e-05
CLASSIFIERS_PREDICT: 0.000418901443481
SCALER_PCA_TRANSFORM: 8.20159912109e-05
CLASSIFIERS_PREDICT: 0.000384092330933
SCALER_PCA_TRANSFORM: 8.20159912109e-05
CLASSIFIERS_PREDICT: 0.000381946563721
SCALER_PCA_TRANSFORM: 8.20159912109e-05
CLASSIFIERS_PREDICT: 0.000380992889404
SCALER_PCA_TRANSFORM: 8.08238983154e-05
CLASSIFIERS_PREDICT: 0.000382900238037
SCALER_PCA_TRANSFORM: 8.39233398438e-05
CLASSIFIERS_PREDICT: 0.000402927398682
SCALER_PCA_TRANSFORM: 8.20159912109e-05
CLASSIFIERS_PREDICT: 0.000393152236938
SCALER_PCA_TRANSFORM: 8.39233398438e-05
CLASSIFIERS_PREDICT: 0.000382900238037
SCALER_PCA_TRANSFORM: 8.20159912109e-05
CLASSIFIERS_PREDICT: 0.000403165817261
SCALER_PCA_TRANSFORM: 8.39233398438e-05
CLASSIFIERS_PREDICT: 0.0003821849823
SCALER_PCA_TRANSFORM: 8.51154327393e-05
CLASSIFIERS_PREDICT: 0.000422954559326
SCALER_PCA_TRANSFORM: 8.29696655273e-05
CLASSIFIERS_PREDICT: 0.000385046005249
SCALER_PCA_TRANSFORM: 8.29696655273e-05
CLASSIFIERS_PREDICT: 0.000401973724365
SCALER_PCA_TRANSFORM: 8.20159912109e-05
CLASSIFIERS_PREDICT: 0.000404119491577
SCALER_PCA_TRANSFORM: 8.20159912109e-05
CLASSIFIERS_PREDICT: 0.000384092330933
SCALER_PCA_TRANSFORM: 8.20159912109e-05
CLASSIFIERS_PREDICT: 0.000380992889404
SCALER_PCA_TRANSFORM: 8.29696655273e-05
CLASSIFIERS_PREDICT: 0.000380992889404
SCALER_PCA_TRANSFORM: 8.29696655273e-05
CLASSIFIERS_PREDICT: 0.000401020050049
SCALER_PCA_TRANSFORM: 8.10623168945e-05
CLASSIFIERS_PREDICT: 0.000383138656616
SCALER_PCA_TRANSFORM: 8.29696655273e-05
CLASSIFIERS_PREDICT: 0.000406980514526
SCALER_PCA_TRANSFORM: 8.20159912109e-05
CLASSIFIERS_PREDICT: 0.000385999679565
SCALER_PCA_TRANSFORM: 8.10623168945e-05
CLASSIFIERS_PREDICT: 0.000382900238037
SCALER_PCA_TRANSFORM: 8.10623168945e-05
CLASSIFIERS_PREDICT: 0.000425100326538
SCALER_PCA_TRANSFORM: 8.29696655273e-05
CLASSIFIERS_PREDICT: 0.000383853912354
SCALER_PCA_TRANSFORM: 8.08238983154e-05
CLASSIFIERS_PREDICT: 0.000419855117798
SCALER_PCA_TRANSFORM: 8.20159912109e-05
CLASSIFIERS_PREDICT: 0.000383138656616
SCALER_PCA_TRANSFORM: 8.20159912109e-05
CLASSIFIERS_PREDICT: 0.000403165817261
SCALER_PCA_TRANSFORM: 8.20159912109e-05
CLASSIFIERS_PREDICT: 0.000384092330933
SCALER_PCA_TRANSFORM: 8.20159912109e-05
CLASSIFIERS_PREDICT: 0.000498056411743
SCALER_PCA_TRANSFORM: 8.20159912109e-05
CLASSIFIERS_PREDICT: 0.0003821849823
SCALER_PCA_TRANSFORM: 8.20159912109e-05
CLASSIFIERS_PREDICT: 0.000401973724365
SCALER_PCA_TRANSFORM: 8.39233398438e-05
CLASSIFIERS_PREDICT: 0.000392913818359
SCALER_PCA_TRANSFORM: 8.20159912109e-05
CLASSIFIERS_PREDICT: 0.000420808792114
SCALER_PCA_TRANSFORM: 8.10623168945e-05
CLASSIFIERS_PREDICT: 0.000384092330933
SCALER_PCA_TRANSFORM: 8.20159912109e-05
CLASSIFIERS_PREDICT: 0.000401973724365
SCALER_PCA_TRANSFORM: 8.29696655273e-05
CLASSIFIERS_PREDICT: 0.000387191772461
SCALER_PCA_TRANSFORM: 8.20159912109e-05
CLASSIFIERS_PREDICT: 0.000384092330933
SCALER_PCA_TRANSFORM: 8.20159912109e-05
CLASSIFIERS_PREDICT: 0.000406980514526
SCALER_PCA_TRANSFORM: 8.20159912109e-05
CLASSIFIERS_PREDICT: 0.000391960144043
SCALER_PCA_TRANSFORM: 8.29696655273e-05
CLASSIFIERS_PREDICT: 0.000405073165894
SCALER_PCA_TRANSFORM: 8.20159912109e-05
CLASSIFIERS_PREDICT: 0.000382900238037
SCALER_PCA_TRANSFORM: 8.29696655273e-05
CLASSIFIERS_PREDICT: 0.000426054000854
SCALER_PCA_TRANSFORM: 8.29696655273e-05
CLASSIFIERS_PREDICT: 0.000385046005249
SCALER_PCA_TRANSFORM: 8.20159912109e-05
CLASSIFIERS_PREDICT: 0.00042200088501
SCALER_PCA_TRANSFORM: 8.29696655273e-05
CLASSIFIERS_PREDICT: 0.000385999679565
SCALER_PCA_TRANSFORM: 8.29696655273e-05
CLASSIFIERS_PREDICT: 0.000422954559326
SCALER_PCA_TRANSFORM: 8.32080841064e-05
CLASSIFIERS_PREDICT: 0.000382900238037
SCALER_PCA_TRANSFORM: 8.32080841064e-05
CLASSIFIERS_PREDICT: 0.000382900238037
SCALER_PCA_TRANSFORM: 8.20159912109e-05
CLASSIFIERS_PREDICT: 0.000404119491577
SCALER_PCA_TRANSFORM: 8.39233398438e-05
CLASSIFIERS_PREDICT: 0.000385999679565
SCALER_PCA_TRANSFORM: 8.20159912109e-05
CLASSIFIERS_PREDICT: 0.000404119491577
SCALER_PCA_TRANSFORM: 8.20159912109e-05
CLASSIFIERS_PREDICT: 0.000383853912354
SCALER_PCA_TRANSFORM: 8.29696655273e-05
CLASSIFIERS_PREDICT: 0.00042200088501
SCALER_PCA_TRANSFORM: 8.29696655273e-05
CLASSIFIERS_PREDICT: 0.000385999679565
SCALER_PCA_TRANSFORM: 8.17775726318e-05
CLASSIFIERS_PREDICT: 0.000421047210693
SCALER_PCA_TRANSFORM: 8.29696655273e-05
CLASSIFIERS_PREDICT: 0.000383138656616
SCALER_PCA_TRANSFORM: 9.98973846436e-05
CLASSIFIERS_PREDICT: 0.000423192977905
SCALER_PCA_TRANSFORM: 8.29696655273e-05
CLASSIFIERS_PREDICT: 0.000384092330933
SCALER_PCA_TRANSFORM: 8.20159912109e-05
CLASSIFIERS_PREDICT: 0.000381946563721
SCALER_PCA_TRANSFORM: 8.29696655273e-05
CLASSIFIERS_PREDICT: 0.000403881072998
SCALER_PCA_TRANSFORM: 8.08238983154e-05
CLASSIFIERS_PREDICT: 0.000382900238037
SCALER_PCA_TRANSFORM: 8.20159912109e-05
CLASSIFIERS_PREDICT: 0.000403881072998
SCALER_PCA_TRANSFORM: 8.10623168945e-05
CLASSIFIERS_PREDICT: 0.000383138656616
SCALER_PCA_TRANSFORM: 8.29696655273e-05
CLASSIFIERS_PREDICT: 0.000435829162598
SCALER_PCA_TRANSFORM: 8.01086425781e-05
CLASSIFIERS_PREDICT: 0.000385046005249
SCALER_PCA_TRANSFORM: 8.60691070557e-05
CLASSIFIERS_PREDICT: 0.000425100326538
SCALER_PCA_TRANSFORM: 8.17775726318e-05
CLASSIFIERS_PREDICT: 0.000381946563721
SCALER_PCA_TRANSFORM: 8.20159912109e-05
CLASSIFIERS_PREDICT: 0.000405073165894
SCALER_PCA_TRANSFORM: 8.20159912109e-05
CLASSIFIERS_PREDICT: 0.000383138656616
SCALER_PCA_TRANSFORM: 8.20159912109e-05
CLASSIFIERS_PREDICT: 0.000385046005249
SCALER_PCA_TRANSFORM: 8.10623168945e-05
CLASSIFIERS_PREDICT: 0.000395059585571
SCALER_PCA_TRANSFORM: 8.20159912109e-05
CLASSIFIERS_PREDICT: 0.000422954559326
SCALER_PCA_TRANSFORM: 8.32080841064e-05
CLASSIFIERS_PREDICT: 0.000427007675171
SCALER_PCA_TRANSFORM: 8.20159912109e-05
CLASSIFIERS_PREDICT: 0.000349044799805
SCALER_PCA_TRANSFORM: 8.20159912109e-05
CLASSIFIERS_PREDICT: 0.000348091125488
SCALER_PCA_TRANSFORM: 8.29696655273e-05
CLASSIFIERS_PREDICT: 0.000380992889404
SCALER_PCA_TRANSFORM: 8.20159912109e-05
CLASSIFIERS_PREDICT: 0.000402927398682
SCALER_PCA_TRANSFORM: 8.29696655273e-05
CLASSIFIERS_PREDICT: 0.000440835952759
SCALER_PCA_TRANSFORM: 8.10623168945e-05
CLASSIFIERS_PREDICT: 0.000401020050049
SCALER_PCA_TRANSFORM: 8.29696655273e-05
CLASSIFIERS_PREDICT: 0.000403165817261
SCALER_PCA_TRANSFORM: 8.20159912109e-05
CLASSIFIERS_PREDICT: 0.000439167022705
SCALER_PCA_TRANSFORM: 8.08238983154e-05
CLASSIFIERS_PREDICT: 0.00042200088501
SCALER_PCA_TRANSFORM: 8.29696655273e-05
CLASSIFIERS_PREDICT: 0.000400066375732
SCALER_PCA_TRANSFORM: 8.20159912109e-05
CLASSIFIERS_PREDICT: 0.0003821849823
SCALER_PCA_TRANSFORM: 8.29696655273e-05
CLASSIFIERS_PREDICT: 0.00041389465332
SCALER_PCA_TRANSFORM: 8.20159912109e-05
CLASSIFIERS_PREDICT: 0.000403881072998
SCALER_PCA_TRANSFORM: 8.29696655273e-05
CLASSIFIERS_PREDICT: 0.00042200088501
SCALER_PCA_TRANSFORM: 8.29696655273e-05
CLASSIFIERS_PREDICT: 0.000423192977905
SCALER_PCA_TRANSFORM: 8.08238983154e-05
CLASSIFIERS_PREDICT: 0.00042200088501
SCALER_PCA_TRANSFORM: 8.29696655273e-05
CLASSIFIERS_PREDICT: 0.000424861907959
SCALER_PCA_TRANSFORM: 8.20159912109e-05
CLASSIFIERS_PREDICT: 0.000421047210693
SCALER_PCA_TRANSFORM: 8.20159912109e-05
CLASSIFIERS_PREDICT: 0.000432968139648
SCALER_PCA_TRANSFORM: 8.08238983154e-05
CLASSIFIERS_PREDICT: 0.000381946563721
SCALER_PCA_TRANSFORM: 8.29696655273e-05
CLASSIFIERS_PREDICT: 0.000381946563721
SCALER_PCA_TRANSFORM: 8.20159912109e-05
CLASSIFIERS_PREDICT: 0.000382900238037
SCALER_PCA_TRANSFORM: 8.20159912109e-05
CLASSIFIERS_PREDICT: 0.000382900238037
SCALER_PCA_TRANSFORM: 8.10623168945e-05
CLASSIFIERS_PREDICT: 0.000424146652222
SCALER_PCA_TRANSFORM: 8.41617584229e-05
CLASSIFIERS_PREDICT: 0.000404119491577
SCALER_PCA_TRANSFORM: 8.20159912109e-05
CLASSIFIERS_PREDICT: 0.000415086746216
SCALER_PCA_TRANSFORM: 8.20159912109e-05
CLASSIFIERS_PREDICT: 0.000380992889404
SCALER_PCA_TRANSFORM: 8.20159912109e-05
CLASSIFIERS_PREDICT: 0.000380992889404
SCALER_PCA_TRANSFORM: 8.20159912109e-05
CLASSIFIERS_PREDICT: 0.000380992889404
SCALER_PCA_TRANSFORM: 8.20159912109e-05
CLASSIFIERS_PREDICT: 0.0003821849823
SCALER_PCA_TRANSFORM: 8.20159912109e-05
CLASSIFIERS_PREDICT: 0.000381946563721
SCALER_PCA_TRANSFORM: 8.20159912109e-05
CLASSIFIERS_PREDICT: 0.000475168228149
SCALER_PCA_TRANSFORM: 8.20159912109e-05
CLASSIFIERS_PREDICT: 0.000391960144043
SCALER_PCA_TRANSFORM: 8.20159912109e-05
CLASSIFIERS_PREDICT: 0.000385999679565
SCALER_PCA_TRANSFORM: 8.29696655273e-05
CLASSIFIERS_PREDICT: 0.000383853912354
SCALER_PCA_TRANSFORM: 8.29696655273e-05
CLASSIFIERS_PREDICT: 0.000381946563721
SCALER_PCA_TRANSFORM: 0.000100135803223
CLASSIFIERS_PREDICT: 0.000384092330933
SCALER_PCA_TRANSFORM: 8.20159912109e-05
CLASSIFIERS_PREDICT: 0.000382900238037
SCALER_PCA_TRANSFORM: 8.29696655273e-05
CLASSIFIERS_PREDICT: 0.000382900238037
SCALER_PCA_TRANSFORM: 8.29696655273e-05
CLASSIFIERS_PREDICT: 0.000380992889404
SCALER_PCA_TRANSFORM: 8.10623168945e-05
CLASSIFIERS_PREDICT: 0.000385046005249
SCALER_PCA_TRANSFORM: 8.10623168945e-05
CLASSIFIERS_PREDICT: 0.000384092330933
SCALER_PCA_TRANSFORM: 8.20159912109e-05
CLASSIFIERS_PREDICT: 0.000381946563721
SCALER_PCA_TRANSFORM: 8.20159912109e-05
CLASSIFIERS_PREDICT: 0.000395059585571
SCALER_PCA_TRANSFORM: 8.32080841064e-05
CLASSIFIERS_PREDICT: 0.000381946563721
SCALER_PCA_TRANSFORM: 8.20159912109e-05
CLASSIFIERS_PREDICT: 0.000384092330933
SCALER_PCA_TRANSFORM: 8.20159912109e-05
CLASSIFIERS_PREDICT: 0.000383138656616
SCALER_PCA_TRANSFORM: 8.10623168945e-05
CLASSIFIERS_PREDICT: 0.000381946563721
SCALER_PCA_TRANSFORM: 8.20159912109e-05
CLASSIFIERS_PREDICT: 0.000382900238037
SCALER_PCA_TRANSFORM: 8.20159912109e-05
CLASSIFIERS_PREDICT: 0.0003821849823
SCALER_PCA_TRANSFORM: 8.20159912109e-05
CLASSIFIERS_PREDICT: 0.000396966934204
SCALER_PCA_TRANSFORM: 8.20159912109e-05
CLASSIFIERS_PREDICT: 0.000384092330933
SCALER_PCA_TRANSFORM: 8.29696655273e-05
CLASSIFIERS_PREDICT: 0.000383853912354
SCALER_PCA_TRANSFORM: 8.29696655273e-05
CLASSIFIERS_PREDICT: 0.000383138656616
SCALER_PCA_TRANSFORM: 8.29696655273e-05
CLASSIFIERS_PREDICT: 0.000385046005249
SCALER_PCA_TRANSFORM: 8.20159912109e-05
CLASSIFIERS_PREDICT: 0.000380039215088
SCALER_PCA_TRANSFORM: 8.20159912109e-05
CLASSIFIERS_PREDICT: 0.000381946563721
SCALER_PCA_TRANSFORM: 8.20159912109e-05
CLASSIFIERS_PREDICT: 0.000380992889404
SCALER_PCA_TRANSFORM: 8.39233398438e-05
CLASSIFIERS_PREDICT: 0.000380992889404
SCALER_PCA_TRANSFORM: 8.29696655273e-05
CLASSIFIERS_PREDICT: 0.000380992889404
SCALER_PCA_TRANSFORM: 8.29696655273e-05
CLASSIFIERS_PREDICT: 0.000383138656616
SCALER_PCA_TRANSFORM: 8.10623168945e-05
CLASSIFIERS_PREDICT: 0.000389099121094
SCALER_PCA_TRANSFORM: 8.20159912109e-05
CLASSIFIERS_PREDICT: 0.000383138656616
SCALER_PCA_TRANSFORM: 8.29696655273e-05
CLASSIFIERS_PREDICT: 0.000380992889404
SCALER_PCA_TRANSFORM: 8.20159912109e-05
CLASSIFIERS_PREDICT: 0.00038480758667
SCALER_PCA_TRANSFORM: 8.32080841064e-05
CLASSIFIERS_PREDICT: 0.000381946563721
SCALER_PCA_TRANSFORM: 8.17775726318e-05
CLASSIFIERS_PREDICT: 0.000383853912354
SCALER_PCA_TRANSFORM: 8.10623168945e-05
CLASSIFIERS_PREDICT: 0.000381946563721
SCALER_PCA_TRANSFORM: 8.20159912109e-05
CLASSIFIERS_PREDICT: 0.000393867492676
SCALER_PCA_TRANSFORM: 8.29696655273e-05
CLASSIFIERS_PREDICT: 0.000381946563721
SCALER_PCA_TRANSFORM: 8.29696655273e-05
CLASSIFIERS_PREDICT: 0.000386953353882
SCALER_PCA_TRANSFORM: 8.20159912109e-05
CLASSIFIERS_PREDICT: 0.000383138656616
SCALER_PCA_TRANSFORM: 8.39233398438e-05
CLASSIFIERS_PREDICT: 0.000382900238037
SCALER_PCA_TRANSFORM: 8.20159912109e-05
CLASSIFIERS_PREDICT: 0.000381946563721
SCALER_PCA_TRANSFORM: 8.20159912109e-05
CLASSIFIERS_PREDICT: 0.000381946563721
SCALER_PCA_TRANSFORM: 8.29696655273e-05
CLASSIFIERS_PREDICT: 0.000384092330933
SCALER_PCA_TRANSFORM: 8.29696655273e-05
CLASSIFIERS_PREDICT: 0.000381946563721
SCALER_PCA_TRANSFORM: 8.10623168945e-05
CLASSIFIERS_PREDICT: 0.000380039215088
SCALER_PCA_TRANSFORM: 8.20159912109e-05
CLASSIFIERS_PREDICT: 0.000384092330933
SCALER_PCA_TRANSFORM: 8.20159912109e-05
CLASSIFIERS_PREDICT: 0.000391960144043
SCALER_PCA_TRANSFORM: 8.29696655273e-05
CLASSIFIERS_PREDICT: 0.0003821849823
SCALER_PCA_TRANSFORM: 8.20159912109e-05
CLASSIFIERS_PREDICT: 0.000380992889404
SCALER_PCA_TRANSFORM: 8.29696655273e-05
CLASSIFIERS_PREDICT: 0.000383138656616
SCALER_PCA_TRANSFORM: 8.29696655273e-05
CLASSIFIERS_PREDICT: 0.000379800796509
SCALER_PCA_TRANSFORM: 8.20159912109e-05
CLASSIFIERS_PREDICT: 0.000383138656616
SCALER_PCA_TRANSFORM: 8.10623168945e-05
CLASSIFIERS_PREDICT: 0.000381946563721
SCALER_PCA_TRANSFORM: 8.29696655273e-05
CLASSIFIERS_PREDICT: 0.000391006469727
SCALER_PCA_TRANSFORM: 8.20159912109e-05
CLASSIFIERS_PREDICT: 0.000381946563721
SCALER_PCA_TRANSFORM: 8.29696655273e-05
CLASSIFIERS_PREDICT: 0.000384092330933
SCALER_PCA_TRANSFORM: 8.32080841064e-05
CLASSIFIERS_PREDICT: 0.000381946563721
SCALER_PCA_TRANSFORM: 8.20159912109e-05
CLASSIFIERS_PREDICT: 0.000383138656616
SCALER_PCA_TRANSFORM: 8.20159912109e-05
CLASSIFIERS_PREDICT: 0.000382900238037
SCALER_PCA_TRANSFORM: 8.29696655273e-05
CLASSIFIERS_PREDICT: 0.000385999679565
SCALER_PCA_TRANSFORM: 8.10623168945e-05
CLASSIFIERS_PREDICT: 0.000380992889404
SCALER_PCA_TRANSFORM: 8.20159912109e-05
CLASSIFIERS_PREDICT: 0.000382900238037
SCALER_PCA_TRANSFORM: 8.10623168945e-05
CLASSIFIERS_PREDICT: 0.000382900238037
SCALER_PCA_TRANSFORM: 8.32080841064e-05
CLASSIFIERS_PREDICT: 0.000383853912354
SCALER_PCA_TRANSFORM: 8.20159912109e-05
CLASSIFIERS_PREDICT: 0.000391006469727
SCALER_PCA_TRANSFORM: 8.20159912109e-05
CLASSIFIERS_PREDICT: 0.000385046005249
SCALER_PCA_TRANSFORM: 8.20159912109e-05
CLASSIFIERS_PREDICT: 0.000380992889404
SCALER_PCA_TRANSFORM: 8.20159912109e-05
CLASSIFIERS_PREDICT: 0.000385999679565
SCALER_PCA_TRANSFORM: 8.29696655273e-05
CLASSIFIERS_PREDICT: 0.0003821849823
SCALER_PCA_TRANSFORM: 8.08238983154e-05
CLASSIFIERS_PREDICT: 0.00038480758667
SCALER_PCA_TRANSFORM: 8.20159912109e-05
CLASSIFIERS_PREDICT: 0.000382900238037
SCALER_PCA_TRANSFORM: 8.20159912109e-05
CLASSIFIERS_PREDICT: 0.000393867492676
SCALER_PCA_TRANSFORM: 8.20159912109e-05
CLASSIFIERS_PREDICT: 0.0003821849823
SCALER_PCA_TRANSFORM: 8.20159912109e-05
CLASSIFIERS_PREDICT: 0.000385999679565
SCALER_PCA_TRANSFORM: 8.20159912109e-05
CLASSIFIERS_PREDICT: 0.00047779083252
SCALER_PCA_TRANSFORM: 8.29696655273e-05
CLASSIFIERS_PREDICT: 0.000384092330933
SCALER_PCA_TRANSFORM: 8.20159912109e-05
CLASSIFIERS_PREDICT: 0.000380992889404
SCALER_PCA_TRANSFORM: 8.29696655273e-05
CLASSIFIERS_PREDICT: 0.000385046005249
SCALER_PCA_TRANSFORM: 8.39233398438e-05
CLASSIFIERS_PREDICT: 0.000393152236938
SCALER_PCA_TRANSFORM: 8.29696655273e-05
CLASSIFIERS_PREDICT: 0.000384092330933
SCALER_PCA_TRANSFORM: 8.20159912109e-05
CLASSIFIERS_PREDICT: 0.000381946563721
SCALER_PCA_TRANSFORM: 8.20159912109e-05
CLASSIFIERS_PREDICT: 0.000385046005249
SCALER_PCA_TRANSFORM: 8.29696655273e-05
CLASSIFIERS_PREDICT: 0.000384092330933
SCALER_PCA_TRANSFORM: 8.29696655273e-05
CLASSIFIERS_PREDICT: 0.000383138656616
SCALER_PCA_TRANSFORM: 8.29696655273e-05
CLASSIFIERS_PREDICT: 0.000378131866455
SCALER_PCA_TRANSFORM: 8.29696655273e-05
CLASSIFIERS_PREDICT: 0.000381946563721
SCALER_PCA_TRANSFORM: 8.20159912109e-05
CLASSIFIERS_PREDICT: 0.00037407875061
SCALER_PCA_TRANSFORM: 8.29696655273e-05
CLASSIFIERS_PREDICT: 0.000375986099243
SCALER_PCA_TRANSFORM: 8.20159912109e-05
CLASSIFIERS_PREDICT: 0.000371932983398
SCALER_PCA_TRANSFORM: 8.20159912109e-05
CLASSIFIERS_PREDICT: 0.000387907028198
SCALER_PCA_TRANSFORM: 8.10623168945e-05
CLASSIFIERS_PREDICT: 0.000346183776855
SCALER_PCA_TRANSFORM: 8.20159912109e-05
CLASSIFIERS_PREDICT: 0.000349998474121
SCALER_PCA_TRANSFORM: 8.20159912109e-05
CLASSIFIERS_PREDICT: 0.000345945358276
SCALER_PCA_TRANSFORM: 8.10623168945e-05
CLASSIFIERS_PREDICT: 0.000349998474121
SCALER_PCA_TRANSFORM: 8.29696655273e-05
CLASSIFIERS_PREDICT: 0.000349044799805
SCALER_PCA_TRANSFORM: 8.20159912109e-05
CLASSIFIERS_PREDICT: 0.000348091125488
SCALER_PCA_TRANSFORM: 8.08238983154e-05
CLASSIFIERS_PREDICT: 0.000346899032593
SCALER_PCA_TRANSFORM: 8.17775726318e-05
CLASSIFIERS_PREDICT: 0.000350952148438
SCALER_PCA_TRANSFORM: 8.10623168945e-05
CLASSIFIERS_PREDICT: 0.000345945358276
SCALER_PCA_TRANSFORM: 8.39233398438e-05
CLASSIFIERS_PREDICT: 0.000348806381226
SCALER_PCA_TRANSFORM: 8.20159912109e-05
CLASSIFIERS_PREDICT: 0.000357151031494
SCALER_PCA_TRANSFORM: 8.20159912109e-05
CLASSIFIERS_PREDICT: 0.000348091125488
SCALER_PCA_TRANSFORM: 8.29696655273e-05
CLASSIFIERS_PREDICT: 0.000346899032593
SCALER_PCA_TRANSFORM: 8.20159912109e-05
CLASSIFIERS_PREDICT: 0.000348091125488
SCALER_PCA_TRANSFORM: 8.29696655273e-05
CLASSIFIERS_PREDICT: 0.000348091125488
SCALER_PCA_TRANSFORM: 8.20159912109e-05
CLASSIFIERS_PREDICT: 0.000348091125488
SCALER_PCA_TRANSFORM: 8.20159912109e-05
CLASSIFIERS_PREDICT: 0.000347137451172
SCALER_PCA_TRANSFORM: 8.20159912109e-05
CLASSIFIERS_PREDICT: 0.000347852706909
SCALER_PCA_TRANSFORM: 8.20159912109e-05
CLASSIFIERS_PREDICT: 0.000348806381226
SCALER_PCA_TRANSFORM: 8.29696655273e-05
CLASSIFIERS_PREDICT: 0.000349044799805
SCALER_PCA_TRANSFORM: 8.10623168945e-05
CLASSIFIERS_PREDICT: 0.000345945358276
SCALER_PCA_TRANSFORM: 8.29696655273e-05
CLASSIFIERS_PREDICT: 0.000356912612915
SCALER_PCA_TRANSFORM: 8.32080841064e-05
CLASSIFIERS_PREDICT: 0.000348091125488
SCALER_PCA_TRANSFORM: 8.29696655273e-05
CLASSIFIERS_PREDICT: 0.000347852706909
SCALER_PCA_TRANSFORM: 8.20159912109e-05
CLASSIFIERS_PREDICT: 0.000348806381226
SCALER_PCA_TRANSFORM: 8.29696655273e-05
CLASSIFIERS_PREDICT: 0.000364780426025
SCALER_PCA_TRANSFORM: 8.20159912109e-05
CLASSIFIERS_PREDICT: 0.000347137451172
SCALER_PCA_TRANSFORM: 8.32080841064e-05
CLASSIFIERS_PREDICT: 0.000348806381226
SCALER_PCA_TRANSFORM: 8.20159912109e-05
CLASSIFIERS_PREDICT: 0.000350952148438
SCALER_PCA_TRANSFORM: 8.32080841064e-05
CLASSIFIERS_PREDICT: 0.000350952148438
SCALER_PCA_TRANSFORM: 8.08238983154e-05
CLASSIFIERS_PREDICT: 0.000347852706909
SCALER_PCA_TRANSFORM: 8.29696655273e-05
CLASSIFIERS_PREDICT: 0.000379085540771
SCALER_PCA_TRANSFORM: 8.20159912109e-05
CLASSIFIERS_PREDICT: 0.000382900238037
SCALER_PCA_TRANSFORM: 8.29696655273e-05
CLASSIFIERS_PREDICT: 0.000380992889404
SCALER_PCA_TRANSFORM: 8.20159912109e-05
CLASSIFIERS_PREDICT: 0.000381946563721
SCALER_PCA_TRANSFORM: 8.29696655273e-05
CLASSIFIERS_PREDICT: 0.000383853912354
SCALER_PCA_TRANSFORM: 8.20159912109e-05
CLASSIFIERS_PREDICT: 0.000398874282837
SCALER_PCA_TRANSFORM: 8.29696655273e-05
CLASSIFIERS_PREDICT: 0.000382900238037
SCALER_PCA_TRANSFORM: 8.29696655273e-05
CLASSIFIERS_PREDICT: 0.000381946563721
SCALER_PCA_TRANSFORM: 8.10623168945e-05
CLASSIFIERS_PREDICT: 0.000382900238037
SCALER_PCA_TRANSFORM: 8.20159912109e-05
CLASSIFIERS_PREDICT: 0.000384092330933
SCALER_PCA_TRANSFORM: 8.29696655273e-05
CLASSIFIERS_PREDICT: 0.000380039215088
SCALER_PCA_TRANSFORM: 8.10623168945e-05
CLASSIFIERS_PREDICT: 0.000384092330933
SCALER_PCA_TRANSFORM: 8.20159912109e-05
CLASSIFIERS_PREDICT: 0.000396013259888
SCALER_PCA_TRANSFORM: 8.10623168945e-05
CLASSIFIERS_PREDICT: 0.000384092330933
SCALER_PCA_TRANSFORM: 8.20159912109e-05
CLASSIFIERS_PREDICT: 0.000385046005249
SCALER_PCA_TRANSFORM: 8.20159912109e-05
CLASSIFIERS_PREDICT: 0.000384092330933
SCALER_PCA_TRANSFORM: 8.29696655273e-05
CLASSIFIERS_PREDICT: 0.000381946563721
SCALER_PCA_TRANSFORM: 8.20159912109e-05
CLASSIFIERS_PREDICT: 0.000380039215088
SCALER_PCA_TRANSFORM: 8.29696655273e-05
CLASSIFIERS_PREDICT: 0.000385046005249
SCALER_PCA_TRANSFORM: 8.20159912109e-05
CLASSIFIERS_PREDICT: 0.000383138656616
SCALER_PCA_TRANSFORM: 8.29696655273e-05
CLASSIFIERS_PREDICT: 0.000383853912354
SCALER_PCA_TRANSFORM: 8.29696655273e-05
CLASSIFIERS_PREDICT: 0.000384092330933
SCALER_PCA_TRANSFORM: 8.10623168945e-05
CLASSIFIERS_PREDICT: 0.000383853912354
SCALER_PCA_TRANSFORM: 9.29832458496e-05
CLASSIFIERS_PREDICT: 0.000382900238037
SCALER_PCA_TRANSFORM: 8.32080841064e-05
CLASSIFIERS_PREDICT: 0.000384092330933
SCALER_PCA_TRANSFORM: 8.17775726318e-05
CLASSIFIERS_PREDICT: 0.000381946563721
SCALER_PCA_TRANSFORM: 8.32080841064e-05
CLASSIFIERS_PREDICT: 0.000385046005249
SCALER_PCA_TRANSFORM: 8.20159912109e-05
CLASSIFIERS_PREDICT: 0.000385999679565
SCALER_PCA_TRANSFORM: 8.41617584229e-05
CLASSIFIERS_PREDICT: 0.000385046005249
SCALER_PCA_TRANSFORM: 8.20159912109e-05
CLASSIFIERS_PREDICT: 0.000478982925415
SCALER_PCA_TRANSFORM: 8.29696655273e-05
CLASSIFIERS_PREDICT: 0.000383853912354
SCALER_PCA_TRANSFORM: 8.10623168945e-05
CLASSIFIERS_PREDICT: 0.000379085540771
SCALER_PCA_TRANSFORM: 8.32080841064e-05
CLASSIFIERS_PREDICT: 0.000382900238037
SCALER_PCA_TRANSFORM: 8.29696655273e-05
CLASSIFIERS_PREDICT: 0.000381946563721
SCALER_PCA_TRANSFORM: 8.29696655273e-05
CLASSIFIERS_PREDICT: 0.000380992889404
SCALER_PCA_TRANSFORM: 8.08238983154e-05
CLASSIFIERS_PREDICT: 0.000380039215088
SCALER_PCA_TRANSFORM: 8.29696655273e-05
CLASSIFIERS_PREDICT: 0.000383853912354
SCALER_PCA_TRANSFORM: 8.29696655273e-05
CLASSIFIERS_PREDICT: 0.000396013259888
SCALER_PCA_TRANSFORM: 8.20159912109e-05
CLASSIFIERS_PREDICT: 0.000384092330933
SCALER_PCA_TRANSFORM: 8.20159912109e-05
CLASSIFIERS_PREDICT: 0.000381946563721
SCALER_PCA_TRANSFORM: 8.29696655273e-05
CLASSIFIERS_PREDICT: 0.000385046005249
SCALER_PCA_TRANSFORM: 8.20159912109e-05
CLASSIFIERS_PREDICT: 0.000381946563721
SCALER_PCA_TRANSFORM: 8.20159912109e-05
CLASSIFIERS_PREDICT: 0.000384092330933
SCALER_PCA_TRANSFORM: 8.08238983154e-05
CLASSIFIERS_PREDICT: 0.000381946563721
SCALER_PCA_TRANSFORM: 8.20159912109e-05
CLASSIFIERS_PREDICT: 0.000385999679565
SCALER_PCA_TRANSFORM: 8.10623168945e-05
CLASSIFIERS_PREDICT: 0.0003821849823
SCALER_PCA_TRANSFORM: 8.29696655273e-05
CLASSIFIERS_PREDICT: 0.000383853912354
SCALER_PCA_TRANSFORM: 8.20159912109e-05
CLASSIFIERS_PREDICT: 0.000380992889404
SCALER_PCA_TRANSFORM: 8.29696655273e-05
CLASSIFIERS_PREDICT: 0.000389099121094
SCALER_PCA_TRANSFORM: 8.08238983154e-05
CLASSIFIERS_PREDICT: 0.000382900238037
SCALER_PCA_TRANSFORM: 8.29696655273e-05
CLASSIFIERS_PREDICT: 0.000384092330933
SCALER_PCA_TRANSFORM: 8.20159912109e-05
CLASSIFIERS_PREDICT: 0.000383138656616
SCALER_PCA_TRANSFORM: 8.32080841064e-05
CLASSIFIERS_PREDICT: 0.000385999679565
SCALER_PCA_TRANSFORM: 8.29696655273e-05
CLASSIFIERS_PREDICT: 0.000384092330933
SCALER_PCA_TRANSFORM: 8.29696655273e-05
CLASSIFIERS_PREDICT: 0.000384092330933
SCALER_PCA_TRANSFORM: 8.20159912109e-05
CLASSIFIERS_PREDICT: 0.000395774841309
SCALER_PCA_TRANSFORM: 8.17775726318e-05
CLASSIFIERS_PREDICT: 0.000385046005249
SCALER_PCA_TRANSFORM: 8.29696655273e-05
CLASSIFIERS_PREDICT: 0.000381946563721
SCALER_PCA_TRANSFORM: 8.20159912109e-05
CLASSIFIERS_PREDICT: 0.000384092330933
SCALER_PCA_TRANSFORM: 8.17775726318e-05
CLASSIFIERS_PREDICT: 0.000381946563721
SCALER_PCA_TRANSFORM: 8.20159912109e-05
CLASSIFIERS_PREDICT: 0.000385046005249
SCALER_PCA_TRANSFORM: 8.20159912109e-05
CLASSIFIERS_PREDICT: 0.000381946563721
SCALER_PCA_TRANSFORM: 8.20159912109e-05
CLASSIFIERS_PREDICT: 0.000394105911255
SCALER_PCA_TRANSFORM: 8.20159912109e-05
CLASSIFIERS_PREDICT: 0.000383138656616
SCALER_PCA_TRANSFORM: 8.20159912109e-05
CLASSIFIERS_PREDICT: 0.000382900238037
SCALER_PCA_TRANSFORM: 8.20159912109e-05
CLASSIFIERS_PREDICT: 0.000381946563721
SCALER_PCA_TRANSFORM: 9.60826873779e-05
CLASSIFIERS_PREDICT: 0.000385999679565
SCALER_PCA_TRANSFORM: 8.20159912109e-05
CLASSIFIERS_PREDICT: 0.000382900238037
SCALER_PCA_TRANSFORM: 8.20159912109e-05
CLASSIFIERS_PREDICT: 0.000385999679565
SCALER_PCA_TRANSFORM: 8.29696655273e-05
CLASSIFIERS_PREDICT: 0.000382900238037
SCALER_PCA_TRANSFORM: 8.20159912109e-05
CLASSIFIERS_PREDICT: 0.000385999679565
SCALER_PCA_TRANSFORM: 8.20159912109e-05
CLASSIFIERS_PREDICT: 0.000379085540771
SCALER_PCA_TRANSFORM: 8.29696655273e-05
CLASSIFIERS_PREDICT: 0.000385046005249
SCALER_PCA_TRANSFORM: 8.20159912109e-05
CLASSIFIERS_PREDICT: 0.000391960144043
SCALER_PCA_TRANSFORM: 8.29696655273e-05
CLASSIFIERS_PREDICT: 0.000385999679565
SCALER_PCA_TRANSFORM: 8.10623168945e-05
CLASSIFIERS_PREDICT: 0.000384092330933
SCALER_PCA_TRANSFORM: 8.20159912109e-05
CLASSIFIERS_PREDICT: 0.000380992889404
SCALER_PCA_TRANSFORM: 8.20159912109e-05
CLASSIFIERS_PREDICT: 0.000380039215088
SCALER_PCA_TRANSFORM: 8.29696655273e-05
CLASSIFIERS_PREDICT: 0.000383853912354
SCALER_PCA_TRANSFORM: 8.29696655273e-05
CLASSIFIERS_PREDICT: 0.000380992889404
SCALER_PCA_TRANSFORM: 8.29696655273e-05
CLASSIFIERS_PREDICT: 0.000401020050049
SCALER_PCA_TRANSFORM: 8.20159912109e-05
CLASSIFIERS_PREDICT: 0.000384092330933
SCALER_PCA_TRANSFORM: 8.29696655273e-05
CLASSIFIERS_PREDICT: 0.000383853912354
SCALER_PCA_TRANSFORM: 8.17775726318e-05
CLASSIFIERS_PREDICT: 0.000380039215088
SCALER_PCA_TRANSFORM: 8.29696655273e-05
CLASSIFIERS_PREDICT: 0.000383853912354
SCALER_PCA_TRANSFORM: 8.20159912109e-05
CLASSIFIERS_PREDICT: 0.000380992889404
SCALER_PCA_TRANSFORM: 8.20159912109e-05
CLASSIFIERS_PREDICT: 0.000379800796509
SCALER_PCA_TRANSFORM: 8.20159912109e-05
CLASSIFIERS_PREDICT: 0.000380992889404
SCALER_PCA_TRANSFORM: 8.20159912109e-05
CLASSIFIERS_PREDICT: 0.000384092330933
SCALER_PCA_TRANSFORM: 8.08238983154e-05
CLASSIFIERS_PREDICT: 0.000378847122192
SCALER_PCA_TRANSFORM: 8.20159912109e-05
CLASSIFIERS_PREDICT: 0.000379085540771
SCALER_PCA_TRANSFORM: 8.20159912109e-05
CLASSIFIERS_PREDICT: 0.000391006469727
SCALER_PCA_TRANSFORM: 8.20159912109e-05
CLASSIFIERS_PREDICT: 0.000383138656616
SCALER_PCA_TRANSFORM: 8.08238983154e-05
CLASSIFIERS_PREDICT: 0.000378847122192
SCALER_PCA_TRANSFORM: 8.29696655273e-05
CLASSIFIERS_PREDICT: 0.000382900238037
SCALER_PCA_TRANSFORM: 8.20159912109e-05
CLASSIFIERS_PREDICT: 0.000380992889404
SCALER_PCA_TRANSFORM: 8.20159912109e-05
CLASSIFIERS_PREDICT: 0.000385046005249
SCALER_PCA_TRANSFORM: 8.20159912109e-05
CLASSIFIERS_PREDICT: 0.000380039215088
SCALER_PCA_TRANSFORM: 8.29696655273e-05
CLASSIFIERS_PREDICT: 0.000392913818359
SCALER_PCA_TRANSFORM: 8.20159912109e-05
CLASSIFIERS_PREDICT: 0.000381231307983
SCALER_PCA_TRANSFORM: 8.20159912109e-05
CLASSIFIERS_PREDICT: 0.000380992889404
SCALER_PCA_TRANSFORM: 8.10623168945e-05
CLASSIFIERS_PREDICT: 0.0003821849823
SCALER_PCA_TRANSFORM: 8.98838043213e-05
CLASSIFIERS_PREDICT: 0.000383138656616
SCALER_PCA_TRANSFORM: 8.20159912109e-05
CLASSIFIERS_PREDICT: 0.000382900238037
SCALER_PCA_TRANSFORM: 8.20159912109e-05
CLASSIFIERS_PREDICT: 0.000383853912354
SCALER_PCA_TRANSFORM: 8.20159912109e-05
CLASSIFIERS_PREDICT: 0.00047492980957
SCALER_PCA_TRANSFORM: 8.20159912109e-05
CLASSIFIERS_PREDICT: 0.000384092330933
SCALER_PCA_TRANSFORM: 8.20159912109e-05
CLASSIFIERS_PREDICT: 0.000380992889404
SCALER_PCA_TRANSFORM: 8.29696655273e-05
CLASSIFIERS_PREDICT: 0.000386953353882
SCALER_PCA_TRANSFORM: 9.29832458496e-05
CLASSIFIERS_PREDICT: 0.000380992889404
SCALER_PCA_TRANSFORM: 8.29696655273e-05
CLASSIFIERS_PREDICT: 0.000385046005249
SCALER_PCA_TRANSFORM: 8.20159912109e-05
CLASSIFIERS_PREDICT: 0.000383138656616
SCALER_PCA_TRANSFORM: 8.20159912109e-05
CLASSIFIERS_PREDICT: 0.000380992889404
SCALER_PCA_TRANSFORM: 8.32080841064e-05
CLASSIFIERS_PREDICT: 0.000380992889404
SCALER_PCA_TRANSFORM: 8.29696655273e-05
CLASSIFIERS_PREDICT: 0.000384092330933
SCALER_PCA_TRANSFORM: 8.17775726318e-05
CLASSIFIERS_PREDICT: 0.000381946563721
SCALER_PCA_TRANSFORM: 8.20159912109e-05
CLASSIFIERS_PREDICT: 0.000442981719971
SCALER_PCA_TRANSFORM: 8.08238983154e-05
CLASSIFIERS_PREDICT: 0.000381946563721
SCALER_PCA_TRANSFORM: 8.20159912109e-05
CLASSIFIERS_PREDICT: 0.000381946563721
SCALER_PCA_TRANSFORM: 8.20159912109e-05
CLASSIFIERS_PREDICT: 0.000380039215088
SCALER_PCA_TRANSFORM: 8.29696655273e-05
CLASSIFIERS_PREDICT: 0.00037693977356
SCALER_PCA_TRANSFORM: 8.10623168945e-05
CLASSIFIERS_PREDICT: 0.000373125076294
SCALER_PCA_TRANSFORM: 8.20159912109e-05
CLASSIFIERS_PREDICT: 0.000372171401978
SCALER_PCA_TRANSFORM: 8.10623168945e-05
CLASSIFIERS_PREDICT: 0.000408887863159
SCALER_PCA_TRANSFORM: 8.20159912109e-05
CLASSIFIERS_PREDICT: 0.000349044799805
SCALER_PCA_TRANSFORM: 8.20159912109e-05
CLASSIFIERS_PREDICT: 0.000347137451172
SCALER_PCA_TRANSFORM: 8.20159912109e-05
CLASSIFIERS_PREDICT: 0.000349998474121
SCALER_PCA_TRANSFORM: 8.70227813721e-05
CLASSIFIERS_PREDICT: 0.000363826751709
SCALER_PCA_TRANSFORM: 8.20159912109e-05
CLASSIFIERS_PREDICT: 0.000350952148438
SCALER_PCA_TRANSFORM: 8.29696655273e-05
CLASSIFIERS_PREDICT: 0.000345945358276
SCALER_PCA_TRANSFORM: 8.17775726318e-05
CLASSIFIERS_PREDICT: 0.00040602684021
SCALER_PCA_TRANSFORM: 8.08238983154e-05
CLASSIFIERS_PREDICT: 0.000402927398682
SCALER_PCA_TRANSFORM: 8.20159912109e-05
CLASSIFIERS_PREDICT: 0.000425100326538
SCALER_PCA_TRANSFORM: 8.10623168945e-05
CLASSIFIERS_PREDICT: 0.000421047210693
SCALER_PCA_TRANSFORM: 9.89437103271e-05
CLASSIFIERS_PREDICT: 0.00040602684021
SCALER_PCA_TRANSFORM: 8.20159912109e-05
CLASSIFIERS_PREDICT: 0.00040602684021
SCALER_PCA_TRANSFORM: 8.20159912109e-05
CLASSIFIERS_PREDICT: 0.000405073165894
SCALER_PCA_TRANSFORM: 8.20159912109e-05
CLASSIFIERS_PREDICT: 0.000402927398682
SCALER_PCA_TRANSFORM: 8.29696655273e-05
CLASSIFIERS_PREDICT: 0.00040078163147
SCALER_PCA_TRANSFORM: 8.08238983154e-05
CLASSIFIERS_PREDICT: 0.000399112701416
SCALER_PCA_TRANSFORM: 8.20159912109e-05
CLASSIFIERS_PREDICT: 0.000405073165894
SCALER_PCA_TRANSFORM: 9.01222229004e-05
CLASSIFIERS_PREDICT: 0.000405073165894
SCALER_PCA_TRANSFORM: 8.20159912109e-05
CLASSIFIERS_PREDICT: 0.000401973724365
SCALER_PCA_TRANSFORM: 8.29696655273e-05
CLASSIFIERS_PREDICT: 0.000401973724365
SCALER_PCA_TRANSFORM: 8.20159912109e-05
CLASSIFIERS_PREDICT: 0.000403881072998
SCALER_PCA_TRANSFORM: 8.20159912109e-05
CLASSIFIERS_PREDICT: 0.000401973724365
SCALER_PCA_TRANSFORM: 8.20159912109e-05
CLASSIFIERS_PREDICT: 0.000404119491577
SCALER_PCA_TRANSFORM: 8.08238983154e-05
CLASSIFIERS_PREDICT: 0.000402927398682
SCALER_PCA_TRANSFORM: 9.70363616943e-05
CLASSIFIERS_PREDICT: 0.000405073165894
SCALER_PCA_TRANSFORM: 8.20159912109e-05
CLASSIFIERS_PREDICT: 0.000398874282837
SCALER_PCA_TRANSFORM: 8.32080841064e-05
CLASSIFIERS_PREDICT: 0.00040602684021
SCALER_PCA_TRANSFORM: 8.10623168945e-05
CLASSIFIERS_PREDICT: 0.000400066375732
SCALER_PCA_TRANSFORM: 8.29696655273e-05
CLASSIFIERS_PREDICT: 0.000401020050049
SCALER_PCA_TRANSFORM: 8.29696655273e-05
CLASSIFIERS_PREDICT: 0.000401973724365
SCALER_PCA_TRANSFORM: 8.29696655273e-05
CLASSIFIERS_PREDICT: 0.000401973724365
SCALER_PCA_TRANSFORM: 8.29696655273e-05
CLASSIFIERS_PREDICT: 0.000403165817261
SCALER_PCA_TRANSFORM: 8.20159912109e-05
CLASSIFIERS_PREDICT: 0.000403165817261
SCALER_PCA_TRANSFORM: 8.08238983154e-05
CLASSIFIERS_PREDICT: 0.000401973724365
SCALER_PCA_TRANSFORM: 8.20159912109e-05
CLASSIFIERS_PREDICT: 0.000401020050049
SCALER_PCA_TRANSFORM: 8.20159912109e-05
CLASSIFIERS_PREDICT: 0.000403881072998
SCALER_PCA_TRANSFORM: 8.20159912109e-05
CLASSIFIERS_PREDICT: 0.000404834747314
SCALER_PCA_TRANSFORM: 8.29696655273e-05
CLASSIFIERS_PREDICT: 0.000401020050049
SCALER_PCA_TRANSFORM: 8.29696655273e-05
CLASSIFIERS_PREDICT: 0.000404119491577
SCALER_PCA_TRANSFORM: 8.10623168945e-05
CLASSIFIERS_PREDICT: 0.000402927398682
SCALER_PCA_TRANSFORM: 8.20159912109e-05
CLASSIFIERS_PREDICT: 0.000401020050049
SCALER_PCA_TRANSFORM: 8.29696655273e-05
CLASSIFIERS_PREDICT: 0.000402927398682
SCALER_PCA_TRANSFORM: 8.20159912109e-05
CLASSIFIERS_PREDICT: 0.000402927398682
SCALER_PCA_TRANSFORM: 8.20159912109e-05
CLASSIFIERS_PREDICT: 0.000401973724365
SCALER_PCA_TRANSFORM: 8.29696655273e-05
CLASSIFIERS_PREDICT: 0.000402927398682
SCALER_PCA_TRANSFORM: 8.20159912109e-05
CLASSIFIERS_PREDICT: 0.000407934188843
SCALER_PCA_TRANSFORM: 8.20159912109e-05
CLASSIFIERS_PREDICT: 0.000401973724365
SCALER_PCA_TRANSFORM: 8.20159912109e-05
CLASSIFIERS_PREDICT: 0.000407934188843
SCALER_PCA_TRANSFORM: 8.20159912109e-05
CLASSIFIERS_PREDICT: 0.000402927398682
SCALER_PCA_TRANSFORM: 8.20159912109e-05
CLASSIFIERS_PREDICT: 0.00040602684021
SCALER_PCA_TRANSFORM: 8.20159912109e-05
CLASSIFIERS_PREDICT: 0.000401973724365
SCALER_PCA_TRANSFORM: 8.32080841064e-05
CLASSIFIERS_PREDICT: 0.000404834747314
SCALER_PCA_TRANSFORM: 8.20159912109e-05
CLASSIFIERS_PREDICT: 0.000416040420532
SCALER_PCA_TRANSFORM: 8.20159912109e-05
CLASSIFIERS_PREDICT: 0.000402927398682
SCALER_PCA_TRANSFORM: 8.20159912109e-05
CLASSIFIERS_PREDICT: 0.000401973724365
SCALER_PCA_TRANSFORM: 8.29696655273e-05
CLASSIFIERS_PREDICT: 0.000404119491577
SCALER_PCA_TRANSFORM: 8.20159912109e-05
CLASSIFIERS_PREDICT: 0.000401020050049
SCALER_PCA_TRANSFORM: 8.17775726318e-05
CLASSIFIERS_PREDICT: 0.000498056411743
SCALER_PCA_TRANSFORM: 8.51154327393e-05
CLASSIFIERS_PREDICT: 0.000400066375732
SCALER_PCA_TRANSFORM: 8.98838043213e-05
CLASSIFIERS_PREDICT: 0.000384092330933
SCALER_PCA_TRANSFORM: 8.10623168945e-05
CLASSIFIERS_PREDICT: 0.000382900238037
SCALER_PCA_TRANSFORM: 8.20159912109e-05
CLASSIFIERS_PREDICT: 0.000384092330933
SCALER_PCA_TRANSFORM: 8.20159912109e-05
CLASSIFIERS_PREDICT: 0.00037693977356
SCALER_PCA_TRANSFORM: 8.20159912109e-05
CLASSIFIERS_PREDICT: 0.000375032424927
SCALER_PCA_TRANSFORM: 8.20159912109e-05
CLASSIFIERS_PREDICT: 0.000379085540771
SCALER_PCA_TRANSFORM: 8.32080841064e-05
CLASSIFIERS_PREDICT: 0.00037693977356
SCALER_PCA_TRANSFORM: 8.20159912109e-05
CLASSIFIERS_PREDICT: 0.000387191772461
SCALER_PCA_TRANSFORM: 8.20159912109e-05
CLASSIFIERS_PREDICT: 0.00037407875061
SCALER_PCA_TRANSFORM: 8.29696655273e-05
CLASSIFIERS_PREDICT: 0.00037407875061
SCALER_PCA_TRANSFORM: 8.20159912109e-05
CLASSIFIERS_PREDICT: 0.000378847122192
SCALER_PCA_TRANSFORM: 8.32080841064e-05
CLASSIFIERS_PREDICT: 0.000380039215088
SCALER_PCA_TRANSFORM: 8.10623168945e-05
CLASSIFIERS_PREDICT: 0.000375986099243
SCALER_PCA_TRANSFORM: 8.20159912109e-05
CLASSIFIERS_PREDICT: 0.000378131866455
SCALER_PCA_TRANSFORM: 8.10623168945e-05
CLASSIFIERS_PREDICT: 0.000422954559326
SCALER_PCA_TRANSFORM: 8.29696655273e-05
CLASSIFIERS_PREDICT: 0.00040602684021
SCALER_PCA_TRANSFORM: 8.20159912109e-05
CLASSIFIERS_PREDICT: 0.000441074371338
SCALER_PCA_TRANSFORM: 8.20159912109e-05
CLASSIFIERS_PREDICT: 0.000403165817261
SCALER_PCA_TRANSFORM: 8.20159912109e-05
CLASSIFIERS_PREDICT: 0.000380992889404
SCALER_PCA_TRANSFORM: 8.20159912109e-05
CLASSIFIERS_PREDICT: 0.000380039215088
SCALER_PCA_TRANSFORM: 8.29696655273e-05
CLASSIFIERS_PREDICT: 0.00037693977356
SCALER_PCA_TRANSFORM: 8.20159912109e-05
CLASSIFIERS_PREDICT: 0.000375986099243
SCALER_PCA_TRANSFORM: 8.20159912109e-05
CLASSIFIERS_PREDICT: 0.000370979309082
SCALER_PCA_TRANSFORM: 8.20159912109e-05
CLASSIFIERS_PREDICT: 0.000347137451172
SCALER_PCA_TRANSFORM: 8.20159912109e-05
CLASSIFIERS_PREDICT: 0.000348091125488
SCALER_PCA_TRANSFORM: 8.20159912109e-05
CLASSIFIERS_PREDICT: 0.000359058380127
SCALER_PCA_TRANSFORM: 8.29696655273e-05
CLASSIFIERS_PREDICT: 0.000346899032593
SCALER_PCA_TRANSFORM: 8.20159912109e-05
CLASSIFIERS_PREDICT: 0.000348806381226
SCALER_PCA_TRANSFORM: 8.20159912109e-05
CLASSIFIERS_PREDICT: 0.000346183776855
SCALER_PCA_TRANSFORM: 8.41617584229e-05
CLASSIFIERS_PREDICT: 0.000383138656616
SCALER_PCA_TRANSFORM: 8.10623168945e-05
CLASSIFIERS_PREDICT: 0.000375032424927
SCALER_PCA_TRANSFORM: 8.20159912109e-05
CLASSIFIERS_PREDICT: 0.000351190567017
SCALER_PCA_TRANSFORM: 8.10623168945e-05
CLASSIFIERS_PREDICT: 0.000373840332031
SCALER_PCA_TRANSFORM: 8.32080841064e-05
CLASSIFIERS_PREDICT: 0.000380992889404
SCALER_PCA_TRANSFORM: 8.29696655273e-05
CLASSIFIERS_PREDICT: 0.000379085540771
SCALER_PCA_TRANSFORM: 8.29696655273e-05
CLASSIFIERS_PREDICT: 0.000380992889404
SCALER_PCA_TRANSFORM: 9.29832458496e-05
CLASSIFIERS_PREDICT: 0.000401973724365
SCALER_PCA_TRANSFORM: 8.32080841064e-05
CLASSIFIERS_PREDICT: 0.000423908233643
SCALER_PCA_TRANSFORM: 8.20159912109e-05
CLASSIFIERS_PREDICT: 0.00042200088501
SCALER_PCA_TRANSFORM: 8.20159912109e-05
CLASSIFIERS_PREDICT: 0.000426054000854
SCALER_PCA_TRANSFORM: 8.10623168945e-05
CLASSIFIERS_PREDICT: 0.00042200088501
SCALER_PCA_TRANSFORM: 8.29696655273e-05
CLASSIFIERS_PREDICT: 0.000424146652222
SCALER_PCA_TRANSFORM: 8.20159912109e-05
CLASSIFIERS_PREDICT: 0.000423908233643
SCALER_PCA_TRANSFORM: 8.29696655273e-05
CLASSIFIERS_PREDICT: 0.000424146652222
SCALER_PCA_TRANSFORM: 8.29696655273e-05
CLASSIFIERS_PREDICT: 0.00042200088501
SCALER_PCA_TRANSFORM: 8.08238983154e-05
CLASSIFIERS_PREDICT: 0.000427007675171
SCALER_PCA_TRANSFORM: 8.20159912109e-05
CLASSIFIERS_PREDICT: 0.000416040420532
SCALER_PCA_TRANSFORM: 8.29696655273e-05
CLASSIFIERS_PREDICT: 0.00042200088501
SCALER_PCA_TRANSFORM: 8.10623168945e-05
CLASSIFIERS_PREDICT: 0.000375986099243
SCALER_PCA_TRANSFORM: 8.20159912109e-05
CLASSIFIERS_PREDICT: 0.000346183776855
SCALER_PCA_TRANSFORM: 9.48905944824e-05
CLASSIFIERS_PREDICT: 0.000379085540771
SCALER_PCA_TRANSFORM: 8.39233398438e-05
CLASSIFIERS_PREDICT: 0.000424861907959
SCALER_PCA_TRANSFORM: 8.20159912109e-05
CLASSIFIERS_PREDICT: 0.000418186187744
SCALER_PCA_TRANSFORM: 8.29696655273e-05
CLASSIFIERS_PREDICT: 0.000424146652222
SCALER_PCA_TRANSFORM: 8.20159912109e-05
CLASSIFIERS_PREDICT: 0.000421047210693
SCALER_PCA_TRANSFORM: 8.29696655273e-05
CLASSIFIERS_PREDICT: 0.000422954559326
SCALER_PCA_TRANSFORM: 8.10623168945e-05
CLASSIFIERS_PREDICT: 0.000420808792114
SCALER_PCA_TRANSFORM: 9.51290130615e-05
CLASSIFIERS_PREDICT: 0.000423908233643
SCALER_PCA_TRANSFORM: 8.20159912109e-05
CLASSIFIERS_PREDICT: 0.000424146652222
SCALER_PCA_TRANSFORM: 8.29696655273e-05
CLASSIFIERS_PREDICT: 0.000407934188843
SCALER_PCA_TRANSFORM: 8.20159912109e-05
CLASSIFIERS_PREDICT: 0.00040602684021
SCALER_PCA_TRANSFORM: 8.20159912109e-05
CLASSIFIERS_PREDICT: 0.000405073165894
SCALER_PCA_TRANSFORM: 8.20159912109e-05
CLASSIFIERS_PREDICT: 0.00040602684021
SCALER_PCA_TRANSFORM: 8.20159912109e-05
CLASSIFIERS_PREDICT: 0.000405073165894
SCALER_PCA_TRANSFORM: 8.20159912109e-05
CLASSIFIERS_PREDICT: 0.000403165817261
SCALER_PCA_TRANSFORM: 8.08238983154e-05
CLASSIFIERS_PREDICT: 0.000403881072998
SCALER_PCA_TRANSFORM: 8.17775726318e-05
CLASSIFIERS_PREDICT: 0.000381946563721
SCALER_PCA_TRANSFORM: 8.20159912109e-05
CLASSIFIERS_PREDICT: 0.000383853912354
SCALER_PCA_TRANSFORM: 8.20159912109e-05
CLASSIFIERS_PREDICT: 0.000405073165894
SCALER_PCA_TRANSFORM: 8.39233398438e-05
CLASSIFIERS_PREDICT: 0.000382900238037
SCALER_PCA_TRANSFORM: 8.20159912109e-05
CLASSIFIERS_PREDICT: 0.000385046005249
SCALER_PCA_TRANSFORM: 9.70363616943e-05
CLASSIFIERS_PREDICT: 0.00038480758667
SCALER_PCA_TRANSFORM: 8.20159912109e-05
CLASSIFIERS_PREDICT: 0.00040602684021
SCALER_PCA_TRANSFORM: 8.20159912109e-05
CLASSIFIERS_PREDICT: 0.000431060791016
SCALER_PCA_TRANSFORM: 8.20159912109e-05
CLASSIFIERS_PREDICT: 0.000483989715576
SCALER_PCA_TRANSFORM: 8.29696655273e-05
CLASSIFIERS_PREDICT: 0.000383853912354
SCALER_PCA_TRANSFORM: 8.20159912109e-05
CLASSIFIERS_PREDICT: 0.000378847122192
SCALER_PCA_TRANSFORM: 8.39233398438e-05
CLASSIFIERS_PREDICT: 0.000383138656616
SCALER_PCA_TRANSFORM: 9.3936920166e-05
CLASSIFIERS_PREDICT: 0.000385046005249
SCALER_PCA_TRANSFORM: 8.29696655273e-05
CLASSIFIERS_PREDICT: 0.000383853912354
SCALER_PCA_TRANSFORM: 8.20159912109e-05
CLASSIFIERS_PREDICT: 0.000383138656616
SCALER_PCA_TRANSFORM: 8.39233398438e-05
CLASSIFIERS_PREDICT: 0.000383853912354
SCALER_PCA_TRANSFORM: 8.20159912109e-05
CLASSIFIERS_PREDICT: 0.00040602684021
