SCALER_PCA_FIT_TRANSFORM: 0.00243806838989
CLASSIFIERS_FIT: 1.2782959938
SCALER_PCA_TRANSFORM: 8.79764556885e-05
CLASSIFIERS_PREDICT: 0.000140190124512
SCALER_PCA_TRANSFORM: 8.29696655273e-05
CLASSIFIERS_PREDICT: 0.000133991241455
SCALER_PCA_TRANSFORM: 8.20159912109e-05
CLASSIFIERS_PREDICT: 0.000149011611938
SCALER_PCA_TRANSFORM: 8.29696655273e-05
CLASSIFIERS_PREDICT: 0.000134944915771
SCALER_PCA_TRANSFORM: 8.20159912109e-05
CLASSIFIERS_PREDICT: 0.000133037567139
SCALER_PCA_TRANSFORM: 8.29696655273e-05
CLASSIFIERS_PREDICT: 0.000131845474243
SCALER_PCA_TRANSFORM: 8.29696655273e-05
CLASSIFIERS_PREDICT: 0.000131130218506
SCALER_PCA_TRANSFORM: 8.10623168945e-05
CLASSIFIERS_PREDICT: 0.000130176544189
SCALER_PCA_TRANSFORM: 8.29696655273e-05
CLASSIFIERS_PREDICT: 0.000133037567139
SCALER_PCA_TRANSFORM: 8.20159912109e-05
CLASSIFIERS_PREDICT: 0.000133991241455
SCALER_PCA_TRANSFORM: 8.20159912109e-05
CLASSIFIERS_PREDICT: 0.000131130218506
SCALER_PCA_TRANSFORM: 8.20159912109e-05
CLASSIFIERS_PREDICT: 0.000132083892822
SCALER_PCA_TRANSFORM: 8.10623168945e-05
CLASSIFIERS_PREDICT: 0.000128030776978
SCALER_PCA_TRANSFORM: 8.29696655273e-05
CLASSIFIERS_PREDICT: 0.00012993812561
SCALER_PCA_TRANSFORM: 7.9870223999e-05
CLASSIFIERS_PREDICT: 0.000130176544189
SCALER_PCA_TRANSFORM: 8.20159912109e-05
CLASSIFIERS_PREDICT: 0.000131130218506
SCALER_PCA_TRANSFORM: 8.20159912109e-05
CLASSIFIERS_PREDICT: 0.00012993812561
SCALER_PCA_TRANSFORM: 8.29696655273e-05
CLASSIFIERS_PREDICT: 0.000137090682983
SCALER_PCA_TRANSFORM: 8.01086425781e-05
CLASSIFIERS_PREDICT: 0.00012993812561
SCALER_PCA_TRANSFORM: 7.9870223999e-05
CLASSIFIERS_PREDICT: 0.000130176544189
SCALER_PCA_TRANSFORM: 8.20159912109e-05
CLASSIFIERS_PREDICT: 0.000130891799927
SCALER_PCA_TRANSFORM: 8.20159912109e-05
CLASSIFIERS_PREDICT: 0.000133991241455
SCALER_PCA_TRANSFORM: 8.20159912109e-05
CLASSIFIERS_PREDICT: 0.000131845474243
SCALER_PCA_TRANSFORM: 8.10623168945e-05
CLASSIFIERS_PREDICT: 0.000131130218506
SCALER_PCA_TRANSFORM: 8.17775726318e-05
CLASSIFIERS_PREDICT: 0.000130891799927
SCALER_PCA_TRANSFORM: 8.20159912109e-05
CLASSIFIERS_PREDICT: 0.000133991241455
SCALER_PCA_TRANSFORM: 8.17775726318e-05
CLASSIFIERS_PREDICT: 0.000131130218506
SCALER_PCA_TRANSFORM: 8.01086425781e-05
CLASSIFIERS_PREDICT: 0.00012993812561
SCALER_PCA_TRANSFORM: 8.20159912109e-05
CLASSIFIERS_PREDICT: 0.000133991241455
SCALER_PCA_TRANSFORM: 8.29696655273e-05
CLASSIFIERS_PREDICT: 0.000135898590088
SCALER_PCA_TRANSFORM: 8.20159912109e-05
CLASSIFIERS_PREDICT: 0.000132083892822
SCALER_PCA_TRANSFORM: 8.29696655273e-05
CLASSIFIERS_PREDICT: 0.000131845474243
SCALER_PCA_TRANSFORM: 8.20159912109e-05
CLASSIFIERS_PREDICT: 0.000133037567139
SCALER_PCA_TRANSFORM: 8.20159912109e-05
CLASSIFIERS_PREDICT: 0.00012993812561
SCALER_PCA_TRANSFORM: 8.20159912109e-05
CLASSIFIERS_PREDICT: 0.000130176544189
SCALER_PCA_TRANSFORM: 8.20159912109e-05
CLASSIFIERS_PREDICT: 0.000144004821777
SCALER_PCA_TRANSFORM: 8.10623168945e-05
CLASSIFIERS_PREDICT: 0.000129222869873
SCALER_PCA_TRANSFORM: 8.29696655273e-05
CLASSIFIERS_PREDICT: 0.000133037567139
SCALER_PCA_TRANSFORM: 8.29696655273e-05
CLASSIFIERS_PREDICT: 0.000133991241455
SCALER_PCA_TRANSFORM: 8.20159912109e-05
CLASSIFIERS_PREDICT: 0.00012993812561
SCALER_PCA_TRANSFORM: 9.51290130615e-05
CLASSIFIERS_PREDICT: 0.000133991241455
SCALER_PCA_TRANSFORM: 8.29696655273e-05
CLASSIFIERS_PREDICT: 0.000134944915771
SCALER_PCA_TRANSFORM: 8.20159912109e-05
CLASSIFIERS_PREDICT: 0.000131130218506
SCALER_PCA_TRANSFORM: 8.29696655273e-05
CLASSIFIERS_PREDICT: 0.000133037567139
SCALER_PCA_TRANSFORM: 8.29696655273e-05
CLASSIFIERS_PREDICT: 0.000133037567139
SCALER_PCA_TRANSFORM: 7.9870223999e-05
CLASSIFIERS_PREDICT: 0.00012993812561
SCALER_PCA_TRANSFORM: 8.20159912109e-05
CLASSIFIERS_PREDICT: 0.000135898590088
SCALER_PCA_TRANSFORM: 8.20159912109e-05
CLASSIFIERS_PREDICT: 0.000132083892822
SCALER_PCA_TRANSFORM: 8.20159912109e-05
CLASSIFIERS_PREDICT: 0.00012993812561
SCALER_PCA_TRANSFORM: 8.10623168945e-05
CLASSIFIERS_PREDICT: 0.000132083892822
SCALER_PCA_TRANSFORM: 7.9870223999e-05
CLASSIFIERS_PREDICT: 0.000128984451294
SCALER_PCA_TRANSFORM: 8.10623168945e-05
CLASSIFIERS_PREDICT: 0.000132083892822
SCALER_PCA_TRANSFORM: 8.10623168945e-05
CLASSIFIERS_PREDICT: 0.00012993812561
SCALER_PCA_TRANSFORM: 8.20159912109e-05
CLASSIFIERS_PREDICT: 0.00012993812561
SCALER_PCA_TRANSFORM: 8.01086425781e-05
CLASSIFIERS_PREDICT: 0.000142097473145
SCALER_PCA_TRANSFORM: 8.17775726318e-05
CLASSIFIERS_PREDICT: 0.000132083892822
SCALER_PCA_TRANSFORM: 8.10623168945e-05
CLASSIFIERS_PREDICT: 0.000128984451294
SCALER_PCA_TRANSFORM: 8.20159912109e-05
CLASSIFIERS_PREDICT: 0.000131130218506
SCALER_PCA_TRANSFORM: 8.08238983154e-05
CLASSIFIERS_PREDICT: 0.000130891799927
SCALER_PCA_TRANSFORM: 9.98973846436e-05
CLASSIFIERS_PREDICT: 0.000128984451294
SCALER_PCA_TRANSFORM: 8.08238983154e-05
CLASSIFIERS_PREDICT: 0.000133991241455
SCALER_PCA_TRANSFORM: 8.29696655273e-05
CLASSIFIERS_PREDICT: 0.000135183334351
SCALER_PCA_TRANSFORM: 8.20159912109e-05
CLASSIFIERS_PREDICT: 0.000132083892822
SCALER_PCA_TRANSFORM: 8.20159912109e-05
CLASSIFIERS_PREDICT: 0.000133991241455
SCALER_PCA_TRANSFORM: 8.20159912109e-05
CLASSIFIERS_PREDICT: 0.000130176544189
SCALER_PCA_TRANSFORM: 8.08238983154e-05
CLASSIFIERS_PREDICT: 0.00012993812561
SCALER_PCA_TRANSFORM: 8.20159912109e-05
CLASSIFIERS_PREDICT: 0.000131130218506
SCALER_PCA_TRANSFORM: 8.10623168945e-05
CLASSIFIERS_PREDICT: 0.00012993812561
SCALER_PCA_TRANSFORM: 8.20159912109e-05
CLASSIFIERS_PREDICT: 0.000133991241455
SCALER_PCA_TRANSFORM: 8.10623168945e-05
CLASSIFIERS_PREDICT: 0.000130176544189
SCALER_PCA_TRANSFORM: 8.20159912109e-05
CLASSIFIERS_PREDICT: 0.00012993812561
SCALER_PCA_TRANSFORM: 8.29696655273e-05
CLASSIFIERS_PREDICT: 0.000132083892822
SCALER_PCA_TRANSFORM: 8.29696655273e-05
CLASSIFIERS_PREDICT: 0.000132083892822
SCALER_PCA_TRANSFORM: 8.20159912109e-05
CLASSIFIERS_PREDICT: 0.000150203704834
SCALER_PCA_TRANSFORM: 8.10623168945e-05
CLASSIFIERS_PREDICT: 0.000131130218506
SCALER_PCA_TRANSFORM: 8.10623168945e-05
CLASSIFIERS_PREDICT: 0.000130176544189
SCALER_PCA_TRANSFORM: 8.10623168945e-05
CLASSIFIERS_PREDICT: 0.000127792358398
SCALER_PCA_TRANSFORM: 8.20159912109e-05
CLASSIFIERS_PREDICT: 0.00012993812561
SCALER_PCA_TRANSFORM: 8.39233398438e-05
CLASSIFIERS_PREDICT: 0.000133037567139
SCALER_PCA_TRANSFORM: 8.20159912109e-05
CLASSIFIERS_PREDICT: 0.000133037567139
SCALER_PCA_TRANSFORM: 8.29696655273e-05
CLASSIFIERS_PREDICT: 0.000131130218506
SCALER_PCA_TRANSFORM: 8.29696655273e-05
CLASSIFIERS_PREDICT: 0.000134944915771
SCALER_PCA_TRANSFORM: 7.9870223999e-05
CLASSIFIERS_PREDICT: 0.000128984451294
SCALER_PCA_TRANSFORM: 8.10623168945e-05
CLASSIFIERS_PREDICT: 0.00013279914856
SCALER_PCA_TRANSFORM: 8.20159912109e-05
CLASSIFIERS_PREDICT: 0.000135898590088
SCALER_PCA_TRANSFORM: 8.10623168945e-05
CLASSIFIERS_PREDICT: 0.000130176544189
SCALER_PCA_TRANSFORM: 8.20159912109e-05
CLASSIFIERS_PREDICT: 0.00013279914856
SCALER_PCA_TRANSFORM: 8.20159912109e-05
CLASSIFIERS_PREDICT: 0.000132083892822
SCALER_PCA_TRANSFORM: 8.29696655273e-05
CLASSIFIERS_PREDICT: 0.000131130218506
SCALER_PCA_TRANSFORM: 8.10623168945e-05
CLASSIFIERS_PREDICT: 0.000131130218506
SCALER_PCA_TRANSFORM: 8.08238983154e-05
CLASSIFIERS_PREDICT: 0.000128984451294
SCALER_PCA_TRANSFORM: 8.17775726318e-05
CLASSIFIERS_PREDICT: 0.000128984451294
SCALER_PCA_TRANSFORM: 8.17775726318e-05
CLASSIFIERS_PREDICT: 0.000138998031616
SCALER_PCA_TRANSFORM: 8.10623168945e-05
CLASSIFIERS_PREDICT: 0.000130891799927
SCALER_PCA_TRANSFORM: 8.01086425781e-05
CLASSIFIERS_PREDICT: 0.000128984451294
SCALER_PCA_TRANSFORM: 8.10623168945e-05
CLASSIFIERS_PREDICT: 0.000132083892822
SCALER_PCA_TRANSFORM: 8.20159912109e-05
CLASSIFIERS_PREDICT: 0.000130891799927
SCALER_PCA_TRANSFORM: 9.08374786377e-05
CLASSIFIERS_PREDICT: 0.000130891799927
SCALER_PCA_TRANSFORM: 8.29696655273e-05
CLASSIFIERS_PREDICT: 0.00012993812561
SCALER_PCA_TRANSFORM: 8.29696655273e-05
CLASSIFIERS_PREDICT: 0.000132083892822
SCALER_PCA_TRANSFORM: 8.20159912109e-05
CLASSIFIERS_PREDICT: 0.000128984451294
SCALER_PCA_TRANSFORM: 8.20159912109e-05
CLASSIFIERS_PREDICT: 0.000130891799927
SCALER_PCA_TRANSFORM: 8.10623168945e-05
CLASSIFIERS_PREDICT: 0.00012993812561
SCALER_PCA_TRANSFORM: 8.10623168945e-05
CLASSIFIERS_PREDICT: 0.000130891799927
SCALER_PCA_TRANSFORM: 8.08238983154e-05
CLASSIFIERS_PREDICT: 0.000130891799927
SCALER_PCA_TRANSFORM: 8.20159912109e-05
CLASSIFIERS_PREDICT: 0.000133991241455
SCALER_PCA_TRANSFORM: 8.20159912109e-05
CLASSIFIERS_PREDICT: 0.00013279914856
SCALER_PCA_TRANSFORM: 8.10623168945e-05
CLASSIFIERS_PREDICT: 0.000131130218506
SCALER_PCA_TRANSFORM: 8.10623168945e-05
CLASSIFIERS_PREDICT: 0.000130176544189
SCALER_PCA_TRANSFORM: 8.20159912109e-05
CLASSIFIERS_PREDICT: 0.000130176544189
SCALER_PCA_TRANSFORM: 8.01086425781e-05
CLASSIFIERS_PREDICT: 0.000128030776978
SCALER_PCA_TRANSFORM: 8.10623168945e-05
CLASSIFIERS_PREDICT: 0.00014591217041
SCALER_PCA_TRANSFORM: 8.20159912109e-05
CLASSIFIERS_PREDICT: 0.000128984451294
SCALER_PCA_TRANSFORM: 8.32080841064e-05
CLASSIFIERS_PREDICT: 0.000131845474243
SCALER_PCA_TRANSFORM: 8.08238983154e-05
CLASSIFIERS_PREDICT: 0.000133037567139
SCALER_PCA_TRANSFORM: 8.20159912109e-05
CLASSIFIERS_PREDICT: 0.000131130218506
SCALER_PCA_TRANSFORM: 9.70363616943e-05
CLASSIFIERS_PREDICT: 0.000134944915771
SCALER_PCA_TRANSFORM: 8.20159912109e-05
CLASSIFIERS_PREDICT: 0.000129222869873
SCALER_PCA_TRANSFORM: 8.10623168945e-05
CLASSIFIERS_PREDICT: 0.000127077102661
SCALER_PCA_TRANSFORM: 8.10623168945e-05
CLASSIFIERS_PREDICT: 0.00012993812561
SCALER_PCA_TRANSFORM: 8.01086425781e-05
CLASSIFIERS_PREDICT: 0.000128984451294
SCALER_PCA_TRANSFORM: 8.20159912109e-05
CLASSIFIERS_PREDICT: 0.000133991241455
SCALER_PCA_TRANSFORM: 8.29696655273e-05
CLASSIFIERS_PREDICT: 0.000132083892822
SCALER_PCA_TRANSFORM: 7.9870223999e-05
CLASSIFIERS_PREDICT: 0.00012993812561
SCALER_PCA_TRANSFORM: 8.29696655273e-05
CLASSIFIERS_PREDICT: 0.000133991241455
SCALER_PCA_TRANSFORM: 8.20159912109e-05
CLASSIFIERS_PREDICT: 0.000130891799927
SCALER_PCA_TRANSFORM: 8.10623168945e-05
CLASSIFIERS_PREDICT: 0.00012993812561
SCALER_PCA_TRANSFORM: 8.10623168945e-05
CLASSIFIERS_PREDICT: 0.000134944915771
SCALER_PCA_TRANSFORM: 8.20159912109e-05
CLASSIFIERS_PREDICT: 0.000132083892822
SCALER_PCA_TRANSFORM: 8.20159912109e-05
CLASSIFIERS_PREDICT: 0.000136852264404
SCALER_PCA_TRANSFORM: 8.29696655273e-05
CLASSIFIERS_PREDICT: 0.000135183334351
SCALER_PCA_TRANSFORM: 8.01086425781e-05
CLASSIFIERS_PREDICT: 0.00012993812561
SCALER_PCA_TRANSFORM: 8.29696655273e-05
CLASSIFIERS_PREDICT: 0.000131130218506
SCALER_PCA_TRANSFORM: 8.10623168945e-05
CLASSIFIERS_PREDICT: 0.000130176544189
SCALER_PCA_TRANSFORM: 8.10623168945e-05
CLASSIFIERS_PREDICT: 0.00012993812561
SCALER_PCA_TRANSFORM: 8.29696655273e-05
CLASSIFIERS_PREDICT: 0.000141143798828
SCALER_PCA_TRANSFORM: 8.10623168945e-05
CLASSIFIERS_PREDICT: 0.000133037567139
SCALER_PCA_TRANSFORM: 8.10623168945e-05
CLASSIFIERS_PREDICT: 0.000128984451294
SCALER_PCA_TRANSFORM: 8.20159912109e-05
CLASSIFIERS_PREDICT: 0.00013279914856
SCALER_PCA_TRANSFORM: 8.10623168945e-05
CLASSIFIERS_PREDICT: 0.000128984451294
SCALER_PCA_TRANSFORM: 8.39233398438e-05
CLASSIFIERS_PREDICT: 0.000130176544189
SCALER_PCA_TRANSFORM: 8.29696655273e-05
CLASSIFIERS_PREDICT: 0.000136137008667
SCALER_PCA_TRANSFORM: 8.20159912109e-05
CLASSIFIERS_PREDICT: 0.00012993812561
SCALER_PCA_TRANSFORM: 8.29696655273e-05
CLASSIFIERS_PREDICT: 0.000135183334351
SCALER_PCA_TRANSFORM: 8.32080841064e-05
CLASSIFIERS_PREDICT: 0.000133991241455
SCALER_PCA_TRANSFORM: 8.20159912109e-05
CLASSIFIERS_PREDICT: 0.000134944915771
SCALER_PCA_TRANSFORM: 8.20159912109e-05
CLASSIFIERS_PREDICT: 0.000133991241455
SCALER_PCA_TRANSFORM: 8.17775726318e-05
CLASSIFIERS_PREDICT: 0.000135898590088
SCALER_PCA_TRANSFORM: 8.20159912109e-05
CLASSIFIERS_PREDICT: 0.000133991241455
SCALER_PCA_TRANSFORM: 8.20159912109e-05
CLASSIFIERS_PREDICT: 0.000133991241455
SCALER_PCA_TRANSFORM: 8.29696655273e-05
CLASSIFIERS_PREDICT: 0.000134944915771
SCALER_PCA_TRANSFORM: 8.10623168945e-05
CLASSIFIERS_PREDICT: 0.000131130218506
SCALER_PCA_TRANSFORM: 8.10623168945e-05
CLASSIFIERS_PREDICT: 0.000128984451294
SCALER_PCA_TRANSFORM: 8.29696655273e-05
CLASSIFIERS_PREDICT: 0.000136137008667
SCALER_PCA_TRANSFORM: 9.58442687988e-05
CLASSIFIERS_PREDICT: 0.000134944915771
SCALER_PCA_TRANSFORM: 8.20159912109e-05
CLASSIFIERS_PREDICT: 0.00013279914856
SCALER_PCA_TRANSFORM: 8.20159912109e-05
CLASSIFIERS_PREDICT: 0.000135183334351
SCALER_PCA_TRANSFORM: 8.20159912109e-05
CLASSIFIERS_PREDICT: 0.000135183334351
SCALER_PCA_TRANSFORM: 8.20159912109e-05
CLASSIFIERS_PREDICT: 0.000133991241455
SCALER_PCA_TRANSFORM: 8.29696655273e-05
CLASSIFIERS_PREDICT: 0.000134944915771
SCALER_PCA_TRANSFORM: 8.08238983154e-05
CLASSIFIERS_PREDICT: 0.00012993812561
SCALER_PCA_TRANSFORM: 8.08238983154e-05
CLASSIFIERS_PREDICT: 0.000128984451294
SCALER_PCA_TRANSFORM: 8.10623168945e-05
CLASSIFIERS_PREDICT: 0.000128984451294
SCALER_PCA_TRANSFORM: 7.9870223999e-05
CLASSIFIERS_PREDICT: 0.000128984451294
SCALER_PCA_TRANSFORM: 8.20159912109e-05
CLASSIFIERS_PREDICT: 0.000131130218506
SCALER_PCA_TRANSFORM: 8.20159912109e-05
CLASSIFIERS_PREDICT: 0.000131845474243
SCALER_PCA_TRANSFORM: 8.01086425781e-05
CLASSIFIERS_PREDICT: 0.000128984451294
SCALER_PCA_TRANSFORM: 8.20159912109e-05
CLASSIFIERS_PREDICT: 0.000131130218506
SCALER_PCA_TRANSFORM: 8.20159912109e-05
CLASSIFIERS_PREDICT: 0.000131845474243
SCALER_PCA_TRANSFORM: 8.29696655273e-05
CLASSIFIERS_PREDICT: 0.000134944915771
SCALER_PCA_TRANSFORM: 8.01086425781e-05
CLASSIFIERS_PREDICT: 0.000130891799927
SCALER_PCA_TRANSFORM: 8.29696655273e-05
CLASSIFIERS_PREDICT: 0.000137090682983
SCALER_PCA_TRANSFORM: 8.20159912109e-05
CLASSIFIERS_PREDICT: 0.000132083892822
SCALER_PCA_TRANSFORM: 9.70363616943e-05
CLASSIFIERS_PREDICT: 0.000135898590088
SCALER_PCA_TRANSFORM: 8.20159912109e-05
CLASSIFIERS_PREDICT: 0.000134944915771
SCALER_PCA_TRANSFORM: 8.32080841064e-05
CLASSIFIERS_PREDICT: 0.000134944915771
SCALER_PCA_TRANSFORM: 8.10623168945e-05
CLASSIFIERS_PREDICT: 0.000133991241455
SCALER_PCA_TRANSFORM: 8.29696655273e-05
CLASSIFIERS_PREDICT: 0.00012993812561
SCALER_PCA_TRANSFORM: 8.29696655273e-05
CLASSIFIERS_PREDICT: 0.000128984451294
SCALER_PCA_TRANSFORM: 8.20159912109e-05
CLASSIFIERS_PREDICT: 0.000131130218506
SCALER_PCA_TRANSFORM: 8.20159912109e-05
CLASSIFIERS_PREDICT: 0.000136137008667
SCALER_PCA_TRANSFORM: 8.29696655273e-05
CLASSIFIERS_PREDICT: 0.000130176544189
SCALER_PCA_TRANSFORM: 8.10623168945e-05
CLASSIFIERS_PREDICT: 0.000131130218506
SCALER_PCA_TRANSFORM: 8.20159912109e-05
CLASSIFIERS_PREDICT: 0.000130891799927
SCALER_PCA_TRANSFORM: 8.10623168945e-05
CLASSIFIERS_PREDICT: 0.000128984451294
SCALER_PCA_TRANSFORM: 8.08238983154e-05
CLASSIFIERS_PREDICT: 0.000130891799927
SCALER_PCA_TRANSFORM: 8.29696655273e-05
CLASSIFIERS_PREDICT: 0.000130891799927
SCALER_PCA_TRANSFORM: 8.10623168945e-05
CLASSIFIERS_PREDICT: 0.000133991241455
SCALER_PCA_TRANSFORM: 8.10623168945e-05
CLASSIFIERS_PREDICT: 0.00012993812561
SCALER_PCA_TRANSFORM: 8.20159912109e-05
CLASSIFIERS_PREDICT: 0.00012993812561
SCALER_PCA_TRANSFORM: 8.10623168945e-05
CLASSIFIERS_PREDICT: 0.00013279914856
SCALER_PCA_TRANSFORM: 8.20159912109e-05
CLASSIFIERS_PREDICT: 0.000132083892822
SCALER_PCA_TRANSFORM: 0.000105142593384
CLASSIFIERS_PREDICT: 0.000135898590088
SCALER_PCA_TRANSFORM: 8.10623168945e-05
CLASSIFIERS_PREDICT: 0.000128984451294
SCALER_PCA_TRANSFORM: 8.20159912109e-05
CLASSIFIERS_PREDICT: 0.000134944915771
SCALER_PCA_TRANSFORM: 8.20159912109e-05
CLASSIFIERS_PREDICT: 0.000133991241455
SCALER_PCA_TRANSFORM: 8.20159912109e-05
CLASSIFIERS_PREDICT: 0.000128984451294
SCALER_PCA_TRANSFORM: 8.39233398438e-05
CLASSIFIERS_PREDICT: 0.000134944915771
SCALER_PCA_TRANSFORM: 8.20159912109e-05
CLASSIFIERS_PREDICT: 0.00013279914856
SCALER_PCA_TRANSFORM: 8.32080841064e-05
CLASSIFIERS_PREDICT: 0.000130891799927
SCALER_PCA_TRANSFORM: 8.29696655273e-05
CLASSIFIERS_PREDICT: 0.000133991241455
SCALER_PCA_TRANSFORM: 8.29696655273e-05
CLASSIFIERS_PREDICT: 0.000131130218506
SCALER_PCA_TRANSFORM: 8.32080841064e-05
CLASSIFIERS_PREDICT: 0.00012993812561
SCALER_PCA_TRANSFORM: 8.20159912109e-05
CLASSIFIERS_PREDICT: 0.000132083892822
SCALER_PCA_TRANSFORM: 8.29696655273e-05
CLASSIFIERS_PREDICT: 0.000131845474243
SCALER_PCA_TRANSFORM: 8.08238983154e-05
CLASSIFIERS_PREDICT: 0.000129222869873
SCALER_PCA_TRANSFORM: 8.10623168945e-05
CLASSIFIERS_PREDICT: 0.000128984451294
SCALER_PCA_TRANSFORM: 8.10623168945e-05
CLASSIFIERS_PREDICT: 0.000130891799927
SCALER_PCA_TRANSFORM: 8.17775726318e-05
CLASSIFIERS_PREDICT: 0.000130891799927
SCALER_PCA_TRANSFORM: 8.20159912109e-05
CLASSIFIERS_PREDICT: 0.000131130218506
SCALER_PCA_TRANSFORM: 8.10623168945e-05
CLASSIFIERS_PREDICT: 0.000132083892822
SCALER_PCA_TRANSFORM: 8.10623168945e-05
CLASSIFIERS_PREDICT: 0.000133037567139
SCALER_PCA_TRANSFORM: 8.20159912109e-05
CLASSIFIERS_PREDICT: 0.000132083892822
SCALER_PCA_TRANSFORM: 8.08238983154e-05
CLASSIFIERS_PREDICT: 0.000133991241455
SCALER_PCA_TRANSFORM: 8.10623168945e-05
CLASSIFIERS_PREDICT: 0.000133037567139
SCALER_PCA_TRANSFORM: 8.20159912109e-05
CLASSIFIERS_PREDICT: 0.000130891799927
SCALER_PCA_TRANSFORM: 7.9870223999e-05
CLASSIFIERS_PREDICT: 0.000133991241455
SCALER_PCA_TRANSFORM: 8.20159912109e-05
CLASSIFIERS_PREDICT: 0.000130891799927
SCALER_PCA_TRANSFORM: 8.10623168945e-05
CLASSIFIERS_PREDICT: 0.00012993812561
SCALER_PCA_TRANSFORM: 8.20159912109e-05
CLASSIFIERS_PREDICT: 0.00012993812561
SCALER_PCA_TRANSFORM: 8.08238983154e-05
CLASSIFIERS_PREDICT: 0.000133037567139
SCALER_PCA_TRANSFORM: 8.20159912109e-05
CLASSIFIERS_PREDICT: 0.000130891799927
SCALER_PCA_TRANSFORM: 8.10623168945e-05
CLASSIFIERS_PREDICT: 0.000132083892822
SCALER_PCA_TRANSFORM: 8.10623168945e-05
CLASSIFIERS_PREDICT: 0.000132083892822
SCALER_PCA_TRANSFORM: 8.10623168945e-05
CLASSIFIERS_PREDICT: 0.000130891799927
SCALER_PCA_TRANSFORM: 8.20159912109e-05
CLASSIFIERS_PREDICT: 0.000144958496094
SCALER_PCA_TRANSFORM: 8.10623168945e-05
CLASSIFIERS_PREDICT: 0.00012993812561
SCALER_PCA_TRANSFORM: 8.20159912109e-05
CLASSIFIERS_PREDICT: 0.000130891799927
SCALER_PCA_TRANSFORM: 7.9870223999e-05
CLASSIFIERS_PREDICT: 0.000128984451294
SCALER_PCA_TRANSFORM: 8.29696655273e-05
CLASSIFIERS_PREDICT: 0.000131130218506
SCALER_PCA_TRANSFORM: 0.000104188919067
CLASSIFIERS_PREDICT: 0.000134944915771
SCALER_PCA_TRANSFORM: 8.32080841064e-05
CLASSIFIERS_PREDICT: 0.000134944915771
SCALER_PCA_TRANSFORM: 8.10623168945e-05
CLASSIFIERS_PREDICT: 0.000135183334351
SCALER_PCA_TRANSFORM: 8.20159912109e-05
CLASSIFIERS_PREDICT: 0.000130891799927
SCALER_PCA_TRANSFORM: 7.9870223999e-05
CLASSIFIERS_PREDICT: 0.000128984451294
SCALER_PCA_TRANSFORM: 8.20159912109e-05
CLASSIFIERS_PREDICT: 0.000132083892822
SCALER_PCA_TRANSFORM: 8.01086425781e-05
CLASSIFIERS_PREDICT: 0.000131130218506
SCALER_PCA_TRANSFORM: 8.29696655273e-05
CLASSIFIERS_PREDICT: 0.000131845474243
SCALER_PCA_TRANSFORM: 8.20159912109e-05
CLASSIFIERS_PREDICT: 0.00012993812561
SCALER_PCA_TRANSFORM: 8.29696655273e-05
CLASSIFIERS_PREDICT: 0.000131130218506
SCALER_PCA_TRANSFORM: 8.10623168945e-05
CLASSIFIERS_PREDICT: 0.000128984451294
SCALER_PCA_TRANSFORM: 8.20159912109e-05
CLASSIFIERS_PREDICT: 0.00012993812561
SCALER_PCA_TRANSFORM: 8.29696655273e-05
CLASSIFIERS_PREDICT: 0.000134944915771
SCALER_PCA_TRANSFORM: 8.32080841064e-05
CLASSIFIERS_PREDICT: 0.000130891799927
SCALER_PCA_TRANSFORM: 8.10623168945e-05
CLASSIFIERS_PREDICT: 0.000155925750732
SCALER_PCA_TRANSFORM: 8.10623168945e-05
CLASSIFIERS_PREDICT: 0.000130176544189
SCALER_PCA_TRANSFORM: 7.9870223999e-05
CLASSIFIERS_PREDICT: 0.000128984451294
SCALER_PCA_TRANSFORM: 8.10623168945e-05
CLASSIFIERS_PREDICT: 0.000130176544189
SCALER_PCA_TRANSFORM: 8.29696655273e-05
CLASSIFIERS_PREDICT: 0.00012993812561
SCALER_PCA_TRANSFORM: 9.17911529541e-05
CLASSIFIERS_PREDICT: 0.000130891799927
SCALER_PCA_TRANSFORM: 8.10623168945e-05
CLASSIFIERS_PREDICT: 0.000128984451294
SCALER_PCA_TRANSFORM: 8.10623168945e-05
CLASSIFIERS_PREDICT: 0.000136137008667
SCALER_PCA_TRANSFORM: 8.08238983154e-05
CLASSIFIERS_PREDICT: 0.00012993812561
SCALER_PCA_TRANSFORM: 8.20159912109e-05
CLASSIFIERS_PREDICT: 0.000130891799927
SCALER_PCA_TRANSFORM: 8.10623168945e-05
CLASSIFIERS_PREDICT: 0.000133037567139
SCALER_PCA_TRANSFORM: 8.20159912109e-05
CLASSIFIERS_PREDICT: 0.000130891799927
SCALER_PCA_TRANSFORM: 8.20159912109e-05
CLASSIFIERS_PREDICT: 0.000131130218506
SCALER_PCA_TRANSFORM: 8.29696655273e-05
CLASSIFIERS_PREDICT: 0.000134944915771
SCALER_PCA_TRANSFORM: 8.10623168945e-05
CLASSIFIERS_PREDICT: 0.000128984451294
SCALER_PCA_TRANSFORM: 8.29696655273e-05
CLASSIFIERS_PREDICT: 0.000134944915771
SCALER_PCA_TRANSFORM: 8.10623168945e-05
CLASSIFIERS_PREDICT: 0.000128984451294
SCALER_PCA_TRANSFORM: 8.08238983154e-05
CLASSIFIERS_PREDICT: 0.000128984451294
SCALER_PCA_TRANSFORM: 8.20159912109e-05
CLASSIFIERS_PREDICT: 0.00012993812561
SCALER_PCA_TRANSFORM: 8.20159912109e-05
CLASSIFIERS_PREDICT: 0.000142812728882
SCALER_PCA_TRANSFORM: 8.10623168945e-05
CLASSIFIERS_PREDICT: 0.000128030776978
SCALER_PCA_TRANSFORM: 8.29696655273e-05
CLASSIFIERS_PREDICT: 0.000130891799927
SCALER_PCA_TRANSFORM: 8.20159912109e-05
CLASSIFIERS_PREDICT: 0.000132083892822
SCALER_PCA_TRANSFORM: 7.9870223999e-05
CLASSIFIERS_PREDICT: 0.000128984451294
SCALER_PCA_TRANSFORM: 8.10623168945e-05
CLASSIFIERS_PREDICT: 0.000128984451294
SCALER_PCA_TRANSFORM: 7.9870223999e-05
CLASSIFIERS_PREDICT: 0.00012993812561
SCALER_PCA_TRANSFORM: 8.20159912109e-05
CLASSIFIERS_PREDICT: 0.000134944915771
SCALER_PCA_TRANSFORM: 8.20159912109e-05
CLASSIFIERS_PREDICT: 0.000133991241455
SCALER_PCA_TRANSFORM: 8.20159912109e-05
CLASSIFIERS_PREDICT: 0.000130891799927
SCALER_PCA_TRANSFORM: 9.29832458496e-05
CLASSIFIERS_PREDICT: 0.000133991241455
SCALER_PCA_TRANSFORM: 8.20159912109e-05
CLASSIFIERS_PREDICT: 0.000128984451294
SCALER_PCA_TRANSFORM: 8.01086425781e-05
CLASSIFIERS_PREDICT: 0.00012993812561
SCALER_PCA_TRANSFORM: 8.08238983154e-05
CLASSIFIERS_PREDICT: 0.00012993812561
SCALER_PCA_TRANSFORM: 8.29696655273e-05
CLASSIFIERS_PREDICT: 0.00012993812561
SCALER_PCA_TRANSFORM: 8.20159912109e-05
CLASSIFIERS_PREDICT: 0.000133991241455
SCALER_PCA_TRANSFORM: 8.39233398438e-05
CLASSIFIERS_PREDICT: 0.000134944915771
SCALER_PCA_TRANSFORM: 8.10623168945e-05
CLASSIFIERS_PREDICT: 0.00012993812561
SCALER_PCA_TRANSFORM: 8.10623168945e-05
CLASSIFIERS_PREDICT: 0.000131130218506
SCALER_PCA_TRANSFORM: 8.08238983154e-05
CLASSIFIERS_PREDICT: 0.000130176544189
SCALER_PCA_TRANSFORM: 8.20159912109e-05
CLASSIFIERS_PREDICT: 0.000131130218506
SCALER_PCA_TRANSFORM: 8.10623168945e-05
CLASSIFIERS_PREDICT: 0.000128984451294
SCALER_PCA_TRANSFORM: 8.20159912109e-05
CLASSIFIERS_PREDICT: 0.000132083892822
SCALER_PCA_TRANSFORM: 8.17775726318e-05
CLASSIFIERS_PREDICT: 0.000128984451294
SCALER_PCA_TRANSFORM: 7.9870223999e-05
CLASSIFIERS_PREDICT: 0.00012993812561
SCALER_PCA_TRANSFORM: 8.29696655273e-05
CLASSIFIERS_PREDICT: 0.000131130218506
SCALER_PCA_TRANSFORM: 8.10623168945e-05
CLASSIFIERS_PREDICT: 0.000133991241455
SCALER_PCA_TRANSFORM: 8.20159912109e-05
CLASSIFIERS_PREDICT: 0.00012993812561
SCALER_PCA_TRANSFORM: 8.20159912109e-05
CLASSIFIERS_PREDICT: 0.000130176544189
SCALER_PCA_TRANSFORM: 8.20159912109e-05
CLASSIFIERS_PREDICT: 0.000142097473145
SCALER_PCA_TRANSFORM: 8.10623168945e-05
CLASSIFIERS_PREDICT: 0.000134944915771
SCALER_PCA_TRANSFORM: 8.20159912109e-05
CLASSIFIERS_PREDICT: 0.000130891799927
SCALER_PCA_TRANSFORM: 8.10623168945e-05
CLASSIFIERS_PREDICT: 0.000128984451294
SCALER_PCA_TRANSFORM: 7.9870223999e-05
CLASSIFIERS_PREDICT: 0.000128984451294
SCALER_PCA_TRANSFORM: 8.32080841064e-05
CLASSIFIERS_PREDICT: 0.000132083892822
SCALER_PCA_TRANSFORM: 8.10623168945e-05
CLASSIFIERS_PREDICT: 0.000130176544189
SCALER_PCA_TRANSFORM: 8.10623168945e-05
CLASSIFIERS_PREDICT: 0.00012993812561
SCALER_PCA_TRANSFORM: 8.10623168945e-05
CLASSIFIERS_PREDICT: 0.00012993812561
SCALER_PCA_TRANSFORM: 8.01086425781e-05
CLASSIFIERS_PREDICT: 0.00012993812561
SCALER_PCA_TRANSFORM: 8.41617584229e-05
CLASSIFIERS_PREDICT: 0.000131130218506
SCALER_PCA_TRANSFORM: 8.08238983154e-05
CLASSIFIERS_PREDICT: 0.000133991241455
SCALER_PCA_TRANSFORM: 8.29696655273e-05
CLASSIFIERS_PREDICT: 0.000135183334351
SCALER_PCA_TRANSFORM: 8.20159912109e-05
CLASSIFIERS_PREDICT: 0.000132083892822
SCALER_PCA_TRANSFORM: 8.10623168945e-05
CLASSIFIERS_PREDICT: 0.000128984451294
SCALER_PCA_TRANSFORM: 8.10623168945e-05
CLASSIFIERS_PREDICT: 0.000131130218506
SCALER_PCA_TRANSFORM: 8.29696655273e-05
CLASSIFIERS_PREDICT: 0.000130176544189
SCALER_PCA_TRANSFORM: 8.29696655273e-05
CLASSIFIERS_PREDICT: 0.000132083892822
SCALER_PCA_TRANSFORM: 8.29696655273e-05
CLASSIFIERS_PREDICT: 0.000133037567139
SCALER_PCA_TRANSFORM: 8.20159912109e-05
CLASSIFIERS_PREDICT: 0.000139951705933
SCALER_PCA_TRANSFORM: 8.29696655273e-05
CLASSIFIERS_PREDICT: 0.000127792358398
SCALER_PCA_TRANSFORM: 8.20159912109e-05
CLASSIFIERS_PREDICT: 0.000133037567139
SCALER_PCA_TRANSFORM: 8.29696655273e-05
CLASSIFIERS_PREDICT: 0.000128984451294
SCALER_PCA_TRANSFORM: 8.29696655273e-05
CLASSIFIERS_PREDICT: 0.00012993812561
SCALER_PCA_TRANSFORM: 9.79900360107e-05
CLASSIFIERS_PREDICT: 0.000130891799927
SCALER_PCA_TRANSFORM: 0.000156164169312
CLASSIFIERS_PREDICT: 0.000205039978027
SCALER_PCA_TRANSFORM: 8.10623168945e-05
CLASSIFIERS_PREDICT: 0.00013279914856
SCALER_PCA_TRANSFORM: 8.01086425781e-05
CLASSIFIERS_PREDICT: 0.000130891799927
SCALER_PCA_TRANSFORM: 8.01086425781e-05
CLASSIFIERS_PREDICT: 0.000131130218506
SCALER_PCA_TRANSFORM: 8.08238983154e-05
CLASSIFIERS_PREDICT: 0.000131845474243
SCALER_PCA_TRANSFORM: 8.08238983154e-05
CLASSIFIERS_PREDICT: 0.000134944915771
SCALER_PCA_TRANSFORM: 8.10623168945e-05
CLASSIFIERS_PREDICT: 0.000133037567139
SCALER_PCA_TRANSFORM: 0.000107049942017
CLASSIFIERS_PREDICT: 0.000144958496094
SCALER_PCA_TRANSFORM: 8.32080841064e-05
CLASSIFIERS_PREDICT: 0.000134944915771
SCALER_PCA_TRANSFORM: 8.29696655273e-05
CLASSIFIERS_PREDICT: 0.000133991241455
SCALER_PCA_TRANSFORM: 8.20159912109e-05
CLASSIFIERS_PREDICT: 0.0001380443573
SCALER_PCA_TRANSFORM: 8.08238983154e-05
CLASSIFIERS_PREDICT: 0.000131845474243
SCALER_PCA_TRANSFORM: 8.08238983154e-05
CLASSIFIERS_PREDICT: 0.000134944915771
SCALER_PCA_TRANSFORM: 7.9870223999e-05
CLASSIFIERS_PREDICT: 0.000129222869873
SCALER_PCA_TRANSFORM: 7.9870223999e-05
CLASSIFIERS_PREDICT: 0.000130176544189
SCALER_PCA_TRANSFORM: 8.20159912109e-05
CLASSIFIERS_PREDICT: 0.000133037567139
SCALER_PCA_TRANSFORM: 7.9870223999e-05
CLASSIFIERS_PREDICT: 0.00012993812561
SCALER_PCA_TRANSFORM: 8.01086425781e-05
CLASSIFIERS_PREDICT: 0.000127077102661
SCALER_PCA_TRANSFORM: 7.9870223999e-05
CLASSIFIERS_PREDICT: 0.000131130218506
SCALER_PCA_TRANSFORM: 8.08238983154e-05
CLASSIFIERS_PREDICT: 0.000131845474243
SCALER_PCA_TRANSFORM: 8.08238983154e-05
CLASSIFIERS_PREDICT: 0.000134944915771
SCALER_PCA_TRANSFORM: 8.29696655273e-05
CLASSIFIERS_PREDICT: 0.000134944915771
SCALER_PCA_TRANSFORM: 8.10623168945e-05
CLASSIFIERS_PREDICT: 0.000133991241455
SCALER_PCA_TRANSFORM: 8.10623168945e-05
CLASSIFIERS_PREDICT: 0.000133037567139
SCALER_PCA_TRANSFORM: 8.20159912109e-05
CLASSIFIERS_PREDICT: 0.000136137008667
SCALER_PCA_TRANSFORM: 8.08238983154e-05
CLASSIFIERS_PREDICT: 0.000133037567139
SCALER_PCA_TRANSFORM: 8.08238983154e-05
CLASSIFIERS_PREDICT: 0.000133991241455
SCALER_PCA_TRANSFORM: 8.01086425781e-05
CLASSIFIERS_PREDICT: 0.00012993812561
SCALER_PCA_TRANSFORM: 8.39233398438e-05
CLASSIFIERS_PREDICT: 0.000133991241455
SCALER_PCA_TRANSFORM: 8.08238983154e-05
CLASSIFIERS_PREDICT: 0.000144958496094
SCALER_PCA_TRANSFORM: 8.20159912109e-05
CLASSIFIERS_PREDICT: 0.000134944915771
SCALER_PCA_TRANSFORM: 8.01086425781e-05
CLASSIFIERS_PREDICT: 0.000128984451294
SCALER_PCA_TRANSFORM: 8.01086425781e-05
CLASSIFIERS_PREDICT: 0.000131130218506
SCALER_PCA_TRANSFORM: 8.10623168945e-05
CLASSIFIERS_PREDICT: 0.000132083892822
SCALER_PCA_TRANSFORM: 7.9870223999e-05
CLASSIFIERS_PREDICT: 0.000130891799927
SCALER_PCA_TRANSFORM: 7.89165496826e-05
CLASSIFIERS_PREDICT: 0.000128984451294
SCALER_PCA_TRANSFORM: 8.20159912109e-05
CLASSIFIERS_PREDICT: 0.000133037567139
SCALER_PCA_TRANSFORM: 8.17775726318e-05
CLASSIFIERS_PREDICT: 0.000130176544189
SCALER_PCA_TRANSFORM: 8.01086425781e-05
CLASSIFIERS_PREDICT: 0.000134944915771
SCALER_PCA_TRANSFORM: 8.20159912109e-05
CLASSIFIERS_PREDICT: 0.000133037567139
SCALER_PCA_TRANSFORM: 8.10623168945e-05
CLASSIFIERS_PREDICT: 0.00013279914856
SCALER_PCA_TRANSFORM: 8.20159912109e-05
CLASSIFIERS_PREDICT: 0.000133991241455
SCALER_PCA_TRANSFORM: 8.10623168945e-05
CLASSIFIERS_PREDICT: 0.000134944915771
SCALER_PCA_TRANSFORM: 7.9870223999e-05
CLASSIFIERS_PREDICT: 0.000133991241455
SCALER_PCA_TRANSFORM: 8.10623168945e-05
CLASSIFIERS_PREDICT: 0.000133991241455
SCALER_PCA_TRANSFORM: 8.29696655273e-05
CLASSIFIERS_PREDICT: 0.000136852264404
SCALER_PCA_TRANSFORM: 8.20159912109e-05
CLASSIFIERS_PREDICT: 0.000135898590088
SCALER_PCA_TRANSFORM: 8.01086425781e-05
CLASSIFIERS_PREDICT: 0.000147104263306
SCALER_PCA_TRANSFORM: 8.08238983154e-05
CLASSIFIERS_PREDICT: 0.000130891799927
SCALER_PCA_TRANSFORM: 7.9870223999e-05
CLASSIFIERS_PREDICT: 0.000133991241455
SCALER_PCA_TRANSFORM: 8.10623168945e-05
CLASSIFIERS_PREDICT: 0.000132083892822
SCALER_PCA_TRANSFORM: 8.10623168945e-05
CLASSIFIERS_PREDICT: 0.000133037567139
SCALER_PCA_TRANSFORM: 8.08238983154e-05
CLASSIFIERS_PREDICT: 0.00012993812561
SCALER_PCA_TRANSFORM: 7.91549682617e-05
CLASSIFIERS_PREDICT: 0.000128984451294
SCALER_PCA_TRANSFORM: 8.32080841064e-05
CLASSIFIERS_PREDICT: 0.0001380443573
SCALER_PCA_TRANSFORM: 7.9870223999e-05
CLASSIFIERS_PREDICT: 0.00012993812561
SCALER_PCA_TRANSFORM: 7.9870223999e-05
CLASSIFIERS_PREDICT: 0.000131130218506
SCALER_PCA_TRANSFORM: 7.89165496826e-05
CLASSIFIERS_PREDICT: 0.000128030776978
SCALER_PCA_TRANSFORM: 7.9870223999e-05
CLASSIFIERS_PREDICT: 0.000130891799927
SCALER_PCA_TRANSFORM: 8.10623168945e-05
CLASSIFIERS_PREDICT: 0.000128984451294
SCALER_PCA_TRANSFORM: 8.10623168945e-05
CLASSIFIERS_PREDICT: 0.000131845474243
SCALER_PCA_TRANSFORM: 8.08238983154e-05
CLASSIFIERS_PREDICT: 0.000130891799927
SCALER_PCA_TRANSFORM: 8.10623168945e-05
CLASSIFIERS_PREDICT: 0.00012993812561
SCALER_PCA_TRANSFORM: 8.10623168945e-05
CLASSIFIERS_PREDICT: 0.000128030776978
SCALER_PCA_TRANSFORM: 7.9870223999e-05
CLASSIFIERS_PREDICT: 0.000130176544189
SCALER_PCA_TRANSFORM: 7.89165496826e-05
CLASSIFIERS_PREDICT: 0.000127077102661
SCALER_PCA_TRANSFORM: 8.08238983154e-05
CLASSIFIERS_PREDICT: 0.000133991241455
SCALER_PCA_TRANSFORM: 8.20159912109e-05
CLASSIFIERS_PREDICT: 0.000136137008667
SCALER_PCA_TRANSFORM: 8.20159912109e-05
CLASSIFIERS_PREDICT: 0.00013279914856
SCALER_PCA_TRANSFORM: 8.20159912109e-05
CLASSIFIERS_PREDICT: 0.00012993812561
SCALER_PCA_TRANSFORM: 8.51154327393e-05
CLASSIFIERS_PREDICT: 0.000138998031616
SCALER_PCA_TRANSFORM: 8.08238983154e-05
CLASSIFIERS_PREDICT: 0.00013279914856
SCALER_PCA_TRANSFORM: 8.10623168945e-05
CLASSIFIERS_PREDICT: 0.00012993812561
SCALER_PCA_TRANSFORM: 8.01086425781e-05
CLASSIFIERS_PREDICT: 0.000128984451294
SCALER_PCA_TRANSFORM: 8.10623168945e-05
CLASSIFIERS_PREDICT: 0.000128984451294
SCALER_PCA_TRANSFORM: 7.91549682617e-05
CLASSIFIERS_PREDICT: 0.000128030776978
SCALER_PCA_TRANSFORM: 8.01086425781e-05
CLASSIFIERS_PREDICT: 0.000128984451294
SCALER_PCA_TRANSFORM: 8.10623168945e-05
CLASSIFIERS_PREDICT: 0.000130891799927
SCALER_PCA_TRANSFORM: 8.29696655273e-05
CLASSIFIERS_PREDICT: 0.000133037567139
SCALER_PCA_TRANSFORM: 8.70227813721e-05
CLASSIFIERS_PREDICT: 0.000137090682983
SCALER_PCA_TRANSFORM: 8.39233398438e-05
CLASSIFIERS_PREDICT: 0.0001380443573
SCALER_PCA_TRANSFORM: 8.58306884766e-05
CLASSIFIERS_PREDICT: 0.000137090682983
SCALER_PCA_TRANSFORM: 8.51154327393e-05
CLASSIFIERS_PREDICT: 0.0001380443573
SCALER_PCA_TRANSFORM: 8.29696655273e-05
CLASSIFIERS_PREDICT: 0.000134944915771
SCALER_PCA_TRANSFORM: 8.29696655273e-05
CLASSIFIERS_PREDICT: 0.000132083892822
SCALER_PCA_TRANSFORM: 8.29696655273e-05
CLASSIFIERS_PREDICT: 0.0001380443573
SCALER_PCA_TRANSFORM: 8.10623168945e-05
CLASSIFIERS_PREDICT: 0.000130176544189
SCALER_PCA_TRANSFORM: 8.10623168945e-05
CLASSIFIERS_PREDICT: 0.000130891799927
SCALER_PCA_TRANSFORM: 8.10623168945e-05
CLASSIFIERS_PREDICT: 0.000130176544189
SCALER_PCA_TRANSFORM: 8.10623168945e-05
CLASSIFIERS_PREDICT: 0.000126838684082
SCALER_PCA_TRANSFORM: 8.20159912109e-05
CLASSIFIERS_PREDICT: 0.000132083892822
SCALER_PCA_TRANSFORM: 8.29696655273e-05
CLASSIFIERS_PREDICT: 0.000137090682983
SCALER_PCA_TRANSFORM: 8.29696655273e-05
CLASSIFIERS_PREDICT: 0.0001380443573
SCALER_PCA_TRANSFORM: 8.60691070557e-05
CLASSIFIERS_PREDICT: 0.00013279914856
SCALER_PCA_TRANSFORM: 8.32080841064e-05
CLASSIFIERS_PREDICT: 0.000133991241455
SCALER_PCA_TRANSFORM: 8.08238983154e-05
CLASSIFIERS_PREDICT: 0.000127077102661
SCALER_PCA_TRANSFORM: 8.20159912109e-05
CLASSIFIERS_PREDICT: 0.000133991241455
SCALER_PCA_TRANSFORM: 8.29696655273e-05
CLASSIFIERS_PREDICT: 0.000132083892822
SCALER_PCA_TRANSFORM: 8.58306884766e-05
CLASSIFIERS_PREDICT: 0.000138998031616
SCALER_PCA_TRANSFORM: 8.29696655273e-05
CLASSIFIERS_PREDICT: 0.0001380443573
SCALER_PCA_TRANSFORM: 8.39233398438e-05
CLASSIFIERS_PREDICT: 0.0001380443573
SCALER_PCA_TRANSFORM: 8.41617584229e-05
CLASSIFIERS_PREDICT: 0.000130891799927
SCALER_PCA_TRANSFORM: 8.10623168945e-05
CLASSIFIERS_PREDICT: 0.000135898590088
SCALER_PCA_TRANSFORM: 8.20159912109e-05
CLASSIFIERS_PREDICT: 0.000132083892822
SCALER_PCA_TRANSFORM: 8.20159912109e-05
CLASSIFIERS_PREDICT: 0.000133037567139
SCALER_PCA_TRANSFORM: 8.51154327393e-05
CLASSIFIERS_PREDICT: 0.000141859054565
SCALER_PCA_TRANSFORM: 8.29696655273e-05
CLASSIFIERS_PREDICT: 0.000137805938721
SCALER_PCA_TRANSFORM: 8.29696655273e-05
CLASSIFIERS_PREDICT: 0.000133037567139
SCALER_PCA_TRANSFORM: 8.20159912109e-05
CLASSIFIERS_PREDICT: 0.000133037567139
SCALER_PCA_TRANSFORM: 7.91549682617e-05
CLASSIFIERS_PREDICT: 0.000132083892822
SCALER_PCA_TRANSFORM: 8.08238983154e-05
CLASSIFIERS_PREDICT: 0.00012993812561
SCALER_PCA_TRANSFORM: 7.9870223999e-05
CLASSIFIERS_PREDICT: 0.000128984451294
SCALER_PCA_TRANSFORM: 8.08238983154e-05
CLASSIFIERS_PREDICT: 0.00013279914856
SCALER_PCA_TRANSFORM: 8.10623168945e-05
CLASSIFIERS_PREDICT: 0.000128984451294
SCALER_PCA_TRANSFORM: 8.10623168945e-05
CLASSIFIERS_PREDICT: 0.000132083892822
SCALER_PCA_TRANSFORM: 8.10623168945e-05
CLASSIFIERS_PREDICT: 0.0001380443573
SCALER_PCA_TRANSFORM: 8.01086425781e-05
CLASSIFIERS_PREDICT: 0.00012993812561
SCALER_PCA_TRANSFORM: 8.01086425781e-05
CLASSIFIERS_PREDICT: 0.000131845474243
SCALER_PCA_TRANSFORM: 7.91549682617e-05
CLASSIFIERS_PREDICT: 0.00012993812561
SCALER_PCA_TRANSFORM: 7.9870223999e-05
CLASSIFIERS_PREDICT: 0.000131130218506
SCALER_PCA_TRANSFORM: 7.9870223999e-05
CLASSIFIERS_PREDICT: 0.000133991241455
SCALER_PCA_TRANSFORM: 8.08238983154e-05
CLASSIFIERS_PREDICT: 0.000134944915771
SCALER_PCA_TRANSFORM: 7.9870223999e-05
CLASSIFIERS_PREDICT: 0.000133037567139
SCALER_PCA_TRANSFORM: 7.9870223999e-05
CLASSIFIERS_PREDICT: 0.000128984451294
SCALER_PCA_TRANSFORM: 8.10623168945e-05
CLASSIFIERS_PREDICT: 0.000134944915771
SCALER_PCA_TRANSFORM: 8.10623168945e-05
CLASSIFIERS_PREDICT: 0.00012993812561
SCALER_PCA_TRANSFORM: 8.10623168945e-05
CLASSIFIERS_PREDICT: 0.000132083892822
SCALER_PCA_TRANSFORM: 8.01086425781e-05
CLASSIFIERS_PREDICT: 0.000134944915771
SCALER_PCA_TRANSFORM: 7.9870223999e-05
CLASSIFIERS_PREDICT: 0.000134944915771
SCALER_PCA_TRANSFORM: 8.10623168945e-05
CLASSIFIERS_PREDICT: 0.000128030776978
SCALER_PCA_TRANSFORM: 8.10623168945e-05
CLASSIFIERS_PREDICT: 0.000133991241455
SCALER_PCA_TRANSFORM: 8.10623168945e-05
CLASSIFIERS_PREDICT: 0.000133991241455
SCALER_PCA_TRANSFORM: 9.3936920166e-05
CLASSIFIERS_PREDICT: 0.000132083892822
SCALER_PCA_TRANSFORM: 7.89165496826e-05
CLASSIFIERS_PREDICT: 0.000129222869873
SCALER_PCA_TRANSFORM: 7.91549682617e-05
CLASSIFIERS_PREDICT: 0.000128984451294
SCALER_PCA_TRANSFORM: 8.01086425781e-05
CLASSIFIERS_PREDICT: 0.000135183334351
SCALER_PCA_TRANSFORM: 8.10623168945e-05
CLASSIFIERS_PREDICT: 0.000131845474243
SCALER_PCA_TRANSFORM: 8.10623168945e-05
CLASSIFIERS_PREDICT: 0.00012993812561
SCALER_PCA_TRANSFORM: 8.20159912109e-05
CLASSIFIERS_PREDICT: 0.00012993812561
SCALER_PCA_TRANSFORM: 7.89165496826e-05
CLASSIFIERS_PREDICT: 0.000128984451294
SCALER_PCA_TRANSFORM: 7.9870223999e-05
CLASSIFIERS_PREDICT: 0.000133037567139
SCALER_PCA_TRANSFORM: 8.29696655273e-05
CLASSIFIERS_PREDICT: 0.000156164169312
SCALER_PCA_TRANSFORM: 8.20159912109e-05
CLASSIFIERS_PREDICT: 0.000137090682983
SCALER_PCA_TRANSFORM: 8.29696655273e-05
CLASSIFIERS_PREDICT: 0.000136137008667
SCALER_PCA_TRANSFORM: 8.29696655273e-05
CLASSIFIERS_PREDICT: 0.000133991241455
SCALER_PCA_TRANSFORM: 8.20159912109e-05
CLASSIFIERS_PREDICT: 0.000136137008667
SCALER_PCA_TRANSFORM: 8.29696655273e-05
CLASSIFIERS_PREDICT: 0.000133037567139
SCALER_PCA_TRANSFORM: 7.9870223999e-05
CLASSIFIERS_PREDICT: 0.000130176544189
SCALER_PCA_TRANSFORM: 8.10623168945e-05
CLASSIFIERS_PREDICT: 0.000133991241455
SCALER_PCA_TRANSFORM: 7.89165496826e-05
CLASSIFIERS_PREDICT: 0.00012993812561
SCALER_PCA_TRANSFORM: 7.9870223999e-05
CLASSIFIERS_PREDICT: 0.00282716751099
SCALER_PCA_TRANSFORM: 0.00019097328186
CLASSIFIERS_PREDICT: 0.000135183334351
SCALER_PCA_TRANSFORM: 8.39233398438e-05
CLASSIFIERS_PREDICT: 0.000134944915771
SCALER_PCA_TRANSFORM: 8.01086425781e-05
CLASSIFIERS_PREDICT: 0.00012993812561
SCALER_PCA_TRANSFORM: 8.20159912109e-05
CLASSIFIERS_PREDICT: 0.00012993812561
SCALER_PCA_TRANSFORM: 8.20159912109e-05
CLASSIFIERS_PREDICT: 0.000135898590088
SCALER_PCA_TRANSFORM: 8.10623168945e-05
CLASSIFIERS_PREDICT: 0.000130176544189
SCALER_PCA_TRANSFORM: 7.9870223999e-05
CLASSIFIERS_PREDICT: 0.000131130218506
SCALER_PCA_TRANSFORM: 8.20159912109e-05
CLASSIFIERS_PREDICT: 0.000147104263306
SCALER_PCA_TRANSFORM: 8.10623168945e-05
CLASSIFIERS_PREDICT: 0.00013279914856
SCALER_PCA_TRANSFORM: 8.10623168945e-05
CLASSIFIERS_PREDICT: 0.000136137008667
SCALER_PCA_TRANSFORM: 7.9870223999e-05
CLASSIFIERS_PREDICT: 0.000128984451294
SCALER_PCA_TRANSFORM: 8.32080841064e-05
CLASSIFIERS_PREDICT: 0.000134944915771
SCALER_PCA_TRANSFORM: 8.08238983154e-05
CLASSIFIERS_PREDICT: 0.000133991241455
SCALER_PCA_TRANSFORM: 8.41617584229e-05
CLASSIFIERS_PREDICT: 0.000133037567139
SCALER_PCA_TRANSFORM: 8.10623168945e-05
CLASSIFIERS_PREDICT: 0.000128984451294
SCALER_PCA_TRANSFORM: 8.10623168945e-05
CLASSIFIERS_PREDICT: 0.000132083892822
SCALER_PCA_TRANSFORM: 8.20159912109e-05
CLASSIFIERS_PREDICT: 0.000130891799927
SCALER_PCA_TRANSFORM: 8.20159912109e-05
CLASSIFIERS_PREDICT: 0.00012993812561
SCALER_PCA_TRANSFORM: 8.10623168945e-05
CLASSIFIERS_PREDICT: 0.000133037567139
SCALER_PCA_TRANSFORM: 8.17775726318e-05
CLASSIFIERS_PREDICT: 0.00012993812561
SCALER_PCA_TRANSFORM: 8.20159912109e-05
CLASSIFIERS_PREDICT: 0.00012993812561
SCALER_PCA_TRANSFORM: 8.01086425781e-05
CLASSIFIERS_PREDICT: 0.000133991241455
SCALER_PCA_TRANSFORM: 8.10623168945e-05
CLASSIFIERS_PREDICT: 0.000133037567139
SCALER_PCA_TRANSFORM: 8.20159912109e-05
CLASSIFIERS_PREDICT: 0.000133037567139
SCALER_PCA_TRANSFORM: 8.08238983154e-05
CLASSIFIERS_PREDICT: 0.000133991241455
SCALER_PCA_TRANSFORM: 8.29696655273e-05
CLASSIFIERS_PREDICT: 0.000133991241455
SCALER_PCA_TRANSFORM: 7.9870223999e-05
CLASSIFIERS_PREDICT: 0.000128984451294
SCALER_PCA_TRANSFORM: 8.10623168945e-05
CLASSIFIERS_PREDICT: 0.00012993812561
SCALER_PCA_TRANSFORM: 8.10623168945e-05
CLASSIFIERS_PREDICT: 0.000128984451294
SCALER_PCA_TRANSFORM: 8.10623168945e-05
CLASSIFIERS_PREDICT: 0.000133991241455
SCALER_PCA_TRANSFORM: 8.08238983154e-05
CLASSIFIERS_PREDICT: 0.000133991241455
SCALER_PCA_TRANSFORM: 8.20159912109e-05
CLASSIFIERS_PREDICT: 0.000130891799927
SCALER_PCA_TRANSFORM: 7.9870223999e-05
CLASSIFIERS_PREDICT: 0.000135183334351
SCALER_PCA_TRANSFORM: 8.29696655273e-05
CLASSIFIERS_PREDICT: 0.000133037567139
SCALER_PCA_TRANSFORM: 8.10623168945e-05
CLASSIFIERS_PREDICT: 0.000142097473145
SCALER_PCA_TRANSFORM: 8.10623168945e-05
CLASSIFIERS_PREDICT: 0.000131130218506
SCALER_PCA_TRANSFORM: 8.01086425781e-05
CLASSIFIERS_PREDICT: 0.000133991241455
SCALER_PCA_TRANSFORM: 8.10623168945e-05
CLASSIFIERS_PREDICT: 0.000128984451294
SCALER_PCA_TRANSFORM: 8.20159912109e-05
CLASSIFIERS_PREDICT: 0.000128984451294
SCALER_PCA_TRANSFORM: 8.20159912109e-05
CLASSIFIERS_PREDICT: 0.000133991241455
SCALER_PCA_TRANSFORM: 8.01086425781e-05
CLASSIFIERS_PREDICT: 0.000133991241455
SCALER_PCA_TRANSFORM: 8.48770141602e-05
CLASSIFIERS_PREDICT: 0.0001380443573
SCALER_PCA_TRANSFORM: 8.10623168945e-05
CLASSIFIERS_PREDICT: 0.000133991241455
SCALER_PCA_TRANSFORM: 8.01086425781e-05
CLASSIFIERS_PREDICT: 0.000134944915771
SCALER_PCA_TRANSFORM: 8.08238983154e-05
CLASSIFIERS_PREDICT: 0.000128984451294
SCALER_PCA_TRANSFORM: 8.10623168945e-05
CLASSIFIERS_PREDICT: 0.000133991241455
SCALER_PCA_TRANSFORM: 7.9870223999e-05
CLASSIFIERS_PREDICT: 0.000128984451294
SCALER_PCA_TRANSFORM: 8.20159912109e-05
CLASSIFIERS_PREDICT: 0.000132083892822
SCALER_PCA_TRANSFORM: 8.08238983154e-05
CLASSIFIERS_PREDICT: 0.000130176544189
SCALER_PCA_TRANSFORM: 8.01086425781e-05
CLASSIFIERS_PREDICT: 0.000134229660034
SCALER_PCA_TRANSFORM: 8.01086425781e-05
CLASSIFIERS_PREDICT: 0.000128984451294
SCALER_PCA_TRANSFORM: 8.41617584229e-05
CLASSIFIERS_PREDICT: 0.000133991241455
SCALER_PCA_TRANSFORM: 8.29696655273e-05
CLASSIFIERS_PREDICT: 0.000132083892822
SCALER_PCA_TRANSFORM: 8.10623168945e-05
CLASSIFIERS_PREDICT: 0.000164985656738
SCALER_PCA_TRANSFORM: 8.10623168945e-05
CLASSIFIERS_PREDICT: 0.000133037567139
SCALER_PCA_TRANSFORM: 8.08238983154e-05
CLASSIFIERS_PREDICT: 0.000135183334351
SCALER_PCA_TRANSFORM: 8.20159912109e-05
CLASSIFIERS_PREDICT: 0.000131130218506
SCALER_PCA_TRANSFORM: 8.20159912109e-05
CLASSIFIERS_PREDICT: 0.000133991241455
SCALER_PCA_TRANSFORM: 8.29696655273e-05
CLASSIFIERS_PREDICT: 0.000133037567139
SCALER_PCA_TRANSFORM: 8.01086425781e-05
CLASSIFIERS_PREDICT: 0.000134944915771
SCALER_PCA_TRANSFORM: 7.9870223999e-05
CLASSIFIERS_PREDICT: 0.000130176544189
SCALER_PCA_TRANSFORM: 7.89165496826e-05
CLASSIFIERS_PREDICT: 0.000128984451294
SCALER_PCA_TRANSFORM: 8.10623168945e-05
CLASSIFIERS_PREDICT: 0.000133991241455
SCALER_PCA_TRANSFORM: 8.10623168945e-05
CLASSIFIERS_PREDICT: 0.000130891799927
SCALER_PCA_TRANSFORM: 7.9870223999e-05
CLASSIFIERS_PREDICT: 0.000128030776978
SCALER_PCA_TRANSFORM: 8.10623168945e-05
CLASSIFIERS_PREDICT: 0.000130176544189
SCALER_PCA_TRANSFORM: 9.58442687988e-05
CLASSIFIERS_PREDICT: 0.000128030776978
SCALER_PCA_TRANSFORM: 8.10623168945e-05
CLASSIFIERS_PREDICT: 0.000134944915771
SCALER_PCA_TRANSFORM: 7.9870223999e-05
CLASSIFIERS_PREDICT: 0.000131845474243
SCALER_PCA_TRANSFORM: 8.10623168945e-05
CLASSIFIERS_PREDICT: 0.000133991241455
SCALER_PCA_TRANSFORM: 8.20159912109e-05
CLASSIFIERS_PREDICT: 0.000133991241455
SCALER_PCA_TRANSFORM: 8.10623168945e-05
CLASSIFIERS_PREDICT: 0.00012993812561
SCALER_PCA_TRANSFORM: 7.9870223999e-05
CLASSIFIERS_PREDICT: 0.000133991241455
SCALER_PCA_TRANSFORM: 8.01086425781e-05
CLASSIFIERS_PREDICT: 0.00012993812561
SCALER_PCA_TRANSFORM: 8.08238983154e-05
CLASSIFIERS_PREDICT: 0.000128984451294
SCALER_PCA_TRANSFORM: 0.000130891799927
CLASSIFIERS_PREDICT: 0.000136852264404
SCALER_PCA_TRANSFORM: 8.17775726318e-05
CLASSIFIERS_PREDICT: 0.000133037567139
SCALER_PCA_TRANSFORM: 9.89437103271e-05
CLASSIFIERS_PREDICT: 0.000133991241455
SCALER_PCA_TRANSFORM: 8.20159912109e-05
CLASSIFIERS_PREDICT: 0.000133037567139
SCALER_PCA_TRANSFORM: 8.10623168945e-05
CLASSIFIERS_PREDICT: 0.00013279914856
SCALER_PCA_TRANSFORM: 8.20159912109e-05
CLASSIFIERS_PREDICT: 0.000133991241455
SCALER_PCA_TRANSFORM: 8.20159912109e-05
CLASSIFIERS_PREDICT: 0.000130891799927
SCALER_PCA_TRANSFORM: 8.01086425781e-05
CLASSIFIERS_PREDICT: 0.000133037567139
SCALER_PCA_TRANSFORM: 8.08238983154e-05
CLASSIFIERS_PREDICT: 0.000135898590088
SCALER_PCA_TRANSFORM: 8.98838043213e-05
CLASSIFIERS_PREDICT: 0.000131130218506
SCALER_PCA_TRANSFORM: 8.10623168945e-05
CLASSIFIERS_PREDICT: 0.000130891799927
SCALER_PCA_TRANSFORM: 8.01086425781e-05
CLASSIFIERS_PREDICT: 0.000128030776978
SCALER_PCA_TRANSFORM: 8.10623168945e-05
CLASSIFIERS_PREDICT: 0.000131130218506
SCALER_PCA_TRANSFORM: 8.20159912109e-05
CLASSIFIERS_PREDICT: 0.000135183334351
SCALER_PCA_TRANSFORM: 8.10623168945e-05
CLASSIFIERS_PREDICT: 0.000130176544189
SCALER_PCA_TRANSFORM: 8.01086425781e-05
CLASSIFIERS_PREDICT: 0.000130891799927
SCALER_PCA_TRANSFORM: 8.10623168945e-05
CLASSIFIERS_PREDICT: 0.000130891799927
SCALER_PCA_TRANSFORM: 8.20159912109e-05
CLASSIFIERS_PREDICT: 0.000128984451294
SCALER_PCA_TRANSFORM: 7.89165496826e-05
CLASSIFIERS_PREDICT: 0.000143766403198
SCALER_PCA_TRANSFORM: 8.01086425781e-05
CLASSIFIERS_PREDICT: 0.000128030776978
SCALER_PCA_TRANSFORM: 8.01086425781e-05
CLASSIFIERS_PREDICT: 0.000128984451294
SCALER_PCA_TRANSFORM: 8.01086425781e-05
CLASSIFIERS_PREDICT: 0.000128030776978
SCALER_PCA_TRANSFORM: 8.01086425781e-05
CLASSIFIERS_PREDICT: 0.000128030776978
SCALER_PCA_TRANSFORM: 8.08238983154e-05
CLASSIFIERS_PREDICT: 0.000128984451294
SCALER_PCA_TRANSFORM: 8.10623168945e-05
CLASSIFIERS_PREDICT: 0.000134944915771
SCALER_PCA_TRANSFORM: 8.10623168945e-05
CLASSIFIERS_PREDICT: 0.000132083892822
SCALER_PCA_TRANSFORM: 7.9870223999e-05
CLASSIFIERS_PREDICT: 0.000128984451294
SCALER_PCA_TRANSFORM: 8.10623168945e-05
CLASSIFIERS_PREDICT: 0.000128030776978
SCALER_PCA_TRANSFORM: 8.10623168945e-05
CLASSIFIERS_PREDICT: 0.000134944915771
SCALER_PCA_TRANSFORM: 8.08238983154e-05
CLASSIFIERS_PREDICT: 0.000128984451294
SCALER_PCA_TRANSFORM: 8.10623168945e-05
CLASSIFIERS_PREDICT: 0.000130176544189
SCALER_PCA_TRANSFORM: 8.20159912109e-05
CLASSIFIERS_PREDICT: 0.000130176544189
SCALER_PCA_TRANSFORM: 8.10623168945e-05
CLASSIFIERS_PREDICT: 0.000130176544189
SCALER_PCA_TRANSFORM: 8.20159912109e-05
CLASSIFIERS_PREDICT: 0.000133037567139
SCALER_PCA_TRANSFORM: 7.9870223999e-05
CLASSIFIERS_PREDICT: 0.00012993812561
SCALER_PCA_TRANSFORM: 8.01086425781e-05
CLASSIFIERS_PREDICT: 0.000128030776978
SCALER_PCA_TRANSFORM: 8.20159912109e-05
CLASSIFIERS_PREDICT: 0.000130891799927
SCALER_PCA_TRANSFORM: 7.91549682617e-05
CLASSIFIERS_PREDICT: 0.000128984451294
SCALER_PCA_TRANSFORM: 8.29696655273e-05
CLASSIFIERS_PREDICT: 0.000130891799927
SCALER_PCA_TRANSFORM: 8.08238983154e-05
CLASSIFIERS_PREDICT: 0.00012993812561
SCALER_PCA_TRANSFORM: 8.08238983154e-05
CLASSIFIERS_PREDICT: 0.000133991241455
SCALER_PCA_TRANSFORM: 9.20295715332e-05
CLASSIFIERS_PREDICT: 0.000134944915771
SCALER_PCA_TRANSFORM: 8.10623168945e-05
CLASSIFIERS_PREDICT: 0.000133037567139
SCALER_PCA_TRANSFORM: 7.89165496826e-05
CLASSIFIERS_PREDICT: 0.000128030776978
SCALER_PCA_TRANSFORM: 7.89165496826e-05
CLASSIFIERS_PREDICT: 0.00012993812561
SCALER_PCA_TRANSFORM: 8.10623168945e-05
CLASSIFIERS_PREDICT: 0.000128984451294
SCALER_PCA_TRANSFORM: 8.01086425781e-05
CLASSIFIERS_PREDICT: 0.000132083892822
SCALER_PCA_TRANSFORM: 8.01086425781e-05
CLASSIFIERS_PREDICT: 0.000133991241455
SCALER_PCA_TRANSFORM: 8.01086425781e-05
CLASSIFIERS_PREDICT: 0.000128984451294
SCALER_PCA_TRANSFORM: 8.08238983154e-05
CLASSIFIERS_PREDICT: 0.000128984451294
SCALER_PCA_TRANSFORM: 8.20159912109e-05
CLASSIFIERS_PREDICT: 0.000175952911377
SCALER_PCA_TRANSFORM: 8.01086425781e-05
CLASSIFIERS_PREDICT: 0.000133037567139
SCALER_PCA_TRANSFORM: 8.29696655273e-05
CLASSIFIERS_PREDICT: 0.000131845474243
SCALER_PCA_TRANSFORM: 8.10623168945e-05
CLASSIFIERS_PREDICT: 0.000135183334351
SCALER_PCA_TRANSFORM: 8.29696655273e-05
CLASSIFIERS_PREDICT: 0.000133991241455
SCALER_PCA_TRANSFORM: 8.10623168945e-05
CLASSIFIERS_PREDICT: 0.00012993812561
SCALER_PCA_TRANSFORM: 8.01086425781e-05
CLASSIFIERS_PREDICT: 0.000130891799927
SCALER_PCA_TRANSFORM: 8.08238983154e-05
CLASSIFIERS_PREDICT: 0.000133037567139
SCALER_PCA_TRANSFORM: 8.01086425781e-05
CLASSIFIERS_PREDICT: 0.000137090682983
SCALER_PCA_TRANSFORM: 7.9870223999e-05
CLASSIFIERS_PREDICT: 0.000136852264404
SCALER_PCA_TRANSFORM: 8.10623168945e-05
CLASSIFIERS_PREDICT: 0.00012993812561
SCALER_PCA_TRANSFORM: 7.89165496826e-05
CLASSIFIERS_PREDICT: 0.000132083892822
SCALER_PCA_TRANSFORM: 8.10623168945e-05
CLASSIFIERS_PREDICT: 0.000138998031616
SCALER_PCA_TRANSFORM: 8.20159912109e-05
CLASSIFIERS_PREDICT: 0.000128984451294
SCALER_PCA_TRANSFORM: 9.98973846436e-05
CLASSIFIERS_PREDICT: 0.000150918960571
SCALER_PCA_TRANSFORM: 8.08238983154e-05
CLASSIFIERS_PREDICT: 0.000135183334351
SCALER_PCA_TRANSFORM: 8.32080841064e-05
CLASSIFIERS_PREDICT: 0.000128984451294
SCALER_PCA_TRANSFORM: 8.20159912109e-05
CLASSIFIERS_PREDICT: 0.000135898590088
SCALER_PCA_TRANSFORM: 7.9870223999e-05
CLASSIFIERS_PREDICT: 0.000131130218506
SCALER_PCA_TRANSFORM: 8.20159912109e-05
CLASSIFIERS_PREDICT: 0.000128984451294
SCALER_PCA_TRANSFORM: 8.08238983154e-05
CLASSIFIERS_PREDICT: 0.000133991241455
SCALER_PCA_TRANSFORM: 7.89165496826e-05
CLASSIFIERS_PREDICT: 0.000128984451294
SCALER_PCA_TRANSFORM: 8.10623168945e-05
CLASSIFIERS_PREDICT: 0.00012993812561
SCALER_PCA_TRANSFORM: 7.9870223999e-05
CLASSIFIERS_PREDICT: 0.000133991241455
SCALER_PCA_TRANSFORM: 8.08238983154e-05
CLASSIFIERS_PREDICT: 0.000133991241455
SCALER_PCA_TRANSFORM: 8.08238983154e-05
CLASSIFIERS_PREDICT: 0.000130176544189
SCALER_PCA_TRANSFORM: 8.10623168945e-05
CLASSIFIERS_PREDICT: 0.000133991241455
SCALER_PCA_TRANSFORM: 8.08238983154e-05
CLASSIFIERS_PREDICT: 0.00012993812561
SCALER_PCA_TRANSFORM: 8.70227813721e-05
CLASSIFIERS_PREDICT: 0.000135183334351
SCALER_PCA_TRANSFORM: 7.9870223999e-05
CLASSIFIERS_PREDICT: 0.000128984451294
SCALER_PCA_TRANSFORM: 8.01086425781e-05
CLASSIFIERS_PREDICT: 0.000131130218506
SCALER_PCA_TRANSFORM: 7.9870223999e-05
CLASSIFIERS_PREDICT: 0.000128984451294
SCALER_PCA_TRANSFORM: 7.89165496826e-05
CLASSIFIERS_PREDICT: 0.000128984451294
SCALER_PCA_TRANSFORM: 8.10623168945e-05
CLASSIFIERS_PREDICT: 0.000133991241455
SCALER_PCA_TRANSFORM: 7.9870223999e-05
CLASSIFIERS_PREDICT: 0.00012993812561
SCALER_PCA_TRANSFORM: 8.10623168945e-05
CLASSIFIERS_PREDICT: 0.000133991241455
SCALER_PCA_TRANSFORM: 7.9870223999e-05
CLASSIFIERS_PREDICT: 0.000130891799927
SCALER_PCA_TRANSFORM: 8.01086425781e-05
CLASSIFIERS_PREDICT: 0.000133991241455
SCALER_PCA_TRANSFORM: 8.08238983154e-05
CLASSIFIERS_PREDICT: 0.000134944915771
SCALER_PCA_TRANSFORM: 8.20159912109e-05
CLASSIFIERS_PREDICT: 0.00013279914856
SCALER_PCA_TRANSFORM: 7.9870223999e-05
CLASSIFIERS_PREDICT: 0.000130176544189
SCALER_PCA_TRANSFORM: 8.01086425781e-05
CLASSIFIERS_PREDICT: 0.000128984451294
SCALER_PCA_TRANSFORM: 7.89165496826e-05
CLASSIFIERS_PREDICT: 0.000131130218506
SCALER_PCA_TRANSFORM: 8.01086425781e-05
CLASSIFIERS_PREDICT: 0.000128984451294
SCALER_PCA_TRANSFORM: 8.29696655273e-05
CLASSIFIERS_PREDICT: 0.00012993812561
SCALER_PCA_TRANSFORM: 7.9870223999e-05
CLASSIFIERS_PREDICT: 0.000133991241455
SCALER_PCA_TRANSFORM: 8.10623168945e-05
CLASSIFIERS_PREDICT: 0.000131130218506
SCALER_PCA_TRANSFORM: 8.10623168945e-05
CLASSIFIERS_PREDICT: 0.000133037567139
SCALER_PCA_TRANSFORM: 8.20159912109e-05
CLASSIFIERS_PREDICT: 0.000130891799927
SCALER_PCA_TRANSFORM: 7.91549682617e-05
CLASSIFIERS_PREDICT: 0.000133991241455
SCALER_PCA_TRANSFORM: 9.70363616943e-05
CLASSIFIERS_PREDICT: 0.000136852264404
SCALER_PCA_TRANSFORM: 8.17775726318e-05
CLASSIFIERS_PREDICT: 0.000133037567139
SCALER_PCA_TRANSFORM: 8.10623168945e-05
CLASSIFIERS_PREDICT: 0.000133991241455
SCALER_PCA_TRANSFORM: 8.20159912109e-05
CLASSIFIERS_PREDICT: 0.000134944915771
SCALER_PCA_TRANSFORM: 8.20159912109e-05
CLASSIFIERS_PREDICT: 0.000133991241455
SCALER_PCA_TRANSFORM: 8.10623168945e-05
CLASSIFIERS_PREDICT: 0.000133037567139
SCALER_PCA_TRANSFORM: 8.08238983154e-05
CLASSIFIERS_PREDICT: 0.000133991241455
SCALER_PCA_TRANSFORM: 8.20159912109e-05
CLASSIFIERS_PREDICT: 0.00012993812561
SCALER_PCA_TRANSFORM: 8.10623168945e-05
CLASSIFIERS_PREDICT: 0.000132083892822
SCALER_PCA_TRANSFORM: 8.10623168945e-05
CLASSIFIERS_PREDICT: 0.000146865844727
SCALER_PCA_TRANSFORM: 8.20159912109e-05
CLASSIFIERS_PREDICT: 0.00012993812561
SCALER_PCA_TRANSFORM: 8.08238983154e-05
CLASSIFIERS_PREDICT: 0.000133991241455
SCALER_PCA_TRANSFORM: 8.10623168945e-05
CLASSIFIERS_PREDICT: 0.000128030776978
SCALER_PCA_TRANSFORM: 7.89165496826e-05
CLASSIFIERS_PREDICT: 0.000131845474243
SCALER_PCA_TRANSFORM: 8.10623168945e-05
CLASSIFIERS_PREDICT: 0.000133991241455
SCALER_PCA_TRANSFORM: 8.20159912109e-05
CLASSIFIERS_PREDICT: 0.00012993812561
SCALER_PCA_TRANSFORM: 8.29696655273e-05
CLASSIFIERS_PREDICT: 0.000133037567139
SCALER_PCA_TRANSFORM: 8.39233398438e-05
CLASSIFIERS_PREDICT: 0.000136852264404
SCALER_PCA_TRANSFORM: 8.29696655273e-05
CLASSIFIERS_PREDICT: 0.000133991241455
SCALER_PCA_TRANSFORM: 8.29696655273e-05
CLASSIFIERS_PREDICT: 0.000133037567139
SCALER_PCA_TRANSFORM: 8.10623168945e-05
CLASSIFIERS_PREDICT: 0.000131130218506
SCALER_PCA_TRANSFORM: 7.9870223999e-05
CLASSIFIERS_PREDICT: 0.000128984451294
SCALER_PCA_TRANSFORM: 8.10623168945e-05
CLASSIFIERS_PREDICT: 0.000134944915771
SCALER_PCA_TRANSFORM: 8.10623168945e-05
CLASSIFIERS_PREDICT: 0.000128984451294
SCALER_PCA_TRANSFORM: 8.10623168945e-05
CLASSIFIERS_PREDICT: 0.000133991241455
SCALER_PCA_TRANSFORM: 8.29696655273e-05
CLASSIFIERS_PREDICT: 0.000133991241455
SCALER_PCA_TRANSFORM: 8.20159912109e-05
CLASSIFIERS_PREDICT: 0.000134944915771
SCALER_PCA_TRANSFORM: 8.08238983154e-05
CLASSIFIERS_PREDICT: 0.000133991241455
SCALER_PCA_TRANSFORM: 9.58442687988e-05
CLASSIFIERS_PREDICT: 0.000130176544189
SCALER_PCA_TRANSFORM: 8.20159912109e-05
CLASSIFIERS_PREDICT: 0.000133991241455
SCALER_PCA_TRANSFORM: 8.10623168945e-05
CLASSIFIERS_PREDICT: 0.000128030776978
SCALER_PCA_TRANSFORM: 8.10623168945e-05
CLASSIFIERS_PREDICT: 0.000133991241455
SCALER_PCA_TRANSFORM: 8.10623168945e-05
CLASSIFIERS_PREDICT: 0.000136137008667
SCALER_PCA_TRANSFORM: 7.9870223999e-05
CLASSIFIERS_PREDICT: 0.000128984451294
SCALER_PCA_TRANSFORM: 8.79764556885e-05
CLASSIFIERS_PREDICT: 0.000138998031616
SCALER_PCA_TRANSFORM: 8.20159912109e-05
CLASSIFIERS_PREDICT: 0.000133037567139
SCALER_PCA_TRANSFORM: 8.10623168945e-05
CLASSIFIERS_PREDICT: 0.000133037567139
SCALER_PCA_TRANSFORM: 8.10623168945e-05
CLASSIFIERS_PREDICT: 0.000128030776978
SCALER_PCA_TRANSFORM: 8.08238983154e-05
CLASSIFIERS_PREDICT: 0.000130176544189
SCALER_PCA_TRANSFORM: 8.01086425781e-05
CLASSIFIERS_PREDICT: 0.000128030776978
SCALER_PCA_TRANSFORM: 8.10623168945e-05
CLASSIFIERS_PREDICT: 0.000128984451294
SCALER_PCA_TRANSFORM: 8.10623168945e-05
CLASSIFIERS_PREDICT: 0.000128984451294
SCALER_PCA_TRANSFORM: 7.9870223999e-05
CLASSIFIERS_PREDICT: 0.00012993812561
SCALER_PCA_TRANSFORM: 8.20159912109e-05
CLASSIFIERS_PREDICT: 0.000133991241455
SCALER_PCA_TRANSFORM: 8.10623168945e-05
CLASSIFIERS_PREDICT: 0.000134944915771
SCALER_PCA_TRANSFORM: 8.10623168945e-05
CLASSIFIERS_PREDICT: 0.000128030776978
SCALER_PCA_TRANSFORM: 8.20159912109e-05
CLASSIFIERS_PREDICT: 0.000133991241455
SCALER_PCA_TRANSFORM: 8.01086425781e-05
CLASSIFIERS_PREDICT: 0.000128984451294
SCALER_PCA_TRANSFORM: 8.01086425781e-05
CLASSIFIERS_PREDICT: 0.000133991241455
SCALER_PCA_TRANSFORM: 8.01086425781e-05
CLASSIFIERS_PREDICT: 0.000133037567139
SCALER_PCA_TRANSFORM: 8.20159912109e-05
CLASSIFIERS_PREDICT: 0.000133991241455
SCALER_PCA_TRANSFORM: 8.01086425781e-05
CLASSIFIERS_PREDICT: 0.000128030776978
SCALER_PCA_TRANSFORM: 8.29696655273e-05
CLASSIFIERS_PREDICT: 0.000136852264404
SCALER_PCA_TRANSFORM: 8.29696655273e-05
CLASSIFIERS_PREDICT: 0.000137090682983
SCALER_PCA_TRANSFORM: 8.10623168945e-05
CLASSIFIERS_PREDICT: 0.000130176544189
SCALER_PCA_TRANSFORM: 8.20159912109e-05
CLASSIFIERS_PREDICT: 0.000136137008667
SCALER_PCA_TRANSFORM: 8.29696655273e-05
CLASSIFIERS_PREDICT: 0.000133991241455
SCALER_PCA_TRANSFORM: 7.91549682617e-05
CLASSIFIERS_PREDICT: 0.000128984451294
SCALER_PCA_TRANSFORM: 8.01086425781e-05
CLASSIFIERS_PREDICT: 0.00012993812561
SCALER_PCA_TRANSFORM: 0.00010085105896
CLASSIFIERS_PREDICT: 0.000133991241455
SCALER_PCA_TRANSFORM: 8.08238983154e-05
CLASSIFIERS_PREDICT: 0.00012993812561
SCALER_PCA_TRANSFORM: 7.9870223999e-05
CLASSIFIERS_PREDICT: 0.000133037567139
SCALER_PCA_TRANSFORM: 8.10623168945e-05
CLASSIFIERS_PREDICT: 0.000130891799927
SCALER_PCA_TRANSFORM: 8.01086425781e-05
CLASSIFIERS_PREDICT: 0.000128030776978
SCALER_PCA_TRANSFORM: 7.9870223999e-05
CLASSIFIERS_PREDICT: 0.00012993812561
SCALER_PCA_TRANSFORM: 7.91549682617e-05
CLASSIFIERS_PREDICT: 0.000128030776978
SCALER_PCA_TRANSFORM: 8.17775726318e-05
CLASSIFIERS_PREDICT: 0.000130891799927
SCALER_PCA_TRANSFORM: 8.10623168945e-05
CLASSIFIERS_PREDICT: 0.000133991241455
SCALER_PCA_TRANSFORM: 9.41753387451e-05
CLASSIFIERS_PREDICT: 0.000133991241455
SCALER_PCA_TRANSFORM: 7.9870223999e-05
CLASSIFIERS_PREDICT: 0.000130176544189
SCALER_PCA_TRANSFORM: 8.10623168945e-05
CLASSIFIERS_PREDICT: 0.000133991241455
SCALER_PCA_TRANSFORM: 8.08238983154e-05
CLASSIFIERS_PREDICT: 0.000128030776978
SCALER_PCA_TRANSFORM: 8.01086425781e-05
CLASSIFIERS_PREDICT: 0.000128984451294
SCALER_PCA_TRANSFORM: 7.9870223999e-05
CLASSIFIERS_PREDICT: 0.000129222869873
SCALER_PCA_TRANSFORM: 8.01086425781e-05
CLASSIFIERS_PREDICT: 0.000128984451294
SCALER_PCA_TRANSFORM: 8.10623168945e-05
CLASSIFIERS_PREDICT: 0.000134944915771
SCALER_PCA_TRANSFORM: 8.29696655273e-05
CLASSIFIERS_PREDICT: 0.000133037567139
SCALER_PCA_TRANSFORM: 8.01086425781e-05
CLASSIFIERS_PREDICT: 0.000134944915771
SCALER_PCA_TRANSFORM: 8.10623168945e-05
CLASSIFIERS_PREDICT: 0.000134944915771
SCALER_PCA_TRANSFORM: 8.20159912109e-05
CLASSIFIERS_PREDICT: 0.000131845474243
SCALER_PCA_TRANSFORM: 8.10623168945e-05
CLASSIFIERS_PREDICT: 0.00012993812561
SCALER_PCA_TRANSFORM: 7.89165496826e-05
CLASSIFIERS_PREDICT: 0.000133991241455
SCALER_PCA_TRANSFORM: 8.20159912109e-05
CLASSIFIERS_PREDICT: 0.000131130218506
SCALER_PCA_TRANSFORM: 8.10623168945e-05
CLASSIFIERS_PREDICT: 0.00012993812561
SCALER_PCA_TRANSFORM: 8.08238983154e-05
CLASSIFIERS_PREDICT: 0.000135898590088
SCALER_PCA_TRANSFORM: 7.9870223999e-05
CLASSIFIERS_PREDICT: 0.000130176544189
SCALER_PCA_TRANSFORM: 8.10623168945e-05
CLASSIFIERS_PREDICT: 0.000133037567139
SCALER_PCA_TRANSFORM: 8.01086425781e-05
CLASSIFIERS_PREDICT: 0.00013279914856
SCALER_PCA_TRANSFORM: 8.10623168945e-05
CLASSIFIERS_PREDICT: 0.000133991241455
SCALER_PCA_TRANSFORM: 8.01086425781e-05
CLASSIFIERS_PREDICT: 0.000133991241455
SCALER_PCA_TRANSFORM: 8.10623168945e-05
CLASSIFIERS_PREDICT: 0.000133991241455
SCALER_PCA_TRANSFORM: 8.01086425781e-05
CLASSIFIERS_PREDICT: 0.000128984451294
SCALER_PCA_TRANSFORM: 8.01086425781e-05
CLASSIFIERS_PREDICT: 0.000128984451294
