SCALER_PCA_FIT_TRANSFORM: 0.00243210792542
CLASSIFIERS_FIT: 0.0689239501953
SCALER_PCA_TRANSFORM: 9.89437103271e-05
CLASSIFIERS_PREDICT: 0.00015115737915
SCALER_PCA_TRANSFORM: 8.70227813721e-05
CLASSIFIERS_PREDICT: 0.00012993812561
SCALER_PCA_TRANSFORM: 8.58306884766e-05
CLASSIFIERS_PREDICT: 0.000133037567139
SCALER_PCA_TRANSFORM: 8.51154327393e-05
CLASSIFIERS_PREDICT: 0.000128030776978
SCALER_PCA_TRANSFORM: 8.48770141602e-05
CLASSIFIERS_PREDICT: 0.000133037567139
SCALER_PCA_TRANSFORM: 8.39233398438e-05
CLASSIFIERS_PREDICT: 0.000132083892822
SCALER_PCA_TRANSFORM: 8.60691070557e-05
CLASSIFIERS_PREDICT: 0.000132083892822
SCALER_PCA_TRANSFORM: 8.41617584229e-05
CLASSIFIERS_PREDICT: 0.000127077102661
SCALER_PCA_TRANSFORM: 8.70227813721e-05
CLASSIFIERS_PREDICT: 0.000133037567139
SCALER_PCA_TRANSFORM: 8.48770141602e-05
CLASSIFIERS_PREDICT: 0.000132083892822
SCALER_PCA_TRANSFORM: 8.48770141602e-05
CLASSIFIERS_PREDICT: 0.000131845474243
SCALER_PCA_TRANSFORM: 8.48770141602e-05
CLASSIFIERS_PREDICT: 0.000128030776978
SCALER_PCA_TRANSFORM: 8.48770141602e-05
CLASSIFIERS_PREDICT: 0.000133037567139
SCALER_PCA_TRANSFORM: 8.51154327393e-05
CLASSIFIERS_PREDICT: 0.000130176544189
SCALER_PCA_TRANSFORM: 8.48770141602e-05
CLASSIFIERS_PREDICT: 0.000133037567139
SCALER_PCA_TRANSFORM: 8.60691070557e-05
CLASSIFIERS_PREDICT: 0.000132083892822
SCALER_PCA_TRANSFORM: 8.48770141602e-05
CLASSIFIERS_PREDICT: 0.000133037567139
SCALER_PCA_TRANSFORM: 8.51154327393e-05
CLASSIFIERS_PREDICT: 0.000141143798828
SCALER_PCA_TRANSFORM: 8.60691070557e-05
CLASSIFIERS_PREDICT: 0.000128030776978
SCALER_PCA_TRANSFORM: 8.41617584229e-05
CLASSIFIERS_PREDICT: 0.000127077102661
SCALER_PCA_TRANSFORM: 8.60691070557e-05
CLASSIFIERS_PREDICT: 0.000127077102661
SCALER_PCA_TRANSFORM: 8.39233398438e-05
CLASSIFIERS_PREDICT: 0.000130891799927
SCALER_PCA_TRANSFORM: 8.60691070557e-05
CLASSIFIERS_PREDICT: 0.000133037567139
SCALER_PCA_TRANSFORM: 8.51154327393e-05
CLASSIFIERS_PREDICT: 0.000131130218506
SCALER_PCA_TRANSFORM: 8.60691070557e-05
CLASSIFIERS_PREDICT: 0.000132083892822
SCALER_PCA_TRANSFORM: 8.48770141602e-05
CLASSIFIERS_PREDICT: 0.000133037567139
SCALER_PCA_TRANSFORM: 8.60691070557e-05
CLASSIFIERS_PREDICT: 0.000131845474243
SCALER_PCA_TRANSFORM: 8.51154327393e-05
CLASSIFIERS_PREDICT: 0.00013279914856
SCALER_PCA_TRANSFORM: 8.48770141602e-05
CLASSIFIERS_PREDICT: 0.000128030776978
SCALER_PCA_TRANSFORM: 8.60691070557e-05
CLASSIFIERS_PREDICT: 0.000131845474243
SCALER_PCA_TRANSFORM: 8.70227813721e-05
CLASSIFIERS_PREDICT: 0.000131845474243
SCALER_PCA_TRANSFORM: 8.60691070557e-05
CLASSIFIERS_PREDICT: 0.000133037567139
SCALER_PCA_TRANSFORM: 8.51154327393e-05
CLASSIFIERS_PREDICT: 0.000133037567139
SCALER_PCA_TRANSFORM: 8.48770141602e-05
CLASSIFIERS_PREDICT: 0.000133037567139
SCALER_PCA_TRANSFORM: 8.51154327393e-05
CLASSIFIERS_PREDICT: 0.000133037567139
SCALER_PCA_TRANSFORM: 8.51154327393e-05
CLASSIFIERS_PREDICT: 0.000132083892822
SCALER_PCA_TRANSFORM: 8.51154327393e-05
CLASSIFIERS_PREDICT: 0.000133037567139
SCALER_PCA_TRANSFORM: 8.51154327393e-05
CLASSIFIERS_PREDICT: 0.00013279914856
SCALER_PCA_TRANSFORM: 8.48770141602e-05
CLASSIFIERS_PREDICT: 0.000133037567139
SCALER_PCA_TRANSFORM: 8.48770141602e-05
CLASSIFIERS_PREDICT: 0.000132083892822
SCALER_PCA_TRANSFORM: 0.000110149383545
CLASSIFIERS_PREDICT: 0.000133991241455
SCALER_PCA_TRANSFORM: 8.48770141602e-05
CLASSIFIERS_PREDICT: 0.000130891799927
SCALER_PCA_TRANSFORM: 8.51154327393e-05
CLASSIFIERS_PREDICT: 0.000132083892822
SCALER_PCA_TRANSFORM: 8.60691070557e-05
CLASSIFIERS_PREDICT: 0.000132083892822
SCALER_PCA_TRANSFORM: 8.60691070557e-05
CLASSIFIERS_PREDICT: 0.000131130218506
SCALER_PCA_TRANSFORM: 8.48770141602e-05
CLASSIFIERS_PREDICT: 0.000132083892822
SCALER_PCA_TRANSFORM: 8.60691070557e-05
CLASSIFIERS_PREDICT: 0.000133037567139
SCALER_PCA_TRANSFORM: 8.60691070557e-05
CLASSIFIERS_PREDICT: 0.00013279914856
SCALER_PCA_TRANSFORM: 8.6784362793e-05
CLASSIFIERS_PREDICT: 0.000133037567139
SCALER_PCA_TRANSFORM: 8.48770141602e-05
CLASSIFIERS_PREDICT: 0.000168085098267
SCALER_PCA_TRANSFORM: 8.48770141602e-05
CLASSIFIERS_PREDICT: 0.000132083892822
SCALER_PCA_TRANSFORM: 8.70227813721e-05
CLASSIFIERS_PREDICT: 0.000132083892822
SCALER_PCA_TRANSFORM: 8.60691070557e-05
CLASSIFIERS_PREDICT: 0.000133037567139
SCALER_PCA_TRANSFORM: 8.51154327393e-05
CLASSIFIERS_PREDICT: 0.000131130218506
SCALER_PCA_TRANSFORM: 8.60691070557e-05
CLASSIFIERS_PREDICT: 0.000128984451294
SCALER_PCA_TRANSFORM: 8.48770141602e-05
CLASSIFIERS_PREDICT: 0.000127792358398
SCALER_PCA_TRANSFORM: 8.70227813721e-05
CLASSIFIERS_PREDICT: 0.000133991241455
SCALER_PCA_TRANSFORM: 8.60691070557e-05
CLASSIFIERS_PREDICT: 0.000133991241455
SCALER_PCA_TRANSFORM: 8.48770141602e-05
CLASSIFIERS_PREDICT: 0.000133991241455
SCALER_PCA_TRANSFORM: 8.48770141602e-05
CLASSIFIERS_PREDICT: 0.000133037567139
SCALER_PCA_TRANSFORM: 8.60691070557e-05
CLASSIFIERS_PREDICT: 0.000128984451294
SCALER_PCA_TRANSFORM: 8.39233398438e-05
CLASSIFIERS_PREDICT: 0.000128030776978
SCALER_PCA_TRANSFORM: 8.60691070557e-05
CLASSIFIERS_PREDICT: 0.000131845474243
SCALER_PCA_TRANSFORM: 8.98838043213e-05
CLASSIFIERS_PREDICT: 0.0001540184021
SCALER_PCA_TRANSFORM: 8.79764556885e-05
CLASSIFIERS_PREDICT: 0.000131845474243
SCALER_PCA_TRANSFORM: 8.48770141602e-05
CLASSIFIERS_PREDICT: 0.000132083892822
SCALER_PCA_TRANSFORM: 8.51154327393e-05
CLASSIFIERS_PREDICT: 0.000134944915771
SCALER_PCA_TRANSFORM: 8.48770141602e-05
CLASSIFIERS_PREDICT: 0.000134944915771
SCALER_PCA_TRANSFORM: 8.51154327393e-05
CLASSIFIERS_PREDICT: 0.000133037567139
SCALER_PCA_TRANSFORM: 8.51154327393e-05
CLASSIFIERS_PREDICT: 0.000133037567139
SCALER_PCA_TRANSFORM: 8.79764556885e-05
CLASSIFIERS_PREDICT: 0.000131845474243
SCALER_PCA_TRANSFORM: 8.48770141602e-05
CLASSIFIERS_PREDICT: 0.000133037567139
SCALER_PCA_TRANSFORM: 8.70227813721e-05
CLASSIFIERS_PREDICT: 0.000134944915771
SCALER_PCA_TRANSFORM: 8.51154327393e-05
CLASSIFIERS_PREDICT: 0.000132083892822
SCALER_PCA_TRANSFORM: 8.51154327393e-05
CLASSIFIERS_PREDICT: 0.000133037567139
SCALER_PCA_TRANSFORM: 8.60691070557e-05
CLASSIFIERS_PREDICT: 0.000128984451294
SCALER_PCA_TRANSFORM: 8.58306884766e-05
CLASSIFIERS_PREDICT: 0.000134944915771
SCALER_PCA_TRANSFORM: 8.60691070557e-05
CLASSIFIERS_PREDICT: 0.000133037567139
SCALER_PCA_TRANSFORM: 8.60691070557e-05
CLASSIFIERS_PREDICT: 0.000133991241455
SCALER_PCA_TRANSFORM: 8.60691070557e-05
CLASSIFIERS_PREDICT: 0.000135898590088
SCALER_PCA_TRANSFORM: 8.60691070557e-05
CLASSIFIERS_PREDICT: 0.000133037567139
SCALER_PCA_TRANSFORM: 8.58306884766e-05
CLASSIFIERS_PREDICT: 0.000148057937622
SCALER_PCA_TRANSFORM: 8.48770141602e-05
CLASSIFIERS_PREDICT: 0.000133037567139
SCALER_PCA_TRANSFORM: 8.60691070557e-05
CLASSIFIERS_PREDICT: 0.000133991241455
SCALER_PCA_TRANSFORM: 8.60691070557e-05
CLASSIFIERS_PREDICT: 0.000133037567139
SCALER_PCA_TRANSFORM: 8.60691070557e-05
CLASSIFIERS_PREDICT: 0.00012993812561
SCALER_PCA_TRANSFORM: 8.70227813721e-05
CLASSIFIERS_PREDICT: 0.000133037567139
SCALER_PCA_TRANSFORM: 8.48770141602e-05
CLASSIFIERS_PREDICT: 0.000133991241455
SCALER_PCA_TRANSFORM: 8.51154327393e-05
CLASSIFIERS_PREDICT: 0.00013279914856
SCALER_PCA_TRANSFORM: 8.60691070557e-05
CLASSIFIERS_PREDICT: 0.000131845474243
SCALER_PCA_TRANSFORM: 8.60691070557e-05
CLASSIFIERS_PREDICT: 0.000134944915771
SCALER_PCA_TRANSFORM: 8.48770141602e-05
CLASSIFIERS_PREDICT: 0.000133991241455
SCALER_PCA_TRANSFORM: 8.48770141602e-05
CLASSIFIERS_PREDICT: 0.000133991241455
SCALER_PCA_TRANSFORM: 8.51154327393e-05
CLASSIFIERS_PREDICT: 0.000128030776978
SCALER_PCA_TRANSFORM: 8.48770141602e-05
CLASSIFIERS_PREDICT: 0.000132083892822
SCALER_PCA_TRANSFORM: 8.51154327393e-05
CLASSIFIERS_PREDICT: 0.000131130218506
SCALER_PCA_TRANSFORM: 8.58306884766e-05
CLASSIFIERS_PREDICT: 0.000133037567139
SCALER_PCA_TRANSFORM: 8.70227813721e-05
CLASSIFIERS_PREDICT: 0.000128030776978
SCALER_PCA_TRANSFORM: 8.70227813721e-05
CLASSIFIERS_PREDICT: 0.000133037567139
SCALER_PCA_TRANSFORM: 8.70227813721e-05
CLASSIFIERS_PREDICT: 0.000133991241455
SCALER_PCA_TRANSFORM: 8.51154327393e-05
CLASSIFIERS_PREDICT: 0.000130891799927
SCALER_PCA_TRANSFORM: 8.51154327393e-05
CLASSIFIERS_PREDICT: 0.000131845474243
SCALER_PCA_TRANSFORM: 8.58306884766e-05
CLASSIFIERS_PREDICT: 0.000133037567139
SCALER_PCA_TRANSFORM: 8.51154327393e-05
CLASSIFIERS_PREDICT: 0.000132083892822
SCALER_PCA_TRANSFORM: 8.70227813721e-05
CLASSIFIERS_PREDICT: 0.000131845474243
SCALER_PCA_TRANSFORM: 8.48770141602e-05
CLASSIFIERS_PREDICT: 0.000132083892822
SCALER_PCA_TRANSFORM: 8.60691070557e-05
CLASSIFIERS_PREDICT: 0.000131845474243
SCALER_PCA_TRANSFORM: 8.51154327393e-05
CLASSIFIERS_PREDICT: 0.000131845474243
SCALER_PCA_TRANSFORM: 8.60691070557e-05
CLASSIFIERS_PREDICT: 0.000133991241455
SCALER_PCA_TRANSFORM: 8.51154327393e-05
CLASSIFIERS_PREDICT: 0.00013279914856
SCALER_PCA_TRANSFORM: 8.51154327393e-05
CLASSIFIERS_PREDICT: 0.000133037567139
SCALER_PCA_TRANSFORM: 8.39233398438e-05
CLASSIFIERS_PREDICT: 0.000129222869873
SCALER_PCA_TRANSFORM: 8.48770141602e-05
CLASSIFIERS_PREDICT: 0.000133037567139
SCALER_PCA_TRANSFORM: 8.60691070557e-05
CLASSIFIERS_PREDICT: 0.000149011611938
SCALER_PCA_TRANSFORM: 8.60691070557e-05
CLASSIFIERS_PREDICT: 0.000133037567139
SCALER_PCA_TRANSFORM: 8.60691070557e-05
CLASSIFIERS_PREDICT: 0.000133037567139
SCALER_PCA_TRANSFORM: 8.48770141602e-05
CLASSIFIERS_PREDICT: 0.000131130218506
SCALER_PCA_TRANSFORM: 8.70227813721e-05
CLASSIFIERS_PREDICT: 0.00013279914856
SCALER_PCA_TRANSFORM: 8.60691070557e-05
CLASSIFIERS_PREDICT: 0.000133037567139
SCALER_PCA_TRANSFORM: 8.41617584229e-05
CLASSIFIERS_PREDICT: 0.000133037567139
SCALER_PCA_TRANSFORM: 8.70227813721e-05
CLASSIFIERS_PREDICT: 0.000133991241455
SCALER_PCA_TRANSFORM: 8.60691070557e-05
CLASSIFIERS_PREDICT: 0.000132083892822
SCALER_PCA_TRANSFORM: 8.48770141602e-05
CLASSIFIERS_PREDICT: 0.000144958496094
SCALER_PCA_TRANSFORM: 8.51154327393e-05
CLASSIFIERS_PREDICT: 0.000134229660034
SCALER_PCA_TRANSFORM: 8.60691070557e-05
CLASSIFIERS_PREDICT: 0.00013279914856
SCALER_PCA_TRANSFORM: 8.58306884766e-05
CLASSIFIERS_PREDICT: 0.000133991241455
SCALER_PCA_TRANSFORM: 8.51154327393e-05
CLASSIFIERS_PREDICT: 0.000133991241455
SCALER_PCA_TRANSFORM: 8.60691070557e-05
CLASSIFIERS_PREDICT: 0.000128030776978
SCALER_PCA_TRANSFORM: 8.39233398438e-05
CLASSIFIERS_PREDICT: 0.000132083892822
SCALER_PCA_TRANSFORM: 8.60691070557e-05
CLASSIFIERS_PREDICT: 0.000133037567139
SCALER_PCA_TRANSFORM: 8.51154327393e-05
CLASSIFIERS_PREDICT: 0.000133991241455
SCALER_PCA_TRANSFORM: 8.60691070557e-05
CLASSIFIERS_PREDICT: 0.000128984451294
SCALER_PCA_TRANSFORM: 8.58306884766e-05
CLASSIFIERS_PREDICT: 0.000134944915771
SCALER_PCA_TRANSFORM: 8.51154327393e-05
CLASSIFIERS_PREDICT: 0.000134229660034
SCALER_PCA_TRANSFORM: 8.51154327393e-05
CLASSIFIERS_PREDICT: 0.00013279914856
SCALER_PCA_TRANSFORM: 8.48770141602e-05
CLASSIFIERS_PREDICT: 0.000130891799927
SCALER_PCA_TRANSFORM: 9.70363616943e-05
CLASSIFIERS_PREDICT: 0.000133037567139
SCALER_PCA_TRANSFORM: 8.51154327393e-05
CLASSIFIERS_PREDICT: 0.000130891799927
SCALER_PCA_TRANSFORM: 8.51154327393e-05
CLASSIFIERS_PREDICT: 0.000134944915771
SCALER_PCA_TRANSFORM: 8.58306884766e-05
CLASSIFIERS_PREDICT: 0.000133037567139
SCALER_PCA_TRANSFORM: 8.51154327393e-05
CLASSIFIERS_PREDICT: 0.000133991241455
SCALER_PCA_TRANSFORM: 8.60691070557e-05
CLASSIFIERS_PREDICT: 0.00013279914856
SCALER_PCA_TRANSFORM: 8.58306884766e-05
CLASSIFIERS_PREDICT: 0.000133991241455
SCALER_PCA_TRANSFORM: 8.48770141602e-05
CLASSIFIERS_PREDICT: 0.000133037567139
SCALER_PCA_TRANSFORM: 8.60691070557e-05
CLASSIFIERS_PREDICT: 0.000136137008667
SCALER_PCA_TRANSFORM: 8.58306884766e-05
CLASSIFIERS_PREDICT: 0.000141859054565
SCALER_PCA_TRANSFORM: 8.70227813721e-05
CLASSIFIERS_PREDICT: 0.000131845474243
SCALER_PCA_TRANSFORM: 8.39233398438e-05
CLASSIFIERS_PREDICT: 0.000133037567139
SCALER_PCA_TRANSFORM: 8.79764556885e-05
CLASSIFIERS_PREDICT: 0.000133037567139
SCALER_PCA_TRANSFORM: 8.39233398438e-05
CLASSIFIERS_PREDICT: 0.000128984451294
SCALER_PCA_TRANSFORM: 8.58306884766e-05
CLASSIFIERS_PREDICT: 0.000131845474243
SCALER_PCA_TRANSFORM: 8.51154327393e-05
CLASSIFIERS_PREDICT: 0.000133037567139
SCALER_PCA_TRANSFORM: 8.51154327393e-05
CLASSIFIERS_PREDICT: 0.000133037567139
SCALER_PCA_TRANSFORM: 8.48770141602e-05
CLASSIFIERS_PREDICT: 0.000128984451294
SCALER_PCA_TRANSFORM: 8.48770141602e-05
CLASSIFIERS_PREDICT: 0.000132083892822
SCALER_PCA_TRANSFORM: 8.48770141602e-05
CLASSIFIERS_PREDICT: 0.000133037567139
SCALER_PCA_TRANSFORM: 8.39233398438e-05
CLASSIFIERS_PREDICT: 0.000133991241455
SCALER_PCA_TRANSFORM: 8.60691070557e-05
CLASSIFIERS_PREDICT: 0.000128984451294
SCALER_PCA_TRANSFORM: 8.39233398438e-05
CLASSIFIERS_PREDICT: 0.000131130218506
SCALER_PCA_TRANSFORM: 0.000152111053467
CLASSIFIERS_PREDICT: 0.000144004821777
SCALER_PCA_TRANSFORM: 8.51154327393e-05
CLASSIFIERS_PREDICT: 0.00012993812561
SCALER_PCA_TRANSFORM: 8.48770141602e-05
CLASSIFIERS_PREDICT: 0.000124931335449
SCALER_PCA_TRANSFORM: 8.6784362793e-05
CLASSIFIERS_PREDICT: 0.000127077102661
SCALER_PCA_TRANSFORM: 8.51154327393e-05
CLASSIFIERS_PREDICT: 0.00012993812561
SCALER_PCA_TRANSFORM: 8.51154327393e-05
CLASSIFIERS_PREDICT: 0.000128984451294
SCALER_PCA_TRANSFORM: 8.41617584229e-05
CLASSIFIERS_PREDICT: 0.000128984451294
SCALER_PCA_TRANSFORM: 8.60691070557e-05
CLASSIFIERS_PREDICT: 0.000128984451294
SCALER_PCA_TRANSFORM: 8.60691070557e-05
CLASSIFIERS_PREDICT: 0.000127792358398
SCALER_PCA_TRANSFORM: 8.58306884766e-05
CLASSIFIERS_PREDICT: 0.000144004821777
SCALER_PCA_TRANSFORM: 8.51154327393e-05
CLASSIFIERS_PREDICT: 0.000124931335449
SCALER_PCA_TRANSFORM: 8.51154327393e-05
CLASSIFIERS_PREDICT: 0.00012993812561
SCALER_PCA_TRANSFORM: 8.60691070557e-05
CLASSIFIERS_PREDICT: 0.00012993812561
SCALER_PCA_TRANSFORM: 8.60691070557e-05
CLASSIFIERS_PREDICT: 0.000131845474243
SCALER_PCA_TRANSFORM: 8.60691070557e-05
CLASSIFIERS_PREDICT: 0.000124931335449
SCALER_PCA_TRANSFORM: 8.51154327393e-05
CLASSIFIERS_PREDICT: 0.000123023986816
SCALER_PCA_TRANSFORM: 8.60691070557e-05
CLASSIFIERS_PREDICT: 0.000128984451294
SCALER_PCA_TRANSFORM: 8.51154327393e-05
CLASSIFIERS_PREDICT: 0.000128030776978
SCALER_PCA_TRANSFORM: 8.41617584229e-05
CLASSIFIERS_PREDICT: 0.000131130218506
SCALER_PCA_TRANSFORM: 8.58306884766e-05
CLASSIFIERS_PREDICT: 0.00012993812561
SCALER_PCA_TRANSFORM: 8.51154327393e-05
CLASSIFIERS_PREDICT: 0.000126123428345
SCALER_PCA_TRANSFORM: 8.51154327393e-05
CLASSIFIERS_PREDICT: 0.000128984451294
SCALER_PCA_TRANSFORM: 8.51154327393e-05
CLASSIFIERS_PREDICT: 0.000125169754028
SCALER_PCA_TRANSFORM: 8.79764556885e-05
CLASSIFIERS_PREDICT: 0.000128030776978
SCALER_PCA_TRANSFORM: 8.58306884766e-05
CLASSIFIERS_PREDICT: 0.000128984451294
SCALER_PCA_TRANSFORM: 8.48770141602e-05
CLASSIFIERS_PREDICT: 0.000128984451294
SCALER_PCA_TRANSFORM: 8.39233398438e-05
CLASSIFIERS_PREDICT: 0.000128030776978
SCALER_PCA_TRANSFORM: 8.58306884766e-05
CLASSIFIERS_PREDICT: 0.000128030776978
SCALER_PCA_TRANSFORM: 8.60691070557e-05
CLASSIFIERS_PREDICT: 0.000128984451294
SCALER_PCA_TRANSFORM: 8.51154327393e-05
CLASSIFIERS_PREDICT: 0.000128984451294
SCALER_PCA_TRANSFORM: 8.39233398438e-05
CLASSIFIERS_PREDICT: 0.000130891799927
SCALER_PCA_TRANSFORM: 8.60691070557e-05
CLASSIFIERS_PREDICT: 0.000130176544189
SCALER_PCA_TRANSFORM: 8.48770141602e-05
CLASSIFIERS_PREDICT: 0.000156879425049
SCALER_PCA_TRANSFORM: 8.60691070557e-05
CLASSIFIERS_PREDICT: 0.000125885009766
SCALER_PCA_TRANSFORM: 8.58306884766e-05
CLASSIFIERS_PREDICT: 0.000128984451294
SCALER_PCA_TRANSFORM: 8.60691070557e-05
CLASSIFIERS_PREDICT: 0.000124931335449
SCALER_PCA_TRANSFORM: 8.48770141602e-05
CLASSIFIERS_PREDICT: 0.000128984451294
SCALER_PCA_TRANSFORM: 8.58306884766e-05
CLASSIFIERS_PREDICT: 0.000126123428345
SCALER_PCA_TRANSFORM: 8.48770141602e-05
CLASSIFIERS_PREDICT: 0.000123977661133
SCALER_PCA_TRANSFORM: 8.70227813721e-05
CLASSIFIERS_PREDICT: 0.000126123428345
SCALER_PCA_TRANSFORM: 8.39233398438e-05
CLASSIFIERS_PREDICT: 0.000128984451294
SCALER_PCA_TRANSFORM: 8.60691070557e-05
CLASSIFIERS_PREDICT: 0.00012993812561
SCALER_PCA_TRANSFORM: 8.60691070557e-05
CLASSIFIERS_PREDICT: 0.000125169754028
SCALER_PCA_TRANSFORM: 8.60691070557e-05
CLASSIFIERS_PREDICT: 0.000128030776978
SCALER_PCA_TRANSFORM: 8.70227813721e-05
CLASSIFIERS_PREDICT: 0.000128030776978
SCALER_PCA_TRANSFORM: 8.60691070557e-05
CLASSIFIERS_PREDICT: 0.000128984451294
SCALER_PCA_TRANSFORM: 9.3936920166e-05
CLASSIFIERS_PREDICT: 0.000130176544189
SCALER_PCA_TRANSFORM: 8.48770141602e-05
CLASSIFIERS_PREDICT: 0.00012993812561
SCALER_PCA_TRANSFORM: 8.60691070557e-05
CLASSIFIERS_PREDICT: 0.000128984451294
SCALER_PCA_TRANSFORM: 8.51154327393e-05
CLASSIFIERS_PREDICT: 0.000128984451294
SCALER_PCA_TRANSFORM: 8.51154327393e-05
CLASSIFIERS_PREDICT: 0.000129222869873
SCALER_PCA_TRANSFORM: 8.60691070557e-05
CLASSIFIERS_PREDICT: 0.000128984451294
SCALER_PCA_TRANSFORM: 8.60691070557e-05
CLASSIFIERS_PREDICT: 0.000123977661133
SCALER_PCA_TRANSFORM: 8.51154327393e-05
CLASSIFIERS_PREDICT: 0.000127792358398
SCALER_PCA_TRANSFORM: 8.60691070557e-05
CLASSIFIERS_PREDICT: 0.000127792358398
SCALER_PCA_TRANSFORM: 8.60691070557e-05
CLASSIFIERS_PREDICT: 0.000136137008667
SCALER_PCA_TRANSFORM: 8.41617584229e-05
CLASSIFIERS_PREDICT: 0.000127077102661
SCALER_PCA_TRANSFORM: 8.58306884766e-05
CLASSIFIERS_PREDICT: 0.000128030776978
SCALER_PCA_TRANSFORM: 8.51154327393e-05
CLASSIFIERS_PREDICT: 0.000128030776978
SCALER_PCA_TRANSFORM: 8.51154327393e-05
CLASSIFIERS_PREDICT: 0.000128984451294
SCALER_PCA_TRANSFORM: 9.08374786377e-05
CLASSIFIERS_PREDICT: 0.00012993812561
SCALER_PCA_TRANSFORM: 8.39233398438e-05
CLASSIFIERS_PREDICT: 0.000123977661133
SCALER_PCA_TRANSFORM: 8.48770141602e-05
CLASSIFIERS_PREDICT: 0.000127792358398
SCALER_PCA_TRANSFORM: 8.58306884766e-05
CLASSIFIERS_PREDICT: 0.000128984451294
SCALER_PCA_TRANSFORM: 8.60691070557e-05
CLASSIFIERS_PREDICT: 0.000123977661133
SCALER_PCA_TRANSFORM: 8.60691070557e-05
CLASSIFIERS_PREDICT: 0.000128030776978
SCALER_PCA_TRANSFORM: 8.60691070557e-05
CLASSIFIERS_PREDICT: 0.000128984451294
SCALER_PCA_TRANSFORM: 8.48770141602e-05
CLASSIFIERS_PREDICT: 0.000131130218506
SCALER_PCA_TRANSFORM: 8.48770141602e-05
CLASSIFIERS_PREDICT: 0.000128984451294
SCALER_PCA_TRANSFORM: 9.79900360107e-05
CLASSIFIERS_PREDICT: 0.000131845474243
SCALER_PCA_TRANSFORM: 8.51154327393e-05
CLASSIFIERS_PREDICT: 0.000128984451294
SCALER_PCA_TRANSFORM: 8.39233398438e-05
CLASSIFIERS_PREDICT: 0.000128030776978
SCALER_PCA_TRANSFORM: 8.70227813721e-05
CLASSIFIERS_PREDICT: 0.000128984451294
SCALER_PCA_TRANSFORM: 8.51154327393e-05
CLASSIFIERS_PREDICT: 0.000128030776978
SCALER_PCA_TRANSFORM: 8.58306884766e-05
CLASSIFIERS_PREDICT: 0.00012993812561
SCALER_PCA_TRANSFORM: 8.60691070557e-05
CLASSIFIERS_PREDICT: 0.000128030776978
SCALER_PCA_TRANSFORM: 8.51154327393e-05
CLASSIFIERS_PREDICT: 0.000124931335449
SCALER_PCA_TRANSFORM: 8.48770141602e-05
CLASSIFIERS_PREDICT: 0.000123023986816
SCALER_PCA_TRANSFORM: 8.58306884766e-05
CLASSIFIERS_PREDICT: 0.000128984451294
SCALER_PCA_TRANSFORM: 8.51154327393e-05
CLASSIFIERS_PREDICT: 0.000128984451294
SCALER_PCA_TRANSFORM: 8.51154327393e-05
CLASSIFIERS_PREDICT: 0.000128030776978
SCALER_PCA_TRANSFORM: 8.51154327393e-05
CLASSIFIERS_PREDICT: 0.000126123428345
SCALER_PCA_TRANSFORM: 8.51154327393e-05
CLASSIFIERS_PREDICT: 0.000128030776978
SCALER_PCA_TRANSFORM: 8.51154327393e-05
CLASSIFIERS_PREDICT: 0.000128030776978
SCALER_PCA_TRANSFORM: 8.51154327393e-05
CLASSIFIERS_PREDICT: 0.000128984451294
SCALER_PCA_TRANSFORM: 8.58306884766e-05
CLASSIFIERS_PREDICT: 0.000128984451294
SCALER_PCA_TRANSFORM: 8.39233398438e-05
CLASSIFIERS_PREDICT: 0.000128030776978
SCALER_PCA_TRANSFORM: 8.51154327393e-05
CLASSIFIERS_PREDICT: 0.000128984451294
SCALER_PCA_TRANSFORM: 8.70227813721e-05
CLASSIFIERS_PREDICT: 0.000128984451294
SCALER_PCA_TRANSFORM: 8.51154327393e-05
CLASSIFIERS_PREDICT: 0.000125169754028
SCALER_PCA_TRANSFORM: 8.70227813721e-05
CLASSIFIERS_PREDICT: 0.000124931335449
SCALER_PCA_TRANSFORM: 8.70227813721e-05
CLASSIFIERS_PREDICT: 0.000128984451294
SCALER_PCA_TRANSFORM: 0.000100135803223
CLASSIFIERS_PREDICT: 0.000131130218506
SCALER_PCA_TRANSFORM: 8.60691070557e-05
CLASSIFIERS_PREDICT: 0.000130176544189
SCALER_PCA_TRANSFORM: 8.58306884766e-05
CLASSIFIERS_PREDICT: 0.000124931335449
SCALER_PCA_TRANSFORM: 8.60691070557e-05
CLASSIFIERS_PREDICT: 0.000128030776978
SCALER_PCA_TRANSFORM: 8.51154327393e-05
CLASSIFIERS_PREDICT: 0.000129222869873
SCALER_PCA_TRANSFORM: 8.48770141602e-05
CLASSIFIERS_PREDICT: 0.000128984451294
SCALER_PCA_TRANSFORM: 8.51154327393e-05
CLASSIFIERS_PREDICT: 0.000128030776978
SCALER_PCA_TRANSFORM: 8.51154327393e-05
CLASSIFIERS_PREDICT: 0.000128030776978
SCALER_PCA_TRANSFORM: 8.48770141602e-05
CLASSIFIERS_PREDICT: 0.000128984451294
SCALER_PCA_TRANSFORM: 8.60691070557e-05
CLASSIFIERS_PREDICT: 0.000133991241455
SCALER_PCA_TRANSFORM: 8.60691070557e-05
CLASSIFIERS_PREDICT: 0.000128030776978
SCALER_PCA_TRANSFORM: 8.70227813721e-05
CLASSIFIERS_PREDICT: 0.00012993812561
SCALER_PCA_TRANSFORM: 8.48770141602e-05
CLASSIFIERS_PREDICT: 0.000128984451294
SCALER_PCA_TRANSFORM: 8.58306884766e-05
CLASSIFIERS_PREDICT: 0.000124931335449
SCALER_PCA_TRANSFORM: 8.60691070557e-05
CLASSIFIERS_PREDICT: 0.000128030776978
SCALER_PCA_TRANSFORM: 8.60691070557e-05
CLASSIFIERS_PREDICT: 0.000127792358398
SCALER_PCA_TRANSFORM: 8.41617584229e-05
CLASSIFIERS_PREDICT: 0.00012993812561
SCALER_PCA_TRANSFORM: 8.58306884766e-05
CLASSIFIERS_PREDICT: 0.000126838684082
SCALER_PCA_TRANSFORM: 8.39233398438e-05
CLASSIFIERS_PREDICT: 0.000125885009766
SCALER_PCA_TRANSFORM: 8.70227813721e-05
CLASSIFIERS_PREDICT: 0.000126123428345
SCALER_PCA_TRANSFORM: 8.48770141602e-05
CLASSIFIERS_PREDICT: 0.000126838684082
SCALER_PCA_TRANSFORM: 8.58306884766e-05
CLASSIFIERS_PREDICT: 0.000128030776978
SCALER_PCA_TRANSFORM: 8.58306884766e-05
CLASSIFIERS_PREDICT: 0.000128030776978
SCALER_PCA_TRANSFORM: 0.000116109848022
CLASSIFIERS_PREDICT: 0.000136852264404
SCALER_PCA_TRANSFORM: 8.60691070557e-05
CLASSIFIERS_PREDICT: 0.000128030776978
SCALER_PCA_TRANSFORM: 8.51154327393e-05
CLASSIFIERS_PREDICT: 0.000123977661133
SCALER_PCA_TRANSFORM: 8.48770141602e-05
CLASSIFIERS_PREDICT: 0.00012993812561
SCALER_PCA_TRANSFORM: 8.51154327393e-05
CLASSIFIERS_PREDICT: 0.000127077102661
SCALER_PCA_TRANSFORM: 8.70227813721e-05
CLASSIFIERS_PREDICT: 0.000129222869873
SCALER_PCA_TRANSFORM: 8.60691070557e-05
CLASSIFIERS_PREDICT: 0.000126123428345
SCALER_PCA_TRANSFORM: 8.48770141602e-05
CLASSIFIERS_PREDICT: 0.000128030776978
SCALER_PCA_TRANSFORM: 8.58306884766e-05
CLASSIFIERS_PREDICT: 0.000128030776978
SCALER_PCA_TRANSFORM: 8.48770141602e-05
CLASSIFIERS_PREDICT: 0.000134944915771
SCALER_PCA_TRANSFORM: 8.60691070557e-05
CLASSIFIERS_PREDICT: 0.000124216079712
SCALER_PCA_TRANSFORM: 8.51154327393e-05
CLASSIFIERS_PREDICT: 0.000126123428345
SCALER_PCA_TRANSFORM: 8.48770141602e-05
CLASSIFIERS_PREDICT: 0.000125885009766
SCALER_PCA_TRANSFORM: 8.60691070557e-05
CLASSIFIERS_PREDICT: 0.000128984451294
SCALER_PCA_TRANSFORM: 8.58306884766e-05
CLASSIFIERS_PREDICT: 0.000123977661133
SCALER_PCA_TRANSFORM: 8.39233398438e-05
CLASSIFIERS_PREDICT: 0.000128030776978
SCALER_PCA_TRANSFORM: 8.48770141602e-05
CLASSIFIERS_PREDICT: 0.000128984451294
SCALER_PCA_TRANSFORM: 8.60691070557e-05
CLASSIFIERS_PREDICT: 0.000128030776978
SCALER_PCA_TRANSFORM: 8.58306884766e-05
CLASSIFIERS_PREDICT: 0.000128984451294
SCALER_PCA_TRANSFORM: 8.51154327393e-05
CLASSIFIERS_PREDICT: 0.000126838684082
SCALER_PCA_TRANSFORM: 8.60691070557e-05
CLASSIFIERS_PREDICT: 0.000128984451294
SCALER_PCA_TRANSFORM: 8.60691070557e-05
CLASSIFIERS_PREDICT: 0.000127792358398
SCALER_PCA_TRANSFORM: 8.60691070557e-05
CLASSIFIERS_PREDICT: 0.00012993812561
SCALER_PCA_TRANSFORM: 8.60691070557e-05
CLASSIFIERS_PREDICT: 0.000136852264404
SCALER_PCA_TRANSFORM: 8.70227813721e-05
CLASSIFIERS_PREDICT: 0.000128984451294
SCALER_PCA_TRANSFORM: 8.70227813721e-05
CLASSIFIERS_PREDICT: 0.000127792358398
SCALER_PCA_TRANSFORM: 8.60691070557e-05
CLASSIFIERS_PREDICT: 0.000126123428345
SCALER_PCA_TRANSFORM: 8.51154327393e-05
CLASSIFIERS_PREDICT: 0.000123977661133
SCALER_PCA_TRANSFORM: 8.60691070557e-05
CLASSIFIERS_PREDICT: 0.000128984451294
SCALER_PCA_TRANSFORM: 8.60691070557e-05
CLASSIFIERS_PREDICT: 0.000128984451294
SCALER_PCA_TRANSFORM: 8.60691070557e-05
CLASSIFIERS_PREDICT: 0.000124931335449
SCALER_PCA_TRANSFORM: 8.51154327393e-05
CLASSIFIERS_PREDICT: 0.000123023986816
SCALER_PCA_TRANSFORM: 8.51154327393e-05
CLASSIFIERS_PREDICT: 0.000128984451294
SCALER_PCA_TRANSFORM: 8.51154327393e-05
CLASSIFIERS_PREDICT: 0.000127792358398
SCALER_PCA_TRANSFORM: 8.70227813721e-05
CLASSIFIERS_PREDICT: 0.000128984451294
SCALER_PCA_TRANSFORM: 8.58306884766e-05
CLASSIFIERS_PREDICT: 0.000128030776978
SCALER_PCA_TRANSFORM: 8.48770141602e-05
CLASSIFIERS_PREDICT: 0.000123977661133
SCALER_PCA_TRANSFORM: 0.000103950500488
CLASSIFIERS_PREDICT: 0.00012993812561
SCALER_PCA_TRANSFORM: 8.60691070557e-05
CLASSIFIERS_PREDICT: 0.000131130218506
SCALER_PCA_TRANSFORM: 8.51154327393e-05
CLASSIFIERS_PREDICT: 0.000128030776978
SCALER_PCA_TRANSFORM: 8.58306884766e-05
CLASSIFIERS_PREDICT: 0.000130891799927
SCALER_PCA_TRANSFORM: 8.41617584229e-05
CLASSIFIERS_PREDICT: 0.000129222869873
SCALER_PCA_TRANSFORM: 8.60691070557e-05
CLASSIFIERS_PREDICT: 0.000123977661133
SCALER_PCA_TRANSFORM: 8.51154327393e-05
CLASSIFIERS_PREDICT: 0.000124931335449
SCALER_PCA_TRANSFORM: 8.58306884766e-05
CLASSIFIERS_PREDICT: 0.000124931335449
SCALER_PCA_TRANSFORM: 8.60691070557e-05
CLASSIFIERS_PREDICT: 0.000124931335449
SCALER_PCA_TRANSFORM: 8.60691070557e-05
CLASSIFIERS_PREDICT: 0.000128030776978
SCALER_PCA_TRANSFORM: 8.58306884766e-05
CLASSIFIERS_PREDICT: 0.000128030776978
SCALER_PCA_TRANSFORM: 8.60691070557e-05
CLASSIFIERS_PREDICT: 0.000128984451294
SCALER_PCA_TRANSFORM: 8.48770141602e-05
CLASSIFIERS_PREDICT: 0.000123977661133
SCALER_PCA_TRANSFORM: 8.60691070557e-05
CLASSIFIERS_PREDICT: 0.000128030776978
SCALER_PCA_TRANSFORM: 8.60691070557e-05
CLASSIFIERS_PREDICT: 0.000128030776978
SCALER_PCA_TRANSFORM: 8.48770141602e-05
CLASSIFIERS_PREDICT: 0.000123023986816
SCALER_PCA_TRANSFORM: 8.60691070557e-05
CLASSIFIERS_PREDICT: 0.000123977661133
SCALER_PCA_TRANSFORM: 8.51154327393e-05
CLASSIFIERS_PREDICT: 0.000125169754028
SCALER_PCA_TRANSFORM: 8.29696655273e-05
CLASSIFIERS_PREDICT: 0.00012993812561
SCALER_PCA_TRANSFORM: 8.60691070557e-05
CLASSIFIERS_PREDICT: 0.000128030776978
SCALER_PCA_TRANSFORM: 8.70227813721e-05
CLASSIFIERS_PREDICT: 0.000128030776978
SCALER_PCA_TRANSFORM: 8.79764556885e-05
CLASSIFIERS_PREDICT: 0.000127792358398
SCALER_PCA_TRANSFORM: 8.60691070557e-05
CLASSIFIERS_PREDICT: 0.000126123428345
SCALER_PCA_TRANSFORM: 8.70227813721e-05
CLASSIFIERS_PREDICT: 0.000136137008667
SCALER_PCA_TRANSFORM: 8.48770141602e-05
CLASSIFIERS_PREDICT: 0.000126838684082
SCALER_PCA_TRANSFORM: 8.70227813721e-05
CLASSIFIERS_PREDICT: 0.000123977661133
SCALER_PCA_TRANSFORM: 8.39233398438e-05
CLASSIFIERS_PREDICT: 0.000123977661133
SCALER_PCA_TRANSFORM: 8.60691070557e-05
CLASSIFIERS_PREDICT: 0.000124931335449
SCALER_PCA_TRANSFORM: 8.70227813721e-05
CLASSIFIERS_PREDICT: 0.000128984451294
SCALER_PCA_TRANSFORM: 8.60691070557e-05
CLASSIFIERS_PREDICT: 0.000125169754028
SCALER_PCA_TRANSFORM: 8.39233398438e-05
CLASSIFIERS_PREDICT: 0.000123023986816
SCALER_PCA_TRANSFORM: 8.51154327393e-05
CLASSIFIERS_PREDICT: 0.000123977661133
SCALER_PCA_TRANSFORM: 8.70227813721e-05
CLASSIFIERS_PREDICT: 0.00012993812561
SCALER_PCA_TRANSFORM: 8.60691070557e-05
CLASSIFIERS_PREDICT: 0.000128984451294
SCALER_PCA_TRANSFORM: 8.51154327393e-05
CLASSIFIERS_PREDICT: 0.000127792358398
SCALER_PCA_TRANSFORM: 8.48770141602e-05
CLASSIFIERS_PREDICT: 0.000125169754028
SCALER_PCA_TRANSFORM: 8.48770141602e-05
CLASSIFIERS_PREDICT: 0.000128030776978
SCALER_PCA_TRANSFORM: 9.60826873779e-05
CLASSIFIERS_PREDICT: 0.000128030776978
SCALER_PCA_TRANSFORM: 8.60691070557e-05
CLASSIFIERS_PREDICT: 0.000125169754028
SCALER_PCA_TRANSFORM: 8.48770141602e-05
CLASSIFIERS_PREDICT: 0.000128030776978
SCALER_PCA_TRANSFORM: 8.60691070557e-05
CLASSIFIERS_PREDICT: 0.000128984451294
SCALER_PCA_TRANSFORM: 8.58306884766e-05
CLASSIFIERS_PREDICT: 0.000126123428345
SCALER_PCA_TRANSFORM: 8.51154327393e-05
CLASSIFIERS_PREDICT: 0.000130176544189
SCALER_PCA_TRANSFORM: 8.70227813721e-05
CLASSIFIERS_PREDICT: 0.000128984451294
SCALER_PCA_TRANSFORM: 8.39233398438e-05
CLASSIFIERS_PREDICT: 0.000130891799927
SCALER_PCA_TRANSFORM: 8.70227813721e-05
CLASSIFIERS_PREDICT: 0.000124931335449
SCALER_PCA_TRANSFORM: 8.60691070557e-05
CLASSIFIERS_PREDICT: 0.000124931335449
SCALER_PCA_TRANSFORM: 8.48770141602e-05
CLASSIFIERS_PREDICT: 0.00012993812561
SCALER_PCA_TRANSFORM: 8.70227813721e-05
CLASSIFIERS_PREDICT: 0.000128030776978
SCALER_PCA_TRANSFORM: 8.60691070557e-05
CLASSIFIERS_PREDICT: 0.000128984451294
SCALER_PCA_TRANSFORM: 8.60691070557e-05
CLASSIFIERS_PREDICT: 0.000124931335449
SCALER_PCA_TRANSFORM: 8.70227813721e-05
CLASSIFIERS_PREDICT: 0.000126123428345
SCALER_PCA_TRANSFORM: 8.51154327393e-05
CLASSIFIERS_PREDICT: 0.000128030776978
SCALER_PCA_TRANSFORM: 8.70227813721e-05
CLASSIFIERS_PREDICT: 0.000128030776978
SCALER_PCA_TRANSFORM: 8.51154327393e-05
CLASSIFIERS_PREDICT: 0.000125169754028
SCALER_PCA_TRANSFORM: 8.60691070557e-05
CLASSIFIERS_PREDICT: 0.000128984451294
SCALER_PCA_TRANSFORM: 8.60691070557e-05
CLASSIFIERS_PREDICT: 0.000128030776978
SCALER_PCA_TRANSFORM: 8.48770141602e-05
CLASSIFIERS_PREDICT: 0.000124931335449
SCALER_PCA_TRANSFORM: 8.60691070557e-05
CLASSIFIERS_PREDICT: 0.000124931335449
SCALER_PCA_TRANSFORM: 8.48770141602e-05
CLASSIFIERS_PREDICT: 0.00012993812561
SCALER_PCA_TRANSFORM: 8.60691070557e-05
CLASSIFIERS_PREDICT: 0.000140190124512
SCALER_PCA_TRANSFORM: 8.70227813721e-05
CLASSIFIERS_PREDICT: 0.000128984451294
SCALER_PCA_TRANSFORM: 8.48770141602e-05
CLASSIFIERS_PREDICT: 0.000125885009766
SCALER_PCA_TRANSFORM: 8.70227813721e-05
CLASSIFIERS_PREDICT: 0.000128030776978
SCALER_PCA_TRANSFORM: 8.58306884766e-05
CLASSIFIERS_PREDICT: 0.000128984451294
SCALER_PCA_TRANSFORM: 8.60691070557e-05
CLASSIFIERS_PREDICT: 0.000131130218506
SCALER_PCA_TRANSFORM: 8.51154327393e-05
CLASSIFIERS_PREDICT: 0.000128030776978
SCALER_PCA_TRANSFORM: 8.51154327393e-05
CLASSIFIERS_PREDICT: 0.000128030776978
SCALER_PCA_TRANSFORM: 8.60691070557e-05
CLASSIFIERS_PREDICT: 0.00012993812561
SCALER_PCA_TRANSFORM: 8.58306884766e-05
CLASSIFIERS_PREDICT: 0.000128030776978
SCALER_PCA_TRANSFORM: 8.60691070557e-05
CLASSIFIERS_PREDICT: 0.000126838684082
SCALER_PCA_TRANSFORM: 8.60691070557e-05
CLASSIFIERS_PREDICT: 0.00012993812561
SCALER_PCA_TRANSFORM: 8.60691070557e-05
CLASSIFIERS_PREDICT: 0.000130891799927
SCALER_PCA_TRANSFORM: 8.60691070557e-05
CLASSIFIERS_PREDICT: 0.000124931335449
SCALER_PCA_TRANSFORM: 0.000103950500488
CLASSIFIERS_PREDICT: 0.000128984451294
SCALER_PCA_TRANSFORM: 8.48770141602e-05
CLASSIFIERS_PREDICT: 0.000128030776978
SCALER_PCA_TRANSFORM: 8.39233398438e-05
CLASSIFIERS_PREDICT: 0.000126838684082
SCALER_PCA_TRANSFORM: 8.51154327393e-05
CLASSIFIERS_PREDICT: 0.000125169754028
SCALER_PCA_TRANSFORM: 8.39233398438e-05
CLASSIFIERS_PREDICT: 0.000128984451294
SCALER_PCA_TRANSFORM: 8.58306884766e-05
CLASSIFIERS_PREDICT: 0.000128030776978
SCALER_PCA_TRANSFORM: 8.48770141602e-05
CLASSIFIERS_PREDICT: 0.000125169754028
SCALER_PCA_TRANSFORM: 8.51154327393e-05
CLASSIFIERS_PREDICT: 0.000126123428345
SCALER_PCA_TRANSFORM: 8.48770141602e-05
CLASSIFIERS_PREDICT: 0.000128984451294
SCALER_PCA_TRANSFORM: 8.60691070557e-05
CLASSIFIERS_PREDICT: 0.000124931335449
SCALER_PCA_TRANSFORM: 8.51154327393e-05
CLASSIFIERS_PREDICT: 0.000124931335449
SCALER_PCA_TRANSFORM: 8.60691070557e-05
CLASSIFIERS_PREDICT: 0.000130176544189
SCALER_PCA_TRANSFORM: 8.58306884766e-05
CLASSIFIERS_PREDICT: 0.00012993812561
SCALER_PCA_TRANSFORM: 8.60691070557e-05
CLASSIFIERS_PREDICT: 0.000128984451294
SCALER_PCA_TRANSFORM: 8.70227813721e-05
CLASSIFIERS_PREDICT: 0.000128984451294
SCALER_PCA_TRANSFORM: 8.60691070557e-05
CLASSIFIERS_PREDICT: 0.000128030776978
SCALER_PCA_TRANSFORM: 8.60691070557e-05
CLASSIFIERS_PREDICT: 0.000124931335449
SCALER_PCA_TRANSFORM: 8.60691070557e-05
CLASSIFIERS_PREDICT: 0.00012993812561
SCALER_PCA_TRANSFORM: 8.70227813721e-05
CLASSIFIERS_PREDICT: 0.000124931335449
SCALER_PCA_TRANSFORM: 8.6784362793e-05
CLASSIFIERS_PREDICT: 0.000128030776978
SCALER_PCA_TRANSFORM: 8.48770141602e-05
CLASSIFIERS_PREDICT: 0.000123977661133
SCALER_PCA_TRANSFORM: 8.6784362793e-05
CLASSIFIERS_PREDICT: 0.000128984451294
SCALER_PCA_TRANSFORM: 8.60691070557e-05
CLASSIFIERS_PREDICT: 0.000125885009766
SCALER_PCA_TRANSFORM: 8.60691070557e-05
CLASSIFIERS_PREDICT: 0.00012993812561
SCALER_PCA_TRANSFORM: 8.51154327393e-05
CLASSIFIERS_PREDICT: 0.000129222869873
SCALER_PCA_TRANSFORM: 8.79764556885e-05
CLASSIFIERS_PREDICT: 0.000124931335449
SCALER_PCA_TRANSFORM: 8.60691070557e-05
CLASSIFIERS_PREDICT: 0.000125169754028
SCALER_PCA_TRANSFORM: 8.51154327393e-05
CLASSIFIERS_PREDICT: 0.000126123428345
SCALER_PCA_TRANSFORM: 8.60691070557e-05
CLASSIFIERS_PREDICT: 0.000128984451294
SCALER_PCA_TRANSFORM: 8.70227813721e-05
CLASSIFIERS_PREDICT: 0.000130176544189
SCALER_PCA_TRANSFORM: 8.51154327393e-05
CLASSIFIERS_PREDICT: 0.000128030776978
SCALER_PCA_TRANSFORM: 8.48770141602e-05
CLASSIFIERS_PREDICT: 0.000124931335449
SCALER_PCA_TRANSFORM: 8.51154327393e-05
CLASSIFIERS_PREDICT: 0.000128984451294
SCALER_PCA_TRANSFORM: 8.48770141602e-05
CLASSIFIERS_PREDICT: 0.000124931335449
SCALER_PCA_TRANSFORM: 8.51154327393e-05
CLASSIFIERS_PREDICT: 0.000125169754028
SCALER_PCA_TRANSFORM: 8.58306884766e-05
CLASSIFIERS_PREDICT: 0.000124931335449
SCALER_PCA_TRANSFORM: 8.51154327393e-05
CLASSIFIERS_PREDICT: 0.000128030776978
SCALER_PCA_TRANSFORM: 8.58306884766e-05
CLASSIFIERS_PREDICT: 0.00012993812561
SCALER_PCA_TRANSFORM: 8.51154327393e-05
CLASSIFIERS_PREDICT: 0.000128984451294
SCALER_PCA_TRANSFORM: 8.60691070557e-05
CLASSIFIERS_PREDICT: 0.000131130218506
SCALER_PCA_TRANSFORM: 8.39233398438e-05
CLASSIFIERS_PREDICT: 0.000128030776978
SCALER_PCA_TRANSFORM: 8.60691070557e-05
CLASSIFIERS_PREDICT: 0.000130891799927
SCALER_PCA_TRANSFORM: 8.51154327393e-05
CLASSIFIERS_PREDICT: 0.000124931335449
SCALER_PCA_TRANSFORM: 8.51154327393e-05
CLASSIFIERS_PREDICT: 0.000132083892822
SCALER_PCA_TRANSFORM: 8.60691070557e-05
CLASSIFIERS_PREDICT: 0.000126838684082
SCALER_PCA_TRANSFORM: 8.60691070557e-05
CLASSIFIERS_PREDICT: 0.000128984451294
SCALER_PCA_TRANSFORM: 8.70227813721e-05
CLASSIFIERS_PREDICT: 0.000126123428345
SCALER_PCA_TRANSFORM: 8.58306884766e-05
CLASSIFIERS_PREDICT: 0.000130891799927
SCALER_PCA_TRANSFORM: 8.60691070557e-05
CLASSIFIERS_PREDICT: 0.000128030776978
SCALER_PCA_TRANSFORM: 8.60691070557e-05
CLASSIFIERS_PREDICT: 0.000130176544189
SCALER_PCA_TRANSFORM: 8.60691070557e-05
CLASSIFIERS_PREDICT: 0.000125169754028
SCALER_PCA_TRANSFORM: 8.48770141602e-05
CLASSIFIERS_PREDICT: 0.000131130218506
SCALER_PCA_TRANSFORM: 8.29696655273e-05
CLASSIFIERS_PREDICT: 0.000128984451294
SCALER_PCA_TRANSFORM: 8.48770141602e-05
CLASSIFIERS_PREDICT: 0.000125885009766
SCALER_PCA_TRANSFORM: 8.60691070557e-05
CLASSIFIERS_PREDICT: 0.000125169754028
SCALER_PCA_TRANSFORM: 9.29832458496e-05
CLASSIFIERS_PREDICT: 0.000124931335449
SCALER_PCA_TRANSFORM: 8.60691070557e-05
CLASSIFIERS_PREDICT: 0.000130891799927
SCALER_PCA_TRANSFORM: 8.58306884766e-05
CLASSIFIERS_PREDICT: 0.000125169754028
SCALER_PCA_TRANSFORM: 8.48770141602e-05
CLASSIFIERS_PREDICT: 0.000132083892822
SCALER_PCA_TRANSFORM: 8.58306884766e-05
CLASSIFIERS_PREDICT: 0.000126123428345
SCALER_PCA_TRANSFORM: 8.60691070557e-05
CLASSIFIERS_PREDICT: 0.00012993812561
SCALER_PCA_TRANSFORM: 8.51154327393e-05
CLASSIFIERS_PREDICT: 0.000124931335449
SCALER_PCA_TRANSFORM: 8.60691070557e-05
CLASSIFIERS_PREDICT: 0.000128984451294
SCALER_PCA_TRANSFORM: 8.48770141602e-05
CLASSIFIERS_PREDICT: 0.000126123428345
SCALER_PCA_TRANSFORM: 8.60691070557e-05
CLASSIFIERS_PREDICT: 0.000138998031616
SCALER_PCA_TRANSFORM: 8.70227813721e-05
CLASSIFIERS_PREDICT: 0.000131130218506
SCALER_PCA_TRANSFORM: 8.51154327393e-05
CLASSIFIERS_PREDICT: 0.000130176544189
SCALER_PCA_TRANSFORM: 8.58306884766e-05
CLASSIFIERS_PREDICT: 0.000128984451294
SCALER_PCA_TRANSFORM: 8.51154327393e-05
CLASSIFIERS_PREDICT: 0.000130176544189
SCALER_PCA_TRANSFORM: 8.60691070557e-05
CLASSIFIERS_PREDICT: 0.000131130218506
SCALER_PCA_TRANSFORM: 8.48770141602e-05
CLASSIFIERS_PREDICT: 0.000128984451294
SCALER_PCA_TRANSFORM: 8.60691070557e-05
CLASSIFIERS_PREDICT: 0.000130176544189
SCALER_PCA_TRANSFORM: 8.60691070557e-05
CLASSIFIERS_PREDICT: 0.000130176544189
SCALER_PCA_TRANSFORM: 8.51154327393e-05
CLASSIFIERS_PREDICT: 0.000128984451294
SCALER_PCA_TRANSFORM: 8.39233398438e-05
CLASSIFIERS_PREDICT: 0.000126838684082
SCALER_PCA_TRANSFORM: 8.58306884766e-05
CLASSIFIERS_PREDICT: 0.000123977661133
SCALER_PCA_TRANSFORM: 8.60691070557e-05
CLASSIFIERS_PREDICT: 0.000127077102661
SCALER_PCA_TRANSFORM: 8.70227813721e-05
CLASSIFIERS_PREDICT: 0.00012993812561
SCALER_PCA_TRANSFORM: 8.48770141602e-05
CLASSIFIERS_PREDICT: 0.000139951705933
SCALER_PCA_TRANSFORM: 8.51154327393e-05
CLASSIFIERS_PREDICT: 0.000123023986816
SCALER_PCA_TRANSFORM: 8.39233398438e-05
CLASSIFIERS_PREDICT: 0.000128030776978
SCALER_PCA_TRANSFORM: 8.60691070557e-05
CLASSIFIERS_PREDICT: 0.000131130218506
SCALER_PCA_TRANSFORM: 8.48770141602e-05
CLASSIFIERS_PREDICT: 0.000129222869873
SCALER_PCA_TRANSFORM: 8.70227813721e-05
CLASSIFIERS_PREDICT: 0.000125885009766
SCALER_PCA_TRANSFORM: 8.58306884766e-05
CLASSIFIERS_PREDICT: 0.000128030776978
SCALER_PCA_TRANSFORM: 8.48770141602e-05
CLASSIFIERS_PREDICT: 0.000124931335449
SCALER_PCA_TRANSFORM: 8.60691070557e-05
CLASSIFIERS_PREDICT: 0.000128984451294
SCALER_PCA_TRANSFORM: 8.60691070557e-05
CLASSIFIERS_PREDICT: 0.000128030776978
SCALER_PCA_TRANSFORM: 8.51154327393e-05
CLASSIFIERS_PREDICT: 0.000123977661133
SCALER_PCA_TRANSFORM: 8.48770141602e-05
CLASSIFIERS_PREDICT: 0.000125885009766
SCALER_PCA_TRANSFORM: 8.70227813721e-05
CLASSIFIERS_PREDICT: 0.000128984451294
SCALER_PCA_TRANSFORM: 8.51154327393e-05
CLASSIFIERS_PREDICT: 0.000124931335449
SCALER_PCA_TRANSFORM: 8.58306884766e-05
CLASSIFIERS_PREDICT: 0.000125885009766
SCALER_PCA_TRANSFORM: 8.70227813721e-05
CLASSIFIERS_PREDICT: 0.000126123428345
SCALER_PCA_TRANSFORM: 8.48770141602e-05
CLASSIFIERS_PREDICT: 0.000128984451294
SCALER_PCA_TRANSFORM: 8.51154327393e-05
CLASSIFIERS_PREDICT: 0.000124931335449
SCALER_PCA_TRANSFORM: 8.70227813721e-05
CLASSIFIERS_PREDICT: 0.000124931335449
SCALER_PCA_TRANSFORM: 8.70227813721e-05
CLASSIFIERS_PREDICT: 0.000128984451294
SCALER_PCA_TRANSFORM: 8.48770141602e-05
CLASSIFIERS_PREDICT: 0.000128984451294
SCALER_PCA_TRANSFORM: 8.60691070557e-05
CLASSIFIERS_PREDICT: 0.000126123428345
SCALER_PCA_TRANSFORM: 8.70227813721e-05
CLASSIFIERS_PREDICT: 0.000128030776978
SCALER_PCA_TRANSFORM: 8.70227813721e-05
CLASSIFIERS_PREDICT: 0.000130176544189
SCALER_PCA_TRANSFORM: 8.51154327393e-05
CLASSIFIERS_PREDICT: 0.000128984451294
SCALER_PCA_TRANSFORM: 8.70227813721e-05
CLASSIFIERS_PREDICT: 0.000128030776978
SCALER_PCA_TRANSFORM: 8.58306884766e-05
CLASSIFIERS_PREDICT: 0.000128984451294
SCALER_PCA_TRANSFORM: 8.41617584229e-05
CLASSIFIERS_PREDICT: 0.000128984451294
SCALER_PCA_TRANSFORM: 8.79764556885e-05
CLASSIFIERS_PREDICT: 0.000128984451294
SCALER_PCA_TRANSFORM: 8.60691070557e-05
CLASSIFIERS_PREDICT: 0.000125885009766
SCALER_PCA_TRANSFORM: 8.60691070557e-05
CLASSIFIERS_PREDICT: 0.000123977661133
SCALER_PCA_TRANSFORM: 8.48770141602e-05
CLASSIFIERS_PREDICT: 0.000128030776978
SCALER_PCA_TRANSFORM: 8.70227813721e-05
CLASSIFIERS_PREDICT: 0.000127077102661
SCALER_PCA_TRANSFORM: 8.70227813721e-05
CLASSIFIERS_PREDICT: 0.000125885009766
SCALER_PCA_TRANSFORM: 9.79900360107e-05
CLASSIFIERS_PREDICT: 0.000124931335449
SCALER_PCA_TRANSFORM: 8.58306884766e-05
CLASSIFIERS_PREDICT: 0.00012993812561
SCALER_PCA_TRANSFORM: 8.51154327393e-05
CLASSIFIERS_PREDICT: 0.000128984451294
SCALER_PCA_TRANSFORM: 8.48770141602e-05
CLASSIFIERS_PREDICT: 0.000137090682983
SCALER_PCA_TRANSFORM: 8.60691070557e-05
CLASSIFIERS_PREDICT: 0.000128984451294
SCALER_PCA_TRANSFORM: 8.48770141602e-05
CLASSIFIERS_PREDICT: 0.000128030776978
SCALER_PCA_TRANSFORM: 8.39233398438e-05
CLASSIFIERS_PREDICT: 0.000126838684082
SCALER_PCA_TRANSFORM: 8.60691070557e-05
CLASSIFIERS_PREDICT: 0.00012993812561
SCALER_PCA_TRANSFORM: 8.60691070557e-05
CLASSIFIERS_PREDICT: 0.000126123428345
SCALER_PCA_TRANSFORM: 8.70227813721e-05
CLASSIFIERS_PREDICT: 0.000128984451294
SCALER_PCA_TRANSFORM: 8.70227813721e-05
CLASSIFIERS_PREDICT: 0.000132083892822
SCALER_PCA_TRANSFORM: 8.58306884766e-05
CLASSIFIERS_PREDICT: 0.000128984451294
SCALER_PCA_TRANSFORM: 8.58306884766e-05
CLASSIFIERS_PREDICT: 0.000126838684082
SCALER_PCA_TRANSFORM: 8.58306884766e-05
CLASSIFIERS_PREDICT: 0.000128030776978
SCALER_PCA_TRANSFORM: 8.48770141602e-05
CLASSIFIERS_PREDICT: 0.000124931335449
SCALER_PCA_TRANSFORM: 8.60691070557e-05
CLASSIFIERS_PREDICT: 0.000128984451294
SCALER_PCA_TRANSFORM: 8.60691070557e-05
CLASSIFIERS_PREDICT: 0.000125169754028
SCALER_PCA_TRANSFORM: 9.3936920166e-05
CLASSIFIERS_PREDICT: 0.000129222869873
SCALER_PCA_TRANSFORM: 8.60691070557e-05
CLASSIFIERS_PREDICT: 0.000128984451294
SCALER_PCA_TRANSFORM: 8.82148742676e-05
CLASSIFIERS_PREDICT: 0.000128984451294
SCALER_PCA_TRANSFORM: 8.60691070557e-05
CLASSIFIERS_PREDICT: 0.000128030776978
SCALER_PCA_TRANSFORM: 8.60691070557e-05
CLASSIFIERS_PREDICT: 0.000128984451294
SCALER_PCA_TRANSFORM: 8.70227813721e-05
CLASSIFIERS_PREDICT: 0.00012993812561
SCALER_PCA_TRANSFORM: 8.60691070557e-05
CLASSIFIERS_PREDICT: 0.000127077102661
SCALER_PCA_TRANSFORM: 8.48770141602e-05
CLASSIFIERS_PREDICT: 0.000125169754028
SCALER_PCA_TRANSFORM: 8.89301300049e-05
CLASSIFIERS_PREDICT: 0.000128984451294
SCALER_PCA_TRANSFORM: 8.79764556885e-05
CLASSIFIERS_PREDICT: 0.000144004821777
SCALER_PCA_TRANSFORM: 8.58306884766e-05
CLASSIFIERS_PREDICT: 0.000127792358398
SCALER_PCA_TRANSFORM: 8.60691070557e-05
CLASSIFIERS_PREDICT: 0.000127077102661
SCALER_PCA_TRANSFORM: 8.58306884766e-05
CLASSIFIERS_PREDICT: 0.000124931335449
SCALER_PCA_TRANSFORM: 8.48770141602e-05
CLASSIFIERS_PREDICT: 0.000125885009766
SCALER_PCA_TRANSFORM: 8.70227813721e-05
CLASSIFIERS_PREDICT: 0.00012993812561
SCALER_PCA_TRANSFORM: 8.48770141602e-05
CLASSIFIERS_PREDICT: 0.000123977661133
SCALER_PCA_TRANSFORM: 8.60691070557e-05
CLASSIFIERS_PREDICT: 0.000130891799927
SCALER_PCA_TRANSFORM: 8.48770141602e-05
CLASSIFIERS_PREDICT: 0.000126123428345
SCALER_PCA_TRANSFORM: 8.58306884766e-05
CLASSIFIERS_PREDICT: 0.000125169754028
SCALER_PCA_TRANSFORM: 8.51154327393e-05
CLASSIFIERS_PREDICT: 0.000128030776978
SCALER_PCA_TRANSFORM: 8.58306884766e-05
CLASSIFIERS_PREDICT: 0.000128984451294
SCALER_PCA_TRANSFORM: 8.51154327393e-05
CLASSIFIERS_PREDICT: 0.000126123428345
SCALER_PCA_TRANSFORM: 8.39233398438e-05
CLASSIFIERS_PREDICT: 0.00012993812561
SCALER_PCA_TRANSFORM: 8.58306884766e-05
CLASSIFIERS_PREDICT: 0.000144958496094
SCALER_PCA_TRANSFORM: 8.70227813721e-05
CLASSIFIERS_PREDICT: 0.000125885009766
SCALER_PCA_TRANSFORM: 8.48770141602e-05
CLASSIFIERS_PREDICT: 0.000125169754028
SCALER_PCA_TRANSFORM: 8.51154327393e-05
CLASSIFIERS_PREDICT: 0.000128984451294
SCALER_PCA_TRANSFORM: 8.48770141602e-05
CLASSIFIERS_PREDICT: 0.000128984451294
SCALER_PCA_TRANSFORM: 8.58306884766e-05
CLASSIFIERS_PREDICT: 0.000124931335449
SCALER_PCA_TRANSFORM: 8.58306884766e-05
CLASSIFIERS_PREDICT: 0.000128984451294
SCALER_PCA_TRANSFORM: 8.60691070557e-05
CLASSIFIERS_PREDICT: 0.000128984451294
SCALER_PCA_TRANSFORM: 8.51154327393e-05
CLASSIFIERS_PREDICT: 0.000128030776978
SCALER_PCA_TRANSFORM: 8.51154327393e-05
CLASSIFIERS_PREDICT: 0.000125885009766
SCALER_PCA_TRANSFORM: 8.58306884766e-05
CLASSIFIERS_PREDICT: 0.000128984451294
SCALER_PCA_TRANSFORM: 8.58306884766e-05
CLASSIFIERS_PREDICT: 0.000128984451294
SCALER_PCA_TRANSFORM: 8.60691070557e-05
CLASSIFIERS_PREDICT: 0.000128984451294
SCALER_PCA_TRANSFORM: 8.60691070557e-05
CLASSIFIERS_PREDICT: 0.000131845474243
SCALER_PCA_TRANSFORM: 0.000102043151855
CLASSIFIERS_PREDICT: 0.000130891799927
SCALER_PCA_TRANSFORM: 8.58306884766e-05
CLASSIFIERS_PREDICT: 0.000127077102661
SCALER_PCA_TRANSFORM: 8.58306884766e-05
CLASSIFIERS_PREDICT: 0.000128984451294
SCALER_PCA_TRANSFORM: 8.60691070557e-05
CLASSIFIERS_PREDICT: 0.000126123428345
SCALER_PCA_TRANSFORM: 8.60691070557e-05
CLASSIFIERS_PREDICT: 0.000128030776978
SCALER_PCA_TRANSFORM: 8.60691070557e-05
CLASSIFIERS_PREDICT: 0.000125169754028
SCALER_PCA_TRANSFORM: 8.58306884766e-05
CLASSIFIERS_PREDICT: 0.000128984451294
SCALER_PCA_TRANSFORM: 8.70227813721e-05
CLASSIFIERS_PREDICT: 0.000128984451294
SCALER_PCA_TRANSFORM: 8.60691070557e-05
CLASSIFIERS_PREDICT: 0.000127792358398
SCALER_PCA_TRANSFORM: 8.60691070557e-05
CLASSIFIERS_PREDICT: 0.000136852264404
SCALER_PCA_TRANSFORM: 8.70227813721e-05
CLASSIFIERS_PREDICT: 0.000124931335449
SCALER_PCA_TRANSFORM: 8.58306884766e-05
CLASSIFIERS_PREDICT: 0.00012993812561
SCALER_PCA_TRANSFORM: 8.48770141602e-05
CLASSIFIERS_PREDICT: 0.000128984451294
SCALER_PCA_TRANSFORM: 8.51154327393e-05
CLASSIFIERS_PREDICT: 0.000128984451294
SCALER_PCA_TRANSFORM: 8.51154327393e-05
CLASSIFIERS_PREDICT: 0.000123977661133
SCALER_PCA_TRANSFORM: 8.41617584229e-05
CLASSIFIERS_PREDICT: 0.000123977661133
SCALER_PCA_TRANSFORM: 8.58306884766e-05
CLASSIFIERS_PREDICT: 0.000128030776978
SCALER_PCA_TRANSFORM: 8.48770141602e-05
CLASSIFIERS_PREDICT: 0.000128984451294
SCALER_PCA_TRANSFORM: 8.39233398438e-05
CLASSIFIERS_PREDICT: 0.000128984451294
SCALER_PCA_TRANSFORM: 8.70227813721e-05
CLASSIFIERS_PREDICT: 0.000128984451294
SCALER_PCA_TRANSFORM: 8.48770141602e-05
CLASSIFIERS_PREDICT: 0.000124931335449
SCALER_PCA_TRANSFORM: 8.60691070557e-05
CLASSIFIERS_PREDICT: 0.000130176544189
SCALER_PCA_TRANSFORM: 8.60691070557e-05
CLASSIFIERS_PREDICT: 0.000128984451294
SCALER_PCA_TRANSFORM: 0.000102996826172
CLASSIFIERS_PREDICT: 0.000124931335449
SCALER_PCA_TRANSFORM: 8.58306884766e-05
CLASSIFIERS_PREDICT: 0.000128984451294
SCALER_PCA_TRANSFORM: 8.51154327393e-05
CLASSIFIERS_PREDICT: 0.000128984451294
SCALER_PCA_TRANSFORM: 8.51154327393e-05
CLASSIFIERS_PREDICT: 0.000128984451294
SCALER_PCA_TRANSFORM: 8.41617584229e-05
CLASSIFIERS_PREDICT: 0.000124931335449
SCALER_PCA_TRANSFORM: 8.48770141602e-05
CLASSIFIERS_PREDICT: 0.000128984451294
SCALER_PCA_TRANSFORM: 8.6784362793e-05
CLASSIFIERS_PREDICT: 0.00012993812561
SCALER_PCA_TRANSFORM: 8.51154327393e-05
CLASSIFIERS_PREDICT: 0.000127077102661
SCALER_PCA_TRANSFORM: 8.51154327393e-05
CLASSIFIERS_PREDICT: 0.000126123428345
SCALER_PCA_TRANSFORM: 8.51154327393e-05
CLASSIFIERS_PREDICT: 0.000127792358398
SCALER_PCA_TRANSFORM: 8.70227813721e-05
CLASSIFIERS_PREDICT: 0.000128030776978
SCALER_PCA_TRANSFORM: 8.39233398438e-05
CLASSIFIERS_PREDICT: 0.000123977661133
SCALER_PCA_TRANSFORM: 8.51154327393e-05
CLASSIFIERS_PREDICT: 0.000127792358398
SCALER_PCA_TRANSFORM: 8.48770141602e-05
CLASSIFIERS_PREDICT: 0.000123023986816
SCALER_PCA_TRANSFORM: 8.58306884766e-05
CLASSIFIERS_PREDICT: 0.000125885009766
SCALER_PCA_TRANSFORM: 8.60691070557e-05
CLASSIFIERS_PREDICT: 0.000128030776978
SCALER_PCA_TRANSFORM: 8.51154327393e-05
CLASSIFIERS_PREDICT: 0.00012993812561
SCALER_PCA_TRANSFORM: 8.58306884766e-05
CLASSIFIERS_PREDICT: 0.000125885009766
SCALER_PCA_TRANSFORM: 8.60691070557e-05
CLASSIFIERS_PREDICT: 0.000123977661133
SCALER_PCA_TRANSFORM: 8.51154327393e-05
CLASSIFIERS_PREDICT: 0.000128984451294
SCALER_PCA_TRANSFORM: 8.51154327393e-05
CLASSIFIERS_PREDICT: 0.000128984451294
SCALER_PCA_TRANSFORM: 8.48770141602e-05
CLASSIFIERS_PREDICT: 0.000125169754028
SCALER_PCA_TRANSFORM: 8.41617584229e-05
CLASSIFIERS_PREDICT: 0.000128984451294
SCALER_PCA_TRANSFORM: 8.51154327393e-05
CLASSIFIERS_PREDICT: 0.000159978866577
SCALER_PCA_TRANSFORM: 8.48770141602e-05
CLASSIFIERS_PREDICT: 0.000128984451294
SCALER_PCA_TRANSFORM: 8.39233398438e-05
CLASSIFIERS_PREDICT: 0.000128984451294
SCALER_PCA_TRANSFORM: 8.79764556885e-05
CLASSIFIERS_PREDICT: 0.00012993812561
SCALER_PCA_TRANSFORM: 8.58306884766e-05
CLASSIFIERS_PREDICT: 0.000124931335449
SCALER_PCA_TRANSFORM: 8.60691070557e-05
CLASSIFIERS_PREDICT: 0.000125169754028
SCALER_PCA_TRANSFORM: 8.60691070557e-05
CLASSIFIERS_PREDICT: 0.000128030776978
SCALER_PCA_TRANSFORM: 8.60691070557e-05
CLASSIFIERS_PREDICT: 0.000128030776978
SCALER_PCA_TRANSFORM: 8.48770141602e-05
CLASSIFIERS_PREDICT: 0.000128984451294
SCALER_PCA_TRANSFORM: 8.60691070557e-05
CLASSIFIERS_PREDICT: 0.000128030776978
SCALER_PCA_TRANSFORM: 8.48770141602e-05
CLASSIFIERS_PREDICT: 0.000128984451294
SCALER_PCA_TRANSFORM: 8.48770141602e-05
CLASSIFIERS_PREDICT: 0.000123977661133
SCALER_PCA_TRANSFORM: 8.48770141602e-05
CLASSIFIERS_PREDICT: 0.000125169754028
SCALER_PCA_TRANSFORM: 8.48770141602e-05
CLASSIFIERS_PREDICT: 0.00012993812561
SCALER_PCA_TRANSFORM: 8.60691070557e-05
CLASSIFIERS_PREDICT: 0.000128030776978
SCALER_PCA_TRANSFORM: 8.60691070557e-05
CLASSIFIERS_PREDICT: 0.000124931335449
SCALER_PCA_TRANSFORM: 8.48770141602e-05
CLASSIFIERS_PREDICT: 0.000128030776978
SCALER_PCA_TRANSFORM: 8.60691070557e-05
CLASSIFIERS_PREDICT: 0.000128030776978
SCALER_PCA_TRANSFORM: 8.60691070557e-05
CLASSIFIERS_PREDICT: 0.000128984451294
SCALER_PCA_TRANSFORM: 8.60691070557e-05
CLASSIFIERS_PREDICT: 0.000126123428345
SCALER_PCA_TRANSFORM: 8.51154327393e-05
CLASSIFIERS_PREDICT: 0.000128984451294
SCALER_PCA_TRANSFORM: 8.60691070557e-05
CLASSIFIERS_PREDICT: 0.000130176544189
SCALER_PCA_TRANSFORM: 8.48770141602e-05
CLASSIFIERS_PREDICT: 0.000128030776978
SCALER_PCA_TRANSFORM: 8.51154327393e-05
CLASSIFIERS_PREDICT: 0.0001380443573
SCALER_PCA_TRANSFORM: 8.29696655273e-05
CLASSIFIERS_PREDICT: 0.000124931335449
SCALER_PCA_TRANSFORM: 8.70227813721e-05
CLASSIFIERS_PREDICT: 0.000128030776978
SCALER_PCA_TRANSFORM: 8.51154327393e-05
CLASSIFIERS_PREDICT: 0.000127077102661
SCALER_PCA_TRANSFORM: 8.41617584229e-05
CLASSIFIERS_PREDICT: 0.000131130218506
SCALER_PCA_TRANSFORM: 8.51154327393e-05
CLASSIFIERS_PREDICT: 0.000128030776978
SCALER_PCA_TRANSFORM: 8.48770141602e-05
CLASSIFIERS_PREDICT: 0.000123977661133
SCALER_PCA_TRANSFORM: 8.39233398438e-05
CLASSIFIERS_PREDICT: 0.000123977661133
SCALER_PCA_TRANSFORM: 8.58306884766e-05
CLASSIFIERS_PREDICT: 0.000123977661133
SCALER_PCA_TRANSFORM: 8.51154327393e-05
CLASSIFIERS_PREDICT: 0.000123977661133
SCALER_PCA_TRANSFORM: 8.70227813721e-05
CLASSIFIERS_PREDICT: 0.000128984451294
SCALER_PCA_TRANSFORM: 8.79764556885e-05
CLASSIFIERS_PREDICT: 0.000127077102661
SCALER_PCA_TRANSFORM: 8.79764556885e-05
CLASSIFIERS_PREDICT: 0.000125885009766
SCALER_PCA_TRANSFORM: 8.39233398438e-05
CLASSIFIERS_PREDICT: 0.000123977661133
SCALER_PCA_TRANSFORM: 0.000102043151855
CLASSIFIERS_PREDICT: 0.000124931335449
SCALER_PCA_TRANSFORM: 8.58306884766e-05
CLASSIFIERS_PREDICT: 0.000128984451294
SCALER_PCA_TRANSFORM: 8.60691070557e-05
CLASSIFIERS_PREDICT: 0.000128984451294
SCALER_PCA_TRANSFORM: 8.60691070557e-05
CLASSIFIERS_PREDICT: 0.000127077102661
SCALER_PCA_TRANSFORM: 8.51154327393e-05
CLASSIFIERS_PREDICT: 0.000128984451294
SCALER_PCA_TRANSFORM: 8.48770141602e-05
CLASSIFIERS_PREDICT: 0.000128030776978
SCALER_PCA_TRANSFORM: 8.39233398438e-05
CLASSIFIERS_PREDICT: 0.000124931335449
SCALER_PCA_TRANSFORM: 8.60691070557e-05
CLASSIFIERS_PREDICT: 0.000127077102661
SCALER_PCA_TRANSFORM: 8.70227813721e-05
CLASSIFIERS_PREDICT: 0.000123977661133
SCALER_PCA_TRANSFORM: 8.51154327393e-05
CLASSIFIERS_PREDICT: 0.0001380443573
SCALER_PCA_TRANSFORM: 8.58306884766e-05
CLASSIFIERS_PREDICT: 0.000123023986816
SCALER_PCA_TRANSFORM: 8.48770141602e-05
CLASSIFIERS_PREDICT: 0.000125885009766
SCALER_PCA_TRANSFORM: 8.60691070557e-05
CLASSIFIERS_PREDICT: 0.00012993812561
SCALER_PCA_TRANSFORM: 8.48770141602e-05
CLASSIFIERS_PREDICT: 0.000128030776978
SCALER_PCA_TRANSFORM: 8.48770141602e-05
CLASSIFIERS_PREDICT: 0.000124931335449
SCALER_PCA_TRANSFORM: 8.41617584229e-05
CLASSIFIERS_PREDICT: 0.000130176544189
SCALER_PCA_TRANSFORM: 8.48770141602e-05
CLASSIFIERS_PREDICT: 0.000128984451294
SCALER_PCA_TRANSFORM: 8.60691070557e-05
CLASSIFIERS_PREDICT: 0.000128984451294
SCALER_PCA_TRANSFORM: 8.60691070557e-05
CLASSIFIERS_PREDICT: 0.000127792358398
SCALER_PCA_TRANSFORM: 8.51154327393e-05
CLASSIFIERS_PREDICT: 0.000128984451294
SCALER_PCA_TRANSFORM: 8.70227813721e-05
CLASSIFIERS_PREDICT: 0.000128984451294
SCALER_PCA_TRANSFORM: 8.48770141602e-05
CLASSIFIERS_PREDICT: 0.000128030776978
SCALER_PCA_TRANSFORM: 8.58306884766e-05
CLASSIFIERS_PREDICT: 0.000128030776978
SCALER_PCA_TRANSFORM: 9.60826873779e-05
CLASSIFIERS_PREDICT: 0.000128984451294
SCALER_PCA_TRANSFORM: 8.60691070557e-05
CLASSIFIERS_PREDICT: 0.00012993812561
SCALER_PCA_TRANSFORM: 8.60691070557e-05
CLASSIFIERS_PREDICT: 0.000128030776978
SCALER_PCA_TRANSFORM: 8.58306884766e-05
CLASSIFIERS_PREDICT: 0.000125885009766
SCALER_PCA_TRANSFORM: 8.60691070557e-05
CLASSIFIERS_PREDICT: 0.000128030776978
SCALER_PCA_TRANSFORM: 8.60691070557e-05
CLASSIFIERS_PREDICT: 0.00012993812561
SCALER_PCA_TRANSFORM: 8.58306884766e-05
CLASSIFIERS_PREDICT: 0.000128030776978
SCALER_PCA_TRANSFORM: 8.60691070557e-05
CLASSIFIERS_PREDICT: 0.000128984451294
SCALER_PCA_TRANSFORM: 8.60691070557e-05
CLASSIFIERS_PREDICT: 0.000128030776978
SCALER_PCA_TRANSFORM: 8.60691070557e-05
CLASSIFIERS_PREDICT: 0.000128984451294
SCALER_PCA_TRANSFORM: 8.70227813721e-05
CLASSIFIERS_PREDICT: 0.000128984451294
SCALER_PCA_TRANSFORM: 8.48770141602e-05
CLASSIFIERS_PREDICT: 0.000128984451294
SCALER_PCA_TRANSFORM: 8.48770141602e-05
CLASSIFIERS_PREDICT: 0.000128984451294
SCALER_PCA_TRANSFORM: 8.60691070557e-05
CLASSIFIERS_PREDICT: 0.000128030776978
SCALER_PCA_TRANSFORM: 8.60691070557e-05
CLASSIFIERS_PREDICT: 0.000128984451294
SCALER_PCA_TRANSFORM: 8.60691070557e-05
CLASSIFIERS_PREDICT: 0.00012993812561
SCALER_PCA_TRANSFORM: 8.51154327393e-05
CLASSIFIERS_PREDICT: 0.000124931335449
SCALER_PCA_TRANSFORM: 8.48770141602e-05
CLASSIFIERS_PREDICT: 0.000128030776978
SCALER_PCA_TRANSFORM: 8.48770141602e-05
CLASSIFIERS_PREDICT: 0.000125885009766
SCALER_PCA_TRANSFORM: 8.60691070557e-05
CLASSIFIERS_PREDICT: 0.000124931335449
SCALER_PCA_TRANSFORM: 8.51154327393e-05
CLASSIFIERS_PREDICT: 0.000128030776978
SCALER_PCA_TRANSFORM: 8.48770141602e-05
CLASSIFIERS_PREDICT: 0.000128984451294
SCALER_PCA_TRANSFORM: 8.70227813721e-05
CLASSIFIERS_PREDICT: 0.000128984451294
SCALER_PCA_TRANSFORM: 8.48770141602e-05
CLASSIFIERS_PREDICT: 0.000134944915771
SCALER_PCA_TRANSFORM: 8.51154327393e-05
CLASSIFIERS_PREDICT: 0.000128030776978
SCALER_PCA_TRANSFORM: 8.48770141602e-05
CLASSIFIERS_PREDICT: 0.00012993812561
SCALER_PCA_TRANSFORM: 8.60691070557e-05
CLASSIFIERS_PREDICT: 0.000128984451294
SCALER_PCA_TRANSFORM: 8.51154327393e-05
CLASSIFIERS_PREDICT: 0.000130176544189
SCALER_PCA_TRANSFORM: 8.60691070557e-05
CLASSIFIERS_PREDICT: 0.000128984451294
SCALER_PCA_TRANSFORM: 8.60691070557e-05
CLASSIFIERS_PREDICT: 0.000128030776978
SCALER_PCA_TRANSFORM: 8.58306884766e-05
CLASSIFIERS_PREDICT: 0.000128984451294
SCALER_PCA_TRANSFORM: 8.48770141602e-05
CLASSIFIERS_PREDICT: 0.000125885009766
SCALER_PCA_TRANSFORM: 8.48770141602e-05
CLASSIFIERS_PREDICT: 0.000127792358398
SCALER_PCA_TRANSFORM: 8.60691070557e-05
CLASSIFIERS_PREDICT: 0.000128984451294
SCALER_PCA_TRANSFORM: 8.60691070557e-05
CLASSIFIERS_PREDICT: 0.000128984451294
SCALER_PCA_TRANSFORM: 8.60691070557e-05
CLASSIFIERS_PREDICT: 0.000128030776978
SCALER_PCA_TRANSFORM: 8.60691070557e-05
CLASSIFIERS_PREDICT: 0.000128984451294
SCALER_PCA_TRANSFORM: 8.79764556885e-05
CLASSIFIERS_PREDICT: 0.000128984451294
SCALER_PCA_TRANSFORM: 8.58306884766e-05
CLASSIFIERS_PREDICT: 0.000128030776978
SCALER_PCA_TRANSFORM: 8.60691070557e-05
CLASSIFIERS_PREDICT: 0.000130176544189
SCALER_PCA_TRANSFORM: 8.51154327393e-05
CLASSIFIERS_PREDICT: 0.000124931335449
SCALER_PCA_TRANSFORM: 8.51154327393e-05
CLASSIFIERS_PREDICT: 0.000128030776978
SCALER_PCA_TRANSFORM: 8.60691070557e-05
CLASSIFIERS_PREDICT: 0.000128984451294
SCALER_PCA_TRANSFORM: 8.60691070557e-05
CLASSIFIERS_PREDICT: 0.000129222869873
SCALER_PCA_TRANSFORM: 8.39233398438e-05
CLASSIFIERS_PREDICT: 0.00012993812561
SCALER_PCA_TRANSFORM: 8.48770141602e-05
CLASSIFIERS_PREDICT: 0.000124931335449
SCALER_PCA_TRANSFORM: 8.58306884766e-05
CLASSIFIERS_PREDICT: 0.000139951705933
SCALER_PCA_TRANSFORM: 8.58306884766e-05
CLASSIFIERS_PREDICT: 0.000123977661133
SCALER_PCA_TRANSFORM: 8.58306884766e-05
CLASSIFIERS_PREDICT: 0.000128030776978
SCALER_PCA_TRANSFORM: 8.60691070557e-05
CLASSIFIERS_PREDICT: 0.000128984451294
SCALER_PCA_TRANSFORM: 8.51154327393e-05
CLASSIFIERS_PREDICT: 0.000128984451294
SCALER_PCA_TRANSFORM: 8.70227813721e-05
CLASSIFIERS_PREDICT: 0.000128984451294
SCALER_PCA_TRANSFORM: 8.60691070557e-05
CLASSIFIERS_PREDICT: 0.000130176544189
SCALER_PCA_TRANSFORM: 8.60691070557e-05
CLASSIFIERS_PREDICT: 0.00012993812561
SCALER_PCA_TRANSFORM: 8.48770141602e-05
CLASSIFIERS_PREDICT: 0.000128030776978
SCALER_PCA_TRANSFORM: 8.51154327393e-05
CLASSIFIERS_PREDICT: 0.000128984451294
SCALER_PCA_TRANSFORM: 8.48770141602e-05
CLASSIFIERS_PREDICT: 0.000128984451294
SCALER_PCA_TRANSFORM: 8.58306884766e-05
CLASSIFIERS_PREDICT: 0.000128984451294
SCALER_PCA_TRANSFORM: 8.58306884766e-05
CLASSIFIERS_PREDICT: 0.000124931335449
SCALER_PCA_TRANSFORM: 8.51154327393e-05
CLASSIFIERS_PREDICT: 0.000128984451294
SCALER_PCA_TRANSFORM: 0.000102996826172
CLASSIFIERS_PREDICT: 0.000128030776978
SCALER_PCA_TRANSFORM: 8.48770141602e-05
CLASSIFIERS_PREDICT: 0.000128984451294
SCALER_PCA_TRANSFORM: 8.51154327393e-05
CLASSIFIERS_PREDICT: 0.000126123428345
SCALER_PCA_TRANSFORM: 8.58306884766e-05
CLASSIFIERS_PREDICT: 0.000128984451294
SCALER_PCA_TRANSFORM: 8.60691070557e-05
CLASSIFIERS_PREDICT: 0.000128984451294
SCALER_PCA_TRANSFORM: 8.6784362793e-05
CLASSIFIERS_PREDICT: 0.000128984451294
SCALER_PCA_TRANSFORM: 8.60691070557e-05
CLASSIFIERS_PREDICT: 0.000128984451294
SCALER_PCA_TRANSFORM: 8.60691070557e-05
CLASSIFIERS_PREDICT: 0.000128984451294
SCALER_PCA_TRANSFORM: 8.60691070557e-05
CLASSIFIERS_PREDICT: 0.000128984451294
SCALER_PCA_TRANSFORM: 8.51154327393e-05
CLASSIFIERS_PREDICT: 0.000138998031616
SCALER_PCA_TRANSFORM: 8.58306884766e-05
CLASSIFIERS_PREDICT: 0.00012993812561
SCALER_PCA_TRANSFORM: 8.51154327393e-05
CLASSIFIERS_PREDICT: 0.000128030776978
SCALER_PCA_TRANSFORM: 8.51154327393e-05
CLASSIFIERS_PREDICT: 0.000130891799927
SCALER_PCA_TRANSFORM: 8.60691070557e-05
CLASSIFIERS_PREDICT: 0.000128984451294
SCALER_PCA_TRANSFORM: 8.51154327393e-05
CLASSIFIERS_PREDICT: 0.000128030776978
SCALER_PCA_TRANSFORM: 8.58306884766e-05
CLASSIFIERS_PREDICT: 0.000130891799927
SCALER_PCA_TRANSFORM: 8.6784362793e-05
CLASSIFIERS_PREDICT: 0.000127077102661
SCALER_PCA_TRANSFORM: 8.51154327393e-05
CLASSIFIERS_PREDICT: 0.000128984451294
SCALER_PCA_TRANSFORM: 8.70227813721e-05
CLASSIFIERS_PREDICT: 0.000124931335449
