503.0Gb memory in total.
Using: 453.403Gb.
MEGAHIT v1.1.1
--- [Mon Jan  8 10:23:51 2018] Start assembly. Number of CPU threads 160 ---
--- [Mon Jan  8 10:23:51 2018] Available memory: 540930650112, used: 486837585100
--- [Mon Jan  8 10:23:51 2018] Converting reads to binaries ---
    [read_lib_functions-inl.h  : 209]     Lib 0 (/scratch/shofmeyr/hipmer_metagenome_data/SYNTHbbqc_25perc.fq): interleaved, 36327152 reads, 101 max length
    [utils.h                   : 126]     Real: 58.9074	user: 33.0880	sys: 3.9640	maxrss: 157348
--- [Mon Jan  8 10:24:49 2018] k-max reset to: 119 ---
--- [Mon Jan  8 10:24:49 2018] k list: 21,29,39,59,79,99,119 ---
--- [Mon Jan  8 10:24:49 2018] Extracting solid (k+1)-mers for k = 21 ---
--- [Mon Jan  8 10:25:32 2018] Building graph for k = 21 ---
--- [Mon Jan  8 10:25:56 2018] Assembling contigs from SdBG for k = 21 ---
--- [Mon Jan  8 10:26:50 2018] Local assembling k = 21 ---
--- [Mon Jan  8 10:27:25 2018] Extracting iterative edges from k = 21 to 29 ---
--- [Mon Jan  8 10:27:55 2018] Building graph for k = 29 ---
--- [Mon Jan  8 10:28:14 2018] Assembling contigs from SdBG for k = 29 ---
--- [Mon Jan  8 10:28:53 2018] Local assembling k = 29 ---
--- [Mon Jan  8 10:29:31 2018] Extracting iterative edges from k = 29 to 39 ---
--- [Mon Jan  8 10:30:06 2018] Building graph for k = 39 ---
--- [Mon Jan  8 10:30:25 2018] Assembling contigs from SdBG for k = 39 ---
--- [Mon Jan  8 10:31:02 2018] Local assembling k = 39 ---
--- [Mon Jan  8 10:31:30 2018] Extracting iterative edges from k = 39 to 59 ---
--- [Mon Jan  8 10:31:58 2018] Building graph for k = 59 ---
--- [Mon Jan  8 10:32:19 2018] Assembling contigs from SdBG for k = 59 ---
--- [Mon Jan  8 10:33:00 2018] Local assembling k = 59 ---
--- [Mon Jan  8 10:33:34 2018] Extracting iterative edges from k = 59 to 79 ---
--- [Mon Jan  8 10:33:53 2018] Building graph for k = 79 ---
--- [Mon Jan  8 10:34:11 2018] Assembling contigs from SdBG for k = 79 ---
--- [Mon Jan  8 10:34:43 2018] Local assembling k = 79 ---
--- [Mon Jan  8 10:35:11 2018] Extracting iterative edges from k = 79 to 99 ---
--- [Mon Jan  8 10:35:21 2018] Building graph for k = 99 ---
--- [Mon Jan  8 10:35:33 2018] Assembling contigs from SdBG for k = 99 ---
--- [Mon Jan  8 10:36:01 2018] Local assembling k = 99 ---
--- [Mon Jan  8 10:36:30 2018] Extracting iterative edges from k = 99 to 119 ---
--- [Mon Jan  8 10:36:35 2018] Building graph for k = 119 ---
--- [Mon Jan  8 10:36:46 2018] Assembling contigs from SdBG for k = 119 ---
--- [Mon Jan  8 10:37:12 2018] Merging to output final contigs ---
--- [STAT] 57796 contigs, total 191904430 bp, min 200 bp, max 708009 bp, avg 3320 bp, N50 15366 bp
--- [Mon Jan  8 10:37:14 2018] ALL DONE. Time elapsed: 803.702414 seconds ---
