503.0Gb memory in total.
Using: 453.403Gb.
MEGAHIT v1.1.1
--- [Sat Jan  6 15:39:01 2018] Start assembly. Number of CPU threads 160 ---
--- [Sat Jan  6 15:39:01 2018] Available memory: 540930650112, used: 486837585100
--- [Sat Jan  6 15:39:01 2018] Converting reads to binaries ---
    [read_lib_functions-inl.h  : 209]     Lib 0 (/scratch/shofmeyr/hipmer_metagenome_data/SYNTHbbqc_25perc.fq): interleaved, 36327152 reads, 101 max length
    [utils.h                   : 126]     Real: 60.1333	user: 33.1680	sys: 4.0600	maxrss: 157516
--- [Sat Jan  6 15:40:01 2018] k-max reset to: 119 ---
--- [Sat Jan  6 15:40:01 2018] k list: 21,29,39,59,79,99,119 ---
--- [Sat Jan  6 15:40:01 2018] Extracting solid (k+1)-mers for k = 21 ---
--- [Sat Jan  6 15:40:47 2018] Building graph for k = 21 ---
--- [Sat Jan  6 15:41:18 2018] Assembling contigs from SdBG for k = 21 ---
--- [Sat Jan  6 15:42:14 2018] Local assembling k = 21 ---
--- [Sat Jan  6 15:42:43 2018] Extracting iterative edges from k = 21 to 29 ---
--- [Sat Jan  6 15:43:15 2018] Building graph for k = 29 ---
--- [Sat Jan  6 15:43:34 2018] Assembling contigs from SdBG for k = 29 ---
--- [Sat Jan  6 15:44:19 2018] Local assembling k = 29 ---
--- [Sat Jan  6 15:44:57 2018] Extracting iterative edges from k = 29 to 39 ---
--- [Sat Jan  6 15:45:45 2018] Building graph for k = 39 ---
--- [Sat Jan  6 15:46:03 2018] Assembling contigs from SdBG for k = 39 ---
--- [Sat Jan  6 15:46:44 2018] Local assembling k = 39 ---
--- [Sat Jan  6 15:47:12 2018] Extracting iterative edges from k = 39 to 59 ---
--- [Sat Jan  6 15:47:35 2018] Building graph for k = 59 ---
--- [Sat Jan  6 15:47:57 2018] Assembling contigs from SdBG for k = 59 ---
--- [Sat Jan  6 15:48:40 2018] Local assembling k = 59 ---
--- [Sat Jan  6 15:49:05 2018] Extracting iterative edges from k = 59 to 79 ---
--- [Sat Jan  6 15:49:19 2018] Building graph for k = 79 ---
--- [Sat Jan  6 15:49:35 2018] Assembling contigs from SdBG for k = 79 ---
--- [Sat Jan  6 15:50:09 2018] Local assembling k = 79 ---
--- [Sat Jan  6 15:50:32 2018] Extracting iterative edges from k = 79 to 99 ---
--- [Sat Jan  6 15:50:45 2018] Building graph for k = 99 ---
--- [Sat Jan  6 15:50:59 2018] Assembling contigs from SdBG for k = 99 ---
--- [Sat Jan  6 15:51:31 2018] Local assembling k = 99 ---
--- [Sat Jan  6 15:51:58 2018] Extracting iterative edges from k = 99 to 119 ---
--- [Sat Jan  6 15:52:03 2018] Building graph for k = 119 ---
--- [Sat Jan  6 15:52:14 2018] Assembling contigs from SdBG for k = 119 ---
--- [Sat Jan  6 15:52:41 2018] Merging to output final contigs ---
--- [STAT] 57773 contigs, total 191890725 bp, min 200 bp, max 708009 bp, avg 3321 bp, N50 15344 bp
--- [Sat Jan  6 15:52:42 2018] ALL DONE. Time elapsed: 821.146573 seconds ---
