number of threads 160
reads 4359256
long reads 0
extra reads 0
read_length 101
kmer 60
kmers 21358992 21002905
merge bubble 63
contigs: 46968 n50: 266 max: 8310 mean: 118 total length: 5562158 n80: 60
aligned 179621 reads
confirmed bases: 2090916 correct reads: 85093 bases: 3803
kmer 20
kmers 49539227 49523114
merge bubble 12737
contigs: 285138 n50: 349 max: 6768 mean: 121 total length: 34637364 n80: 223
aligned 871355 reads
confirmed bases: 8059982 correct reads: 101662 bases: 1168
distance mean -nan sd -nan
invalid insert distance
kmer 40
kmers 36545517 36836442
merge bubble 91
contigs: 188495 n50: 390 max: 9579 mean: 174 total length: 32803043 n80: 246
aligned 873095 reads
confirmed bases: 8439012 correct reads: 113896 bases: 237
distance mean -nan sd -nan
invalid insert distance
kmer 60
kmers 33123587 33112012
merge bubble 14
contigs: 100626 n50: 444 max: 20308 mean: 282 total length: 28442860 n80: 287
aligned 842232 reads
confirmed bases: 8291944 correct reads: 115252 bases: 47
distance mean -nan sd -nan
invalid insert distance
kmer 80
kmers 24350668 24211764
merge bubble 2
contigs: 53400 n50: 503 max: 20328 mean: 451 total length: 24118099 n80: 339
aligned 802326 reads
confirmed bases: 8036541 correct reads: 114955 bases: 25
distance mean -nan sd -nan
invalid insert distance
kmer 100
kmers 19083789 18977127
merge bubble 1
contigs: 40926 n50: 539 max: 20328 mean: 536 total length: 21945763 n80: 370
reads 4359256
aligned 763237 reads
distance mean -nan sd -nan
invalid insert distance
