number of threads 160
reads 4359256
long reads 0
extra reads 0
read_length 101
kmer 60
kmers 21358992 21002905
merge bubble 63
contigs: 46968 n50: 266 max: 8310 mean: 118 total length: 5562158 n80: 60
aligned 179631 reads
confirmed bases: 2090919 correct reads: 85072 bases: 3799
kmer 20
kmers 49539227 49523114
merge bubble 12737
contigs: 285138 n50: 349 max: 6768 mean: 121 total length: 34637364 n80: 223
aligned 871349 reads
confirmed bases: 8059984 correct reads: 101684 bases: 1179
distance mean -nan sd -nan
invalid insert distance
kmer 40
kmers 36545529 36836459
merge bubble 92
contigs: 188496 n50: 390 max: 9579 mean: 174 total length: 32802906 n80: 246
aligned 873096 reads
confirmed bases: 8438820 correct reads: 113885 bases: 229
distance mean -nan sd -nan
invalid insert distance
kmer 60
kmers 33123284 33111704
merge bubble 14
contigs: 100624 n50: 444 max: 20308 mean: 282 total length: 28442100 n80: 287
aligned 842208 reads
confirmed bases: 8291861 correct reads: 115265 bases: 51
distance mean -nan sd -nan
invalid insert distance
kmer 80
kmers 24350055 24211148
merge bubble 2
contigs: 53399 n50: 503 max: 20328 mean: 451 total length: 24117276 n80: 339
aligned 802291 reads
confirmed bases: 8036066 correct reads: 114958 bases: 25
distance mean -nan sd -nan
invalid insert distance
kmer 100
kmers 19082956 18976298
merge bubble 0
contigs: 40924 n50: 539 max: 20328 mean: 536 total length: 21944676 n80: 370
reads 4359256
aligned 763193 reads
distance mean -nan sd -nan
invalid insert distance
