number of threads 160
reads 4359256
long reads 0
extra reads 0
read_length 101
kmer 60
kmers 21358992 21002905
merge bubble 63
contigs: 46968 n50: 266 max: 8310 mean: 118 total length: 5562158 n80: 60
aligned 179637 reads
confirmed bases: 2090877 correct reads: 85084 bases: 3809
kmer 20
kmers 49539226 49523113
merge bubble 12737
contigs: 285138 n50: 349 max: 6768 mean: 121 total length: 34637364 n80: 223
aligned 871361 reads
confirmed bases: 8060341 correct reads: 101690 bases: 1171
distance mean -nan sd -nan
invalid insert distance
kmer 40
kmers 36545479 36836402
merge bubble 92
contigs: 188494 n50: 390 max: 9579 mean: 174 total length: 32802525 n80: 246
aligned 873093 reads
confirmed bases: 8438881 correct reads: 113868 bases: 228
distance mean -nan sd -nan
invalid insert distance
kmer 60
kmers 33123096 33111518
merge bubble 15
contigs: 100622 n50: 444 max: 20308 mean: 282 total length: 28441857 n80: 287
aligned 842194 reads
confirmed bases: 8292077 correct reads: 115246 bases: 51
distance mean -nan sd -nan
invalid insert distance
kmer 80
kmers 24349921 24211016
merge bubble 2
contigs: 53397 n50: 503 max: 20328 mean: 451 total length: 24116975 n80: 339
aligned 802261 reads
confirmed bases: 8036146 correct reads: 114918 bases: 25
distance mean -nan sd -nan
invalid insert distance
kmer 100
kmers 19082948 18976293
merge bubble 1
contigs: 40923 n50: 539 max: 20328 mean: 536 total length: 21944655 n80: 370
reads 4359256
aligned 763172 reads
distance mean -nan sd -nan
invalid insert distance
