Date Time Prediction All_Predictions EXEC IPC FREQ AFREQ L3MISS_Rate L2MISS_Rate L3HIT L2HIT L3MPI L2MPI READ_Rate WRITE_Rate INST_Rate POWER_Total POWER_Proc POWER_DRAM
2018-01-19 14:13:56.867929 1700000 1700000 -1.10742854833 6.25461179146 -2.30335277197 2.40228626272 -0.993591099129 -0.591618381131 1.14761748523 2.78790289516 -0.759791072921 -0.645818020115 -1.08391993991 -0.899178981504 -1.1064541724 -0.295827375891 -0.109759799582 -0.820334214516
2018-01-19 14:14:01.869206 1700000 1700000 -1.10331643925 7.035698112 -2.30452015688 2.23996850956 -0.993635352779 -0.592916615511 0.0533119948684 3.20595312531 -0.761339704357 -0.661882050922 -1.08524235431 -0.899432743636 -1.10278746923 -0.289743451579 -0.116639545607 -0.773125574438
2018-01-19 14:14:06.883267 2100000 2100000 -1.12922272645 6.99664379597 -2.3146500453 -0.0703541771423 -0.994734318415 -0.593312883732 0.118888353841 3.15021309462 -0.759509503569 -0.660065623411 -1.08745853845 -0.903975085796 -1.12845439145 -1.55272811412 -1.5453334702 -1.08759603173
2018-01-19 14:14:11.895009 2100000 2100000 -1.13333483553 6.87948084789 -2.31611869084 -0.0919965442308 -0.994675313549 -0.593258168873 0.18856323525 3.05545504246 -0.756693810049 -0.657454508862 -1.08622732504 -0.903759387984 -1.1323655415 -1.54569357664 -1.52010773477 -1.14318039828
2018-01-19 14:14:16.906239 2100000 2100000 -1.12593303918 6.87948084789 -2.31306842704 0.92519470893 -0.994122142926 -0.593001174838 0.233646982044 3.01643702097 -0.755849101993 -0.656319241667 -1.08506907242 -0.903163046974 -1.12503213515 -0.61903585494 -0.476679587599 -0.896477182384
2018-01-19 14:14:21.914396 2100000 2100000 -1.16055699762 5.94217726324 -2.32632389442 0.941426484246 -0.995722649927 -0.593425629502 0.799243078184 2.34755665273 -0.741207495687 -0.63361389777 -1.08227832203 -0.907997215585 -1.15979248124 -0.45039707793 -0.245061471413 -0.990133032861
2018-01-19 14:14:26.924656 2100000 2100000 -1.11770882103 7.07475242802 -2.31028176628 0.941426484246 -0.994247528267 -0.593162003363 0.0410164275609 3.20037912224 -0.760635780977 -0.661484707404 -1.08631852603 -0.901843483888 -1.11672094129 -0.400965192899 -0.251941217438 -0.769318426045
2018-01-19 14:14:31.936297 2100000 2100000 -1.11729761012 7.07475242802 -2.31020645112 0.941426484246 -0.994254903876 -0.593132158895 0.102494264098 3.19480511917 -0.760776565653 -0.661087363886 -1.08633676623 -0.901335959625 -1.11672094129 -0.405147890863 -0.256527714789 -0.770841285402
2018-01-19 14:14:36.947503 2100000 2100000 -1.11770882103 7.035698112 -2.31016879355 0.941426484246 -0.994247528267 -0.593118894686 0.118888353841 3.18365711304 -0.760635780977 -0.660917073807 -1.08642796723 -0.901589721757 -1.11672094129 -0.459142719128 -0.318445429017 -0.781501300904
2018-01-19 14:14:41.959365 2100000 2100000 -1.11770882103 7.035698112 -2.31013113597 0.941426484246 -0.994254903876 -0.593082418114 0.18856323525 3.16136110076 -0.760776565653 -0.660406203569 -1.08632764613 -0.901462840691 -1.11672094129 -0.477204369428 -0.343671164443 -0.770079855723
2018-01-19 14:14:46.973722 2100000 2100000 -1.12552182828 6.80137221583 -2.31269185126 0.941426484246 -0.993878747853 -0.592774025273 0.401686401912 2.89938295653 -0.753878116529 -0.652913440083 -1.08446714587 -0.901716602823 -1.12454324139 -0.504011660926 -0.366603651194 -0.801298472549
2018-01-19 14:14:51.988071 2100000 2100000 -1.11935366466 6.91853516391 -2.31043239659 0.936015892474 -0.9892984951 -0.59151889957 -0.180303783972 1.22160803284 -0.721216071693 -0.637871149751 -1.07762707137 -0.89093171222 -1.11843206944 -0.51903134907 -0.39182938662 -0.77769415251
2018-01-19 14:14:56.999470 1900000 1900000 -1.13497967916 6.33272042351 -2.31562914232 0.930605300702 -0.983619276711 -0.590175898487 -0.594254549988 0.0789374037484 -0.637026835435 -0.597682691052 -1.07060459488 -0.895626311658 -1.13407666965 -0.545838640567 -0.405588878671 -0.839369956483
2018-01-19 14:15:02.012951 1800000 1800000 -1.11812003194 6.87948084789 -2.30994284808 0.941426484246 -0.979857716479 -0.589562428857 -0.938530434596 0.201565471261 -0.649134317572 -0.61130589739 -1.07571185051 -0.890804831154 -1.11745428192 -0.494695651824 -0.368896899869 -0.756374121507
2018-01-19 14:15:07.027599 2100000 2100000 -1.12511061737 6.6061006357 -2.31201401486 0.427420265894 -0.981554106388 -0.590010095885 -0.909840777545 0.212713477398 -0.647163332108 -0.610170630195 -1.07744466938 -0.893469333538 -1.12405434764 -1.50595794598 -1.49717524802 -1.0601845633
2018-01-19 14:15:12.039854 2100000 2100000 -1.12757788282 6.56704631967 -2.31314374219 0.167711860831 -0.982217911134 -0.590142737967 -0.88524964293 0.179269458986 -0.645473915996 -0.608467729403 -1.07808307633 -0.894357500999 -1.12698771018 -1.57877491508 -1.57514570298 -1.09292603948
2018-01-19 14:15:17.051785 2100000 2100000 -1.11812003194 6.80137221583 -2.30975456019 0.930605300702 -0.979783960396 -0.589479527556 -0.889348165366 0.195991468192 -0.648711963544 -0.610170630195 -1.07470863958 -0.891439236483 -1.11745428192 -0.695084908834 -0.584462275329 -0.843177104876
2018-01-19 14:15:22.063712 1800000 1800000 -1.14443753004 2.9740492452 -2.3095662723 0.941426484246 -0.976612448828 -0.588285748816 -0.725407267934 -0.261076783445 -0.500465699698 -0.528999025761 -1.06367331938 -0.862383472388 -1.1436100979 -0.514658528471 -0.403295629996 -0.722109785967
2018-01-19 14:15:27.079668 1800000 1800000 -1.17688618277 -1.66365078299 -2.30986753292 0.941426484246 -0.988118397772 -0.591817344255 -0.905742255109 -0.985697182381 1.79150882586 0.598888932358 -1.01241836111 -0.654298524283 -1.17614842187 -0.436708248229 -0.371190148544 -0.516523772724
2018-01-19 14:15:32.424710 1900000 1900000 -1.17700954605 -1.64841959974 -2.31303076946 0.167711860831 -0.989667275515 -0.5921323692 -0.745899880113 -0.924383148625 1.52401794142 0.530772900665 -1.02564250515 -0.670793062852 -1.17627308977 -1.50995052131 -1.57055920563 -0.832517089375
2018-01-19 14:15:37.436239 1900000 1900000 -1.13086757008 -1.47033191866 -1.94289443742 0.167711860831 -0.942020845913 -0.576314800896 -0.418018085249 -0.400426860163 -0.26676313751 -0.376873221646 -0.702790988656 -0.00720508810243 -1.12796549769 -0.853647186203 -0.942209068646 -0.290379158156
2018-01-19 14:15:42.447660 1900000 1900000 0.00983148826442 1.56809386823 -1.11066196839 0.411188490577 -0.551924923061 -0.407030343476 0.2172528923 0.145825440573 -0.614501287272 -0.550001468866 -0.721943197262 -0.1658064205 0.0419572617603 -0.674361541648 -0.751869428612 -0.204337604466
2018-01-19 14:15:47.457724 1500000 1500000 -0.785450407494 2.11485429261 -1.9839411972 0.427420265894 -0.934350213284 -0.574159367061 -0.450806264735 1.05996194385 -0.710094082287 -0.635260035202 -1.03138816773 -0.82875998992 -0.784273186827 -1.33769941424 -1.31142210534 -1.0030773374
2018-01-19 14:15:52.471339 2100000 2100000 -1.10455007198 3.67702693369 -2.28708469836 0.416599082349 -0.970564450024 -0.583261929952 0.192661757686 0.641911713691 -0.615909134032 -0.552272003256 -1.03914025217 -0.805286992725 -1.10376525674 -1.5175554267 -1.53845372417 -0.969574431537
2018-01-19 14:15:57.483434 2100000 2100000 -1.04985902123 3.59891830163 -2.25055684791 -0.600592170811 -0.953453038774 -0.576148998294 0.204957324993 0.519283646179 -0.625764061353 -0.559651240023 -1.00101823694 -0.696169276036 -1.04876470913 -1.57839466981 -1.66228915263 -0.802059902228
2018-01-19 14:16:02.764982 1900000 1900000 -1.17022045396 -0.704867324529 -2.30975456019 0.919784117158 -0.977276253575 -0.588484711939 -0.721308745498 -0.0771346821763 0.341426662883 -0.0879477205477 -1.02035284754 -0.666986630875 -1.16949702231 -0.613142053263 -0.556943291228 -0.606372474808
2018-01-19 14:16:07.782690 2000000 2000000 -1.05438234122 -0.556460923627 -2.00578259232 0.941426484246 -0.906691682168 -0.569516894183 -0.946727479468 0.0622153945422 -0.455414603373 -0.516511086617 -0.77210374361 -0.0617639464471 -1.04925360288 0.0444921402842 0.0759933431019 -0.0741331294119
2018-01-19 14:16:12.791720 1500000 1500000 -0.339697783398 1.96644789171 -1.55878714402 0.459883816527 -0.489969813363 -0.454947295675 -0.93443191216 -0.0604126729701 -0.508912780259 -0.542054598502 -0.849624587966 -0.646685660328 -0.322268586877 -0.861822459496 -0.866531862367 -0.574392428303
2018-01-19 14:16:17.802911 2100000 2100000 -1.06219534847 5.08298231065 -2.27503427347 0.681718079184 -0.952641721862 -0.579896137116 -0.430313652556 0.742243768929 -0.604646359951 -0.573842079959 -1.03257378065 -0.82596860647 -1.0614759468 -1.4053830722 -1.38709931162 -1.02287450904
2018-01-19 14:16:22.813268 2100000 2100000 -0.904701570767 4.10662440998 -2.17222908612 -0.595181579039 -0.860225349895 -0.515465245683 0.815637167928 -0.941105157831 -0.551148183064 -0.437610016573 -0.953593720396 -0.688556412081 -0.904052157184 -1.56546633065 -1.66228915263 -0.750282684078
2018-01-19 14:16:27.821384 1900000 1900000 -0.777226189337 4.92676504654 -2.12478053811 0.930605300702 -0.898578513041 -0.405372317449 1.9345337929 -1.03028920693 -0.670533588327 -0.286051846055 -0.997370197209 -0.853248035642 -0.776939780478 -0.442031682002 -0.327618423717 -0.682515442675
2018-01-19 14:16:32.834722 1800000 1800000 -1.17429144195 2.50539745288 -2.33106498346 0.887320566525 -0.996474961973 -0.59322998243 1.67222835701 0.123529428298 -0.682922639816 -0.451800856509 -1.08145751309 -0.910522148797 -1.17355484049 -0.602875430988 -0.451453852173 -0.915512924351
2018-01-19 14:16:37.846450 1900000 1900000 -0.545303237317 0.482383882688 -1.38556228621 0.427420265894 -0.0975874519388 -0.300916677708 -0.39752547307 -0.81290308725 -0.124570614733 -0.290592914835 -0.368083343025 -0.466514546725 -0.544715246112 -0.9346394286 -1.0568715024 -0.234033361934
2018-01-19 14:16:42.857623 1800000 1800000 -0.154652874871 0.822156432121 -0.993923477255 0.167711860831 0.234314921446 -0.150036309195 -0.139318559614 -0.846347105663 -0.224527734705 -0.31613642672 -0.118192621219 -0.730427163834 -0.151155772081 -0.66599614572 -0.793147904764 -0.033777356442
2018-01-19 14:16:47.869439 1900000 1900000 0.0427283608915 0.7909129793 -0.715257401651 0.427420265894 0.566217294831 -0.0571868516481 -0.254077187817 -0.885365127144 -0.189331565701 -0.310460090745 0.146290259525 -0.854389965235 0.0444017305431 -0.367693731821 -0.472093090249 0.0949042592546
2018-01-19 14:16:52.878801 1800000 1800000 0.0797373425969 1.19317243438 -0.880950743902 0.167711860831 0.219563704851 -0.131798022891 0.00412972563872 -0.400426860163 -0.335747628758 -0.370629252074 -0.127312720555 -0.639072796373 0.0835132310679 -0.51503877374 -0.628034000156 0.0225684397802
2018-01-19 14:16:57.890929 1800000 1800000 -1.03299937401 1.11115837072 -2.16206154012 0.416599082349 -0.882352174787 -0.533869334589 0.672188882675 -1.33518717479 -0.417402740848 -0.330327266656 -0.939001561459 -0.660642577579 -1.0321423214 -1.3818078655 -1.43755078247 -0.760942699579
2018-01-19 14:17:02.938922 1700000 1700000 -1.1774413175 -1.71832682543 -2.31325671492 0.167711860831 -0.9908990021 -0.592347912584 -0.516382623708 -0.99127118545 1.90413656667 0.837295043284 -0.988250097873 -0.633997553736 -1.17670576075 -1.50519745544 -1.57743895165 -0.790638457048
2018-01-19 14:17:07.952977 1900000 1900000 -0.882496181744 0.0449755431867 -1.79226412628 0.167711860831 -0.922180459593 -0.573993564458 -0.975417136518 0.703225747447 -0.66687318675 -0.620955668547 -0.800376051552 -0.170881663136 -0.879607469356 -1.09187084753 -1.17153393616 -0.483020866862
2018-01-19 14:17:12.964501 2100000 2100000 -1.0638401921 3.28648377342 -2.2558289088 -0.0811753606866 -0.969015572282 -0.584837054678 -0.323752069225 1.26062605432 -0.66968888027 -0.609035363 -1.05728924985 -0.851725462851 -1.06269818119 -1.62801667748 -1.64852966058 -1.04647882908
2018-01-19 14:17:17.974087 2100000 2100000 -0.857823527274 3.71608124971 -2.13080575056 0.422009674122 -0.855062424086 -0.509330549381 0.873016482029 -0.807329084181 -0.577897271507 -0.456909558886 -0.942649601193 -0.687287601422 -0.857607250311 -1.41564969448 -1.46965626392 -0.789877027369
2018-01-19 14:17:22.983378 1900000 1900000 -0.86234684726 4.73149346641 -2.16356784323 0.936015892474 -0.910379486317 -0.43969345622 1.90174561342 -0.957827167037 -0.656736690077 -0.269590471729 -1.00758470847 -0.862256591322 -0.860051719093 -0.471310567751 -0.357430656493 -0.700789754964
2018-01-19 14:17:27.997031 1800000 1800000 -1.17625703009 0.861210748148 -2.33154700045 0.930605300702 -0.9960545523 -0.593138790999 1.41811996599 -0.500758915401 -0.510320627019 -0.225882684726 -1.08109270911 -0.910154193706 -1.17552263786 -0.575878016855 -0.421641619396 -0.906375768207
2018-01-19 14:17:33.009383 1700000 1700000 -0.956514145155 0.0605972695974 -1.93159716408 0.427420265894 -0.650758074247 -0.48528917198 -0.508185578837 -0.623386982913 -0.056993970245 -0.267887570937 -0.783047862813 -0.584513938028 -0.955630448501 -1.27876139747 -1.35728707884 -0.614748201273
2018-01-19 14:17:38.021389 1900000 1900000 -0.0148411662059 1.12287466553 -0.960031657249 0.167711860831 0.226939313149 -0.232937610576 -0.696717610884 -0.433870878576 -0.296327919474 -0.418878107857 -0.118192621219 -0.282537001144 -0.0118210514613 -0.629682722485 -0.81837364019 0.19541297684
2018-01-19 14:17:43.031094 1800000 1800000 0.289454905594 1.52903955221 -0.805635588333 -0.0865859524587 0.470334386964 -0.164958543444 -0.737702835242 -0.411574866301 -0.318853467636 -0.434204214988 0.0733294648371 -0.198795497638 0.291293077606 -0.444693398888 -0.662432730283 0.418511872693
2018-01-19 14:17:48.043992 1500000 1500000 -0.615209091649 1.44702548855 -1.73201200183 0.422009674122 -0.430227386154 -0.426926655808 -0.704914655755 -0.428296875507 -0.316037774116 -0.430230779806 -0.642598333039 -0.632728743077 -0.613160372031 -0.986923153152 -1.05228500505 -0.458655117144
2018-01-19 14:17:53.058117 1200000 1200000 -1.17600619143 -1.47423735026 -2.31340734524 0.167711860831 -0.971818303435 -0.585384203268 -0.204894918587 -1.62670753529 3.87512203091 2.25637903689 -1.07078699686 -0.880781226946 -1.17526596864 -1.5175554267 -1.51322798875 -1.05333169619
2018-01-19 14:17:58.076752 1200000 1200000 -1.17619123634 -1.44689932904 -2.3160057181 -0.600592170811 -0.974621034588 -0.586329278103 -0.188500828844 -1.61778913038 3.67802348448 2.15420498935 -1.0729758207 -0.88408013466 -1.17545174826 -1.66204862909 -1.68522163938 -1.06094599298
2018-01-19 14:18:03.094920 1200000 1200000 -1.1763104875 -1.35707440218 -2.31988444861 -1.36889620245 -0.977276253575 -0.587191451638 -0.159811171793 -1.59939492025 3.36829719725 1.97823857415 -1.07507344355 -0.887379042374 -1.17556908276 -1.76832718191 -1.81135031651 -1.06779886009
2018-01-19 14:18:08.112581 2101000 2101000 -1.1755826442 -1.19304627486 -2.31962084557 -1.379717386 -0.977276253575 -0.587091970076 -0.127022992307 -1.55257329447 2.35464752992 1.35951795293 -1.07498224256 -0.887252161308 -1.17485040894 -1.7759320873 -1.82052331121 -1.06779886009
2018-01-19 14:18:13.101533 1200000 1200000 -1.1762200211 -1.33364181256 -2.31988444861 -1.379717386 -0.977276253575 -0.587158291117 -0.147515604486 -1.60162452148 3.21343405363 1.8987698705 -1.07498224256 -0.887252161308 -1.17548108189 -1.76452472922 -1.80676381916 -1.06779886009
2018-01-19 14:18:18.120467 2101000 2101000 -1.17301668813 -1.2399114541 -2.3048214175 1.91533300323 -0.96599157288 -0.583477473336 -0.237683098074 -1.52024407667 1.87597963147 0.973527106671 -1.0662269472 -0.873675887255 -1.17230816141 -0.519791839609 -0.38265639192 -0.811197058372
2018-01-19 14:18:23.131004 2101000 2101000 -1.17497816416 -1.06416703198 -2.31931958495 -1.34725383537 -0.976981229243 -0.587042229295 -0.147515604486 -1.49237406133 1.86190116386 1.03029046642 -1.07479984057 -0.886998399176 -1.17423929175 -1.76110252179 -1.81823006254 -1.01602164194
2018-01-19 14:18:28.141694 1200000 1200000 -1.17540582351 -1.51719709789 -2.30568754179 1.91533300323 -0.966065328963 -0.583560374637 -0.254077187817 -1.63785554142 3.8328866281 2.18258666922 -1.0662269472 -0.873675887255 -1.17465485144 -0.551922564879 -0.421641619396 -0.810435628693
2018-01-19 14:18:33.161257 1200000 1200000 -1.17546339303 -1.5406296875 -2.30429421141 2.23996850956 -0.964885231635 -0.583096127349 -0.237683098074 -1.64526896551 4.10037751253 2.35855308443 -1.06522373627 -0.872153314464 -1.1747281855 -0.313128535652 -0.155624773084 -0.73733837954
2018-01-19 14:18:38.176638 1200000 1200000 -1.17633516016 -1.36488526538 -2.31984679104 -1.35266442714 -0.977054985326 -0.587141710857 -0.163909694229 -1.61054292639 3.45276800286 2.03500193389 -1.07498224256 -0.887125280242 -1.17559597192 -1.79608508658 -1.85262879266 -1.04191025101
2018-01-19 14:18:43.194554 1200000 1200000 -1.17637628125 -1.36879069699 -2.31995976377 -1.379717386 -0.977276253575 -0.587208031898 -0.159811171793 -1.611657727 3.49500340566 2.05770727779 -1.07498224256 -0.887125280242 -1.17563508342 -1.7715592667 -1.81593681386 -1.06551457105
2018-01-19 14:18:48.210942 2100000 2100000 -1.16783543069 0.724520642054 -2.31995976377 -1.379717386 -0.980152740811 -0.589496107816 -0.831968851265 -1.47788165335 -0.0358762688425 -0.297972151602 -1.07726226739 -0.904051214435 -1.16707699821 -1.77840368155 -1.81364356519 -1.10054033627
2018-01-19 14:18:53.220283 2100000 2100000 -1.15463556055 0.783102116094 -2.30267493557 -1.379717386 -0.966139085046 -0.584488869213 -0.495890011529 -0.957827167037 -0.176660944859 -0.333165434643 -1.06595334422 -0.89867145724 -1.15382797741 -1.78353699269 -1.82281655989 -1.09064175045
2018-01-19 14:18:58.231443 1900000 1900000 -1.11030702469 0.400369819031 -2.2287154528 0.936015892474 -0.935309042363 -0.568190473361 0.225449937172 0.195991468192 -0.361088870441 -0.358708946528 -1.04105547303 -0.882430680803 -1.10938753494 -0.530248584519 -0.414761873371 -0.746475535684
2018-01-19 14:19:03.244873 1800000 1800000 -1.10208280653 1.45874178336 -2.25319287836 0.941426484246 -0.979415179981 -0.575154182677 1.55746972881 1.33308809422 -0.675320267311 -0.468262230835 -1.07589425249 -0.895118787395 -1.10107634108 -0.576638507394 -0.467506592899 -0.757135551186
2018-01-19 14:19:08.257160 2100000 2100000 -1.11154065741 1.36110599329 -2.26110096969 0.427420265894 -0.980742789475 -0.577807024321 1.50009041471 1.31636608501 -0.669125741566 -0.470532765224 -1.07707986541 -0.896387598054 -1.11085421621 -1.56033301951 -1.56138621092 -1.06475314137
2018-01-19 14:19:13.268337 2100000 2100000 -1.0950922211 1.32986254047 -2.2422721808 0.167711860831 -0.979120155649 -0.572003933225 1.66403131214 1.42784614638 -0.68278185514 -0.455206658093 -1.07552944852 -0.894865025263 -1.09423182849 -1.60558220658 -1.60495793575 -1.10130176595
2018-01-19 14:19:18.277900 1800000 1800000 -1.08152226114 1.26347020322 -2.22494969502 0.941426484246 -0.97565361975 -0.56752726295 1.66812983457 1.36095810956 -0.680388515648 -0.447827421327 -1.07288461971 -0.891946760747 -1.0805428033 -0.658581362965 -0.550063545202 -0.811197058372
2018-01-19 14:19:23.292358 1800000 1800000 -1.09632585382 1.16192898156 -2.23850642302 0.941426484246 -0.977423765741 -0.572998748841 1.55746972881 1.23275603898 -0.671800650411 -0.460882994068 -1.07452623759 -0.896006954856 -1.09545406288 -0.524735028112 -0.403295629996 -0.762465558937
2018-01-19 14:19:28.322314 2100000 2100000 -1.10660612652 0.90807592738 -2.24302533236 0.167711860831 -0.975432351501 -0.576646406102 1.27877020317 1.04323993464 -0.642658222475 -0.472235666017 -1.07343182567 -0.899813386834 -1.10572083177 -1.5816267546 -1.582025449 -1.0815045943
2018-01-19 14:19:33.326378 1500000 1500000 -1.08111105023 -1.61678560376 -1.13325651506 0.167711860831 -0.952199185364 -0.565371829114 0.983676587796 -0.662405004394 -0.569450190946 -0.429663146208 -1.04670993462 -0.899178981504 -1.08005390955 -1.17685566525 -1.0935634812 -1.08226602398
2018-01-19 14:19:38.361597 1500000 1500000 -1.10249401744 -1.69879966741 -1.03158105504 0.930605300702 -0.946372454809 -0.561889974456 0.975479542924 -0.90208713635 -0.472308764495 -0.321245129097 -1.04105547303 -0.898163932977 -1.10156523483 -0.062166657802 0.160843544081 -0.783024160261
2018-01-19 14:19:43.368179 1800000 1800000 -1.07905499569 -1.58319889197 -1.23869773285 -0.600592170811 -0.952862990111 -0.5645428161 1.0410559019 -0.511906921538 -0.576489424747 -0.427960245416 -1.04734834157 -0.899178981504 -1.07809833452 -1.34853640442 -1.31371535401 -1.0388645323
2018-01-19 14:19:48.396215 1800000 1800000 -1.08769042475 -1.5956962731 -1.29141834175 -0.606002762583 -0.945782406145 -0.564211210895 0.844326824978 -0.729293041219 -0.521583401101 -0.401281466336 -1.04132907601 -0.898037051911 -1.08665397526 -1.37629430909 -1.33664784076 -1.07389029752
2018-01-19 14:19:53.420511 2101000 2101000 -1.10948460287 -1.75386625301 -0.730320432765 0.167711860831 -0.955813233429 -0.564874421306 1.11892782818 -1.56037689877 -0.503281393219 -0.321245129097 -1.04707473859 -0.902477889218 -1.1086541943 -1.03540442501 -0.923863079245 -1.07922030527
2018-01-19 14:19:58.422253 1800000 1800000 -1.09591464291 -1.71012541906 -0.835761650561 0.167711860831 -0.95087157587 -0.563879605689 1.01646476728 -1.39594380824 -0.522991247861 -0.370629252074 -1.04333549786 -0.901589721757 -1.09472072224 -1.06658453711 -0.962848306722 -1.07465172719
2018-01-19 14:20:03.433624 1800000 1800000 -1.11030702469 -1.74097832872 -0.873419228345 1.80712116779 -0.947847576468 -0.564708618703 0.8812135269 -1.43273222849 -0.445559676052 -0.31386589233 -1.04251468892 -0.898925219372 -1.10963198182 0.161417560646 0.429153639068 -0.778455582189
2018-01-19 14:20:08.444900 2100000 2100000 -1.13769367115 4.88771073052 -2.31299311188 0.178533044376 -0.986200739615 -0.590756207597 -0.430313652556 1.08783195919 -0.656877474753 -0.603926660623 -1.07963349322 -0.903391432893 -1.13701003218 -1.55139725568 -1.582025449 -0.960437275393
2018-01-19 14:20:13.455106 2100000 2100000 -1.1321012028 5.90312294722 -2.31325671492 0.167711860831 -0.992351996935 -0.592281591542 0.209055847429 1.51703019548 -0.73402747721 -0.64025521086 -1.08532443521 -0.90671571682 -1.13138775398 -1.5586219158 -1.54074697285 -1.12642894534
2018-01-19 14:20:18.466823 2100000 2100000 -1.126755461 5.590688419 -2.3099051905 0.936015892474 -0.990744114326 -0.591701282433 0.122986876277 1.87376639188 -0.724594903917 -0.634919455044 -1.08382873891 -0.905967118531 -1.12625436954 -0.644702410629 -0.520251312426 -0.854598550057
2018-01-19 14:20:23.475701 1800000 1800000 -1.13086757008 5.0048736786 -2.30982987535 0.941426484246 -0.984946886204 -0.590374861611 -0.438510697428 1.25505205125 -0.663775923878 -0.608467729403 -1.07698866441 -0.901716602823 -1.12992107271 -0.445834134697 -0.306979185641 -0.76627270733
2018-01-19 14:20:28.489108 1800000 1800000 -1.1629008998 4.14567872601 -2.32530713982 0.936015892474 -0.994505674558 -0.592397653364 1.07384408138 0.831427818028 -0.698268169502 -0.571571545569 -1.08100150812 -0.908492051743 -1.16216361596 -0.537473244639 -0.38265639192 -0.882010018489
2018-01-19 14:20:33.500649 2100000 2100000 -1.13415725734 5.90312294722 -2.31423581195 0.173122452604 -0.99272077735 -0.592364492844 0.286927773709 1.48916018014 -0.735576108646 -0.64014168414 -1.08559803819 -0.905649915866 -1.13334332901 -1.58866129209 -1.582025449 -1.10967749241
2018-01-19 14:20:38.510954 2100000 2100000 -1.14225811223 5.47352547092 -2.31690949997 0.167711860831 -0.992669148092 -0.592198690241 0.422179014091 1.5504742139 -0.723890980537 -0.627824035076 -1.082643126 -0.905675292079 -1.14141007599 -1.56470584011 -1.54074697285 -1.15079469506
2018-01-19 14:20:43.520850 1900000 1900000 -1.14098335841 4.69243915038 -2.31419815437 0.930605300702 -0.990220446137 -0.591071232542 0.418080491655 1.39997613104 -0.695593260658 -0.604494294221 -1.08008949819 -0.904228847928 -1.1401878416 -0.666376390989 -0.540890550502 -0.872872862345
2018-01-19 14:20:48.533141 1900000 1900000 -1.17198866086 -0.966531241909 -2.30952861472 0.941426484246 -0.985536934868 -0.588385230378 0.594316956394 -0.729293041219 0.0570416173286 0.0823423586852 -1.03038495681 -0.711395003946 -1.17125703983 -0.488611727512 -0.405588878671 -0.610179623201
2018-01-19 14:20:53.545359 1700000 1700000 -1.17723159994 -1.69333206317 -2.31220230275 0.427420265894 -0.989446007266 -0.592016307378 -0.676224998705 -0.662405004394 1.98860737228 0.803237027438 -1.01971444058 -0.647954470987 -1.17649309196 -1.41127687388 -1.46506976657 -0.787592738333
2018-01-19 14:20:58.557252 1700000 1700000 -1.1772603847 -1.69723749477 -2.31231527548 0.427420265894 -0.989741031598 -0.592066048159 -0.622944207039 -0.550924943019 1.94637196948 0.803237027438 -1.02172086244 -0.664449009556 -1.17652242559 -1.3911238746 -1.41920479307 -0.859167128129
2018-01-19 14:21:03.569931 1700000 1700000 -1.17735496321 -1.69216043369 -2.31446175741 -0.0865859524587 -0.990913753317 -0.592331332323 -0.504087056401 -0.322390817201 1.72111648785 0.735120995745 -1.03302978561 -0.746921702403 -1.17662020434 -1.56318485903 -1.59807818973 -0.954345837963
2018-01-19 14:21:08.581860 1700000 1700000 -1.17736729954 -1.69372260633 -2.31446175741 -0.0919965442308 -0.990921128925 -0.592281591542 -0.430313652556 -0.472888900057 1.73519495545 0.786208019515 -1.03348579058 -0.75072813438 -1.17663242669 -1.55443921783 -1.58661194635 -0.957391556678
2018-01-19 14:21:13.603270 1700000 1700000 -1.17738374797 -1.69606586529 -2.31453707257 -0.0865859524587 -0.990611353377 -0.592248431022 -0.504087056401 -0.272224789582 1.89005809907 0.83161870731 -1.03011135383 -0.719007867901 -1.17664464903 -1.54702443508 -1.58890519503 -0.920081502423
2018-01-19 14:21:18.613379 2000000 2000000 -1.12099850829 -1.66013589455 -1.50230077734 -0.0865859524587 -0.925204458995 -0.571838130622 -0.52457966858 -0.511906921538 -0.202002186542 -0.351329709761 -0.48573262446 0.581523057756 -1.12014319758 -0.680255343325 -0.800027650789 -0.0680416919825
2018-01-19 14:21:23.624125 1700000 1700000 -0.117643893165 2.42728882083 -1.46087744178 -0.0865859524587 -0.689848798224 -0.450636428003 0.44267162627 0.536005655385 -0.649979025628 -0.565327575997 -0.780311833012 -0.310450835646 -0.114488740339 -0.930836975905 -1.01559302625 -0.355862110523
2018-01-19 14:21:28.634121 1700000 1700000 -0.672778618747 2.3882345048 -1.91653413297 0.676307487412 -0.885302418106 -0.560231948429 -0.614747162167 1.85147037961 -0.680951654352 -0.621693592223 -0.97730597867 -0.759609808995 -0.671827622818 -1.10555967723 -1.06833774578 -0.880487159132
2018-01-19 14:21:33.648229 2100000 2100000 -1.14386183477 4.18473304203 -2.31419815437 -0.0865859524587 -0.990965382575 -0.588948959227 1.32385394997 0.0789374037484 -0.698268169502 -0.547730934477 -1.08391993991 -0.900067148966 -1.14312120414 -1.61736980993 -1.61642417913 -1.11043892209
2018-01-19 14:21:38.658234 2100000 2100000 -1.14402631913 4.26284167409 -2.31449941499 -0.0865859524587 -0.991127645958 -0.588965539487 1.34844508458 0.0287713761297 -0.70009837029 -0.547163300879 -1.08585340097 -0.8999402679 -1.14312120414 -1.57193050023 -1.56138621092 -1.11120035177
2018-01-19 14:21:43.668220 1800000 1800000 -1.03094331947 1.06429319149 -2.15678947923 0.941426484246 -0.977718790073 -0.584008041665 0.672188882675 0.82585381496 -0.722764703129 -0.619252767754 -1.07051339388 -0.876340389639 -1.0299422995 -0.543367046316 -0.410175376021 -0.814242777087
2018-01-19 14:21:48.679489 1800000 1800000 -1.02477515586 1.25565934002 -2.16093181279 0.941426484246 -0.975358595418 -0.583361411514 0.573824344215 1.09897996533 -0.717978024144 -0.61811750056 -1.0675037611 -0.872787719793 -1.02383112754 -0.380431948348 -0.235888476713 -0.740384098255
2018-01-19 14:21:53.691470 1500000 1500000 -0.995167970491 0.349599208196 -2.04381674588 0.167711860831 -0.974989815003 -0.583925140363 0.438573103834 0.446821606285 -0.727692166789 -0.630605439703 -1.06586214322 -0.871138265936 -0.994253055269 -1.45633593831 -1.44672377717 -1.02896594647
2018-01-19 14:21:58.705431 2100000 2100000 -1.14250483877 3.79418988177 -2.31186338455 0.167711860831 -0.982070398968 -0.587639118665 0.323814475631 0.703225747447 -0.586344352068 -0.522187422592 -1.0661357462 -0.876721032837 -1.14165452287 -1.50291598382 -1.490295502 -1.0708445788
2018-01-19 14:22:03.720515 2100000 2100000 -1.14715152203 3.59891830163 -2.31412283921 -0.600592170811 -0.984209325375 -0.588882638186 0.209055847429 0.786835793478 -0.589160045589 -0.531837193748 -1.0647677313 -0.881542513342 -1.14629901356 -1.6719350061 -1.69439463408 -1.07008314912
2018-01-19 14:22:08.735494 1800000 1800000 -1.04985902123 4.06757009395 -2.25733521191 0.92519470893 -0.932580067293 -0.572667143636 -0.331949114097 0.218287480467 -0.549740336304 -0.536945896125 -0.993722157475 -0.768491483609 -1.049009156 -0.525115273381 -0.423934868072 -0.695459747213
2018-01-19 14:22:13.747551 1700000 1700000 -0.973785003284 3.79418988177 -2.20574433035 0.930605300702 -0.877189248979 -0.55492626514 -0.389328428198 0.346489551048 -0.510320627019 -0.517078720215 -0.920761362787 -0.64287922835 -0.972741729981 -0.41826635266 -0.359723905169 -0.480736577826
2018-01-19 14:22:18.760729 1700000 1700000 -1.16487471216 0.38474809262 -2.31314374219 0.173122452604 -0.970048157444 -0.586213216281 -0.663929431397 0.240583492742 0.145735963219 -0.179336729736 -1.02664571608 -0.757072187676 -1.16411919099 -1.49302960682 -1.54762671887 -0.84089281584
2018-01-19 14:22:23.847643 1700000 1700000 -1.17742075695 -1.70426727166 -2.31434878468 -0.0865859524587 -0.991127645958 -0.592414233625 -0.508185578837 -0.935531154762 1.76335189065 0.763502675617 -0.992810147541 -0.647954470987 -1.17668376053 -1.51470358718 -1.58431869768 -0.805867050621
2018-01-19 14:22:28.860071 2000000 2000000 -1.16150278271 -1.70504835798 -2.0332726241 -0.0865859524587 -0.973367181177 -0.587970723871 -1.04099349549 -0.433870878576 -0.135833388814 -0.368358717685 -0.841416498563 -0.240666249391 -1.16052582188 -1.26659354885 -1.36416682487 -0.543173811477
2018-01-19 14:22:33.870283 1700000 1700000 -0.343809892476 1.2283213188 -1.38179652843 -0.0865859524587 -0.252475226185 -0.385476005117 -0.864757030751 -0.294520801857 -0.368128104242 -0.468829864432 -0.787607912481 -0.422106173653 -0.34182433714 -0.577208875298 -0.572996031954 -0.40916218803
2018-01-19 14:22:38.886467 1500000 1500000 -0.899355828965 3.28648377342 -2.1421030239 0.676307487412 -0.920705337934 -0.572003933225 -0.721308745498 1.86261838575 -0.657159044105 -0.61130589739 -0.997370197209 -0.736771217129 -0.899163219618 -1.17210259938 -1.15089469808 -0.872872862345
2018-01-19 14:22:43.954628 1800000 1800000 -0.98406527598 3.63797261766 -2.20913351235 -0.0919965442308 -0.837360964173 -0.546636135002 -0.663929431397 0.296323523429 -0.400508579726 -0.472803299614 -0.878808905841 -0.631459932418 -0.983252945747 -1.48238273927 -1.57973220033 -0.69165259882
2018-01-19 14:22:48.964946 2100000 2100000 -1.09385858837 2.46634313685 -2.26561987903 -0.606002762583 -0.898578513041 -0.556086883359 0.0410164275609 -1.00241919159 -0.245645436108 -0.303080853979 -0.997370197209 -0.744384081085 -1.09227625346 -1.62972778119 -1.69898113143 -0.885817166882
2018-01-19 14:22:53.972404 2100000 2100000 -0.705675491374 4.38000462217 -2.0671644441 0.156890677287 -0.794582436047 -0.353973510592 1.63944017752 -1.14399886953 -0.584936505308 -0.253129097404 -0.916201313119 -0.816198764394 -0.706050185777 -1.33560806526 -1.36875332222 -0.804344191264
2018-01-19 14:22:58.981468 1700000 1700000 -1.16339435289 0.970562833023 -2.31570445748 0.930605300702 -0.963557622142 -0.584770733637 -0.827870328829 0.145825440573 0.256955857273 -0.148116881877 -1.04023466409 -0.856800705488 -1.16265250972 -0.80174370692 -0.712884201135 -0.843938534555
2018-01-19 14:23:03.993904 1800000 1800000 -1.17605142463 1.04086060187 -2.33147921681 0.941426484246 -0.996297947374 -0.593024387203 1.66403131214 -0.478462903126 -0.579305118268 -0.225882684726 -1.08109270911 -0.910116129386 -1.17531485801 -0.538423857813 -0.380363143245 -0.893431463669
2018-01-19 14:23:09.340427 2100000 2100000 -1.17579647387 0.52924906192 -2.33046622797 -0.0811753606866 -0.996268444941 -0.592742522778 1.77878994034 -0.617812979844 -0.593383585869 -0.181607264126 -1.08118391011 -0.910344515305 -1.17507041113 -1.80254925616 -1.79759082446 -1.25054198297
2018-01-19 14:23:14.646896 1800000 1800000 -1.08727921385 0.560492514741 -2.20197857257 0.167711860831 -0.871288762341 -0.552273423496 -0.344244681405 -0.818477090319 -0.166806017538 -0.308757189953 -0.939001561459 -0.818228861449 -1.08249837833 -1.49340985209 -1.50634824272 -0.97947301736
2018-01-19 14:23:19.866904 1900000 1900000 0.0180557064212 0.728426073657 -0.715257401651 0.908962933613 0.521963645047 -0.04889672151 -0.151614126922 -0.879791124075 -0.224527734705 -0.317839327512 0.109809862181 -0.400536392447 0.0884021686335 0.789012377905 0.816712665162 0.448207630161
2018-01-19 14:23:24.879223 1900000 1900000 0.0345041427347 0.919792222188 -0.801869830555 0.194764819692 0.625222161211 -0.0422646173995 -0.282766844867 -0.9466791609 -0.193555105981 -0.316704060317 0.164530458197 -0.826095487536 0.100624512548 -0.354955515293 -0.488145830975 0.199220125233
2018-01-19 14:23:29.887514 1800000 1800000 0.186652178635 1.27518649803 -0.798104072777 0.422009674122 0.381827087395 -0.0986375023386 -0.139318559614 -0.428296875507 -0.321669161157 -0.378576122439 -0.0178715285229 -0.647954470987 0.205736670208 -0.372827042959 -0.476679587599 0.0895742515038
2018-01-19 14:23:34.897892 1800000 1800000 -0.860702003628 1.01742801226 -1.9466601952 0.427420265894 -0.70017464984 -0.449641612386 0.524642074986 -1.45391344016 -0.34982609636 -0.297972151602 -0.809496150888 -0.683481169444 -0.860051719093 -1.18826302334 -1.23803814773 -0.648251107135
2018-01-19 14:23:39.928136 1700000 1700000 -1.17740430852 -1.71207813486 -2.31325671492 0.173122452604 -0.9909875094 -0.592265011282 -0.377032860891 -1.00241919159 1.79150882586 0.842971379259 -0.991898137607 -0.651760902965 -1.17666909372 -1.48770617304 -1.55221321622 -0.804344191264
2018-01-19 14:23:44.939168 1900000 1900000 -1.01038277408 -0.634569555681 -1.86381352407 0.167711860831 -0.921442898763 -0.572501341033 -0.770491014728 0.619615701416 -0.576489424747 -0.569868644777 -0.785783892614 -0.126473290065 -1.00867542109 -1.08578692321 -1.17612043351 -0.443426523571
2018-01-19 14:23:49.957913 2100000 2100000 -0.935953599763 2.89594061315 -2.15453002456 -0.0865859524587 -0.939291870843 -0.574988380074 -0.340146158969 1.80687835506 -0.673208497171 -0.61130589739 -1.02044404853 -0.787523643497 -0.935096910725 -1.50842954023 -1.54074697285 -0.925411510174
2018-01-19 14:23:54.968299 1800000 1800000 -1.02847605403 2.93499492917 -2.22306681613 0.422009674122 -0.891202904744 -0.563382197881 -0.741801357677 0.240583492742 -0.455414603373 -0.506293681863 -0.938089551525 -0.703782139991 -1.02725338384 -1.46755317376 -1.5086414914 -0.868304284273
2018-01-19 14:23:59.980130 1800000 1800000 -0.928551803422 3.52080966958 -2.16996963146 0.936015892474 -0.793844875218 -0.490594855268 0.614809568573 -1.03028920693 -0.406139966767 -0.330894900253 -0.905257193915 -0.62765350044 -0.928496845012 -0.43994033302 -0.362017153844 -0.559925264408
2018-01-19 14:24:04.991742 2100000 2100000 -0.917860319818 4.18473304203 -2.18126690479 0.173122452604 -0.871288762341 -0.444999139509 1.64353869996 -0.952253163969 -0.559595263625 -0.199203905647 -0.976393968736 -0.847157744478 -0.916274501098 -1.40937564753 -1.46506976657 -0.779978441546
2018-01-19 14:24:09.998623 1500000 1500000 -1.16993260632 0.841683590135 -2.32331128819 0.167711860831 -0.980595277309 -0.588849477665 -0.381131383327 0.0622153945422 0.124618261817 -0.141872912305 -1.06267010845 -0.888901615165 -1.16917924137 -1.66337948754 -1.65999590395 -1.15003326538
2018-01-19 14:24:15.013272 1800000 1800000 -1.17588282816 0.412086113839 -2.33039091282 0.914373525386 -0.994985089097 -0.592662937529 1.12712487305 -0.584368961432 -0.363904563962 -0.14073764511 -1.07999829719 -0.909697421869 -1.1751437452 -0.759346359374 -0.616567756781 -0.993940181255
2018-01-19 14:24:20.346605 2101000 2101000 -1.17602675198 0.0293538167759 -2.32982604915 -0.57353921195 -0.992816660258 -0.592530295447 0.147578010892 -0.779459068838 0.0570416173286 -0.06524237665 -1.07808307633 -0.909024952219 -1.17529041332 -1.79190238862 -1.79071107844 -1.23074481132
2018-01-19 14:24:25.394722 1700000 1700000 -0.983242854164 0.162138491267 -1.99712134943 0.167711860831 -0.677310264118 -0.494408315132 -0.532776713451 -0.706997028944 -0.048546889684 -0.266184670145 -0.764807664141 -0.579438695391 -0.974941751885 -1.21526043747 -1.30224911064 -0.543173811477
2018-01-19 14:24:30.406775 1700000 1700000 0.433378723337 1.3689168565 -0.57592436385 1.96943892095 0.411329520585 -0.18153880372 -0.717210223063 -0.478462903126 -0.390653652405 -0.470532765224 -0.0178715285229 -0.221634089503 0.489295049013 0.956700541741 1.06667677075 0.289830256996
2018-01-19 14:24:35.418709 1900000 1900000 0.523845123062 2.23201724069 -0.86212195501 -0.0811753606866 0.33757343761 -0.204751168106 -0.737702835242 -0.461740893919 -0.418810587608 -0.48699413955 -0.0361117271949 -0.268580083893 0.528406549538 -0.454579775895 -0.648673238232 0.333231748681
2018-01-19 14:24:40.430645 1800000 1800000 -1.0325881631 2.07579997658 -2.20310829991 -0.0865859524587 -0.872763884 -0.555092067743 -0.495890011529 -0.617812979844 -0.387837958885 -0.452936123704 -0.992810147541 -0.842970669303 -1.03165342765 -1.50481721017 -1.5361604755 -0.926172939852
2018-01-19 14:24:45.443112 1200000 1200000 -1.17557853209 -1.43127760263 -2.31216464517 0.422009674122 -0.972777132514 -0.583809078541 0.274632206402 -1.63283893866 3.05857091001 2.27908438079 -1.07142540382 -0.882557561869 -1.17485040894 -1.53029364322 -1.52928072947 -1.05104740716
2018-01-19 14:24:50.458189 1200000 1200000 -1.17561142896 -1.40784501301 -2.3132943725 0.167711860831 -0.973514693343 -0.584107523226 0.274632206402 -1.63060933743 2.9741001044 2.22799735702 -1.07206381077 -0.88344572933 -1.17487485363 -1.57307123604 -1.57973220033 -1.05485455555
2018-01-19 14:24:55.474420 1200000 1200000 -1.17618712423 -1.32583094936 -2.31995976377 -1.36348561068 -0.9788988874 -0.586329278103 0.299223341017 -1.61890393099 2.84739389598 2.14852865338 -1.07635025746 -0.889916663692 -1.17544930379 -1.8076825673 -1.85721529001 -1.07312886784
2018-01-19 14:25:00.489569 1200000 1200000 -1.17612133049 -1.30630379134 -2.31995976377 -1.379717386 -0.978972643483 -0.586296117583 0.31561743076 -1.62057613191 2.73476615517 2.08608895766 -1.07635025746 -0.889916663692 -1.17538819207 -1.79589496395 -1.84345579796 -1.07160600848
2018-01-19 14:25:05.506442 1200000 1200000 -1.17601852776 -1.28287120173 -2.31999742135 -1.379717386 -0.978972643483 -0.586345858364 0.307420385888 -1.61667432976 2.57990301155 1.95553323025 -1.07635025746 -0.889789782626 -1.17526596864 -1.78809993592 -1.83428280326 -1.0708445788
2018-01-19 14:25:10.521854 1200000 1200000 -1.17608843361 -1.29849292814 -2.31992210619 -1.379717386 -0.978825131318 -0.586246376802 0.31561743076 -1.60050972086 2.70660921997 2.06338361376 -1.07616785547 -0.889789782626 -1.1753393027 -1.7808752758 -1.82510980856 -1.07236743816
2018-01-19 14:25:15.538272 1200000 1200000 -1.1758088102 -1.23600602249 -2.31980913346 -1.379717386 -0.9788988874 -0.586246376802 0.319715953196 -1.60775592485 2.34056906232 1.78524315101 -1.07625905647 -0.889789782626 -1.17507041113 -1.79988753928 -1.84804229531 -1.07236743816
2018-01-19 14:25:20.554404 1200000 1200000 -1.17615422736 -1.31411465455 -2.31995976377 -1.379717386 -0.9788988874 -0.586312697843 0.303321863452 -1.61667432976 2.79108002558 2.12014697351 -1.07625905647 -0.889789782626 -1.17541508123 -1.79380361497 -1.84116254929 -1.0708445788
2018-01-19 14:25:25.569936 1200000 1200000 -1.17615011525 -1.31411465455 -2.31999742135 -1.379717386 -0.9788988874 -0.586345858364 0.295124818581 -1.6194613313 2.77700155797 2.09744162961 -1.07625905647 -0.889789782626 -1.17541019229 -1.78239625688 -1.82740305724 -1.0708445788
2018-01-19 14:25:30.585965 1200000 1200000 -1.17608843361 -1.29849292814 -2.31995976377 -1.379717386 -0.9788988874 -0.586312697843 0.311518908324 -1.61834653068 2.69253075236 2.04635460584 -1.07625905647 -0.889789782626 -1.1753393027 -1.80235913353 -1.85033554399 -1.07465172719
2018-01-19 14:25:35.604367 2101000 2101000 -1.1713718445 -0.130768878934 -2.3200727365 -1.379717386 -0.979193911732 -0.587804921268 -0.139318559614 -1.57709890797 0.397740533289 0.0880186946596 -1.07644145845 -0.89651447912 -1.17062147795 -1.7939937376 -1.83657605194 -1.08683460205
2018-01-19 14:25:40.614437 2100000 2100000 -1.15438883401 0.736236936862 -2.30184646886 -1.379717386 -0.963557622142 -0.582598719541 -0.225387530766 -0.968975173175 -0.133017695294 -0.271293372522 -1.06385572137 -0.896006954856 -1.15360797522 -1.83106765137 -1.88014777676 -1.09064175045
2018-01-19 14:25:45.635845 1800000 1800000 -1.11853124284 1.0838203495 -2.2626072728 1.75301525007 -0.967687962788 -0.578718938637 0.672188882675 0.491413630835 -0.553963876585 -0.46031536047 -1.06713895713 -0.896260716988 -1.1176987288 -0.768472245842 -0.678485471009 -0.824902792588
2018-01-19 14:25:50.681703 1800000 1800000 -1.11688639921 1.72821656394 -2.27352797036 0.941426484246 -0.986348251781 -0.582913744486 1.53287859419 1.0320919285 -0.701787786402 -0.523322689787 -1.08191351805 -0.90209724602 -1.11574315377 -0.657630749791 -0.563823037253 -0.761704129258
2018-01-19 14:25:55.692075 1800000 1800000 -1.10372765016 -1.40003414981 -1.80356139962 0.167711860831 -0.962451280897 -0.575983195691 0.672188882675 -0.394852857095 -0.568042344186 -0.473370933212 -1.05984287766 -0.899052100438 -1.10229857547 -1.4097558928 -1.41691154439 -0.941401533426
2018-01-19 14:26:00.722274 2100000 2100000 -1.11236307923 -1.74371213084 -0.892248017237 0.167711860831 -0.958173428085 -0.567361460347 1.07794260382 -1.46896324844 -0.508912780259 -0.33827413702 -1.04880755746 -0.901843483888 -1.11134310997 -1.13464844034 -1.04540525903 -1.07312886784
2018-01-19 14:26:05.738927 1500000 1500000 -1.09714827564 -1.69958075373 -0.9336713528 0.167711860831 -0.948953917713 -0.564874421306 0.90170613908 -1.28111934502 -0.507504933499 -0.376305588049 -1.04342669886 -0.901082197493 -1.09618740351 -1.11943862956 -1.0293525183 -1.06551457105
2018-01-19 14:26:10.767755 1800000 1800000 -1.09344737746 -1.72730931811 -0.651239519418 0.936015892474 -0.939660651258 -0.558408119798 0.938592841002 -1.47565205212 -0.469493070974 -0.325218564279 -1.03293858462 -0.899686505768 -1.09252070034 0.0779537239975 0.330543946039 -0.785308449297
2018-01-19 14:26:15.788592 1800000 1800000 -1.11154065741 -1.7155930233 -1.08806742172 -0.589770987267 -0.960164842325 -0.568356275964 1.098435216 -1.53250688342 -0.525806941381 -0.353600244151 -1.05172598925 -0.903645195024 -1.11060976933 -1.27762066166 -1.24491789376 -0.983280165753
2018-01-19 14:26:20.814885 2101000 2101000 -1.11318550104 -1.76362983202 -0.715257401651 0.162301269059 -0.959722305827 -0.566035039525 1.18860270959 -1.58378771166 -0.51595201406 -0.317271693915 -1.0496283664 -0.903061542121 -1.11232089748 -1.0293205007 -0.919276581895 -1.07008314912
2018-01-19 14:26:25.817008 2101000 2101000 -1.10742854833 -1.73941615608 -0.824464377226 0.167711860831 -0.955960745595 -0.566035039525 1.06974555895 -1.54532709048 -0.51313632054 -0.345653373787 -1.04716593958 -0.903010789695 -1.10669861928 -1.06905613136 -0.967434804072 -1.06932171944
2018-01-19 14:26:30.826726 1700000 1700000 -1.11565276649 -1.65857372191 -1.43075137955 1.5906974969 -0.958984744997 -0.573993564458 0.688582972418 -1.03028920693 -0.500465699698 -0.406390168713 -1.05336760713 -0.898925219372 -1.11476536626 -0.205329001757 -0.00656360920197 -0.800537042871
2018-01-19 14:26:35.829930 1700000 1700000 -1.10866218105 6.29366610748 -2.3041435811 2.23996850956 -0.990279451003 -0.591618381131 0.0410164275609 2.04098648395 -0.737265524759 -0.645193623158 -1.0812751111 -0.902858532416 -1.10792085367 -0.408570098289 -0.263407460814 -0.761704129258
2018-01-19 14:26:40.842151 2100000 2100000 -1.13415725734 5.74690568311 -2.31367094828 -0.0703541771423 -0.990375333911 -0.591386257488 0.262336639094 1.76786033358 -0.711079575019 -0.621807118943 -1.07817427733 -0.903911645263 -1.13334332901 -1.6396141582 -1.6462364119 -1.10054033627
2018-01-19 14:26:45.851790 2100000 2100000 -1.13539089006 5.74690568311 -2.31446175741 -0.0865859524587 -0.988192153855 -0.591237035145 -0.278668322432 1.41669814025 -0.68489362528 -0.616982233365 -1.0799070962 -0.901843483888 -1.13481001028 -1.62801667748 -1.6278904225 -1.11500750016
2018-01-19 14:26:50.865450 2100000 2100000 -1.13127878099 6.44988337159 -2.31427346952 0.930605300702 -0.9926765237 -0.592231850762 0.39348935704 1.79573034892 -0.738251017491 -0.64031197422 -1.08227832203 -0.903416809106 -1.13040996647 -0.667897372067 -0.547770296527 -0.856121409414
2018-01-19 14:26:55.877357 1900000 1900000 -1.13621331188 4.84865641449 -2.31205167244 0.941426484246 -0.98782337344 -0.589645330159 0.561528776908 1.11012797147 -0.67996616162 -0.585194751908 -1.0771710664 -0.899686505768 -1.13529890404 -0.555344772304 -0.437694360122 -0.770841285402
2018-01-19 14:27:00.889456 1700000 1700000 -1.17425032085 -1.29849292814 -2.30926501168 0.941426484246 -0.987012056528 -0.590457762912 -0.0204614089761 -0.740441047356 0.341426662883 0.0823423586852 -1.01834642568 -0.663180198897 -1.1735303958 -0.547359621645 -0.492732328325 -0.556118116015
2018-01-19 14:27:05.901923 1700000 1700000 -1.17705889136 -1.66833730091 -2.31201401486 0.427420265894 -0.989519763349 -0.591999727118 -0.614747162167 -0.773885065769 1.65072414984 0.649975956128 -1.0195320386 -0.655567334942 -1.17632197915 -1.46222973999 -1.51552123742 -0.82414136291
2018-01-19 14:27:10.918319 1700000 1700000 -1.17690263121 -1.61522343112 -2.31416049679 -0.0865859524587 -0.990043431538 -0.592099208679 -0.55326932563 -0.734867044288 1.27060552459 0.468333204946 -1.02409208826 -0.675868305489 -1.17616308868 -1.5629947364 -1.62330392515 -0.86982714363
2018-01-19 14:27:15.933902 1700000 1700000 -1.17733440266 -1.68786445893 -2.31446175741 -0.0865859524587 -0.990095060796 -0.592198690241 -0.659830908961 -0.701423025875 1.97452890468 0.803237027438 -1.02409208826 -0.675868305489 -1.17659575965 -1.56584657592 -1.6278904225 -0.866019995237
2018-01-19 14:27:20.945937 1700000 1700000 -1.17652842928 -1.55859467288 -2.3136332907 -0.0919965442308 -0.989814787681 -0.591883665296 -0.393426950634 -0.484036906194 0.960879237357 0.349130149483 -1.02381848528 -0.67459949483 -1.17578908496 -1.5717403776 -1.63477016853 -0.866781424915
2018-01-19 14:27:25.960905 1700000 1700000 -1.17732206634 -1.68630228628 -2.31438644226 -0.0865859524587 -0.990213070529 -0.592182109981 -0.581958982681 -0.6791270136 1.90413656667 0.803237027438 -1.02518650018 -0.684749980103 -1.17658353731 -1.58067614143 -1.64164991455 -0.879725729453
2018-01-19 14:27:30.972666 1800000 1800000 -0.656330182433 -0.329945890671 -1.15585106173 -0.0865859524587 -0.776143415304 -0.497061156776 0.323814475631 -0.23878077117 -0.587752198829 -0.522187422592 -0.391795601299 0.962166255509 -0.657160810121 -0.462564926553 -0.648673238232 0.301251702176
2018-01-19 14:27:35.983943 1700000 1700000 -0.524742691925 2.11485429261 -1.75084079072 -0.0865859524587 -0.866125836533 -0.55194181829 -0.442609219864 1.96295044098 -0.691369720377 -0.624247943412 -0.959065779998 -0.727889542515 -0.522715027067 -1.28864777448 -1.31600860269 -0.791399886726
2018-01-19 14:27:40.994542 2100000 2100000 -1.11524155558 3.36459240547 -2.2916036077 0.156890677287 -0.984725617955 -0.587290933199 0.77465194357 0.257305501948 -0.691792074405 -0.58462711831 -1.07863028229 -0.892961809274 -1.11452091938 -1.60482171604 -1.60266468708 -1.10587034402
2018-01-19 14:27:46.009186 2100000 2100000 -1.14180578023 3.91135282985 -2.31190104212 -0.0865859524587 -0.989224739017 -0.588020464651 1.22958793394 -0.0046726422827 -0.680951654352 -0.533540094541 -1.07315822269 -0.897148884449 -1.14116562912 -1.63828329975 -1.64852966058 -1.08759603173
2018-01-19 14:27:51.018848 1800000 1800000 -1.1321012028 3.87229851382 -2.30580051452 0.930605300702 -0.98730708086 -0.586644303049 1.2131938442 0.0845114068172 -0.682922639816 -0.538648796917 -1.07005738892 -0.894230619933 -1.13138775398 -0.722272445601 -0.625740751481 -0.815004206765
2018-01-19 14:27:56.337181 1800000 1800000 -0.905523992583 1.11896923393 -2.01180780476 0.941426484246 -0.958763476748 -0.574490972266 0.635302180752 1.15471999602 -0.718963516876 -0.616982233365 -1.04780434654 -0.846650220214 -0.904052157184 -0.446404502601 -0.327618423717 -0.700028325285
2018-01-19 14:28:01.502337 1800000 1800000 -0.249231383673 2.15390860864 -1.51359805068 0.167711860831 -0.800482922685 -0.408688369504 1.44271110061 1.34981010342 -0.689257950237 -0.516511086617 -0.892489054845 -0.633997553736 -0.217156429217 -0.829311488957 -0.845892624291 -0.51271662433
2018-01-19 14:28:06.529663 1700000 1700000 0.713002140667 2.19296292466 -0.677599823867 0.167711860831 0.544090469939 0.168304688108 0.557430254472 0.881593845647 -0.418810587608 -0.353600244151 0.237491252885 -0.19625787632 0.789964709298 0.0334650274696 -0.109759799582 0.498461988954
2018-01-19 14:28:11.544391 1900000 1900000 -0.0312896025194 1.90005555446 -1.25752652174 0.167711860831 1.00875379268 0.184884948385 0.0492134724325 0.134677434436 0.0119905210032 -0.122573369992 0.565814828981 -0.266042462575 -0.00448764511293 -0.359898703797 -0.59822176738 0.544909199353
2018-01-19 14:28:16.578510 1900000 1900000 -0.8014876329 1.19317243438 -1.89770534408 -0.0865859524587 -0.068085018749 -0.281020365377 -0.307357979482 -0.277798792651 0.358320824005 0.014226326992 -0.319746816544 -0.580707506051 -0.798939999523 -1.17400382573 -1.34582083546 -0.233271932256
2018-01-19 14:28:21.590991 1900000 1900000 -0.718011818609 2.03674566056 -1.91653413297 0.422009674122 -0.278289855226 -0.370553770869 -0.532776713451 -0.183040740482 -0.0584018170052 -0.271293372522 -0.413683839705 -0.45890168277 -0.715828060908 -1.09548317759 -1.25867738581 -0.208144752859
2018-01-19 14:28:26.600048 2100000 2100000 -1.03094331947 3.28648377342 -2.23285778636 0.416599082349 -0.90300387802 -0.558573922401 -0.00406731923289 0.301897526498 -0.487795078857 -0.475641467601 -0.970921909135 -0.725351921197 -1.02969785262 -1.52401959628 -1.58661194635 -0.83556280809
2018-01-19 14:28:31.636613 1900000 1900000 -1.17133072341 -0.767354230172 -2.3119386997 0.427420265894 -0.979562692147 -0.58914792235 -0.713111700627 -0.0269686545577 0.366767904566 -0.0709187126244 -1.0290169419 -0.703782139991 -1.17059703326 -1.53656769017 -1.59349169238 -0.862974276522
2018-01-19 14:28:36.638653 2000000 2000000 -1.16450462234 -1.67380490516 -2.11950847722 0.941426484246 -0.977940058322 -0.588932378967 -0.868855553187 -0.355834835613 -0.140056929095 -0.354167877749 -0.927145432322 -0.386579475196 -1.16375252067 -0.578539733742 -0.570702783278 -0.422106492568
2018-01-19 14:28:41.649559 1700000 1700000 -0.347922001555 1.10334750751 -1.34790470843 0.438241449438 -0.402200074623 -0.420294551697 -0.737702835242 0.023197373061 -0.451191063092 -0.503455513876 -0.717383147594 -0.225440521481 -0.344268805922 -0.551352196974 -0.582169026654 -0.275150564583
2018-01-19 14:28:46.665318 1900000 1900000 -0.952402036076 3.20837514136 -2.17674799546 0.681718079184 -0.933096359873 -0.575154182677 -0.676224998705 1.91278441336 -0.652090795768 -0.607332462208 -1.01415117999 -0.765953862291 -0.951719298449 -1.33104512202 -1.32747484606 -0.923127221138
2018-01-19 14:28:51.695408 1700000 1700000 -0.992289494137 1.92348814408 -2.16055523701 -0.0919965442308 -0.824822430067 -0.544646503769 -0.7786880596 0.430099597079 -0.354049636641 -0.455774291691 -0.871512826372 -0.611158961871 -0.99131969273 -1.4951209558 -1.58890519503 -0.712211200144
2018-01-19 14:28:56.707879 2100000 2100000 -0.685114945982 4.49716757025 -2.05850320121 0.427420265894 -0.778356097793 -0.362263640731 1.5451741615 -1.19137789562 -0.579305118268 -0.288890014043 -0.907993223716 -0.774835536905 -0.681605497949 -1.30861065112 -1.35270058149 -0.749521254399
2018-01-19 14:29:01.715533 2100000 2100000 -1.1414768115 1.99769134453 -2.30060376879 -0.0703541771423 -0.957878403753 -0.563050592676 1.25827759099 -0.227632765032 -0.289288685673 0.0255789989409 -1.03166177071 -0.857561991883 -1.14067673536 -1.6850534679 -1.72879336421 -1.00840734515
2018-01-19 14:29:06.725464 1800000 1800000 -1.17194753977 1.26737563483 -2.32707704597 0.898141750069 -0.98782337344 -0.59093859046 -0.135220037179 -0.28337279572 -0.113307840652 -0.243479326247 -1.07115180084 -0.898163932977 -1.17118370577 -0.735581030032 -0.614274508106 -0.906375768207
2018-01-19 14:29:11.738595 1800000 1800000 -1.1761295547 0.869021611354 -2.33139260439 0.941426484246 -0.995988171826 -0.592951434058 1.50828745958 -0.651256998257 -0.51313632054 -0.186148332905 -1.08081910613 -0.909786238615 -1.17539063654 -0.606107515778 -0.460626846873 -0.898000041741
2018-01-19 14:29:16.750682 2100000 2100000 -1.1761295547 0.162138491267 -2.33031559766 0.156890677287 -0.996128308383 -0.592838688288 1.65173574483 -0.667979007463 -0.538477562223 -0.147549248279 -1.08145751309 -0.910154193706 -1.17539063654 -1.80692207676 -1.80217732181 -1.25282627201
2018-01-19 14:29:21.766829 2100000 2100000 -1.17550862623 0.240247123321 -2.32944947337 0.167711860831 -0.99575215236 -0.592463974406 1.62304608778 -0.712571032013 -0.532846175182 -0.152657950656 -1.08036310117 -0.909684733762 -1.17477707488 -1.80102827509 -1.79300432711 -1.25967913911
2018-01-19 14:29:26.777182 1900000 1900000 -0.504182146533 0.419896977045 -1.29894985731 0.941426484246 -0.0975874519388 -0.295942599626 -0.364737293584 -0.829625096456 -0.161174630498 -0.308189556356 -0.365347313224 -0.439869522882 -0.500714808022 -0.176050116008 -0.164797767784 -0.157890394066
2018-01-19 14:29:31.789183 1900000 1900000 0.0345041427347 0.818251000519 -0.745383463879 0.941426484246 0.33757343761 -0.11853381467 -0.163909694229 -0.695849022807 -0.270986677791 -0.350194442566 -0.0269916278589 -0.768491483609 0.0370683241947 0.450974333347 0.511710591372 0.107087134113
2018-01-19 14:29:36.801797 1900000 1900000 -0.364370437868 1.39625487772 -1.45334592622 0.427420265894 -0.399249831304 -0.325787068123 0.372996744861 -0.433870878576 -0.442743982531 -0.402416733531 -0.605205925761 -0.607352529893 -0.361380087402 -0.965819540696 -1.0476985077 -0.389365016385
2018-01-19 14:29:41.816435 1200000 1200000 -1.17733851477 -1.7116875917 -2.31208933001 0.427420265894 -0.989593519432 -0.591949986337 -0.557367848066 -1.04143721307 2.1857059187 0.973527106671 -1.02053524952 -0.666986630875 -1.17660064859 -1.44625943867 -1.490295502 -0.843938534555
2018-01-19 14:29:46.836503 1900000 1900000 -0.995990392307 -0.583798944846 -1.8412189774 0.427420265894 -0.914804851296 -0.570677512403 -0.786885104471 0.474691621629 -0.575081577987 -0.569868644777 -0.804024091286 -0.13408615402 -0.994986395904 -1.09377207387 -1.17612043351 -0.475406570075
2018-01-19 14:29:51.870153 2100000 2100000 -0.947467505182 2.89594061315 -2.1624381159 -1.36889620245 -0.941578309415 -0.575154182677 -0.258175710253 1.71212030289 -0.672363789115 -0.609035363 -1.02482169621 -0.793360172529 -0.946341467126 -1.72326811748 -1.80217732181 -0.917797213387
2018-01-19 14:29:56.880473 1800000 1800000 -1.01449488316 2.77877766507 -2.20875693657 0.411188490577 -0.87350144483 -0.55791071199 -0.709013178191 0.240583492742 -0.43570474873 -0.493805742719 -0.925321412455 -0.688556412081 -1.01258657114 -1.37572394118 -1.41232504704 -0.820334214516
2018-01-19 14:30:01.892127 1800000 1800000 -1.00503703228 3.16932082534 -2.21214611857 0.92519470893 -0.853587302427 -0.52193154719 0.590218433959 -0.868643117938 -0.399100732966 -0.329759633058 -0.956329750197 -0.698706897354 -1.0040309304 -0.716758889194 -0.657846232933 -0.686322591069
2018-01-19 14:30:06.905752 2100000 2100000 -0.853300207287 4.38000462217 -2.14963453945 0.173122452604 -0.848424376619 -0.41863652567 1.63944017752 -1.04143721307 -0.570858037707 -0.225882684726 -0.961801809799 -0.852106106049 -0.852718312745 -1.39910902526 -1.44901702584 -0.792161316405
2018-01-19 14:30:12.029760 2100000 2100000 -1.14579452603 1.88052839645 -2.30357871743 0.167711860831 -0.970859474356 -0.583261929952 0.2172528923 0.407803584804 -0.407547813527 -0.394469863167 -1.05282040117 -0.872533957661 -1.14507677917 -1.57763417927 -1.58431869768 -1.05790027426
2018-01-19 14:30:17.185974 1800000 1800000 -0.68922705506 3.28648377342 -1.99900422832 0.941426484246 -0.917017533785 -0.508501536367 1.55337120637 1.46686416786 -0.708404666175 -0.532404827346 -0.999194217076 -0.765953862291 -0.686494435515 -0.228523963195 -0.0845340641556 -0.634545372919
2018-01-19 14:30:22.491708 1700000 1700000 1.2393521027 2.73972334904 -0.470483146054 0.941426484246 0.831739193539 0.307578874429 0.5492332096 0.909463860991 -0.439928289011 -0.373467420062 0.492854034293 -0.109978751496 1.29108080977 1.6384803099 1.76841086533 0.690342267981
2018-01-19 14:30:27.797743 1900000 1900000 0.453939268729 1.39234944611 -0.564627090514 0.183943636148 1.89382678837 0.461775294998 -0.106530380128 0.16254744978 0.000727746921889 -0.164010622605 1.39574386856 0.199611049343 0.538184424669 0.460100219814 0.160843544081 1.30862316707
2018-01-19 14:30:33.121656 1900000 1900000 0.733562686059 0.798723842505 0.192290222948 -0.0811753606866 2.60188518493 0.499909893633 -0.610648639732 0.00647536385478 0.042963149727 -0.226450318324 1.83350863668 0.335373789875 0.851076428868 0.598889743171 0.25028024241 1.56750925782
2018-01-19 14:30:38.197299 1700000 1700000 1.6012177016 1.04086060187 1.03581996531 0.411188490577 2.57238275174 0.478355555274 -0.643436819218 0.134677434436 -0.221712041185 -0.374035053659 1.79702823934 0.287158984827 1.77997456633 0.868863884494 0.57821480295 1.55989496103
2018-01-19 14:30:43.238790 1700000 1700000 1.05841930325 1.50560696259 0.00776809180553 0.427420265894 1.59142684818 0.287682562097 -0.286865367303 0.363211560254 -0.26394744399 -0.359844213723 0.976219299101 -0.0592263251287 1.13707927646 0.282905924242 0.0668203484015 0.911156874797
2018-01-19 14:30:48.230722 1900000 1900000 -0.315025128928 2.31012587274 -1.60021047958 -0.0811753606866 0.263817354636 -0.0936634242558 0.0983957416622 0.307471529567 -0.113307840652 -0.199771539244 -0.0452318265309 -0.45890168277 -0.302712836615 -0.85554841255 -1.06833774578 0.12079286833
2018-01-19 14:30:53.262322 1900000 1900000 -0.734460254922 1.18145613957 -1.82239018851 -0.0865859524587 0.0720515389024 -0.164958543444 0.131183921149 -0.394852857095 0.337203122602 0.133429382455 -0.203921554977 -0.503310055841 -0.735383811171 -1.12685341232 -1.35270058149 -0.0215944815831
2018-01-19 14:30:58.278338 1900000 1900000 -0.858645949089 1.21660502399 -1.96812501453 0.422009674122 -0.215597184698 -0.34899943251 -0.504087056401 -0.406000863232 0.347058049923 -0.0368606967778 -0.441044137713 -0.65810495626 -0.855162781528 -1.19795927771 -1.37104657089 -0.245454807114
2018-01-19 14:31:03.294441 2100000 2100000 -1.09056890111 1.54075584702 -2.24340190813 0.422009674122 -0.929482311808 -0.555921080757 0.791046033313 0.190417465123 -0.425849821409 -0.313298258733 -1.03348579058 -0.84956848473 -1.0895873378 -1.63372035652 -1.67834189336 -0.970335861216
2018-01-19 14:31:08.305890 1800000 1800000 -1.16783543069 -0.700961892926 -2.3027879083 0.405777898805 -0.962746305229 -0.58190234861 -0.139318559614 -0.489610909263 0.721545288128 0.292366789739 -1.06157569653 -0.868727525684 -1.16707699821 -1.71718419317 -1.76319209433 -1.02287450904
2018-01-19 14:31:13.322850 1200000 1200000 -1.17524133914 -1.43518303423 -2.30941564199 0.92519470893 -0.962377524814 -0.582864003706 -0.385229905763 -1.65446607057 4.12853444774 2.21664468507 -1.06276130945 -0.869742574211 -1.17450818331 -1.00631566189 -0.969728052747 -0.810435628693
2018-01-19 14:31:18.344087 1200000 1200000 -1.17561554107 -1.42346673942 -2.31272950884 0.173122452604 -0.967466694539 -0.584488869213 -0.368835816019 -1.64604932593 3.94551436891 2.12582330948 -1.06695655514 -0.875705984309 -1.17487485363 -1.71851505161 -1.76548534301 -1.02059022001
2018-01-19 14:31:23.364402 1200000 1200000 -1.17622824532 -1.34926353897 -2.31950787284 -1.36348561068 -0.973809717675 -0.586544821487 -0.352441726276 -1.63506853989 3.90327896611 2.12014697351 -1.07270221772 -0.883953253594 -1.17548841529 -1.95369675078 -2.03838193535 -1.05637741491
2018-01-19 14:31:28.384218 1200000 1200000 -1.17628170274 -1.35707440218 -2.31965850315 -1.379717386 -0.973957229841 -0.586544821487 -0.344244681405 -1.65212498928 3.98774977172 2.18258666922 -1.07261101673 -0.883826372528 -1.17553974914 -1.95122515653 -2.03608868667 -1.05409312587
2018-01-19 14:31:33.404196 1700000 1700000 -1.1722765085 -0.384621933109 -2.31969616073 -1.379717386 -0.976243668413 -0.588202847515 -0.737702835242 -1.58936171473 0.777859158535 0.13910571843 -1.0743438356 -0.894611263131 -1.17150148671 -1.95730908084 -2.03608868667 -1.07845887559
2018-01-19 14:31:38.418830 2100000 2100000 -1.16738309869 0.783102116094 -2.31965850315 -1.379717386 -0.979193911732 -0.589429786775 -0.959023046775 -1.40430481284 -0.0274291882815 -0.308189556356 -1.07644145845 -0.909380219204 -1.16661254914 -1.97137815581 -2.0429684327 -1.11196178145
2018-01-19 14:31:43.433910 1800000 1800000 -1.17083727032 -0.556460923627 -2.31400986648 -0.108228319547 -0.975801131916 -0.588219427775 -0.811476239086 -1.15626167628 0.513183967623 -0.0141553528801 -1.07233741375 -0.894865025263 -1.17005925013 -1.81338624634 -1.86180178736 -1.08074316462
2018-01-19 14:31:48.450700 1800000 1800000 -0.85658989455 3.48175535355 -2.12063820456 0.941426484246 -0.872026323171 -0.552439226099 -0.327850591661 -0.316816814132 -0.603238513191 -0.569301011179 -0.986426078006 -0.834215875754 -0.855162781528 -0.837106516981 -0.790854656089 -0.726678364039
2018-01-19 14:31:53.466624 1800000 1800000 -1.16742421978 -0.0682819732912 -2.31284248157 0.167711860831 -0.982660447632 -0.584289906089 1.07384408138 -0.461740893919 -0.169621711059 0.0766660227108 -1.07817427733 -0.898290814043 -1.16666143852 -1.75463835221 -1.79529757579 -1.06627600073
2018-01-19 14:31:58.482655 2100000 2100000 -1.15636264636 1.75555458516 -2.31288013915 0.167711860831 -0.98037400906 -0.588070205432 -0.0696436782057 -0.422722872438 -0.427257668169 -0.44044818456 -1.07735346839 -0.90377207609 -1.15558799493 -1.77669257784 -1.81135031651 -1.10130176595
2018-01-19 14:32:03.498006 2100000 2100000 -1.14953654529 2.54445176891 -2.3112608633 0.162301269059 -0.978972643483 -0.588136526473 -0.295062412175 -0.23878077117 -0.489202925617 -0.498346811499 -1.07644145845 -0.903137670761 -1.14874348234 -1.76737656874 -1.79988407314 -1.10206319563
2018-01-19 14:32:08.510034 1800000 1800000 -1.14443753004 2.9740492452 -2.30945329957 0.930605300702 -0.981996642885 -0.587887822569 0.237745504479 0.519283646179 -0.575081577987 -0.519349254604 -1.07899508627 -0.907172488657 -1.1436100979 -1.02076498213 -0.969728052747 -0.868304284273
2018-01-19 14:32:13.527006 1800000 1800000 -1.14402631913 3.05215787726 -2.3095662723 0.941426484246 -0.981922886802 -0.587838081788 0.241844026915 0.524857649248 -0.576489424747 -0.519916888202 -1.07890388527 -0.907045607591 -1.14312120414 -0.845662035544 -0.779388412713 -0.799014183513
2018-01-19 14:32:18.541705 2100000 2100000 -1.14924869766 2.89594061315 -2.31280482399 0.167711860831 -0.984283081458 -0.588816317145 0.254139594223 0.524857649248 -0.576489424747 -0.519349254604 -1.08109270911 -0.908086032332 -1.14849903546 -1.76490497449 -1.79529757579 -1.10739320338
2018-01-19 14:32:23.557069 2100000 2100000 -1.14933093984 2.89594061315 -2.31284248157 0.167711860831 -0.984283081458 -0.588799736884 0.254139594223 0.51370964311 -0.575081577987 -0.51821398741 -1.08063670415 -0.907413562682 -1.14849903546 -1.77498147413 -1.80447057049 -1.1172917892
2018-01-19 14:32:28.574394 1800000 1800000 -1.14398519804 3.01310356123 -2.30945329957 0.92519470893 -0.982070398968 -0.587987304131 0.2172528923 0.575023676866 -0.577897271507 -0.523322689787 -1.07926868925 -0.907172488657 -1.14312120414 -1.02722915172 -0.976607798773 -0.871350002988
2018-01-19 14:32:33.590634 1800000 1800000 -1.13662452279 0.494100177496 -2.27202166725 0.936015892474 -0.943053431075 -0.573661959252 0.00412972563872 -0.595516967569 -0.18370017866 -0.266752303742 -1.04780434654 -0.880781226946 -1.13578779779 -0.853837308837 -0.795441153439 -0.778455582189
2018-01-19 14:32:38.606629 2100000 2100000 -1.15364865437 2.15390860864 -2.31269185126 0.167711860831 -0.984946886204 -0.584837054678 1.22139088907 0.853723830303 -0.552556029824 -0.357573679333 -1.08154871408 -0.900701554295 -1.15289907927 -1.74836430526 -1.80905706784 -0.995463040612
2018-01-19 14:32:43.621870 2100000 2100000 -1.14924869766 1.75164915356 -2.30587582968 0.162301269059 -0.979857716479 -0.584190424528 0.832031257671 0.591745686073 -0.506097086739 -0.387658259998 -1.07735346839 -0.898417695109 -1.14849903546 -1.77650245521 -1.81135031651 -1.10054033627
2018-01-19 14:32:48.637913 1800000 1800000 -1.1388039406 1.68525681631 -2.2949927897 0.92519470893 -0.972703376431 -0.581073335596 0.709075584597 0.290749520361 -0.496242159418 -0.398443298349 -1.07188140878 -0.896895122318 -1.1379878197 -1.05916975435 -1.0110065289 -0.885055737204
2018-01-19 14:32:53.654687 1800000 1800000 -1.13045635917 1.21269959239 -2.27955318281 0.930605300702 -0.976759960994 -0.58491995598 0.405784924347 -0.478462903126 -0.584936505308 -0.51367291863 -1.04388270382 -0.834469637886 -1.12967662584 -0.832163328478 -0.781681661388 -0.73733837954
2018-01-19 14:32:58.915123 1700000 1700000 -1.17737552375 -1.71246867802 -2.31265419368 0.167711860831 -0.990766241151 -0.592497134926 -0.80737771665 -1.02471520386 1.80558729346 0.649975956128 -0.99007411774 -0.640341607032 -1.17663731562 -1.6713646382 -1.78841782976 -0.755612691829
2018-01-19 14:33:04.067820 1700000 1700000 -0.972140159653 0.0801244276109 -1.96285295364 0.167711860831 -0.960238598408 -0.575817393088 0.569725821779 1.478012174 -0.703617987191 -0.605629561416 -0.84050448863 -0.252085545324 -0.964430536119 -1.29187985927 -1.42608453909 -0.438857945499
2018-01-19 14:33:09.154231 1800000 1800000 -0.343809892476 2.66161471699 -1.68305715071 -0.0703541771423 -0.832198038364 -0.496397946365 0.864819437157 0.580597679935 -0.69587483001 -0.583491851116 -0.887929005177 -0.515998162433 -0.310046242963 -1.14643604369 -1.20593266628 -0.587336732841
2018-01-19 14:33:14.440248 2100000 2100000 -0.656330182433 4.61433051833 -2.04984195832 -0.0919965442308 -0.910379486317 -0.537351189247 1.02056328972 0.301897526498 -0.708686235527 -0.588600553492 -1.00010622701 -0.777373158223 -0.64738293499 -1.50272586119 -1.5453334702 -0.88734002624
2018-01-19 14:33:19.805590 2100000 2100000 0.922719703665 7.50434990432 -1.53619259735 0.167711860831 -0.839573646662 -0.505185484312 0.786947510877 0.145825440573 -0.751203207684 -0.644228646042 -0.907081213783 -0.650492092305 1.01485583732 -0.75877599147 -0.726643693186 -0.626169646453
2018-01-19 14:33:25.072764 1700000 1700000 2.63746918935 4.22378735806 -0.112736157104 0.92519470893 -0.0459581938567 -0.0273423831509 0.877115004465 -0.0213946514889 -0.675461051987 -0.561354140815 -0.27049828013 -0.432256658927 2.87998551859 1.5437992378 1.80739609281 0.181707242624
2018-01-19 14:33:30.097658 1700000 1700000 1.76158995565 3.32553808944 -0.331150108252 0.941426484246 0.131056405282 0.12519601139 0.975479542924 -0.227632765032 -0.614501287272 -0.483020704368 -0.00875142918692 -0.250816734664 1.90219800547 1.49797968283 1.70190665375 0.348460342254
2018-01-19 14:33:35.226592 1700000 1700000 0.955616576292 3.05215787726 -0.798104072777 -0.0541224018259 0.00567106422544 -0.0721090858967 0.655794792931 -0.32796482027 -0.573673731227 -0.479614902783 -0.271410290064 -0.36500969399 1.02463371245 -0.281378055651 -0.323031926367 -0.0543359577663
2018-01-19 14:33:40.579110 1700000 1700000 0.556741995689 2.58350608493 -0.95626589947 -0.0919965442308 -0.796057557707 -0.47268817417 0.893509094208 1.68425028755 -0.731070999014 -0.619820401352 -0.910729253517 -0.793867696792 0.569962518845 -0.664665287276 -0.561529788578 -0.797491324156
2018-01-19 14:33:46.362884 1700000 1700000 0.930943921821 2.85688629712 -0.756680737214 -0.0865859524587 -0.804170726834 -0.46605607006 1.03285885703 1.2996440758 -0.744445543235 -0.630037806106 -0.88610498531 -0.75072813438 1.04907840027 -0.373777656132 -0.261114212139 -0.629976794847
2018-01-19 14:33:51.382730 1700000 1700000 1.61766613791 3.01310356123 -0.304789803803 -0.0865859524587 -0.394086905496 -0.375527848951 -0.114727425 1.64523226606 -0.694748552601 -0.619252767754 -0.55686939928 -0.55025605023 1.95108738113 0.132138674897 0.181482782157 -0.0733716997332
2018-01-19 14:33:56.398344 1700000 1700000 1.2393521027 3.09121219328 -0.609816183856 -0.0919965442308 -0.397037148815 -0.368895744841 -0.0450525435909 1.7288423121 -0.676728114071 -0.605629561416 -0.653542452242 -0.712663814605 1.41330424891 -0.591848318173 -0.552356793878 -0.536320944369
2018-01-19 14:34:01.414400 2100000 2100000 -1.16281865762 0.787007547697 -2.31359563312 -0.108228319547 -0.980005228645 -0.583958300884 0.885312049336 -0.456166890851 -0.270986677791 -0.125411537979 -1.07817427733 -0.895118787395 -1.16204139252 -1.84665770742 -1.89849376617 -1.0921646098
2018-01-19 14:34:06.428051 2100000 2100000 -1.14752161185 3.01310356123 -2.31201401486 -0.119049503091 -0.986348251781 -0.588418390898 0.709075584597 -0.355834835613 -0.618724827552 -0.517646353812 -1.08391993991 -0.908809254407 -1.14678790732 -1.86547984826 -1.90996000954 -1.12947466406
2018-01-19 14:34:11.444194 1800000 1800000 -1.14073663187 2.58350608493 -2.30452015688 0.892731158297 -0.979857716479 -0.585914771596 0.512346507678 -0.19418874662 -0.569450190946 -0.490967574732 -1.07680626243 -0.90444454574 -1.13994339472 -1.15023849639 -1.0935634812 -0.975665868966
2018-01-19 14:34:16.458937 1800000 1800000 -1.14686367439 2.50539745288 -2.3088884359 0.898141750069 -0.979783960396 -0.587556217364 0.0410164275609 0.0510673884047 -0.525806941381 -0.498346811499 -1.07671506143 -0.904774436511 -1.14605456668 -1.01354032201 -0.937622571296 -0.945970111498
2018-01-19 14:34:21.473025 1700000 1700000 -0.965560785127 0.0879352908162 -1.95419171075 0.167711860831 -0.854324863257 -0.541164649111 -0.0491510660267 -0.138448715932 -0.472308764495 -0.469397498029 -0.965449849533 -0.843731955698 -0.964430536119 -1.56508608538 -1.60725118443 -0.931502947603
2018-01-19 14:34:26.814535 1700000 1700000 -0.71389970953 0.263679712937 -1.56631865957 0.167711860831 -0.686898554905 -0.486118184994 -0.22128900833 -0.14959672207 -0.475124458015 -0.484155971563 -0.839592478696 -0.847665268742 -0.710939123343 -1.30043537783 -1.34123433811 -0.75485126215
2018-01-19 14:34:31.828145 1700000 1700000 -0.838907825513 0.150422196459 -1.74330927516 -0.0919965442308 -0.765817563687 -0.51231499623 -0.180303783972 -0.244354774239 -0.479347998296 -0.484155971563 -0.887016995243 -0.867585596091 -0.823384687351 -1.37990663915 -1.38021956559 -0.943685822462
2018-01-19 14:34:36.843686 1900000 1900000 -0.352034110633 0.103557017227 -0.86212195501 -0.0865859524587 -0.340244964925 -0.365579692786 -0.225387530766 -0.305668807995 -0.424441974649 -0.452936123704 -0.569637538351 -0.811123521757 -0.327157524443 -0.848513875065 -0.894050846469 -0.429720789354
2018-01-19 14:34:41.857037 1700000 1700000 -1.03012089766 -0.411959954328 -1.98017543942 -0.113638911319 -0.880877053127 -0.552770831304 -0.168008216665 0.106807419092 -0.417402740848 -0.443853986145 -0.994634167408 -0.880781226946 -1.02920895886 -1.60101926334 -1.63477016853 -0.984041595432
2018-01-19 14:34:46.874330 2100000 2100000 -1.10372765016 0.138705901651 -2.20386145146 0.357082572856 -0.964885231635 -0.576812208705 0.713174107033 0.290749520361 -0.582120811788 -0.481885437173 -1.0647677313 -0.899813386834 -1.1030319161 -1.70900891987 -1.73337986156 -1.08911889109
2018-01-19 14:34:51.891423 2100000 2100000 -1.13777591333 5.27825389079 -2.31423581195 -0.124460094864 -0.993089557765 -0.592788947507 -0.0696436782057 2.04656048701 -0.735576108646 -0.645534203316 -1.08631852603 -0.906271633089 -1.13701003218 -1.8668107067 -1.90766676087 -1.1424189686
2018-01-19 14:34:56.904716 2100000 2100000 -1.11071823559 7.54340422034 -2.3088884359 0.892731158297 -0.955518209098 -0.584289906089 -1.40863095798 0.0176233699923 -0.496242159418 -0.553974904048 -1.05500922501 -0.879766178419 -1.1098764287 -1.10232759244 -1.05916475108 -0.898000041741
2018-01-19 14:35:01.907254 1800000 1800000 -1.14834403366 2.34918018877 -2.30911438137 0.887320566525 -0.971523279103 -0.586577982007 -0.631141251911 -0.595516967569 -0.386430112125 -0.462018261263 -1.06504133428 -0.885729588517 -1.14752124795 -1.01106872776 -0.939915819971 -0.928457228888
2018-01-19 14:35:06.924767 2100000 2100000 -1.13251241371 4.5752762023 -2.30915203895 0.887320566525 -0.980669033392 -0.58914792235 -0.520481146144 0.301897526498 -0.614501287272 -0.582356583921 -1.07689746342 -0.903492937745 -1.13212109462 -1.01772301998 -0.937622571296 -0.962721564429
2018-01-19 14:35:11.939175 2100000 2100000 -1.13415725734 5.35636252284 -2.31254122095 0.129837718427 -0.994225401443 -0.592629777008 0.754159331391 1.50588218935 -0.751625561712 -0.645250386517 -1.08666508981 -0.901082197493 -1.13309888213 -1.80958379365 -1.84574904664 -1.11881464856
2018-01-19 14:35:16.955152 2100000 2100000 -1.12757788282 5.31730820681 -2.30918969652 0.876499382981 -0.993355079663 -0.592281591542 0.639400703188 1.62851025686 -0.74782437546 -0.643888065883 -1.08502347193 -0.898163932977 -1.1267432633 -1.1563224207 -1.09814997855 -0.984803025111
2018-01-19 14:35:21.971085 2100000 2100000 -1.12716667191 5.31730820681 -2.30900140863 0.876499382981 -0.993871372244 -0.592082628419 1.00416919997 2.18033656066 -0.752892623796 -0.640936371177 -1.08474074885 -0.904241536034 -1.12625436954 -1.01049835986 -0.933036073945 -0.949015830213
2018-01-19 14:35:26.987526 1800000 1800000 -1.14616461585 2.54445176891 -2.3085495177 0.881909974753 -0.96798298712 -0.585069178322 -0.491791489093 0.00647536385478 -0.362496717202 -0.43817765017 -1.0634909174 -0.898163932977 -1.14532122605 -0.997570020697 -0.928449576595 -0.912467205636
2018-01-19 14:35:32.004760 1700000 1700000 -1.15924112272 0.798723842505 -2.30896375106 0.892731158297 -0.944749820983 -0.57949821087 -0.840165896137 -1.141211868 0.48361918566 -0.0368606967778 -1.04269709091 -0.880019940551 -1.15844802341 -0.993197200098 -0.933036073945 -0.879725729453
2018-01-19 14:35:37.023299 2100000 2100000 -1.14678143221 3.28648377342 -2.31257887852 0.129837718427 -0.978161326571 -0.587970723871 -0.34834320384 0.313045532636 -0.503281393219 -0.509699483448 -1.07498224256 -0.90209724602 -1.14605456668 -1.80368999197 -1.84574904664 -1.09521032852
2018-01-19 14:35:42.039417 2100000 2100000 -1.13127878099 6.25461179146 -2.31374626344 -0.124460094864 -0.992521635926 -0.592447394145 0.106592786534 1.98524645326 -0.736843170731 -0.644001592603 -1.08651916822 -0.906182816343 -1.13040996647 -1.86776131988 -1.91225325822 -1.13099752342
2018-01-19 14:35:47.055502 1900000 1900000 -1.14275156531 3.16932082534 -2.30926501168 0.876499382981 -0.959353525412 -0.583278510212 -0.737702835242 -0.656831001325 -0.290696532433 -0.419445741454 -1.05975167667 -0.894230619933 -1.14189896975 -1.11411519579 -1.05916475108 -0.945208681819
2018-01-19 14:35:52.072512 1800000 1800000 -1.13539089006 4.26284167409 -2.30937798441 0.887320566525 -0.97071196219 -0.586859846432 -0.848362941008 0.156973446711 -0.497650006178 -0.532972460943 -1.0675949621 -0.893215571406 -1.13432111652 -1.01239958621 -0.939915819971 -0.933787236639
2018-01-19 14:35:57.101566 2100000 2100000 -1.14546555731 1.3767277197 -2.29849494443 0.384135531717 -0.97616991233 -0.584671252076 0.401686401912 -0.344686829476 -0.486387232096 -0.433068947793 -1.07516464455 -0.900955316427 -1.14458788541 -1.7753617194 -1.81135031651 -1.0959717582
2018-01-19 14:36:02.115223 1800000 1800000 -1.1160639774 -1.65818317874 -1.43828289511 0.167711860831 -0.958099672002 -0.573164551444 0.717272629468 -1.24711792631 -0.492018619137 -0.39390222957 -1.05300280316 -0.900194030032 -1.11525426002 -1.4453088255 -1.41920479307 -1.07617458655
2018-01-19 14:36:07.141522 1700000 1700000 -1.11400792286 -1.56874879504 -1.65293108848 0.92519470893 -0.955886989512 -0.572832946238 0.64759774806 -1.20252590176 -0.486387232096 -0.400146199141 -1.04616272866 -0.897402646581 -1.11280979124 -0.659722098773 -0.531717555802 -0.876680010738
2018-01-19 14:36:12.162870 1800000 1800000 -1.10208280653 -1.71949845491 -0.88471650168 0.173122452604 -0.952936746193 -0.565869236922 0.983676587796 -1.4979480644 -0.51313632054 -0.366088183295 -1.04506831674 -0.90273165135 -1.10132078796 -1.12685341232 -1.06375124843 -0.980995876717
2018-01-19 14:36:17.174042 2100000 2100000 -1.11195186832 -1.74293104452 -0.888482259459 -0.0865859524587 -0.958689720665 -0.56752726295 1.09023817113 -1.5308346825 -0.5145441673 -0.342247572202 -1.04944596442 -0.903429497212 -1.11109866309 -1.17723591052 -1.09585672988 -1.07617458655
2018-01-19 14:36:22.189318 2101000 2101000 -1.11318550104 -1.75503788249 -0.801869830555 0.167711860831 -0.958468452417 -0.566698249936 1.11892782818 -1.55368809509 -0.507504933499 -0.325786197876 -1.04908116044 -0.903340680466 -1.11232089748 -1.07628079148 -0.974314550097 -1.07541315687
2018-01-19 14:36:27.205187 2100000 2100000 -1.12798909372 5.27825389079 -2.30934032683 0.898141750069 -0.985979471366 -0.590424602392 -0.241781620509 1.32194008808 -0.67926223824 -0.612441164585 -1.07826547832 -0.900828435361 -1.12723215705 -1.09434244178 -1.0476985077 -0.904091479171
2018-01-19 14:36:32.221525 1700000 1700000 -1.11565276649 5.74690568311 -2.3051603357 3.05155727538 -0.99064085581 -0.591701282433 0.0901986967906 2.08000450543 -0.734590615914 -0.642582508609 -1.08008949819 -0.901589721757 -1.11500981314 -0.86600515746 -0.786268158739 -0.857644268771
2018-01-19 14:36:37.238387 1800000 1800000 -1.15628040418 1.24394304521 -2.30926501168 0.92519470893 -0.986053227449 -0.58851787246 0.635302180752 0.0287713761297 -0.546924642784 -0.458044826081 -1.05136118528 -0.847919030873 -1.15551466087 -0.901558090156 -0.859652116342 -0.756374121507
2018-01-19 14:36:42.285333 1700000 1700000 -1.17747421437 -1.72027954123 -2.31367094828 -0.097407136003 -0.991083392308 -0.592596616488 -0.831968851265 -1.05258521921 1.91821503427 0.695386643924 -0.994634167408 -0.649223281646 -1.17673753884 -1.74703344682 -1.86638828471 -0.799775613192
2018-01-19 14:36:47.298260 1900000 1900000 -1.17615422736 -1.84603443883 -2.19482363279 0.162301269059 -0.984651861872 -0.590988331241 -1.04099349549 -0.996845188519 1.66480261744 0.491038548844 -0.926233422388 -0.469052168043 -1.17540530336 -1.59949828227 -1.72191361818 -0.688606880105
2018-01-19 14:36:52.312678 1900000 1900000 -0.854945050919 0.806534705711 -1.90900261741 -0.0811753606866 -0.907429242998 -0.568024670758 -0.709013178191 1.58949223538 -0.656173551373 -0.610170630195 -0.893401064779 -0.429719037609 -0.852718312745 -1.42762742047 -1.51552123742 -0.68556116139
2018-01-19 14:36:57.333021 2100000 2100000 -1.01860699224 3.59891830163 -2.23022175591 0.405777898805 -0.884564857276 -0.55973454062 -0.586057505117 0.418951590942 -0.456822450133 -0.497779177902 -0.95450573033 -0.739308838448 -1.01747550871 -1.63010802646 -1.70586087746 -0.864497135879
2018-01-19 14:37:02.344649 2100000 2100000 -0.817524858305 3.95040714587 -2.11348326478 0.422009674122 -0.809333652642 -0.408688369504 1.4877948474 -0.890939130212 -0.541293255743 -0.248020395027 -0.934441511791 -0.765953862291 -0.816051281003 -1.4814321261 -1.54991996755 -0.786831308654
2018-01-19 14:37:07.356569 1700000 1700000 -1.16425789579 0.814345568916 -2.31574211506 0.822393465259 -0.967319182373 -0.585599746651 -0.737702835242 0.413377587873 0.195010599825 -0.164578256203 -1.04433870879 -0.864667331575 -1.16350807379 -1.18065811795 -1.13942845471 -0.945208681819
2018-01-19 14:37:12.373027 1800000 1800000 -1.17582937074 0.447234998263 -2.33039091282 0.708771038045 -0.996342201024 -0.592959724188 1.72960767111 -0.472888900057 -0.603238513191 -0.24291169265 -1.08227832203 -0.91170214271 -1.17509485582 -0.999471247044 -0.896344095144 -1.02668165744
2018-01-19 14:37:17.390853 2100000 2100000 -1.17591161292 0.0684081328028 -2.32971307642 -0.205618971446 -0.996261069333 -0.592938169849 1.68452392432 -0.489610909263 -0.582120811788 -0.222476883142 -1.08191351805 -0.911296123299 -1.17516818988 -2.00617059796 -2.04526168137 -1.24368911586
2018-01-19 14:37:22.487996 1700000 1700000 -0.921561217988 0.185571080883 -1.8939395863 0.167711860831 -0.64190734429 -0.473351384581 -0.286865367303 -0.645682995188 -0.141464775855 -0.28491657886 -0.78487188268 -0.576901074073 -0.921163438663 -1.4732568528 -1.6003714384 -0.586575303162
2018-01-19 14:37:27.504660 1700000 1700000 -0.865636534523 0.173854786075 -1.79602988406 0.941426484246 -0.693536602372 -0.492750289104 -0.340146158969 -0.10500469752 -0.338563322279 -0.410931237493 -0.835032429028 -0.812265451351 -0.860051719093 -0.695655276738 -0.644086740882 -0.647489677456
2018-01-19 14:37:32.610366 1700000 1700000 -0.834384505527 0.501911040701 -1.82239018851 -0.0703541771423 -0.693536602372 -0.495071525543 -0.401623995506 -0.10500469752 -0.373759491283 -0.437610016573 -0.849624587966 -0.84956848473 -0.833162562483 -1.49340985209 -1.56826595695 -0.773887004117
2018-01-19 14:37:37.623218 1700000 1700000 -0.759132909392 0.111367880432 -1.58891320625 -0.0919965442308 -0.602079059484 -0.464232241429 -0.381131383327 -0.227632765032 -0.354049636641 -0.423986810234 -0.769367713809 -0.868346882486 -0.750050623867 -1.38446958238 -1.40544530102 -0.878202870096
2018-01-19 14:37:42.638670 1700000 1700000 -0.343809892476 0.138705901651 -0.877184986123 -0.0865859524587 -0.149216710021 -0.317496937985 -0.409821040377 -0.311242811063 -0.311814233836 -0.401849099934 -0.406387760236 -0.803764419934 -0.34182433714 -0.839578111232 -0.92615632792 -0.287333439442
2018-01-19 14:37:47.652046 2100000 2100000 -1.13045635917 4.53622188628 -2.30794699646 -0.102817727775 -0.979857716479 -0.588285748816 -0.229486053202 -0.300094804926 -0.614501287272 -0.572139179167 -1.07799187534 -0.909304090564 -1.12967662584 -1.83563059461 -1.87326803074 -1.1317589531
2018-01-19 14:37:52.665037 2100000 2100000 -1.1432450184 4.18473304203 -2.31378392101 -0.113638911319 -0.982807959798 -0.589197663131 -0.180303783972 -0.428296875507 -0.591975739109 -0.555677804841 -1.07999829719 -0.910331827198 -1.14238786351 -1.84779844323 -1.88932077147 -1.12719037502
2018-01-19 14:37:57.965858 1800000 1800000 -1.08645679203 -0.177634058166 -2.14360932701 0.860267607664 -0.948290112966 -0.571009117608 0.475459805756 0.340915547979 -0.537069715463 -0.46712696364 -1.05044917534 -0.89308869034 -1.08543174087 -0.915627165126 -0.850479121642 -0.843177104876
2018-01-19 14:38:03.149418 1900000 1900000 -0.1299802204 3.4036467215 -1.63033654181 0.941426484246 -0.766555124517 -0.455776308688 0.885312049336 0.106807419092 -0.685456763984 -0.571003911972 -0.856008657501 -0.650492092305 -0.0949329900766 -0.00379900893843 0.131031311304 -0.450279390679
2018-01-19 14:38:08.363794 1700000 1700000 1.77803839197 4.49716757025 -0.685131339424 0.194764819692 -0.380810810561 -0.136772100974 1.17630714228 -0.222058761964 -0.691510505053 -0.553974904048 -0.545013270144 -0.5045788665 1.90219800547 -0.0623567804367 0.00490263417357 -0.266013408439
2018-01-19 14:38:13.402212 1700000 1700000 1.25580053901 3.13026650931 -0.609816183856 0.416599082349 -0.0238313689643 0.0406366839816 1.00826772241 -0.333538823338 -0.606054206711 -0.468829864432 -0.154673018563 -0.332020616852 1.36441487326 0.163889154898 0.179189533482 0.0614013533927
2018-01-19 14:38:18.657575 1700000 1700000 0.967952903527 3.05215787726 -0.783041041663 -0.0703541771423 0.0277978891178 -0.0638189557586 0.635302180752 -0.32796482027 -0.568042344186 -0.476776734796 -0.229457833118 -0.363740883331 1.02463371245 -0.280997810382 -0.325325175042 -0.0451988016221
2018-01-19 14:38:23.895126 1700000 1700000 0.688329486197 2.42728882083 -0.801869830555 -0.0865859524587 -0.727464400541 -0.445330744714 0.750060808955 1.50030818628 -0.719104301552 -0.613008798183 -0.86330473697 -0.764685051631 0.738630864859 -0.45800198332 -0.348257661793 -0.677946864603
2018-01-19 14:38:29.113594 1700000 1700000 0.98440133984 3.09121219328 -0.786806799441 -0.0865859524587 -0.855062424086 -0.482636330336 1.24598202369 1.53375220469 -0.755567532641 -0.637019699354 -0.970921909135 -0.869235049948 1.0881899008 -0.488991972781 -0.329911672392 -0.862974276522
2018-01-19 14:38:34.129153 1700000 1700000 1.65878722869 4.65338483436 -0.786806799441 -0.0865859524587 -0.848424376619 -0.522594757602 0.504149462807 2.13017053305 -0.761339704357 -0.65802214246 -0.950857690595 -0.795390269583 1.77997456633 -0.429673710744 -0.254234466114 -0.876680010738
2018-01-19 14:38:39.144137 2100000 2100000 0.112634215224 4.4190589382 -1.60397623736 -0.0919965442308 -0.856537545746 -0.534698347603 0.241844026915 1.48358617707 -0.735153754618 -0.640539027659 -0.963625829666 -0.848807198335 0.144624950638 -1.22343571076 -1.18529342821 -0.964244423786
2018-01-19 14:38:44.157306 2100000 2100000 -1.13621331188 5.27825389079 -2.31333203008 -0.135281278408 -0.99406313806 -0.592430813885 0.844326824978 1.43899415252 -0.748246729488 -0.639857867342 -1.0840111409 -0.902224127086 -1.13529890404 -1.83277875509 -1.87326803074 -1.12033750792
2018-01-19 14:38:49.173099 1800000 1800000 -1.15451219728 1.42359289893 -2.30870014801 0.881909974753 -0.959132257163 -0.583427732555 -0.795082149343 -0.628960985982 -0.0443233494035 -0.297972151602 -1.06075488759 -0.900067148966 -1.15370575397 -1.06525367866 -1.01329977757 -0.901807190135
2018-01-19 14:38:54.191251 1700000 1700000 -1.1588710329 0.771385821286 -2.30824825708 0.887320566525 -0.948806405547 -0.580874372472 -0.901643732674 -1.10832524989 0.365360057806 -0.104976728471 -1.05309400415 -0.901970364954 -1.15810579778 -0.943765315067 -0.873411608393 -0.879725729453
2018-01-19 14:38:59.208167 2100000 2100000 -1.15331968565 2.23201724069 -2.31265419368 0.129837718427 -0.96945810878 -0.585765549254 -0.569663415374 -0.19418874662 -0.269578831031 -0.393334595972 -1.0633997164 -0.883191967199 -1.15241018552 -1.77460122886 -1.82281655989 -1.05485455555
2018-01-19 14:39:04.221315 2100000 2100000 -1.13086757008 6.21555747543 -2.31355797555 -0.124460094864 -0.991990592128 -0.59214894946 0.184464712814 1.89606240416 -0.731774922394 -0.639063180305 -1.08410234189 -0.905218520242 -1.13016551959 -1.83981329257 -1.88014777676 -1.12566751567
2018-01-19 14:39:09.234813 1900000 1900000 -1.14748049075 3.28648377342 -2.31314374219 0.844035832348 -0.967614206705 -0.585649487432 -0.72950579037 -0.645682995188 -0.338563322279 -0.443853986145 -1.0633997164 -0.898544576175 -1.14678790732 -1.13559905351 -1.07292424313 -0.985564454789
2018-01-19 14:39:14.236540 1800000 1800000 -1.13539089006 4.26284167409 -2.30941564199 0.898141750069 -0.969384352697 -0.586080574199 -0.688520566012 0.134677434436 -0.483571538576 -0.51821398741 -1.06558854024 -0.888394090901 -1.13432111652 -0.91980986309 -0.857358867667 -0.837085667447
2018-01-19 14:39:19.251514 2100000 2100000 -1.15734955254 1.43921462535 -2.31186338455 0.394956715261 -0.979046399566 -0.584604931035 0.684484449982 -0.300094804926 -0.380798725084 -0.292295815627 -1.07388783064 -0.89867145724 -1.15663911651 -1.76376423868 -1.79988407314 -1.08759603173
2018-01-19 14:39:21.786526 2100000 2100000 -1.15459443946 1.91177184927 -2.31205167244 0.119016534882 -0.975432351501 -0.585666067692 0.0983957416622 1.33866209728 -0.358273176921 -0.374602687256 -1.06367331938 -0.866189904366 -1.15380353272 -1.79475422814 -1.84804229531 -1.05180883683
