number of threads 160
reads 4359256
long reads 0
extra reads 0
read_length 101
kmer 60
kmers 21358992 21002905
merge bubble 63
contigs: 46968 n50: 266 max: 8310 mean: 118 total length: 5562158 n80: 60
aligned 179626 reads
confirmed bases: 2090884 correct reads: 85087 bases: 3807
kmer 20
kmers 49539226 49523113
merge bubble 12737
contigs: 285138 n50: 349 max: 6768 mean: 121 total length: 34637364 n80: 223
aligned 871355 reads
confirmed bases: 8060297 correct reads: 101680 bases: 1165
distance mean -nan sd -nan
invalid insert distance
kmer 40
kmers 36545578 36836505
merge bubble 92
contigs: 188499 n50: 390 max: 9579 mean: 174 total length: 32803317 n80: 246
aligned 873099 reads
confirmed bases: 8439069 correct reads: 113855 bases: 232
distance mean -nan sd -nan
invalid insert distance
kmer 60
kmers 33123686 33112110
merge bubble 14
contigs: 100624 n50: 444 max: 20308 mean: 282 total length: 28442811 n80: 287
aligned 842208 reads
confirmed bases: 8292141 correct reads: 115274 bases: 51
distance mean -nan sd -nan
invalid insert distance
kmer 80
kmers 24350779 24211872
merge bubble 2
contigs: 53398 n50: 503 max: 20328 mean: 451 total length: 24117903 n80: 339
aligned 802301 reads
confirmed bases: 8036586 correct reads: 114944 bases: 26
distance mean -nan sd -nan
invalid insert distance
kmer 100
kmers 19083788 18977129
merge bubble 1
contigs: 40923 n50: 539 max: 20328 mean: 536 total length: 21945293 n80: 370
reads 4359256
aligned 763223 reads
distance mean -nan sd -nan
invalid insert distance
