503.0Gb memory in total.
Using: 453.403Gb.
MEGAHIT v1.1.1
--- [Wed Jan 10 02:29:29 2018] Start assembly. Number of CPU threads 160 ---
--- [Wed Jan 10 02:29:29 2018] Available memory: 540930650112, used: 486837585100
--- [Wed Jan 10 02:29:29 2018] Converting reads to binaries ---
    [read_lib_functions-inl.h  : 209]     Lib 0 (/scratch/shofmeyr/hipmer_metagenome_data/SYNTHbbqc_25perc.fq): interleaved, 36327152 reads, 101 max length
    [utils.h                   : 126]     Real: 58.3058	user: 33.5800	sys: 4.2600	maxrss: 157660
--- [Wed Jan 10 02:30:27 2018] k-max reset to: 119 ---
--- [Wed Jan 10 02:30:27 2018] k list: 21,29,39,59,79,99,119 ---
--- [Wed Jan 10 02:30:27 2018] Extracting solid (k+1)-mers for k = 21 ---
--- [Wed Jan 10 02:31:12 2018] Building graph for k = 21 ---
--- [Wed Jan 10 02:31:45 2018] Assembling contigs from SdBG for k = 21 ---
--- [Wed Jan 10 02:32:48 2018] Local assembling k = 21 ---
--- [Wed Jan 10 02:33:31 2018] Extracting iterative edges from k = 21 to 29 ---
--- [Wed Jan 10 02:37:37 2018] Building graph for k = 29 ---
--- [Wed Jan 10 02:37:55 2018] Assembling contigs from SdBG for k = 29 ---
--- [Wed Jan 10 02:38:48 2018] Local assembling k = 29 ---
--- [Wed Jan 10 02:39:35 2018] Extracting iterative edges from k = 29 to 39 ---
--- [Wed Jan 10 02:42:19 2018] Building graph for k = 39 ---
--- [Wed Jan 10 02:42:35 2018] Assembling contigs from SdBG for k = 39 ---
--- [Wed Jan 10 02:43:27 2018] Local assembling k = 39 ---
--- [Wed Jan 10 02:44:19 2018] Extracting iterative edges from k = 39 to 59 ---
--- [Wed Jan 10 02:46:45 2018] Building graph for k = 59 ---
--- [Wed Jan 10 02:47:04 2018] Assembling contigs from SdBG for k = 59 ---
--- [Wed Jan 10 02:47:47 2018] Local assembling k = 59 ---
--- [Wed Jan 10 02:48:35 2018] Extracting iterative edges from k = 59 to 79 ---
--- [Wed Jan 10 02:49:53 2018] Building graph for k = 79 ---
--- [Wed Jan 10 02:50:09 2018] Assembling contigs from SdBG for k = 79 ---
--- [Wed Jan 10 02:50:59 2018] Local assembling k = 79 ---
--- [Wed Jan 10 02:51:43 2018] Extracting iterative edges from k = 79 to 99 ---
--- [Wed Jan 10 02:51:52 2018] Building graph for k = 99 ---
--- [Wed Jan 10 02:52:05 2018] Assembling contigs from SdBG for k = 99 ---
--- [Wed Jan 10 02:52:38 2018] Local assembling k = 99 ---
--- [Wed Jan 10 02:53:17 2018] Extracting iterative edges from k = 99 to 119 ---
--- [Wed Jan 10 02:53:22 2018] Building graph for k = 119 ---
--- [Wed Jan 10 02:53:33 2018] Assembling contigs from SdBG for k = 119 ---
--- [Wed Jan 10 02:54:07 2018] Merging to output final contigs ---
--- [STAT] 57845 contigs, total 191911499 bp, min 200 bp, max 708009 bp, avg 3318 bp, N50 15315 bp
--- [Wed Jan 10 02:54:08 2018] ALL DONE. Time elapsed: 1478.940968 seconds ---
