503.0Gb memory in total.
Using: 453.403Gb.
MEGAHIT v1.1.1
--- [Wed Jan 10 17:35:14 2018] Start assembly. Number of CPU threads 160 ---
--- [Wed Jan 10 17:35:14 2018] Available memory: 540930650112, used: 486837585100
--- [Wed Jan 10 17:35:14 2018] Converting reads to binaries ---
    [read_lib_functions-inl.h  : 209]     Lib 0 (/scratch/shofmeyr/hipmer_metagenome_data/SYNTHbbqc_25perc.fq): interleaved, 36327152 reads, 101 max length
    [utils.h                   : 126]     Real: 59.7712	user: 31.8080	sys: 4.2080	maxrss: 156548
--- [Wed Jan 10 17:36:13 2018] k-max reset to: 119 ---
--- [Wed Jan 10 17:36:13 2018] k list: 21,29,39,59,79,99,119 ---
--- [Wed Jan 10 17:36:13 2018] Extracting solid (k+1)-mers for k = 21 ---
--- [Wed Jan 10 17:36:54 2018] Building graph for k = 21 ---
--- [Wed Jan 10 17:37:21 2018] Assembling contigs from SdBG for k = 21 ---
--- [Wed Jan 10 17:38:14 2018] Local assembling k = 21 ---
--- [Wed Jan 10 17:38:46 2018] Extracting iterative edges from k = 21 to 29 ---
--- [Wed Jan 10 17:39:19 2018] Building graph for k = 29 ---
--- [Wed Jan 10 17:39:39 2018] Assembling contigs from SdBG for k = 29 ---
--- [Wed Jan 10 17:40:20 2018] Local assembling k = 29 ---
--- [Wed Jan 10 17:40:49 2018] Extracting iterative edges from k = 29 to 39 ---
--- [Wed Jan 10 17:41:21 2018] Building graph for k = 39 ---
--- [Wed Jan 10 17:41:38 2018] Assembling contigs from SdBG for k = 39 ---
--- [Wed Jan 10 17:42:18 2018] Local assembling k = 39 ---
--- [Wed Jan 10 17:42:52 2018] Extracting iterative edges from k = 39 to 59 ---
--- [Wed Jan 10 17:43:20 2018] Building graph for k = 59 ---
--- [Wed Jan 10 17:43:39 2018] Assembling contigs from SdBG for k = 59 ---
--- [Wed Jan 10 17:44:18 2018] Local assembling k = 59 ---
--- [Wed Jan 10 17:44:48 2018] Extracting iterative edges from k = 59 to 79 ---
--- [Wed Jan 10 17:45:05 2018] Building graph for k = 79 ---
--- [Wed Jan 10 17:45:21 2018] Assembling contigs from SdBG for k = 79 ---
--- [Wed Jan 10 17:45:53 2018] Local assembling k = 79 ---
--- [Wed Jan 10 17:46:27 2018] Extracting iterative edges from k = 79 to 99 ---
--- [Wed Jan 10 17:46:35 2018] Building graph for k = 99 ---
--- [Wed Jan 10 17:46:48 2018] Assembling contigs from SdBG for k = 99 ---
--- [Wed Jan 10 17:47:20 2018] Local assembling k = 99 ---
--- [Wed Jan 10 17:47:43 2018] Extracting iterative edges from k = 99 to 119 ---
--- [Wed Jan 10 17:47:47 2018] Building graph for k = 119 ---
--- [Wed Jan 10 17:47:59 2018] Assembling contigs from SdBG for k = 119 ---
--- [Wed Jan 10 17:48:27 2018] Merging to output final contigs ---
--- [STAT] 57803 contigs, total 191903732 bp, min 200 bp, max 708009 bp, avg 3320 bp, N50 15302 bp
--- [Wed Jan 10 17:48:28 2018] ALL DONE. Time elapsed: 794.971828 seconds ---
