503.0Gb memory in total.
Using: 453.403Gb.
MEGAHIT v1.1.1
--- [Wed Jan 10 03:14:57 2018] Start assembly. Number of CPU threads 160 ---
--- [Wed Jan 10 03:14:57 2018] Available memory: 540930650112, used: 486837585100
--- [Wed Jan 10 03:14:57 2018] Converting reads to binaries ---
    [read_lib_functions-inl.h  : 209]     Lib 0 (/scratch/shofmeyr/hipmer_metagenome_data/SYNTHbbqc_25perc.fq): interleaved, 36327152 reads, 101 max length
    [utils.h                   : 126]     Real: 57.5489	user: 33.2200	sys: 4.1240	maxrss: 158400
--- [Wed Jan 10 03:15:55 2018] k-max reset to: 119 ---
--- [Wed Jan 10 03:15:55 2018] k list: 21,29,39,59,79,99,119 ---
--- [Wed Jan 10 03:15:55 2018] Extracting solid (k+1)-mers for k = 21 ---
--- [Wed Jan 10 03:16:40 2018] Building graph for k = 21 ---
--- [Wed Jan 10 03:17:10 2018] Assembling contigs from SdBG for k = 21 ---
--- [Wed Jan 10 03:18:30 2018] Local assembling k = 21 ---
--- [Wed Jan 10 03:19:16 2018] Extracting iterative edges from k = 21 to 29 ---
--- [Wed Jan 10 03:23:32 2018] Building graph for k = 29 ---
--- [Wed Jan 10 03:23:49 2018] Assembling contigs from SdBG for k = 29 ---
--- [Wed Jan 10 03:24:35 2018] Local assembling k = 29 ---
--- [Wed Jan 10 03:25:21 2018] Extracting iterative edges from k = 29 to 39 ---
--- [Wed Jan 10 03:28:33 2018] Building graph for k = 39 ---
--- [Wed Jan 10 03:28:50 2018] Assembling contigs from SdBG for k = 39 ---
--- [Wed Jan 10 03:29:45 2018] Local assembling k = 39 ---
--- [Wed Jan 10 03:30:34 2018] Extracting iterative edges from k = 39 to 59 ---
--- [Wed Jan 10 03:33:06 2018] Building graph for k = 59 ---
--- [Wed Jan 10 03:33:25 2018] Assembling contigs from SdBG for k = 59 ---
--- [Wed Jan 10 03:34:05 2018] Local assembling k = 59 ---
--- [Wed Jan 10 03:34:51 2018] Extracting iterative edges from k = 59 to 79 ---
--- [Wed Jan 10 03:36:20 2018] Building graph for k = 79 ---
--- [Wed Jan 10 03:36:36 2018] Assembling contigs from SdBG for k = 79 ---
--- [Wed Jan 10 03:37:20 2018] Local assembling k = 79 ---
--- [Wed Jan 10 03:38:07 2018] Extracting iterative edges from k = 79 to 99 ---
--- [Wed Jan 10 03:38:23 2018] Building graph for k = 99 ---
--- [Wed Jan 10 03:38:35 2018] Assembling contigs from SdBG for k = 99 ---
--- [Wed Jan 10 03:39:11 2018] Local assembling k = 99 ---
--- [Wed Jan 10 03:39:53 2018] Extracting iterative edges from k = 99 to 119 ---
--- [Wed Jan 10 03:39:58 2018] Building graph for k = 119 ---
--- [Wed Jan 10 03:40:09 2018] Assembling contigs from SdBG for k = 119 ---
--- [Wed Jan 10 03:40:37 2018] Merging to output final contigs ---
--- [STAT] 57799 contigs, total 191899366 bp, min 200 bp, max 708009 bp, avg 3320 bp, N50 15348 bp
--- [Wed Jan 10 03:40:38 2018] ALL DONE. Time elapsed: 1540.231723 seconds ---
