503.0Gb memory in total.
Using: 453.403Gb.
MEGAHIT v1.1.1
--- [Sun Jan  7 12:00:37 2018] Start assembly. Number of CPU threads 160 ---
--- [Sun Jan  7 12:00:37 2018] Available memory: 540930650112, used: 486837585100
--- [Sun Jan  7 12:00:37 2018] Converting reads to binaries ---
    [read_lib_functions-inl.h  : 209]     Lib 0 (/scratch/shofmeyr/hipmer_metagenome_data/SYNTHbbqc_25perc.fq): interleaved, 36327152 reads, 101 max length
    [utils.h                   : 126]     Real: 56.5177	user: 28.5240	sys: 3.3400	maxrss: 156320
--- [Sun Jan  7 12:01:33 2018] k-max reset to: 119 ---
--- [Sun Jan  7 12:01:33 2018] k list: 21,29,39,59,79,99,119 ---
--- [Sun Jan  7 12:01:33 2018] Extracting solid (k+1)-mers for k = 21 ---
--- [Sun Jan  7 12:02:08 2018] Building graph for k = 21 ---
--- [Sun Jan  7 12:02:43 2018] Assembling contigs from SdBG for k = 21 ---
--- [Sun Jan  7 12:03:35 2018] Local assembling k = 21 ---
--- [Sun Jan  7 12:04:14 2018] Extracting iterative edges from k = 21 to 29 ---
--- [Sun Jan  7 12:06:45 2018] Building graph for k = 29 ---
--- [Sun Jan  7 12:07:05 2018] Assembling contigs from SdBG for k = 29 ---
--- [Sun Jan  7 12:07:37 2018] Local assembling k = 29 ---
--- [Sun Jan  7 12:08:16 2018] Extracting iterative edges from k = 29 to 39 ---
--- [Sun Jan  7 12:10:31 2018] Building graph for k = 39 ---
--- [Sun Jan  7 12:10:50 2018] Assembling contigs from SdBG for k = 39 ---
--- [Sun Jan  7 12:11:22 2018] Local assembling k = 39 ---
--- [Sun Jan  7 12:12:06 2018] Extracting iterative edges from k = 39 to 59 ---
--- [Sun Jan  7 12:13:35 2018] Building graph for k = 59 ---
--- [Sun Jan  7 12:13:56 2018] Assembling contigs from SdBG for k = 59 ---
--- [Sun Jan  7 12:14:30 2018] Local assembling k = 59 ---
--- [Sun Jan  7 12:15:04 2018] Extracting iterative edges from k = 59 to 79 ---
--- [Sun Jan  7 12:15:19 2018] Building graph for k = 79 ---
--- [Sun Jan  7 12:15:38 2018] Assembling contigs from SdBG for k = 79 ---
--- [Sun Jan  7 12:16:08 2018] Local assembling k = 79 ---
--- [Sun Jan  7 12:16:44 2018] Extracting iterative edges from k = 79 to 99 ---
--- [Sun Jan  7 12:16:52 2018] Building graph for k = 99 ---
--- [Sun Jan  7 12:17:03 2018] Assembling contigs from SdBG for k = 99 ---
--- [Sun Jan  7 12:17:28 2018] Local assembling k = 99 ---
--- [Sun Jan  7 12:18:01 2018] Extracting iterative edges from k = 99 to 119 ---
--- [Sun Jan  7 12:18:05 2018] Building graph for k = 119 ---
--- [Sun Jan  7 12:18:16 2018] Assembling contigs from SdBG for k = 119 ---
--- [Sun Jan  7 12:18:40 2018] Merging to output final contigs ---
--- [STAT] 57751 contigs, total 191890851 bp, min 200 bp, max 708009 bp, avg 3323 bp, N50 15340 bp
--- [Sun Jan  7 12:18:41 2018] ALL DONE. Time elapsed: 1084.438277 seconds ---
